[2026-04-06T15:41:04.544+0000] {taskinstance.py:1979} INFO - Dependencies all met for dep_context=non-requeueable deps ti=<TaskInstance: bronze_to_silver_and_gold.run_patients_silver manual__2026-04-06T15:41:04.231178+00:00 [queued]>
[2026-04-06T15:41:04.550+0000] {taskinstance.py:1979} INFO - Dependencies all met for dep_context=requeueable deps ti=<TaskInstance: bronze_to_silver_and_gold.run_patients_silver manual__2026-04-06T15:41:04.231178+00:00 [queued]>
[2026-04-06T15:41:04.550+0000] {taskinstance.py:2193} INFO - Starting attempt 1 of 1
[2026-04-06T15:41:04.560+0000] {taskinstance.py:2217} INFO - Executing <Task(BashOperator): run_patients_silver> on 2026-04-06 15:41:04.231178+00:00
[2026-04-06T15:41:04.565+0000] {standard_task_runner.py:60} INFO - Started process 187 to run task
[2026-04-06T15:41:04.569+0000] {standard_task_runner.py:87} INFO - Running: ['airflow', 'tasks', 'run', 'bronze_to_silver_and_gold', 'run_patients_silver', 'manual__2026-04-06T15:41:04.231178+00:00', '--job-id', '50', '--raw', '--subdir', 'DAGS_FOLDER/bronze_to_silver_dag.py', '--cfg-path', '/tmp/tmpa7uu19eb']
[2026-04-06T15:41:04.572+0000] {standard_task_runner.py:88} INFO - Job 50: Subtask run_patients_silver
[2026-04-06T15:41:04.624+0000] {task_command.py:423} INFO - Running <TaskInstance: bronze_to_silver_and_gold.run_patients_silver manual__2026-04-06T15:41:04.231178+00:00 [running]> on host 7c36fe5f1e47
[2026-04-06T15:41:04.712+0000] {taskinstance.py:2513} INFO - Exporting env vars: AIRFLOW_CTX_DAG_OWNER='airflow' AIRFLOW_CTX_DAG_ID='bronze_to_silver_and_gold' AIRFLOW_CTX_TASK_ID='run_patients_silver' AIRFLOW_CTX_EXECUTION_DATE='2026-04-06T15:41:04.231178+00:00' AIRFLOW_CTX_TRY_NUMBER='1' AIRFLOW_CTX_DAG_RUN_ID='manual__2026-04-06T15:41:04.231178+00:00'
[2026-04-06T15:41:04.713+0000] {subprocess.py:63} INFO - Tmp dir root location: /tmp
[2026-04-06T15:41:04.714+0000] {subprocess.py:75} INFO - Running command: ['/usr/bin/bash', '-c', '\n/opt/spark/bin/spark-submit \\\n  --master spark://spark-master:7077 \\\n  --packages org.apache.hadoop:hadoop-aws:3.3.4,com.amazonaws:aws-java-sdk-bundle:1.12.262 \\\n  --conf spark.hadoop.fs.s3a.endpoint=http://minio:9000 \\\n  --conf spark.hadoop.fs.s3a.access.key=minioadmin \\\n  --conf spark.hadoop.fs.s3a.secret.key=minioadmin \\\n  --conf spark.hadoop.fs.s3a.path.style.access=true \\\n  --conf spark.hadoop.fs.s3a.impl=org.apache.hadoop.fs.s3a.S3AFileSystem \\\n  /opt/airflow/spark/jobs/bronze_to_silver_patients.py']
[2026-04-06T15:41:04.730+0000] {subprocess.py:86} INFO - Output:
[2026-04-06T15:41:05.978+0000] {subprocess.py:93} INFO - :: loading settings :: url = jar:file:/opt/spark-3.5.6-bin-hadoop3/jars/ivy-2.5.1.jar!/org/apache/ivy/core/settings/ivysettings.xml
[2026-04-06T15:41:06.037+0000] {subprocess.py:93} INFO - Ivy Default Cache set to: /home/airflow/.ivy2/cache
[2026-04-06T15:41:06.038+0000] {subprocess.py:93} INFO - The jars for the packages stored in: /home/airflow/.ivy2/jars
[2026-04-06T15:41:06.042+0000] {subprocess.py:93} INFO - org.apache.hadoop#hadoop-aws added as a dependency
[2026-04-06T15:41:06.042+0000] {subprocess.py:93} INFO - com.amazonaws#aws-java-sdk-bundle added as a dependency
[2026-04-06T15:41:06.043+0000] {subprocess.py:93} INFO - :: resolving dependencies :: org.apache.spark#spark-submit-parent-f854393c-dd70-42fd-93fd-b404bf16b63a;1.0
[2026-04-06T15:41:06.043+0000] {subprocess.py:93} INFO - 	confs: [default]
[2026-04-06T15:41:06.175+0000] {subprocess.py:93} INFO - 	found org.apache.hadoop#hadoop-aws;3.3.4 in spark-list
[2026-04-06T15:41:06.203+0000] {subprocess.py:93} INFO - 	found com.amazonaws#aws-java-sdk-bundle;1.12.262 in central
[2026-04-06T15:41:06.238+0000] {subprocess.py:93} INFO - 	found org.wildfly.openssl#wildfly-openssl;1.0.7.Final in central
[2026-04-06T15:41:06.261+0000] {subprocess.py:93} INFO - :: resolution report :: resolve 209ms :: artifacts dl 9ms
[2026-04-06T15:41:06.262+0000] {subprocess.py:93} INFO - 	:: modules in use:
[2026-04-06T15:41:06.263+0000] {subprocess.py:93} INFO - 	com.amazonaws#aws-java-sdk-bundle;1.12.262 from central in [default]
[2026-04-06T15:41:06.263+0000] {subprocess.py:93} INFO - 	org.apache.hadoop#hadoop-aws;3.3.4 from spark-list in [default]
[2026-04-06T15:41:06.264+0000] {subprocess.py:93} INFO - 	org.wildfly.openssl#wildfly-openssl;1.0.7.Final from central in [default]
[2026-04-06T15:41:06.264+0000] {subprocess.py:93} INFO - 	---------------------------------------------------------------------
[2026-04-06T15:41:06.264+0000] {subprocess.py:93} INFO - 	|                  |            modules            ||   artifacts   |
[2026-04-06T15:41:06.265+0000] {subprocess.py:93} INFO - 	|       conf       | number| search|dwnlded|evicted|| number|dwnlded|
[2026-04-06T15:41:06.265+0000] {subprocess.py:93} INFO - 	---------------------------------------------------------------------
[2026-04-06T15:41:06.266+0000] {subprocess.py:93} INFO - 	|      default     |   3   |   0   |   0   |   0   ||   3   |   0   |
[2026-04-06T15:41:06.266+0000] {subprocess.py:93} INFO - 	---------------------------------------------------------------------
[2026-04-06T15:41:06.267+0000] {subprocess.py:93} INFO - :: retrieving :: org.apache.spark#spark-submit-parent-f854393c-dd70-42fd-93fd-b404bf16b63a
[2026-04-06T15:41:06.267+0000] {subprocess.py:93} INFO - 	confs: [default]
[2026-04-06T15:41:06.273+0000] {subprocess.py:93} INFO - 	0 artifacts copied, 3 already retrieved (0kB/5ms)
[2026-04-06T15:41:06.430+0000] {subprocess.py:93} INFO - 26/04/06 15:41:06 WARN NativeCodeLoader: Unable to load native-hadoop library for your platform... using builtin-java classes where applicable
[2026-04-06T15:41:07.180+0000] {subprocess.py:93} INFO - 26/04/06 15:41:07 INFO SparkContext: Running Spark version 3.5.6
[2026-04-06T15:41:07.181+0000] {subprocess.py:93} INFO - 26/04/06 15:41:07 INFO SparkContext: OS info Linux, 6.6.87.2-microsoft-standard-WSL2, amd64
[2026-04-06T15:41:07.181+0000] {subprocess.py:93} INFO - 26/04/06 15:41:07 INFO SparkContext: Java version 17.0.18
[2026-04-06T15:41:07.198+0000] {subprocess.py:93} INFO - 26/04/06 15:41:07 INFO ResourceUtils: ==============================================================
[2026-04-06T15:41:07.199+0000] {subprocess.py:93} INFO - 26/04/06 15:41:07 INFO ResourceUtils: No custom resources configured for spark.driver.
[2026-04-06T15:41:07.199+0000] {subprocess.py:93} INFO - 26/04/06 15:41:07 INFO ResourceUtils: ==============================================================
[2026-04-06T15:41:07.200+0000] {subprocess.py:93} INFO - 26/04/06 15:41:07 INFO SparkContext: Submitted application: bronze_to_silver_patients
[2026-04-06T15:41:07.217+0000] {subprocess.py:93} INFO - 26/04/06 15:41:07 INFO ResourceProfile: Default ResourceProfile created, executor resources: Map(memory -> name: memory, amount: 1024, script: , vendor: , offHeap -> name: offHeap, amount: 0, script: , vendor: ), task resources: Map(cpus -> name: cpus, amount: 1.0)
[2026-04-06T15:41:07.223+0000] {subprocess.py:93} INFO - 26/04/06 15:41:07 INFO ResourceProfile: Limiting resource is cpu
[2026-04-06T15:41:07.224+0000] {subprocess.py:93} INFO - 26/04/06 15:41:07 INFO ResourceProfileManager: Added ResourceProfile id: 0
[2026-04-06T15:41:07.263+0000] {subprocess.py:93} INFO - 26/04/06 15:41:07 INFO SecurityManager: Changing view acls to: airflow
[2026-04-06T15:41:07.268+0000] {subprocess.py:93} INFO - 26/04/06 15:41:07 INFO SecurityManager: Changing modify acls to: airflow
[2026-04-06T15:41:07.269+0000] {subprocess.py:93} INFO - 26/04/06 15:41:07 INFO SecurityManager: Changing view acls groups to:
[2026-04-06T15:41:07.269+0000] {subprocess.py:93} INFO - 26/04/06 15:41:07 INFO SecurityManager: Changing modify acls groups to:
[2026-04-06T15:41:07.270+0000] {subprocess.py:93} INFO - 26/04/06 15:41:07 INFO SecurityManager: SecurityManager: authentication disabled; ui acls disabled; users with view permissions: airflow; groups with view permissions: EMPTY; users with modify permissions: airflow; groups with modify permissions: EMPTY
[2026-04-06T15:41:07.413+0000] {subprocess.py:93} INFO - 26/04/06 15:41:07 INFO Utils: Successfully started service 'sparkDriver' on port 41109.
[2026-04-06T15:41:07.431+0000] {subprocess.py:93} INFO - 26/04/06 15:41:07 INFO SparkEnv: Registering MapOutputTracker
[2026-04-06T15:41:07.463+0000] {subprocess.py:93} INFO - 26/04/06 15:41:07 INFO SparkEnv: Registering BlockManagerMaster
[2026-04-06T15:41:07.477+0000] {subprocess.py:93} INFO - 26/04/06 15:41:07 INFO BlockManagerMasterEndpoint: Using org.apache.spark.storage.DefaultTopologyMapper for getting topology information
[2026-04-06T15:41:07.477+0000] {subprocess.py:93} INFO - 26/04/06 15:41:07 INFO BlockManagerMasterEndpoint: BlockManagerMasterEndpoint up
[2026-04-06T15:41:07.480+0000] {subprocess.py:93} INFO - 26/04/06 15:41:07 INFO SparkEnv: Registering BlockManagerMasterHeartbeat
[2026-04-06T15:41:07.493+0000] {subprocess.py:93} INFO - 26/04/06 15:41:07 INFO DiskBlockManager: Created local directory at /tmp/blockmgr-1bc74b90-bbfd-414a-8f0c-a8245be24e16
[2026-04-06T15:41:07.505+0000] {subprocess.py:93} INFO - 26/04/06 15:41:07 INFO MemoryStore: MemoryStore started with capacity 434.4 MiB
[2026-04-06T15:41:07.516+0000] {subprocess.py:93} INFO - 26/04/06 15:41:07 INFO SparkEnv: Registering OutputCommitCoordinator
[2026-04-06T15:41:07.610+0000] {subprocess.py:93} INFO - 26/04/06 15:41:07 INFO JettyUtils: Start Jetty 0.0.0.0:4040 for SparkUI
[2026-04-06T15:41:07.643+0000] {subprocess.py:93} INFO - 26/04/06 15:41:07 WARN Utils: Service 'SparkUI' could not bind on port 4040. Attempting port 4041.
[2026-04-06T15:41:07.644+0000] {subprocess.py:93} INFO - 26/04/06 15:41:07 WARN Utils: Service 'SparkUI' could not bind on port 4041. Attempting port 4042.
[2026-04-06T15:41:07.650+0000] {subprocess.py:93} INFO - 26/04/06 15:41:07 INFO Utils: Successfully started service 'SparkUI' on port 4042.
[2026-04-06T15:41:07.672+0000] {subprocess.py:93} INFO - 26/04/06 15:41:07 INFO SparkContext: Added JAR file:///home/airflow/.ivy2/jars/org.apache.hadoop_hadoop-aws-3.3.4.jar at spark://7c36fe5f1e47:41109/jars/org.apache.hadoop_hadoop-aws-3.3.4.jar with timestamp 1775490067174
[2026-04-06T15:41:07.673+0000] {subprocess.py:93} INFO - 26/04/06 15:41:07 INFO SparkContext: Added JAR file:///home/airflow/.ivy2/jars/com.amazonaws_aws-java-sdk-bundle-1.12.262.jar at spark://7c36fe5f1e47:41109/jars/com.amazonaws_aws-java-sdk-bundle-1.12.262.jar with timestamp 1775490067174
[2026-04-06T15:41:07.673+0000] {subprocess.py:93} INFO - 26/04/06 15:41:07 INFO SparkContext: Added JAR file:///home/airflow/.ivy2/jars/org.wildfly.openssl_wildfly-openssl-1.0.7.Final.jar at spark://7c36fe5f1e47:41109/jars/org.wildfly.openssl_wildfly-openssl-1.0.7.Final.jar with timestamp 1775490067174
[2026-04-06T15:41:07.675+0000] {subprocess.py:93} INFO - 26/04/06 15:41:07 INFO SparkContext: Added file file:///home/airflow/.ivy2/jars/org.apache.hadoop_hadoop-aws-3.3.4.jar at spark://7c36fe5f1e47:41109/files/org.apache.hadoop_hadoop-aws-3.3.4.jar with timestamp 1775490067174
[2026-04-06T15:41:07.676+0000] {subprocess.py:93} INFO - 26/04/06 15:41:07 INFO Utils: Copying /home/airflow/.ivy2/jars/org.apache.hadoop_hadoop-aws-3.3.4.jar to /tmp/spark-d1e526b6-6776-4bee-b84b-ea960ae499f5/userFiles-ec87f67c-d85c-4aaa-a3cd-02d208ca04cf/org.apache.hadoop_hadoop-aws-3.3.4.jar
[2026-04-06T15:41:07.686+0000] {subprocess.py:93} INFO - 26/04/06 15:41:07 INFO SparkContext: Added file file:///home/airflow/.ivy2/jars/com.amazonaws_aws-java-sdk-bundle-1.12.262.jar at spark://7c36fe5f1e47:41109/files/com.amazonaws_aws-java-sdk-bundle-1.12.262.jar with timestamp 1775490067174
[2026-04-06T15:41:07.686+0000] {subprocess.py:93} INFO - 26/04/06 15:41:07 INFO Utils: Copying /home/airflow/.ivy2/jars/com.amazonaws_aws-java-sdk-bundle-1.12.262.jar to /tmp/spark-d1e526b6-6776-4bee-b84b-ea960ae499f5/userFiles-ec87f67c-d85c-4aaa-a3cd-02d208ca04cf/com.amazonaws_aws-java-sdk-bundle-1.12.262.jar
[2026-04-06T15:41:08.030+0000] {subprocess.py:93} INFO - 26/04/06 15:41:08 INFO SparkContext: Added file file:///home/airflow/.ivy2/jars/org.wildfly.openssl_wildfly-openssl-1.0.7.Final.jar at spark://7c36fe5f1e47:41109/files/org.wildfly.openssl_wildfly-openssl-1.0.7.Final.jar with timestamp 1775490067174
[2026-04-06T15:41:08.031+0000] {subprocess.py:93} INFO - 26/04/06 15:41:08 INFO Utils: Copying /home/airflow/.ivy2/jars/org.wildfly.openssl_wildfly-openssl-1.0.7.Final.jar to /tmp/spark-d1e526b6-6776-4bee-b84b-ea960ae499f5/userFiles-ec87f67c-d85c-4aaa-a3cd-02d208ca04cf/org.wildfly.openssl_wildfly-openssl-1.0.7.Final.jar
[2026-04-06T15:41:08.079+0000] {subprocess.py:93} INFO - 26/04/06 15:41:08 INFO StandaloneAppClient$ClientEndpoint: Connecting to master spark://spark-master:7077...
[2026-04-06T15:41:08.107+0000] {subprocess.py:93} INFO - 26/04/06 15:41:08 INFO TransportClientFactory: Successfully created connection to spark-master/172.18.0.2:7077 after 15 ms (0 ms spent in bootstraps)
[2026-04-06T15:41:08.192+0000] {subprocess.py:93} INFO - 26/04/06 15:41:08 INFO StandaloneSchedulerBackend: Connected to Spark cluster with app ID app-20260406154108-0002
[2026-04-06T15:41:08.201+0000] {subprocess.py:93} INFO - 26/04/06 15:41:08 INFO Utils: Successfully started service 'org.apache.spark.network.netty.NettyBlockTransferService' on port 41401.
[2026-04-06T15:41:08.201+0000] {subprocess.py:93} INFO - 26/04/06 15:41:08 INFO NettyBlockTransferService: Server created on 7c36fe5f1e47:41401
[2026-04-06T15:41:08.203+0000] {subprocess.py:93} INFO - 26/04/06 15:41:08 INFO BlockManager: Using org.apache.spark.storage.RandomBlockReplicationPolicy for block replication policy
[2026-04-06T15:41:08.209+0000] {subprocess.py:93} INFO - 26/04/06 15:41:08 INFO BlockManagerMaster: Registering BlockManager BlockManagerId(driver, 7c36fe5f1e47, 41401, None)
[2026-04-06T15:41:08.212+0000] {subprocess.py:93} INFO - 26/04/06 15:41:08 INFO BlockManagerMasterEndpoint: Registering block manager 7c36fe5f1e47:41401 with 434.4 MiB RAM, BlockManagerId(driver, 7c36fe5f1e47, 41401, None)
[2026-04-06T15:41:08.214+0000] {subprocess.py:93} INFO - 26/04/06 15:41:08 INFO BlockManagerMaster: Registered BlockManager BlockManagerId(driver, 7c36fe5f1e47, 41401, None)
[2026-04-06T15:41:08.215+0000] {subprocess.py:93} INFO - 26/04/06 15:41:08 INFO BlockManager: Initialized BlockManager: BlockManagerId(driver, 7c36fe5f1e47, 41401, None)
[2026-04-06T15:41:08.377+0000] {subprocess.py:93} INFO - 26/04/06 15:41:08 INFO StandaloneSchedulerBackend: SchedulerBackend is ready for scheduling beginning after reached minRegisteredResourcesRatio: 0.0
[2026-04-06T15:41:08.513+0000] {subprocess.py:93} INFO - 26/04/06 15:41:08 INFO SharedState: Setting hive.metastore.warehouse.dir ('null') to the value of spark.sql.warehouse.dir.
[2026-04-06T15:41:08.515+0000] {subprocess.py:93} INFO - 26/04/06 15:41:08 INFO SharedState: Warehouse path is 'file:/tmp/airflowtmpcnjv7d43/spark-warehouse'.
[2026-04-06T15:41:09.086+0000] {subprocess.py:93} INFO - 26/04/06 15:41:09 WARN MetricsConfig: Cannot locate configuration: tried hadoop-metrics2-s3a-file-system.properties,hadoop-metrics2.properties
[2026-04-06T15:41:09.095+0000] {subprocess.py:93} INFO - 26/04/06 15:41:09 INFO MetricsSystemImpl: Scheduled Metric snapshot period at 10 second(s).
[2026-04-06T15:41:09.096+0000] {subprocess.py:93} INFO - 26/04/06 15:41:09 INFO MetricsSystemImpl: s3a-file-system metrics system started
[2026-04-06T15:41:09.780+0000] {subprocess.py:93} INFO - 26/04/06 15:41:09 INFO InMemoryFileIndex: It took 47 ms to list leaf files for 1 paths.
[2026-04-06T15:41:09.851+0000] {subprocess.py:93} INFO - 26/04/06 15:41:09 INFO InMemoryFileIndex: It took 15 ms to list leaf files for 1 paths.
[2026-04-06T15:41:11.249+0000] {subprocess.py:93} INFO - 26/04/06 15:41:11 INFO FileSourceStrategy: Pushed Filters:
[2026-04-06T15:41:11.250+0000] {subprocess.py:93} INFO - 26/04/06 15:41:11 INFO FileSourceStrategy: Post-Scan Filters: (length(trim(value#0, None)) > 0)
[2026-04-06T15:41:11.588+0000] {subprocess.py:93} INFO - 26/04/06 15:41:11 INFO CodeGenerator: Code generated in 130.171299 ms
[2026-04-06T15:41:11.627+0000] {subprocess.py:93} INFO - 26/04/06 15:41:11 INFO MemoryStore: Block broadcast_0 stored as values in memory (estimated size 203.2 KiB, free 434.2 MiB)
[2026-04-06T15:41:11.673+0000] {subprocess.py:93} INFO - 26/04/06 15:41:11 INFO MemoryStore: Block broadcast_0_piece0 stored as bytes in memory (estimated size 35.2 KiB, free 434.2 MiB)
[2026-04-06T15:41:11.676+0000] {subprocess.py:93} INFO - 26/04/06 15:41:11 INFO BlockManagerInfo: Added broadcast_0_piece0 in memory on 7c36fe5f1e47:41401 (size: 35.2 KiB, free: 434.4 MiB)
[2026-04-06T15:41:11.679+0000] {subprocess.py:93} INFO - 26/04/06 15:41:11 INFO SparkContext: Created broadcast 0 from csv at NativeMethodAccessorImpl.java:0
[2026-04-06T15:41:11.689+0000] {subprocess.py:93} INFO - 26/04/06 15:41:11 INFO FileSourceScanExec: Planning scan with bin packing, max size: 4194304 bytes, open cost is considered as scanning 4194304 bytes.
[2026-04-06T15:41:11.760+0000] {subprocess.py:93} INFO - 26/04/06 15:41:11 INFO SparkContext: Starting job: csv at NativeMethodAccessorImpl.java:0
[2026-04-06T15:41:11.774+0000] {subprocess.py:93} INFO - 26/04/06 15:41:11 INFO DAGScheduler: Got job 0 (csv at NativeMethodAccessorImpl.java:0) with 1 output partitions
[2026-04-06T15:41:11.774+0000] {subprocess.py:93} INFO - 26/04/06 15:41:11 INFO DAGScheduler: Final stage: ResultStage 0 (csv at NativeMethodAccessorImpl.java:0)
[2026-04-06T15:41:11.775+0000] {subprocess.py:93} INFO - 26/04/06 15:41:11 INFO DAGScheduler: Parents of final stage: List()
[2026-04-06T15:41:11.775+0000] {subprocess.py:93} INFO - 26/04/06 15:41:11 INFO DAGScheduler: Missing parents: List()
[2026-04-06T15:41:11.780+0000] {subprocess.py:93} INFO - 26/04/06 15:41:11 INFO DAGScheduler: Submitting ResultStage 0 (MapPartitionsRDD[3] at csv at NativeMethodAccessorImpl.java:0), which has no missing parents
[2026-04-06T15:41:11.829+0000] {subprocess.py:93} INFO - 26/04/06 15:41:11 INFO MemoryStore: Block broadcast_1 stored as values in memory (estimated size 13.5 KiB, free 434.2 MiB)
[2026-04-06T15:41:11.835+0000] {subprocess.py:93} INFO - 26/04/06 15:41:11 INFO MemoryStore: Block broadcast_1_piece0 stored as bytes in memory (estimated size 6.4 KiB, free 434.1 MiB)
[2026-04-06T15:41:11.836+0000] {subprocess.py:93} INFO - 26/04/06 15:41:11 INFO BlockManagerInfo: Added broadcast_1_piece0 in memory on 7c36fe5f1e47:41401 (size: 6.4 KiB, free: 434.4 MiB)
[2026-04-06T15:41:11.837+0000] {subprocess.py:93} INFO - 26/04/06 15:41:11 INFO SparkContext: Created broadcast 1 from broadcast at DAGScheduler.scala:1611
[2026-04-06T15:41:11.851+0000] {subprocess.py:93} INFO - 26/04/06 15:41:11 INFO DAGScheduler: Submitting 1 missing tasks from ResultStage 0 (MapPartitionsRDD[3] at csv at NativeMethodAccessorImpl.java:0) (first 15 tasks are for partitions Vector(0))
[2026-04-06T15:41:11.854+0000] {subprocess.py:93} INFO - 26/04/06 15:41:11 INFO TaskSchedulerImpl: Adding task set 0.0 with 1 tasks resource profile 0
[2026-04-06T15:41:24.581+0000] {subprocess.py:93} INFO - 26/04/06 15:41:24 INFO StandaloneAppClient$ClientEndpoint: Executor added: app-20260406154108-0002/0 on worker-20260406154049-172.18.0.5-37477 (172.18.0.5:37477) with 16 core(s)
[2026-04-06T15:41:24.581+0000] {subprocess.py:93} INFO - 26/04/06 15:41:24 INFO StandaloneSchedulerBackend: Granted executor ID app-20260406154108-0002/0 on hostPort 172.18.0.5:37477 with 16 core(s), 1024.0 MiB RAM
[2026-04-06T15:41:24.610+0000] {subprocess.py:93} INFO - 26/04/06 15:41:24 INFO StandaloneAppClient$ClientEndpoint: Executor updated: app-20260406154108-0002/0 is now RUNNING
[2026-04-06T15:41:25.921+0000] {subprocess.py:93} INFO - 26/04/06 15:41:25 INFO StandaloneSchedulerBackend$StandaloneDriverEndpoint: Registered executor NettyRpcEndpointRef(spark-client://Executor) (172.18.0.5:57298) with ID 0,  ResourceProfileId 0
[2026-04-06T15:41:25.965+0000] {subprocess.py:93} INFO - 26/04/06 15:41:25 INFO BlockManagerMasterEndpoint: Registering block manager 172.18.0.5:45417 with 434.4 MiB RAM, BlockManagerId(0, 172.18.0.5, 45417, None)
[2026-04-06T15:41:27.837+0000] {subprocess.py:93} INFO - 26/04/06 15:41:27 INFO TaskSetManager: Starting task 0.0 in stage 0.0 (TID 0) (172.18.0.5, executor 0, partition 0, PROCESS_LOCAL, 10342 bytes)
[2026-04-06T15:41:27.962+0000] {subprocess.py:93} INFO - 26/04/06 15:41:27 INFO BlockManagerInfo: Added broadcast_1_piece0 in memory on 172.18.0.5:45417 (size: 6.4 KiB, free: 434.4 MiB)
[2026-04-06T15:41:28.415+0000] {subprocess.py:93} INFO - 26/04/06 15:41:28 INFO BlockManagerInfo: Added broadcast_0_piece0 in memory on 172.18.0.5:45417 (size: 35.2 KiB, free: 434.4 MiB)
[2026-04-06T15:41:29.072+0000] {subprocess.py:93} INFO - 26/04/06 15:41:29 INFO TaskSetManager: Finished task 0.0 in stage 0.0 (TID 0) in 1240 ms on 172.18.0.5 (executor 0) (1/1)
[2026-04-06T15:41:29.073+0000] {subprocess.py:93} INFO - 26/04/06 15:41:29 INFO TaskSchedulerImpl: Removed TaskSet 0.0, whose tasks have all completed, from pool
[2026-04-06T15:41:29.075+0000] {subprocess.py:93} INFO - 26/04/06 15:41:29 INFO DAGScheduler: ResultStage 0 (csv at NativeMethodAccessorImpl.java:0) finished in 17.290 s
[2026-04-06T15:41:29.076+0000] {subprocess.py:93} INFO - 26/04/06 15:41:29 INFO DAGScheduler: Job 0 is finished. Cancelling potential speculative or zombie tasks for this job
[2026-04-06T15:41:29.077+0000] {subprocess.py:93} INFO - 26/04/06 15:41:29 INFO TaskSchedulerImpl: Killing all running tasks in stage 0: Stage finished
[2026-04-06T15:41:29.078+0000] {subprocess.py:93} INFO - 26/04/06 15:41:29 INFO DAGScheduler: Job 0 finished: csv at NativeMethodAccessorImpl.java:0, took 17.318833 s
[2026-04-06T15:41:29.092+0000] {subprocess.py:93} INFO - 26/04/06 15:41:29 INFO CodeGenerator: Code generated in 7.258356 ms
[2026-04-06T15:41:29.114+0000] {subprocess.py:93} INFO - 26/04/06 15:41:29 INFO BlockManagerInfo: Removed broadcast_1_piece0 on 7c36fe5f1e47:41401 in memory (size: 6.4 KiB, free: 434.4 MiB)
[2026-04-06T15:41:29.119+0000] {subprocess.py:93} INFO - 26/04/06 15:41:29 INFO FileSourceStrategy: Pushed Filters:
[2026-04-06T15:41:29.120+0000] {subprocess.py:93} INFO - 26/04/06 15:41:29 INFO FileSourceStrategy: Post-Scan Filters:
[2026-04-06T15:41:29.121+0000] {subprocess.py:93} INFO - 26/04/06 15:41:29 INFO BlockManagerInfo: Removed broadcast_1_piece0 on 172.18.0.5:45417 in memory (size: 6.4 KiB, free: 434.4 MiB)
[2026-04-06T15:41:29.124+0000] {subprocess.py:93} INFO - 26/04/06 15:41:29 INFO MemoryStore: Block broadcast_2 stored as values in memory (estimated size 203.2 KiB, free 434.0 MiB)
[2026-04-06T15:41:29.132+0000] {subprocess.py:93} INFO - 26/04/06 15:41:29 INFO MemoryStore: Block broadcast_2_piece0 stored as bytes in memory (estimated size 35.2 KiB, free 433.9 MiB)
[2026-04-06T15:41:29.136+0000] {subprocess.py:93} INFO - 26/04/06 15:41:29 INFO BlockManagerInfo: Added broadcast_2_piece0 in memory on 7c36fe5f1e47:41401 (size: 35.2 KiB, free: 434.3 MiB)
[2026-04-06T15:41:29.137+0000] {subprocess.py:93} INFO - 26/04/06 15:41:29 INFO SparkContext: Created broadcast 2 from csv at NativeMethodAccessorImpl.java:0
[2026-04-06T15:41:29.137+0000] {subprocess.py:93} INFO - 26/04/06 15:41:29 INFO FileSourceScanExec: Planning scan with bin packing, max size: 4194304 bytes, open cost is considered as scanning 4194304 bytes.
[2026-04-06T15:41:29.174+0000] {subprocess.py:93} INFO - 26/04/06 15:41:29 INFO SparkContext: Starting job: csv at NativeMethodAccessorImpl.java:0
[2026-04-06T15:41:29.175+0000] {subprocess.py:93} INFO - 26/04/06 15:41:29 INFO DAGScheduler: Got job 1 (csv at NativeMethodAccessorImpl.java:0) with 1 output partitions
[2026-04-06T15:41:29.175+0000] {subprocess.py:93} INFO - 26/04/06 15:41:29 INFO DAGScheduler: Final stage: ResultStage 1 (csv at NativeMethodAccessorImpl.java:0)
[2026-04-06T15:41:29.175+0000] {subprocess.py:93} INFO - 26/04/06 15:41:29 INFO DAGScheduler: Parents of final stage: List()
[2026-04-06T15:41:29.176+0000] {subprocess.py:93} INFO - 26/04/06 15:41:29 INFO DAGScheduler: Missing parents: List()
[2026-04-06T15:41:29.176+0000] {subprocess.py:93} INFO - 26/04/06 15:41:29 INFO DAGScheduler: Submitting ResultStage 1 (MapPartitionsRDD[9] at csv at NativeMethodAccessorImpl.java:0), which has no missing parents
[2026-04-06T15:41:29.185+0000] {subprocess.py:93} INFO - 26/04/06 15:41:29 INFO MemoryStore: Block broadcast_3 stored as values in memory (estimated size 29.4 KiB, free 433.9 MiB)
[2026-04-06T15:41:29.190+0000] {subprocess.py:93} INFO - 26/04/06 15:41:29 INFO MemoryStore: Block broadcast_3_piece0 stored as bytes in memory (estimated size 13.2 KiB, free 433.9 MiB)
[2026-04-06T15:41:29.191+0000] {subprocess.py:93} INFO - 26/04/06 15:41:29 INFO BlockManagerInfo: Added broadcast_3_piece0 in memory on 7c36fe5f1e47:41401 (size: 13.2 KiB, free: 434.3 MiB)
[2026-04-06T15:41:29.191+0000] {subprocess.py:93} INFO - 26/04/06 15:41:29 INFO SparkContext: Created broadcast 3 from broadcast at DAGScheduler.scala:1611
[2026-04-06T15:41:29.192+0000] {subprocess.py:93} INFO - 26/04/06 15:41:29 INFO DAGScheduler: Submitting 1 missing tasks from ResultStage 1 (MapPartitionsRDD[9] at csv at NativeMethodAccessorImpl.java:0) (first 15 tasks are for partitions Vector(0))
[2026-04-06T15:41:29.192+0000] {subprocess.py:93} INFO - 26/04/06 15:41:29 INFO TaskSchedulerImpl: Adding task set 1.0 with 1 tasks resource profile 0
[2026-04-06T15:41:29.193+0000] {subprocess.py:93} INFO - 26/04/06 15:41:29 INFO TaskSetManager: Starting task 0.0 in stage 1.0 (TID 1) (172.18.0.5, executor 0, partition 0, PROCESS_LOCAL, 10342 bytes)
[2026-04-06T15:41:29.212+0000] {subprocess.py:93} INFO - 26/04/06 15:41:29 INFO BlockManagerInfo: Added broadcast_3_piece0 in memory on 172.18.0.5:45417 (size: 13.2 KiB, free: 434.4 MiB)
[2026-04-06T15:41:29.727+0000] {subprocess.py:93} INFO - 26/04/06 15:41:29 INFO BlockManagerInfo: Added broadcast_2_piece0 in memory on 172.18.0.5:45417 (size: 35.2 KiB, free: 434.3 MiB)
[2026-04-06T15:41:29.807+0000] {subprocess.py:93} INFO - 26/04/06 15:41:29 INFO TaskSetManager: Finished task 0.0 in stage 1.0 (TID 1) in 614 ms on 172.18.0.5 (executor 0) (1/1)
[2026-04-06T15:41:29.808+0000] {subprocess.py:93} INFO - 26/04/06 15:41:29 INFO TaskSchedulerImpl: Removed TaskSet 1.0, whose tasks have all completed, from pool
[2026-04-06T15:41:29.808+0000] {subprocess.py:93} INFO - 26/04/06 15:41:29 INFO DAGScheduler: ResultStage 1 (csv at NativeMethodAccessorImpl.java:0) finished in 0.632 s
[2026-04-06T15:41:29.808+0000] {subprocess.py:93} INFO - 26/04/06 15:41:29 INFO DAGScheduler: Job 1 is finished. Cancelling potential speculative or zombie tasks for this job
[2026-04-06T15:41:29.809+0000] {subprocess.py:93} INFO - 26/04/06 15:41:29 INFO TaskSchedulerImpl: Killing all running tasks in stage 1: Stage finished
[2026-04-06T15:41:29.809+0000] {subprocess.py:93} INFO - 26/04/06 15:41:29 INFO DAGScheduler: Job 1 finished: csv at NativeMethodAccessorImpl.java:0, took 0.635262 s
[2026-04-06T15:41:29.954+0000] {subprocess.py:93} INFO - 26/04/06 15:41:29 INFO FileSourceStrategy: Pushed Filters:
[2026-04-06T15:41:29.954+0000] {subprocess.py:93} INFO - 26/04/06 15:41:29 INFO FileSourceStrategy: Post-Scan Filters: isnotnull(trim(patient_id#17, None))
[2026-04-06T15:41:30.045+0000] {subprocess.py:93} INFO - 26/04/06 15:41:30 INFO CodeGenerator: Code generated in 22.648147 ms
[2026-04-06T15:41:30.047+0000] {subprocess.py:93} INFO - 26/04/06 15:41:30 INFO MemoryStore: Block broadcast_4 stored as values in memory (estimated size 203.1 KiB, free 433.7 MiB)
[2026-04-06T15:41:30.055+0000] {subprocess.py:93} INFO - 26/04/06 15:41:30 INFO BlockManagerInfo: Removed broadcast_3_piece0 on 7c36fe5f1e47:41401 in memory (size: 13.2 KiB, free: 434.3 MiB)
[2026-04-06T15:41:30.057+0000] {subprocess.py:93} INFO - 26/04/06 15:41:30 INFO MemoryStore: Block broadcast_4_piece0 stored as bytes in memory (estimated size 35.2 KiB, free 433.7 MiB)
[2026-04-06T15:41:30.059+0000] {subprocess.py:93} INFO - 26/04/06 15:41:30 INFO BlockManagerInfo: Added broadcast_4_piece0 in memory on 7c36fe5f1e47:41401 (size: 35.2 KiB, free: 434.3 MiB)
[2026-04-06T15:41:30.060+0000] {subprocess.py:93} INFO - 26/04/06 15:41:30 INFO SparkContext: Created broadcast 4 from parquet at NativeMethodAccessorImpl.java:0
[2026-04-06T15:41:30.060+0000] {subprocess.py:93} INFO - 26/04/06 15:41:30 INFO BlockManagerInfo: Removed broadcast_3_piece0 on 172.18.0.5:45417 in memory (size: 13.2 KiB, free: 434.3 MiB)
[2026-04-06T15:41:30.064+0000] {subprocess.py:93} INFO - 26/04/06 15:41:30 INFO FileSourceScanExec: Planning scan with bin packing, max size: 4194304 bytes, open cost is considered as scanning 4194304 bytes.
[2026-04-06T15:41:30.086+0000] {subprocess.py:93} INFO - 26/04/06 15:41:30 INFO DAGScheduler: Registering RDD 14 (parquet at NativeMethodAccessorImpl.java:0) as input to shuffle 0
[2026-04-06T15:41:30.087+0000] {subprocess.py:93} INFO - 26/04/06 15:41:30 INFO DAGScheduler: Got map stage job 2 (parquet at NativeMethodAccessorImpl.java:0) with 1 output partitions
[2026-04-06T15:41:30.088+0000] {subprocess.py:93} INFO - 26/04/06 15:41:30 INFO DAGScheduler: Final stage: ShuffleMapStage 2 (parquet at NativeMethodAccessorImpl.java:0)
[2026-04-06T15:41:30.088+0000] {subprocess.py:93} INFO - 26/04/06 15:41:30 INFO DAGScheduler: Parents of final stage: List()
[2026-04-06T15:41:30.088+0000] {subprocess.py:93} INFO - 26/04/06 15:41:30 INFO DAGScheduler: Missing parents: List()
[2026-04-06T15:41:30.089+0000] {subprocess.py:93} INFO - 26/04/06 15:41:30 INFO DAGScheduler: Submitting ShuffleMapStage 2 (MapPartitionsRDD[14] at parquet at NativeMethodAccessorImpl.java:0), which has no missing parents
[2026-04-06T15:41:30.098+0000] {subprocess.py:93} INFO - 26/04/06 15:41:30 INFO MemoryStore: Block broadcast_5 stored as values in memory (estimated size 39.3 KiB, free 433.7 MiB)
[2026-04-06T15:41:30.102+0000] {subprocess.py:93} INFO - 26/04/06 15:41:30 INFO MemoryStore: Block broadcast_5_piece0 stored as bytes in memory (estimated size 17.5 KiB, free 433.6 MiB)
[2026-04-06T15:41:30.104+0000] {subprocess.py:93} INFO - 26/04/06 15:41:30 INFO BlockManagerInfo: Added broadcast_5_piece0 in memory on 7c36fe5f1e47:41401 (size: 17.5 KiB, free: 434.3 MiB)
[2026-04-06T15:41:30.104+0000] {subprocess.py:93} INFO - 26/04/06 15:41:30 INFO BlockManagerInfo: Removed broadcast_2_piece0 on 7c36fe5f1e47:41401 in memory (size: 35.2 KiB, free: 434.3 MiB)
[2026-04-06T15:41:30.104+0000] {subprocess.py:93} INFO - 26/04/06 15:41:30 INFO SparkContext: Created broadcast 5 from broadcast at DAGScheduler.scala:1611
[2026-04-06T15:41:30.105+0000] {subprocess.py:93} INFO - 26/04/06 15:41:30 INFO DAGScheduler: Submitting 1 missing tasks from ShuffleMapStage 2 (MapPartitionsRDD[14] at parquet at NativeMethodAccessorImpl.java:0) (first 15 tasks are for partitions Vector(0))
[2026-04-06T15:41:30.106+0000] {subprocess.py:93} INFO - 26/04/06 15:41:30 INFO TaskSchedulerImpl: Adding task set 2.0 with 1 tasks resource profile 0
[2026-04-06T15:41:30.106+0000] {subprocess.py:93} INFO - 26/04/06 15:41:30 INFO BlockManagerInfo: Removed broadcast_2_piece0 on 172.18.0.5:45417 in memory (size: 35.2 KiB, free: 434.4 MiB)
[2026-04-06T15:41:30.108+0000] {subprocess.py:93} INFO - 26/04/06 15:41:30 INFO TaskSetManager: Starting task 0.0 in stage 2.0 (TID 2) (172.18.0.5, executor 0, partition 0, PROCESS_LOCAL, 10331 bytes)
[2026-04-06T15:41:30.119+0000] {subprocess.py:93} INFO - 26/04/06 15:41:30 INFO BlockManagerInfo: Removed broadcast_0_piece0 on 7c36fe5f1e47:41401 in memory (size: 35.2 KiB, free: 434.3 MiB)
[2026-04-06T15:41:30.121+0000] {subprocess.py:93} INFO - 26/04/06 15:41:30 INFO BlockManagerInfo: Removed broadcast_0_piece0 on 172.18.0.5:45417 in memory (size: 35.2 KiB, free: 434.4 MiB)
[2026-04-06T15:41:30.124+0000] {subprocess.py:93} INFO - 26/04/06 15:41:30 INFO BlockManagerInfo: Added broadcast_5_piece0 in memory on 172.18.0.5:45417 (size: 17.5 KiB, free: 434.4 MiB)
[2026-04-06T15:41:30.266+0000] {subprocess.py:93} INFO - 26/04/06 15:41:30 INFO BlockManagerInfo: Added broadcast_4_piece0 in memory on 172.18.0.5:45417 (size: 35.2 KiB, free: 434.3 MiB)
[2026-04-06T15:41:30.541+0000] {subprocess.py:93} INFO - 26/04/06 15:41:30 INFO TaskSetManager: Finished task 0.0 in stage 2.0 (TID 2) in 433 ms on 172.18.0.5 (executor 0) (1/1)
[2026-04-06T15:41:30.541+0000] {subprocess.py:93} INFO - 26/04/06 15:41:30 INFO TaskSchedulerImpl: Removed TaskSet 2.0, whose tasks have all completed, from pool
[2026-04-06T15:41:30.542+0000] {subprocess.py:93} INFO - 26/04/06 15:41:30 INFO DAGScheduler: ShuffleMapStage 2 (parquet at NativeMethodAccessorImpl.java:0) finished in 0.452 s
[2026-04-06T15:41:30.543+0000] {subprocess.py:93} INFO - 26/04/06 15:41:30 INFO DAGScheduler: looking for newly runnable stages
[2026-04-06T15:41:30.543+0000] {subprocess.py:93} INFO - 26/04/06 15:41:30 INFO DAGScheduler: running: Set()
[2026-04-06T15:41:30.543+0000] {subprocess.py:93} INFO - 26/04/06 15:41:30 INFO DAGScheduler: waiting: Set()
[2026-04-06T15:41:30.543+0000] {subprocess.py:93} INFO - 26/04/06 15:41:30 INFO DAGScheduler: failed: Set()
[2026-04-06T15:41:30.554+0000] {subprocess.py:93} INFO - 26/04/06 15:41:30 INFO ShufflePartitionsUtil: For shuffle(0), advisory target size: 67108864, actual target size 1048576, minimum partition size: 1048576
[2026-04-06T15:41:30.656+0000] {subprocess.py:93} INFO - 26/04/06 15:41:30 INFO ParquetUtils: Using default output committer for Parquet: org.apache.parquet.hadoop.ParquetOutputCommitter
[2026-04-06T15:41:30.669+0000] {subprocess.py:93} INFO - 26/04/06 15:41:30 INFO FileOutputCommitter: File Output Committer Algorithm version is 1
[2026-04-06T15:41:30.670+0000] {subprocess.py:93} INFO - 26/04/06 15:41:30 INFO FileOutputCommitter: FileOutputCommitter skip cleanup _temporary folders under output directory:false, ignore cleanup failures: false
[2026-04-06T15:41:30.670+0000] {subprocess.py:93} INFO - 26/04/06 15:41:30 INFO SQLHadoopMapReduceCommitProtocol: Using user defined output committer class org.apache.parquet.hadoop.ParquetOutputCommitter
[2026-04-06T15:41:30.670+0000] {subprocess.py:93} INFO - 26/04/06 15:41:30 INFO FileOutputCommitter: File Output Committer Algorithm version is 1
[2026-04-06T15:41:30.671+0000] {subprocess.py:93} INFO - 26/04/06 15:41:30 INFO FileOutputCommitter: FileOutputCommitter skip cleanup _temporary folders under output directory:false, ignore cleanup failures: false
[2026-04-06T15:41:30.671+0000] {subprocess.py:93} INFO - 26/04/06 15:41:30 INFO SQLHadoopMapReduceCommitProtocol: Using output committer class org.apache.parquet.hadoop.ParquetOutputCommitter
[2026-04-06T15:41:30.713+0000] {subprocess.py:93} INFO - 26/04/06 15:41:30 INFO CodeGenerator: Code generated in 8.826016 ms
[2026-04-06T15:41:30.727+0000] {subprocess.py:93} INFO - 26/04/06 15:41:30 INFO SparkContext: Starting job: parquet at NativeMethodAccessorImpl.java:0
[2026-04-06T15:41:30.728+0000] {subprocess.py:93} INFO - 26/04/06 15:41:30 INFO DAGScheduler: Got job 3 (parquet at NativeMethodAccessorImpl.java:0) with 1 output partitions
[2026-04-06T15:41:30.728+0000] {subprocess.py:93} INFO - 26/04/06 15:41:30 INFO DAGScheduler: Final stage: ResultStage 4 (parquet at NativeMethodAccessorImpl.java:0)
[2026-04-06T15:41:30.729+0000] {subprocess.py:93} INFO - 26/04/06 15:41:30 INFO DAGScheduler: Parents of final stage: List(ShuffleMapStage 3)
[2026-04-06T15:41:30.729+0000] {subprocess.py:93} INFO - 26/04/06 15:41:30 INFO DAGScheduler: Missing parents: List()
[2026-04-06T15:41:30.729+0000] {subprocess.py:93} INFO - 26/04/06 15:41:30 INFO DAGScheduler: Submitting ResultStage 4 (MapPartitionsRDD[18] at parquet at NativeMethodAccessorImpl.java:0), which has no missing parents
[2026-04-06T15:41:30.751+0000] {subprocess.py:93} INFO - 26/04/06 15:41:30 INFO MemoryStore: Block broadcast_6 stored as values in memory (estimated size 251.8 KiB, free 433.9 MiB)
[2026-04-06T15:41:30.752+0000] {subprocess.py:93} INFO - 26/04/06 15:41:30 INFO MemoryStore: Block broadcast_6_piece0 stored as bytes in memory (estimated size 92.6 KiB, free 433.8 MiB)
[2026-04-06T15:41:30.756+0000] {subprocess.py:93} INFO - 26/04/06 15:41:30 INFO BlockManagerInfo: Added broadcast_6_piece0 in memory on 7c36fe5f1e47:41401 (size: 92.6 KiB, free: 434.3 MiB)
[2026-04-06T15:41:30.756+0000] {subprocess.py:93} INFO - 26/04/06 15:41:30 INFO SparkContext: Created broadcast 6 from broadcast at DAGScheduler.scala:1611
[2026-04-06T15:41:30.756+0000] {subprocess.py:93} INFO - 26/04/06 15:41:30 INFO DAGScheduler: Submitting 1 missing tasks from ResultStage 4 (MapPartitionsRDD[18] at parquet at NativeMethodAccessorImpl.java:0) (first 15 tasks are for partitions Vector(0))
[2026-04-06T15:41:30.757+0000] {subprocess.py:93} INFO - 26/04/06 15:41:30 INFO TaskSchedulerImpl: Adding task set 4.0 with 1 tasks resource profile 0
[2026-04-06T15:41:30.758+0000] {subprocess.py:93} INFO - 26/04/06 15:41:30 INFO TaskSetManager: Starting task 0.0 in stage 4.0 (TID 3) (172.18.0.5, executor 0, partition 0, NODE_LOCAL, 9733 bytes)
[2026-04-06T15:41:30.769+0000] {subprocess.py:93} INFO - 26/04/06 15:41:30 INFO BlockManagerInfo: Added broadcast_6_piece0 in memory on 172.18.0.5:45417 (size: 92.6 KiB, free: 434.3 MiB)
[2026-04-06T15:41:30.808+0000] {subprocess.py:93} INFO - 26/04/06 15:41:30 INFO MapOutputTrackerMasterEndpoint: Asked to send map output locations for shuffle 0 to 172.18.0.5:57298
[2026-04-06T15:41:31.512+0000] {subprocess.py:93} INFO - 26/04/06 15:41:31 INFO TaskSetManager: Finished task 0.0 in stage 4.0 (TID 3) in 755 ms on 172.18.0.5 (executor 0) (1/1)
[2026-04-06T15:41:31.513+0000] {subprocess.py:93} INFO - 26/04/06 15:41:31 INFO TaskSchedulerImpl: Removed TaskSet 4.0, whose tasks have all completed, from pool
[2026-04-06T15:41:31.513+0000] {subprocess.py:93} INFO - 26/04/06 15:41:31 INFO DAGScheduler: ResultStage 4 (parquet at NativeMethodAccessorImpl.java:0) finished in 0.774 s
[2026-04-06T15:41:31.513+0000] {subprocess.py:93} INFO - 26/04/06 15:41:31 INFO DAGScheduler: Job 3 is finished. Cancelling potential speculative or zombie tasks for this job
[2026-04-06T15:41:31.514+0000] {subprocess.py:93} INFO - 26/04/06 15:41:31 INFO TaskSchedulerImpl: Killing all running tasks in stage 4: Stage finished
[2026-04-06T15:41:31.514+0000] {subprocess.py:93} INFO - 26/04/06 15:41:31 INFO DAGScheduler: Job 3 finished: parquet at NativeMethodAccessorImpl.java:0, took 0.787243 s
[2026-04-06T15:41:31.515+0000] {subprocess.py:93} INFO - 26/04/06 15:41:31 INFO FileFormatWriter: Start to commit write Job 00df60d0-6c8b-4576-84e9-c6fb301fcc2c.
[2026-04-06T15:41:31.615+0000] {subprocess.py:93} INFO - 26/04/06 15:41:31 INFO FileFormatWriter: Write Job 00df60d0-6c8b-4576-84e9-c6fb301fcc2c committed. Elapsed time: 99 ms.
[2026-04-06T15:41:31.616+0000] {subprocess.py:93} INFO - 26/04/06 15:41:31 INFO FileFormatWriter: Finished processing stats for write job 00df60d0-6c8b-4576-84e9-c6fb301fcc2c.
[2026-04-06T15:41:31.618+0000] {subprocess.py:93} INFO - Patients Bronze -> Silver completed successfully.
[2026-04-06T15:41:31.618+0000] {subprocess.py:93} INFO - 26/04/06 15:41:31 INFO SparkContext: SparkContext is stopping with exitCode 0.
[2026-04-06T15:41:31.624+0000] {subprocess.py:93} INFO - 26/04/06 15:41:31 INFO SparkUI: Stopped Spark web UI at http://7c36fe5f1e47:4042
[2026-04-06T15:41:31.626+0000] {subprocess.py:93} INFO - 26/04/06 15:41:31 INFO StandaloneSchedulerBackend: Shutting down all executors
[2026-04-06T15:41:31.626+0000] {subprocess.py:93} INFO - 26/04/06 15:41:31 INFO StandaloneSchedulerBackend$StandaloneDriverEndpoint: Asking each executor to shut down
[2026-04-06T15:41:31.633+0000] {subprocess.py:93} INFO - 26/04/06 15:41:31 INFO MapOutputTrackerMasterEndpoint: MapOutputTrackerMasterEndpoint stopped!
[2026-04-06T15:41:31.645+0000] {subprocess.py:93} INFO - 26/04/06 15:41:31 INFO MemoryStore: MemoryStore cleared
[2026-04-06T15:41:31.646+0000] {subprocess.py:93} INFO - 26/04/06 15:41:31 INFO BlockManager: BlockManager stopped
[2026-04-06T15:41:31.647+0000] {subprocess.py:93} INFO - 26/04/06 15:41:31 INFO BlockManagerMaster: BlockManagerMaster stopped
[2026-04-06T15:41:31.648+0000] {subprocess.py:93} INFO - 26/04/06 15:41:31 INFO OutputCommitCoordinator$OutputCommitCoordinatorEndpoint: OutputCommitCoordinator stopped!
[2026-04-06T15:41:31.733+0000] {subprocess.py:93} INFO - 26/04/06 15:41:31 INFO SparkContext: Successfully stopped SparkContext
[2026-04-06T15:41:31.941+0000] {subprocess.py:93} INFO - 26/04/06 15:41:31 INFO ShutdownHookManager: Shutdown hook called
[2026-04-06T15:41:31.942+0000] {subprocess.py:93} INFO - 26/04/06 15:41:31 INFO ShutdownHookManager: Deleting directory /tmp/spark-14df6aeb-a2f4-49d5-ad05-adcc37a0b03b
[2026-04-06T15:41:31.945+0000] {subprocess.py:93} INFO - 26/04/06 15:41:31 INFO ShutdownHookManager: Deleting directory /tmp/spark-d1e526b6-6776-4bee-b84b-ea960ae499f5
[2026-04-06T15:41:31.950+0000] {subprocess.py:93} INFO - 26/04/06 15:41:31 INFO ShutdownHookManager: Deleting directory /tmp/spark-d1e526b6-6776-4bee-b84b-ea960ae499f5/pyspark-e670df2e-6198-477a-8192-b32a71c8fb34
[2026-04-06T15:41:31.955+0000] {subprocess.py:93} INFO - 26/04/06 15:41:31 INFO MetricsSystemImpl: Stopping s3a-file-system metrics system...
[2026-04-06T15:41:31.955+0000] {subprocess.py:93} INFO - 26/04/06 15:41:31 INFO MetricsSystemImpl: s3a-file-system metrics system stopped.
[2026-04-06T15:41:31.956+0000] {subprocess.py:93} INFO - 26/04/06 15:41:31 INFO MetricsSystemImpl: s3a-file-system metrics system shutdown complete.
[2026-04-06T15:41:32.030+0000] {subprocess.py:97} INFO - Command exited with return code 0
[2026-04-06T15:41:32.051+0000] {taskinstance.py:1149} INFO - Marking task as SUCCESS. dag_id=bronze_to_silver_and_gold, task_id=run_patients_silver, execution_date=20260406T154104, start_date=20260406T154104, end_date=20260406T154132
[2026-04-06T15:41:32.087+0000] {local_task_job_runner.py:234} INFO - Task exited with return code 0
[2026-04-06T15:41:32.102+0000] {taskinstance.py:3312} INFO - 1 downstream tasks scheduled from follow-on schedule check
