[2026-04-06T16:29:07.015+0000] {taskinstance.py:1979} INFO - Dependencies all met for dep_context=non-requeueable deps ti=<TaskInstance: bronze_to_silver_and_gold.run_encounters_silver manual__2026-04-06T16:29:05.921158+00:00 [queued]>
[2026-04-06T16:29:07.020+0000] {taskinstance.py:1979} INFO - Dependencies all met for dep_context=requeueable deps ti=<TaskInstance: bronze_to_silver_and_gold.run_encounters_silver manual__2026-04-06T16:29:05.921158+00:00 [queued]>
[2026-04-06T16:29:07.020+0000] {taskinstance.py:2193} INFO - Starting attempt 1 of 1
[2026-04-06T16:29:07.029+0000] {taskinstance.py:2217} INFO - Executing <Task(BashOperator): run_encounters_silver> on 2026-04-06 16:29:05.921158+00:00
[2026-04-06T16:29:07.034+0000] {standard_task_runner.py:60} INFO - Started process 186 to run task
[2026-04-06T16:29:07.038+0000] {standard_task_runner.py:87} INFO - Running: ['airflow', 'tasks', 'run', 'bronze_to_silver_and_gold', 'run_encounters_silver', 'manual__2026-04-06T16:29:05.921158+00:00', '--job-id', '61', '--raw', '--subdir', 'DAGS_FOLDER/bronze_to_silver_dag.py', '--cfg-path', '/tmp/tmp56dg7crm']
[2026-04-06T16:29:07.040+0000] {standard_task_runner.py:88} INFO - Job 61: Subtask run_encounters_silver
[2026-04-06T16:29:07.084+0000] {task_command.py:423} INFO - Running <TaskInstance: bronze_to_silver_and_gold.run_encounters_silver manual__2026-04-06T16:29:05.921158+00:00 [running]> on host 7c36fe5f1e47
[2026-04-06T16:29:07.147+0000] {taskinstance.py:2513} INFO - Exporting env vars: AIRFLOW_CTX_DAG_OWNER='airflow' AIRFLOW_CTX_DAG_ID='bronze_to_silver_and_gold' AIRFLOW_CTX_TASK_ID='run_encounters_silver' AIRFLOW_CTX_EXECUTION_DATE='2026-04-06T16:29:05.921158+00:00' AIRFLOW_CTX_TRY_NUMBER='1' AIRFLOW_CTX_DAG_RUN_ID='manual__2026-04-06T16:29:05.921158+00:00'
[2026-04-06T16:29:07.149+0000] {subprocess.py:63} INFO - Tmp dir root location: /tmp
[2026-04-06T16:29:07.151+0000] {subprocess.py:75} INFO - Running command: ['/usr/bin/bash', '-c', '\n/opt/spark/bin/spark-submit \\\n  --master spark://spark-master:7077 \\\n  --packages org.apache.hadoop:hadoop-aws:3.3.4,com.amazonaws:aws-java-sdk-bundle:1.12.262 \\\n  --conf spark.hadoop.fs.s3a.endpoint=http://minio:9000 \\\n  --conf spark.hadoop.fs.s3a.access.key=minioadmin \\\n  --conf spark.hadoop.fs.s3a.secret.key=minioadmin \\\n  --conf spark.hadoop.fs.s3a.path.style.access=true \\\n  --conf spark.hadoop.fs.s3a.impl=org.apache.hadoop.fs.s3a.S3AFileSystem \\\n  /opt/airflow/spark/jobs/bronze_to_silver_encounters.py']
[2026-04-06T16:29:07.159+0000] {subprocess.py:86} INFO - Output:
[2026-04-06T16:29:08.873+0000] {subprocess.py:93} INFO - :: loading settings :: url = jar:file:/opt/spark-3.5.6-bin-hadoop3/jars/ivy-2.5.1.jar!/org/apache/ivy/core/settings/ivysettings.xml
[2026-04-06T16:29:08.961+0000] {subprocess.py:93} INFO - Ivy Default Cache set to: /home/airflow/.ivy2/cache
[2026-04-06T16:29:08.962+0000] {subprocess.py:93} INFO - The jars for the packages stored in: /home/airflow/.ivy2/jars
[2026-04-06T16:29:08.966+0000] {subprocess.py:93} INFO - org.apache.hadoop#hadoop-aws added as a dependency
[2026-04-06T16:29:08.968+0000] {subprocess.py:93} INFO - com.amazonaws#aws-java-sdk-bundle added as a dependency
[2026-04-06T16:29:08.969+0000] {subprocess.py:93} INFO - :: resolving dependencies :: org.apache.spark#spark-submit-parent-1097304d-cdc0-4872-8bde-5a1fcd403bb3;1.0
[2026-04-06T16:29:08.969+0000] {subprocess.py:93} INFO - 	confs: [default]
[2026-04-06T16:29:09.122+0000] {subprocess.py:93} INFO - 	found org.apache.hadoop#hadoop-aws;3.3.4 in spark-list
[2026-04-06T16:29:09.153+0000] {subprocess.py:93} INFO - 	found com.amazonaws#aws-java-sdk-bundle;1.12.262 in central
[2026-04-06T16:29:09.182+0000] {subprocess.py:93} INFO - 	found org.wildfly.openssl#wildfly-openssl;1.0.7.Final in central
[2026-04-06T16:29:09.202+0000] {subprocess.py:93} INFO - :: resolution report :: resolve 228ms :: artifacts dl 8ms
[2026-04-06T16:29:09.203+0000] {subprocess.py:93} INFO - 	:: modules in use:
[2026-04-06T16:29:09.204+0000] {subprocess.py:93} INFO - 	com.amazonaws#aws-java-sdk-bundle;1.12.262 from central in [default]
[2026-04-06T16:29:09.204+0000] {subprocess.py:93} INFO - 	org.apache.hadoop#hadoop-aws;3.3.4 from spark-list in [default]
[2026-04-06T16:29:09.205+0000] {subprocess.py:93} INFO - 	org.wildfly.openssl#wildfly-openssl;1.0.7.Final from central in [default]
[2026-04-06T16:29:09.205+0000] {subprocess.py:93} INFO - 	---------------------------------------------------------------------
[2026-04-06T16:29:09.206+0000] {subprocess.py:93} INFO - 	|                  |            modules            ||   artifacts   |
[2026-04-06T16:29:09.206+0000] {subprocess.py:93} INFO - 	|       conf       | number| search|dwnlded|evicted|| number|dwnlded|
[2026-04-06T16:29:09.207+0000] {subprocess.py:93} INFO - 	---------------------------------------------------------------------
[2026-04-06T16:29:09.207+0000] {subprocess.py:93} INFO - 	|      default     |   3   |   0   |   0   |   0   ||   3   |   0   |
[2026-04-06T16:29:09.208+0000] {subprocess.py:93} INFO - 	---------------------------------------------------------------------
[2026-04-06T16:29:09.208+0000] {subprocess.py:93} INFO - 
[2026-04-06T16:29:09.212+0000] {subprocess.py:93} INFO - :: problems summary ::
[2026-04-06T16:29:09.213+0000] {subprocess.py:93} INFO - :::: ERRORS
[2026-04-06T16:29:09.213+0000] {subprocess.py:93} INFO - 	unknown resolver null
[2026-04-06T16:29:09.216+0000] {subprocess.py:93} INFO - 
[2026-04-06T16:29:09.216+0000] {subprocess.py:93} INFO - 
[2026-04-06T16:29:09.217+0000] {subprocess.py:93} INFO - :: USE VERBOSE OR DEBUG MESSAGE LEVEL FOR MORE DETAILS
[2026-04-06T16:29:09.217+0000] {subprocess.py:93} INFO - :: retrieving :: org.apache.spark#spark-submit-parent-1097304d-cdc0-4872-8bde-5a1fcd403bb3
[2026-04-06T16:29:09.217+0000] {subprocess.py:93} INFO - 	confs: [default]
[2026-04-06T16:29:09.217+0000] {subprocess.py:93} INFO - 	0 artifacts copied, 3 already retrieved (0kB/5ms)
[2026-04-06T16:29:09.415+0000] {subprocess.py:93} INFO - 26/04/06 16:29:09 WARN NativeCodeLoader: Unable to load native-hadoop library for your platform... using builtin-java classes where applicable
[2026-04-06T16:29:10.227+0000] {subprocess.py:93} INFO - 26/04/06 16:29:10 INFO SparkContext: Running Spark version 3.5.6
[2026-04-06T16:29:10.227+0000] {subprocess.py:93} INFO - 26/04/06 16:29:10 INFO SparkContext: OS info Linux, 6.6.87.2-microsoft-standard-WSL2, amd64
[2026-04-06T16:29:10.228+0000] {subprocess.py:93} INFO - 26/04/06 16:29:10 INFO SparkContext: Java version 17.0.18
[2026-04-06T16:29:10.248+0000] {subprocess.py:93} INFO - 26/04/06 16:29:10 INFO ResourceUtils: ==============================================================
[2026-04-06T16:29:10.248+0000] {subprocess.py:93} INFO - 26/04/06 16:29:10 INFO ResourceUtils: No custom resources configured for spark.driver.
[2026-04-06T16:29:10.249+0000] {subprocess.py:93} INFO - 26/04/06 16:29:10 INFO ResourceUtils: ==============================================================
[2026-04-06T16:29:10.249+0000] {subprocess.py:93} INFO - 26/04/06 16:29:10 INFO SparkContext: Submitted application: bronze_to_silver_encounters
[2026-04-06T16:29:10.269+0000] {subprocess.py:93} INFO - 26/04/06 16:29:10 INFO ResourceProfile: Default ResourceProfile created, executor resources: Map(memory -> name: memory, amount: 1024, script: , vendor: , offHeap -> name: offHeap, amount: 0, script: , vendor: ), task resources: Map(cpus -> name: cpus, amount: 1.0)
[2026-04-06T16:29:10.277+0000] {subprocess.py:93} INFO - 26/04/06 16:29:10 INFO ResourceProfile: Limiting resource is cpu
[2026-04-06T16:29:10.277+0000] {subprocess.py:93} INFO - 26/04/06 16:29:10 INFO ResourceProfileManager: Added ResourceProfile id: 0
[2026-04-06T16:29:10.333+0000] {subprocess.py:93} INFO - 26/04/06 16:29:10 INFO SecurityManager: Changing view acls to: airflow
[2026-04-06T16:29:10.334+0000] {subprocess.py:93} INFO - 26/04/06 16:29:10 INFO SecurityManager: Changing modify acls to: airflow
[2026-04-06T16:29:10.334+0000] {subprocess.py:93} INFO - 26/04/06 16:29:10 INFO SecurityManager: Changing view acls groups to:
[2026-04-06T16:29:10.335+0000] {subprocess.py:93} INFO - 26/04/06 16:29:10 INFO SecurityManager: Changing modify acls groups to:
[2026-04-06T16:29:10.338+0000] {subprocess.py:93} INFO - 26/04/06 16:29:10 INFO SecurityManager: SecurityManager: authentication disabled; ui acls disabled; users with view permissions: airflow; groups with view permissions: EMPTY; users with modify permissions: airflow; groups with modify permissions: EMPTY
[2026-04-06T16:29:10.523+0000] {subprocess.py:93} INFO - 26/04/06 16:29:10 INFO Utils: Successfully started service 'sparkDriver' on port 39371.
[2026-04-06T16:29:10.554+0000] {subprocess.py:93} INFO - 26/04/06 16:29:10 INFO SparkEnv: Registering MapOutputTracker
[2026-04-06T16:29:10.594+0000] {subprocess.py:93} INFO - 26/04/06 16:29:10 INFO SparkEnv: Registering BlockManagerMaster
[2026-04-06T16:29:10.618+0000] {subprocess.py:93} INFO - 26/04/06 16:29:10 INFO BlockManagerMasterEndpoint: Using org.apache.spark.storage.DefaultTopologyMapper for getting topology information
[2026-04-06T16:29:10.619+0000] {subprocess.py:93} INFO - 26/04/06 16:29:10 INFO BlockManagerMasterEndpoint: BlockManagerMasterEndpoint up
[2026-04-06T16:29:10.622+0000] {subprocess.py:93} INFO - 26/04/06 16:29:10 INFO SparkEnv: Registering BlockManagerMasterHeartbeat
[2026-04-06T16:29:10.647+0000] {subprocess.py:93} INFO - 26/04/06 16:29:10 INFO DiskBlockManager: Created local directory at /tmp/blockmgr-1ffe8f74-3fbe-4431-8721-07b5f78acb44
[2026-04-06T16:29:10.659+0000] {subprocess.py:93} INFO - 26/04/06 16:29:10 INFO MemoryStore: MemoryStore started with capacity 434.4 MiB
[2026-04-06T16:29:10.673+0000] {subprocess.py:93} INFO - 26/04/06 16:29:10 INFO SparkEnv: Registering OutputCommitCoordinator
[2026-04-06T16:29:10.790+0000] {subprocess.py:93} INFO - 26/04/06 16:29:10 INFO JettyUtils: Start Jetty 0.0.0.0:4040 for SparkUI
[2026-04-06T16:29:10.842+0000] {subprocess.py:93} INFO - 26/04/06 16:29:10 INFO Utils: Successfully started service 'SparkUI' on port 4040.
[2026-04-06T16:29:10.877+0000] {subprocess.py:93} INFO - 26/04/06 16:29:10 INFO SparkContext: Added JAR file:///home/airflow/.ivy2/jars/org.apache.hadoop_hadoop-aws-3.3.4.jar at spark://7c36fe5f1e47:39371/jars/org.apache.hadoop_hadoop-aws-3.3.4.jar with timestamp 1775492950221
[2026-04-06T16:29:10.878+0000] {subprocess.py:93} INFO - 26/04/06 16:29:10 INFO SparkContext: Added JAR file:///home/airflow/.ivy2/jars/com.amazonaws_aws-java-sdk-bundle-1.12.262.jar at spark://7c36fe5f1e47:39371/jars/com.amazonaws_aws-java-sdk-bundle-1.12.262.jar with timestamp 1775492950221
[2026-04-06T16:29:10.878+0000] {subprocess.py:93} INFO - 26/04/06 16:29:10 INFO SparkContext: Added JAR file:///home/airflow/.ivy2/jars/org.wildfly.openssl_wildfly-openssl-1.0.7.Final.jar at spark://7c36fe5f1e47:39371/jars/org.wildfly.openssl_wildfly-openssl-1.0.7.Final.jar with timestamp 1775492950221
[2026-04-06T16:29:10.881+0000] {subprocess.py:93} INFO - 26/04/06 16:29:10 INFO SparkContext: Added file file:///home/airflow/.ivy2/jars/org.apache.hadoop_hadoop-aws-3.3.4.jar at spark://7c36fe5f1e47:39371/files/org.apache.hadoop_hadoop-aws-3.3.4.jar with timestamp 1775492950221
[2026-04-06T16:29:10.882+0000] {subprocess.py:93} INFO - 26/04/06 16:29:10 INFO Utils: Copying /home/airflow/.ivy2/jars/org.apache.hadoop_hadoop-aws-3.3.4.jar to /tmp/spark-e15a33a7-10ad-4a87-9cd7-dd586ffa611c/userFiles-540ca9e8-d19d-4b60-a68f-85b85ae4c760/org.apache.hadoop_hadoop-aws-3.3.4.jar
[2026-04-06T16:29:10.899+0000] {subprocess.py:93} INFO - 26/04/06 16:29:10 INFO SparkContext: Added file file:///home/airflow/.ivy2/jars/com.amazonaws_aws-java-sdk-bundle-1.12.262.jar at spark://7c36fe5f1e47:39371/files/com.amazonaws_aws-java-sdk-bundle-1.12.262.jar with timestamp 1775492950221
[2026-04-06T16:29:10.900+0000] {subprocess.py:93} INFO - 26/04/06 16:29:10 INFO Utils: Copying /home/airflow/.ivy2/jars/com.amazonaws_aws-java-sdk-bundle-1.12.262.jar to /tmp/spark-e15a33a7-10ad-4a87-9cd7-dd586ffa611c/userFiles-540ca9e8-d19d-4b60-a68f-85b85ae4c760/com.amazonaws_aws-java-sdk-bundle-1.12.262.jar
[2026-04-06T16:29:11.837+0000] {subprocess.py:93} INFO - 26/04/06 16:29:11 INFO SparkContext: Added file file:///home/airflow/.ivy2/jars/org.wildfly.openssl_wildfly-openssl-1.0.7.Final.jar at spark://7c36fe5f1e47:39371/files/org.wildfly.openssl_wildfly-openssl-1.0.7.Final.jar with timestamp 1775492950221
[2026-04-06T16:29:11.838+0000] {subprocess.py:93} INFO - 26/04/06 16:29:11 INFO Utils: Copying /home/airflow/.ivy2/jars/org.wildfly.openssl_wildfly-openssl-1.0.7.Final.jar to /tmp/spark-e15a33a7-10ad-4a87-9cd7-dd586ffa611c/userFiles-540ca9e8-d19d-4b60-a68f-85b85ae4c760/org.wildfly.openssl_wildfly-openssl-1.0.7.Final.jar
[2026-04-06T16:29:11.893+0000] {subprocess.py:93} INFO - 26/04/06 16:29:11 INFO StandaloneAppClient$ClientEndpoint: Connecting to master spark://spark-master:7077...
[2026-04-06T16:29:11.920+0000] {subprocess.py:93} INFO - 26/04/06 16:29:11 INFO TransportClientFactory: Successfully created connection to spark-master/172.18.0.2:7077 after 15 ms (0 ms spent in bootstraps)
[2026-04-06T16:29:12.070+0000] {subprocess.py:93} INFO - 26/04/06 16:29:12 INFO StandaloneSchedulerBackend: Connected to Spark cluster with app ID app-20260406162912-0001
[2026-04-06T16:29:12.080+0000] {subprocess.py:93} INFO - 26/04/06 16:29:12 INFO Utils: Successfully started service 'org.apache.spark.network.netty.NettyBlockTransferService' on port 41123.
[2026-04-06T16:29:12.081+0000] {subprocess.py:93} INFO - 26/04/06 16:29:12 INFO NettyBlockTransferService: Server created on 7c36fe5f1e47:41123
[2026-04-06T16:29:12.082+0000] {subprocess.py:93} INFO - 26/04/06 16:29:12 INFO BlockManager: Using org.apache.spark.storage.RandomBlockReplicationPolicy for block replication policy
[2026-04-06T16:29:12.090+0000] {subprocess.py:93} INFO - 26/04/06 16:29:12 INFO BlockManagerMaster: Registering BlockManager BlockManagerId(driver, 7c36fe5f1e47, 41123, None)
[2026-04-06T16:29:12.094+0000] {subprocess.py:93} INFO - 26/04/06 16:29:12 INFO BlockManagerMasterEndpoint: Registering block manager 7c36fe5f1e47:41123 with 434.4 MiB RAM, BlockManagerId(driver, 7c36fe5f1e47, 41123, None)
[2026-04-06T16:29:12.097+0000] {subprocess.py:93} INFO - 26/04/06 16:29:12 INFO BlockManagerMaster: Registered BlockManager BlockManagerId(driver, 7c36fe5f1e47, 41123, None)
[2026-04-06T16:29:12.097+0000] {subprocess.py:93} INFO - 26/04/06 16:29:12 INFO BlockManager: Initialized BlockManager: BlockManagerId(driver, 7c36fe5f1e47, 41123, None)
[2026-04-06T16:29:12.268+0000] {subprocess.py:93} INFO - 26/04/06 16:29:12 INFO StandaloneSchedulerBackend: SchedulerBackend is ready for scheduling beginning after reached minRegisteredResourcesRatio: 0.0
[2026-04-06T16:29:12.447+0000] {subprocess.py:93} INFO - 26/04/06 16:29:12 INFO SharedState: Setting hive.metastore.warehouse.dir ('null') to the value of spark.sql.warehouse.dir.
[2026-04-06T16:29:12.448+0000] {subprocess.py:93} INFO - 26/04/06 16:29:12 INFO SharedState: Warehouse path is 'file:/tmp/airflowtmp3n_51ao0/spark-warehouse'.
[2026-04-06T16:29:13.182+0000] {subprocess.py:93} INFO - 26/04/06 16:29:13 WARN MetricsConfig: Cannot locate configuration: tried hadoop-metrics2-s3a-file-system.properties,hadoop-metrics2.properties
[2026-04-06T16:29:13.189+0000] {subprocess.py:93} INFO - 26/04/06 16:29:13 INFO MetricsSystemImpl: Scheduled Metric snapshot period at 10 second(s).
[2026-04-06T16:29:13.190+0000] {subprocess.py:93} INFO - 26/04/06 16:29:13 INFO MetricsSystemImpl: s3a-file-system metrics system started
[2026-04-06T16:29:13.945+0000] {subprocess.py:93} INFO - 26/04/06 16:29:13 INFO InMemoryFileIndex: It took 50 ms to list leaf files for 1 paths.
[2026-04-06T16:29:14.021+0000] {subprocess.py:93} INFO - 26/04/06 16:29:14 INFO InMemoryFileIndex: It took 15 ms to list leaf files for 1 paths.
[2026-04-06T16:29:15.636+0000] {subprocess.py:93} INFO - 26/04/06 16:29:15 INFO FileSourceStrategy: Pushed Filters:
[2026-04-06T16:29:15.638+0000] {subprocess.py:93} INFO - 26/04/06 16:29:15 INFO FileSourceStrategy: Post-Scan Filters: (length(trim(value#0, None)) > 0)
[2026-04-06T16:29:16.011+0000] {subprocess.py:93} INFO - 26/04/06 16:29:16 INFO CodeGenerator: Code generated in 160.753506 ms
[2026-04-06T16:29:16.056+0000] {subprocess.py:93} INFO - 26/04/06 16:29:16 INFO MemoryStore: Block broadcast_0 stored as values in memory (estimated size 203.2 KiB, free 434.2 MiB)
[2026-04-06T16:29:16.103+0000] {subprocess.py:93} INFO - 26/04/06 16:29:16 INFO MemoryStore: Block broadcast_0_piece0 stored as bytes in memory (estimated size 35.2 KiB, free 434.2 MiB)
[2026-04-06T16:29:16.108+0000] {subprocess.py:93} INFO - 26/04/06 16:29:16 INFO BlockManagerInfo: Added broadcast_0_piece0 in memory on 7c36fe5f1e47:41123 (size: 35.2 KiB, free: 434.4 MiB)
[2026-04-06T16:29:16.110+0000] {subprocess.py:93} INFO - 26/04/06 16:29:16 INFO SparkContext: Created broadcast 0 from csv at NativeMethodAccessorImpl.java:0
[2026-04-06T16:29:16.120+0000] {subprocess.py:93} INFO - 26/04/06 16:29:16 INFO FileSourceScanExec: Planning scan with bin packing, max size: 4194304 bytes, open cost is considered as scanning 4194304 bytes.
[2026-04-06T16:29:16.200+0000] {subprocess.py:93} INFO - 26/04/06 16:29:16 INFO SparkContext: Starting job: csv at NativeMethodAccessorImpl.java:0
[2026-04-06T16:29:16.210+0000] {subprocess.py:93} INFO - 26/04/06 16:29:16 INFO DAGScheduler: Got job 0 (csv at NativeMethodAccessorImpl.java:0) with 1 output partitions
[2026-04-06T16:29:16.211+0000] {subprocess.py:93} INFO - 26/04/06 16:29:16 INFO DAGScheduler: Final stage: ResultStage 0 (csv at NativeMethodAccessorImpl.java:0)
[2026-04-06T16:29:16.211+0000] {subprocess.py:93} INFO - 26/04/06 16:29:16 INFO DAGScheduler: Parents of final stage: List()
[2026-04-06T16:29:16.212+0000] {subprocess.py:93} INFO - 26/04/06 16:29:16 INFO DAGScheduler: Missing parents: List()
[2026-04-06T16:29:16.214+0000] {subprocess.py:93} INFO - 26/04/06 16:29:16 INFO DAGScheduler: Submitting ResultStage 0 (MapPartitionsRDD[3] at csv at NativeMethodAccessorImpl.java:0), which has no missing parents
[2026-04-06T16:29:16.265+0000] {subprocess.py:93} INFO - 26/04/06 16:29:16 INFO MemoryStore: Block broadcast_1 stored as values in memory (estimated size 13.5 KiB, free 434.2 MiB)
[2026-04-06T16:29:16.271+0000] {subprocess.py:93} INFO - 26/04/06 16:29:16 INFO MemoryStore: Block broadcast_1_piece0 stored as bytes in memory (estimated size 6.4 KiB, free 434.1 MiB)
[2026-04-06T16:29:16.271+0000] {subprocess.py:93} INFO - 26/04/06 16:29:16 INFO BlockManagerInfo: Added broadcast_1_piece0 in memory on 7c36fe5f1e47:41123 (size: 6.4 KiB, free: 434.4 MiB)
[2026-04-06T16:29:16.277+0000] {subprocess.py:93} INFO - 26/04/06 16:29:16 INFO SparkContext: Created broadcast 1 from broadcast at DAGScheduler.scala:1611
[2026-04-06T16:29:16.298+0000] {subprocess.py:93} INFO - 26/04/06 16:29:16 INFO DAGScheduler: Submitting 1 missing tasks from ResultStage 0 (MapPartitionsRDD[3] at csv at NativeMethodAccessorImpl.java:0) (first 15 tasks are for partitions Vector(0))
[2026-04-06T16:29:16.299+0000] {subprocess.py:93} INFO - 26/04/06 16:29:16 INFO TaskSchedulerImpl: Adding task set 0.0 with 1 tasks resource profile 0
[2026-04-06T16:29:21.909+0000] {subprocess.py:93} INFO - 26/04/06 16:29:21 INFO StandaloneAppClient$ClientEndpoint: Executor added: app-20260406162912-0001/0 on worker-20260406162852-172.18.0.5-39719 (172.18.0.5:39719) with 16 core(s)
[2026-04-06T16:29:21.910+0000] {subprocess.py:93} INFO - 26/04/06 16:29:21 INFO StandaloneSchedulerBackend: Granted executor ID app-20260406162912-0001/0 on hostPort 172.18.0.5:39719 with 16 core(s), 1024.0 MiB RAM
[2026-04-06T16:29:21.940+0000] {subprocess.py:93} INFO - 26/04/06 16:29:21 INFO StandaloneAppClient$ClientEndpoint: Executor updated: app-20260406162912-0001/0 is now RUNNING
[2026-04-06T16:29:23.403+0000] {subprocess.py:93} INFO - 26/04/06 16:29:23 INFO StandaloneSchedulerBackend$StandaloneDriverEndpoint: Registered executor NettyRpcEndpointRef(spark-client://Executor) (172.18.0.5:60304) with ID 0,  ResourceProfileId 0
[2026-04-06T16:29:23.447+0000] {subprocess.py:93} INFO - 26/04/06 16:29:23 INFO BlockManagerMasterEndpoint: Registering block manager 172.18.0.5:42305 with 434.4 MiB RAM, BlockManagerId(0, 172.18.0.5, 42305, None)
[2026-04-06T16:29:25.279+0000] {subprocess.py:93} INFO - 26/04/06 16:29:25 INFO TaskSetManager: Starting task 0.0 in stage 0.0 (TID 0) (172.18.0.5, executor 0, partition 0, PROCESS_LOCAL, 10344 bytes)
[2026-04-06T16:29:25.395+0000] {subprocess.py:93} INFO - 26/04/06 16:29:25 INFO BlockManagerInfo: Added broadcast_1_piece0 in memory on 172.18.0.5:42305 (size: 6.4 KiB, free: 434.4 MiB)
[2026-04-06T16:29:25.842+0000] {subprocess.py:93} INFO - 26/04/06 16:29:25 INFO BlockManagerInfo: Added broadcast_0_piece0 in memory on 172.18.0.5:42305 (size: 35.2 KiB, free: 434.4 MiB)
[2026-04-06T16:29:26.485+0000] {subprocess.py:93} INFO - 26/04/06 16:29:26 INFO TaskSetManager: Finished task 0.0 in stage 0.0 (TID 0) in 1211 ms on 172.18.0.5 (executor 0) (1/1)
[2026-04-06T16:29:26.487+0000] {subprocess.py:93} INFO - 26/04/06 16:29:26 INFO TaskSchedulerImpl: Removed TaskSet 0.0, whose tasks have all completed, from pool
[2026-04-06T16:29:26.488+0000] {subprocess.py:93} INFO - 26/04/06 16:29:26 INFO DAGScheduler: ResultStage 0 (csv at NativeMethodAccessorImpl.java:0) finished in 10.265 s
[2026-04-06T16:29:26.489+0000] {subprocess.py:93} INFO - 26/04/06 16:29:26 INFO DAGScheduler: Job 0 is finished. Cancelling potential speculative or zombie tasks for this job
[2026-04-06T16:29:26.490+0000] {subprocess.py:93} INFO - 26/04/06 16:29:26 INFO TaskSchedulerImpl: Killing all running tasks in stage 0: Stage finished
[2026-04-06T16:29:26.491+0000] {subprocess.py:93} INFO - 26/04/06 16:29:26 INFO DAGScheduler: Job 0 finished: csv at NativeMethodAccessorImpl.java:0, took 10.291974 s
[2026-04-06T16:29:26.503+0000] {subprocess.py:93} INFO - 26/04/06 16:29:26 INFO CodeGenerator: Code generated in 6.405593 ms
[2026-04-06T16:29:26.527+0000] {subprocess.py:93} INFO - 26/04/06 16:29:26 INFO BlockManagerInfo: Removed broadcast_1_piece0 on 7c36fe5f1e47:41123 in memory (size: 6.4 KiB, free: 434.4 MiB)
[2026-04-06T16:29:26.532+0000] {subprocess.py:93} INFO - 26/04/06 16:29:26 INFO BlockManagerInfo: Removed broadcast_1_piece0 on 172.18.0.5:42305 in memory (size: 6.4 KiB, free: 434.4 MiB)
[2026-04-06T16:29:26.533+0000] {subprocess.py:93} INFO - 26/04/06 16:29:26 INFO FileSourceStrategy: Pushed Filters:
[2026-04-06T16:29:26.533+0000] {subprocess.py:93} INFO - 26/04/06 16:29:26 INFO FileSourceStrategy: Post-Scan Filters:
[2026-04-06T16:29:26.537+0000] {subprocess.py:93} INFO - 26/04/06 16:29:26 INFO MemoryStore: Block broadcast_2 stored as values in memory (estimated size 203.2 KiB, free 434.0 MiB)
[2026-04-06T16:29:26.546+0000] {subprocess.py:93} INFO - 26/04/06 16:29:26 INFO MemoryStore: Block broadcast_2_piece0 stored as bytes in memory (estimated size 35.2 KiB, free 433.9 MiB)
[2026-04-06T16:29:26.547+0000] {subprocess.py:93} INFO - 26/04/06 16:29:26 INFO BlockManagerInfo: Added broadcast_2_piece0 in memory on 7c36fe5f1e47:41123 (size: 35.2 KiB, free: 434.3 MiB)
[2026-04-06T16:29:26.547+0000] {subprocess.py:93} INFO - 26/04/06 16:29:26 INFO SparkContext: Created broadcast 2 from csv at NativeMethodAccessorImpl.java:0
[2026-04-06T16:29:26.548+0000] {subprocess.py:93} INFO - 26/04/06 16:29:26 INFO FileSourceScanExec: Planning scan with bin packing, max size: 4194304 bytes, open cost is considered as scanning 4194304 bytes.
[2026-04-06T16:29:26.585+0000] {subprocess.py:93} INFO - 26/04/06 16:29:26 INFO SparkContext: Starting job: csv at NativeMethodAccessorImpl.java:0
[2026-04-06T16:29:26.586+0000] {subprocess.py:93} INFO - 26/04/06 16:29:26 INFO DAGScheduler: Got job 1 (csv at NativeMethodAccessorImpl.java:0) with 1 output partitions
[2026-04-06T16:29:26.586+0000] {subprocess.py:93} INFO - 26/04/06 16:29:26 INFO DAGScheduler: Final stage: ResultStage 1 (csv at NativeMethodAccessorImpl.java:0)
[2026-04-06T16:29:26.587+0000] {subprocess.py:93} INFO - 26/04/06 16:29:26 INFO DAGScheduler: Parents of final stage: List()
[2026-04-06T16:29:26.587+0000] {subprocess.py:93} INFO - 26/04/06 16:29:26 INFO DAGScheduler: Missing parents: List()
[2026-04-06T16:29:26.588+0000] {subprocess.py:93} INFO - 26/04/06 16:29:26 INFO DAGScheduler: Submitting ResultStage 1 (MapPartitionsRDD[9] at csv at NativeMethodAccessorImpl.java:0), which has no missing parents
[2026-04-06T16:29:26.597+0000] {subprocess.py:93} INFO - 26/04/06 16:29:26 INFO MemoryStore: Block broadcast_3 stored as values in memory (estimated size 29.4 KiB, free 433.9 MiB)
[2026-04-06T16:29:26.602+0000] {subprocess.py:93} INFO - 26/04/06 16:29:26 INFO MemoryStore: Block broadcast_3_piece0 stored as bytes in memory (estimated size 13.2 KiB, free 433.9 MiB)
[2026-04-06T16:29:26.602+0000] {subprocess.py:93} INFO - 26/04/06 16:29:26 INFO BlockManagerInfo: Added broadcast_3_piece0 in memory on 7c36fe5f1e47:41123 (size: 13.2 KiB, free: 434.3 MiB)
[2026-04-06T16:29:26.603+0000] {subprocess.py:93} INFO - 26/04/06 16:29:26 INFO SparkContext: Created broadcast 3 from broadcast at DAGScheduler.scala:1611
[2026-04-06T16:29:26.603+0000] {subprocess.py:93} INFO - 26/04/06 16:29:26 INFO DAGScheduler: Submitting 1 missing tasks from ResultStage 1 (MapPartitionsRDD[9] at csv at NativeMethodAccessorImpl.java:0) (first 15 tasks are for partitions Vector(0))
[2026-04-06T16:29:26.604+0000] {subprocess.py:93} INFO - 26/04/06 16:29:26 INFO TaskSchedulerImpl: Adding task set 1.0 with 1 tasks resource profile 0
[2026-04-06T16:29:26.605+0000] {subprocess.py:93} INFO - 26/04/06 16:29:26 INFO TaskSetManager: Starting task 0.0 in stage 1.0 (TID 1) (172.18.0.5, executor 0, partition 0, PROCESS_LOCAL, 10344 bytes)
[2026-04-06T16:29:26.617+0000] {subprocess.py:93} INFO - 26/04/06 16:29:26 INFO BlockManagerInfo: Removed broadcast_0_piece0 on 7c36fe5f1e47:41123 in memory (size: 35.2 KiB, free: 434.4 MiB)
[2026-04-06T16:29:26.620+0000] {subprocess.py:93} INFO - 26/04/06 16:29:26 INFO BlockManagerInfo: Removed broadcast_0_piece0 on 172.18.0.5:42305 in memory (size: 35.2 KiB, free: 434.4 MiB)
[2026-04-06T16:29:26.625+0000] {subprocess.py:93} INFO - 26/04/06 16:29:26 INFO BlockManagerInfo: Added broadcast_3_piece0 in memory on 172.18.0.5:42305 (size: 13.2 KiB, free: 434.4 MiB)
[2026-04-06T16:29:27.148+0000] {subprocess.py:93} INFO - 26/04/06 16:29:27 INFO BlockManagerInfo: Added broadcast_2_piece0 in memory on 172.18.0.5:42305 (size: 35.2 KiB, free: 434.4 MiB)
[2026-04-06T16:29:27.438+0000] {subprocess.py:93} INFO - 26/04/06 16:29:27 INFO TaskSetManager: Finished task 0.0 in stage 1.0 (TID 1) in 833 ms on 172.18.0.5 (executor 0) (1/1)
[2026-04-06T16:29:27.441+0000] {subprocess.py:93} INFO - 26/04/06 16:29:27 INFO TaskSchedulerImpl: Removed TaskSet 1.0, whose tasks have all completed, from pool
[2026-04-06T16:29:27.442+0000] {subprocess.py:93} INFO - 26/04/06 16:29:27 INFO DAGScheduler: ResultStage 1 (csv at NativeMethodAccessorImpl.java:0) finished in 0.851 s
[2026-04-06T16:29:27.442+0000] {subprocess.py:93} INFO - 26/04/06 16:29:27 INFO DAGScheduler: Job 1 is finished. Cancelling potential speculative or zombie tasks for this job
[2026-04-06T16:29:27.442+0000] {subprocess.py:93} INFO - 26/04/06 16:29:27 INFO TaskSchedulerImpl: Killing all running tasks in stage 1: Stage finished
[2026-04-06T16:29:27.443+0000] {subprocess.py:93} INFO - 26/04/06 16:29:27 INFO DAGScheduler: Job 1 finished: csv at NativeMethodAccessorImpl.java:0, took 0.854332 s
[2026-04-06T16:29:27.589+0000] {subprocess.py:93} INFO - 26/04/06 16:29:27 INFO FileSourceStrategy: Pushed Filters:
[2026-04-06T16:29:27.590+0000] {subprocess.py:93} INFO - 26/04/06 16:29:27 INFO FileSourceStrategy: Post-Scan Filters: isnotnull(trim(encounter_id#17, None))
[2026-04-06T16:29:27.670+0000] {subprocess.py:93} INFO - 26/04/06 16:29:27 INFO CodeGenerator: Code generated in 18.860916 ms
[2026-04-06T16:29:27.672+0000] {subprocess.py:93} INFO - 26/04/06 16:29:27 INFO MemoryStore: Block broadcast_4 stored as values in memory (estimated size 203.1 KiB, free 433.9 MiB)
[2026-04-06T16:29:27.680+0000] {subprocess.py:93} INFO - 26/04/06 16:29:27 INFO BlockManagerInfo: Removed broadcast_3_piece0 on 7c36fe5f1e47:41123 in memory (size: 13.2 KiB, free: 434.4 MiB)
[2026-04-06T16:29:27.683+0000] {subprocess.py:93} INFO - 26/04/06 16:29:27 INFO MemoryStore: Block broadcast_4_piece0 stored as bytes in memory (estimated size 35.2 KiB, free 433.9 MiB)
[2026-04-06T16:29:27.684+0000] {subprocess.py:93} INFO - 26/04/06 16:29:27 INFO BlockManagerInfo: Added broadcast_4_piece0 in memory on 7c36fe5f1e47:41123 (size: 35.2 KiB, free: 434.3 MiB)
[2026-04-06T16:29:27.684+0000] {subprocess.py:93} INFO - 26/04/06 16:29:27 INFO BlockManagerInfo: Removed broadcast_3_piece0 on 172.18.0.5:42305 in memory (size: 13.2 KiB, free: 434.4 MiB)
[2026-04-06T16:29:27.684+0000] {subprocess.py:93} INFO - 26/04/06 16:29:27 INFO SparkContext: Created broadcast 4 from parquet at NativeMethodAccessorImpl.java:0
[2026-04-06T16:29:27.686+0000] {subprocess.py:93} INFO - 26/04/06 16:29:27 INFO FileSourceScanExec: Planning scan with bin packing, max size: 4194304 bytes, open cost is considered as scanning 4194304 bytes.
[2026-04-06T16:29:27.707+0000] {subprocess.py:93} INFO - 26/04/06 16:29:27 INFO DAGScheduler: Registering RDD 14 (parquet at NativeMethodAccessorImpl.java:0) as input to shuffle 0
[2026-04-06T16:29:27.709+0000] {subprocess.py:93} INFO - 26/04/06 16:29:27 INFO DAGScheduler: Got map stage job 2 (parquet at NativeMethodAccessorImpl.java:0) with 1 output partitions
[2026-04-06T16:29:27.709+0000] {subprocess.py:93} INFO - 26/04/06 16:29:27 INFO DAGScheduler: Final stage: ShuffleMapStage 2 (parquet at NativeMethodAccessorImpl.java:0)
[2026-04-06T16:29:27.709+0000] {subprocess.py:93} INFO - 26/04/06 16:29:27 INFO DAGScheduler: Parents of final stage: List()
[2026-04-06T16:29:27.709+0000] {subprocess.py:93} INFO - 26/04/06 16:29:27 INFO DAGScheduler: Missing parents: List()
[2026-04-06T16:29:27.710+0000] {subprocess.py:93} INFO - 26/04/06 16:29:27 INFO DAGScheduler: Submitting ShuffleMapStage 2 (MapPartitionsRDD[14] at parquet at NativeMethodAccessorImpl.java:0), which has no missing parents
[2026-04-06T16:29:27.718+0000] {subprocess.py:93} INFO - 26/04/06 16:29:27 INFO MemoryStore: Block broadcast_5 stored as values in memory (estimated size 39.0 KiB, free 433.9 MiB)
[2026-04-06T16:29:27.722+0000] {subprocess.py:93} INFO - 26/04/06 16:29:27 INFO MemoryStore: Block broadcast_5_piece0 stored as bytes in memory (estimated size 17.6 KiB, free 433.9 MiB)
[2026-04-06T16:29:27.723+0000] {subprocess.py:93} INFO - 26/04/06 16:29:27 INFO BlockManagerInfo: Added broadcast_5_piece0 in memory on 7c36fe5f1e47:41123 (size: 17.6 KiB, free: 434.3 MiB)
[2026-04-06T16:29:27.723+0000] {subprocess.py:93} INFO - 26/04/06 16:29:27 INFO BlockManagerInfo: Removed broadcast_2_piece0 on 7c36fe5f1e47:41123 in memory (size: 35.2 KiB, free: 434.3 MiB)
[2026-04-06T16:29:27.723+0000] {subprocess.py:93} INFO - 26/04/06 16:29:27 INFO SparkContext: Created broadcast 5 from broadcast at DAGScheduler.scala:1611
[2026-04-06T16:29:27.724+0000] {subprocess.py:93} INFO - 26/04/06 16:29:27 INFO DAGScheduler: Submitting 1 missing tasks from ShuffleMapStage 2 (MapPartitionsRDD[14] at parquet at NativeMethodAccessorImpl.java:0) (first 15 tasks are for partitions Vector(0))
[2026-04-06T16:29:27.725+0000] {subprocess.py:93} INFO - 26/04/06 16:29:27 INFO TaskSchedulerImpl: Adding task set 2.0 with 1 tasks resource profile 0
[2026-04-06T16:29:27.725+0000] {subprocess.py:93} INFO - 26/04/06 16:29:27 INFO BlockManagerInfo: Removed broadcast_2_piece0 on 172.18.0.5:42305 in memory (size: 35.2 KiB, free: 434.4 MiB)
[2026-04-06T16:29:27.726+0000] {subprocess.py:93} INFO - 26/04/06 16:29:27 INFO TaskSetManager: Starting task 0.0 in stage 2.0 (TID 2) (172.18.0.5, executor 0, partition 0, PROCESS_LOCAL, 10333 bytes)
[2026-04-06T16:29:27.740+0000] {subprocess.py:93} INFO - 26/04/06 16:29:27 INFO BlockManagerInfo: Added broadcast_5_piece0 in memory on 172.18.0.5:42305 (size: 17.6 KiB, free: 434.4 MiB)
[2026-04-06T16:29:27.862+0000] {subprocess.py:93} INFO - 26/04/06 16:29:27 INFO BlockManagerInfo: Added broadcast_4_piece0 in memory on 172.18.0.5:42305 (size: 35.2 KiB, free: 434.3 MiB)
[2026-04-06T16:29:28.147+0000] {subprocess.py:93} INFO - 26/04/06 16:29:28 INFO TaskSetManager: Finished task 0.0 in stage 2.0 (TID 2) in 422 ms on 172.18.0.5 (executor 0) (1/1)
[2026-04-06T16:29:28.148+0000] {subprocess.py:93} INFO - 26/04/06 16:29:28 INFO TaskSchedulerImpl: Removed TaskSet 2.0, whose tasks have all completed, from pool
[2026-04-06T16:29:28.148+0000] {subprocess.py:93} INFO - 26/04/06 16:29:28 INFO DAGScheduler: ShuffleMapStage 2 (parquet at NativeMethodAccessorImpl.java:0) finished in 0.437 s
[2026-04-06T16:29:28.149+0000] {subprocess.py:93} INFO - 26/04/06 16:29:28 INFO DAGScheduler: looking for newly runnable stages
[2026-04-06T16:29:28.149+0000] {subprocess.py:93} INFO - 26/04/06 16:29:28 INFO DAGScheduler: running: Set()
[2026-04-06T16:29:28.149+0000] {subprocess.py:93} INFO - 26/04/06 16:29:28 INFO DAGScheduler: waiting: Set()
[2026-04-06T16:29:28.150+0000] {subprocess.py:93} INFO - 26/04/06 16:29:28 INFO DAGScheduler: failed: Set()
[2026-04-06T16:29:28.160+0000] {subprocess.py:93} INFO - 26/04/06 16:29:28 INFO ShufflePartitionsUtil: For shuffle(0), advisory target size: 67108864, actual target size 1048576, minimum partition size: 1048576
[2026-04-06T16:29:28.255+0000] {subprocess.py:93} INFO - 26/04/06 16:29:28 INFO ParquetUtils: Using default output committer for Parquet: org.apache.parquet.hadoop.ParquetOutputCommitter
[2026-04-06T16:29:28.269+0000] {subprocess.py:93} INFO - 26/04/06 16:29:28 INFO FileOutputCommitter: File Output Committer Algorithm version is 1
[2026-04-06T16:29:28.269+0000] {subprocess.py:93} INFO - 26/04/06 16:29:28 INFO FileOutputCommitter: FileOutputCommitter skip cleanup _temporary folders under output directory:false, ignore cleanup failures: false
[2026-04-06T16:29:28.269+0000] {subprocess.py:93} INFO - 26/04/06 16:29:28 INFO SQLHadoopMapReduceCommitProtocol: Using user defined output committer class org.apache.parquet.hadoop.ParquetOutputCommitter
[2026-04-06T16:29:28.269+0000] {subprocess.py:93} INFO - 26/04/06 16:29:28 INFO FileOutputCommitter: File Output Committer Algorithm version is 1
[2026-04-06T16:29:28.270+0000] {subprocess.py:93} INFO - 26/04/06 16:29:28 INFO FileOutputCommitter: FileOutputCommitter skip cleanup _temporary folders under output directory:false, ignore cleanup failures: false
[2026-04-06T16:29:28.270+0000] {subprocess.py:93} INFO - 26/04/06 16:29:28 INFO SQLHadoopMapReduceCommitProtocol: Using output committer class org.apache.parquet.hadoop.ParquetOutputCommitter
[2026-04-06T16:29:28.307+0000] {subprocess.py:93} INFO - 26/04/06 16:29:28 INFO CodeGenerator: Code generated in 6.83973 ms
[2026-04-06T16:29:28.315+0000] {subprocess.py:93} INFO - 26/04/06 16:29:28 INFO CodeGenerator: Code generated in 5.219349 ms
[2026-04-06T16:29:28.328+0000] {subprocess.py:93} INFO - 26/04/06 16:29:28 INFO SparkContext: Starting job: parquet at NativeMethodAccessorImpl.java:0
[2026-04-06T16:29:28.329+0000] {subprocess.py:93} INFO - 26/04/06 16:29:28 INFO DAGScheduler: Got job 3 (parquet at NativeMethodAccessorImpl.java:0) with 1 output partitions
[2026-04-06T16:29:28.329+0000] {subprocess.py:93} INFO - 26/04/06 16:29:28 INFO DAGScheduler: Final stage: ResultStage 4 (parquet at NativeMethodAccessorImpl.java:0)
[2026-04-06T16:29:28.329+0000] {subprocess.py:93} INFO - 26/04/06 16:29:28 INFO DAGScheduler: Parents of final stage: List(ShuffleMapStage 3)
[2026-04-06T16:29:28.330+0000] {subprocess.py:93} INFO - 26/04/06 16:29:28 INFO DAGScheduler: Missing parents: List()
[2026-04-06T16:29:28.330+0000] {subprocess.py:93} INFO - 26/04/06 16:29:28 INFO DAGScheduler: Submitting ResultStage 4 (MapPartitionsRDD[19] at parquet at NativeMethodAccessorImpl.java:0), which has no missing parents
[2026-04-06T16:29:28.351+0000] {subprocess.py:93} INFO - 26/04/06 16:29:28 INFO MemoryStore: Block broadcast_6 stored as values in memory (estimated size 255.6 KiB, free 433.9 MiB)
[2026-04-06T16:29:28.355+0000] {subprocess.py:93} INFO - 26/04/06 16:29:28 INFO MemoryStore: Block broadcast_6_piece0 stored as bytes in memory (estimated size 93.8 KiB, free 433.8 MiB)
[2026-04-06T16:29:28.356+0000] {subprocess.py:93} INFO - 26/04/06 16:29:28 INFO BlockManagerInfo: Added broadcast_6_piece0 in memory on 7c36fe5f1e47:41123 (size: 93.8 KiB, free: 434.3 MiB)
[2026-04-06T16:29:28.357+0000] {subprocess.py:93} INFO - 26/04/06 16:29:28 INFO BlockManagerInfo: Removed broadcast_5_piece0 on 7c36fe5f1e47:41123 in memory (size: 17.6 KiB, free: 434.3 MiB)
[2026-04-06T16:29:28.357+0000] {subprocess.py:93} INFO - 26/04/06 16:29:28 INFO SparkContext: Created broadcast 6 from broadcast at DAGScheduler.scala:1611
[2026-04-06T16:29:28.357+0000] {subprocess.py:93} INFO - 26/04/06 16:29:28 INFO DAGScheduler: Submitting 1 missing tasks from ResultStage 4 (MapPartitionsRDD[19] at parquet at NativeMethodAccessorImpl.java:0) (first 15 tasks are for partitions Vector(0))
[2026-04-06T16:29:28.358+0000] {subprocess.py:93} INFO - 26/04/06 16:29:28 INFO TaskSchedulerImpl: Adding task set 4.0 with 1 tasks resource profile 0
[2026-04-06T16:29:28.359+0000] {subprocess.py:93} INFO - 26/04/06 16:29:28 INFO BlockManagerInfo: Removed broadcast_5_piece0 on 172.18.0.5:42305 in memory (size: 17.6 KiB, free: 434.4 MiB)
[2026-04-06T16:29:28.361+0000] {subprocess.py:93} INFO - 26/04/06 16:29:28 INFO TaskSetManager: Starting task 0.0 in stage 4.0 (TID 3) (172.18.0.5, executor 0, partition 0, NODE_LOCAL, 9733 bytes)
[2026-04-06T16:29:28.375+0000] {subprocess.py:93} INFO - 26/04/06 16:29:28 INFO BlockManagerInfo: Added broadcast_6_piece0 in memory on 172.18.0.5:42305 (size: 93.8 KiB, free: 434.3 MiB)
[2026-04-06T16:29:28.418+0000] {subprocess.py:93} INFO - 26/04/06 16:29:28 INFO MapOutputTrackerMasterEndpoint: Asked to send map output locations for shuffle 0 to 172.18.0.5:60304
[2026-04-06T16:29:29.074+0000] {subprocess.py:93} INFO - 26/04/06 16:29:29 INFO TaskSetManager: Finished task 0.0 in stage 4.0 (TID 3) in 714 ms on 172.18.0.5 (executor 0) (1/1)
[2026-04-06T16:29:29.074+0000] {subprocess.py:93} INFO - 26/04/06 16:29:29 INFO TaskSchedulerImpl: Removed TaskSet 4.0, whose tasks have all completed, from pool
[2026-04-06T16:29:29.075+0000] {subprocess.py:93} INFO - 26/04/06 16:29:29 INFO DAGScheduler: ResultStage 4 (parquet at NativeMethodAccessorImpl.java:0) finished in 0.736 s
[2026-04-06T16:29:29.075+0000] {subprocess.py:93} INFO - 26/04/06 16:29:29 INFO DAGScheduler: Job 3 is finished. Cancelling potential speculative or zombie tasks for this job
[2026-04-06T16:29:29.075+0000] {subprocess.py:93} INFO - 26/04/06 16:29:29 INFO TaskSchedulerImpl: Killing all running tasks in stage 4: Stage finished
[2026-04-06T16:29:29.076+0000] {subprocess.py:93} INFO - 26/04/06 16:29:29 INFO DAGScheduler: Job 3 finished: parquet at NativeMethodAccessorImpl.java:0, took 0.747700 s
[2026-04-06T16:29:29.077+0000] {subprocess.py:93} INFO - 26/04/06 16:29:29 INFO FileFormatWriter: Start to commit write Job cacd301c-2089-4f0c-ad1e-0f6620fbb2b5.
[2026-04-06T16:29:29.176+0000] {subprocess.py:93} INFO - 26/04/06 16:29:29 INFO FileFormatWriter: Write Job cacd301c-2089-4f0c-ad1e-0f6620fbb2b5 committed. Elapsed time: 99 ms.
[2026-04-06T16:29:29.178+0000] {subprocess.py:93} INFO - 26/04/06 16:29:29 INFO FileFormatWriter: Finished processing stats for write job cacd301c-2089-4f0c-ad1e-0f6620fbb2b5.
[2026-04-06T16:29:29.180+0000] {subprocess.py:93} INFO - Encounters Bronze -> Silver completed successfully.
[2026-04-06T16:29:29.180+0000] {subprocess.py:93} INFO - 26/04/06 16:29:29 INFO SparkContext: SparkContext is stopping with exitCode 0.
[2026-04-06T16:29:29.186+0000] {subprocess.py:93} INFO - 26/04/06 16:29:29 INFO SparkUI: Stopped Spark web UI at http://7c36fe5f1e47:4040
[2026-04-06T16:29:29.188+0000] {subprocess.py:93} INFO - 26/04/06 16:29:29 INFO StandaloneSchedulerBackend: Shutting down all executors
[2026-04-06T16:29:29.188+0000] {subprocess.py:93} INFO - 26/04/06 16:29:29 INFO StandaloneSchedulerBackend$StandaloneDriverEndpoint: Asking each executor to shut down
[2026-04-06T16:29:29.195+0000] {subprocess.py:93} INFO - 26/04/06 16:29:29 INFO MapOutputTrackerMasterEndpoint: MapOutputTrackerMasterEndpoint stopped!
[2026-04-06T16:29:29.209+0000] {subprocess.py:93} INFO - 26/04/06 16:29:29 INFO MemoryStore: MemoryStore cleared
[2026-04-06T16:29:29.210+0000] {subprocess.py:93} INFO - 26/04/06 16:29:29 INFO BlockManager: BlockManager stopped
[2026-04-06T16:29:29.214+0000] {subprocess.py:93} INFO - 26/04/06 16:29:29 INFO BlockManagerMaster: BlockManagerMaster stopped
[2026-04-06T16:29:29.215+0000] {subprocess.py:93} INFO - 26/04/06 16:29:29 INFO OutputCommitCoordinator$OutputCommitCoordinatorEndpoint: OutputCommitCoordinator stopped!
[2026-04-06T16:29:29.292+0000] {subprocess.py:93} INFO - 26/04/06 16:29:29 INFO SparkContext: Successfully stopped SparkContext
[2026-04-06T16:29:29.330+0000] {subprocess.py:93} INFO - 26/04/06 16:29:29 INFO ShutdownHookManager: Shutdown hook called
[2026-04-06T16:29:29.331+0000] {subprocess.py:93} INFO - 26/04/06 16:29:29 INFO ShutdownHookManager: Deleting directory /tmp/spark-2c3ea41a-ee60-4846-a926-cf54e22d744c
[2026-04-06T16:29:29.335+0000] {subprocess.py:93} INFO - 26/04/06 16:29:29 INFO ShutdownHookManager: Deleting directory /tmp/spark-e15a33a7-10ad-4a87-9cd7-dd586ffa611c
[2026-04-06T16:29:29.339+0000] {subprocess.py:93} INFO - 26/04/06 16:29:29 INFO ShutdownHookManager: Deleting directory /tmp/spark-e15a33a7-10ad-4a87-9cd7-dd586ffa611c/pyspark-57d14936-7193-4502-b1e1-e20a07b94ee0
[2026-04-06T16:29:29.346+0000] {subprocess.py:93} INFO - 26/04/06 16:29:29 INFO MetricsSystemImpl: Stopping s3a-file-system metrics system...
[2026-04-06T16:29:29.347+0000] {subprocess.py:93} INFO - 26/04/06 16:29:29 INFO MetricsSystemImpl: s3a-file-system metrics system stopped.
[2026-04-06T16:29:29.347+0000] {subprocess.py:93} INFO - 26/04/06 16:29:29 INFO MetricsSystemImpl: s3a-file-system metrics system shutdown complete.
[2026-04-06T16:29:29.415+0000] {subprocess.py:97} INFO - Command exited with return code 0
[2026-04-06T16:29:29.437+0000] {taskinstance.py:1149} INFO - Marking task as SUCCESS. dag_id=bronze_to_silver_and_gold, task_id=run_encounters_silver, execution_date=20260406T162905, start_date=20260406T162907, end_date=20260406T162929
[2026-04-06T16:29:29.470+0000] {local_task_job_runner.py:234} INFO - Task exited with return code 0
[2026-04-06T16:29:29.486+0000] {taskinstance.py:3312} INFO - 0 downstream tasks scheduled from follow-on schedule check
