[2026-04-06T15:26:23.360+0000] {taskinstance.py:1979} INFO - Dependencies all met for dep_context=non-requeueable deps ti=<TaskInstance: bronze_to_silver_and_gold.load_silver_to_postgres manual__2026-04-06T15:25:54.084675+00:00 [queued]>
[2026-04-06T15:26:23.364+0000] {taskinstance.py:1979} INFO - Dependencies all met for dep_context=requeueable deps ti=<TaskInstance: bronze_to_silver_and_gold.load_silver_to_postgres manual__2026-04-06T15:25:54.084675+00:00 [queued]>
[2026-04-06T15:26:23.365+0000] {taskinstance.py:2193} INFO - Starting attempt 1 of 1
[2026-04-06T15:26:23.372+0000] {taskinstance.py:2217} INFO - Executing <Task(BashOperator): load_silver_to_postgres> on 2026-04-06 15:25:54.084675+00:00
[2026-04-06T15:26:23.377+0000] {standard_task_runner.py:60} INFO - Started process 1037 to run task
[2026-04-06T15:26:23.379+0000] {standard_task_runner.py:87} INFO - Running: ['airflow', 'tasks', 'run', 'bronze_to_silver_and_gold', 'load_silver_to_postgres', 'manual__2026-04-06T15:25:54.084675+00:00', '--job-id', '43', '--raw', '--subdir', 'DAGS_FOLDER/bronze_to_silver_dag.py', '--cfg-path', '/tmp/tmpzu1tka27']
[2026-04-06T15:26:23.381+0000] {standard_task_runner.py:88} INFO - Job 43: Subtask load_silver_to_postgres
[2026-04-06T15:26:23.420+0000] {task_command.py:423} INFO - Running <TaskInstance: bronze_to_silver_and_gold.load_silver_to_postgres manual__2026-04-06T15:25:54.084675+00:00 [running]> on host 7c36fe5f1e47
[2026-04-06T15:26:23.478+0000] {taskinstance.py:2513} INFO - Exporting env vars: AIRFLOW_CTX_DAG_OWNER='airflow' AIRFLOW_CTX_DAG_ID='bronze_to_silver_and_gold' AIRFLOW_CTX_TASK_ID='load_silver_to_postgres' AIRFLOW_CTX_EXECUTION_DATE='2026-04-06T15:25:54.084675+00:00' AIRFLOW_CTX_TRY_NUMBER='1' AIRFLOW_CTX_DAG_RUN_ID='manual__2026-04-06T15:25:54.084675+00:00'
[2026-04-06T15:26:23.478+0000] {subprocess.py:63} INFO - Tmp dir root location: /tmp
[2026-04-06T15:26:23.479+0000] {subprocess.py:75} INFO - Running command: ['/usr/bin/bash', '-c', '\n            /opt/spark/bin/spark-submit             --master spark://spark-master:7077             --packages org.postgresql:postgresql:42.6.0,org.apache.hadoop:hadoop-aws:3.3.4,com.amazonaws:aws-java-sdk-bundle:1.12.262             --conf spark.hadoop.fs.s3a.endpoint=http://minio:9000             --conf spark.hadoop.fs.s3a.access.key=minioadmin             --conf spark.hadoop.fs.s3a.secret.key=minioadmin             --conf spark.hadoop.fs.s3a.path.style.access=true             --conf spark.hadoop.fs.s3a.impl=org.apache.hadoop.fs.s3a.S3AFileSystem             /opt/airflow/spark/jobs/load_silver_to_postgres.py\n        ']
[2026-04-06T15:26:23.488+0000] {subprocess.py:86} INFO - Output:
[2026-04-06T15:26:24.407+0000] {subprocess.py:93} INFO - :: loading settings :: url = jar:file:/opt/spark-3.5.6-bin-hadoop3/jars/ivy-2.5.1.jar!/org/apache/ivy/core/settings/ivysettings.xml
[2026-04-06T15:26:24.450+0000] {subprocess.py:93} INFO - Ivy Default Cache set to: /home/airflow/.ivy2/cache
[2026-04-06T15:26:24.451+0000] {subprocess.py:93} INFO - The jars for the packages stored in: /home/airflow/.ivy2/jars
[2026-04-06T15:26:24.453+0000] {subprocess.py:93} INFO - org.postgresql#postgresql added as a dependency
[2026-04-06T15:26:24.453+0000] {subprocess.py:93} INFO - org.apache.hadoop#hadoop-aws added as a dependency
[2026-04-06T15:26:24.453+0000] {subprocess.py:93} INFO - com.amazonaws#aws-java-sdk-bundle added as a dependency
[2026-04-06T15:26:24.454+0000] {subprocess.py:93} INFO - :: resolving dependencies :: org.apache.spark#spark-submit-parent-a4cce4eb-3cb7-47ce-a74f-d3b68f89d072;1.0
[2026-04-06T15:26:24.454+0000] {subprocess.py:93} INFO - 	confs: [default]
[2026-04-06T15:26:24.535+0000] {subprocess.py:93} INFO - 	found org.postgresql#postgresql;42.6.0 in central
[2026-04-06T15:26:24.554+0000] {subprocess.py:93} INFO - 	found org.checkerframework#checker-qual;3.31.0 in central
[2026-04-06T15:26:24.590+0000] {subprocess.py:93} INFO - 	found org.apache.hadoop#hadoop-aws;3.3.4 in spark-list
[2026-04-06T15:26:24.606+0000] {subprocess.py:93} INFO - 	found com.amazonaws#aws-java-sdk-bundle;1.12.262 in central
[2026-04-06T15:26:24.623+0000] {subprocess.py:93} INFO - 	found org.wildfly.openssl#wildfly-openssl;1.0.7.Final in central
[2026-04-06T15:26:24.641+0000] {subprocess.py:93} INFO - :: resolution report :: resolve 178ms :: artifacts dl 9ms
[2026-04-06T15:26:24.642+0000] {subprocess.py:93} INFO - 	:: modules in use:
[2026-04-06T15:26:24.642+0000] {subprocess.py:93} INFO - 	com.amazonaws#aws-java-sdk-bundle;1.12.262 from central in [default]
[2026-04-06T15:26:24.642+0000] {subprocess.py:93} INFO - 	org.apache.hadoop#hadoop-aws;3.3.4 from spark-list in [default]
[2026-04-06T15:26:24.643+0000] {subprocess.py:93} INFO - 	org.checkerframework#checker-qual;3.31.0 from central in [default]
[2026-04-06T15:26:24.643+0000] {subprocess.py:93} INFO - 	org.postgresql#postgresql;42.6.0 from central in [default]
[2026-04-06T15:26:24.643+0000] {subprocess.py:93} INFO - 	org.wildfly.openssl#wildfly-openssl;1.0.7.Final from central in [default]
[2026-04-06T15:26:24.644+0000] {subprocess.py:93} INFO - 	---------------------------------------------------------------------
[2026-04-06T15:26:24.644+0000] {subprocess.py:93} INFO - 	|                  |            modules            ||   artifacts   |
[2026-04-06T15:26:24.644+0000] {subprocess.py:93} INFO - 	|       conf       | number| search|dwnlded|evicted|| number|dwnlded|
[2026-04-06T15:26:24.645+0000] {subprocess.py:93} INFO - 	---------------------------------------------------------------------
[2026-04-06T15:26:24.645+0000] {subprocess.py:93} INFO - 	|      default     |   5   |   0   |   0   |   0   ||   5   |   0   |
[2026-04-06T15:26:24.645+0000] {subprocess.py:93} INFO - 	---------------------------------------------------------------------
[2026-04-06T15:26:24.647+0000] {subprocess.py:93} INFO - :: retrieving :: org.apache.spark#spark-submit-parent-a4cce4eb-3cb7-47ce-a74f-d3b68f89d072
[2026-04-06T15:26:24.647+0000] {subprocess.py:93} INFO - 	confs: [default]
[2026-04-06T15:26:24.653+0000] {subprocess.py:93} INFO - 	0 artifacts copied, 5 already retrieved (0kB/6ms)
[2026-04-06T15:26:24.767+0000] {subprocess.py:93} INFO - 26/04/06 15:26:24 WARN NativeCodeLoader: Unable to load native-hadoop library for your platform... using builtin-java classes where applicable
[2026-04-06T15:26:25.386+0000] {subprocess.py:93} INFO - 26/04/06 15:26:25 INFO SparkContext: Running Spark version 3.5.6
[2026-04-06T15:26:25.387+0000] {subprocess.py:93} INFO - 26/04/06 15:26:25 INFO SparkContext: OS info Linux, 6.6.87.2-microsoft-standard-WSL2, amd64
[2026-04-06T15:26:25.387+0000] {subprocess.py:93} INFO - 26/04/06 15:26:25 INFO SparkContext: Java version 17.0.18
[2026-04-06T15:26:25.409+0000] {subprocess.py:93} INFO - 26/04/06 15:26:25 INFO ResourceUtils: ==============================================================
[2026-04-06T15:26:25.409+0000] {subprocess.py:93} INFO - 26/04/06 15:26:25 INFO ResourceUtils: No custom resources configured for spark.driver.
[2026-04-06T15:26:25.410+0000] {subprocess.py:93} INFO - 26/04/06 15:26:25 INFO ResourceUtils: ==============================================================
[2026-04-06T15:26:25.410+0000] {subprocess.py:93} INFO - 26/04/06 15:26:25 INFO SparkContext: Submitted application: load_silver_to_postgres
[2026-04-06T15:26:25.421+0000] {subprocess.py:93} INFO - 26/04/06 15:26:25 INFO ResourceProfile: Default ResourceProfile created, executor resources: Map(memory -> name: memory, amount: 1024, script: , vendor: , offHeap -> name: offHeap, amount: 0, script: , vendor: ), task resources: Map(cpus -> name: cpus, amount: 1.0)
[2026-04-06T15:26:25.425+0000] {subprocess.py:93} INFO - 26/04/06 15:26:25 INFO ResourceProfile: Limiting resource is cpu
[2026-04-06T15:26:25.425+0000] {subprocess.py:93} INFO - 26/04/06 15:26:25 INFO ResourceProfileManager: Added ResourceProfile id: 0
[2026-04-06T15:26:25.453+0000] {subprocess.py:93} INFO - 26/04/06 15:26:25 INFO SecurityManager: Changing view acls to: airflow
[2026-04-06T15:26:25.454+0000] {subprocess.py:93} INFO - 26/04/06 15:26:25 INFO SecurityManager: Changing modify acls to: airflow
[2026-04-06T15:26:25.454+0000] {subprocess.py:93} INFO - 26/04/06 15:26:25 INFO SecurityManager: Changing view acls groups to:
[2026-04-06T15:26:25.454+0000] {subprocess.py:93} INFO - 26/04/06 15:26:25 INFO SecurityManager: Changing modify acls groups to:
[2026-04-06T15:26:25.455+0000] {subprocess.py:93} INFO - 26/04/06 15:26:25 INFO SecurityManager: SecurityManager: authentication disabled; ui acls disabled; users with view permissions: airflow; groups with view permissions: EMPTY; users with modify permissions: airflow; groups with modify permissions: EMPTY
[2026-04-06T15:26:25.561+0000] {subprocess.py:93} INFO - 26/04/06 15:26:25 INFO Utils: Successfully started service 'sparkDriver' on port 35823.
[2026-04-06T15:26:25.579+0000] {subprocess.py:93} INFO - 26/04/06 15:26:25 INFO SparkEnv: Registering MapOutputTracker
[2026-04-06T15:26:25.593+0000] {subprocess.py:93} INFO - 26/04/06 15:26:25 INFO SparkEnv: Registering BlockManagerMaster
[2026-04-06T15:26:25.601+0000] {subprocess.py:93} INFO - 26/04/06 15:26:25 INFO BlockManagerMasterEndpoint: Using org.apache.spark.storage.DefaultTopologyMapper for getting topology information
[2026-04-06T15:26:25.602+0000] {subprocess.py:93} INFO - 26/04/06 15:26:25 INFO BlockManagerMasterEndpoint: BlockManagerMasterEndpoint up
[2026-04-06T15:26:25.603+0000] {subprocess.py:93} INFO - 26/04/06 15:26:25 INFO SparkEnv: Registering BlockManagerMasterHeartbeat
[2026-04-06T15:26:25.612+0000] {subprocess.py:93} INFO - 26/04/06 15:26:25 INFO DiskBlockManager: Created local directory at /tmp/blockmgr-7985996c-9bf4-4922-a0d5-93a5ed72a172
[2026-04-06T15:26:25.619+0000] {subprocess.py:93} INFO - 26/04/06 15:26:25 INFO MemoryStore: MemoryStore started with capacity 434.4 MiB
[2026-04-06T15:26:25.626+0000] {subprocess.py:93} INFO - 26/04/06 15:26:25 INFO SparkEnv: Registering OutputCommitCoordinator
[2026-04-06T15:26:25.688+0000] {subprocess.py:93} INFO - 26/04/06 15:26:25 INFO JettyUtils: Start Jetty 0.0.0.0:4040 for SparkUI
[2026-04-06T15:26:25.715+0000] {subprocess.py:93} INFO - 26/04/06 15:26:25 INFO Utils: Successfully started service 'SparkUI' on port 4040.
[2026-04-06T15:26:25.734+0000] {subprocess.py:93} INFO - 26/04/06 15:26:25 INFO SparkContext: Added JAR file:///home/airflow/.ivy2/jars/org.postgresql_postgresql-42.6.0.jar at spark://7c36fe5f1e47:35823/jars/org.postgresql_postgresql-42.6.0.jar with timestamp 1775489185382
[2026-04-06T15:26:25.734+0000] {subprocess.py:93} INFO - 26/04/06 15:26:25 INFO SparkContext: Added JAR file:///home/airflow/.ivy2/jars/org.apache.hadoop_hadoop-aws-3.3.4.jar at spark://7c36fe5f1e47:35823/jars/org.apache.hadoop_hadoop-aws-3.3.4.jar with timestamp 1775489185382
[2026-04-06T15:26:25.735+0000] {subprocess.py:93} INFO - 26/04/06 15:26:25 INFO SparkContext: Added JAR file:///home/airflow/.ivy2/jars/com.amazonaws_aws-java-sdk-bundle-1.12.262.jar at spark://7c36fe5f1e47:35823/jars/com.amazonaws_aws-java-sdk-bundle-1.12.262.jar with timestamp 1775489185382
[2026-04-06T15:26:25.735+0000] {subprocess.py:93} INFO - 26/04/06 15:26:25 INFO SparkContext: Added JAR file:///home/airflow/.ivy2/jars/org.checkerframework_checker-qual-3.31.0.jar at spark://7c36fe5f1e47:35823/jars/org.checkerframework_checker-qual-3.31.0.jar with timestamp 1775489185382
[2026-04-06T15:26:25.735+0000] {subprocess.py:93} INFO - 26/04/06 15:26:25 INFO SparkContext: Added JAR file:///home/airflow/.ivy2/jars/org.wildfly.openssl_wildfly-openssl-1.0.7.Final.jar at spark://7c36fe5f1e47:35823/jars/org.wildfly.openssl_wildfly-openssl-1.0.7.Final.jar with timestamp 1775489185382
[2026-04-06T15:26:25.736+0000] {subprocess.py:93} INFO - 26/04/06 15:26:25 INFO SparkContext: Added file file:///home/airflow/.ivy2/jars/org.postgresql_postgresql-42.6.0.jar at spark://7c36fe5f1e47:35823/files/org.postgresql_postgresql-42.6.0.jar with timestamp 1775489185382
[2026-04-06T15:26:25.736+0000] {subprocess.py:93} INFO - 26/04/06 15:26:25 INFO Utils: Copying /home/airflow/.ivy2/jars/org.postgresql_postgresql-42.6.0.jar to /tmp/spark-418c10f1-2026-4e25-a681-bf6ceb4e4e9a/userFiles-515d4acd-0454-45c5-9838-6ffe500f74bd/org.postgresql_postgresql-42.6.0.jar
[2026-04-06T15:26:25.744+0000] {subprocess.py:93} INFO - 26/04/06 15:26:25 INFO SparkContext: Added file file:///home/airflow/.ivy2/jars/org.apache.hadoop_hadoop-aws-3.3.4.jar at spark://7c36fe5f1e47:35823/files/org.apache.hadoop_hadoop-aws-3.3.4.jar with timestamp 1775489185382
[2026-04-06T15:26:25.745+0000] {subprocess.py:93} INFO - 26/04/06 15:26:25 INFO Utils: Copying /home/airflow/.ivy2/jars/org.apache.hadoop_hadoop-aws-3.3.4.jar to /tmp/spark-418c10f1-2026-4e25-a681-bf6ceb4e4e9a/userFiles-515d4acd-0454-45c5-9838-6ffe500f74bd/org.apache.hadoop_hadoop-aws-3.3.4.jar
[2026-04-06T15:26:25.750+0000] {subprocess.py:93} INFO - 26/04/06 15:26:25 INFO SparkContext: Added file file:///home/airflow/.ivy2/jars/com.amazonaws_aws-java-sdk-bundle-1.12.262.jar at spark://7c36fe5f1e47:35823/files/com.amazonaws_aws-java-sdk-bundle-1.12.262.jar with timestamp 1775489185382
[2026-04-06T15:26:25.750+0000] {subprocess.py:93} INFO - 26/04/06 15:26:25 INFO Utils: Copying /home/airflow/.ivy2/jars/com.amazonaws_aws-java-sdk-bundle-1.12.262.jar to /tmp/spark-418c10f1-2026-4e25-a681-bf6ceb4e4e9a/userFiles-515d4acd-0454-45c5-9838-6ffe500f74bd/com.amazonaws_aws-java-sdk-bundle-1.12.262.jar
[2026-04-06T15:26:25.968+0000] {subprocess.py:93} INFO - 26/04/06 15:26:25 INFO SparkContext: Added file file:///home/airflow/.ivy2/jars/org.checkerframework_checker-qual-3.31.0.jar at spark://7c36fe5f1e47:35823/files/org.checkerframework_checker-qual-3.31.0.jar with timestamp 1775489185382
[2026-04-06T15:26:25.968+0000] {subprocess.py:93} INFO - 26/04/06 15:26:25 INFO Utils: Copying /home/airflow/.ivy2/jars/org.checkerframework_checker-qual-3.31.0.jar to /tmp/spark-418c10f1-2026-4e25-a681-bf6ceb4e4e9a/userFiles-515d4acd-0454-45c5-9838-6ffe500f74bd/org.checkerframework_checker-qual-3.31.0.jar
[2026-04-06T15:26:25.973+0000] {subprocess.py:93} INFO - 26/04/06 15:26:25 INFO SparkContext: Added file file:///home/airflow/.ivy2/jars/org.wildfly.openssl_wildfly-openssl-1.0.7.Final.jar at spark://7c36fe5f1e47:35823/files/org.wildfly.openssl_wildfly-openssl-1.0.7.Final.jar with timestamp 1775489185382
[2026-04-06T15:26:25.973+0000] {subprocess.py:93} INFO - 26/04/06 15:26:25 INFO Utils: Copying /home/airflow/.ivy2/jars/org.wildfly.openssl_wildfly-openssl-1.0.7.Final.jar to /tmp/spark-418c10f1-2026-4e25-a681-bf6ceb4e4e9a/userFiles-515d4acd-0454-45c5-9838-6ffe500f74bd/org.wildfly.openssl_wildfly-openssl-1.0.7.Final.jar
[2026-04-06T15:26:26.012+0000] {subprocess.py:93} INFO - 26/04/06 15:26:26 INFO StandaloneAppClient$ClientEndpoint: Connecting to master spark://spark-master:7077...
[2026-04-06T15:26:26.033+0000] {subprocess.py:93} INFO - 26/04/06 15:26:26 INFO TransportClientFactory: Successfully created connection to spark-master/172.18.0.3:7077 after 12 ms (0 ms spent in bootstraps)
[2026-04-06T15:26:26.083+0000] {subprocess.py:93} INFO - 26/04/06 15:26:26 INFO StandaloneSchedulerBackend: Connected to Spark cluster with app ID app-20260406152626-0003
[2026-04-06T15:26:26.084+0000] {subprocess.py:93} INFO - 26/04/06 15:26:26 INFO StandaloneAppClient$ClientEndpoint: Executor added: app-20260406152626-0003/0 on worker-20260406152534-172.18.0.6-38917 (172.18.0.6:38917) with 16 core(s)
[2026-04-06T15:26:26.089+0000] {subprocess.py:93} INFO - 26/04/06 15:26:26 INFO StandaloneSchedulerBackend: Granted executor ID app-20260406152626-0003/0 on hostPort 172.18.0.6:38917 with 16 core(s), 1024.0 MiB RAM
[2026-04-06T15:26:26.089+0000] {subprocess.py:93} INFO - 26/04/06 15:26:26 INFO Utils: Successfully started service 'org.apache.spark.network.netty.NettyBlockTransferService' on port 38971.
[2026-04-06T15:26:26.090+0000] {subprocess.py:93} INFO - 26/04/06 15:26:26 INFO NettyBlockTransferService: Server created on 7c36fe5f1e47:38971
[2026-04-06T15:26:26.090+0000] {subprocess.py:93} INFO - 26/04/06 15:26:26 INFO BlockManager: Using org.apache.spark.storage.RandomBlockReplicationPolicy for block replication policy
[2026-04-06T15:26:26.094+0000] {subprocess.py:93} INFO - 26/04/06 15:26:26 INFO BlockManagerMaster: Registering BlockManager BlockManagerId(driver, 7c36fe5f1e47, 38971, None)
[2026-04-06T15:26:26.097+0000] {subprocess.py:93} INFO - 26/04/06 15:26:26 INFO BlockManagerMasterEndpoint: Registering block manager 7c36fe5f1e47:38971 with 434.4 MiB RAM, BlockManagerId(driver, 7c36fe5f1e47, 38971, None)
[2026-04-06T15:26:26.097+0000] {subprocess.py:93} INFO - 26/04/06 15:26:26 INFO BlockManagerMaster: Registered BlockManager BlockManagerId(driver, 7c36fe5f1e47, 38971, None)
[2026-04-06T15:26:26.098+0000] {subprocess.py:93} INFO - 26/04/06 15:26:26 INFO BlockManager: Initialized BlockManager: BlockManagerId(driver, 7c36fe5f1e47, 38971, None)
[2026-04-06T15:26:26.107+0000] {subprocess.py:93} INFO - 26/04/06 15:26:26 INFO StandaloneAppClient$ClientEndpoint: Executor updated: app-20260406152626-0003/0 is now RUNNING
[2026-04-06T15:26:26.211+0000] {subprocess.py:93} INFO - 26/04/06 15:26:26 INFO StandaloneSchedulerBackend: SchedulerBackend is ready for scheduling beginning after reached minRegisteredResourcesRatio: 0.0
[2026-04-06T15:26:26.320+0000] {subprocess.py:93} INFO - 26/04/06 15:26:26 INFO SharedState: Setting hive.metastore.warehouse.dir ('null') to the value of spark.sql.warehouse.dir.
[2026-04-06T15:26:26.321+0000] {subprocess.py:93} INFO - 26/04/06 15:26:26 INFO SharedState: Warehouse path is 'file:/tmp/airflowtmp_5i4gc6q/spark-warehouse'.
[2026-04-06T15:26:26.769+0000] {subprocess.py:93} INFO - 26/04/06 15:26:26 WARN MetricsConfig: Cannot locate configuration: tried hadoop-metrics2-s3a-file-system.properties,hadoop-metrics2.properties
[2026-04-06T15:26:26.775+0000] {subprocess.py:93} INFO - 26/04/06 15:26:26 INFO MetricsSystemImpl: Scheduled Metric snapshot period at 10 second(s).
[2026-04-06T15:26:26.776+0000] {subprocess.py:93} INFO - 26/04/06 15:26:26 INFO MetricsSystemImpl: s3a-file-system metrics system started
[2026-04-06T15:26:27.374+0000] {subprocess.py:93} INFO - 26/04/06 15:26:27 INFO InMemoryFileIndex: It took 38 ms to list leaf files for 1 paths.
[2026-04-06T15:26:27.559+0000] {subprocess.py:93} INFO - 26/04/06 15:26:27 INFO StandaloneSchedulerBackend$StandaloneDriverEndpoint: Registered executor NettyRpcEndpointRef(spark-client://Executor) (172.18.0.6:56312) with ID 0,  ResourceProfileId 0
[2026-04-06T15:26:27.610+0000] {subprocess.py:93} INFO - 26/04/06 15:26:27 INFO BlockManagerMasterEndpoint: Registering block manager 172.18.0.6:41649 with 434.4 MiB RAM, BlockManagerId(0, 172.18.0.6, 41649, None)
[2026-04-06T15:26:27.635+0000] {subprocess.py:93} INFO - 26/04/06 15:26:27 INFO SparkContext: Starting job: parquet at NativeMethodAccessorImpl.java:0
[2026-04-06T15:26:27.645+0000] {subprocess.py:93} INFO - 26/04/06 15:26:27 INFO DAGScheduler: Got job 0 (parquet at NativeMethodAccessorImpl.java:0) with 1 output partitions
[2026-04-06T15:26:27.646+0000] {subprocess.py:93} INFO - 26/04/06 15:26:27 INFO DAGScheduler: Final stage: ResultStage 0 (parquet at NativeMethodAccessorImpl.java:0)
[2026-04-06T15:26:27.646+0000] {subprocess.py:93} INFO - 26/04/06 15:26:27 INFO DAGScheduler: Parents of final stage: List()
[2026-04-06T15:26:27.646+0000] {subprocess.py:93} INFO - 26/04/06 15:26:27 INFO DAGScheduler: Missing parents: List()
[2026-04-06T15:26:27.650+0000] {subprocess.py:93} INFO - 26/04/06 15:26:27 INFO DAGScheduler: Submitting ResultStage 0 (MapPartitionsRDD[1] at parquet at NativeMethodAccessorImpl.java:0), which has no missing parents
[2026-04-06T15:26:27.681+0000] {subprocess.py:93} INFO - 26/04/06 15:26:27 INFO MemoryStore: Block broadcast_0 stored as values in memory (estimated size 106.4 KiB, free 434.3 MiB)
[2026-04-06T15:26:27.701+0000] {subprocess.py:93} INFO - 26/04/06 15:26:27 INFO MemoryStore: Block broadcast_0_piece0 stored as bytes in memory (estimated size 38.5 KiB, free 434.3 MiB)
[2026-04-06T15:26:27.704+0000] {subprocess.py:93} INFO - 26/04/06 15:26:27 INFO BlockManagerInfo: Added broadcast_0_piece0 in memory on 7c36fe5f1e47:38971 (size: 38.5 KiB, free: 434.4 MiB)
[2026-04-06T15:26:27.706+0000] {subprocess.py:93} INFO - 26/04/06 15:26:27 INFO SparkContext: Created broadcast 0 from broadcast at DAGScheduler.scala:1611
[2026-04-06T15:26:27.719+0000] {subprocess.py:93} INFO - 26/04/06 15:26:27 INFO DAGScheduler: Submitting 1 missing tasks from ResultStage 0 (MapPartitionsRDD[1] at parquet at NativeMethodAccessorImpl.java:0) (first 15 tasks are for partitions Vector(0))
[2026-04-06T15:26:27.720+0000] {subprocess.py:93} INFO - 26/04/06 15:26:27 INFO TaskSchedulerImpl: Adding task set 0.0 with 1 tasks resource profile 0
[2026-04-06T15:26:29.587+0000] {subprocess.py:93} INFO - 26/04/06 15:26:29 INFO TaskSetManager: Starting task 0.0 in stage 0.0 (TID 0) (172.18.0.6, executor 0, partition 0, PROCESS_LOCAL, 10213 bytes)
[2026-04-06T15:26:29.709+0000] {subprocess.py:93} INFO - 26/04/06 15:26:29 INFO BlockManagerInfo: Added broadcast_0_piece0 in memory on 172.18.0.6:41649 (size: 38.5 KiB, free: 434.4 MiB)
[2026-04-06T15:26:30.742+0000] {subprocess.py:93} INFO - 26/04/06 15:26:30 INFO TaskSetManager: Finished task 0.0 in stage 0.0 (TID 0) in 1163 ms on 172.18.0.6 (executor 0) (1/1)
[2026-04-06T15:26:30.742+0000] {subprocess.py:93} INFO - 26/04/06 15:26:30 INFO TaskSchedulerImpl: Removed TaskSet 0.0, whose tasks have all completed, from pool
[2026-04-06T15:26:30.745+0000] {subprocess.py:93} INFO - 26/04/06 15:26:30 INFO DAGScheduler: ResultStage 0 (parquet at NativeMethodAccessorImpl.java:0) finished in 3.086 s
[2026-04-06T15:26:30.746+0000] {subprocess.py:93} INFO - 26/04/06 15:26:30 INFO DAGScheduler: Job 0 is finished. Cancelling potential speculative or zombie tasks for this job
[2026-04-06T15:26:30.746+0000] {subprocess.py:93} INFO - 26/04/06 15:26:30 INFO TaskSchedulerImpl: Killing all running tasks in stage 0: Stage finished
[2026-04-06T15:26:30.747+0000] {subprocess.py:93} INFO - 26/04/06 15:26:30 INFO DAGScheduler: Job 0 finished: parquet at NativeMethodAccessorImpl.java:0, took 3.111901 s
[2026-04-06T15:26:31.090+0000] {subprocess.py:93} INFO - 26/04/06 15:26:31 INFO InMemoryFileIndex: It took 12 ms to list leaf files for 1 paths.
[2026-04-06T15:26:31.097+0000] {subprocess.py:93} INFO - 26/04/06 15:26:31 INFO BlockManagerInfo: Removed broadcast_0_piece0 on 7c36fe5f1e47:38971 in memory (size: 38.5 KiB, free: 434.4 MiB)
[2026-04-06T15:26:31.106+0000] {subprocess.py:93} INFO - 26/04/06 15:26:31 INFO BlockManagerInfo: Removed broadcast_0_piece0 on 172.18.0.6:41649 in memory (size: 38.5 KiB, free: 434.4 MiB)
[2026-04-06T15:26:31.114+0000] {subprocess.py:93} INFO - 26/04/06 15:26:31 INFO SparkContext: Starting job: parquet at NativeMethodAccessorImpl.java:0
[2026-04-06T15:26:31.115+0000] {subprocess.py:93} INFO - 26/04/06 15:26:31 INFO DAGScheduler: Got job 1 (parquet at NativeMethodAccessorImpl.java:0) with 1 output partitions
[2026-04-06T15:26:31.115+0000] {subprocess.py:93} INFO - 26/04/06 15:26:31 INFO DAGScheduler: Final stage: ResultStage 1 (parquet at NativeMethodAccessorImpl.java:0)
[2026-04-06T15:26:31.116+0000] {subprocess.py:93} INFO - 26/04/06 15:26:31 INFO DAGScheduler: Parents of final stage: List()
[2026-04-06T15:26:31.117+0000] {subprocess.py:93} INFO - 26/04/06 15:26:31 INFO DAGScheduler: Missing parents: List()
[2026-04-06T15:26:31.117+0000] {subprocess.py:93} INFO - 26/04/06 15:26:31 INFO DAGScheduler: Submitting ResultStage 1 (MapPartitionsRDD[3] at parquet at NativeMethodAccessorImpl.java:0), which has no missing parents
[2026-04-06T15:26:31.122+0000] {subprocess.py:93} INFO - 26/04/06 15:26:31 INFO MemoryStore: Block broadcast_1 stored as values in memory (estimated size 106.4 KiB, free 434.3 MiB)
[2026-04-06T15:26:31.125+0000] {subprocess.py:93} INFO - 26/04/06 15:26:31 INFO MemoryStore: Block broadcast_1_piece0 stored as bytes in memory (estimated size 38.5 KiB, free 434.3 MiB)
[2026-04-06T15:26:31.125+0000] {subprocess.py:93} INFO - 26/04/06 15:26:31 INFO BlockManagerInfo: Added broadcast_1_piece0 in memory on 7c36fe5f1e47:38971 (size: 38.5 KiB, free: 434.4 MiB)
[2026-04-06T15:26:31.129+0000] {subprocess.py:93} INFO - 26/04/06 15:26:31 INFO SparkContext: Created broadcast 1 from broadcast at DAGScheduler.scala:1611
[2026-04-06T15:26:31.130+0000] {subprocess.py:93} INFO - 26/04/06 15:26:31 INFO DAGScheduler: Submitting 1 missing tasks from ResultStage 1 (MapPartitionsRDD[3] at parquet at NativeMethodAccessorImpl.java:0) (first 15 tasks are for partitions Vector(0))
[2026-04-06T15:26:31.130+0000] {subprocess.py:93} INFO - 26/04/06 15:26:31 INFO TaskSchedulerImpl: Adding task set 1.0 with 1 tasks resource profile 0
[2026-04-06T15:26:31.130+0000] {subprocess.py:93} INFO - 26/04/06 15:26:31 INFO TaskSetManager: Starting task 0.0 in stage 1.0 (TID 1) (172.18.0.6, executor 0, partition 0, PROCESS_LOCAL, 10215 bytes)
[2026-04-06T15:26:31.154+0000] {subprocess.py:93} INFO - 26/04/06 15:26:31 INFO BlockManagerInfo: Added broadcast_1_piece0 in memory on 172.18.0.6:41649 (size: 38.5 KiB, free: 434.4 MiB)
[2026-04-06T15:26:31.194+0000] {subprocess.py:93} INFO - 26/04/06 15:26:31 INFO TaskSetManager: Finished task 0.0 in stage 1.0 (TID 1) in 66 ms on 172.18.0.6 (executor 0) (1/1)
[2026-04-06T15:26:31.195+0000] {subprocess.py:93} INFO - 26/04/06 15:26:31 INFO TaskSchedulerImpl: Removed TaskSet 1.0, whose tasks have all completed, from pool
[2026-04-06T15:26:31.196+0000] {subprocess.py:93} INFO - 26/04/06 15:26:31 INFO DAGScheduler: ResultStage 1 (parquet at NativeMethodAccessorImpl.java:0) finished in 0.079 s
[2026-04-06T15:26:31.196+0000] {subprocess.py:93} INFO - 26/04/06 15:26:31 INFO DAGScheduler: Job 1 is finished. Cancelling potential speculative or zombie tasks for this job
[2026-04-06T15:26:31.196+0000] {subprocess.py:93} INFO - 26/04/06 15:26:31 INFO TaskSchedulerImpl: Killing all running tasks in stage 1: Stage finished
[2026-04-06T15:26:31.196+0000] {subprocess.py:93} INFO - 26/04/06 15:26:31 INFO DAGScheduler: Job 1 finished: parquet at NativeMethodAccessorImpl.java:0, took 0.081883 s
[2026-04-06T15:26:31.243+0000] {subprocess.py:93} INFO - 26/04/06 15:26:31 INFO InMemoryFileIndex: It took 7 ms to list leaf files for 1 paths.
[2026-04-06T15:26:31.259+0000] {subprocess.py:93} INFO - 26/04/06 15:26:31 INFO SparkContext: Starting job: parquet at NativeMethodAccessorImpl.java:0
[2026-04-06T15:26:31.260+0000] {subprocess.py:93} INFO - 26/04/06 15:26:31 INFO DAGScheduler: Got job 2 (parquet at NativeMethodAccessorImpl.java:0) with 1 output partitions
[2026-04-06T15:26:31.261+0000] {subprocess.py:93} INFO - 26/04/06 15:26:31 INFO DAGScheduler: Final stage: ResultStage 2 (parquet at NativeMethodAccessorImpl.java:0)
[2026-04-06T15:26:31.262+0000] {subprocess.py:93} INFO - 26/04/06 15:26:31 INFO DAGScheduler: Parents of final stage: List()
[2026-04-06T15:26:31.262+0000] {subprocess.py:93} INFO - 26/04/06 15:26:31 INFO DAGScheduler: Missing parents: List()
[2026-04-06T15:26:31.262+0000] {subprocess.py:93} INFO - 26/04/06 15:26:31 INFO DAGScheduler: Submitting ResultStage 2 (MapPartitionsRDD[5] at parquet at NativeMethodAccessorImpl.java:0), which has no missing parents
[2026-04-06T15:26:31.266+0000] {subprocess.py:93} INFO - 26/04/06 15:26:31 INFO MemoryStore: Block broadcast_2 stored as values in memory (estimated size 106.4 KiB, free 434.2 MiB)
[2026-04-06T15:26:31.268+0000] {subprocess.py:93} INFO - 26/04/06 15:26:31 INFO MemoryStore: Block broadcast_2_piece0 stored as bytes in memory (estimated size 38.5 KiB, free 434.1 MiB)
[2026-04-06T15:26:31.268+0000] {subprocess.py:93} INFO - 26/04/06 15:26:31 INFO BlockManagerInfo: Added broadcast_2_piece0 in memory on 7c36fe5f1e47:38971 (size: 38.5 KiB, free: 434.3 MiB)
[2026-04-06T15:26:31.269+0000] {subprocess.py:93} INFO - 26/04/06 15:26:31 INFO SparkContext: Created broadcast 2 from broadcast at DAGScheduler.scala:1611
[2026-04-06T15:26:31.270+0000] {subprocess.py:93} INFO - 26/04/06 15:26:31 INFO DAGScheduler: Submitting 1 missing tasks from ResultStage 2 (MapPartitionsRDD[5] at parquet at NativeMethodAccessorImpl.java:0) (first 15 tasks are for partitions Vector(0))
[2026-04-06T15:26:31.270+0000] {subprocess.py:93} INFO - 26/04/06 15:26:31 INFO TaskSchedulerImpl: Adding task set 2.0 with 1 tasks resource profile 0
[2026-04-06T15:26:31.271+0000] {subprocess.py:93} INFO - 26/04/06 15:26:31 INFO TaskSetManager: Starting task 0.0 in stage 2.0 (TID 2) (172.18.0.6, executor 0, partition 0, PROCESS_LOCAL, 10217 bytes)
[2026-04-06T15:26:31.285+0000] {subprocess.py:93} INFO - 26/04/06 15:26:31 INFO BlockManagerInfo: Added broadcast_2_piece0 in memory on 172.18.0.6:41649 (size: 38.5 KiB, free: 434.3 MiB)
[2026-04-06T15:26:31.315+0000] {subprocess.py:93} INFO - 26/04/06 15:26:31 INFO TaskSetManager: Finished task 0.0 in stage 2.0 (TID 2) in 44 ms on 172.18.0.6 (executor 0) (1/1)
[2026-04-06T15:26:31.316+0000] {subprocess.py:93} INFO - 26/04/06 15:26:31 INFO TaskSchedulerImpl: Removed TaskSet 2.0, whose tasks have all completed, from pool
[2026-04-06T15:26:31.316+0000] {subprocess.py:93} INFO - 26/04/06 15:26:31 INFO DAGScheduler: ResultStage 2 (parquet at NativeMethodAccessorImpl.java:0) finished in 0.054 s
[2026-04-06T15:26:31.317+0000] {subprocess.py:93} INFO - 26/04/06 15:26:31 INFO DAGScheduler: Job 2 is finished. Cancelling potential speculative or zombie tasks for this job
[2026-04-06T15:26:31.317+0000] {subprocess.py:93} INFO - 26/04/06 15:26:31 INFO TaskSchedulerImpl: Killing all running tasks in stage 2: Stage finished
[2026-04-06T15:26:31.318+0000] {subprocess.py:93} INFO - 26/04/06 15:26:31 INFO DAGScheduler: Job 2 finished: parquet at NativeMethodAccessorImpl.java:0, took 0.057835 s
[2026-04-06T15:26:31.690+0000] {subprocess.py:93} INFO - 26/04/06 15:26:31 INFO FileSourceStrategy: Pushed Filters:
[2026-04-06T15:26:31.691+0000] {subprocess.py:93} INFO - 26/04/06 15:26:31 INFO FileSourceStrategy: Post-Scan Filters:
[2026-04-06T15:26:31.846+0000] {subprocess.py:93} INFO - 26/04/06 15:26:31 INFO CodeGenerator: Code generated in 105.247961 ms
[2026-04-06T15:26:31.866+0000] {subprocess.py:93} INFO - 26/04/06 15:26:31 INFO MemoryStore: Block broadcast_3 stored as values in memory (estimated size 206.0 KiB, free 433.9 MiB)
[2026-04-06T15:26:31.870+0000] {subprocess.py:93} INFO - 26/04/06 15:26:31 INFO MemoryStore: Block broadcast_3_piece0 stored as bytes in memory (estimated size 36.3 KiB, free 433.9 MiB)
[2026-04-06T15:26:31.871+0000] {subprocess.py:93} INFO - 26/04/06 15:26:31 INFO BlockManagerInfo: Added broadcast_3_piece0 in memory on 7c36fe5f1e47:38971 (size: 36.3 KiB, free: 434.3 MiB)
[2026-04-06T15:26:31.872+0000] {subprocess.py:93} INFO - 26/04/06 15:26:31 INFO SparkContext: Created broadcast 3 from jdbc at NativeMethodAccessorImpl.java:0
[2026-04-06T15:26:31.878+0000] {subprocess.py:93} INFO - 26/04/06 15:26:31 INFO FileSourceScanExec: Planning scan with bin packing, max size: 4194304 bytes, open cost is considered as scanning 4194304 bytes.
[2026-04-06T15:26:31.901+0000] {subprocess.py:93} INFO - 26/04/06 15:26:31 INFO BlockManagerInfo: Removed broadcast_1_piece0 on 7c36fe5f1e47:38971 in memory (size: 38.5 KiB, free: 434.3 MiB)
[2026-04-06T15:26:31.904+0000] {subprocess.py:93} INFO - 26/04/06 15:26:31 INFO BlockManagerInfo: Removed broadcast_1_piece0 on 172.18.0.6:41649 in memory (size: 38.5 KiB, free: 434.4 MiB)
[2026-04-06T15:26:31.909+0000] {subprocess.py:93} INFO - 26/04/06 15:26:31 INFO BlockManagerInfo: Removed broadcast_2_piece0 on 7c36fe5f1e47:38971 in memory (size: 38.5 KiB, free: 434.4 MiB)
[2026-04-06T15:26:31.911+0000] {subprocess.py:93} INFO - 26/04/06 15:26:31 INFO BlockManagerInfo: Removed broadcast_2_piece0 on 172.18.0.6:41649 in memory (size: 38.5 KiB, free: 434.4 MiB)
[2026-04-06T15:26:31.924+0000] {subprocess.py:93} INFO - 26/04/06 15:26:31 INFO SparkContext: Starting job: jdbc at NativeMethodAccessorImpl.java:0
[2026-04-06T15:26:31.925+0000] {subprocess.py:93} INFO - 26/04/06 15:26:31 INFO DAGScheduler: Got job 3 (jdbc at NativeMethodAccessorImpl.java:0) with 1 output partitions
[2026-04-06T15:26:31.925+0000] {subprocess.py:93} INFO - 26/04/06 15:26:31 INFO DAGScheduler: Final stage: ResultStage 3 (jdbc at NativeMethodAccessorImpl.java:0)
[2026-04-06T15:26:31.925+0000] {subprocess.py:93} INFO - 26/04/06 15:26:31 INFO DAGScheduler: Parents of final stage: List()
[2026-04-06T15:26:31.926+0000] {subprocess.py:93} INFO - 26/04/06 15:26:31 INFO DAGScheduler: Missing parents: List()
[2026-04-06T15:26:31.926+0000] {subprocess.py:93} INFO - 26/04/06 15:26:31 INFO DAGScheduler: Submitting ResultStage 3 (MapPartitionsRDD[11] at jdbc at NativeMethodAccessorImpl.java:0), which has no missing parents
[2026-04-06T15:26:31.947+0000] {subprocess.py:93} INFO - 26/04/06 15:26:31 INFO MemoryStore: Block broadcast_4 stored as values in memory (estimated size 38.8 KiB, free 434.1 MiB)
[2026-04-06T15:26:31.949+0000] {subprocess.py:93} INFO - 26/04/06 15:26:31 INFO MemoryStore: Block broadcast_4_piece0 stored as bytes in memory (estimated size 16.6 KiB, free 434.1 MiB)
[2026-04-06T15:26:31.950+0000] {subprocess.py:93} INFO - 26/04/06 15:26:31 INFO BlockManagerInfo: Added broadcast_4_piece0 in memory on 7c36fe5f1e47:38971 (size: 16.6 KiB, free: 434.3 MiB)
[2026-04-06T15:26:31.950+0000] {subprocess.py:93} INFO - 26/04/06 15:26:31 INFO SparkContext: Created broadcast 4 from broadcast at DAGScheduler.scala:1611
[2026-04-06T15:26:31.951+0000] {subprocess.py:93} INFO - 26/04/06 15:26:31 INFO DAGScheduler: Submitting 1 missing tasks from ResultStage 3 (MapPartitionsRDD[11] at jdbc at NativeMethodAccessorImpl.java:0) (first 15 tasks are for partitions Vector(0))
[2026-04-06T15:26:31.951+0000] {subprocess.py:93} INFO - 26/04/06 15:26:31 INFO TaskSchedulerImpl: Adding task set 3.0 with 1 tasks resource profile 0
[2026-04-06T15:26:31.954+0000] {subprocess.py:93} INFO - 26/04/06 15:26:31 INFO TaskSetManager: Starting task 0.0 in stage 3.0 (TID 3) (172.18.0.6, executor 0, partition 0, PROCESS_LOCAL, 10718 bytes)
[2026-04-06T15:26:31.970+0000] {subprocess.py:93} INFO - 26/04/06 15:26:31 INFO BlockManagerInfo: Added broadcast_4_piece0 in memory on 172.18.0.6:41649 (size: 16.6 KiB, free: 434.4 MiB)
[2026-04-06T15:26:32.883+0000] {subprocess.py:93} INFO - 26/04/06 15:26:32 INFO BlockManagerInfo: Added broadcast_3_piece0 in memory on 172.18.0.6:41649 (size: 36.3 KiB, free: 434.3 MiB)
[2026-04-06T15:26:33.357+0000] {subprocess.py:93} INFO - 26/04/06 15:26:33 INFO TaskSetManager: Finished task 0.0 in stage 3.0 (TID 3) in 1405 ms on 172.18.0.6 (executor 0) (1/1)
[2026-04-06T15:26:33.358+0000] {subprocess.py:93} INFO - 26/04/06 15:26:33 INFO TaskSchedulerImpl: Removed TaskSet 3.0, whose tasks have all completed, from pool
[2026-04-06T15:26:33.358+0000] {subprocess.py:93} INFO - 26/04/06 15:26:33 INFO DAGScheduler: ResultStage 3 (jdbc at NativeMethodAccessorImpl.java:0) finished in 1.430 s
[2026-04-06T15:26:33.358+0000] {subprocess.py:93} INFO - 26/04/06 15:26:33 INFO DAGScheduler: Job 3 is finished. Cancelling potential speculative or zombie tasks for this job
[2026-04-06T15:26:33.358+0000] {subprocess.py:93} INFO - 26/04/06 15:26:33 INFO TaskSchedulerImpl: Killing all running tasks in stage 3: Stage finished
[2026-04-06T15:26:33.359+0000] {subprocess.py:93} INFO - 26/04/06 15:26:33 INFO DAGScheduler: Job 3 finished: jdbc at NativeMethodAccessorImpl.java:0, took 1.434169 s
[2026-04-06T15:26:33.425+0000] {subprocess.py:93} INFO - 26/04/06 15:26:33 INFO FileSourceStrategy: Pushed Filters:
[2026-04-06T15:26:33.425+0000] {subprocess.py:93} INFO - 26/04/06 15:26:33 INFO FileSourceStrategy: Post-Scan Filters:
[2026-04-06T15:26:33.444+0000] {subprocess.py:93} INFO - 26/04/06 15:26:33 INFO CodeGenerator: Code generated in 14.542604 ms
[2026-04-06T15:26:33.448+0000] {subprocess.py:93} INFO - 26/04/06 15:26:33 INFO MemoryStore: Block broadcast_5 stored as values in memory (estimated size 206.0 KiB, free 433.9 MiB)
[2026-04-06T15:26:33.452+0000] {subprocess.py:93} INFO - 26/04/06 15:26:33 INFO MemoryStore: Block broadcast_5_piece0 stored as bytes in memory (estimated size 36.3 KiB, free 433.9 MiB)
[2026-04-06T15:26:33.453+0000] {subprocess.py:93} INFO - 26/04/06 15:26:33 INFO BlockManagerInfo: Added broadcast_5_piece0 in memory on 7c36fe5f1e47:38971 (size: 36.3 KiB, free: 434.3 MiB)
[2026-04-06T15:26:33.454+0000] {subprocess.py:93} INFO - 26/04/06 15:26:33 INFO SparkContext: Created broadcast 5 from jdbc at NativeMethodAccessorImpl.java:0
[2026-04-06T15:26:33.455+0000] {subprocess.py:93} INFO - 26/04/06 15:26:33 INFO FileSourceScanExec: Planning scan with bin packing, max size: 4194304 bytes, open cost is considered as scanning 4194304 bytes.
[2026-04-06T15:26:33.467+0000] {subprocess.py:93} INFO - 26/04/06 15:26:33 INFO SparkContext: Starting job: jdbc at NativeMethodAccessorImpl.java:0
[2026-04-06T15:26:33.468+0000] {subprocess.py:93} INFO - 26/04/06 15:26:33 INFO DAGScheduler: Got job 4 (jdbc at NativeMethodAccessorImpl.java:0) with 1 output partitions
[2026-04-06T15:26:33.470+0000] {subprocess.py:93} INFO - 26/04/06 15:26:33 INFO DAGScheduler: Final stage: ResultStage 4 (jdbc at NativeMethodAccessorImpl.java:0)
[2026-04-06T15:26:33.470+0000] {subprocess.py:93} INFO - 26/04/06 15:26:33 INFO DAGScheduler: Parents of final stage: List()
[2026-04-06T15:26:33.471+0000] {subprocess.py:93} INFO - 26/04/06 15:26:33 INFO DAGScheduler: Missing parents: List()
[2026-04-06T15:26:33.471+0000] {subprocess.py:93} INFO - 26/04/06 15:26:33 INFO DAGScheduler: Submitting ResultStage 4 (MapPartitionsRDD[17] at jdbc at NativeMethodAccessorImpl.java:0), which has no missing parents
[2026-04-06T15:26:33.472+0000] {subprocess.py:93} INFO - 26/04/06 15:26:33 INFO MemoryStore: Block broadcast_6 stored as values in memory (estimated size 39.0 KiB, free 433.8 MiB)
[2026-04-06T15:26:33.474+0000] {subprocess.py:93} INFO - 26/04/06 15:26:33 INFO MemoryStore: Block broadcast_6_piece0 stored as bytes in memory (estimated size 16.6 KiB, free 433.8 MiB)
[2026-04-06T15:26:33.475+0000] {subprocess.py:93} INFO - 26/04/06 15:26:33 INFO BlockManagerInfo: Added broadcast_6_piece0 in memory on 7c36fe5f1e47:38971 (size: 16.6 KiB, free: 434.3 MiB)
[2026-04-06T15:26:33.476+0000] {subprocess.py:93} INFO - 26/04/06 15:26:33 INFO SparkContext: Created broadcast 6 from broadcast at DAGScheduler.scala:1611
[2026-04-06T15:26:33.476+0000] {subprocess.py:93} INFO - 26/04/06 15:26:33 INFO DAGScheduler: Submitting 1 missing tasks from ResultStage 4 (MapPartitionsRDD[17] at jdbc at NativeMethodAccessorImpl.java:0) (first 15 tasks are for partitions Vector(0))
[2026-04-06T15:26:33.476+0000] {subprocess.py:93} INFO - 26/04/06 15:26:33 INFO TaskSchedulerImpl: Adding task set 4.0 with 1 tasks resource profile 0
[2026-04-06T15:26:33.477+0000] {subprocess.py:93} INFO - 26/04/06 15:26:33 INFO TaskSetManager: Starting task 0.0 in stage 4.0 (TID 4) (172.18.0.6, executor 0, partition 0, PROCESS_LOCAL, 10720 bytes)
[2026-04-06T15:26:33.489+0000] {subprocess.py:93} INFO - 26/04/06 15:26:33 INFO BlockManagerInfo: Added broadcast_6_piece0 in memory on 172.18.0.6:41649 (size: 16.6 KiB, free: 434.3 MiB)
[2026-04-06T15:26:33.538+0000] {subprocess.py:93} INFO - 26/04/06 15:26:33 INFO BlockManagerInfo: Added broadcast_5_piece0 in memory on 172.18.0.6:41649 (size: 36.3 KiB, free: 434.3 MiB)
[2026-04-06T15:26:33.627+0000] {subprocess.py:93} INFO - 26/04/06 15:26:33 INFO TaskSetManager: Finished task 0.0 in stage 4.0 (TID 4) in 150 ms on 172.18.0.6 (executor 0) (1/1)
[2026-04-06T15:26:33.628+0000] {subprocess.py:93} INFO - 26/04/06 15:26:33 INFO TaskSchedulerImpl: Removed TaskSet 4.0, whose tasks have all completed, from pool
[2026-04-06T15:26:33.628+0000] {subprocess.py:93} INFO - 26/04/06 15:26:33 INFO DAGScheduler: ResultStage 4 (jdbc at NativeMethodAccessorImpl.java:0) finished in 0.158 s
[2026-04-06T15:26:33.628+0000] {subprocess.py:93} INFO - 26/04/06 15:26:33 INFO DAGScheduler: Job 4 is finished. Cancelling potential speculative or zombie tasks for this job
[2026-04-06T15:26:33.629+0000] {subprocess.py:93} INFO - 26/04/06 15:26:33 INFO TaskSchedulerImpl: Killing all running tasks in stage 4: Stage finished
[2026-04-06T15:26:33.629+0000] {subprocess.py:93} INFO - 26/04/06 15:26:33 INFO DAGScheduler: Job 4 finished: jdbc at NativeMethodAccessorImpl.java:0, took 0.161353 s
[2026-04-06T15:26:33.679+0000] {subprocess.py:93} INFO - 26/04/06 15:26:33 INFO FileSourceStrategy: Pushed Filters:
[2026-04-06T15:26:33.680+0000] {subprocess.py:93} INFO - 26/04/06 15:26:33 INFO FileSourceStrategy: Post-Scan Filters:
[2026-04-06T15:26:33.701+0000] {subprocess.py:93} INFO - 26/04/06 15:26:33 INFO CodeGenerator: Code generated in 15.594741 ms
[2026-04-06T15:26:33.704+0000] {subprocess.py:93} INFO - 26/04/06 15:26:33 INFO MemoryStore: Block broadcast_7 stored as values in memory (estimated size 206.2 KiB, free 433.6 MiB)
[2026-04-06T15:26:33.708+0000] {subprocess.py:93} INFO - 26/04/06 15:26:33 INFO MemoryStore: Block broadcast_7_piece0 stored as bytes in memory (estimated size 36.4 KiB, free 433.6 MiB)
[2026-04-06T15:26:33.709+0000] {subprocess.py:93} INFO - 26/04/06 15:26:33 INFO BlockManagerInfo: Added broadcast_7_piece0 in memory on 7c36fe5f1e47:38971 (size: 36.4 KiB, free: 434.3 MiB)
[2026-04-06T15:26:33.709+0000] {subprocess.py:93} INFO - 26/04/06 15:26:33 INFO SparkContext: Created broadcast 7 from jdbc at NativeMethodAccessorImpl.java:0
[2026-04-06T15:26:33.710+0000] {subprocess.py:93} INFO - 26/04/06 15:26:33 INFO FileSourceScanExec: Planning scan with bin packing, max size: 4194304 bytes, open cost is considered as scanning 4194304 bytes.
[2026-04-06T15:26:33.718+0000] {subprocess.py:93} INFO - 26/04/06 15:26:33 INFO SparkContext: Starting job: jdbc at NativeMethodAccessorImpl.java:0
[2026-04-06T15:26:33.720+0000] {subprocess.py:93} INFO - 26/04/06 15:26:33 INFO DAGScheduler: Got job 5 (jdbc at NativeMethodAccessorImpl.java:0) with 1 output partitions
[2026-04-06T15:26:33.720+0000] {subprocess.py:93} INFO - 26/04/06 15:26:33 INFO DAGScheduler: Final stage: ResultStage 5 (jdbc at NativeMethodAccessorImpl.java:0)
[2026-04-06T15:26:33.721+0000] {subprocess.py:93} INFO - 26/04/06 15:26:33 INFO DAGScheduler: Parents of final stage: List()
[2026-04-06T15:26:33.721+0000] {subprocess.py:93} INFO - 26/04/06 15:26:33 INFO DAGScheduler: Missing parents: List()
[2026-04-06T15:26:33.721+0000] {subprocess.py:93} INFO - 26/04/06 15:26:33 INFO DAGScheduler: Submitting ResultStage 5 (MapPartitionsRDD[23] at jdbc at NativeMethodAccessorImpl.java:0), which has no missing parents
[2026-04-06T15:26:33.723+0000] {subprocess.py:93} INFO - 26/04/06 15:26:33 INFO MemoryStore: Block broadcast_8 stored as values in memory (estimated size 40.0 KiB, free 433.5 MiB)
[2026-04-06T15:26:33.724+0000] {subprocess.py:93} INFO - 26/04/06 15:26:33 INFO MemoryStore: Block broadcast_8_piece0 stored as bytes in memory (estimated size 16.6 KiB, free 433.5 MiB)
[2026-04-06T15:26:33.725+0000] {subprocess.py:93} INFO - 26/04/06 15:26:33 INFO BlockManagerInfo: Added broadcast_8_piece0 in memory on 7c36fe5f1e47:38971 (size: 16.6 KiB, free: 434.2 MiB)
[2026-04-06T15:26:33.725+0000] {subprocess.py:93} INFO - 26/04/06 15:26:33 INFO SparkContext: Created broadcast 8 from broadcast at DAGScheduler.scala:1611
[2026-04-06T15:26:33.726+0000] {subprocess.py:93} INFO - 26/04/06 15:26:33 INFO DAGScheduler: Submitting 1 missing tasks from ResultStage 5 (MapPartitionsRDD[23] at jdbc at NativeMethodAccessorImpl.java:0) (first 15 tasks are for partitions Vector(0))
[2026-04-06T15:26:33.726+0000] {subprocess.py:93} INFO - 26/04/06 15:26:33 INFO TaskSchedulerImpl: Adding task set 5.0 with 1 tasks resource profile 0
[2026-04-06T15:26:33.727+0000] {subprocess.py:93} INFO - 26/04/06 15:26:33 INFO TaskSetManager: Starting task 0.0 in stage 5.0 (TID 5) (172.18.0.6, executor 0, partition 0, PROCESS_LOCAL, 10722 bytes)
[2026-04-06T15:26:33.736+0000] {subprocess.py:93} INFO - 26/04/06 15:26:33 INFO BlockManagerInfo: Added broadcast_8_piece0 in memory on 172.18.0.6:41649 (size: 16.6 KiB, free: 434.3 MiB)
[2026-04-06T15:26:33.779+0000] {subprocess.py:93} INFO - 26/04/06 15:26:33 INFO BlockManagerInfo: Added broadcast_7_piece0 in memory on 172.18.0.6:41649 (size: 36.4 KiB, free: 434.2 MiB)
[2026-04-06T15:26:33.917+0000] {subprocess.py:93} INFO - 26/04/06 15:26:33 INFO TaskSetManager: Finished task 0.0 in stage 5.0 (TID 5) in 191 ms on 172.18.0.6 (executor 0) (1/1)
[2026-04-06T15:26:33.918+0000] {subprocess.py:93} INFO - 26/04/06 15:26:33 INFO TaskSchedulerImpl: Removed TaskSet 5.0, whose tasks have all completed, from pool
[2026-04-06T15:26:33.918+0000] {subprocess.py:93} INFO - 26/04/06 15:26:33 INFO DAGScheduler: ResultStage 5 (jdbc at NativeMethodAccessorImpl.java:0) finished in 0.197 s
[2026-04-06T15:26:33.918+0000] {subprocess.py:93} INFO - 26/04/06 15:26:33 INFO DAGScheduler: Job 5 is finished. Cancelling potential speculative or zombie tasks for this job
[2026-04-06T15:26:33.919+0000] {subprocess.py:93} INFO - 26/04/06 15:26:33 INFO TaskSchedulerImpl: Killing all running tasks in stage 5: Stage finished
[2026-04-06T15:26:33.919+0000] {subprocess.py:93} INFO - 26/04/06 15:26:33 INFO DAGScheduler: Job 5 finished: jdbc at NativeMethodAccessorImpl.java:0, took 0.199852 s
[2026-04-06T15:26:33.931+0000] {subprocess.py:93} INFO - Silver tables loaded into Postgres successfully.
[2026-04-06T15:26:33.931+0000] {subprocess.py:93} INFO - 26/04/06 15:26:33 INFO SparkContext: SparkContext is stopping with exitCode 0.
[2026-04-06T15:26:33.938+0000] {subprocess.py:93} INFO - 26/04/06 15:26:33 INFO SparkUI: Stopped Spark web UI at http://7c36fe5f1e47:4040
[2026-04-06T15:26:33.940+0000] {subprocess.py:93} INFO - 26/04/06 15:26:33 INFO StandaloneSchedulerBackend: Shutting down all executors
[2026-04-06T15:26:33.940+0000] {subprocess.py:93} INFO - 26/04/06 15:26:33 INFO StandaloneSchedulerBackend$StandaloneDriverEndpoint: Asking each executor to shut down
[2026-04-06T15:26:33.950+0000] {subprocess.py:93} INFO - 26/04/06 15:26:33 INFO MapOutputTrackerMasterEndpoint: MapOutputTrackerMasterEndpoint stopped!
[2026-04-06T15:26:33.962+0000] {subprocess.py:93} INFO - 26/04/06 15:26:33 INFO MemoryStore: MemoryStore cleared
[2026-04-06T15:26:33.962+0000] {subprocess.py:93} INFO - 26/04/06 15:26:33 INFO BlockManager: BlockManager stopped
[2026-04-06T15:26:33.964+0000] {subprocess.py:93} INFO - 26/04/06 15:26:33 INFO BlockManagerMaster: BlockManagerMaster stopped
[2026-04-06T15:26:33.966+0000] {subprocess.py:93} INFO - 26/04/06 15:26:33 INFO OutputCommitCoordinator$OutputCommitCoordinatorEndpoint: OutputCommitCoordinator stopped!
[2026-04-06T15:26:34.046+0000] {subprocess.py:93} INFO - 26/04/06 15:26:34 INFO SparkContext: Successfully stopped SparkContext
[2026-04-06T15:26:34.259+0000] {subprocess.py:93} INFO - 26/04/06 15:26:34 INFO ShutdownHookManager: Shutdown hook called
[2026-04-06T15:26:34.259+0000] {subprocess.py:93} INFO - 26/04/06 15:26:34 INFO ShutdownHookManager: Deleting directory /tmp/spark-887ecf53-e479-4cb2-a8eb-185e00527aac
[2026-04-06T15:26:34.263+0000] {subprocess.py:93} INFO - 26/04/06 15:26:34 INFO ShutdownHookManager: Deleting directory /tmp/spark-418c10f1-2026-4e25-a681-bf6ceb4e4e9a/pyspark-a33acc21-d65b-4434-a3b4-dd5283ca9378
[2026-04-06T15:26:34.268+0000] {subprocess.py:93} INFO - 26/04/06 15:26:34 INFO ShutdownHookManager: Deleting directory /tmp/spark-418c10f1-2026-4e25-a681-bf6ceb4e4e9a
[2026-04-06T15:26:34.273+0000] {subprocess.py:93} INFO - 26/04/06 15:26:34 INFO MetricsSystemImpl: Stopping s3a-file-system metrics system...
[2026-04-06T15:26:34.274+0000] {subprocess.py:93} INFO - 26/04/06 15:26:34 INFO MetricsSystemImpl: s3a-file-system metrics system stopped.
[2026-04-06T15:26:34.274+0000] {subprocess.py:93} INFO - 26/04/06 15:26:34 INFO MetricsSystemImpl: s3a-file-system metrics system shutdown complete.
[2026-04-06T15:26:34.341+0000] {subprocess.py:97} INFO - Command exited with return code 0
[2026-04-06T15:26:34.363+0000] {taskinstance.py:1149} INFO - Marking task as SUCCESS. dag_id=bronze_to_silver_and_gold, task_id=load_silver_to_postgres, execution_date=20260406T152554, start_date=20260406T152623, end_date=20260406T152634
[2026-04-06T15:26:34.411+0000] {local_task_job_runner.py:234} INFO - Task exited with return code 0
[2026-04-06T15:26:34.425+0000] {taskinstance.py:3312} INFO - 1 downstream tasks scheduled from follow-on schedule check
