[2026-04-06T15:15:01.389+0000] {taskinstance.py:1979} INFO - Dependencies all met for dep_context=non-requeueable deps ti=<TaskInstance: bronze_to_silver_and_gold.run_observations_silver manual__2026-04-06T15:15:00.309276+00:00 [queued]>
[2026-04-06T15:15:01.393+0000] {taskinstance.py:1979} INFO - Dependencies all met for dep_context=requeueable deps ti=<TaskInstance: bronze_to_silver_and_gold.run_observations_silver manual__2026-04-06T15:15:00.309276+00:00 [queued]>
[2026-04-06T15:15:01.394+0000] {taskinstance.py:2193} INFO - Starting attempt 1 of 1
[2026-04-06T15:15:01.403+0000] {taskinstance.py:2217} INFO - Executing <Task(BashOperator): run_observations_silver> on 2026-04-06 15:15:00.309276+00:00
[2026-04-06T15:15:01.407+0000] {standard_task_runner.py:60} INFO - Started process 187 to run task
[2026-04-06T15:15:01.411+0000] {standard_task_runner.py:87} INFO - Running: ['airflow', 'tasks', 'run', 'bronze_to_silver_and_gold', 'run_observations_silver', 'manual__2026-04-06T15:15:00.309276+00:00', '--job-id', '25', '--raw', '--subdir', 'DAGS_FOLDER/bronze_to_silver_dag.py', '--cfg-path', '/tmp/tmph7uiqrux']
[2026-04-06T15:15:01.413+0000] {standard_task_runner.py:88} INFO - Job 25: Subtask run_observations_silver
[2026-04-06T15:15:01.459+0000] {task_command.py:423} INFO - Running <TaskInstance: bronze_to_silver_and_gold.run_observations_silver manual__2026-04-06T15:15:00.309276+00:00 [running]> on host 7c36fe5f1e47
[2026-04-06T15:15:01.525+0000] {taskinstance.py:2513} INFO - Exporting env vars: AIRFLOW_CTX_DAG_OWNER='airflow' AIRFLOW_CTX_DAG_ID='bronze_to_silver_and_gold' AIRFLOW_CTX_TASK_ID='run_observations_silver' AIRFLOW_CTX_EXECUTION_DATE='2026-04-06T15:15:00.309276+00:00' AIRFLOW_CTX_TRY_NUMBER='1' AIRFLOW_CTX_DAG_RUN_ID='manual__2026-04-06T15:15:00.309276+00:00'
[2026-04-06T15:15:01.526+0000] {subprocess.py:63} INFO - Tmp dir root location: /tmp
[2026-04-06T15:15:01.528+0000] {subprocess.py:75} INFO - Running command: ['/usr/bin/bash', '-c', '\n/opt/spark/bin/spark-submit \\\n  --master spark://spark-master:7077 \\\n  --packages org.apache.hadoop:hadoop-aws:3.3.4,com.amazonaws:aws-java-sdk-bundle:1.12.262 \\\n  --conf spark.hadoop.fs.s3a.endpoint=http://minio:9000 \\\n  --conf spark.hadoop.fs.s3a.access.key=minioadmin \\\n  --conf spark.hadoop.fs.s3a.secret.key=minioadmin \\\n  --conf spark.hadoop.fs.s3a.path.style.access=true \\\n  --conf spark.hadoop.fs.s3a.impl=org.apache.hadoop.fs.s3a.S3AFileSystem \\\n  /opt/airflow/spark/jobs/bronze_to_silver_observations.py']
[2026-04-06T15:15:01.536+0000] {subprocess.py:86} INFO - Output:
[2026-04-06T15:15:03.245+0000] {subprocess.py:93} INFO - :: loading settings :: url = jar:file:/opt/spark-3.5.6-bin-hadoop3/jars/ivy-2.5.1.jar!/org/apache/ivy/core/settings/ivysettings.xml
[2026-04-06T15:15:03.326+0000] {subprocess.py:93} INFO - Ivy Default Cache set to: /home/airflow/.ivy2/cache
[2026-04-06T15:15:03.327+0000] {subprocess.py:93} INFO - The jars for the packages stored in: /home/airflow/.ivy2/jars
[2026-04-06T15:15:03.330+0000] {subprocess.py:93} INFO - org.apache.hadoop#hadoop-aws added as a dependency
[2026-04-06T15:15:03.330+0000] {subprocess.py:93} INFO - com.amazonaws#aws-java-sdk-bundle added as a dependency
[2026-04-06T15:15:03.331+0000] {subprocess.py:93} INFO - :: resolving dependencies :: org.apache.spark#spark-submit-parent-c8d1bde6-1575-4251-b3a4-b56ad04d7496;1.0
[2026-04-06T15:15:03.331+0000] {subprocess.py:93} INFO - 	confs: [default]
[2026-04-06T15:15:03.483+0000] {subprocess.py:93} INFO - 	found org.apache.hadoop#hadoop-aws;3.3.4 in central
[2026-04-06T15:15:03.522+0000] {subprocess.py:93} INFO - 	found com.amazonaws#aws-java-sdk-bundle;1.12.262 in central
[2026-04-06T15:15:03.543+0000] {subprocess.py:93} INFO - 	found org.wildfly.openssl#wildfly-openssl;1.0.7.Final in central
[2026-04-06T15:15:03.566+0000] {subprocess.py:93} INFO - :: resolution report :: resolve 225ms :: artifacts dl 11ms
[2026-04-06T15:15:03.566+0000] {subprocess.py:93} INFO - 	:: modules in use:
[2026-04-06T15:15:03.567+0000] {subprocess.py:93} INFO - 	com.amazonaws#aws-java-sdk-bundle;1.12.262 from central in [default]
[2026-04-06T15:15:03.567+0000] {subprocess.py:93} INFO - 	org.apache.hadoop#hadoop-aws;3.3.4 from central in [default]
[2026-04-06T15:15:03.567+0000] {subprocess.py:93} INFO - 	org.wildfly.openssl#wildfly-openssl;1.0.7.Final from central in [default]
[2026-04-06T15:15:03.568+0000] {subprocess.py:93} INFO - 	---------------------------------------------------------------------
[2026-04-06T15:15:03.568+0000] {subprocess.py:93} INFO - 	|                  |            modules            ||   artifacts   |
[2026-04-06T15:15:03.568+0000] {subprocess.py:93} INFO - 	|       conf       | number| search|dwnlded|evicted|| number|dwnlded|
[2026-04-06T15:15:03.568+0000] {subprocess.py:93} INFO - 	---------------------------------------------------------------------
[2026-04-06T15:15:03.569+0000] {subprocess.py:93} INFO - 	|      default     |   3   |   0   |   0   |   0   ||   3   |   0   |
[2026-04-06T15:15:03.569+0000] {subprocess.py:93} INFO - 	---------------------------------------------------------------------
[2026-04-06T15:15:03.572+0000] {subprocess.py:93} INFO - :: retrieving :: org.apache.spark#spark-submit-parent-c8d1bde6-1575-4251-b3a4-b56ad04d7496
[2026-04-06T15:15:03.573+0000] {subprocess.py:93} INFO - 	confs: [default]
[2026-04-06T15:15:03.577+0000] {subprocess.py:93} INFO - 	0 artifacts copied, 3 already retrieved (0kB/5ms)
[2026-04-06T15:15:03.763+0000] {subprocess.py:93} INFO - 26/04/06 15:15:03 WARN NativeCodeLoader: Unable to load native-hadoop library for your platform... using builtin-java classes where applicable
[2026-04-06T15:15:04.528+0000] {subprocess.py:93} INFO - 26/04/06 15:15:04 INFO SparkContext: Running Spark version 3.5.6
[2026-04-06T15:15:04.534+0000] {subprocess.py:93} INFO - 26/04/06 15:15:04 INFO SparkContext: OS info Linux, 6.6.87.2-microsoft-standard-WSL2, amd64
[2026-04-06T15:15:04.535+0000] {subprocess.py:93} INFO - 26/04/06 15:15:04 INFO SparkContext: Java version 17.0.18
[2026-04-06T15:15:04.549+0000] {subprocess.py:93} INFO - 26/04/06 15:15:04 INFO ResourceUtils: ==============================================================
[2026-04-06T15:15:04.549+0000] {subprocess.py:93} INFO - 26/04/06 15:15:04 INFO ResourceUtils: No custom resources configured for spark.driver.
[2026-04-06T15:15:04.549+0000] {subprocess.py:93} INFO - 26/04/06 15:15:04 INFO ResourceUtils: ==============================================================
[2026-04-06T15:15:04.550+0000] {subprocess.py:93} INFO - 26/04/06 15:15:04 INFO SparkContext: Submitted application: bronze_to_silver_observations
[2026-04-06T15:15:04.571+0000] {subprocess.py:93} INFO - 26/04/06 15:15:04 INFO ResourceProfile: Default ResourceProfile created, executor resources: Map(memory -> name: memory, amount: 1024, script: , vendor: , offHeap -> name: offHeap, amount: 0, script: , vendor: ), task resources: Map(cpus -> name: cpus, amount: 1.0)
[2026-04-06T15:15:04.578+0000] {subprocess.py:93} INFO - 26/04/06 15:15:04 INFO ResourceProfile: Limiting resource is cpu
[2026-04-06T15:15:04.578+0000] {subprocess.py:93} INFO - 26/04/06 15:15:04 INFO ResourceProfileManager: Added ResourceProfile id: 0
[2026-04-06T15:15:04.639+0000] {subprocess.py:93} INFO - 26/04/06 15:15:04 INFO SecurityManager: Changing view acls to: airflow
[2026-04-06T15:15:04.640+0000] {subprocess.py:93} INFO - 26/04/06 15:15:04 INFO SecurityManager: Changing modify acls to: airflow
[2026-04-06T15:15:04.640+0000] {subprocess.py:93} INFO - 26/04/06 15:15:04 INFO SecurityManager: Changing view acls groups to:
[2026-04-06T15:15:04.641+0000] {subprocess.py:93} INFO - 26/04/06 15:15:04 INFO SecurityManager: Changing modify acls groups to:
[2026-04-06T15:15:04.641+0000] {subprocess.py:93} INFO - 26/04/06 15:15:04 INFO SecurityManager: SecurityManager: authentication disabled; ui acls disabled; users with view permissions: airflow; groups with view permissions: EMPTY; users with modify permissions: airflow; groups with modify permissions: EMPTY
[2026-04-06T15:15:04.807+0000] {subprocess.py:93} INFO - 26/04/06 15:15:04 INFO Utils: Successfully started service 'sparkDriver' on port 33959.
[2026-04-06T15:15:04.834+0000] {subprocess.py:93} INFO - 26/04/06 15:15:04 INFO SparkEnv: Registering MapOutputTracker
[2026-04-06T15:15:04.863+0000] {subprocess.py:93} INFO - 26/04/06 15:15:04 INFO SparkEnv: Registering BlockManagerMaster
[2026-04-06T15:15:04.880+0000] {subprocess.py:93} INFO - 26/04/06 15:15:04 INFO BlockManagerMasterEndpoint: Using org.apache.spark.storage.DefaultTopologyMapper for getting topology information
[2026-04-06T15:15:04.880+0000] {subprocess.py:93} INFO - 26/04/06 15:15:04 INFO BlockManagerMasterEndpoint: BlockManagerMasterEndpoint up
[2026-04-06T15:15:04.883+0000] {subprocess.py:93} INFO - 26/04/06 15:15:04 INFO SparkEnv: Registering BlockManagerMasterHeartbeat
[2026-04-06T15:15:04.901+0000] {subprocess.py:93} INFO - 26/04/06 15:15:04 INFO DiskBlockManager: Created local directory at /tmp/blockmgr-196ceb75-4b95-4a72-bdbf-b5b8ed02441e
[2026-04-06T15:15:04.912+0000] {subprocess.py:93} INFO - 26/04/06 15:15:04 INFO MemoryStore: MemoryStore started with capacity 434.4 MiB
[2026-04-06T15:15:04.923+0000] {subprocess.py:93} INFO - 26/04/06 15:15:04 INFO SparkEnv: Registering OutputCommitCoordinator
[2026-04-06T15:15:05.026+0000] {subprocess.py:93} INFO - 26/04/06 15:15:05 INFO JettyUtils: Start Jetty 0.0.0.0:4040 for SparkUI
[2026-04-06T15:15:05.066+0000] {subprocess.py:93} INFO - 26/04/06 15:15:05 WARN Utils: Service 'SparkUI' could not bind on port 4040. Attempting port 4041.
[2026-04-06T15:15:05.067+0000] {subprocess.py:93} INFO - 26/04/06 15:15:05 WARN Utils: Service 'SparkUI' could not bind on port 4041. Attempting port 4042.
[2026-04-06T15:15:05.073+0000] {subprocess.py:93} INFO - 26/04/06 15:15:05 INFO Utils: Successfully started service 'SparkUI' on port 4042.
[2026-04-06T15:15:05.098+0000] {subprocess.py:93} INFO - 26/04/06 15:15:05 INFO SparkContext: Added JAR file:///home/airflow/.ivy2/jars/org.apache.hadoop_hadoop-aws-3.3.4.jar at spark://7c36fe5f1e47:33959/jars/org.apache.hadoop_hadoop-aws-3.3.4.jar with timestamp 1775488504523
[2026-04-06T15:15:05.099+0000] {subprocess.py:93} INFO - 26/04/06 15:15:05 INFO SparkContext: Added JAR file:///home/airflow/.ivy2/jars/com.amazonaws_aws-java-sdk-bundle-1.12.262.jar at spark://7c36fe5f1e47:33959/jars/com.amazonaws_aws-java-sdk-bundle-1.12.262.jar with timestamp 1775488504523
[2026-04-06T15:15:05.100+0000] {subprocess.py:93} INFO - 26/04/06 15:15:05 INFO SparkContext: Added JAR file:///home/airflow/.ivy2/jars/org.wildfly.openssl_wildfly-openssl-1.0.7.Final.jar at spark://7c36fe5f1e47:33959/jars/org.wildfly.openssl_wildfly-openssl-1.0.7.Final.jar with timestamp 1775488504523
[2026-04-06T15:15:05.101+0000] {subprocess.py:93} INFO - 26/04/06 15:15:05 INFO SparkContext: Added file file:///home/airflow/.ivy2/jars/org.apache.hadoop_hadoop-aws-3.3.4.jar at spark://7c36fe5f1e47:33959/files/org.apache.hadoop_hadoop-aws-3.3.4.jar with timestamp 1775488504523
[2026-04-06T15:15:05.106+0000] {subprocess.py:93} INFO - 26/04/06 15:15:05 INFO Utils: Copying /home/airflow/.ivy2/jars/org.apache.hadoop_hadoop-aws-3.3.4.jar to /tmp/spark-bf278845-4b38-4c4b-8327-12e0fdd6c43d/userFiles-366f4e66-ea0d-4f37-bda1-70a4746dffa1/org.apache.hadoop_hadoop-aws-3.3.4.jar
[2026-04-06T15:15:05.115+0000] {subprocess.py:93} INFO - 26/04/06 15:15:05 INFO SparkContext: Added file file:///home/airflow/.ivy2/jars/com.amazonaws_aws-java-sdk-bundle-1.12.262.jar at spark://7c36fe5f1e47:33959/files/com.amazonaws_aws-java-sdk-bundle-1.12.262.jar with timestamp 1775488504523
[2026-04-06T15:15:05.116+0000] {subprocess.py:93} INFO - 26/04/06 15:15:05 INFO Utils: Copying /home/airflow/.ivy2/jars/com.amazonaws_aws-java-sdk-bundle-1.12.262.jar to /tmp/spark-bf278845-4b38-4c4b-8327-12e0fdd6c43d/userFiles-366f4e66-ea0d-4f37-bda1-70a4746dffa1/com.amazonaws_aws-java-sdk-bundle-1.12.262.jar
[2026-04-06T15:15:06.014+0000] {subprocess.py:93} INFO - 26/04/06 15:15:06 INFO SparkContext: Added file file:///home/airflow/.ivy2/jars/org.wildfly.openssl_wildfly-openssl-1.0.7.Final.jar at spark://7c36fe5f1e47:33959/files/org.wildfly.openssl_wildfly-openssl-1.0.7.Final.jar with timestamp 1775488504523
[2026-04-06T15:15:06.015+0000] {subprocess.py:93} INFO - 26/04/06 15:15:06 INFO Utils: Copying /home/airflow/.ivy2/jars/org.wildfly.openssl_wildfly-openssl-1.0.7.Final.jar to /tmp/spark-bf278845-4b38-4c4b-8327-12e0fdd6c43d/userFiles-366f4e66-ea0d-4f37-bda1-70a4746dffa1/org.wildfly.openssl_wildfly-openssl-1.0.7.Final.jar
[2026-04-06T15:15:06.072+0000] {subprocess.py:93} INFO - 26/04/06 15:15:06 INFO StandaloneAppClient$ClientEndpoint: Connecting to master spark://spark-master:7077...
[2026-04-06T15:15:06.100+0000] {subprocess.py:93} INFO - 26/04/06 15:15:06 INFO TransportClientFactory: Successfully created connection to spark-master/172.18.0.2:7077 after 16 ms (0 ms spent in bootstraps)
[2026-04-06T15:15:06.216+0000] {subprocess.py:93} INFO - 26/04/06 15:15:06 INFO StandaloneSchedulerBackend: Connected to Spark cluster with app ID app-20260406151506-0000
[2026-04-06T15:15:06.222+0000] {subprocess.py:93} INFO - 26/04/06 15:15:06 INFO Utils: Successfully started service 'org.apache.spark.network.netty.NettyBlockTransferService' on port 37167.
[2026-04-06T15:15:06.222+0000] {subprocess.py:93} INFO - 26/04/06 15:15:06 INFO NettyBlockTransferService: Server created on 7c36fe5f1e47:37167
[2026-04-06T15:15:06.224+0000] {subprocess.py:93} INFO - 26/04/06 15:15:06 INFO BlockManager: Using org.apache.spark.storage.RandomBlockReplicationPolicy for block replication policy
[2026-04-06T15:15:06.228+0000] {subprocess.py:93} INFO - 26/04/06 15:15:06 INFO StandaloneAppClient$ClientEndpoint: Executor added: app-20260406151506-0000/0 on worker-20260406151442-172.18.0.6-34727 (172.18.0.6:34727) with 16 core(s)
[2026-04-06T15:15:06.234+0000] {subprocess.py:93} INFO - 26/04/06 15:15:06 INFO StandaloneSchedulerBackend: Granted executor ID app-20260406151506-0000/0 on hostPort 172.18.0.6:34727 with 16 core(s), 1024.0 MiB RAM
[2026-04-06T15:15:06.235+0000] {subprocess.py:93} INFO - 26/04/06 15:15:06 INFO BlockManagerMaster: Registering BlockManager BlockManagerId(driver, 7c36fe5f1e47, 37167, None)
[2026-04-06T15:15:06.235+0000] {subprocess.py:93} INFO - 26/04/06 15:15:06 INFO BlockManagerMasterEndpoint: Registering block manager 7c36fe5f1e47:37167 with 434.4 MiB RAM, BlockManagerId(driver, 7c36fe5f1e47, 37167, None)
[2026-04-06T15:15:06.235+0000] {subprocess.py:93} INFO - 26/04/06 15:15:06 INFO BlockManagerMaster: Registered BlockManager BlockManagerId(driver, 7c36fe5f1e47, 37167, None)
[2026-04-06T15:15:06.236+0000] {subprocess.py:93} INFO - 26/04/06 15:15:06 INFO BlockManager: Initialized BlockManager: BlockManagerId(driver, 7c36fe5f1e47, 37167, None)
[2026-04-06T15:15:06.363+0000] {subprocess.py:93} INFO - 26/04/06 15:15:06 INFO StandaloneAppClient$ClientEndpoint: Executor updated: app-20260406151506-0000/0 is now RUNNING
[2026-04-06T15:15:06.419+0000] {subprocess.py:93} INFO - 26/04/06 15:15:06 INFO StandaloneSchedulerBackend: SchedulerBackend is ready for scheduling beginning after reached minRegisteredResourcesRatio: 0.0
[2026-04-06T15:15:06.577+0000] {subprocess.py:93} INFO - 26/04/06 15:15:06 INFO SharedState: Setting hive.metastore.warehouse.dir ('null') to the value of spark.sql.warehouse.dir.
[2026-04-06T15:15:06.579+0000] {subprocess.py:93} INFO - 26/04/06 15:15:06 INFO SharedState: Warehouse path is 'file:/tmp/airflowtmp1pkgvgzd/spark-warehouse'.
[2026-04-06T15:15:07.355+0000] {subprocess.py:93} INFO - 26/04/06 15:15:07 WARN MetricsConfig: Cannot locate configuration: tried hadoop-metrics2-s3a-file-system.properties,hadoop-metrics2.properties
[2026-04-06T15:15:07.363+0000] {subprocess.py:93} INFO - 26/04/06 15:15:07 INFO MetricsSystemImpl: Scheduled Metric snapshot period at 10 second(s).
[2026-04-06T15:15:07.363+0000] {subprocess.py:93} INFO - 26/04/06 15:15:07 INFO MetricsSystemImpl: s3a-file-system metrics system started
[2026-04-06T15:15:08.176+0000] {subprocess.py:93} INFO - 26/04/06 15:15:08 INFO InMemoryFileIndex: It took 54 ms to list leaf files for 1 paths.
[2026-04-06T15:15:08.254+0000] {subprocess.py:93} INFO - 26/04/06 15:15:08 INFO InMemoryFileIndex: It took 13 ms to list leaf files for 1 paths.
[2026-04-06T15:15:08.333+0000] {subprocess.py:93} INFO - 26/04/06 15:15:08 INFO StandaloneSchedulerBackend$StandaloneDriverEndpoint: Registered executor NettyRpcEndpointRef(spark-client://Executor) (172.18.0.6:34274) with ID 0,  ResourceProfileId 0
[2026-04-06T15:15:08.397+0000] {subprocess.py:93} INFO - 26/04/06 15:15:08 INFO BlockManagerMasterEndpoint: Registering block manager 172.18.0.6:44475 with 434.4 MiB RAM, BlockManagerId(0, 172.18.0.6, 44475, None)
[2026-04-06T15:15:09.755+0000] {subprocess.py:93} INFO - 26/04/06 15:15:09 INFO FileSourceStrategy: Pushed Filters:
[2026-04-06T15:15:09.757+0000] {subprocess.py:93} INFO - 26/04/06 15:15:09 INFO FileSourceStrategy: Post-Scan Filters: (length(trim(value#0, None)) > 0)
[2026-04-06T15:15:10.115+0000] {subprocess.py:93} INFO - 26/04/06 15:15:10 INFO CodeGenerator: Code generated in 145.000893 ms
[2026-04-06T15:15:10.151+0000] {subprocess.py:93} INFO - 26/04/06 15:15:10 INFO MemoryStore: Block broadcast_0 stored as values in memory (estimated size 203.2 KiB, free 434.2 MiB)
[2026-04-06T15:15:10.195+0000] {subprocess.py:93} INFO - 26/04/06 15:15:10 INFO MemoryStore: Block broadcast_0_piece0 stored as bytes in memory (estimated size 35.2 KiB, free 434.2 MiB)
[2026-04-06T15:15:10.202+0000] {subprocess.py:93} INFO - 26/04/06 15:15:10 INFO BlockManagerInfo: Added broadcast_0_piece0 in memory on 7c36fe5f1e47:37167 (size: 35.2 KiB, free: 434.4 MiB)
[2026-04-06T15:15:10.208+0000] {subprocess.py:93} INFO - 26/04/06 15:15:10 INFO SparkContext: Created broadcast 0 from csv at NativeMethodAccessorImpl.java:0
[2026-04-06T15:15:10.217+0000] {subprocess.py:93} INFO - 26/04/06 15:15:10 INFO FileSourceScanExec: Planning scan with bin packing, max size: 4194304 bytes, open cost is considered as scanning 4194304 bytes.
[2026-04-06T15:15:10.292+0000] {subprocess.py:93} INFO - 26/04/06 15:15:10 INFO SparkContext: Starting job: csv at NativeMethodAccessorImpl.java:0
[2026-04-06T15:15:10.301+0000] {subprocess.py:93} INFO - 26/04/06 15:15:10 INFO DAGScheduler: Got job 0 (csv at NativeMethodAccessorImpl.java:0) with 1 output partitions
[2026-04-06T15:15:10.302+0000] {subprocess.py:93} INFO - 26/04/06 15:15:10 INFO DAGScheduler: Final stage: ResultStage 0 (csv at NativeMethodAccessorImpl.java:0)
[2026-04-06T15:15:10.302+0000] {subprocess.py:93} INFO - 26/04/06 15:15:10 INFO DAGScheduler: Parents of final stage: List()
[2026-04-06T15:15:10.303+0000] {subprocess.py:93} INFO - 26/04/06 15:15:10 INFO DAGScheduler: Missing parents: List()
[2026-04-06T15:15:10.305+0000] {subprocess.py:93} INFO - 26/04/06 15:15:10 INFO DAGScheduler: Submitting ResultStage 0 (MapPartitionsRDD[3] at csv at NativeMethodAccessorImpl.java:0), which has no missing parents
[2026-04-06T15:15:10.357+0000] {subprocess.py:93} INFO - 26/04/06 15:15:10 INFO MemoryStore: Block broadcast_1 stored as values in memory (estimated size 13.5 KiB, free 434.2 MiB)
[2026-04-06T15:15:10.366+0000] {subprocess.py:93} INFO - 26/04/06 15:15:10 INFO MemoryStore: Block broadcast_1_piece0 stored as bytes in memory (estimated size 6.4 KiB, free 434.1 MiB)
[2026-04-06T15:15:10.366+0000] {subprocess.py:93} INFO - 26/04/06 15:15:10 INFO BlockManagerInfo: Added broadcast_1_piece0 in memory on 7c36fe5f1e47:37167 (size: 6.4 KiB, free: 434.4 MiB)
[2026-04-06T15:15:10.367+0000] {subprocess.py:93} INFO - 26/04/06 15:15:10 INFO SparkContext: Created broadcast 1 from broadcast at DAGScheduler.scala:1611
[2026-04-06T15:15:10.381+0000] {subprocess.py:93} INFO - 26/04/06 15:15:10 INFO DAGScheduler: Submitting 1 missing tasks from ResultStage 0 (MapPartitionsRDD[3] at csv at NativeMethodAccessorImpl.java:0) (first 15 tasks are for partitions Vector(0))
[2026-04-06T15:15:10.381+0000] {subprocess.py:93} INFO - 26/04/06 15:15:10 INFO TaskSchedulerImpl: Adding task set 0.0 with 1 tasks resource profile 0
[2026-04-06T15:15:11.078+0000] {subprocess.py:93} INFO - 26/04/06 15:15:11 INFO TaskSetManager: Starting task 0.0 in stage 0.0 (TID 0) (172.18.0.6, executor 0, partition 0, PROCESS_LOCAL, 10346 bytes)
[2026-04-06T15:15:11.215+0000] {subprocess.py:93} INFO - 26/04/06 15:15:11 INFO BlockManagerInfo: Added broadcast_1_piece0 in memory on 172.18.0.6:44475 (size: 6.4 KiB, free: 434.4 MiB)
[2026-04-06T15:15:11.860+0000] {subprocess.py:93} INFO - 26/04/06 15:15:11 INFO BlockManagerInfo: Added broadcast_0_piece0 in memory on 172.18.0.6:44475 (size: 35.2 KiB, free: 434.4 MiB)
[2026-04-06T15:15:12.630+0000] {subprocess.py:93} INFO - 26/04/06 15:15:12 INFO TaskSetManager: Finished task 0.0 in stage 0.0 (TID 0) in 1558 ms on 172.18.0.6 (executor 0) (1/1)
[2026-04-06T15:15:12.631+0000] {subprocess.py:93} INFO - 26/04/06 15:15:12 INFO TaskSchedulerImpl: Removed TaskSet 0.0, whose tasks have all completed, from pool
[2026-04-06T15:15:12.633+0000] {subprocess.py:93} INFO - 26/04/06 15:15:12 INFO DAGScheduler: ResultStage 0 (csv at NativeMethodAccessorImpl.java:0) finished in 2.321 s
[2026-04-06T15:15:12.634+0000] {subprocess.py:93} INFO - 26/04/06 15:15:12 INFO DAGScheduler: Job 0 is finished. Cancelling potential speculative or zombie tasks for this job
[2026-04-06T15:15:12.635+0000] {subprocess.py:93} INFO - 26/04/06 15:15:12 INFO TaskSchedulerImpl: Killing all running tasks in stage 0: Stage finished
[2026-04-06T15:15:12.636+0000] {subprocess.py:93} INFO - 26/04/06 15:15:12 INFO DAGScheduler: Job 0 finished: csv at NativeMethodAccessorImpl.java:0, took 2.344371 s
[2026-04-06T15:15:12.651+0000] {subprocess.py:93} INFO - 26/04/06 15:15:12 INFO CodeGenerator: Code generated in 8.132493 ms
[2026-04-06T15:15:12.689+0000] {subprocess.py:93} INFO - 26/04/06 15:15:12 INFO BlockManagerInfo: Removed broadcast_1_piece0 on 7c36fe5f1e47:37167 in memory (size: 6.4 KiB, free: 434.4 MiB)
[2026-04-06T15:15:12.692+0000] {subprocess.py:93} INFO - 26/04/06 15:15:12 INFO BlockManagerInfo: Removed broadcast_1_piece0 on 172.18.0.6:44475 in memory (size: 6.4 KiB, free: 434.4 MiB)
[2026-04-06T15:15:12.695+0000] {subprocess.py:93} INFO - 26/04/06 15:15:12 INFO FileSourceStrategy: Pushed Filters:
[2026-04-06T15:15:12.695+0000] {subprocess.py:93} INFO - 26/04/06 15:15:12 INFO FileSourceStrategy: Post-Scan Filters:
[2026-04-06T15:15:12.699+0000] {subprocess.py:93} INFO - 26/04/06 15:15:12 INFO MemoryStore: Block broadcast_2 stored as values in memory (estimated size 203.2 KiB, free 434.0 MiB)
[2026-04-06T15:15:12.708+0000] {subprocess.py:93} INFO - 26/04/06 15:15:12 INFO MemoryStore: Block broadcast_2_piece0 stored as bytes in memory (estimated size 35.2 KiB, free 433.9 MiB)
[2026-04-06T15:15:12.709+0000] {subprocess.py:93} INFO - 26/04/06 15:15:12 INFO BlockManagerInfo: Added broadcast_2_piece0 in memory on 7c36fe5f1e47:37167 (size: 35.2 KiB, free: 434.3 MiB)
[2026-04-06T15:15:12.710+0000] {subprocess.py:93} INFO - 26/04/06 15:15:12 INFO SparkContext: Created broadcast 2 from csv at NativeMethodAccessorImpl.java:0
[2026-04-06T15:15:12.710+0000] {subprocess.py:93} INFO - 26/04/06 15:15:12 INFO FileSourceScanExec: Planning scan with bin packing, max size: 4194304 bytes, open cost is considered as scanning 4194304 bytes.
[2026-04-06T15:15:12.755+0000] {subprocess.py:93} INFO - 26/04/06 15:15:12 INFO SparkContext: Starting job: csv at NativeMethodAccessorImpl.java:0
[2026-04-06T15:15:12.756+0000] {subprocess.py:93} INFO - 26/04/06 15:15:12 INFO DAGScheduler: Got job 1 (csv at NativeMethodAccessorImpl.java:0) with 1 output partitions
[2026-04-06T15:15:12.757+0000] {subprocess.py:93} INFO - 26/04/06 15:15:12 INFO DAGScheduler: Final stage: ResultStage 1 (csv at NativeMethodAccessorImpl.java:0)
[2026-04-06T15:15:12.757+0000] {subprocess.py:93} INFO - 26/04/06 15:15:12 INFO DAGScheduler: Parents of final stage: List()
[2026-04-06T15:15:12.758+0000] {subprocess.py:93} INFO - 26/04/06 15:15:12 INFO DAGScheduler: Missing parents: List()
[2026-04-06T15:15:12.758+0000] {subprocess.py:93} INFO - 26/04/06 15:15:12 INFO DAGScheduler: Submitting ResultStage 1 (MapPartitionsRDD[9] at csv at NativeMethodAccessorImpl.java:0), which has no missing parents
[2026-04-06T15:15:12.769+0000] {subprocess.py:93} INFO - 26/04/06 15:15:12 INFO MemoryStore: Block broadcast_3 stored as values in memory (estimated size 29.5 KiB, free 433.9 MiB)
[2026-04-06T15:15:12.771+0000] {subprocess.py:93} INFO - 26/04/06 15:15:12 INFO MemoryStore: Block broadcast_3_piece0 stored as bytes in memory (estimated size 13.2 KiB, free 433.9 MiB)
[2026-04-06T15:15:12.771+0000] {subprocess.py:93} INFO - 26/04/06 15:15:12 INFO BlockManagerInfo: Added broadcast_3_piece0 in memory on 7c36fe5f1e47:37167 (size: 13.2 KiB, free: 434.3 MiB)
[2026-04-06T15:15:12.771+0000] {subprocess.py:93} INFO - 26/04/06 15:15:12 INFO SparkContext: Created broadcast 3 from broadcast at DAGScheduler.scala:1611
[2026-04-06T15:15:12.772+0000] {subprocess.py:93} INFO - 26/04/06 15:15:12 INFO DAGScheduler: Submitting 1 missing tasks from ResultStage 1 (MapPartitionsRDD[9] at csv at NativeMethodAccessorImpl.java:0) (first 15 tasks are for partitions Vector(0))
[2026-04-06T15:15:12.772+0000] {subprocess.py:93} INFO - 26/04/06 15:15:12 INFO TaskSchedulerImpl: Adding task set 1.0 with 1 tasks resource profile 0
[2026-04-06T15:15:12.773+0000] {subprocess.py:93} INFO - 26/04/06 15:15:12 INFO TaskSetManager: Starting task 0.0 in stage 1.0 (TID 1) (172.18.0.6, executor 0, partition 0, PROCESS_LOCAL, 10346 bytes)
[2026-04-06T15:15:12.793+0000] {subprocess.py:93} INFO - 26/04/06 15:15:12 INFO BlockManagerInfo: Added broadcast_3_piece0 in memory on 172.18.0.6:44475 (size: 13.2 KiB, free: 434.4 MiB)
[2026-04-06T15:15:13.451+0000] {subprocess.py:93} INFO - 26/04/06 15:15:13 INFO BlockManagerInfo: Added broadcast_2_piece0 in memory on 172.18.0.6:44475 (size: 35.2 KiB, free: 434.3 MiB)
[2026-04-06T15:15:13.798+0000] {subprocess.py:93} INFO - 26/04/06 15:15:13 INFO TaskSetManager: Finished task 0.0 in stage 1.0 (TID 1) in 1024 ms on 172.18.0.6 (executor 0) (1/1)
[2026-04-06T15:15:13.798+0000] {subprocess.py:93} INFO - 26/04/06 15:15:13 INFO TaskSchedulerImpl: Removed TaskSet 1.0, whose tasks have all completed, from pool
[2026-04-06T15:15:13.799+0000] {subprocess.py:93} INFO - 26/04/06 15:15:13 INFO DAGScheduler: ResultStage 1 (csv at NativeMethodAccessorImpl.java:0) finished in 1.040 s
[2026-04-06T15:15:13.799+0000] {subprocess.py:93} INFO - 26/04/06 15:15:13 INFO DAGScheduler: Job 1 is finished. Cancelling potential speculative or zombie tasks for this job
[2026-04-06T15:15:13.799+0000] {subprocess.py:93} INFO - 26/04/06 15:15:13 INFO TaskSchedulerImpl: Killing all running tasks in stage 1: Stage finished
[2026-04-06T15:15:13.800+0000] {subprocess.py:93} INFO - 26/04/06 15:15:13 INFO DAGScheduler: Job 1 finished: csv at NativeMethodAccessorImpl.java:0, took 1.044616 s
[2026-04-06T15:15:13.988+0000] {subprocess.py:93} INFO - 26/04/06 15:15:13 INFO FileSourceStrategy: Pushed Filters:
[2026-04-06T15:15:13.988+0000] {subprocess.py:93} INFO - 26/04/06 15:15:13 INFO FileSourceStrategy: Post-Scan Filters: isnotnull(trim(observation_id#17, None))
[2026-04-06T15:15:14.074+0000] {subprocess.py:93} INFO - 26/04/06 15:15:14 INFO CodeGenerator: Code generated in 20.161754 ms
[2026-04-06T15:15:14.076+0000] {subprocess.py:93} INFO - 26/04/06 15:15:14 INFO MemoryStore: Block broadcast_4 stored as values in memory (estimated size 203.1 KiB, free 433.7 MiB)
[2026-04-06T15:15:14.081+0000] {subprocess.py:93} INFO - 26/04/06 15:15:14 INFO MemoryStore: Block broadcast_4_piece0 stored as bytes in memory (estimated size 35.2 KiB, free 433.7 MiB)
[2026-04-06T15:15:14.082+0000] {subprocess.py:93} INFO - 26/04/06 15:15:14 INFO BlockManagerInfo: Added broadcast_4_piece0 in memory on 7c36fe5f1e47:37167 (size: 35.2 KiB, free: 434.3 MiB)
[2026-04-06T15:15:14.083+0000] {subprocess.py:93} INFO - 26/04/06 15:15:14 INFO SparkContext: Created broadcast 4 from parquet at NativeMethodAccessorImpl.java:0
[2026-04-06T15:15:14.086+0000] {subprocess.py:93} INFO - 26/04/06 15:15:14 INFO FileSourceScanExec: Planning scan with bin packing, max size: 4194304 bytes, open cost is considered as scanning 4194304 bytes.
[2026-04-06T15:15:14.109+0000] {subprocess.py:93} INFO - 26/04/06 15:15:14 INFO DAGScheduler: Registering RDD 14 (parquet at NativeMethodAccessorImpl.java:0) as input to shuffle 0
[2026-04-06T15:15:14.111+0000] {subprocess.py:93} INFO - 26/04/06 15:15:14 INFO DAGScheduler: Got map stage job 2 (parquet at NativeMethodAccessorImpl.java:0) with 1 output partitions
[2026-04-06T15:15:14.111+0000] {subprocess.py:93} INFO - 26/04/06 15:15:14 INFO DAGScheduler: Final stage: ShuffleMapStage 2 (parquet at NativeMethodAccessorImpl.java:0)
[2026-04-06T15:15:14.111+0000] {subprocess.py:93} INFO - 26/04/06 15:15:14 INFO DAGScheduler: Parents of final stage: List()
[2026-04-06T15:15:14.112+0000] {subprocess.py:93} INFO - 26/04/06 15:15:14 INFO DAGScheduler: Missing parents: List()
[2026-04-06T15:15:14.112+0000] {subprocess.py:93} INFO - 26/04/06 15:15:14 INFO DAGScheduler: Submitting ShuffleMapStage 2 (MapPartitionsRDD[14] at parquet at NativeMethodAccessorImpl.java:0), which has no missing parents
[2026-04-06T15:15:14.122+0000] {subprocess.py:93} INFO - 26/04/06 15:15:14 INFO MemoryStore: Block broadcast_5 stored as values in memory (estimated size 40.0 KiB, free 433.6 MiB)
[2026-04-06T15:15:14.126+0000] {subprocess.py:93} INFO - 26/04/06 15:15:14 INFO MemoryStore: Block broadcast_5_piece0 stored as bytes in memory (estimated size 17.8 KiB, free 433.6 MiB)
[2026-04-06T15:15:14.127+0000] {subprocess.py:93} INFO - 26/04/06 15:15:14 INFO BlockManagerInfo: Added broadcast_5_piece0 in memory on 7c36fe5f1e47:37167 (size: 17.8 KiB, free: 434.3 MiB)
[2026-04-06T15:15:14.128+0000] {subprocess.py:93} INFO - 26/04/06 15:15:14 INFO BlockManagerInfo: Removed broadcast_3_piece0 on 7c36fe5f1e47:37167 in memory (size: 13.2 KiB, free: 434.3 MiB)
[2026-04-06T15:15:14.128+0000] {subprocess.py:93} INFO - 26/04/06 15:15:14 INFO SparkContext: Created broadcast 5 from broadcast at DAGScheduler.scala:1611
[2026-04-06T15:15:14.129+0000] {subprocess.py:93} INFO - 26/04/06 15:15:14 INFO DAGScheduler: Submitting 1 missing tasks from ShuffleMapStage 2 (MapPartitionsRDD[14] at parquet at NativeMethodAccessorImpl.java:0) (first 15 tasks are for partitions Vector(0))
[2026-04-06T15:15:14.129+0000] {subprocess.py:93} INFO - 26/04/06 15:15:14 INFO TaskSchedulerImpl: Adding task set 2.0 with 1 tasks resource profile 0
[2026-04-06T15:15:14.130+0000] {subprocess.py:93} INFO - 26/04/06 15:15:14 INFO TaskSetManager: Starting task 0.0 in stage 2.0 (TID 2) (172.18.0.6, executor 0, partition 0, PROCESS_LOCAL, 10335 bytes)
[2026-04-06T15:15:14.131+0000] {subprocess.py:93} INFO - 26/04/06 15:15:14 INFO BlockManagerInfo: Removed broadcast_3_piece0 on 172.18.0.6:44475 in memory (size: 13.2 KiB, free: 434.3 MiB)
[2026-04-06T15:15:14.143+0000] {subprocess.py:93} INFO - 26/04/06 15:15:14 INFO BlockManagerInfo: Added broadcast_5_piece0 in memory on 172.18.0.6:44475 (size: 17.8 KiB, free: 434.3 MiB)
[2026-04-06T15:15:14.305+0000] {subprocess.py:93} INFO - 26/04/06 15:15:14 INFO BlockManagerInfo: Added broadcast_4_piece0 in memory on 172.18.0.6:44475 (size: 35.2 KiB, free: 434.3 MiB)
[2026-04-06T15:15:14.654+0000] {subprocess.py:93} INFO - 26/04/06 15:15:14 INFO TaskSetManager: Finished task 0.0 in stage 2.0 (TID 2) in 524 ms on 172.18.0.6 (executor 0) (1/1)
[2026-04-06T15:15:14.655+0000] {subprocess.py:93} INFO - 26/04/06 15:15:14 INFO TaskSchedulerImpl: Removed TaskSet 2.0, whose tasks have all completed, from pool
[2026-04-06T15:15:14.660+0000] {subprocess.py:93} INFO - 26/04/06 15:15:14 INFO DAGScheduler: ShuffleMapStage 2 (parquet at NativeMethodAccessorImpl.java:0) finished in 0.546 s
[2026-04-06T15:15:14.661+0000] {subprocess.py:93} INFO - 26/04/06 15:15:14 INFO DAGScheduler: looking for newly runnable stages
[2026-04-06T15:15:14.661+0000] {subprocess.py:93} INFO - 26/04/06 15:15:14 INFO DAGScheduler: running: Set()
[2026-04-06T15:15:14.661+0000] {subprocess.py:93} INFO - 26/04/06 15:15:14 INFO DAGScheduler: waiting: Set()
[2026-04-06T15:15:14.662+0000] {subprocess.py:93} INFO - 26/04/06 15:15:14 INFO DAGScheduler: failed: Set()
[2026-04-06T15:15:14.677+0000] {subprocess.py:93} INFO - 26/04/06 15:15:14 INFO ShufflePartitionsUtil: For shuffle(0), advisory target size: 67108864, actual target size 1048576, minimum partition size: 1048576
[2026-04-06T15:15:14.819+0000] {subprocess.py:93} INFO - 26/04/06 15:15:14 INFO ParquetUtils: Using default output committer for Parquet: org.apache.parquet.hadoop.ParquetOutputCommitter
[2026-04-06T15:15:14.839+0000] {subprocess.py:93} INFO - 26/04/06 15:15:14 INFO FileOutputCommitter: File Output Committer Algorithm version is 1
[2026-04-06T15:15:14.839+0000] {subprocess.py:93} INFO - 26/04/06 15:15:14 INFO FileOutputCommitter: FileOutputCommitter skip cleanup _temporary folders under output directory:false, ignore cleanup failures: false
[2026-04-06T15:15:14.840+0000] {subprocess.py:93} INFO - 26/04/06 15:15:14 INFO SQLHadoopMapReduceCommitProtocol: Using user defined output committer class org.apache.parquet.hadoop.ParquetOutputCommitter
[2026-04-06T15:15:14.840+0000] {subprocess.py:93} INFO - 26/04/06 15:15:14 INFO FileOutputCommitter: File Output Committer Algorithm version is 1
[2026-04-06T15:15:14.841+0000] {subprocess.py:93} INFO - 26/04/06 15:15:14 INFO FileOutputCommitter: FileOutputCommitter skip cleanup _temporary folders under output directory:false, ignore cleanup failures: false
[2026-04-06T15:15:14.841+0000] {subprocess.py:93} INFO - 26/04/06 15:15:14 INFO SQLHadoopMapReduceCommitProtocol: Using output committer class org.apache.parquet.hadoop.ParquetOutputCommitter
[2026-04-06T15:15:14.884+0000] {subprocess.py:93} INFO - 26/04/06 15:15:14 INFO CodeGenerator: Code generated in 10.712467 ms
[2026-04-06T15:15:14.896+0000] {subprocess.py:93} INFO - 26/04/06 15:15:14 INFO CodeGenerator: Code generated in 7.506048 ms
[2026-04-06T15:15:14.909+0000] {subprocess.py:93} INFO - 26/04/06 15:15:14 INFO SparkContext: Starting job: parquet at NativeMethodAccessorImpl.java:0
[2026-04-06T15:15:14.910+0000] {subprocess.py:93} INFO - 26/04/06 15:15:14 INFO DAGScheduler: Got job 3 (parquet at NativeMethodAccessorImpl.java:0) with 1 output partitions
[2026-04-06T15:15:14.911+0000] {subprocess.py:93} INFO - 26/04/06 15:15:14 INFO DAGScheduler: Final stage: ResultStage 4 (parquet at NativeMethodAccessorImpl.java:0)
[2026-04-06T15:15:14.911+0000] {subprocess.py:93} INFO - 26/04/06 15:15:14 INFO DAGScheduler: Parents of final stage: List(ShuffleMapStage 3)
[2026-04-06T15:15:14.911+0000] {subprocess.py:93} INFO - 26/04/06 15:15:14 INFO DAGScheduler: Missing parents: List()
[2026-04-06T15:15:14.912+0000] {subprocess.py:93} INFO - 26/04/06 15:15:14 INFO DAGScheduler: Submitting ResultStage 4 (MapPartitionsRDD[19] at parquet at NativeMethodAccessorImpl.java:0), which has no missing parents
[2026-04-06T15:15:14.933+0000] {subprocess.py:93} INFO - 26/04/06 15:15:14 INFO MemoryStore: Block broadcast_6 stored as values in memory (estimated size 257.5 KiB, free 433.4 MiB)
[2026-04-06T15:15:14.937+0000] {subprocess.py:93} INFO - 26/04/06 15:15:14 INFO MemoryStore: Block broadcast_6_piece0 stored as bytes in memory (estimated size 94.4 KiB, free 433.3 MiB)
[2026-04-06T15:15:14.938+0000] {subprocess.py:93} INFO - 26/04/06 15:15:14 INFO BlockManagerInfo: Added broadcast_6_piece0 in memory on 7c36fe5f1e47:37167 (size: 94.4 KiB, free: 434.2 MiB)
[2026-04-06T15:15:14.938+0000] {subprocess.py:93} INFO - 26/04/06 15:15:14 INFO SparkContext: Created broadcast 6 from broadcast at DAGScheduler.scala:1611
[2026-04-06T15:15:14.939+0000] {subprocess.py:93} INFO - 26/04/06 15:15:14 INFO DAGScheduler: Submitting 1 missing tasks from ResultStage 4 (MapPartitionsRDD[19] at parquet at NativeMethodAccessorImpl.java:0) (first 15 tasks are for partitions Vector(0))
[2026-04-06T15:15:14.939+0000] {subprocess.py:93} INFO - 26/04/06 15:15:14 INFO TaskSchedulerImpl: Adding task set 4.0 with 1 tasks resource profile 0
[2026-04-06T15:15:14.942+0000] {subprocess.py:93} INFO - 26/04/06 15:15:14 INFO TaskSetManager: Starting task 0.0 in stage 4.0 (TID 3) (172.18.0.6, executor 0, partition 0, NODE_LOCAL, 9733 bytes)
[2026-04-06T15:15:14.955+0000] {subprocess.py:93} INFO - 26/04/06 15:15:14 INFO BlockManagerInfo: Added broadcast_6_piece0 in memory on 172.18.0.6:44475 (size: 94.4 KiB, free: 434.2 MiB)
[2026-04-06T15:15:15.007+0000] {subprocess.py:93} INFO - 26/04/06 15:15:15 INFO MapOutputTrackerMasterEndpoint: Asked to send map output locations for shuffle 0 to 172.18.0.6:34274
[2026-04-06T15:15:15.029+0000] {subprocess.py:93} INFO - 26/04/06 15:15:15 INFO BlockManagerInfo: Removed broadcast_2_piece0 on 7c36fe5f1e47:37167 in memory (size: 35.2 KiB, free: 434.2 MiB)
[2026-04-06T15:15:15.031+0000] {subprocess.py:93} INFO - 26/04/06 15:15:15 INFO BlockManagerInfo: Removed broadcast_2_piece0 on 172.18.0.6:44475 in memory (size: 35.2 KiB, free: 434.2 MiB)
[2026-04-06T15:15:15.036+0000] {subprocess.py:93} INFO - 26/04/06 15:15:15 INFO BlockManagerInfo: Removed broadcast_0_piece0 on 7c36fe5f1e47:37167 in memory (size: 35.2 KiB, free: 434.3 MiB)
[2026-04-06T15:15:15.038+0000] {subprocess.py:93} INFO - 26/04/06 15:15:15 INFO BlockManagerInfo: Removed broadcast_0_piece0 on 172.18.0.6:44475 in memory (size: 35.2 KiB, free: 434.3 MiB)
[2026-04-06T15:15:15.914+0000] {subprocess.py:93} INFO - 26/04/06 15:15:15 INFO TaskSetManager: Finished task 0.0 in stage 4.0 (TID 3) in 973 ms on 172.18.0.6 (executor 0) (1/1)
[2026-04-06T15:15:15.914+0000] {subprocess.py:93} INFO - 26/04/06 15:15:15 INFO TaskSchedulerImpl: Removed TaskSet 4.0, whose tasks have all completed, from pool
[2026-04-06T15:15:15.915+0000] {subprocess.py:93} INFO - 26/04/06 15:15:15 INFO DAGScheduler: ResultStage 4 (parquet at NativeMethodAccessorImpl.java:0) finished in 0.994 s
[2026-04-06T15:15:15.915+0000] {subprocess.py:93} INFO - 26/04/06 15:15:15 INFO DAGScheduler: Job 3 is finished. Cancelling potential speculative or zombie tasks for this job
[2026-04-06T15:15:15.915+0000] {subprocess.py:93} INFO - 26/04/06 15:15:15 INFO TaskSchedulerImpl: Killing all running tasks in stage 4: Stage finished
[2026-04-06T15:15:15.916+0000] {subprocess.py:93} INFO - 26/04/06 15:15:15 INFO DAGScheduler: Job 3 finished: parquet at NativeMethodAccessorImpl.java:0, took 1.006120 s
[2026-04-06T15:15:15.917+0000] {subprocess.py:93} INFO - 26/04/06 15:15:15 INFO FileFormatWriter: Start to commit write Job 3a5f1b7a-d4e8-4261-b0fb-b889af71942b.
[2026-04-06T15:15:16.027+0000] {subprocess.py:93} INFO - 26/04/06 15:15:16 INFO FileFormatWriter: Write Job 3a5f1b7a-d4e8-4261-b0fb-b889af71942b committed. Elapsed time: 109 ms.
[2026-04-06T15:15:16.029+0000] {subprocess.py:93} INFO - 26/04/06 15:15:16 INFO FileFormatWriter: Finished processing stats for write job 3a5f1b7a-d4e8-4261-b0fb-b889af71942b.
[2026-04-06T15:15:16.030+0000] {subprocess.py:93} INFO - Observations Bronze -> Silver completed successfully.
[2026-04-06T15:15:16.031+0000] {subprocess.py:93} INFO - 26/04/06 15:15:16 INFO SparkContext: SparkContext is stopping with exitCode 0.
[2026-04-06T15:15:16.036+0000] {subprocess.py:93} INFO - 26/04/06 15:15:16 INFO SparkUI: Stopped Spark web UI at http://7c36fe5f1e47:4042
[2026-04-06T15:15:16.038+0000] {subprocess.py:93} INFO - 26/04/06 15:15:16 INFO StandaloneSchedulerBackend: Shutting down all executors
[2026-04-06T15:15:16.038+0000] {subprocess.py:93} INFO - 26/04/06 15:15:16 INFO StandaloneSchedulerBackend$StandaloneDriverEndpoint: Asking each executor to shut down
[2026-04-06T15:15:16.048+0000] {subprocess.py:93} INFO - 26/04/06 15:15:16 INFO MapOutputTrackerMasterEndpoint: MapOutputTrackerMasterEndpoint stopped!
[2026-04-06T15:15:16.064+0000] {subprocess.py:93} INFO - 26/04/06 15:15:16 INFO MemoryStore: MemoryStore cleared
[2026-04-06T15:15:16.064+0000] {subprocess.py:93} INFO - 26/04/06 15:15:16 INFO BlockManager: BlockManager stopped
[2026-04-06T15:15:16.067+0000] {subprocess.py:93} INFO - 26/04/06 15:15:16 INFO BlockManagerMaster: BlockManagerMaster stopped
[2026-04-06T15:15:16.069+0000] {subprocess.py:93} INFO - 26/04/06 15:15:16 INFO OutputCommitCoordinator$OutputCommitCoordinatorEndpoint: OutputCommitCoordinator stopped!
[2026-04-06T15:15:16.156+0000] {subprocess.py:93} INFO - 26/04/06 15:15:16 INFO SparkContext: Successfully stopped SparkContext
[2026-04-06T15:15:16.483+0000] {subprocess.py:93} INFO - 26/04/06 15:15:16 INFO ShutdownHookManager: Shutdown hook called
[2026-04-06T15:15:16.483+0000] {subprocess.py:93} INFO - 26/04/06 15:15:16 INFO ShutdownHookManager: Deleting directory /tmp/spark-bf278845-4b38-4c4b-8327-12e0fdd6c43d/pyspark-2d766aea-293a-4dd7-a936-05d022be8494
[2026-04-06T15:15:16.489+0000] {subprocess.py:93} INFO - 26/04/06 15:15:16 INFO ShutdownHookManager: Deleting directory /tmp/spark-0886089e-b7dd-4c43-a870-54bad7bd7844
[2026-04-06T15:15:16.493+0000] {subprocess.py:93} INFO - 26/04/06 15:15:16 INFO ShutdownHookManager: Deleting directory /tmp/spark-bf278845-4b38-4c4b-8327-12e0fdd6c43d
[2026-04-06T15:15:16.499+0000] {subprocess.py:93} INFO - 26/04/06 15:15:16 INFO MetricsSystemImpl: Stopping s3a-file-system metrics system...
[2026-04-06T15:15:16.500+0000] {subprocess.py:93} INFO - 26/04/06 15:15:16 INFO MetricsSystemImpl: s3a-file-system metrics system stopped.
[2026-04-06T15:15:16.500+0000] {subprocess.py:93} INFO - 26/04/06 15:15:16 INFO MetricsSystemImpl: s3a-file-system metrics system shutdown complete.
[2026-04-06T15:15:16.575+0000] {subprocess.py:97} INFO - Command exited with return code 0
[2026-04-06T15:15:16.597+0000] {taskinstance.py:1149} INFO - Marking task as SUCCESS. dag_id=bronze_to_silver_and_gold, task_id=run_observations_silver, execution_date=20260406T151500, start_date=20260406T151501, end_date=20260406T151516
[2026-04-06T15:15:16.615+0000] {local_task_job_runner.py:234} INFO - Task exited with return code 0
[2026-04-06T15:15:16.631+0000] {taskinstance.py:3312} INFO - 0 downstream tasks scheduled from follow-on schedule check
