[2026-04-06T14:36:45.120+0000] {taskinstance.py:1979} INFO - Dependencies all met for dep_context=non-requeueable deps ti=<TaskInstance: bronze_to_silver_and_gold.run_patients_silver manual__2026-04-06T14:36:44.740338+00:00 [queued]>
[2026-04-06T14:36:45.127+0000] {taskinstance.py:1979} INFO - Dependencies all met for dep_context=requeueable deps ti=<TaskInstance: bronze_to_silver_and_gold.run_patients_silver manual__2026-04-06T14:36:44.740338+00:00 [queued]>
[2026-04-06T14:36:45.128+0000] {taskinstance.py:2193} INFO - Starting attempt 1 of 1
[2026-04-06T14:36:45.139+0000] {taskinstance.py:2217} INFO - Executing <Task(BashOperator): run_patients_silver> on 2026-04-06 14:36:44.740338+00:00
[2026-04-06T14:36:45.146+0000] {standard_task_runner.py:60} INFO - Started process 192 to run task
[2026-04-06T14:36:45.151+0000] {standard_task_runner.py:87} INFO - Running: ['airflow', 'tasks', 'run', 'bronze_to_silver_and_gold', 'run_patients_silver', 'manual__2026-04-06T14:36:44.740338+00:00', '--job-id', '20', '--raw', '--subdir', 'DAGS_FOLDER/bronze_to_silver_dag.py', '--cfg-path', '/tmp/tmpfazvqb92']
[2026-04-06T14:36:45.153+0000] {standard_task_runner.py:88} INFO - Job 20: Subtask run_patients_silver
[2026-04-06T14:36:45.211+0000] {task_command.py:423} INFO - Running <TaskInstance: bronze_to_silver_and_gold.run_patients_silver manual__2026-04-06T14:36:44.740338+00:00 [running]> on host 7c36fe5f1e47
[2026-04-06T14:36:45.296+0000] {taskinstance.py:2513} INFO - Exporting env vars: AIRFLOW_CTX_DAG_OWNER='airflow' AIRFLOW_CTX_DAG_ID='bronze_to_silver_and_gold' AIRFLOW_CTX_TASK_ID='run_patients_silver' AIRFLOW_CTX_EXECUTION_DATE='2026-04-06T14:36:44.740338+00:00' AIRFLOW_CTX_TRY_NUMBER='1' AIRFLOW_CTX_DAG_RUN_ID='manual__2026-04-06T14:36:44.740338+00:00'
[2026-04-06T14:36:45.297+0000] {subprocess.py:63} INFO - Tmp dir root location: /tmp
[2026-04-06T14:36:45.298+0000] {subprocess.py:75} INFO - Running command: ['/usr/bin/bash', '-c', '\n/opt/spark/bin/spark-submit \\\n  --master spark://spark-master:7077 \\\n  --packages org.apache.hadoop:hadoop-aws:3.3.4,com.amazonaws:aws-java-sdk-bundle:1.12.262 \\\n  --conf spark.hadoop.fs.s3a.endpoint=http://minio:9000 \\\n  --conf spark.hadoop.fs.s3a.access.key=minioadmin \\\n  --conf spark.hadoop.fs.s3a.secret.key=minioadmin \\\n  --conf spark.hadoop.fs.s3a.path.style.access=true \\\n  --conf spark.hadoop.fs.s3a.impl=org.apache.hadoop.fs.s3a.S3AFileSystem \\\n  /opt/airflow/spark/jobs/bronze_to_silver_patients.py']
[2026-04-06T14:36:45.308+0000] {subprocess.py:86} INFO - Output:
[2026-04-06T14:36:47.069+0000] {subprocess.py:93} INFO - :: loading settings :: url = jar:file:/opt/spark-3.5.6-bin-hadoop3/jars/ivy-2.5.1.jar!/org/apache/ivy/core/settings/ivysettings.xml
[2026-04-06T14:36:47.157+0000] {subprocess.py:93} INFO - Ivy Default Cache set to: /home/airflow/.ivy2/cache
[2026-04-06T14:36:47.157+0000] {subprocess.py:93} INFO - The jars for the packages stored in: /home/airflow/.ivy2/jars
[2026-04-06T14:36:47.160+0000] {subprocess.py:93} INFO - org.apache.hadoop#hadoop-aws added as a dependency
[2026-04-06T14:36:47.161+0000] {subprocess.py:93} INFO - com.amazonaws#aws-java-sdk-bundle added as a dependency
[2026-04-06T14:36:47.162+0000] {subprocess.py:93} INFO - :: resolving dependencies :: org.apache.spark#spark-submit-parent-a6fb0eec-2e70-45da-b9d5-0fffe3bf9d9e;1.0
[2026-04-06T14:36:47.162+0000] {subprocess.py:93} INFO - 	confs: [default]
[2026-04-06T14:36:47.319+0000] {subprocess.py:93} INFO - 	found org.apache.hadoop#hadoop-aws;3.3.4 in central
[2026-04-06T14:36:47.346+0000] {subprocess.py:93} INFO - 	found com.amazonaws#aws-java-sdk-bundle;1.12.262 in central
[2026-04-06T14:36:47.383+0000] {subprocess.py:93} INFO - 	found org.wildfly.openssl#wildfly-openssl;1.0.7.Final in central
[2026-04-06T14:36:47.410+0000] {subprocess.py:93} INFO - :: resolution report :: resolve 238ms :: artifacts dl 11ms
[2026-04-06T14:36:47.410+0000] {subprocess.py:93} INFO - 	:: modules in use:
[2026-04-06T14:36:47.411+0000] {subprocess.py:93} INFO - 	com.amazonaws#aws-java-sdk-bundle;1.12.262 from central in [default]
[2026-04-06T14:36:47.412+0000] {subprocess.py:93} INFO - 	org.apache.hadoop#hadoop-aws;3.3.4 from central in [default]
[2026-04-06T14:36:47.412+0000] {subprocess.py:93} INFO - 	org.wildfly.openssl#wildfly-openssl;1.0.7.Final from central in [default]
[2026-04-06T14:36:47.412+0000] {subprocess.py:93} INFO - 	---------------------------------------------------------------------
[2026-04-06T14:36:47.412+0000] {subprocess.py:93} INFO - 	|                  |            modules            ||   artifacts   |
[2026-04-06T14:36:47.413+0000] {subprocess.py:93} INFO - 	|       conf       | number| search|dwnlded|evicted|| number|dwnlded|
[2026-04-06T14:36:47.413+0000] {subprocess.py:93} INFO - 	---------------------------------------------------------------------
[2026-04-06T14:36:47.414+0000] {subprocess.py:93} INFO - 	|      default     |   3   |   0   |   0   |   0   ||   3   |   0   |
[2026-04-06T14:36:47.414+0000] {subprocess.py:93} INFO - 	---------------------------------------------------------------------
[2026-04-06T14:36:47.415+0000] {subprocess.py:93} INFO - :: retrieving :: org.apache.spark#spark-submit-parent-a6fb0eec-2e70-45da-b9d5-0fffe3bf9d9e
[2026-04-06T14:36:47.415+0000] {subprocess.py:93} INFO - 	confs: [default]
[2026-04-06T14:36:47.420+0000] {subprocess.py:93} INFO - 	0 artifacts copied, 3 already retrieved (0kB/4ms)
[2026-04-06T14:36:47.597+0000] {subprocess.py:93} INFO - 26/04/06 14:36:47 WARN NativeCodeLoader: Unable to load native-hadoop library for your platform... using builtin-java classes where applicable
[2026-04-06T14:36:48.372+0000] {subprocess.py:93} INFO - 26/04/06 14:36:48 INFO SparkContext: Running Spark version 3.5.6
[2026-04-06T14:36:48.372+0000] {subprocess.py:93} INFO - 26/04/06 14:36:48 INFO SparkContext: OS info Linux, 6.6.87.2-microsoft-standard-WSL2, amd64
[2026-04-06T14:36:48.372+0000] {subprocess.py:93} INFO - 26/04/06 14:36:48 INFO SparkContext: Java version 17.0.18
[2026-04-06T14:36:48.393+0000] {subprocess.py:93} INFO - 26/04/06 14:36:48 INFO ResourceUtils: ==============================================================
[2026-04-06T14:36:48.396+0000] {subprocess.py:93} INFO - 26/04/06 14:36:48 INFO ResourceUtils: No custom resources configured for spark.driver.
[2026-04-06T14:36:48.397+0000] {subprocess.py:93} INFO - 26/04/06 14:36:48 INFO ResourceUtils: ==============================================================
[2026-04-06T14:36:48.397+0000] {subprocess.py:93} INFO - 26/04/06 14:36:48 INFO SparkContext: Submitted application: bronze_to_silver_patients
[2026-04-06T14:36:48.413+0000] {subprocess.py:93} INFO - 26/04/06 14:36:48 INFO ResourceProfile: Default ResourceProfile created, executor resources: Map(memory -> name: memory, amount: 1024, script: , vendor: , offHeap -> name: offHeap, amount: 0, script: , vendor: ), task resources: Map(cpus -> name: cpus, amount: 1.0)
[2026-04-06T14:36:48.418+0000] {subprocess.py:93} INFO - 26/04/06 14:36:48 INFO ResourceProfile: Limiting resource is cpu
[2026-04-06T14:36:48.419+0000] {subprocess.py:93} INFO - 26/04/06 14:36:48 INFO ResourceProfileManager: Added ResourceProfile id: 0
[2026-04-06T14:36:48.478+0000] {subprocess.py:93} INFO - 26/04/06 14:36:48 INFO SecurityManager: Changing view acls to: airflow
[2026-04-06T14:36:48.478+0000] {subprocess.py:93} INFO - 26/04/06 14:36:48 INFO SecurityManager: Changing modify acls to: airflow
[2026-04-06T14:36:48.479+0000] {subprocess.py:93} INFO - 26/04/06 14:36:48 INFO SecurityManager: Changing view acls groups to:
[2026-04-06T14:36:48.479+0000] {subprocess.py:93} INFO - 26/04/06 14:36:48 INFO SecurityManager: Changing modify acls groups to:
[2026-04-06T14:36:48.479+0000] {subprocess.py:93} INFO - 26/04/06 14:36:48 INFO SecurityManager: SecurityManager: authentication disabled; ui acls disabled; users with view permissions: airflow; groups with view permissions: EMPTY; users with modify permissions: airflow; groups with modify permissions: EMPTY
[2026-04-06T14:36:48.652+0000] {subprocess.py:93} INFO - 26/04/06 14:36:48 INFO Utils: Successfully started service 'sparkDriver' on port 33261.
[2026-04-06T14:36:48.679+0000] {subprocess.py:93} INFO - 26/04/06 14:36:48 INFO SparkEnv: Registering MapOutputTracker
[2026-04-06T14:36:48.708+0000] {subprocess.py:93} INFO - 26/04/06 14:36:48 INFO SparkEnv: Registering BlockManagerMaster
[2026-04-06T14:36:48.726+0000] {subprocess.py:93} INFO - 26/04/06 14:36:48 INFO BlockManagerMasterEndpoint: Using org.apache.spark.storage.DefaultTopologyMapper for getting topology information
[2026-04-06T14:36:48.726+0000] {subprocess.py:93} INFO - 26/04/06 14:36:48 INFO BlockManagerMasterEndpoint: BlockManagerMasterEndpoint up
[2026-04-06T14:36:48.728+0000] {subprocess.py:93} INFO - 26/04/06 14:36:48 INFO SparkEnv: Registering BlockManagerMasterHeartbeat
[2026-04-06T14:36:48.749+0000] {subprocess.py:93} INFO - 26/04/06 14:36:48 INFO DiskBlockManager: Created local directory at /tmp/blockmgr-0ff4ed87-85c8-4b64-8bc3-a6b151f40a96
[2026-04-06T14:36:48.759+0000] {subprocess.py:93} INFO - 26/04/06 14:36:48 INFO MemoryStore: MemoryStore started with capacity 434.4 MiB
[2026-04-06T14:36:48.770+0000] {subprocess.py:93} INFO - 26/04/06 14:36:48 INFO SparkEnv: Registering OutputCommitCoordinator
[2026-04-06T14:36:48.875+0000] {subprocess.py:93} INFO - 26/04/06 14:36:48 INFO JettyUtils: Start Jetty 0.0.0.0:4040 for SparkUI
[2026-04-06T14:36:48.919+0000] {subprocess.py:93} INFO - 26/04/06 14:36:48 INFO Utils: Successfully started service 'SparkUI' on port 4040.
[2026-04-06T14:36:48.945+0000] {subprocess.py:93} INFO - 26/04/06 14:36:48 INFO SparkContext: Added JAR file:///home/airflow/.ivy2/jars/org.apache.hadoop_hadoop-aws-3.3.4.jar at spark://7c36fe5f1e47:33261/jars/org.apache.hadoop_hadoop-aws-3.3.4.jar with timestamp 1775486208366
[2026-04-06T14:36:48.946+0000] {subprocess.py:93} INFO - 26/04/06 14:36:48 INFO SparkContext: Added JAR file:///home/airflow/.ivy2/jars/com.amazonaws_aws-java-sdk-bundle-1.12.262.jar at spark://7c36fe5f1e47:33261/jars/com.amazonaws_aws-java-sdk-bundle-1.12.262.jar with timestamp 1775486208366
[2026-04-06T14:36:48.946+0000] {subprocess.py:93} INFO - 26/04/06 14:36:48 INFO SparkContext: Added JAR file:///home/airflow/.ivy2/jars/org.wildfly.openssl_wildfly-openssl-1.0.7.Final.jar at spark://7c36fe5f1e47:33261/jars/org.wildfly.openssl_wildfly-openssl-1.0.7.Final.jar with timestamp 1775486208366
[2026-04-06T14:36:48.948+0000] {subprocess.py:93} INFO - 26/04/06 14:36:48 INFO SparkContext: Added file file:///home/airflow/.ivy2/jars/org.apache.hadoop_hadoop-aws-3.3.4.jar at spark://7c36fe5f1e47:33261/files/org.apache.hadoop_hadoop-aws-3.3.4.jar with timestamp 1775486208366
[2026-04-06T14:36:48.949+0000] {subprocess.py:93} INFO - 26/04/06 14:36:48 INFO Utils: Copying /home/airflow/.ivy2/jars/org.apache.hadoop_hadoop-aws-3.3.4.jar to /tmp/spark-a4afcaa2-b979-4ad3-a3fa-4af043e2e04a/userFiles-24c0adb6-43bc-4b14-93f4-ced1e76ce3d2/org.apache.hadoop_hadoop-aws-3.3.4.jar
[2026-04-06T14:36:48.962+0000] {subprocess.py:93} INFO - 26/04/06 14:36:48 INFO SparkContext: Added file file:///home/airflow/.ivy2/jars/com.amazonaws_aws-java-sdk-bundle-1.12.262.jar at spark://7c36fe5f1e47:33261/files/com.amazonaws_aws-java-sdk-bundle-1.12.262.jar with timestamp 1775486208366
[2026-04-06T14:36:48.962+0000] {subprocess.py:93} INFO - 26/04/06 14:36:48 INFO Utils: Copying /home/airflow/.ivy2/jars/com.amazonaws_aws-java-sdk-bundle-1.12.262.jar to /tmp/spark-a4afcaa2-b979-4ad3-a3fa-4af043e2e04a/userFiles-24c0adb6-43bc-4b14-93f4-ced1e76ce3d2/com.amazonaws_aws-java-sdk-bundle-1.12.262.jar
[2026-04-06T14:36:49.954+0000] {subprocess.py:93} INFO - 26/04/06 14:36:49 INFO SparkContext: Added file file:///home/airflow/.ivy2/jars/org.wildfly.openssl_wildfly-openssl-1.0.7.Final.jar at spark://7c36fe5f1e47:33261/files/org.wildfly.openssl_wildfly-openssl-1.0.7.Final.jar with timestamp 1775486208366
[2026-04-06T14:36:49.956+0000] {subprocess.py:93} INFO - 26/04/06 14:36:49 INFO Utils: Copying /home/airflow/.ivy2/jars/org.wildfly.openssl_wildfly-openssl-1.0.7.Final.jar to /tmp/spark-a4afcaa2-b979-4ad3-a3fa-4af043e2e04a/userFiles-24c0adb6-43bc-4b14-93f4-ced1e76ce3d2/org.wildfly.openssl_wildfly-openssl-1.0.7.Final.jar
[2026-04-06T14:36:50.014+0000] {subprocess.py:93} INFO - 26/04/06 14:36:50 INFO StandaloneAppClient$ClientEndpoint: Connecting to master spark://spark-master:7077...
[2026-04-06T14:36:50.042+0000] {subprocess.py:93} INFO - 26/04/06 14:36:50 INFO TransportClientFactory: Successfully created connection to spark-master/172.18.0.2:7077 after 15 ms (0 ms spent in bootstraps)
[2026-04-06T14:36:50.210+0000] {subprocess.py:93} INFO - 26/04/06 14:36:50 INFO StandaloneSchedulerBackend: Connected to Spark cluster with app ID app-20260406143650-0001
[2026-04-06T14:36:50.218+0000] {subprocess.py:93} INFO - 26/04/06 14:36:50 INFO Utils: Successfully started service 'org.apache.spark.network.netty.NettyBlockTransferService' on port 38495.
[2026-04-06T14:36:50.219+0000] {subprocess.py:93} INFO - 26/04/06 14:36:50 INFO NettyBlockTransferService: Server created on 7c36fe5f1e47:38495
[2026-04-06T14:36:50.221+0000] {subprocess.py:93} INFO - 26/04/06 14:36:50 INFO BlockManager: Using org.apache.spark.storage.RandomBlockReplicationPolicy for block replication policy
[2026-04-06T14:36:50.225+0000] {subprocess.py:93} INFO - 26/04/06 14:36:50 INFO BlockManagerMaster: Registering BlockManager BlockManagerId(driver, 7c36fe5f1e47, 38495, None)
[2026-04-06T14:36:50.227+0000] {subprocess.py:93} INFO - 26/04/06 14:36:50 INFO BlockManagerMasterEndpoint: Registering block manager 7c36fe5f1e47:38495 with 434.4 MiB RAM, BlockManagerId(driver, 7c36fe5f1e47, 38495, None)
[2026-04-06T14:36:50.229+0000] {subprocess.py:93} INFO - 26/04/06 14:36:50 INFO BlockManagerMaster: Registered BlockManager BlockManagerId(driver, 7c36fe5f1e47, 38495, None)
[2026-04-06T14:36:50.230+0000] {subprocess.py:93} INFO - 26/04/06 14:36:50 INFO BlockManager: Initialized BlockManager: BlockManagerId(driver, 7c36fe5f1e47, 38495, None)
[2026-04-06T14:36:50.392+0000] {subprocess.py:93} INFO - 26/04/06 14:36:50 INFO StandaloneSchedulerBackend: SchedulerBackend is ready for scheduling beginning after reached minRegisteredResourcesRatio: 0.0
[2026-04-06T14:36:50.558+0000] {subprocess.py:93} INFO - 26/04/06 14:36:50 INFO SharedState: Setting hive.metastore.warehouse.dir ('null') to the value of spark.sql.warehouse.dir.
[2026-04-06T14:36:50.559+0000] {subprocess.py:93} INFO - 26/04/06 14:36:50 INFO SharedState: Warehouse path is 'file:/tmp/airflowtmpzminrn5g/spark-warehouse'.
[2026-04-06T14:36:51.338+0000] {subprocess.py:93} INFO - 26/04/06 14:36:51 WARN MetricsConfig: Cannot locate configuration: tried hadoop-metrics2-s3a-file-system.properties,hadoop-metrics2.properties
[2026-04-06T14:36:51.346+0000] {subprocess.py:93} INFO - 26/04/06 14:36:51 INFO MetricsSystemImpl: Scheduled Metric snapshot period at 10 second(s).
[2026-04-06T14:36:51.346+0000] {subprocess.py:93} INFO - 26/04/06 14:36:51 INFO MetricsSystemImpl: s3a-file-system metrics system started
[2026-04-06T14:36:52.189+0000] {subprocess.py:93} INFO - 26/04/06 14:36:52 INFO InMemoryFileIndex: It took 59 ms to list leaf files for 1 paths.
[2026-04-06T14:36:52.258+0000] {subprocess.py:93} INFO - 26/04/06 14:36:52 INFO InMemoryFileIndex: It took 12 ms to list leaf files for 1 paths.
[2026-04-06T14:36:53.632+0000] {subprocess.py:93} INFO - 26/04/06 14:36:53 INFO FileSourceStrategy: Pushed Filters:
[2026-04-06T14:36:53.634+0000] {subprocess.py:93} INFO - 26/04/06 14:36:53 INFO FileSourceStrategy: Post-Scan Filters: (length(trim(value#0, None)) > 0)
[2026-04-06T14:36:53.963+0000] {subprocess.py:93} INFO - 26/04/06 14:36:53 INFO CodeGenerator: Code generated in 147.541412 ms
[2026-04-06T14:36:54.006+0000] {subprocess.py:93} INFO - 26/04/06 14:36:54 INFO MemoryStore: Block broadcast_0 stored as values in memory (estimated size 203.2 KiB, free 434.2 MiB)
[2026-04-06T14:36:54.048+0000] {subprocess.py:93} INFO - 26/04/06 14:36:54 INFO MemoryStore: Block broadcast_0_piece0 stored as bytes in memory (estimated size 35.2 KiB, free 434.2 MiB)
[2026-04-06T14:36:54.050+0000] {subprocess.py:93} INFO - 26/04/06 14:36:54 INFO BlockManagerInfo: Added broadcast_0_piece0 in memory on 7c36fe5f1e47:38495 (size: 35.2 KiB, free: 434.4 MiB)
[2026-04-06T14:36:54.053+0000] {subprocess.py:93} INFO - 26/04/06 14:36:54 INFO SparkContext: Created broadcast 0 from csv at NativeMethodAccessorImpl.java:0
[2026-04-06T14:36:54.062+0000] {subprocess.py:93} INFO - 26/04/06 14:36:54 INFO FileSourceScanExec: Planning scan with bin packing, max size: 4194304 bytes, open cost is considered as scanning 4194304 bytes.
[2026-04-06T14:36:54.140+0000] {subprocess.py:93} INFO - 26/04/06 14:36:54 INFO SparkContext: Starting job: csv at NativeMethodAccessorImpl.java:0
[2026-04-06T14:36:54.148+0000] {subprocess.py:93} INFO - 26/04/06 14:36:54 INFO DAGScheduler: Got job 0 (csv at NativeMethodAccessorImpl.java:0) with 1 output partitions
[2026-04-06T14:36:54.148+0000] {subprocess.py:93} INFO - 26/04/06 14:36:54 INFO DAGScheduler: Final stage: ResultStage 0 (csv at NativeMethodAccessorImpl.java:0)
[2026-04-06T14:36:54.149+0000] {subprocess.py:93} INFO - 26/04/06 14:36:54 INFO DAGScheduler: Parents of final stage: List()
[2026-04-06T14:36:54.149+0000] {subprocess.py:93} INFO - 26/04/06 14:36:54 INFO DAGScheduler: Missing parents: List()
[2026-04-06T14:36:54.151+0000] {subprocess.py:93} INFO - 26/04/06 14:36:54 INFO DAGScheduler: Submitting ResultStage 0 (MapPartitionsRDD[3] at csv at NativeMethodAccessorImpl.java:0), which has no missing parents
[2026-04-06T14:36:54.199+0000] {subprocess.py:93} INFO - 26/04/06 14:36:54 INFO MemoryStore: Block broadcast_1 stored as values in memory (estimated size 13.5 KiB, free 434.2 MiB)
[2026-04-06T14:36:54.201+0000] {subprocess.py:93} INFO - 26/04/06 14:36:54 INFO MemoryStore: Block broadcast_1_piece0 stored as bytes in memory (estimated size 6.4 KiB, free 434.1 MiB)
[2026-04-06T14:36:54.202+0000] {subprocess.py:93} INFO - 26/04/06 14:36:54 INFO BlockManagerInfo: Added broadcast_1_piece0 in memory on 7c36fe5f1e47:38495 (size: 6.4 KiB, free: 434.4 MiB)
[2026-04-06T14:36:54.202+0000] {subprocess.py:93} INFO - 26/04/06 14:36:54 INFO SparkContext: Created broadcast 1 from broadcast at DAGScheduler.scala:1611
[2026-04-06T14:36:54.222+0000] {subprocess.py:93} INFO - 26/04/06 14:36:54 INFO DAGScheduler: Submitting 1 missing tasks from ResultStage 0 (MapPartitionsRDD[3] at csv at NativeMethodAccessorImpl.java:0) (first 15 tasks are for partitions Vector(0))
[2026-04-06T14:36:54.223+0000] {subprocess.py:93} INFO - 26/04/06 14:36:54 INFO TaskSchedulerImpl: Adding task set 0.0 with 1 tasks resource profile 0
[2026-04-06T14:36:59.645+0000] {subprocess.py:93} INFO - 26/04/06 14:36:59 INFO StandaloneAppClient$ClientEndpoint: Executor added: app-20260406143650-0001/0 on worker-20260406143626-172.18.0.5-33621 (172.18.0.5:33621) with 16 core(s)
[2026-04-06T14:36:59.646+0000] {subprocess.py:93} INFO - 26/04/06 14:36:59 INFO StandaloneSchedulerBackend: Granted executor ID app-20260406143650-0001/0 on hostPort 172.18.0.5:33621 with 16 core(s), 1024.0 MiB RAM
[2026-04-06T14:36:59.675+0000] {subprocess.py:93} INFO - 26/04/06 14:36:59 INFO StandaloneAppClient$ClientEndpoint: Executor updated: app-20260406143650-0001/0 is now RUNNING
[2026-04-06T14:37:01.024+0000] {subprocess.py:93} INFO - 26/04/06 14:37:01 INFO StandaloneSchedulerBackend$StandaloneDriverEndpoint: Registered executor NettyRpcEndpointRef(spark-client://Executor) (172.18.0.5:52796) with ID 0,  ResourceProfileId 0
[2026-04-06T14:37:01.060+0000] {subprocess.py:93} INFO - 26/04/06 14:37:01 INFO BlockManagerMasterEndpoint: Registering block manager 172.18.0.5:46469 with 434.4 MiB RAM, BlockManagerId(0, 172.18.0.5, 46469, None)
[2026-04-06T14:37:02.883+0000] {subprocess.py:93} INFO - 26/04/06 14:37:02 INFO TaskSetManager: Starting task 0.0 in stage 0.0 (TID 0) (172.18.0.5, executor 0, partition 0, PROCESS_LOCAL, 10342 bytes)
[2026-04-06T14:37:03.007+0000] {subprocess.py:93} INFO - 26/04/06 14:37:03 INFO BlockManagerInfo: Added broadcast_1_piece0 in memory on 172.18.0.5:46469 (size: 6.4 KiB, free: 434.4 MiB)
[2026-04-06T14:37:03.454+0000] {subprocess.py:93} INFO - 26/04/06 14:37:03 INFO BlockManagerInfo: Added broadcast_0_piece0 in memory on 172.18.0.5:46469 (size: 35.2 KiB, free: 434.4 MiB)
[2026-04-06T14:37:04.103+0000] {subprocess.py:93} INFO - 26/04/06 14:37:04 INFO TaskSetManager: Finished task 0.0 in stage 0.0 (TID 0) in 1226 ms on 172.18.0.5 (executor 0) (1/1)
[2026-04-06T14:37:04.104+0000] {subprocess.py:93} INFO - 26/04/06 14:37:04 INFO TaskSchedulerImpl: Removed TaskSet 0.0, whose tasks have all completed, from pool
[2026-04-06T14:37:04.107+0000] {subprocess.py:93} INFO - 26/04/06 14:37:04 INFO DAGScheduler: ResultStage 0 (csv at NativeMethodAccessorImpl.java:0) finished in 9.948 s
[2026-04-06T14:37:04.108+0000] {subprocess.py:93} INFO - 26/04/06 14:37:04 INFO DAGScheduler: Job 0 is finished. Cancelling potential speculative or zombie tasks for this job
[2026-04-06T14:37:04.108+0000] {subprocess.py:93} INFO - 26/04/06 14:37:04 INFO TaskSchedulerImpl: Killing all running tasks in stage 0: Stage finished
[2026-04-06T14:37:04.109+0000] {subprocess.py:93} INFO - 26/04/06 14:37:04 INFO DAGScheduler: Job 0 finished: csv at NativeMethodAccessorImpl.java:0, took 9.969508 s
[2026-04-06T14:37:04.123+0000] {subprocess.py:93} INFO - 26/04/06 14:37:04 INFO CodeGenerator: Code generated in 7.581027 ms
[2026-04-06T14:37:04.150+0000] {subprocess.py:93} INFO - 26/04/06 14:37:04 INFO FileSourceStrategy: Pushed Filters:
[2026-04-06T14:37:04.150+0000] {subprocess.py:93} INFO - 26/04/06 14:37:04 INFO FileSourceStrategy: Post-Scan Filters:
[2026-04-06T14:37:04.154+0000] {subprocess.py:93} INFO - 26/04/06 14:37:04 INFO MemoryStore: Block broadcast_2 stored as values in memory (estimated size 203.2 KiB, free 433.9 MiB)
[2026-04-06T14:37:04.161+0000] {subprocess.py:93} INFO - 26/04/06 14:37:04 INFO MemoryStore: Block broadcast_2_piece0 stored as bytes in memory (estimated size 35.2 KiB, free 433.9 MiB)
[2026-04-06T14:37:04.162+0000] {subprocess.py:93} INFO - 26/04/06 14:37:04 INFO BlockManagerInfo: Added broadcast_2_piece0 in memory on 7c36fe5f1e47:38495 (size: 35.2 KiB, free: 434.3 MiB)
[2026-04-06T14:37:04.162+0000] {subprocess.py:93} INFO - 26/04/06 14:37:04 INFO SparkContext: Created broadcast 2 from csv at NativeMethodAccessorImpl.java:0
[2026-04-06T14:37:04.163+0000] {subprocess.py:93} INFO - 26/04/06 14:37:04 INFO FileSourceScanExec: Planning scan with bin packing, max size: 4194304 bytes, open cost is considered as scanning 4194304 bytes.
[2026-04-06T14:37:04.204+0000] {subprocess.py:93} INFO - 26/04/06 14:37:04 INFO SparkContext: Starting job: csv at NativeMethodAccessorImpl.java:0
[2026-04-06T14:37:04.205+0000] {subprocess.py:93} INFO - 26/04/06 14:37:04 INFO DAGScheduler: Got job 1 (csv at NativeMethodAccessorImpl.java:0) with 1 output partitions
[2026-04-06T14:37:04.206+0000] {subprocess.py:93} INFO - 26/04/06 14:37:04 INFO DAGScheduler: Final stage: ResultStage 1 (csv at NativeMethodAccessorImpl.java:0)
[2026-04-06T14:37:04.206+0000] {subprocess.py:93} INFO - 26/04/06 14:37:04 INFO DAGScheduler: Parents of final stage: List()
[2026-04-06T14:37:04.206+0000] {subprocess.py:93} INFO - 26/04/06 14:37:04 INFO DAGScheduler: Missing parents: List()
[2026-04-06T14:37:04.207+0000] {subprocess.py:93} INFO - 26/04/06 14:37:04 INFO DAGScheduler: Submitting ResultStage 1 (MapPartitionsRDD[9] at csv at NativeMethodAccessorImpl.java:0), which has no missing parents
[2026-04-06T14:37:04.216+0000] {subprocess.py:93} INFO - 26/04/06 14:37:04 INFO MemoryStore: Block broadcast_3 stored as values in memory (estimated size 29.4 KiB, free 433.9 MiB)
[2026-04-06T14:37:04.217+0000] {subprocess.py:93} INFO - 26/04/06 14:37:04 INFO MemoryStore: Block broadcast_3_piece0 stored as bytes in memory (estimated size 13.2 KiB, free 433.9 MiB)
[2026-04-06T14:37:04.218+0000] {subprocess.py:93} INFO - 26/04/06 14:37:04 INFO BlockManagerInfo: Added broadcast_3_piece0 in memory on 7c36fe5f1e47:38495 (size: 13.2 KiB, free: 434.3 MiB)
[2026-04-06T14:37:04.218+0000] {subprocess.py:93} INFO - 26/04/06 14:37:04 INFO SparkContext: Created broadcast 3 from broadcast at DAGScheduler.scala:1611
[2026-04-06T14:37:04.219+0000] {subprocess.py:93} INFO - 26/04/06 14:37:04 INFO DAGScheduler: Submitting 1 missing tasks from ResultStage 1 (MapPartitionsRDD[9] at csv at NativeMethodAccessorImpl.java:0) (first 15 tasks are for partitions Vector(0))
[2026-04-06T14:37:04.219+0000] {subprocess.py:93} INFO - 26/04/06 14:37:04 INFO TaskSchedulerImpl: Adding task set 1.0 with 1 tasks resource profile 0
[2026-04-06T14:37:04.220+0000] {subprocess.py:93} INFO - 26/04/06 14:37:04 INFO TaskSetManager: Starting task 0.0 in stage 1.0 (TID 1) (172.18.0.5, executor 0, partition 0, PROCESS_LOCAL, 10342 bytes)
[2026-04-06T14:37:04.240+0000] {subprocess.py:93} INFO - 26/04/06 14:37:04 INFO BlockManagerInfo: Added broadcast_3_piece0 in memory on 172.18.0.5:46469 (size: 13.2 KiB, free: 434.3 MiB)
[2026-04-06T14:37:04.765+0000] {subprocess.py:93} INFO - 26/04/06 14:37:04 INFO BlockManagerInfo: Added broadcast_2_piece0 in memory on 172.18.0.5:46469 (size: 35.2 KiB, free: 434.3 MiB)
[2026-04-06T14:37:04.849+0000] {subprocess.py:93} INFO - 26/04/06 14:37:04 INFO TaskSetManager: Finished task 0.0 in stage 1.0 (TID 1) in 628 ms on 172.18.0.5 (executor 0) (1/1)
[2026-04-06T14:37:04.849+0000] {subprocess.py:93} INFO - 26/04/06 14:37:04 INFO TaskSchedulerImpl: Removed TaskSet 1.0, whose tasks have all completed, from pool
[2026-04-06T14:37:04.850+0000] {subprocess.py:93} INFO - 26/04/06 14:37:04 INFO DAGScheduler: ResultStage 1 (csv at NativeMethodAccessorImpl.java:0) finished in 0.642 s
[2026-04-06T14:37:04.850+0000] {subprocess.py:93} INFO - 26/04/06 14:37:04 INFO DAGScheduler: Job 1 is finished. Cancelling potential speculative or zombie tasks for this job
[2026-04-06T14:37:04.850+0000] {subprocess.py:93} INFO - 26/04/06 14:37:04 INFO TaskSchedulerImpl: Killing all running tasks in stage 1: Stage finished
[2026-04-06T14:37:04.851+0000] {subprocess.py:93} INFO - 26/04/06 14:37:04 INFO DAGScheduler: Job 1 finished: csv at NativeMethodAccessorImpl.java:0, took 0.646145 s
[2026-04-06T14:37:04.995+0000] {subprocess.py:93} INFO - 26/04/06 14:37:04 INFO FileSourceStrategy: Pushed Filters:
[2026-04-06T14:37:04.995+0000] {subprocess.py:93} INFO - 26/04/06 14:37:04 INFO FileSourceStrategy: Post-Scan Filters: isnotnull(trim(patient_id#17, None))
[2026-04-06T14:37:05.076+0000] {subprocess.py:93} INFO - 26/04/06 14:37:05 INFO CodeGenerator: Code generated in 19.783976 ms
[2026-04-06T14:37:05.079+0000] {subprocess.py:93} INFO - 26/04/06 14:37:05 INFO MemoryStore: Block broadcast_4 stored as values in memory (estimated size 203.1 KiB, free 433.7 MiB)
[2026-04-06T14:37:05.084+0000] {subprocess.py:93} INFO - 26/04/06 14:37:05 INFO MemoryStore: Block broadcast_4_piece0 stored as bytes in memory (estimated size 35.2 KiB, free 433.6 MiB)
[2026-04-06T14:37:05.084+0000] {subprocess.py:93} INFO - 26/04/06 14:37:05 INFO BlockManagerInfo: Added broadcast_4_piece0 in memory on 7c36fe5f1e47:38495 (size: 35.2 KiB, free: 434.3 MiB)
[2026-04-06T14:37:05.085+0000] {subprocess.py:93} INFO - 26/04/06 14:37:05 INFO SparkContext: Created broadcast 4 from parquet at NativeMethodAccessorImpl.java:0
[2026-04-06T14:37:05.088+0000] {subprocess.py:93} INFO - 26/04/06 14:37:05 INFO FileSourceScanExec: Planning scan with bin packing, max size: 4194304 bytes, open cost is considered as scanning 4194304 bytes.
[2026-04-06T14:37:05.108+0000] {subprocess.py:93} INFO - 26/04/06 14:37:05 INFO DAGScheduler: Registering RDD 14 (parquet at NativeMethodAccessorImpl.java:0) as input to shuffle 0
[2026-04-06T14:37:05.110+0000] {subprocess.py:93} INFO - 26/04/06 14:37:05 INFO DAGScheduler: Got map stage job 2 (parquet at NativeMethodAccessorImpl.java:0) with 1 output partitions
[2026-04-06T14:37:05.111+0000] {subprocess.py:93} INFO - 26/04/06 14:37:05 INFO DAGScheduler: Final stage: ShuffleMapStage 2 (parquet at NativeMethodAccessorImpl.java:0)
[2026-04-06T14:37:05.111+0000] {subprocess.py:93} INFO - 26/04/06 14:37:05 INFO DAGScheduler: Parents of final stage: List()
[2026-04-06T14:37:05.111+0000] {subprocess.py:93} INFO - 26/04/06 14:37:05 INFO DAGScheduler: Missing parents: List()
[2026-04-06T14:37:05.112+0000] {subprocess.py:93} INFO - 26/04/06 14:37:05 INFO DAGScheduler: Submitting ShuffleMapStage 2 (MapPartitionsRDD[14] at parquet at NativeMethodAccessorImpl.java:0), which has no missing parents
[2026-04-06T14:37:05.122+0000] {subprocess.py:93} INFO - 26/04/06 14:37:05 INFO MemoryStore: Block broadcast_5 stored as values in memory (estimated size 39.3 KiB, free 433.6 MiB)
[2026-04-06T14:37:05.123+0000] {subprocess.py:93} INFO - 26/04/06 14:37:05 INFO MemoryStore: Block broadcast_5_piece0 stored as bytes in memory (estimated size 17.5 KiB, free 433.6 MiB)
[2026-04-06T14:37:05.124+0000] {subprocess.py:93} INFO - 26/04/06 14:37:05 INFO BlockManagerInfo: Added broadcast_5_piece0 in memory on 7c36fe5f1e47:38495 (size: 17.5 KiB, free: 434.3 MiB)
[2026-04-06T14:37:05.124+0000] {subprocess.py:93} INFO - 26/04/06 14:37:05 INFO SparkContext: Created broadcast 5 from broadcast at DAGScheduler.scala:1611
[2026-04-06T14:37:05.126+0000] {subprocess.py:93} INFO - 26/04/06 14:37:05 INFO DAGScheduler: Submitting 1 missing tasks from ShuffleMapStage 2 (MapPartitionsRDD[14] at parquet at NativeMethodAccessorImpl.java:0) (first 15 tasks are for partitions Vector(0))
[2026-04-06T14:37:05.126+0000] {subprocess.py:93} INFO - 26/04/06 14:37:05 INFO TaskSchedulerImpl: Adding task set 2.0 with 1 tasks resource profile 0
[2026-04-06T14:37:05.127+0000] {subprocess.py:93} INFO - 26/04/06 14:37:05 INFO TaskSetManager: Starting task 0.0 in stage 2.0 (TID 2) (172.18.0.5, executor 0, partition 0, PROCESS_LOCAL, 10331 bytes)
[2026-04-06T14:37:05.140+0000] {subprocess.py:93} INFO - 26/04/06 14:37:05 INFO BlockManagerInfo: Added broadcast_5_piece0 in memory on 172.18.0.5:46469 (size: 17.5 KiB, free: 434.3 MiB)
[2026-04-06T14:37:05.286+0000] {subprocess.py:93} INFO - 26/04/06 14:37:05 INFO BlockManagerInfo: Added broadcast_4_piece0 in memory on 172.18.0.5:46469 (size: 35.2 KiB, free: 434.3 MiB)
[2026-04-06T14:37:05.575+0000] {subprocess.py:93} INFO - 26/04/06 14:37:05 INFO TaskSetManager: Finished task 0.0 in stage 2.0 (TID 2) in 449 ms on 172.18.0.5 (executor 0) (1/1)
[2026-04-06T14:37:05.576+0000] {subprocess.py:93} INFO - 26/04/06 14:37:05 INFO TaskSchedulerImpl: Removed TaskSet 2.0, whose tasks have all completed, from pool
[2026-04-06T14:37:05.577+0000] {subprocess.py:93} INFO - 26/04/06 14:37:05 INFO DAGScheduler: ShuffleMapStage 2 (parquet at NativeMethodAccessorImpl.java:0) finished in 0.464 s
[2026-04-06T14:37:05.577+0000] {subprocess.py:93} INFO - 26/04/06 14:37:05 INFO DAGScheduler: looking for newly runnable stages
[2026-04-06T14:37:05.577+0000] {subprocess.py:93} INFO - 26/04/06 14:37:05 INFO DAGScheduler: running: Set()
[2026-04-06T14:37:05.578+0000] {subprocess.py:93} INFO - 26/04/06 14:37:05 INFO DAGScheduler: waiting: Set()
[2026-04-06T14:37:05.578+0000] {subprocess.py:93} INFO - 26/04/06 14:37:05 INFO DAGScheduler: failed: Set()
[2026-04-06T14:37:05.592+0000] {subprocess.py:93} INFO - 26/04/06 14:37:05 INFO ShufflePartitionsUtil: For shuffle(0), advisory target size: 67108864, actual target size 1048576, minimum partition size: 1048576
[2026-04-06T14:37:05.724+0000] {subprocess.py:93} INFO - 26/04/06 14:37:05 INFO ParquetUtils: Using default output committer for Parquet: org.apache.parquet.hadoop.ParquetOutputCommitter
[2026-04-06T14:37:05.741+0000] {subprocess.py:93} INFO - 26/04/06 14:37:05 INFO FileOutputCommitter: File Output Committer Algorithm version is 1
[2026-04-06T14:37:05.742+0000] {subprocess.py:93} INFO - 26/04/06 14:37:05 INFO FileOutputCommitter: FileOutputCommitter skip cleanup _temporary folders under output directory:false, ignore cleanup failures: false
[2026-04-06T14:37:05.742+0000] {subprocess.py:93} INFO - 26/04/06 14:37:05 INFO SQLHadoopMapReduceCommitProtocol: Using user defined output committer class org.apache.parquet.hadoop.ParquetOutputCommitter
[2026-04-06T14:37:05.742+0000] {subprocess.py:93} INFO - 26/04/06 14:37:05 INFO FileOutputCommitter: File Output Committer Algorithm version is 1
[2026-04-06T14:37:05.743+0000] {subprocess.py:93} INFO - 26/04/06 14:37:05 INFO FileOutputCommitter: FileOutputCommitter skip cleanup _temporary folders under output directory:false, ignore cleanup failures: false
[2026-04-06T14:37:05.743+0000] {subprocess.py:93} INFO - 26/04/06 14:37:05 INFO SQLHadoopMapReduceCommitProtocol: Using output committer class org.apache.parquet.hadoop.ParquetOutputCommitter
[2026-04-06T14:37:05.787+0000] {subprocess.py:93} INFO - 26/04/06 14:37:05 INFO CodeGenerator: Code generated in 9.001578 ms
[2026-04-06T14:37:05.801+0000] {subprocess.py:93} INFO - 26/04/06 14:37:05 INFO SparkContext: Starting job: parquet at NativeMethodAccessorImpl.java:0
[2026-04-06T14:37:05.802+0000] {subprocess.py:93} INFO - 26/04/06 14:37:05 INFO DAGScheduler: Got job 3 (parquet at NativeMethodAccessorImpl.java:0) with 1 output partitions
[2026-04-06T14:37:05.803+0000] {subprocess.py:93} INFO - 26/04/06 14:37:05 INFO DAGScheduler: Final stage: ResultStage 4 (parquet at NativeMethodAccessorImpl.java:0)
[2026-04-06T14:37:05.803+0000] {subprocess.py:93} INFO - 26/04/06 14:37:05 INFO DAGScheduler: Parents of final stage: List(ShuffleMapStage 3)
[2026-04-06T14:37:05.804+0000] {subprocess.py:93} INFO - 26/04/06 14:37:05 INFO DAGScheduler: Missing parents: List()
[2026-04-06T14:37:05.804+0000] {subprocess.py:93} INFO - 26/04/06 14:37:05 INFO DAGScheduler: Submitting ResultStage 4 (MapPartitionsRDD[18] at parquet at NativeMethodAccessorImpl.java:0), which has no missing parents
[2026-04-06T14:37:05.826+0000] {subprocess.py:93} INFO - 26/04/06 14:37:05 INFO MemoryStore: Block broadcast_6 stored as values in memory (estimated size 251.8 KiB, free 433.3 MiB)
[2026-04-06T14:37:05.834+0000] {subprocess.py:93} INFO - 26/04/06 14:37:05 INFO MemoryStore: Block broadcast_6_piece0 stored as bytes in memory (estimated size 92.6 KiB, free 433.2 MiB)
[2026-04-06T14:37:05.834+0000] {subprocess.py:93} INFO - 26/04/06 14:37:05 INFO BlockManagerInfo: Added broadcast_6_piece0 in memory on 7c36fe5f1e47:38495 (size: 92.6 KiB, free: 434.2 MiB)
[2026-04-06T14:37:05.835+0000] {subprocess.py:93} INFO - 26/04/06 14:37:05 INFO SparkContext: Created broadcast 6 from broadcast at DAGScheduler.scala:1611
[2026-04-06T14:37:05.836+0000] {subprocess.py:93} INFO - 26/04/06 14:37:05 INFO DAGScheduler: Submitting 1 missing tasks from ResultStage 4 (MapPartitionsRDD[18] at parquet at NativeMethodAccessorImpl.java:0) (first 15 tasks are for partitions Vector(0))
[2026-04-06T14:37:05.836+0000] {subprocess.py:93} INFO - 26/04/06 14:37:05 INFO TaskSchedulerImpl: Adding task set 4.0 with 1 tasks resource profile 0
[2026-04-06T14:37:05.838+0000] {subprocess.py:93} INFO - 26/04/06 14:37:05 INFO TaskSetManager: Starting task 0.0 in stage 4.0 (TID 3) (172.18.0.5, executor 0, partition 0, NODE_LOCAL, 9733 bytes)
[2026-04-06T14:37:05.844+0000] {subprocess.py:93} INFO - 26/04/06 14:37:05 INFO BlockManagerInfo: Removed broadcast_3_piece0 on 7c36fe5f1e47:38495 in memory (size: 13.2 KiB, free: 434.2 MiB)
[2026-04-06T14:37:05.849+0000] {subprocess.py:93} INFO - 26/04/06 14:37:05 INFO BlockManagerInfo: Removed broadcast_3_piece0 on 172.18.0.5:46469 in memory (size: 13.2 KiB, free: 434.3 MiB)
[2026-04-06T14:37:05.854+0000] {subprocess.py:93} INFO - 26/04/06 14:37:05 INFO BlockManagerInfo: Added broadcast_6_piece0 in memory on 172.18.0.5:46469 (size: 92.6 KiB, free: 434.2 MiB)
[2026-04-06T14:37:05.854+0000] {subprocess.py:93} INFO - 26/04/06 14:37:05 INFO BlockManagerInfo: Removed broadcast_2_piece0 on 7c36fe5f1e47:38495 in memory (size: 35.2 KiB, free: 434.2 MiB)
[2026-04-06T14:37:05.856+0000] {subprocess.py:93} INFO - 26/04/06 14:37:05 INFO BlockManagerInfo: Removed broadcast_2_piece0 on 172.18.0.5:46469 in memory (size: 35.2 KiB, free: 434.2 MiB)
[2026-04-06T14:37:05.860+0000] {subprocess.py:93} INFO - 26/04/06 14:37:05 INFO BlockManagerInfo: Removed broadcast_0_piece0 on 7c36fe5f1e47:38495 in memory (size: 35.2 KiB, free: 434.3 MiB)
[2026-04-06T14:37:05.862+0000] {subprocess.py:93} INFO - 26/04/06 14:37:05 INFO BlockManagerInfo: Removed broadcast_0_piece0 on 172.18.0.5:46469 in memory (size: 35.2 KiB, free: 434.3 MiB)
[2026-04-06T14:37:05.866+0000] {subprocess.py:93} INFO - 26/04/06 14:37:05 INFO BlockManagerInfo: Removed broadcast_5_piece0 on 7c36fe5f1e47:38495 in memory (size: 17.5 KiB, free: 434.3 MiB)
[2026-04-06T14:37:05.867+0000] {subprocess.py:93} INFO - 26/04/06 14:37:05 INFO BlockManagerInfo: Removed broadcast_5_piece0 on 172.18.0.5:46469 in memory (size: 17.5 KiB, free: 434.3 MiB)
[2026-04-06T14:37:05.871+0000] {subprocess.py:93} INFO - 26/04/06 14:37:05 INFO BlockManagerInfo: Removed broadcast_1_piece0 on 7c36fe5f1e47:38495 in memory (size: 6.4 KiB, free: 434.3 MiB)
[2026-04-06T14:37:05.873+0000] {subprocess.py:93} INFO - 26/04/06 14:37:05 INFO BlockManagerInfo: Removed broadcast_1_piece0 on 172.18.0.5:46469 in memory (size: 6.4 KiB, free: 434.3 MiB)
[2026-04-06T14:37:05.897+0000] {subprocess.py:93} INFO - 26/04/06 14:37:05 INFO MapOutputTrackerMasterEndpoint: Asked to send map output locations for shuffle 0 to 172.18.0.5:52796
[2026-04-06T14:37:06.680+0000] {subprocess.py:93} INFO - 26/04/06 14:37:06 INFO TaskSetManager: Finished task 0.0 in stage 4.0 (TID 3) in 842 ms on 172.18.0.5 (executor 0) (1/1)
[2026-04-06T14:37:06.681+0000] {subprocess.py:93} INFO - 26/04/06 14:37:06 INFO TaskSchedulerImpl: Removed TaskSet 4.0, whose tasks have all completed, from pool
[2026-04-06T14:37:06.681+0000] {subprocess.py:93} INFO - 26/04/06 14:37:06 INFO DAGScheduler: ResultStage 4 (parquet at NativeMethodAccessorImpl.java:0) finished in 0.866 s
[2026-04-06T14:37:06.682+0000] {subprocess.py:93} INFO - 26/04/06 14:37:06 INFO DAGScheduler: Job 3 is finished. Cancelling potential speculative or zombie tasks for this job
[2026-04-06T14:37:06.682+0000] {subprocess.py:93} INFO - 26/04/06 14:37:06 INFO TaskSchedulerImpl: Killing all running tasks in stage 4: Stage finished
[2026-04-06T14:37:06.682+0000] {subprocess.py:93} INFO - 26/04/06 14:37:06 INFO DAGScheduler: Job 3 finished: parquet at NativeMethodAccessorImpl.java:0, took 0.880395 s
[2026-04-06T14:37:06.683+0000] {subprocess.py:93} INFO - 26/04/06 14:37:06 INFO FileFormatWriter: Start to commit write Job 3c5d7856-3aef-4ab7-b190-badf808379a6.
[2026-04-06T14:37:06.815+0000] {subprocess.py:93} INFO - 26/04/06 14:37:06 INFO FileFormatWriter: Write Job 3c5d7856-3aef-4ab7-b190-badf808379a6 committed. Elapsed time: 131 ms.
[2026-04-06T14:37:06.817+0000] {subprocess.py:93} INFO - 26/04/06 14:37:06 INFO FileFormatWriter: Finished processing stats for write job 3c5d7856-3aef-4ab7-b190-badf808379a6.
[2026-04-06T14:37:06.819+0000] {subprocess.py:93} INFO - Patients Bronze -> Silver completed successfully.
[2026-04-06T14:37:06.819+0000] {subprocess.py:93} INFO - 26/04/06 14:37:06 INFO SparkContext: SparkContext is stopping with exitCode 0.
[2026-04-06T14:37:06.826+0000] {subprocess.py:93} INFO - 26/04/06 14:37:06 INFO SparkUI: Stopped Spark web UI at http://7c36fe5f1e47:4040
[2026-04-06T14:37:06.828+0000] {subprocess.py:93} INFO - 26/04/06 14:37:06 INFO StandaloneSchedulerBackend: Shutting down all executors
[2026-04-06T14:37:06.828+0000] {subprocess.py:93} INFO - 26/04/06 14:37:06 INFO StandaloneSchedulerBackend$StandaloneDriverEndpoint: Asking each executor to shut down
[2026-04-06T14:37:06.837+0000] {subprocess.py:93} INFO - 26/04/06 14:37:06 INFO MapOutputTrackerMasterEndpoint: MapOutputTrackerMasterEndpoint stopped!
[2026-04-06T14:37:06.852+0000] {subprocess.py:93} INFO - 26/04/06 14:37:06 INFO MemoryStore: MemoryStore cleared
[2026-04-06T14:37:06.852+0000] {subprocess.py:93} INFO - 26/04/06 14:37:06 INFO BlockManager: BlockManager stopped
[2026-04-06T14:37:06.854+0000] {subprocess.py:93} INFO - 26/04/06 14:37:06 INFO BlockManagerMaster: BlockManagerMaster stopped
[2026-04-06T14:37:06.857+0000] {subprocess.py:93} INFO - 26/04/06 14:37:06 INFO OutputCommitCoordinator$OutputCommitCoordinatorEndpoint: OutputCommitCoordinator stopped!
[2026-04-06T14:37:06.938+0000] {subprocess.py:93} INFO - 26/04/06 14:37:06 INFO SparkContext: Successfully stopped SparkContext
[2026-04-06T14:37:07.452+0000] {subprocess.py:93} INFO - 26/04/06 14:37:07 INFO ShutdownHookManager: Shutdown hook called
[2026-04-06T14:37:07.452+0000] {subprocess.py:93} INFO - 26/04/06 14:37:07 INFO ShutdownHookManager: Deleting directory /tmp/spark-a4afcaa2-b979-4ad3-a3fa-4af043e2e04a
[2026-04-06T14:37:07.457+0000] {subprocess.py:93} INFO - 26/04/06 14:37:07 INFO ShutdownHookManager: Deleting directory /tmp/spark-a4afcaa2-b979-4ad3-a3fa-4af043e2e04a/pyspark-6d2c9dec-ec71-4043-89a7-ddd1768cac42
[2026-04-06T14:37:07.462+0000] {subprocess.py:93} INFO - 26/04/06 14:37:07 INFO ShutdownHookManager: Deleting directory /tmp/spark-acfeec74-fde7-45a6-82e4-dd23364a604a
[2026-04-06T14:37:07.469+0000] {subprocess.py:93} INFO - 26/04/06 14:37:07 INFO MetricsSystemImpl: Stopping s3a-file-system metrics system...
[2026-04-06T14:37:07.472+0000] {subprocess.py:93} INFO - 26/04/06 14:37:07 INFO MetricsSystemImpl: s3a-file-system metrics system stopped.
[2026-04-06T14:37:07.473+0000] {subprocess.py:93} INFO - 26/04/06 14:37:07 INFO MetricsSystemImpl: s3a-file-system metrics system shutdown complete.
[2026-04-06T14:37:07.549+0000] {subprocess.py:97} INFO - Command exited with return code 0
[2026-04-06T14:37:07.572+0000] {taskinstance.py:1149} INFO - Marking task as SUCCESS. dag_id=bronze_to_silver_and_gold, task_id=run_patients_silver, execution_date=20260406T143644, start_date=20260406T143645, end_date=20260406T143707
[2026-04-06T14:37:07.605+0000] {local_task_job_runner.py:234} INFO - Task exited with return code 0
[2026-04-06T14:37:07.621+0000] {taskinstance.py:3312} INFO - 0 downstream tasks scheduled from follow-on schedule check
