[2026-04-06T16:07:25.349+0000] {taskinstance.py:1979} INFO - Dependencies all met for dep_context=non-requeueable deps ti=<TaskInstance: bronze_to_silver_and_gold.load_silver_to_postgres manual__2026-04-06T16:06:49.973310+00:00 [queued]>
[2026-04-06T16:07:25.354+0000] {taskinstance.py:1979} INFO - Dependencies all met for dep_context=requeueable deps ti=<TaskInstance: bronze_to_silver_and_gold.load_silver_to_postgres manual__2026-04-06T16:06:49.973310+00:00 [queued]>
[2026-04-06T16:07:25.354+0000] {taskinstance.py:2193} INFO - Starting attempt 1 of 1
[2026-04-06T16:07:25.363+0000] {taskinstance.py:2217} INFO - Executing <Task(BashOperator): load_silver_to_postgres> on 2026-04-06 16:06:49.973310+00:00
[2026-04-06T16:07:25.368+0000] {standard_task_runner.py:60} INFO - Started process 1020 to run task
[2026-04-06T16:07:25.371+0000] {standard_task_runner.py:87} INFO - Running: ['airflow', 'tasks', 'run', 'bronze_to_silver_and_gold', 'load_silver_to_postgres', 'manual__2026-04-06T16:06:49.973310+00:00', '--job-id', '56', '--raw', '--subdir', 'DAGS_FOLDER/bronze_to_silver_dag.py', '--cfg-path', '/tmp/tmpq7cgl2_z']
[2026-04-06T16:07:25.372+0000] {standard_task_runner.py:88} INFO - Job 56: Subtask load_silver_to_postgres
[2026-04-06T16:07:25.415+0000] {task_command.py:423} INFO - Running <TaskInstance: bronze_to_silver_and_gold.load_silver_to_postgres manual__2026-04-06T16:06:49.973310+00:00 [running]> on host 7c36fe5f1e47
[2026-04-06T16:07:25.478+0000] {taskinstance.py:2513} INFO - Exporting env vars: AIRFLOW_CTX_DAG_OWNER='airflow' AIRFLOW_CTX_DAG_ID='bronze_to_silver_and_gold' AIRFLOW_CTX_TASK_ID='load_silver_to_postgres' AIRFLOW_CTX_EXECUTION_DATE='2026-04-06T16:06:49.973310+00:00' AIRFLOW_CTX_TRY_NUMBER='1' AIRFLOW_CTX_DAG_RUN_ID='manual__2026-04-06T16:06:49.973310+00:00'
[2026-04-06T16:07:25.480+0000] {subprocess.py:63} INFO - Tmp dir root location: /tmp
[2026-04-06T16:07:25.481+0000] {subprocess.py:75} INFO - Running command: ['/usr/bin/bash', '-c', '\n            /opt/spark/bin/spark-submit             --master spark://spark-master:7077             --packages org.postgresql:postgresql:42.6.0,org.apache.hadoop:hadoop-aws:3.3.4,com.amazonaws:aws-java-sdk-bundle:1.12.262             --conf spark.hadoop.fs.s3a.endpoint=http://minio:9000             --conf spark.hadoop.fs.s3a.access.key=minioadmin             --conf spark.hadoop.fs.s3a.secret.key=minioadmin             --conf spark.hadoop.fs.s3a.path.style.access=true             --conf spark.hadoop.fs.s3a.impl=org.apache.hadoop.fs.s3a.S3AFileSystem             /opt/airflow/spark/jobs/load_silver_to_postgres.py\n        ']
[2026-04-06T16:07:25.491+0000] {subprocess.py:86} INFO - Output:
[2026-04-06T16:07:26.383+0000] {subprocess.py:93} INFO - :: loading settings :: url = jar:file:/opt/spark-3.5.6-bin-hadoop3/jars/ivy-2.5.1.jar!/org/apache/ivy/core/settings/ivysettings.xml
[2026-04-06T16:07:26.423+0000] {subprocess.py:93} INFO - Ivy Default Cache set to: /home/airflow/.ivy2/cache
[2026-04-06T16:07:26.423+0000] {subprocess.py:93} INFO - The jars for the packages stored in: /home/airflow/.ivy2/jars
[2026-04-06T16:07:26.425+0000] {subprocess.py:93} INFO - org.postgresql#postgresql added as a dependency
[2026-04-06T16:07:26.425+0000] {subprocess.py:93} INFO - org.apache.hadoop#hadoop-aws added as a dependency
[2026-04-06T16:07:26.426+0000] {subprocess.py:93} INFO - com.amazonaws#aws-java-sdk-bundle added as a dependency
[2026-04-06T16:07:26.426+0000] {subprocess.py:93} INFO - :: resolving dependencies :: org.apache.spark#spark-submit-parent-453e0e37-2704-474d-951b-30f26ccfec7a;1.0
[2026-04-06T16:07:26.426+0000] {subprocess.py:93} INFO - 	confs: [default]
[2026-04-06T16:07:26.500+0000] {subprocess.py:93} INFO - 	found org.postgresql#postgresql;42.6.0 in central
[2026-04-06T16:07:26.517+0000] {subprocess.py:93} INFO - 	found org.checkerframework#checker-qual;3.31.0 in central
[2026-04-06T16:07:26.551+0000] {subprocess.py:93} INFO - 	found org.apache.hadoop#hadoop-aws;3.3.4 in spark-list
[2026-04-06T16:07:26.570+0000] {subprocess.py:93} INFO - 	found com.amazonaws#aws-java-sdk-bundle;1.12.262 in central
[2026-04-06T16:07:26.589+0000] {subprocess.py:93} INFO - 	found org.wildfly.openssl#wildfly-openssl;1.0.7.Final in central
[2026-04-06T16:07:26.607+0000] {subprocess.py:93} INFO - :: resolution report :: resolve 172ms :: artifacts dl 9ms
[2026-04-06T16:07:26.608+0000] {subprocess.py:93} INFO - 	:: modules in use:
[2026-04-06T16:07:26.608+0000] {subprocess.py:93} INFO - 	com.amazonaws#aws-java-sdk-bundle;1.12.262 from central in [default]
[2026-04-06T16:07:26.608+0000] {subprocess.py:93} INFO - 	org.apache.hadoop#hadoop-aws;3.3.4 from spark-list in [default]
[2026-04-06T16:07:26.609+0000] {subprocess.py:93} INFO - 	org.checkerframework#checker-qual;3.31.0 from central in [default]
[2026-04-06T16:07:26.609+0000] {subprocess.py:93} INFO - 	org.postgresql#postgresql;42.6.0 from central in [default]
[2026-04-06T16:07:26.609+0000] {subprocess.py:93} INFO - 	org.wildfly.openssl#wildfly-openssl;1.0.7.Final from central in [default]
[2026-04-06T16:07:26.609+0000] {subprocess.py:93} INFO - 	---------------------------------------------------------------------
[2026-04-06T16:07:26.610+0000] {subprocess.py:93} INFO - 	|                  |            modules            ||   artifacts   |
[2026-04-06T16:07:26.610+0000] {subprocess.py:93} INFO - 	|       conf       | number| search|dwnlded|evicted|| number|dwnlded|
[2026-04-06T16:07:26.611+0000] {subprocess.py:93} INFO - 	---------------------------------------------------------------------
[2026-04-06T16:07:26.611+0000] {subprocess.py:93} INFO - 	|      default     |   5   |   0   |   0   |   0   ||   5   |   0   |
[2026-04-06T16:07:26.611+0000] {subprocess.py:93} INFO - 	---------------------------------------------------------------------
[2026-04-06T16:07:26.612+0000] {subprocess.py:93} INFO - :: retrieving :: org.apache.spark#spark-submit-parent-453e0e37-2704-474d-951b-30f26ccfec7a
[2026-04-06T16:07:26.615+0000] {subprocess.py:93} INFO - 	confs: [default]
[2026-04-06T16:07:26.618+0000] {subprocess.py:93} INFO - 	0 artifacts copied, 5 already retrieved (0kB/6ms)
[2026-04-06T16:07:26.737+0000] {subprocess.py:93} INFO - 26/04/06 16:07:26 WARN NativeCodeLoader: Unable to load native-hadoop library for your platform... using builtin-java classes where applicable
[2026-04-06T16:07:27.369+0000] {subprocess.py:93} INFO - 26/04/06 16:07:27 INFO SparkContext: Running Spark version 3.5.6
[2026-04-06T16:07:27.370+0000] {subprocess.py:93} INFO - 26/04/06 16:07:27 INFO SparkContext: OS info Linux, 6.6.87.2-microsoft-standard-WSL2, amd64
[2026-04-06T16:07:27.370+0000] {subprocess.py:93} INFO - 26/04/06 16:07:27 INFO SparkContext: Java version 17.0.18
[2026-04-06T16:07:27.381+0000] {subprocess.py:93} INFO - 26/04/06 16:07:27 INFO ResourceUtils: ==============================================================
[2026-04-06T16:07:27.382+0000] {subprocess.py:93} INFO - 26/04/06 16:07:27 INFO ResourceUtils: No custom resources configured for spark.driver.
[2026-04-06T16:07:27.382+0000] {subprocess.py:93} INFO - 26/04/06 16:07:27 INFO ResourceUtils: ==============================================================
[2026-04-06T16:07:27.382+0000] {subprocess.py:93} INFO - 26/04/06 16:07:27 INFO SparkContext: Submitted application: load_silver_to_postgres
[2026-04-06T16:07:27.392+0000] {subprocess.py:93} INFO - 26/04/06 16:07:27 INFO ResourceProfile: Default ResourceProfile created, executor resources: Map(memory -> name: memory, amount: 1024, script: , vendor: , offHeap -> name: offHeap, amount: 0, script: , vendor: ), task resources: Map(cpus -> name: cpus, amount: 1.0)
[2026-04-06T16:07:27.396+0000] {subprocess.py:93} INFO - 26/04/06 16:07:27 INFO ResourceProfile: Limiting resource is cpu
[2026-04-06T16:07:27.396+0000] {subprocess.py:93} INFO - 26/04/06 16:07:27 INFO ResourceProfileManager: Added ResourceProfile id: 0
[2026-04-06T16:07:27.423+0000] {subprocess.py:93} INFO - 26/04/06 16:07:27 INFO SecurityManager: Changing view acls to: airflow
[2026-04-06T16:07:27.424+0000] {subprocess.py:93} INFO - 26/04/06 16:07:27 INFO SecurityManager: Changing modify acls to: airflow
[2026-04-06T16:07:27.424+0000] {subprocess.py:93} INFO - 26/04/06 16:07:27 INFO SecurityManager: Changing view acls groups to:
[2026-04-06T16:07:27.424+0000] {subprocess.py:93} INFO - 26/04/06 16:07:27 INFO SecurityManager: Changing modify acls groups to:
[2026-04-06T16:07:27.424+0000] {subprocess.py:93} INFO - 26/04/06 16:07:27 INFO SecurityManager: SecurityManager: authentication disabled; ui acls disabled; users with view permissions: airflow; groups with view permissions: EMPTY; users with modify permissions: airflow; groups with modify permissions: EMPTY
[2026-04-06T16:07:27.536+0000] {subprocess.py:93} INFO - 26/04/06 16:07:27 INFO Utils: Successfully started service 'sparkDriver' on port 33355.
[2026-04-06T16:07:27.549+0000] {subprocess.py:93} INFO - 26/04/06 16:07:27 INFO SparkEnv: Registering MapOutputTracker
[2026-04-06T16:07:27.572+0000] {subprocess.py:93} INFO - 26/04/06 16:07:27 INFO SparkEnv: Registering BlockManagerMaster
[2026-04-06T16:07:27.580+0000] {subprocess.py:93} INFO - 26/04/06 16:07:27 INFO BlockManagerMasterEndpoint: Using org.apache.spark.storage.DefaultTopologyMapper for getting topology information
[2026-04-06T16:07:27.581+0000] {subprocess.py:93} INFO - 26/04/06 16:07:27 INFO BlockManagerMasterEndpoint: BlockManagerMasterEndpoint up
[2026-04-06T16:07:27.583+0000] {subprocess.py:93} INFO - 26/04/06 16:07:27 INFO SparkEnv: Registering BlockManagerMasterHeartbeat
[2026-04-06T16:07:27.593+0000] {subprocess.py:93} INFO - 26/04/06 16:07:27 INFO DiskBlockManager: Created local directory at /tmp/blockmgr-c376be81-640c-441c-8377-5986b57638b6
[2026-04-06T16:07:27.601+0000] {subprocess.py:93} INFO - 26/04/06 16:07:27 INFO MemoryStore: MemoryStore started with capacity 434.4 MiB
[2026-04-06T16:07:27.609+0000] {subprocess.py:93} INFO - 26/04/06 16:07:27 INFO SparkEnv: Registering OutputCommitCoordinator
[2026-04-06T16:07:27.675+0000] {subprocess.py:93} INFO - 26/04/06 16:07:27 INFO JettyUtils: Start Jetty 0.0.0.0:4040 for SparkUI
[2026-04-06T16:07:27.704+0000] {subprocess.py:93} INFO - 26/04/06 16:07:27 INFO Utils: Successfully started service 'SparkUI' on port 4040.
[2026-04-06T16:07:27.724+0000] {subprocess.py:93} INFO - 26/04/06 16:07:27 INFO SparkContext: Added JAR file:///home/airflow/.ivy2/jars/org.postgresql_postgresql-42.6.0.jar at spark://7c36fe5f1e47:33355/jars/org.postgresql_postgresql-42.6.0.jar with timestamp 1775491647365
[2026-04-06T16:07:27.725+0000] {subprocess.py:93} INFO - 26/04/06 16:07:27 INFO SparkContext: Added JAR file:///home/airflow/.ivy2/jars/org.apache.hadoop_hadoop-aws-3.3.4.jar at spark://7c36fe5f1e47:33355/jars/org.apache.hadoop_hadoop-aws-3.3.4.jar with timestamp 1775491647365
[2026-04-06T16:07:27.725+0000] {subprocess.py:93} INFO - 26/04/06 16:07:27 INFO SparkContext: Added JAR file:///home/airflow/.ivy2/jars/com.amazonaws_aws-java-sdk-bundle-1.12.262.jar at spark://7c36fe5f1e47:33355/jars/com.amazonaws_aws-java-sdk-bundle-1.12.262.jar with timestamp 1775491647365
[2026-04-06T16:07:27.725+0000] {subprocess.py:93} INFO - 26/04/06 16:07:27 INFO SparkContext: Added JAR file:///home/airflow/.ivy2/jars/org.checkerframework_checker-qual-3.31.0.jar at spark://7c36fe5f1e47:33355/jars/org.checkerframework_checker-qual-3.31.0.jar with timestamp 1775491647365
[2026-04-06T16:07:27.726+0000] {subprocess.py:93} INFO - 26/04/06 16:07:27 INFO SparkContext: Added JAR file:///home/airflow/.ivy2/jars/org.wildfly.openssl_wildfly-openssl-1.0.7.Final.jar at spark://7c36fe5f1e47:33355/jars/org.wildfly.openssl_wildfly-openssl-1.0.7.Final.jar with timestamp 1775491647365
[2026-04-06T16:07:27.726+0000] {subprocess.py:93} INFO - 26/04/06 16:07:27 INFO SparkContext: Added file file:///home/airflow/.ivy2/jars/org.postgresql_postgresql-42.6.0.jar at spark://7c36fe5f1e47:33355/files/org.postgresql_postgresql-42.6.0.jar with timestamp 1775491647365
[2026-04-06T16:07:27.727+0000] {subprocess.py:93} INFO - 26/04/06 16:07:27 INFO Utils: Copying /home/airflow/.ivy2/jars/org.postgresql_postgresql-42.6.0.jar to /tmp/spark-74ad4732-b9fb-4560-8d30-0aa6db821969/userFiles-72c6c90a-44c3-43fe-9816-6c2d85e0e786/org.postgresql_postgresql-42.6.0.jar
[2026-04-06T16:07:27.740+0000] {subprocess.py:93} INFO - 26/04/06 16:07:27 INFO SparkContext: Added file file:///home/airflow/.ivy2/jars/org.apache.hadoop_hadoop-aws-3.3.4.jar at spark://7c36fe5f1e47:33355/files/org.apache.hadoop_hadoop-aws-3.3.4.jar with timestamp 1775491647365
[2026-04-06T16:07:27.741+0000] {subprocess.py:93} INFO - 26/04/06 16:07:27 INFO Utils: Copying /home/airflow/.ivy2/jars/org.apache.hadoop_hadoop-aws-3.3.4.jar to /tmp/spark-74ad4732-b9fb-4560-8d30-0aa6db821969/userFiles-72c6c90a-44c3-43fe-9816-6c2d85e0e786/org.apache.hadoop_hadoop-aws-3.3.4.jar
[2026-04-06T16:07:27.746+0000] {subprocess.py:93} INFO - 26/04/06 16:07:27 INFO SparkContext: Added file file:///home/airflow/.ivy2/jars/com.amazonaws_aws-java-sdk-bundle-1.12.262.jar at spark://7c36fe5f1e47:33355/files/com.amazonaws_aws-java-sdk-bundle-1.12.262.jar with timestamp 1775491647365
[2026-04-06T16:07:27.746+0000] {subprocess.py:93} INFO - 26/04/06 16:07:27 INFO Utils: Copying /home/airflow/.ivy2/jars/com.amazonaws_aws-java-sdk-bundle-1.12.262.jar to /tmp/spark-74ad4732-b9fb-4560-8d30-0aa6db821969/userFiles-72c6c90a-44c3-43fe-9816-6c2d85e0e786/com.amazonaws_aws-java-sdk-bundle-1.12.262.jar
[2026-04-06T16:07:27.962+0000] {subprocess.py:93} INFO - 26/04/06 16:07:27 INFO SparkContext: Added file file:///home/airflow/.ivy2/jars/org.checkerframework_checker-qual-3.31.0.jar at spark://7c36fe5f1e47:33355/files/org.checkerframework_checker-qual-3.31.0.jar with timestamp 1775491647365
[2026-04-06T16:07:27.962+0000] {subprocess.py:93} INFO - 26/04/06 16:07:27 INFO Utils: Copying /home/airflow/.ivy2/jars/org.checkerframework_checker-qual-3.31.0.jar to /tmp/spark-74ad4732-b9fb-4560-8d30-0aa6db821969/userFiles-72c6c90a-44c3-43fe-9816-6c2d85e0e786/org.checkerframework_checker-qual-3.31.0.jar
[2026-04-06T16:07:27.968+0000] {subprocess.py:93} INFO - 26/04/06 16:07:27 INFO SparkContext: Added file file:///home/airflow/.ivy2/jars/org.wildfly.openssl_wildfly-openssl-1.0.7.Final.jar at spark://7c36fe5f1e47:33355/files/org.wildfly.openssl_wildfly-openssl-1.0.7.Final.jar with timestamp 1775491647365
[2026-04-06T16:07:27.968+0000] {subprocess.py:93} INFO - 26/04/06 16:07:27 INFO Utils: Copying /home/airflow/.ivy2/jars/org.wildfly.openssl_wildfly-openssl-1.0.7.Final.jar to /tmp/spark-74ad4732-b9fb-4560-8d30-0aa6db821969/userFiles-72c6c90a-44c3-43fe-9816-6c2d85e0e786/org.wildfly.openssl_wildfly-openssl-1.0.7.Final.jar
[2026-04-06T16:07:28.013+0000] {subprocess.py:93} INFO - 26/04/06 16:07:28 INFO StandaloneAppClient$ClientEndpoint: Connecting to master spark://spark-master:7077...
[2026-04-06T16:07:28.036+0000] {subprocess.py:93} INFO - 26/04/06 16:07:28 INFO TransportClientFactory: Successfully created connection to spark-master/172.18.0.2:7077 after 13 ms (0 ms spent in bootstraps)
[2026-04-06T16:07:28.088+0000] {subprocess.py:93} INFO - 26/04/06 16:07:28 INFO StandaloneSchedulerBackend: Connected to Spark cluster with app ID app-20260406160728-0003
[2026-04-06T16:07:28.090+0000] {subprocess.py:93} INFO - 26/04/06 16:07:28 INFO StandaloneAppClient$ClientEndpoint: Executor added: app-20260406160728-0003/0 on worker-20260406160634-172.18.0.5-39795 (172.18.0.5:39795) with 16 core(s)
[2026-04-06T16:07:28.091+0000] {subprocess.py:93} INFO - 26/04/06 16:07:28 INFO StandaloneSchedulerBackend: Granted executor ID app-20260406160728-0003/0 on hostPort 172.18.0.5:39795 with 16 core(s), 1024.0 MiB RAM
[2026-04-06T16:07:28.094+0000] {subprocess.py:93} INFO - 26/04/06 16:07:28 INFO Utils: Successfully started service 'org.apache.spark.network.netty.NettyBlockTransferService' on port 39535.
[2026-04-06T16:07:28.095+0000] {subprocess.py:93} INFO - 26/04/06 16:07:28 INFO NettyBlockTransferService: Server created on 7c36fe5f1e47:39535
[2026-04-06T16:07:28.096+0000] {subprocess.py:93} INFO - 26/04/06 16:07:28 INFO BlockManager: Using org.apache.spark.storage.RandomBlockReplicationPolicy for block replication policy
[2026-04-06T16:07:28.100+0000] {subprocess.py:93} INFO - 26/04/06 16:07:28 INFO BlockManagerMaster: Registering BlockManager BlockManagerId(driver, 7c36fe5f1e47, 39535, None)
[2026-04-06T16:07:28.101+0000] {subprocess.py:93} INFO - 26/04/06 16:07:28 INFO BlockManagerMasterEndpoint: Registering block manager 7c36fe5f1e47:39535 with 434.4 MiB RAM, BlockManagerId(driver, 7c36fe5f1e47, 39535, None)
[2026-04-06T16:07:28.103+0000] {subprocess.py:93} INFO - 26/04/06 16:07:28 INFO BlockManagerMaster: Registered BlockManager BlockManagerId(driver, 7c36fe5f1e47, 39535, None)
[2026-04-06T16:07:28.104+0000] {subprocess.py:93} INFO - 26/04/06 16:07:28 INFO BlockManager: Initialized BlockManager: BlockManagerId(driver, 7c36fe5f1e47, 39535, None)
[2026-04-06T16:07:28.115+0000] {subprocess.py:93} INFO - 26/04/06 16:07:28 INFO StandaloneAppClient$ClientEndpoint: Executor updated: app-20260406160728-0003/0 is now RUNNING
[2026-04-06T16:07:28.226+0000] {subprocess.py:93} INFO - 26/04/06 16:07:28 INFO StandaloneSchedulerBackend: SchedulerBackend is ready for scheduling beginning after reached minRegisteredResourcesRatio: 0.0
[2026-04-06T16:07:28.338+0000] {subprocess.py:93} INFO - 26/04/06 16:07:28 INFO SharedState: Setting hive.metastore.warehouse.dir ('null') to the value of spark.sql.warehouse.dir.
[2026-04-06T16:07:28.339+0000] {subprocess.py:93} INFO - 26/04/06 16:07:28 INFO SharedState: Warehouse path is 'file:/tmp/airflowtmpmpiaz553/spark-warehouse'.
[2026-04-06T16:07:28.878+0000] {subprocess.py:93} INFO - 26/04/06 16:07:28 WARN MetricsConfig: Cannot locate configuration: tried hadoop-metrics2-s3a-file-system.properties,hadoop-metrics2.properties
[2026-04-06T16:07:28.885+0000] {subprocess.py:93} INFO - 26/04/06 16:07:28 INFO MetricsSystemImpl: Scheduled Metric snapshot period at 10 second(s).
[2026-04-06T16:07:28.886+0000] {subprocess.py:93} INFO - 26/04/06 16:07:28 INFO MetricsSystemImpl: s3a-file-system metrics system started
[2026-04-06T16:07:29.552+0000] {subprocess.py:93} INFO - 26/04/06 16:07:29 INFO InMemoryFileIndex: It took 66 ms to list leaf files for 1 paths.
[2026-04-06T16:07:29.751+0000] {subprocess.py:93} INFO - 26/04/06 16:07:29 INFO StandaloneSchedulerBackend$StandaloneDriverEndpoint: Registered executor NettyRpcEndpointRef(spark-client://Executor) (172.18.0.5:49970) with ID 0,  ResourceProfileId 0
[2026-04-06T16:07:29.798+0000] {subprocess.py:93} INFO - 26/04/06 16:07:29 INFO BlockManagerMasterEndpoint: Registering block manager 172.18.0.5:34733 with 434.4 MiB RAM, BlockManagerId(0, 172.18.0.5, 34733, None)
[2026-04-06T16:07:29.849+0000] {subprocess.py:93} INFO - 26/04/06 16:07:29 INFO SparkContext: Starting job: parquet at NativeMethodAccessorImpl.java:0
[2026-04-06T16:07:29.858+0000] {subprocess.py:93} INFO - 26/04/06 16:07:29 INFO DAGScheduler: Got job 0 (parquet at NativeMethodAccessorImpl.java:0) with 1 output partitions
[2026-04-06T16:07:29.858+0000] {subprocess.py:93} INFO - 26/04/06 16:07:29 INFO DAGScheduler: Final stage: ResultStage 0 (parquet at NativeMethodAccessorImpl.java:0)
[2026-04-06T16:07:29.859+0000] {subprocess.py:93} INFO - 26/04/06 16:07:29 INFO DAGScheduler: Parents of final stage: List()
[2026-04-06T16:07:29.859+0000] {subprocess.py:93} INFO - 26/04/06 16:07:29 INFO DAGScheduler: Missing parents: List()
[2026-04-06T16:07:29.861+0000] {subprocess.py:93} INFO - 26/04/06 16:07:29 INFO DAGScheduler: Submitting ResultStage 0 (MapPartitionsRDD[1] at parquet at NativeMethodAccessorImpl.java:0), which has no missing parents
[2026-04-06T16:07:29.892+0000] {subprocess.py:93} INFO - 26/04/06 16:07:29 INFO MemoryStore: Block broadcast_0 stored as values in memory (estimated size 106.4 KiB, free 434.3 MiB)
[2026-04-06T16:07:29.920+0000] {subprocess.py:93} INFO - 26/04/06 16:07:29 INFO MemoryStore: Block broadcast_0_piece0 stored as bytes in memory (estimated size 38.5 KiB, free 434.3 MiB)
[2026-04-06T16:07:29.923+0000] {subprocess.py:93} INFO - 26/04/06 16:07:29 INFO BlockManagerInfo: Added broadcast_0_piece0 in memory on 7c36fe5f1e47:39535 (size: 38.5 KiB, free: 434.4 MiB)
[2026-04-06T16:07:29.926+0000] {subprocess.py:93} INFO - 26/04/06 16:07:29 INFO SparkContext: Created broadcast 0 from broadcast at DAGScheduler.scala:1611
[2026-04-06T16:07:29.938+0000] {subprocess.py:93} INFO - 26/04/06 16:07:29 INFO DAGScheduler: Submitting 1 missing tasks from ResultStage 0 (MapPartitionsRDD[1] at parquet at NativeMethodAccessorImpl.java:0) (first 15 tasks are for partitions Vector(0))
[2026-04-06T16:07:29.939+0000] {subprocess.py:93} INFO - 26/04/06 16:07:29 INFO TaskSchedulerImpl: Adding task set 0.0 with 1 tasks resource profile 0
[2026-04-06T16:07:31.840+0000] {subprocess.py:93} INFO - 26/04/06 16:07:31 INFO TaskSetManager: Starting task 0.0 in stage 0.0 (TID 0) (172.18.0.5, executor 0, partition 0, PROCESS_LOCAL, 10213 bytes)
[2026-04-06T16:07:31.975+0000] {subprocess.py:93} INFO - 26/04/06 16:07:31 INFO BlockManagerInfo: Added broadcast_0_piece0 in memory on 172.18.0.5:34733 (size: 38.5 KiB, free: 434.4 MiB)
[2026-04-06T16:07:33.052+0000] {subprocess.py:93} INFO - 26/04/06 16:07:33 INFO TaskSetManager: Finished task 0.0 in stage 0.0 (TID 0) in 1222 ms on 172.18.0.5 (executor 0) (1/1)
[2026-04-06T16:07:33.053+0000] {subprocess.py:93} INFO - 26/04/06 16:07:33 INFO TaskSchedulerImpl: Removed TaskSet 0.0, whose tasks have all completed, from pool
[2026-04-06T16:07:33.056+0000] {subprocess.py:93} INFO - 26/04/06 16:07:33 INFO DAGScheduler: ResultStage 0 (parquet at NativeMethodAccessorImpl.java:0) finished in 3.186 s
[2026-04-06T16:07:33.057+0000] {subprocess.py:93} INFO - 26/04/06 16:07:33 INFO DAGScheduler: Job 0 is finished. Cancelling potential speculative or zombie tasks for this job
[2026-04-06T16:07:33.057+0000] {subprocess.py:93} INFO - 26/04/06 16:07:33 INFO TaskSchedulerImpl: Killing all running tasks in stage 0: Stage finished
[2026-04-06T16:07:33.058+0000] {subprocess.py:93} INFO - 26/04/06 16:07:33 INFO DAGScheduler: Job 0 finished: parquet at NativeMethodAccessorImpl.java:0, took 3.208732 s
[2026-04-06T16:07:33.300+0000] {subprocess.py:93} INFO - 26/04/06 16:07:33 INFO BlockManagerInfo: Removed broadcast_0_piece0 on 7c36fe5f1e47:39535 in memory (size: 38.5 KiB, free: 434.4 MiB)
[2026-04-06T16:07:33.306+0000] {subprocess.py:93} INFO - 26/04/06 16:07:33 INFO BlockManagerInfo: Removed broadcast_0_piece0 on 172.18.0.5:34733 in memory (size: 38.5 KiB, free: 434.4 MiB)
[2026-04-06T16:07:33.396+0000] {subprocess.py:93} INFO - 26/04/06 16:07:33 INFO InMemoryFileIndex: It took 6 ms to list leaf files for 1 paths.
[2026-04-06T16:07:33.413+0000] {subprocess.py:93} INFO - 26/04/06 16:07:33 INFO SparkContext: Starting job: parquet at NativeMethodAccessorImpl.java:0
[2026-04-06T16:07:33.416+0000] {subprocess.py:93} INFO - 26/04/06 16:07:33 INFO DAGScheduler: Got job 1 (parquet at NativeMethodAccessorImpl.java:0) with 1 output partitions
[2026-04-06T16:07:33.416+0000] {subprocess.py:93} INFO - 26/04/06 16:07:33 INFO DAGScheduler: Final stage: ResultStage 1 (parquet at NativeMethodAccessorImpl.java:0)
[2026-04-06T16:07:33.417+0000] {subprocess.py:93} INFO - 26/04/06 16:07:33 INFO DAGScheduler: Parents of final stage: List()
[2026-04-06T16:07:33.417+0000] {subprocess.py:93} INFO - 26/04/06 16:07:33 INFO DAGScheduler: Missing parents: List()
[2026-04-06T16:07:33.417+0000] {subprocess.py:93} INFO - 26/04/06 16:07:33 INFO DAGScheduler: Submitting ResultStage 1 (MapPartitionsRDD[3] at parquet at NativeMethodAccessorImpl.java:0), which has no missing parents
[2026-04-06T16:07:33.420+0000] {subprocess.py:93} INFO - 26/04/06 16:07:33 INFO MemoryStore: Block broadcast_1 stored as values in memory (estimated size 106.4 KiB, free 434.3 MiB)
[2026-04-06T16:07:33.425+0000] {subprocess.py:93} INFO - 26/04/06 16:07:33 INFO MemoryStore: Block broadcast_1_piece0 stored as bytes in memory (estimated size 38.5 KiB, free 434.3 MiB)
[2026-04-06T16:07:33.426+0000] {subprocess.py:93} INFO - 26/04/06 16:07:33 INFO BlockManagerInfo: Added broadcast_1_piece0 in memory on 7c36fe5f1e47:39535 (size: 38.5 KiB, free: 434.4 MiB)
[2026-04-06T16:07:33.429+0000] {subprocess.py:93} INFO - 26/04/06 16:07:33 INFO SparkContext: Created broadcast 1 from broadcast at DAGScheduler.scala:1611
[2026-04-06T16:07:33.430+0000] {subprocess.py:93} INFO - 26/04/06 16:07:33 INFO DAGScheduler: Submitting 1 missing tasks from ResultStage 1 (MapPartitionsRDD[3] at parquet at NativeMethodAccessorImpl.java:0) (first 15 tasks are for partitions Vector(0))
[2026-04-06T16:07:33.430+0000] {subprocess.py:93} INFO - 26/04/06 16:07:33 INFO TaskSchedulerImpl: Adding task set 1.0 with 1 tasks resource profile 0
[2026-04-06T16:07:33.431+0000] {subprocess.py:93} INFO - 26/04/06 16:07:33 INFO TaskSetManager: Starting task 0.0 in stage 1.0 (TID 1) (172.18.0.5, executor 0, partition 0, PROCESS_LOCAL, 10215 bytes)
[2026-04-06T16:07:33.453+0000] {subprocess.py:93} INFO - 26/04/06 16:07:33 INFO BlockManagerInfo: Added broadcast_1_piece0 in memory on 172.18.0.5:34733 (size: 38.5 KiB, free: 434.4 MiB)
[2026-04-06T16:07:33.487+0000] {subprocess.py:93} INFO - 26/04/06 16:07:33 INFO TaskSetManager: Finished task 0.0 in stage 1.0 (TID 1) in 58 ms on 172.18.0.5 (executor 0) (1/1)
[2026-04-06T16:07:33.488+0000] {subprocess.py:93} INFO - 26/04/06 16:07:33 INFO TaskSchedulerImpl: Removed TaskSet 1.0, whose tasks have all completed, from pool
[2026-04-06T16:07:33.489+0000] {subprocess.py:93} INFO - 26/04/06 16:07:33 INFO DAGScheduler: ResultStage 1 (parquet at NativeMethodAccessorImpl.java:0) finished in 0.073 s
[2026-04-06T16:07:33.489+0000] {subprocess.py:93} INFO - 26/04/06 16:07:33 INFO DAGScheduler: Job 1 is finished. Cancelling potential speculative or zombie tasks for this job
[2026-04-06T16:07:33.489+0000] {subprocess.py:93} INFO - 26/04/06 16:07:33 INFO TaskSchedulerImpl: Killing all running tasks in stage 1: Stage finished
[2026-04-06T16:07:33.492+0000] {subprocess.py:93} INFO - 26/04/06 16:07:33 INFO DAGScheduler: Job 1 finished: parquet at NativeMethodAccessorImpl.java:0, took 0.076668 s
[2026-04-06T16:07:33.531+0000] {subprocess.py:93} INFO - 26/04/06 16:07:33 INFO InMemoryFileIndex: It took 7 ms to list leaf files for 1 paths.
[2026-04-06T16:07:33.550+0000] {subprocess.py:93} INFO - 26/04/06 16:07:33 INFO SparkContext: Starting job: parquet at NativeMethodAccessorImpl.java:0
[2026-04-06T16:07:33.552+0000] {subprocess.py:93} INFO - 26/04/06 16:07:33 INFO DAGScheduler: Got job 2 (parquet at NativeMethodAccessorImpl.java:0) with 1 output partitions
[2026-04-06T16:07:33.552+0000] {subprocess.py:93} INFO - 26/04/06 16:07:33 INFO DAGScheduler: Final stage: ResultStage 2 (parquet at NativeMethodAccessorImpl.java:0)
[2026-04-06T16:07:33.553+0000] {subprocess.py:93} INFO - 26/04/06 16:07:33 INFO DAGScheduler: Parents of final stage: List()
[2026-04-06T16:07:33.553+0000] {subprocess.py:93} INFO - 26/04/06 16:07:33 INFO DAGScheduler: Missing parents: List()
[2026-04-06T16:07:33.553+0000] {subprocess.py:93} INFO - 26/04/06 16:07:33 INFO DAGScheduler: Submitting ResultStage 2 (MapPartitionsRDD[5] at parquet at NativeMethodAccessorImpl.java:0), which has no missing parents
[2026-04-06T16:07:33.559+0000] {subprocess.py:93} INFO - 26/04/06 16:07:33 INFO MemoryStore: Block broadcast_2 stored as values in memory (estimated size 106.4 KiB, free 434.2 MiB)
[2026-04-06T16:07:33.563+0000] {subprocess.py:93} INFO - 26/04/06 16:07:33 INFO MemoryStore: Block broadcast_2_piece0 stored as bytes in memory (estimated size 38.5 KiB, free 434.1 MiB)
[2026-04-06T16:07:33.564+0000] {subprocess.py:93} INFO - 26/04/06 16:07:33 INFO BlockManagerInfo: Added broadcast_2_piece0 in memory on 7c36fe5f1e47:39535 (size: 38.5 KiB, free: 434.3 MiB)
[2026-04-06T16:07:33.565+0000] {subprocess.py:93} INFO - 26/04/06 16:07:33 INFO BlockManagerInfo: Removed broadcast_1_piece0 on 7c36fe5f1e47:39535 in memory (size: 38.5 KiB, free: 434.4 MiB)
[2026-04-06T16:07:33.565+0000] {subprocess.py:93} INFO - 26/04/06 16:07:33 INFO SparkContext: Created broadcast 2 from broadcast at DAGScheduler.scala:1611
[2026-04-06T16:07:33.566+0000] {subprocess.py:93} INFO - 26/04/06 16:07:33 INFO DAGScheduler: Submitting 1 missing tasks from ResultStage 2 (MapPartitionsRDD[5] at parquet at NativeMethodAccessorImpl.java:0) (first 15 tasks are for partitions Vector(0))
[2026-04-06T16:07:33.566+0000] {subprocess.py:93} INFO - 26/04/06 16:07:33 INFO TaskSchedulerImpl: Adding task set 2.0 with 1 tasks resource profile 0
[2026-04-06T16:07:33.567+0000] {subprocess.py:93} INFO - 26/04/06 16:07:33 INFO BlockManagerInfo: Removed broadcast_1_piece0 on 172.18.0.5:34733 in memory (size: 38.5 KiB, free: 434.4 MiB)
[2026-04-06T16:07:33.568+0000] {subprocess.py:93} INFO - 26/04/06 16:07:33 INFO TaskSetManager: Starting task 0.0 in stage 2.0 (TID 2) (172.18.0.5, executor 0, partition 0, PROCESS_LOCAL, 10217 bytes)
[2026-04-06T16:07:33.583+0000] {subprocess.py:93} INFO - 26/04/06 16:07:33 INFO BlockManagerInfo: Added broadcast_2_piece0 in memory on 172.18.0.5:34733 (size: 38.5 KiB, free: 434.4 MiB)
[2026-04-06T16:07:33.614+0000] {subprocess.py:93} INFO - 26/04/06 16:07:33 INFO TaskSetManager: Finished task 0.0 in stage 2.0 (TID 2) in 46 ms on 172.18.0.5 (executor 0) (1/1)
[2026-04-06T16:07:33.615+0000] {subprocess.py:93} INFO - 26/04/06 16:07:33 INFO TaskSchedulerImpl: Removed TaskSet 2.0, whose tasks have all completed, from pool
[2026-04-06T16:07:33.615+0000] {subprocess.py:93} INFO - 26/04/06 16:07:33 INFO DAGScheduler: ResultStage 2 (parquet at NativeMethodAccessorImpl.java:0) finished in 0.061 s
[2026-04-06T16:07:33.616+0000] {subprocess.py:93} INFO - 26/04/06 16:07:33 INFO DAGScheduler: Job 2 is finished. Cancelling potential speculative or zombie tasks for this job
[2026-04-06T16:07:33.616+0000] {subprocess.py:93} INFO - 26/04/06 16:07:33 INFO TaskSchedulerImpl: Killing all running tasks in stage 2: Stage finished
[2026-04-06T16:07:33.616+0000] {subprocess.py:93} INFO - 26/04/06 16:07:33 INFO DAGScheduler: Job 2 finished: parquet at NativeMethodAccessorImpl.java:0, took 0.065444 s
[2026-04-06T16:07:34.003+0000] {subprocess.py:93} INFO - 26/04/06 16:07:34 INFO BlockManagerInfo: Removed broadcast_2_piece0 on 7c36fe5f1e47:39535 in memory (size: 38.5 KiB, free: 434.4 MiB)
[2026-04-06T16:07:34.005+0000] {subprocess.py:93} INFO - 26/04/06 16:07:34 INFO FileSourceStrategy: Pushed Filters:
[2026-04-06T16:07:34.006+0000] {subprocess.py:93} INFO - 26/04/06 16:07:34 INFO FileSourceStrategy: Post-Scan Filters:
[2026-04-06T16:07:34.006+0000] {subprocess.py:93} INFO - 26/04/06 16:07:34 INFO BlockManagerInfo: Removed broadcast_2_piece0 on 172.18.0.5:34733 in memory (size: 38.5 KiB, free: 434.4 MiB)
[2026-04-06T16:07:34.204+0000] {subprocess.py:93} INFO - 26/04/06 16:07:34 INFO CodeGenerator: Code generated in 140.736431 ms
[2026-04-06T16:07:34.229+0000] {subprocess.py:93} INFO - 26/04/06 16:07:34 INFO MemoryStore: Block broadcast_3 stored as values in memory (estimated size 206.0 KiB, free 434.2 MiB)
[2026-04-06T16:07:34.239+0000] {subprocess.py:93} INFO - 26/04/06 16:07:34 INFO MemoryStore: Block broadcast_3_piece0 stored as bytes in memory (estimated size 36.3 KiB, free 434.2 MiB)
[2026-04-06T16:07:34.239+0000] {subprocess.py:93} INFO - 26/04/06 16:07:34 INFO BlockManagerInfo: Added broadcast_3_piece0 in memory on 7c36fe5f1e47:39535 (size: 36.3 KiB, free: 434.4 MiB)
[2026-04-06T16:07:34.240+0000] {subprocess.py:93} INFO - 26/04/06 16:07:34 INFO SparkContext: Created broadcast 3 from jdbc at NativeMethodAccessorImpl.java:0
[2026-04-06T16:07:34.248+0000] {subprocess.py:93} INFO - 26/04/06 16:07:34 INFO FileSourceScanExec: Planning scan with bin packing, max size: 4194304 bytes, open cost is considered as scanning 4194304 bytes.
[2026-04-06T16:07:34.296+0000] {subprocess.py:93} INFO - 26/04/06 16:07:34 INFO SparkContext: Starting job: jdbc at NativeMethodAccessorImpl.java:0
[2026-04-06T16:07:34.297+0000] {subprocess.py:93} INFO - 26/04/06 16:07:34 INFO DAGScheduler: Got job 3 (jdbc at NativeMethodAccessorImpl.java:0) with 1 output partitions
[2026-04-06T16:07:34.297+0000] {subprocess.py:93} INFO - 26/04/06 16:07:34 INFO DAGScheduler: Final stage: ResultStage 3 (jdbc at NativeMethodAccessorImpl.java:0)
[2026-04-06T16:07:34.298+0000] {subprocess.py:93} INFO - 26/04/06 16:07:34 INFO DAGScheduler: Parents of final stage: List()
[2026-04-06T16:07:34.298+0000] {subprocess.py:93} INFO - 26/04/06 16:07:34 INFO DAGScheduler: Missing parents: List()
[2026-04-06T16:07:34.298+0000] {subprocess.py:93} INFO - 26/04/06 16:07:34 INFO DAGScheduler: Submitting ResultStage 3 (MapPartitionsRDD[11] at jdbc at NativeMethodAccessorImpl.java:0), which has no missing parents
[2026-04-06T16:07:34.322+0000] {subprocess.py:93} INFO - 26/04/06 16:07:34 INFO MemoryStore: Block broadcast_4 stored as values in memory (estimated size 38.9 KiB, free 434.1 MiB)
[2026-04-06T16:07:34.328+0000] {subprocess.py:93} INFO - 26/04/06 16:07:34 INFO MemoryStore: Block broadcast_4_piece0 stored as bytes in memory (estimated size 16.6 KiB, free 434.1 MiB)
[2026-04-06T16:07:34.329+0000] {subprocess.py:93} INFO - 26/04/06 16:07:34 INFO BlockManagerInfo: Added broadcast_4_piece0 in memory on 7c36fe5f1e47:39535 (size: 16.6 KiB, free: 434.3 MiB)
[2026-04-06T16:07:34.329+0000] {subprocess.py:93} INFO - 26/04/06 16:07:34 INFO SparkContext: Created broadcast 4 from broadcast at DAGScheduler.scala:1611
[2026-04-06T16:07:34.330+0000] {subprocess.py:93} INFO - 26/04/06 16:07:34 INFO DAGScheduler: Submitting 1 missing tasks from ResultStage 3 (MapPartitionsRDD[11] at jdbc at NativeMethodAccessorImpl.java:0) (first 15 tasks are for partitions Vector(0))
[2026-04-06T16:07:34.330+0000] {subprocess.py:93} INFO - 26/04/06 16:07:34 INFO TaskSchedulerImpl: Adding task set 3.0 with 1 tasks resource profile 0
[2026-04-06T16:07:34.333+0000] {subprocess.py:93} INFO - 26/04/06 16:07:34 INFO TaskSetManager: Starting task 0.0 in stage 3.0 (TID 3) (172.18.0.5, executor 0, partition 0, PROCESS_LOCAL, 10718 bytes)
[2026-04-06T16:07:34.351+0000] {subprocess.py:93} INFO - 26/04/06 16:07:34 INFO BlockManagerInfo: Added broadcast_4_piece0 in memory on 172.18.0.5:34733 (size: 16.6 KiB, free: 434.4 MiB)
[2026-04-06T16:07:35.240+0000] {subprocess.py:93} INFO - 26/04/06 16:07:35 INFO BlockManagerInfo: Added broadcast_3_piece0 in memory on 172.18.0.5:34733 (size: 36.3 KiB, free: 434.3 MiB)
[2026-04-06T16:07:35.732+0000] {subprocess.py:93} INFO - 26/04/06 16:07:35 INFO TaskSetManager: Finished task 0.0 in stage 3.0 (TID 3) in 1401 ms on 172.18.0.5 (executor 0) (1/1)
[2026-04-06T16:07:35.733+0000] {subprocess.py:93} INFO - 26/04/06 16:07:35 INFO TaskSchedulerImpl: Removed TaskSet 3.0, whose tasks have all completed, from pool
[2026-04-06T16:07:35.733+0000] {subprocess.py:93} INFO - 26/04/06 16:07:35 INFO DAGScheduler: ResultStage 3 (jdbc at NativeMethodAccessorImpl.java:0) finished in 1.434 s
[2026-04-06T16:07:35.734+0000] {subprocess.py:93} INFO - 26/04/06 16:07:35 INFO DAGScheduler: Job 3 is finished. Cancelling potential speculative or zombie tasks for this job
[2026-04-06T16:07:35.735+0000] {subprocess.py:93} INFO - 26/04/06 16:07:35 INFO TaskSchedulerImpl: Killing all running tasks in stage 3: Stage finished
[2026-04-06T16:07:35.735+0000] {subprocess.py:93} INFO - 26/04/06 16:07:35 INFO DAGScheduler: Job 3 finished: jdbc at NativeMethodAccessorImpl.java:0, took 1.437323 s
[2026-04-06T16:07:35.801+0000] {subprocess.py:93} INFO - 26/04/06 16:07:35 INFO FileSourceStrategy: Pushed Filters:
[2026-04-06T16:07:35.801+0000] {subprocess.py:93} INFO - 26/04/06 16:07:35 INFO FileSourceStrategy: Post-Scan Filters:
[2026-04-06T16:07:35.823+0000] {subprocess.py:93} INFO - 26/04/06 16:07:35 INFO CodeGenerator: Code generated in 15.450331 ms
[2026-04-06T16:07:35.827+0000] {subprocess.py:93} INFO - 26/04/06 16:07:35 INFO MemoryStore: Block broadcast_5 stored as values in memory (estimated size 206.0 KiB, free 433.9 MiB)
[2026-04-06T16:07:35.835+0000] {subprocess.py:93} INFO - 26/04/06 16:07:35 INFO BlockManagerInfo: Removed broadcast_4_piece0 on 7c36fe5f1e47:39535 in memory (size: 16.6 KiB, free: 434.4 MiB)
[2026-04-06T16:07:35.835+0000] {subprocess.py:93} INFO - 26/04/06 16:07:35 INFO MemoryStore: Block broadcast_5_piece0 stored as bytes in memory (estimated size 36.3 KiB, free 433.9 MiB)
[2026-04-06T16:07:35.836+0000] {subprocess.py:93} INFO - 26/04/06 16:07:35 INFO BlockManagerInfo: Added broadcast_5_piece0 in memory on 7c36fe5f1e47:39535 (size: 36.3 KiB, free: 434.3 MiB)
[2026-04-06T16:07:35.837+0000] {subprocess.py:93} INFO - 26/04/06 16:07:35 INFO BlockManagerInfo: Removed broadcast_4_piece0 on 172.18.0.5:34733 in memory (size: 16.6 KiB, free: 434.4 MiB)
[2026-04-06T16:07:35.837+0000] {subprocess.py:93} INFO - 26/04/06 16:07:35 INFO SparkContext: Created broadcast 5 from jdbc at NativeMethodAccessorImpl.java:0
[2026-04-06T16:07:35.838+0000] {subprocess.py:93} INFO - 26/04/06 16:07:35 INFO FileSourceScanExec: Planning scan with bin packing, max size: 4194304 bytes, open cost is considered as scanning 4194304 bytes.
[2026-04-06T16:07:35.842+0000] {subprocess.py:93} INFO - 26/04/06 16:07:35 INFO BlockManagerInfo: Removed broadcast_3_piece0 on 7c36fe5f1e47:39535 in memory (size: 36.3 KiB, free: 434.4 MiB)
[2026-04-06T16:07:35.844+0000] {subprocess.py:93} INFO - 26/04/06 16:07:35 INFO BlockManagerInfo: Removed broadcast_3_piece0 on 172.18.0.5:34733 in memory (size: 36.3 KiB, free: 434.4 MiB)
[2026-04-06T16:07:35.852+0000] {subprocess.py:93} INFO - 26/04/06 16:07:35 INFO SparkContext: Starting job: jdbc at NativeMethodAccessorImpl.java:0
[2026-04-06T16:07:35.853+0000] {subprocess.py:93} INFO - 26/04/06 16:07:35 INFO DAGScheduler: Got job 4 (jdbc at NativeMethodAccessorImpl.java:0) with 1 output partitions
[2026-04-06T16:07:35.854+0000] {subprocess.py:93} INFO - 26/04/06 16:07:35 INFO DAGScheduler: Final stage: ResultStage 4 (jdbc at NativeMethodAccessorImpl.java:0)
[2026-04-06T16:07:35.854+0000] {subprocess.py:93} INFO - 26/04/06 16:07:35 INFO DAGScheduler: Parents of final stage: List()
[2026-04-06T16:07:35.854+0000] {subprocess.py:93} INFO - 26/04/06 16:07:35 INFO DAGScheduler: Missing parents: List()
[2026-04-06T16:07:35.854+0000] {subprocess.py:93} INFO - 26/04/06 16:07:35 INFO DAGScheduler: Submitting ResultStage 4 (MapPartitionsRDD[17] at jdbc at NativeMethodAccessorImpl.java:0), which has no missing parents
[2026-04-06T16:07:35.858+0000] {subprocess.py:93} INFO - 26/04/06 16:07:35 INFO MemoryStore: Block broadcast_6 stored as values in memory (estimated size 39.1 KiB, free 434.1 MiB)
[2026-04-06T16:07:35.863+0000] {subprocess.py:93} INFO - 26/04/06 16:07:35 INFO MemoryStore: Block broadcast_6_piece0 stored as bytes in memory (estimated size 16.6 KiB, free 434.1 MiB)
[2026-04-06T16:07:35.863+0000] {subprocess.py:93} INFO - 26/04/06 16:07:35 INFO BlockManagerInfo: Added broadcast_6_piece0 in memory on 7c36fe5f1e47:39535 (size: 16.6 KiB, free: 434.3 MiB)
[2026-04-06T16:07:35.864+0000] {subprocess.py:93} INFO - 26/04/06 16:07:35 INFO SparkContext: Created broadcast 6 from broadcast at DAGScheduler.scala:1611
[2026-04-06T16:07:35.864+0000] {subprocess.py:93} INFO - 26/04/06 16:07:35 INFO DAGScheduler: Submitting 1 missing tasks from ResultStage 4 (MapPartitionsRDD[17] at jdbc at NativeMethodAccessorImpl.java:0) (first 15 tasks are for partitions Vector(0))
[2026-04-06T16:07:35.864+0000] {subprocess.py:93} INFO - 26/04/06 16:07:35 INFO TaskSchedulerImpl: Adding task set 4.0 with 1 tasks resource profile 0
[2026-04-06T16:07:35.865+0000] {subprocess.py:93} INFO - 26/04/06 16:07:35 INFO TaskSetManager: Starting task 0.0 in stage 4.0 (TID 4) (172.18.0.5, executor 0, partition 0, PROCESS_LOCAL, 10720 bytes)
[2026-04-06T16:07:35.879+0000] {subprocess.py:93} INFO - 26/04/06 16:07:35 INFO BlockManagerInfo: Added broadcast_6_piece0 in memory on 172.18.0.5:34733 (size: 16.6 KiB, free: 434.4 MiB)
[2026-04-06T16:07:35.934+0000] {subprocess.py:93} INFO - 26/04/06 16:07:35 INFO BlockManagerInfo: Added broadcast_5_piece0 in memory on 172.18.0.5:34733 (size: 36.3 KiB, free: 434.3 MiB)
[2026-04-06T16:07:36.053+0000] {subprocess.py:93} INFO - 26/04/06 16:07:36 INFO TaskSetManager: Finished task 0.0 in stage 4.0 (TID 4) in 188 ms on 172.18.0.5 (executor 0) (1/1)
[2026-04-06T16:07:36.053+0000] {subprocess.py:93} INFO - 26/04/06 16:07:36 INFO TaskSchedulerImpl: Removed TaskSet 4.0, whose tasks have all completed, from pool
[2026-04-06T16:07:36.054+0000] {subprocess.py:93} INFO - 26/04/06 16:07:36 INFO DAGScheduler: ResultStage 4 (jdbc at NativeMethodAccessorImpl.java:0) finished in 0.199 s
[2026-04-06T16:07:36.054+0000] {subprocess.py:93} INFO - 26/04/06 16:07:36 INFO DAGScheduler: Job 4 is finished. Cancelling potential speculative or zombie tasks for this job
[2026-04-06T16:07:36.055+0000] {subprocess.py:93} INFO - 26/04/06 16:07:36 INFO TaskSchedulerImpl: Killing all running tasks in stage 4: Stage finished
[2026-04-06T16:07:36.055+0000] {subprocess.py:93} INFO - 26/04/06 16:07:36 INFO DAGScheduler: Job 4 finished: jdbc at NativeMethodAccessorImpl.java:0, took 0.202664 s
[2026-04-06T16:07:36.113+0000] {subprocess.py:93} INFO - 26/04/06 16:07:36 INFO FileSourceStrategy: Pushed Filters:
[2026-04-06T16:07:36.114+0000] {subprocess.py:93} INFO - 26/04/06 16:07:36 INFO FileSourceStrategy: Post-Scan Filters:
[2026-04-06T16:07:36.133+0000] {subprocess.py:93} INFO - 26/04/06 16:07:36 INFO CodeGenerator: Code generated in 13.55716 ms
[2026-04-06T16:07:36.137+0000] {subprocess.py:93} INFO - 26/04/06 16:07:36 INFO MemoryStore: Block broadcast_7 stored as values in memory (estimated size 206.2 KiB, free 433.9 MiB)
[2026-04-06T16:07:36.144+0000] {subprocess.py:93} INFO - 26/04/06 16:07:36 INFO BlockManagerInfo: Removed broadcast_5_piece0 on 7c36fe5f1e47:39535 in memory (size: 36.3 KiB, free: 434.4 MiB)
[2026-04-06T16:07:36.145+0000] {subprocess.py:93} INFO - 26/04/06 16:07:36 INFO MemoryStore: Block broadcast_7_piece0 stored as bytes in memory (estimated size 36.4 KiB, free 434.1 MiB)
[2026-04-06T16:07:36.146+0000] {subprocess.py:93} INFO - 26/04/06 16:07:36 INFO BlockManagerInfo: Added broadcast_7_piece0 in memory on 7c36fe5f1e47:39535 (size: 36.4 KiB, free: 434.3 MiB)
[2026-04-06T16:07:36.147+0000] {subprocess.py:93} INFO - 26/04/06 16:07:36 INFO BlockManagerInfo: Removed broadcast_5_piece0 on 172.18.0.5:34733 in memory (size: 36.3 KiB, free: 434.4 MiB)
[2026-04-06T16:07:36.147+0000] {subprocess.py:93} INFO - 26/04/06 16:07:36 INFO SparkContext: Created broadcast 7 from jdbc at NativeMethodAccessorImpl.java:0
[2026-04-06T16:07:36.148+0000] {subprocess.py:93} INFO - 26/04/06 16:07:36 INFO FileSourceScanExec: Planning scan with bin packing, max size: 4194304 bytes, open cost is considered as scanning 4194304 bytes.
[2026-04-06T16:07:36.151+0000] {subprocess.py:93} INFO - 26/04/06 16:07:36 INFO BlockManagerInfo: Removed broadcast_6_piece0 on 7c36fe5f1e47:39535 in memory (size: 16.6 KiB, free: 434.4 MiB)
[2026-04-06T16:07:36.153+0000] {subprocess.py:93} INFO - 26/04/06 16:07:36 INFO BlockManagerInfo: Removed broadcast_6_piece0 on 172.18.0.5:34733 in memory (size: 16.6 KiB, free: 434.4 MiB)
[2026-04-06T16:07:36.161+0000] {subprocess.py:93} INFO - 26/04/06 16:07:36 INFO SparkContext: Starting job: jdbc at NativeMethodAccessorImpl.java:0
[2026-04-06T16:07:36.162+0000] {subprocess.py:93} INFO - 26/04/06 16:07:36 INFO DAGScheduler: Got job 5 (jdbc at NativeMethodAccessorImpl.java:0) with 1 output partitions
[2026-04-06T16:07:36.162+0000] {subprocess.py:93} INFO - 26/04/06 16:07:36 INFO DAGScheduler: Final stage: ResultStage 5 (jdbc at NativeMethodAccessorImpl.java:0)
[2026-04-06T16:07:36.163+0000] {subprocess.py:93} INFO - 26/04/06 16:07:36 INFO DAGScheduler: Parents of final stage: List()
[2026-04-06T16:07:36.163+0000] {subprocess.py:93} INFO - 26/04/06 16:07:36 INFO DAGScheduler: Missing parents: List()
[2026-04-06T16:07:36.163+0000] {subprocess.py:93} INFO - 26/04/06 16:07:36 INFO DAGScheduler: Submitting ResultStage 5 (MapPartitionsRDD[23] at jdbc at NativeMethodAccessorImpl.java:0), which has no missing parents
[2026-04-06T16:07:36.165+0000] {subprocess.py:93} INFO - 26/04/06 16:07:36 INFO MemoryStore: Block broadcast_8 stored as values in memory (estimated size 40.1 KiB, free 434.1 MiB)
[2026-04-06T16:07:36.170+0000] {subprocess.py:93} INFO - 26/04/06 16:07:36 INFO MemoryStore: Block broadcast_8_piece0 stored as bytes in memory (estimated size 16.6 KiB, free 434.1 MiB)
[2026-04-06T16:07:36.171+0000] {subprocess.py:93} INFO - 26/04/06 16:07:36 INFO BlockManagerInfo: Added broadcast_8_piece0 in memory on 7c36fe5f1e47:39535 (size: 16.6 KiB, free: 434.3 MiB)
[2026-04-06T16:07:36.171+0000] {subprocess.py:93} INFO - 26/04/06 16:07:36 INFO SparkContext: Created broadcast 8 from broadcast at DAGScheduler.scala:1611
[2026-04-06T16:07:36.172+0000] {subprocess.py:93} INFO - 26/04/06 16:07:36 INFO DAGScheduler: Submitting 1 missing tasks from ResultStage 5 (MapPartitionsRDD[23] at jdbc at NativeMethodAccessorImpl.java:0) (first 15 tasks are for partitions Vector(0))
[2026-04-06T16:07:36.172+0000] {subprocess.py:93} INFO - 26/04/06 16:07:36 INFO TaskSchedulerImpl: Adding task set 5.0 with 1 tasks resource profile 0
[2026-04-06T16:07:36.173+0000] {subprocess.py:93} INFO - 26/04/06 16:07:36 INFO TaskSetManager: Starting task 0.0 in stage 5.0 (TID 5) (172.18.0.5, executor 0, partition 0, PROCESS_LOCAL, 10722 bytes)
[2026-04-06T16:07:36.185+0000] {subprocess.py:93} INFO - 26/04/06 16:07:36 INFO BlockManagerInfo: Added broadcast_8_piece0 in memory on 172.18.0.5:34733 (size: 16.6 KiB, free: 434.4 MiB)
[2026-04-06T16:07:36.233+0000] {subprocess.py:93} INFO - 26/04/06 16:07:36 INFO BlockManagerInfo: Added broadcast_7_piece0 in memory on 172.18.0.5:34733 (size: 36.4 KiB, free: 434.3 MiB)
[2026-04-06T16:07:36.381+0000] {subprocess.py:93} INFO - 26/04/06 16:07:36 INFO TaskSetManager: Finished task 0.0 in stage 5.0 (TID 5) in 209 ms on 172.18.0.5 (executor 0) (1/1)
[2026-04-06T16:07:36.382+0000] {subprocess.py:93} INFO - 26/04/06 16:07:36 INFO TaskSchedulerImpl: Removed TaskSet 5.0, whose tasks have all completed, from pool
[2026-04-06T16:07:36.382+0000] {subprocess.py:93} INFO - 26/04/06 16:07:36 INFO DAGScheduler: ResultStage 5 (jdbc at NativeMethodAccessorImpl.java:0) finished in 0.219 s
[2026-04-06T16:07:36.383+0000] {subprocess.py:93} INFO - 26/04/06 16:07:36 INFO DAGScheduler: Job 5 is finished. Cancelling potential speculative or zombie tasks for this job
[2026-04-06T16:07:36.383+0000] {subprocess.py:93} INFO - 26/04/06 16:07:36 INFO TaskSchedulerImpl: Killing all running tasks in stage 5: Stage finished
[2026-04-06T16:07:36.383+0000] {subprocess.py:93} INFO - 26/04/06 16:07:36 INFO DAGScheduler: Job 5 finished: jdbc at NativeMethodAccessorImpl.java:0, took 0.221761 s
[2026-04-06T16:07:36.398+0000] {subprocess.py:93} INFO - Silver tables loaded into Postgres successfully.
[2026-04-06T16:07:36.398+0000] {subprocess.py:93} INFO - 26/04/06 16:07:36 INFO SparkContext: SparkContext is stopping with exitCode 0.
[2026-04-06T16:07:36.406+0000] {subprocess.py:93} INFO - 26/04/06 16:07:36 INFO SparkUI: Stopped Spark web UI at http://7c36fe5f1e47:4040
[2026-04-06T16:07:36.408+0000] {subprocess.py:93} INFO - 26/04/06 16:07:36 INFO StandaloneSchedulerBackend: Shutting down all executors
[2026-04-06T16:07:36.408+0000] {subprocess.py:93} INFO - 26/04/06 16:07:36 INFO StandaloneSchedulerBackend$StandaloneDriverEndpoint: Asking each executor to shut down
[2026-04-06T16:07:36.418+0000] {subprocess.py:93} INFO - 26/04/06 16:07:36 INFO MapOutputTrackerMasterEndpoint: MapOutputTrackerMasterEndpoint stopped!
[2026-04-06T16:07:36.432+0000] {subprocess.py:93} INFO - 26/04/06 16:07:36 INFO MemoryStore: MemoryStore cleared
[2026-04-06T16:07:36.433+0000] {subprocess.py:93} INFO - 26/04/06 16:07:36 INFO BlockManager: BlockManager stopped
[2026-04-06T16:07:36.434+0000] {subprocess.py:93} INFO - 26/04/06 16:07:36 INFO BlockManagerMaster: BlockManagerMaster stopped
[2026-04-06T16:07:36.436+0000] {subprocess.py:93} INFO - 26/04/06 16:07:36 INFO OutputCommitCoordinator$OutputCommitCoordinatorEndpoint: OutputCommitCoordinator stopped!
[2026-04-06T16:07:36.522+0000] {subprocess.py:93} INFO - 26/04/06 16:07:36 INFO SparkContext: Successfully stopped SparkContext
[2026-04-06T16:07:36.773+0000] {subprocess.py:93} INFO - 26/04/06 16:07:36 INFO ShutdownHookManager: Shutdown hook called
[2026-04-06T16:07:36.774+0000] {subprocess.py:93} INFO - 26/04/06 16:07:36 INFO ShutdownHookManager: Deleting directory /tmp/spark-74ad4732-b9fb-4560-8d30-0aa6db821969/pyspark-b24e2366-75cb-4e55-9bd7-d5cd49dfb530
[2026-04-06T16:07:36.778+0000] {subprocess.py:93} INFO - 26/04/06 16:07:36 INFO ShutdownHookManager: Deleting directory /tmp/spark-1bbdc2ab-6e74-4ff2-92be-6694d4ab3821
[2026-04-06T16:07:36.783+0000] {subprocess.py:93} INFO - 26/04/06 16:07:36 INFO ShutdownHookManager: Deleting directory /tmp/spark-74ad4732-b9fb-4560-8d30-0aa6db821969
[2026-04-06T16:07:36.789+0000] {subprocess.py:93} INFO - 26/04/06 16:07:36 INFO MetricsSystemImpl: Stopping s3a-file-system metrics system...
[2026-04-06T16:07:36.790+0000] {subprocess.py:93} INFO - 26/04/06 16:07:36 INFO MetricsSystemImpl: s3a-file-system metrics system stopped.
[2026-04-06T16:07:36.790+0000] {subprocess.py:93} INFO - 26/04/06 16:07:36 INFO MetricsSystemImpl: s3a-file-system metrics system shutdown complete.
[2026-04-06T16:07:36.858+0000] {subprocess.py:97} INFO - Command exited with return code 0
[2026-04-06T16:07:36.881+0000] {taskinstance.py:1149} INFO - Marking task as SUCCESS. dag_id=bronze_to_silver_and_gold, task_id=load_silver_to_postgres, execution_date=20260406T160649, start_date=20260406T160725, end_date=20260406T160736
[2026-04-06T16:07:36.924+0000] {local_task_job_runner.py:234} INFO - Task exited with return code 0
[2026-04-06T16:07:36.940+0000] {taskinstance.py:3312} INFO - 1 downstream tasks scheduled from follow-on schedule check
