[2026-04-06T15:17:56.132+0000] {taskinstance.py:1979} INFO - Dependencies all met for dep_context=non-requeueable deps ti=<TaskInstance: bronze_to_silver_and_gold.load_silver_to_postgres manual__2026-04-06T15:17:27.378872+00:00 [queued]>
[2026-04-06T15:17:56.137+0000] {taskinstance.py:1979} INFO - Dependencies all met for dep_context=requeueable deps ti=<TaskInstance: bronze_to_silver_and_gold.load_silver_to_postgres manual__2026-04-06T15:17:27.378872+00:00 [queued]>
[2026-04-06T15:17:56.137+0000] {taskinstance.py:2193} INFO - Starting attempt 1 of 1
[2026-04-06T15:17:56.146+0000] {taskinstance.py:2217} INFO - Executing <Task(BashOperator): load_silver_to_postgres> on 2026-04-06 15:17:27.378872+00:00
[2026-04-06T15:17:56.150+0000] {standard_task_runner.py:60} INFO - Started process 1016 to run task
[2026-04-06T15:17:56.153+0000] {standard_task_runner.py:87} INFO - Running: ['airflow', 'tasks', 'run', 'bronze_to_silver_and_gold', 'load_silver_to_postgres', 'manual__2026-04-06T15:17:27.378872+00:00', '--job-id', '33', '--raw', '--subdir', 'DAGS_FOLDER/bronze_to_silver_dag.py', '--cfg-path', '/tmp/tmpzzphp5p1']
[2026-04-06T15:17:56.154+0000] {standard_task_runner.py:88} INFO - Job 33: Subtask load_silver_to_postgres
[2026-04-06T15:17:56.191+0000] {task_command.py:423} INFO - Running <TaskInstance: bronze_to_silver_and_gold.load_silver_to_postgres manual__2026-04-06T15:17:27.378872+00:00 [running]> on host 7c36fe5f1e47
[2026-04-06T15:17:56.246+0000] {taskinstance.py:2513} INFO - Exporting env vars: AIRFLOW_CTX_DAG_OWNER='airflow' AIRFLOW_CTX_DAG_ID='bronze_to_silver_and_gold' AIRFLOW_CTX_TASK_ID='load_silver_to_postgres' AIRFLOW_CTX_EXECUTION_DATE='2026-04-06T15:17:27.378872+00:00' AIRFLOW_CTX_TRY_NUMBER='1' AIRFLOW_CTX_DAG_RUN_ID='manual__2026-04-06T15:17:27.378872+00:00'
[2026-04-06T15:17:56.247+0000] {subprocess.py:63} INFO - Tmp dir root location: /tmp
[2026-04-06T15:17:56.249+0000] {subprocess.py:75} INFO - Running command: ['/usr/bin/bash', '-c', '\n            /opt/spark/bin/spark-submit             --master spark://spark-master:7077             --packages org.postgresql:postgresql:42.6.0,             org.apache.hadoop:hadoop-aws:3.3.4,com.amazonaws:aws-java-sdk-bundle:1.12.262             --conf spark.hadoop.fs.s3a.endpoint=http://minio:9000             --conf spark.hadoop.fs.s3a.access.key=minioadmin             --conf spark.hadoop.fs.s3a.secret.key=minioadmin             --conf spark.hadoop.fs.s3a.path.style.access=true             --conf spark.hadoop.fs.s3a.impl=org.apache.hadoop.fs.s3a.S3AFileSystem             /opt/airflow/spark/jobs/load_silver_to_postgres.py\n        ']
[2026-04-06T15:17:56.257+0000] {subprocess.py:86} INFO - Output:
[2026-04-06T15:17:57.150+0000] {subprocess.py:93} INFO - :: loading settings :: url = jar:file:/opt/spark-3.5.6-bin-hadoop3/jars/ivy-2.5.1.jar!/org/apache/ivy/core/settings/ivysettings.xml
[2026-04-06T15:17:57.196+0000] {subprocess.py:93} INFO - Ivy Default Cache set to: /home/airflow/.ivy2/cache
[2026-04-06T15:17:57.197+0000] {subprocess.py:93} INFO - The jars for the packages stored in: /home/airflow/.ivy2/jars
[2026-04-06T15:17:57.200+0000] {subprocess.py:93} INFO - org.postgresql#postgresql added as a dependency
[2026-04-06T15:17:57.200+0000] {subprocess.py:93} INFO - :: resolving dependencies :: org.apache.spark#spark-submit-parent-8b32b7dd-bb5e-4488-a750-725dfc74fd50;1.0
[2026-04-06T15:17:57.201+0000] {subprocess.py:93} INFO - 	confs: [default]
[2026-04-06T15:17:57.276+0000] {subprocess.py:93} INFO - 	found org.postgresql#postgresql;42.6.0 in central
[2026-04-06T15:17:57.296+0000] {subprocess.py:93} INFO - 	found org.checkerframework#checker-qual;3.31.0 in central
[2026-04-06T15:17:57.309+0000] {subprocess.py:93} INFO - :: resolution report :: resolve 104ms :: artifacts dl 5ms
[2026-04-06T15:17:57.309+0000] {subprocess.py:93} INFO - 	:: modules in use:
[2026-04-06T15:17:57.310+0000] {subprocess.py:93} INFO - 	org.checkerframework#checker-qual;3.31.0 from central in [default]
[2026-04-06T15:17:57.310+0000] {subprocess.py:93} INFO - 	org.postgresql#postgresql;42.6.0 from central in [default]
[2026-04-06T15:17:57.310+0000] {subprocess.py:93} INFO - 	---------------------------------------------------------------------
[2026-04-06T15:17:57.310+0000] {subprocess.py:93} INFO - 	|                  |            modules            ||   artifacts   |
[2026-04-06T15:17:57.311+0000] {subprocess.py:93} INFO - 	|       conf       | number| search|dwnlded|evicted|| number|dwnlded|
[2026-04-06T15:17:57.311+0000] {subprocess.py:93} INFO - 	---------------------------------------------------------------------
[2026-04-06T15:17:57.311+0000] {subprocess.py:93} INFO - 	|      default     |   2   |   0   |   0   |   0   ||   2   |   0   |
[2026-04-06T15:17:57.311+0000] {subprocess.py:93} INFO - 	---------------------------------------------------------------------
[2026-04-06T15:17:57.312+0000] {subprocess.py:93} INFO - :: retrieving :: org.apache.spark#spark-submit-parent-8b32b7dd-bb5e-4488-a750-725dfc74fd50
[2026-04-06T15:17:57.312+0000] {subprocess.py:93} INFO - 	confs: [default]
[2026-04-06T15:17:57.315+0000] {subprocess.py:93} INFO - 	0 artifacts copied, 2 already retrieved (0kB/3ms)
[2026-04-06T15:17:57.430+0000] {subprocess.py:93} INFO - 26/04/06 15:17:57 WARN NativeCodeLoader: Unable to load native-hadoop library for your platform... using builtin-java classes where applicable
[2026-04-06T15:17:57.508+0000] {subprocess.py:93} INFO - Exception in thread "main" java.lang.NullPointerException: Cannot invoke "String.lastIndexOf(String)" because "path" is null
[2026-04-06T15:17:57.508+0000] {subprocess.py:93} INFO - 	at org.apache.hadoop.fs.Path.getName(Path.java:418)
[2026-04-06T15:17:57.509+0000] {subprocess.py:93} INFO - 	at org.apache.spark.util.DependencyUtils$.downloadFile(DependencyUtils.scala:263)
[2026-04-06T15:17:57.509+0000] {subprocess.py:93} INFO - 	at org.apache.spark.deploy.SparkSubmit.$anonfun$prepareSubmitEnvironment$8(SparkSubmit.scala:409)
[2026-04-06T15:17:57.509+0000] {subprocess.py:93} INFO - 	at scala.Option.map(Option.scala:230)
[2026-04-06T15:17:57.509+0000] {subprocess.py:93} INFO - 	at org.apache.spark.deploy.SparkSubmit.prepareSubmitEnvironment(SparkSubmit.scala:409)
[2026-04-06T15:17:57.510+0000] {subprocess.py:93} INFO - 	at org.apache.spark.deploy.SparkSubmit.org$apache$spark$deploy$SparkSubmit$$runMain(SparkSubmit.scala:969)
[2026-04-06T15:17:57.510+0000] {subprocess.py:93} INFO - 	at org.apache.spark.deploy.SparkSubmit.doRunMain$1(SparkSubmit.scala:199)
[2026-04-06T15:17:57.510+0000] {subprocess.py:93} INFO - 	at org.apache.spark.deploy.SparkSubmit.submit(SparkSubmit.scala:222)
[2026-04-06T15:17:57.511+0000] {subprocess.py:93} INFO - 	at org.apache.spark.deploy.SparkSubmit.doSubmit(SparkSubmit.scala:91)
[2026-04-06T15:17:57.511+0000] {subprocess.py:93} INFO - 	at org.apache.spark.deploy.SparkSubmit$$anon$2.doSubmit(SparkSubmit.scala:1125)
[2026-04-06T15:17:57.511+0000] {subprocess.py:93} INFO - 	at org.apache.spark.deploy.SparkSubmit$.main(SparkSubmit.scala:1134)
[2026-04-06T15:17:57.511+0000] {subprocess.py:93} INFO - 	at org.apache.spark.deploy.SparkSubmit.main(SparkSubmit.scala)
[2026-04-06T15:17:57.562+0000] {subprocess.py:97} INFO - Command exited with return code 1
[2026-04-06T15:17:57.575+0000] {taskinstance.py:2731} ERROR - Task failed with exception
Traceback (most recent call last):
  File "/home/airflow/.local/lib/python3.10/site-packages/airflow/models/taskinstance.py", line 444, in _execute_task
    result = _execute_callable(context=context, **execute_callable_kwargs)
  File "/home/airflow/.local/lib/python3.10/site-packages/airflow/models/taskinstance.py", line 414, in _execute_callable
    return execute_callable(context=context, **execute_callable_kwargs)
  File "/home/airflow/.local/lib/python3.10/site-packages/airflow/operators/bash.py", line 212, in execute
    raise AirflowException(
airflow.exceptions.AirflowException: Bash command failed. The command returned a non-zero exit code 1.
[2026-04-06T15:17:57.577+0000] {taskinstance.py:1149} INFO - Marking task as FAILED. dag_id=bronze_to_silver_and_gold, task_id=load_silver_to_postgres, execution_date=20260406T151727, start_date=20260406T151756, end_date=20260406T151757
[2026-04-06T15:17:57.587+0000] {standard_task_runner.py:107} ERROR - Failed to execute job 33 for task load_silver_to_postgres (Bash command failed. The command returned a non-zero exit code 1.; 1016)
[2026-04-06T15:17:57.610+0000] {local_task_job_runner.py:234} INFO - Task exited with return code 1
[2026-04-06T15:17:57.630+0000] {taskinstance.py:3312} INFO - 0 downstream tasks scheduled from follow-on schedule check
