[2026-04-06T16:29:48.317+0000] {taskinstance.py:1979} INFO - Dependencies all met for dep_context=non-requeueable deps ti=<TaskInstance: bronze_to_silver_and_gold.build_patient_360_gold manual__2026-04-06T16:29:05.921158+00:00 [queued]>
[2026-04-06T16:29:48.322+0000] {taskinstance.py:1979} INFO - Dependencies all met for dep_context=requeueable deps ti=<TaskInstance: bronze_to_silver_and_gold.build_patient_360_gold manual__2026-04-06T16:29:05.921158+00:00 [queued]>
[2026-04-06T16:29:48.323+0000] {taskinstance.py:2193} INFO - Starting attempt 1 of 1
[2026-04-06T16:29:48.331+0000] {taskinstance.py:2217} INFO - Executing <Task(BashOperator): build_patient_360_gold> on 2026-04-06 16:29:05.921158+00:00
[2026-04-06T16:29:48.336+0000] {standard_task_runner.py:60} INFO - Started process 1336 to run task
[2026-04-06T16:29:48.339+0000] {standard_task_runner.py:87} INFO - Running: ['airflow', 'tasks', 'run', 'bronze_to_silver_and_gold', 'build_patient_360_gold', 'manual__2026-04-06T16:29:05.921158+00:00', '--job-id', '65', '--raw', '--subdir', 'DAGS_FOLDER/bronze_to_silver_dag.py', '--cfg-path', '/tmp/tmpqym5rcq7']
[2026-04-06T16:29:48.340+0000] {standard_task_runner.py:88} INFO - Job 65: Subtask build_patient_360_gold
[2026-04-06T16:29:48.382+0000] {task_command.py:423} INFO - Running <TaskInstance: bronze_to_silver_and_gold.build_patient_360_gold manual__2026-04-06T16:29:05.921158+00:00 [running]> on host 7c36fe5f1e47
[2026-04-06T16:29:48.442+0000] {taskinstance.py:2513} INFO - Exporting env vars: AIRFLOW_CTX_DAG_OWNER='airflow' AIRFLOW_CTX_DAG_ID='bronze_to_silver_and_gold' AIRFLOW_CTX_TASK_ID='build_patient_360_gold' AIRFLOW_CTX_EXECUTION_DATE='2026-04-06T16:29:05.921158+00:00' AIRFLOW_CTX_TRY_NUMBER='1' AIRFLOW_CTX_DAG_RUN_ID='manual__2026-04-06T16:29:05.921158+00:00'
[2026-04-06T16:29:48.442+0000] {subprocess.py:63} INFO - Tmp dir root location: /tmp
[2026-04-06T16:29:48.443+0000] {subprocess.py:75} INFO - Running command: ['/usr/bin/bash', '-c', '\n/opt/spark/bin/spark-submit \\\n  --master spark://spark-master:7077 \\\n  --packages org.apache.hadoop:hadoop-aws:3.3.4,com.amazonaws:aws-java-sdk-bundle:1.12.262 \\\n  --conf spark.hadoop.fs.s3a.endpoint=http://minio:9000 \\\n  --conf spark.hadoop.fs.s3a.access.key=minioadmin \\\n  --conf spark.hadoop.fs.s3a.secret.key=minioadmin \\\n  --conf spark.hadoop.fs.s3a.path.style.access=true \\\n  --conf spark.hadoop.fs.s3a.impl=org.apache.hadoop.fs.s3a.S3AFileSystem \\\n  /opt/airflow/spark/jobs/build_patient_360.py']
[2026-04-06T16:29:48.452+0000] {subprocess.py:86} INFO - Output:
[2026-04-06T16:29:49.298+0000] {subprocess.py:93} INFO - :: loading settings :: url = jar:file:/opt/spark-3.5.6-bin-hadoop3/jars/ivy-2.5.1.jar!/org/apache/ivy/core/settings/ivysettings.xml
[2026-04-06T16:29:49.336+0000] {subprocess.py:93} INFO - Ivy Default Cache set to: /home/airflow/.ivy2/cache
[2026-04-06T16:29:49.337+0000] {subprocess.py:93} INFO - The jars for the packages stored in: /home/airflow/.ivy2/jars
[2026-04-06T16:29:49.338+0000] {subprocess.py:93} INFO - org.apache.hadoop#hadoop-aws added as a dependency
[2026-04-06T16:29:49.339+0000] {subprocess.py:93} INFO - com.amazonaws#aws-java-sdk-bundle added as a dependency
[2026-04-06T16:29:49.339+0000] {subprocess.py:93} INFO - :: resolving dependencies :: org.apache.spark#spark-submit-parent-283899d0-4d7b-4a6a-bca9-379925b00f12;1.0
[2026-04-06T16:29:49.339+0000] {subprocess.py:93} INFO - 	confs: [default]
[2026-04-06T16:29:49.432+0000] {subprocess.py:93} INFO - 	found org.apache.hadoop#hadoop-aws;3.3.4 in spark-list
[2026-04-06T16:29:49.449+0000] {subprocess.py:93} INFO - 	found com.amazonaws#aws-java-sdk-bundle;1.12.262 in central
[2026-04-06T16:29:49.465+0000] {subprocess.py:93} INFO - 	found org.wildfly.openssl#wildfly-openssl;1.0.7.Final in central
[2026-04-06T16:29:49.480+0000] {subprocess.py:93} INFO - :: resolution report :: resolve 135ms :: artifacts dl 5ms
[2026-04-06T16:29:49.480+0000] {subprocess.py:93} INFO - 	:: modules in use:
[2026-04-06T16:29:49.480+0000] {subprocess.py:93} INFO - 	com.amazonaws#aws-java-sdk-bundle;1.12.262 from central in [default]
[2026-04-06T16:29:49.481+0000] {subprocess.py:93} INFO - 	org.apache.hadoop#hadoop-aws;3.3.4 from spark-list in [default]
[2026-04-06T16:29:49.481+0000] {subprocess.py:93} INFO - 	org.wildfly.openssl#wildfly-openssl;1.0.7.Final from central in [default]
[2026-04-06T16:29:49.481+0000] {subprocess.py:93} INFO - 	---------------------------------------------------------------------
[2026-04-06T16:29:49.481+0000] {subprocess.py:93} INFO - 	|                  |            modules            ||   artifacts   |
[2026-04-06T16:29:49.482+0000] {subprocess.py:93} INFO - 	|       conf       | number| search|dwnlded|evicted|| number|dwnlded|
[2026-04-06T16:29:49.482+0000] {subprocess.py:93} INFO - 	---------------------------------------------------------------------
[2026-04-06T16:29:49.482+0000] {subprocess.py:93} INFO - 	|      default     |   3   |   0   |   0   |   0   ||   3   |   0   |
[2026-04-06T16:29:49.482+0000] {subprocess.py:93} INFO - 	---------------------------------------------------------------------
[2026-04-06T16:29:49.482+0000] {subprocess.py:93} INFO - :: retrieving :: org.apache.spark#spark-submit-parent-283899d0-4d7b-4a6a-bca9-379925b00f12
[2026-04-06T16:29:49.483+0000] {subprocess.py:93} INFO - 	confs: [default]
[2026-04-06T16:29:49.486+0000] {subprocess.py:93} INFO - 	0 artifacts copied, 3 already retrieved (0kB/4ms)
[2026-04-06T16:29:49.595+0000] {subprocess.py:93} INFO - 26/04/06 16:29:49 WARN NativeCodeLoader: Unable to load native-hadoop library for your platform... using builtin-java classes where applicable
[2026-04-06T16:29:50.168+0000] {subprocess.py:93} INFO - 26/04/06 16:29:50 INFO SparkContext: Running Spark version 3.5.6
[2026-04-06T16:29:50.169+0000] {subprocess.py:93} INFO - 26/04/06 16:29:50 INFO SparkContext: OS info Linux, 6.6.87.2-microsoft-standard-WSL2, amd64
[2026-04-06T16:29:50.169+0000] {subprocess.py:93} INFO - 26/04/06 16:29:50 INFO SparkContext: Java version 17.0.18
[2026-04-06T16:29:50.181+0000] {subprocess.py:93} INFO - 26/04/06 16:29:50 INFO ResourceUtils: ==============================================================
[2026-04-06T16:29:50.181+0000] {subprocess.py:93} INFO - 26/04/06 16:29:50 INFO ResourceUtils: No custom resources configured for spark.driver.
[2026-04-06T16:29:50.181+0000] {subprocess.py:93} INFO - 26/04/06 16:29:50 INFO ResourceUtils: ==============================================================
[2026-04-06T16:29:50.182+0000] {subprocess.py:93} INFO - 26/04/06 16:29:50 INFO SparkContext: Submitted application: build_patient_360
[2026-04-06T16:29:50.192+0000] {subprocess.py:93} INFO - 26/04/06 16:29:50 INFO ResourceProfile: Default ResourceProfile created, executor resources: Map(memory -> name: memory, amount: 1024, script: , vendor: , offHeap -> name: offHeap, amount: 0, script: , vendor: ), task resources: Map(cpus -> name: cpus, amount: 1.0)
[2026-04-06T16:29:50.196+0000] {subprocess.py:93} INFO - 26/04/06 16:29:50 INFO ResourceProfile: Limiting resource is cpu
[2026-04-06T16:29:50.196+0000] {subprocess.py:93} INFO - 26/04/06 16:29:50 INFO ResourceProfileManager: Added ResourceProfile id: 0
[2026-04-06T16:29:50.225+0000] {subprocess.py:93} INFO - 26/04/06 16:29:50 INFO SecurityManager: Changing view acls to: airflow
[2026-04-06T16:29:50.225+0000] {subprocess.py:93} INFO - 26/04/06 16:29:50 INFO SecurityManager: Changing modify acls to: airflow
[2026-04-06T16:29:50.226+0000] {subprocess.py:93} INFO - 26/04/06 16:29:50 INFO SecurityManager: Changing view acls groups to:
[2026-04-06T16:29:50.226+0000] {subprocess.py:93} INFO - 26/04/06 16:29:50 INFO SecurityManager: Changing modify acls groups to:
[2026-04-06T16:29:50.226+0000] {subprocess.py:93} INFO - 26/04/06 16:29:50 INFO SecurityManager: SecurityManager: authentication disabled; ui acls disabled; users with view permissions: airflow; groups with view permissions: EMPTY; users with modify permissions: airflow; groups with modify permissions: EMPTY
[2026-04-06T16:29:50.325+0000] {subprocess.py:93} INFO - 26/04/06 16:29:50 INFO Utils: Successfully started service 'sparkDriver' on port 37043.
[2026-04-06T16:29:50.340+0000] {subprocess.py:93} INFO - 26/04/06 16:29:50 INFO SparkEnv: Registering MapOutputTracker
[2026-04-06T16:29:50.362+0000] {subprocess.py:93} INFO - 26/04/06 16:29:50 INFO SparkEnv: Registering BlockManagerMaster
[2026-04-06T16:29:50.370+0000] {subprocess.py:93} INFO - 26/04/06 16:29:50 INFO BlockManagerMasterEndpoint: Using org.apache.spark.storage.DefaultTopologyMapper for getting topology information
[2026-04-06T16:29:50.370+0000] {subprocess.py:93} INFO - 26/04/06 16:29:50 INFO BlockManagerMasterEndpoint: BlockManagerMasterEndpoint up
[2026-04-06T16:29:50.372+0000] {subprocess.py:93} INFO - 26/04/06 16:29:50 INFO SparkEnv: Registering BlockManagerMasterHeartbeat
[2026-04-06T16:29:50.382+0000] {subprocess.py:93} INFO - 26/04/06 16:29:50 INFO DiskBlockManager: Created local directory at /tmp/blockmgr-a6dd6b3e-c43a-45e0-be7b-460f43522dcf
[2026-04-06T16:29:50.390+0000] {subprocess.py:93} INFO - 26/04/06 16:29:50 INFO MemoryStore: MemoryStore started with capacity 434.4 MiB
[2026-04-06T16:29:50.398+0000] {subprocess.py:93} INFO - 26/04/06 16:29:50 INFO SparkEnv: Registering OutputCommitCoordinator
[2026-04-06T16:29:50.459+0000] {subprocess.py:93} INFO - 26/04/06 16:29:50 INFO JettyUtils: Start Jetty 0.0.0.0:4040 for SparkUI
[2026-04-06T16:29:50.487+0000] {subprocess.py:93} INFO - 26/04/06 16:29:50 INFO Utils: Successfully started service 'SparkUI' on port 4040.
[2026-04-06T16:29:50.506+0000] {subprocess.py:93} INFO - 26/04/06 16:29:50 INFO SparkContext: Added JAR file:///home/airflow/.ivy2/jars/org.apache.hadoop_hadoop-aws-3.3.4.jar at spark://7c36fe5f1e47:37043/jars/org.apache.hadoop_hadoop-aws-3.3.4.jar with timestamp 1775492990164
[2026-04-06T16:29:50.507+0000] {subprocess.py:93} INFO - 26/04/06 16:29:50 INFO SparkContext: Added JAR file:///home/airflow/.ivy2/jars/com.amazonaws_aws-java-sdk-bundle-1.12.262.jar at spark://7c36fe5f1e47:37043/jars/com.amazonaws_aws-java-sdk-bundle-1.12.262.jar with timestamp 1775492990164
[2026-04-06T16:29:50.507+0000] {subprocess.py:93} INFO - 26/04/06 16:29:50 INFO SparkContext: Added JAR file:///home/airflow/.ivy2/jars/org.wildfly.openssl_wildfly-openssl-1.0.7.Final.jar at spark://7c36fe5f1e47:37043/jars/org.wildfly.openssl_wildfly-openssl-1.0.7.Final.jar with timestamp 1775492990164
[2026-04-06T16:29:50.509+0000] {subprocess.py:93} INFO - 26/04/06 16:29:50 INFO SparkContext: Added file file:///home/airflow/.ivy2/jars/org.apache.hadoop_hadoop-aws-3.3.4.jar at spark://7c36fe5f1e47:37043/files/org.apache.hadoop_hadoop-aws-3.3.4.jar with timestamp 1775492990164
[2026-04-06T16:29:50.509+0000] {subprocess.py:93} INFO - 26/04/06 16:29:50 INFO Utils: Copying /home/airflow/.ivy2/jars/org.apache.hadoop_hadoop-aws-3.3.4.jar to /tmp/spark-4afc4380-f45e-474b-9eb4-c8e964032531/userFiles-23a415ba-b038-4c82-b885-99c44ecfeb1a/org.apache.hadoop_hadoop-aws-3.3.4.jar
[2026-04-06T16:29:50.518+0000] {subprocess.py:93} INFO - 26/04/06 16:29:50 INFO SparkContext: Added file file:///home/airflow/.ivy2/jars/com.amazonaws_aws-java-sdk-bundle-1.12.262.jar at spark://7c36fe5f1e47:37043/files/com.amazonaws_aws-java-sdk-bundle-1.12.262.jar with timestamp 1775492990164
[2026-04-06T16:29:50.519+0000] {subprocess.py:93} INFO - 26/04/06 16:29:50 INFO Utils: Copying /home/airflow/.ivy2/jars/com.amazonaws_aws-java-sdk-bundle-1.12.262.jar to /tmp/spark-4afc4380-f45e-474b-9eb4-c8e964032531/userFiles-23a415ba-b038-4c82-b885-99c44ecfeb1a/com.amazonaws_aws-java-sdk-bundle-1.12.262.jar
[2026-04-06T16:29:50.730+0000] {subprocess.py:93} INFO - 26/04/06 16:29:50 INFO SparkContext: Added file file:///home/airflow/.ivy2/jars/org.wildfly.openssl_wildfly-openssl-1.0.7.Final.jar at spark://7c36fe5f1e47:37043/files/org.wildfly.openssl_wildfly-openssl-1.0.7.Final.jar with timestamp 1775492990164
[2026-04-06T16:29:50.731+0000] {subprocess.py:93} INFO - 26/04/06 16:29:50 INFO Utils: Copying /home/airflow/.ivy2/jars/org.wildfly.openssl_wildfly-openssl-1.0.7.Final.jar to /tmp/spark-4afc4380-f45e-474b-9eb4-c8e964032531/userFiles-23a415ba-b038-4c82-b885-99c44ecfeb1a/org.wildfly.openssl_wildfly-openssl-1.0.7.Final.jar
[2026-04-06T16:29:50.772+0000] {subprocess.py:93} INFO - 26/04/06 16:29:50 INFO StandaloneAppClient$ClientEndpoint: Connecting to master spark://spark-master:7077...
[2026-04-06T16:29:50.794+0000] {subprocess.py:93} INFO - 26/04/06 16:29:50 INFO TransportClientFactory: Successfully created connection to spark-master/172.18.0.2:7077 after 13 ms (0 ms spent in bootstraps)
[2026-04-06T16:29:50.843+0000] {subprocess.py:93} INFO - 26/04/06 16:29:50 INFO StandaloneSchedulerBackend: Connected to Spark cluster with app ID app-20260406162950-0004
[2026-04-06T16:29:50.844+0000] {subprocess.py:93} INFO - 26/04/06 16:29:50 INFO StandaloneAppClient$ClientEndpoint: Executor added: app-20260406162950-0004/0 on worker-20260406162852-172.18.0.5-39719 (172.18.0.5:39719) with 16 core(s)
[2026-04-06T16:29:50.845+0000] {subprocess.py:93} INFO - 26/04/06 16:29:50 INFO StandaloneSchedulerBackend: Granted executor ID app-20260406162950-0004/0 on hostPort 172.18.0.5:39719 with 16 core(s), 1024.0 MiB RAM
[2026-04-06T16:29:50.849+0000] {subprocess.py:93} INFO - 26/04/06 16:29:50 INFO Utils: Successfully started service 'org.apache.spark.network.netty.NettyBlockTransferService' on port 37451.
[2026-04-06T16:29:50.849+0000] {subprocess.py:93} INFO - 26/04/06 16:29:50 INFO NettyBlockTransferService: Server created on 7c36fe5f1e47:37451
[2026-04-06T16:29:50.850+0000] {subprocess.py:93} INFO - 26/04/06 16:29:50 INFO BlockManager: Using org.apache.spark.storage.RandomBlockReplicationPolicy for block replication policy
[2026-04-06T16:29:50.854+0000] {subprocess.py:93} INFO - 26/04/06 16:29:50 INFO BlockManagerMaster: Registering BlockManager BlockManagerId(driver, 7c36fe5f1e47, 37451, None)
[2026-04-06T16:29:50.857+0000] {subprocess.py:93} INFO - 26/04/06 16:29:50 INFO BlockManagerMasterEndpoint: Registering block manager 7c36fe5f1e47:37451 with 434.4 MiB RAM, BlockManagerId(driver, 7c36fe5f1e47, 37451, None)
[2026-04-06T16:29:50.860+0000] {subprocess.py:93} INFO - 26/04/06 16:29:50 INFO BlockManagerMaster: Registered BlockManager BlockManagerId(driver, 7c36fe5f1e47, 37451, None)
[2026-04-06T16:29:50.861+0000] {subprocess.py:93} INFO - 26/04/06 16:29:50 INFO BlockManager: Initialized BlockManager: BlockManagerId(driver, 7c36fe5f1e47, 37451, None)
[2026-04-06T16:29:50.870+0000] {subprocess.py:93} INFO - 26/04/06 16:29:50 INFO StandaloneAppClient$ClientEndpoint: Executor updated: app-20260406162950-0004/0 is now RUNNING
[2026-04-06T16:29:50.980+0000] {subprocess.py:93} INFO - 26/04/06 16:29:50 INFO StandaloneSchedulerBackend: SchedulerBackend is ready for scheduling beginning after reached minRegisteredResourcesRatio: 0.0
[2026-04-06T16:29:51.079+0000] {subprocess.py:93} INFO - 26/04/06 16:29:51 INFO SharedState: Setting hive.metastore.warehouse.dir ('null') to the value of spark.sql.warehouse.dir.
[2026-04-06T16:29:51.080+0000] {subprocess.py:93} INFO - 26/04/06 16:29:51 INFO SharedState: Warehouse path is 'file:/tmp/airflowtmpe_80_p_8/spark-warehouse'.
[2026-04-06T16:29:51.521+0000] {subprocess.py:93} INFO - 26/04/06 16:29:51 WARN MetricsConfig: Cannot locate configuration: tried hadoop-metrics2-s3a-file-system.properties,hadoop-metrics2.properties
[2026-04-06T16:29:51.528+0000] {subprocess.py:93} INFO - 26/04/06 16:29:51 INFO MetricsSystemImpl: Scheduled Metric snapshot period at 10 second(s).
[2026-04-06T16:29:51.529+0000] {subprocess.py:93} INFO - 26/04/06 16:29:51 INFO MetricsSystemImpl: s3a-file-system metrics system started
[2026-04-06T16:29:52.065+0000] {subprocess.py:93} INFO - 26/04/06 16:29:52 INFO InMemoryFileIndex: It took 34 ms to list leaf files for 1 paths.
[2026-04-06T16:29:52.238+0000] {subprocess.py:93} INFO - 26/04/06 16:29:52 INFO StandaloneSchedulerBackend$StandaloneDriverEndpoint: Registered executor NettyRpcEndpointRef(spark-client://Executor) (172.18.0.5:40524) with ID 0,  ResourceProfileId 0
[2026-04-06T16:29:52.282+0000] {subprocess.py:93} INFO - 26/04/06 16:29:52 INFO BlockManagerMasterEndpoint: Registering block manager 172.18.0.5:37517 with 434.4 MiB RAM, BlockManagerId(0, 172.18.0.5, 37517, None)
[2026-04-06T16:29:52.299+0000] {subprocess.py:93} INFO - 26/04/06 16:29:52 INFO SparkContext: Starting job: parquet at NativeMethodAccessorImpl.java:0
[2026-04-06T16:29:52.308+0000] {subprocess.py:93} INFO - 26/04/06 16:29:52 INFO DAGScheduler: Got job 0 (parquet at NativeMethodAccessorImpl.java:0) with 1 output partitions
[2026-04-06T16:29:52.308+0000] {subprocess.py:93} INFO - 26/04/06 16:29:52 INFO DAGScheduler: Final stage: ResultStage 0 (parquet at NativeMethodAccessorImpl.java:0)
[2026-04-06T16:29:52.309+0000] {subprocess.py:93} INFO - 26/04/06 16:29:52 INFO DAGScheduler: Parents of final stage: List()
[2026-04-06T16:29:52.309+0000] {subprocess.py:93} INFO - 26/04/06 16:29:52 INFO DAGScheduler: Missing parents: List()
[2026-04-06T16:29:52.312+0000] {subprocess.py:93} INFO - 26/04/06 16:29:52 INFO DAGScheduler: Submitting ResultStage 0 (MapPartitionsRDD[1] at parquet at NativeMethodAccessorImpl.java:0), which has no missing parents
[2026-04-06T16:29:52.347+0000] {subprocess.py:93} INFO - 26/04/06 16:29:52 INFO MemoryStore: Block broadcast_0 stored as values in memory (estimated size 105.5 KiB, free 434.3 MiB)
[2026-04-06T16:29:52.371+0000] {subprocess.py:93} INFO - 26/04/06 16:29:52 INFO MemoryStore: Block broadcast_0_piece0 stored as bytes in memory (estimated size 38.1 KiB, free 434.3 MiB)
[2026-04-06T16:29:52.374+0000] {subprocess.py:93} INFO - 26/04/06 16:29:52 INFO BlockManagerInfo: Added broadcast_0_piece0 in memory on 7c36fe5f1e47:37451 (size: 38.1 KiB, free: 434.4 MiB)
[2026-04-06T16:29:52.376+0000] {subprocess.py:93} INFO - 26/04/06 16:29:52 INFO SparkContext: Created broadcast 0 from broadcast at DAGScheduler.scala:1611
[2026-04-06T16:29:52.387+0000] {subprocess.py:93} INFO - 26/04/06 16:29:52 INFO DAGScheduler: Submitting 1 missing tasks from ResultStage 0 (MapPartitionsRDD[1] at parquet at NativeMethodAccessorImpl.java:0) (first 15 tasks are for partitions Vector(0))
[2026-04-06T16:29:52.388+0000] {subprocess.py:93} INFO - 26/04/06 16:29:52 INFO TaskSchedulerImpl: Adding task set 0.0 with 1 tasks resource profile 0
[2026-04-06T16:29:54.191+0000] {subprocess.py:93} INFO - 26/04/06 16:29:54 INFO TaskSetManager: Starting task 0.0 in stage 0.0 (TID 0) (172.18.0.5, executor 0, partition 0, PROCESS_LOCAL, 9901 bytes)
[2026-04-06T16:29:54.305+0000] {subprocess.py:93} INFO - 26/04/06 16:29:54 INFO BlockManagerInfo: Added broadcast_0_piece0 in memory on 172.18.0.5:37517 (size: 38.1 KiB, free: 434.4 MiB)
[2026-04-06T16:29:55.212+0000] {subprocess.py:93} INFO - 26/04/06 16:29:55 INFO TaskSetManager: Finished task 0.0 in stage 0.0 (TID 0) in 1027 ms on 172.18.0.5 (executor 0) (1/1)
[2026-04-06T16:29:55.213+0000] {subprocess.py:93} INFO - 26/04/06 16:29:55 INFO TaskSchedulerImpl: Removed TaskSet 0.0, whose tasks have all completed, from pool
[2026-04-06T16:29:55.216+0000] {subprocess.py:93} INFO - 26/04/06 16:29:55 INFO DAGScheduler: ResultStage 0 (parquet at NativeMethodAccessorImpl.java:0) finished in 2.896 s
[2026-04-06T16:29:55.217+0000] {subprocess.py:93} INFO - 26/04/06 16:29:55 INFO DAGScheduler: Job 0 is finished. Cancelling potential speculative or zombie tasks for this job
[2026-04-06T16:29:55.218+0000] {subprocess.py:93} INFO - 26/04/06 16:29:55 INFO TaskSchedulerImpl: Killing all running tasks in stage 0: Stage finished
[2026-04-06T16:29:55.218+0000] {subprocess.py:93} INFO - 26/04/06 16:29:55 INFO DAGScheduler: Job 0 finished: parquet at NativeMethodAccessorImpl.java:0, took 2.919274 s
[2026-04-06T16:29:55.402+0000] {subprocess.py:93} INFO - 26/04/06 16:29:55 INFO BlockManagerInfo: Removed broadcast_0_piece0 on 7c36fe5f1e47:37451 in memory (size: 38.1 KiB, free: 434.4 MiB)
[2026-04-06T16:29:55.409+0000] {subprocess.py:93} INFO - 26/04/06 16:29:55 INFO BlockManagerInfo: Removed broadcast_0_piece0 on 172.18.0.5:37517 in memory (size: 38.1 KiB, free: 434.4 MiB)
[2026-04-06T16:29:55.548+0000] {subprocess.py:93} INFO - 26/04/06 16:29:55 INFO InMemoryFileIndex: It took 6 ms to list leaf files for 1 paths.
[2026-04-06T16:29:55.565+0000] {subprocess.py:93} INFO - 26/04/06 16:29:55 INFO SparkContext: Starting job: parquet at NativeMethodAccessorImpl.java:0
[2026-04-06T16:29:55.566+0000] {subprocess.py:93} INFO - 26/04/06 16:29:55 INFO DAGScheduler: Got job 1 (parquet at NativeMethodAccessorImpl.java:0) with 1 output partitions
[2026-04-06T16:29:55.566+0000] {subprocess.py:93} INFO - 26/04/06 16:29:55 INFO DAGScheduler: Final stage: ResultStage 1 (parquet at NativeMethodAccessorImpl.java:0)
[2026-04-06T16:29:55.567+0000] {subprocess.py:93} INFO - 26/04/06 16:29:55 INFO DAGScheduler: Parents of final stage: List()
[2026-04-06T16:29:55.567+0000] {subprocess.py:93} INFO - 26/04/06 16:29:55 INFO DAGScheduler: Missing parents: List()
[2026-04-06T16:29:55.567+0000] {subprocess.py:93} INFO - 26/04/06 16:29:55 INFO DAGScheduler: Submitting ResultStage 1 (MapPartitionsRDD[3] at parquet at NativeMethodAccessorImpl.java:0), which has no missing parents
[2026-04-06T16:29:55.572+0000] {subprocess.py:93} INFO - 26/04/06 16:29:55 INFO MemoryStore: Block broadcast_1 stored as values in memory (estimated size 105.5 KiB, free 434.3 MiB)
[2026-04-06T16:29:55.577+0000] {subprocess.py:93} INFO - 26/04/06 16:29:55 INFO MemoryStore: Block broadcast_1_piece0 stored as bytes in memory (estimated size 38.1 KiB, free 434.3 MiB)
[2026-04-06T16:29:55.578+0000] {subprocess.py:93} INFO - 26/04/06 16:29:55 INFO BlockManagerInfo: Added broadcast_1_piece0 in memory on 7c36fe5f1e47:37451 (size: 38.1 KiB, free: 434.4 MiB)
[2026-04-06T16:29:55.578+0000] {subprocess.py:93} INFO - 26/04/06 16:29:55 INFO SparkContext: Created broadcast 1 from broadcast at DAGScheduler.scala:1611
[2026-04-06T16:29:55.579+0000] {subprocess.py:93} INFO - 26/04/06 16:29:55 INFO DAGScheduler: Submitting 1 missing tasks from ResultStage 1 (MapPartitionsRDD[3] at parquet at NativeMethodAccessorImpl.java:0) (first 15 tasks are for partitions Vector(0))
[2026-04-06T16:29:55.579+0000] {subprocess.py:93} INFO - 26/04/06 16:29:55 INFO TaskSchedulerImpl: Adding task set 1.0 with 1 tasks resource profile 0
[2026-04-06T16:29:55.581+0000] {subprocess.py:93} INFO - 26/04/06 16:29:55 INFO TaskSetManager: Starting task 0.0 in stage 1.0 (TID 1) (172.18.0.5, executor 0, partition 0, PROCESS_LOCAL, 9903 bytes)
[2026-04-06T16:29:55.603+0000] {subprocess.py:93} INFO - 26/04/06 16:29:55 INFO BlockManagerInfo: Added broadcast_1_piece0 in memory on 172.18.0.5:37517 (size: 38.1 KiB, free: 434.4 MiB)
[2026-04-06T16:29:55.638+0000] {subprocess.py:93} INFO - 26/04/06 16:29:55 INFO TaskSetManager: Finished task 0.0 in stage 1.0 (TID 1) in 57 ms on 172.18.0.5 (executor 0) (1/1)
[2026-04-06T16:29:55.638+0000] {subprocess.py:93} INFO - 26/04/06 16:29:55 INFO TaskSchedulerImpl: Removed TaskSet 1.0, whose tasks have all completed, from pool
[2026-04-06T16:29:55.639+0000] {subprocess.py:93} INFO - 26/04/06 16:29:55 INFO DAGScheduler: ResultStage 1 (parquet at NativeMethodAccessorImpl.java:0) finished in 0.071 s
[2026-04-06T16:29:55.639+0000] {subprocess.py:93} INFO - 26/04/06 16:29:55 INFO DAGScheduler: Job 1 is finished. Cancelling potential speculative or zombie tasks for this job
[2026-04-06T16:29:55.640+0000] {subprocess.py:93} INFO - 26/04/06 16:29:55 INFO TaskSchedulerImpl: Killing all running tasks in stage 1: Stage finished
[2026-04-06T16:29:55.640+0000] {subprocess.py:93} INFO - 26/04/06 16:29:55 INFO DAGScheduler: Job 1 finished: parquet at NativeMethodAccessorImpl.java:0, took 0.074747 s
[2026-04-06T16:29:55.677+0000] {subprocess.py:93} INFO - 26/04/06 16:29:55 INFO InMemoryFileIndex: It took 6 ms to list leaf files for 1 paths.
[2026-04-06T16:29:55.691+0000] {subprocess.py:93} INFO - 26/04/06 16:29:55 INFO SparkContext: Starting job: parquet at NativeMethodAccessorImpl.java:0
[2026-04-06T16:29:55.692+0000] {subprocess.py:93} INFO - 26/04/06 16:29:55 INFO DAGScheduler: Got job 2 (parquet at NativeMethodAccessorImpl.java:0) with 1 output partitions
[2026-04-06T16:29:55.692+0000] {subprocess.py:93} INFO - 26/04/06 16:29:55 INFO DAGScheduler: Final stage: ResultStage 2 (parquet at NativeMethodAccessorImpl.java:0)
[2026-04-06T16:29:55.693+0000] {subprocess.py:93} INFO - 26/04/06 16:29:55 INFO DAGScheduler: Parents of final stage: List()
[2026-04-06T16:29:55.693+0000] {subprocess.py:93} INFO - 26/04/06 16:29:55 INFO DAGScheduler: Missing parents: List()
[2026-04-06T16:29:55.693+0000] {subprocess.py:93} INFO - 26/04/06 16:29:55 INFO DAGScheduler: Submitting ResultStage 2 (MapPartitionsRDD[5] at parquet at NativeMethodAccessorImpl.java:0), which has no missing parents
[2026-04-06T16:29:55.699+0000] {subprocess.py:93} INFO - 26/04/06 16:29:55 INFO MemoryStore: Block broadcast_2 stored as values in memory (estimated size 105.5 KiB, free 434.2 MiB)
[2026-04-06T16:29:55.703+0000] {subprocess.py:93} INFO - 26/04/06 16:29:55 INFO MemoryStore: Block broadcast_2_piece0 stored as bytes in memory (estimated size 38.1 KiB, free 434.1 MiB)
[2026-04-06T16:29:55.704+0000] {subprocess.py:93} INFO - 26/04/06 16:29:55 INFO BlockManagerInfo: Added broadcast_2_piece0 in memory on 7c36fe5f1e47:37451 (size: 38.1 KiB, free: 434.3 MiB)
[2026-04-06T16:29:55.704+0000] {subprocess.py:93} INFO - 26/04/06 16:29:55 INFO BlockManagerInfo: Removed broadcast_1_piece0 on 7c36fe5f1e47:37451 in memory (size: 38.1 KiB, free: 434.4 MiB)
[2026-04-06T16:29:55.704+0000] {subprocess.py:93} INFO - 26/04/06 16:29:55 INFO SparkContext: Created broadcast 2 from broadcast at DAGScheduler.scala:1611
[2026-04-06T16:29:55.705+0000] {subprocess.py:93} INFO - 26/04/06 16:29:55 INFO DAGScheduler: Submitting 1 missing tasks from ResultStage 2 (MapPartitionsRDD[5] at parquet at NativeMethodAccessorImpl.java:0) (first 15 tasks are for partitions Vector(0))
[2026-04-06T16:29:55.706+0000] {subprocess.py:93} INFO - 26/04/06 16:29:55 INFO TaskSchedulerImpl: Adding task set 2.0 with 1 tasks resource profile 0
[2026-04-06T16:29:55.707+0000] {subprocess.py:93} INFO - 26/04/06 16:29:55 INFO BlockManagerInfo: Removed broadcast_1_piece0 on 172.18.0.5:37517 in memory (size: 38.1 KiB, free: 434.4 MiB)
[2026-04-06T16:29:55.707+0000] {subprocess.py:93} INFO - 26/04/06 16:29:55 INFO TaskSetManager: Starting task 0.0 in stage 2.0 (TID 2) (172.18.0.5, executor 0, partition 0, PROCESS_LOCAL, 9905 bytes)
[2026-04-06T16:29:55.717+0000] {subprocess.py:93} INFO - 26/04/06 16:29:55 INFO BlockManagerInfo: Added broadcast_2_piece0 in memory on 172.18.0.5:37517 (size: 38.1 KiB, free: 434.4 MiB)
[2026-04-06T16:29:55.747+0000] {subprocess.py:93} INFO - 26/04/06 16:29:55 INFO TaskSetManager: Finished task 0.0 in stage 2.0 (TID 2) in 40 ms on 172.18.0.5 (executor 0) (1/1)
[2026-04-06T16:29:55.747+0000] {subprocess.py:93} INFO - 26/04/06 16:29:55 INFO TaskSchedulerImpl: Removed TaskSet 2.0, whose tasks have all completed, from pool
[2026-04-06T16:29:55.747+0000] {subprocess.py:93} INFO - 26/04/06 16:29:55 INFO DAGScheduler: ResultStage 2 (parquet at NativeMethodAccessorImpl.java:0) finished in 0.053 s
[2026-04-06T16:29:55.748+0000] {subprocess.py:93} INFO - 26/04/06 16:29:55 INFO DAGScheduler: Job 2 is finished. Cancelling potential speculative or zombie tasks for this job
[2026-04-06T16:29:55.748+0000] {subprocess.py:93} INFO - 26/04/06 16:29:55 INFO TaskSchedulerImpl: Killing all running tasks in stage 2: Stage finished
[2026-04-06T16:29:55.748+0000] {subprocess.py:93} INFO - 26/04/06 16:29:55 INFO DAGScheduler: Job 2 finished: parquet at NativeMethodAccessorImpl.java:0, took 0.057106 s
[2026-04-06T16:29:56.222+0000] {subprocess.py:93} INFO - 26/04/06 16:29:56 INFO FileSourceStrategy: Pushed Filters:
[2026-04-06T16:29:56.223+0000] {subprocess.py:93} INFO - 26/04/06 16:29:56 INFO FileSourceStrategy: Post-Scan Filters:
[2026-04-06T16:29:56.251+0000] {subprocess.py:93} INFO - 26/04/06 16:29:56 INFO FileSourceStrategy: Pushed Filters: IsNotNull(patient_id)
[2026-04-06T16:29:56.252+0000] {subprocess.py:93} INFO - 26/04/06 16:29:56 INFO FileSourceStrategy: Post-Scan Filters: isnotnull(patient_id#15)
[2026-04-06T16:29:56.257+0000] {subprocess.py:93} INFO - 26/04/06 16:29:56 INFO FileSourceStrategy: Pushed Filters: IsNotNull(patient_id)
[2026-04-06T16:29:56.257+0000] {subprocess.py:93} INFO - 26/04/06 16:29:56 INFO FileSourceStrategy: Post-Scan Filters: isnotnull(patient_id#29)
[2026-04-06T16:29:56.361+0000] {subprocess.py:93} INFO - 26/04/06 16:29:56 INFO BlockManagerInfo: Removed broadcast_2_piece0 on 7c36fe5f1e47:37451 in memory (size: 38.1 KiB, free: 434.4 MiB)
[2026-04-06T16:29:56.365+0000] {subprocess.py:93} INFO - 26/04/06 16:29:56 INFO BlockManagerInfo: Removed broadcast_2_piece0 on 172.18.0.5:37517 in memory (size: 38.1 KiB, free: 434.4 MiB)
[2026-04-06T16:29:56.540+0000] {subprocess.py:93} INFO - 26/04/06 16:29:56 INFO CodeGenerator: Code generated in 143.634912 ms
[2026-04-06T16:29:56.560+0000] {subprocess.py:93} INFO - 26/04/06 16:29:56 INFO MemoryStore: Block broadcast_3 stored as values in memory (estimated size 204.3 KiB, free 434.2 MiB)
[2026-04-06T16:29:56.564+0000] {subprocess.py:93} INFO - 26/04/06 16:29:56 INFO MemoryStore: Block broadcast_3_piece0 stored as bytes in memory (estimated size 35.7 KiB, free 434.2 MiB)
[2026-04-06T16:29:56.564+0000] {subprocess.py:93} INFO - 26/04/06 16:29:56 INFO BlockManagerInfo: Added broadcast_3_piece0 in memory on 7c36fe5f1e47:37451 (size: 35.7 KiB, free: 434.4 MiB)
[2026-04-06T16:29:56.565+0000] {subprocess.py:93} INFO - 26/04/06 16:29:56 INFO SparkContext: Created broadcast 3 from parquet at NativeMethodAccessorImpl.java:0
[2026-04-06T16:29:56.573+0000] {subprocess.py:93} INFO - 26/04/06 16:29:56 INFO FileSourceScanExec: Planning scan with bin packing, max size: 4194304 bytes, open cost is considered as scanning 4194304 bytes.
[2026-04-06T16:29:56.630+0000] {subprocess.py:93} INFO - 26/04/06 16:29:56 INFO DAGScheduler: Registering RDD 9 (parquet at NativeMethodAccessorImpl.java:0) as input to shuffle 0
[2026-04-06T16:29:56.632+0000] {subprocess.py:93} INFO - 26/04/06 16:29:56 INFO DAGScheduler: Got map stage job 3 (parquet at NativeMethodAccessorImpl.java:0) with 1 output partitions
[2026-04-06T16:29:56.633+0000] {subprocess.py:93} INFO - 26/04/06 16:29:56 INFO DAGScheduler: Final stage: ShuffleMapStage 3 (parquet at NativeMethodAccessorImpl.java:0)
[2026-04-06T16:29:56.633+0000] {subprocess.py:93} INFO - 26/04/06 16:29:56 INFO DAGScheduler: Parents of final stage: List()
[2026-04-06T16:29:56.633+0000] {subprocess.py:93} INFO - 26/04/06 16:29:56 INFO DAGScheduler: Missing parents: List()
[2026-04-06T16:29:56.633+0000] {subprocess.py:93} INFO - 26/04/06 16:29:56 INFO DAGScheduler: Submitting ShuffleMapStage 3 (MapPartitionsRDD[9] at parquet at NativeMethodAccessorImpl.java:0), which has no missing parents
[2026-04-06T16:29:56.642+0000] {subprocess.py:93} INFO - 26/04/06 16:29:56 INFO MemoryStore: Block broadcast_4 stored as values in memory (estimated size 39.7 KiB, free 434.1 MiB)
[2026-04-06T16:29:56.648+0000] {subprocess.py:93} INFO - 26/04/06 16:29:56 INFO MemoryStore: Block broadcast_4_piece0 stored as bytes in memory (estimated size 17.9 KiB, free 434.1 MiB)
[2026-04-06T16:29:56.649+0000] {subprocess.py:93} INFO - 26/04/06 16:29:56 INFO BlockManagerInfo: Added broadcast_4_piece0 in memory on 7c36fe5f1e47:37451 (size: 17.9 KiB, free: 434.3 MiB)
[2026-04-06T16:29:56.649+0000] {subprocess.py:93} INFO - 26/04/06 16:29:56 INFO SparkContext: Created broadcast 4 from broadcast at DAGScheduler.scala:1611
[2026-04-06T16:29:56.651+0000] {subprocess.py:93} INFO - 26/04/06 16:29:56 INFO DAGScheduler: Submitting 1 missing tasks from ShuffleMapStage 3 (MapPartitionsRDD[9] at parquet at NativeMethodAccessorImpl.java:0) (first 15 tasks are for partitions Vector(0))
[2026-04-06T16:29:56.651+0000] {subprocess.py:93} INFO - 26/04/06 16:29:56 INFO TaskSchedulerImpl: Adding task set 3.0 with 1 tasks resource profile 0
[2026-04-06T16:29:56.654+0000] {subprocess.py:93} INFO - 26/04/06 16:29:56 INFO TaskSetManager: Starting task 0.0 in stage 3.0 (TID 3) (172.18.0.5, executor 0, partition 0, PROCESS_LOCAL, 10397 bytes)
[2026-04-06T16:29:56.678+0000] {subprocess.py:93} INFO - 26/04/06 16:29:56 INFO CodeGenerator: Code generated in 36.226026 ms
[2026-04-06T16:29:56.681+0000] {subprocess.py:93} INFO - 26/04/06 16:29:56 INFO BlockManagerInfo: Added broadcast_4_piece0 in memory on 172.18.0.5:37517 (size: 17.9 KiB, free: 434.4 MiB)
[2026-04-06T16:29:56.682+0000] {subprocess.py:93} INFO - 26/04/06 16:29:56 INFO MemoryStore: Block broadcast_5 stored as values in memory (estimated size 204.5 KiB, free 433.9 MiB)
[2026-04-06T16:29:56.690+0000] {subprocess.py:93} INFO - 26/04/06 16:29:56 INFO MemoryStore: Block broadcast_5_piece0 stored as bytes in memory (estimated size 35.9 KiB, free 433.9 MiB)
[2026-04-06T16:29:56.691+0000] {subprocess.py:93} INFO - 26/04/06 16:29:56 INFO BlockManagerInfo: Added broadcast_5_piece0 in memory on 7c36fe5f1e47:37451 (size: 35.9 KiB, free: 434.3 MiB)
[2026-04-06T16:29:56.692+0000] {subprocess.py:93} INFO - 26/04/06 16:29:56 INFO SparkContext: Created broadcast 5 from parquet at NativeMethodAccessorImpl.java:0
[2026-04-06T16:29:56.693+0000] {subprocess.py:93} INFO - 26/04/06 16:29:56 INFO FileSourceScanExec: Planning scan with bin packing, max size: 4194304 bytes, open cost is considered as scanning 4194304 bytes.
[2026-04-06T16:29:56.702+0000] {subprocess.py:93} INFO - 26/04/06 16:29:56 INFO DAGScheduler: Registering RDD 13 (parquet at NativeMethodAccessorImpl.java:0) as input to shuffle 1
[2026-04-06T16:29:56.702+0000] {subprocess.py:93} INFO - 26/04/06 16:29:56 INFO DAGScheduler: Got map stage job 4 (parquet at NativeMethodAccessorImpl.java:0) with 1 output partitions
[2026-04-06T16:29:56.703+0000] {subprocess.py:93} INFO - 26/04/06 16:29:56 INFO DAGScheduler: Final stage: ShuffleMapStage 4 (parquet at NativeMethodAccessorImpl.java:0)
[2026-04-06T16:29:56.703+0000] {subprocess.py:93} INFO - 26/04/06 16:29:56 INFO DAGScheduler: Parents of final stage: List()
[2026-04-06T16:29:56.704+0000] {subprocess.py:93} INFO - 26/04/06 16:29:56 INFO DAGScheduler: Missing parents: List()
[2026-04-06T16:29:56.704+0000] {subprocess.py:93} INFO - 26/04/06 16:29:56 INFO DAGScheduler: Submitting ShuffleMapStage 4 (MapPartitionsRDD[13] at parquet at NativeMethodAccessorImpl.java:0), which has no missing parents
[2026-04-06T16:29:56.706+0000] {subprocess.py:93} INFO - 26/04/06 16:29:56 INFO MemoryStore: Block broadcast_6 stored as values in memory (estimated size 45.3 KiB, free 433.8 MiB)
[2026-04-06T16:29:56.711+0000] {subprocess.py:93} INFO - 26/04/06 16:29:56 INFO MemoryStore: Block broadcast_6_piece0 stored as bytes in memory (estimated size 19.9 KiB, free 433.8 MiB)
[2026-04-06T16:29:56.712+0000] {subprocess.py:93} INFO - 26/04/06 16:29:56 INFO BlockManagerInfo: Added broadcast_6_piece0 in memory on 7c36fe5f1e47:37451 (size: 19.9 KiB, free: 434.3 MiB)
[2026-04-06T16:29:56.712+0000] {subprocess.py:93} INFO - 26/04/06 16:29:56 INFO SparkContext: Created broadcast 6 from broadcast at DAGScheduler.scala:1611
[2026-04-06T16:29:56.713+0000] {subprocess.py:93} INFO - 26/04/06 16:29:56 INFO DAGScheduler: Submitting 1 missing tasks from ShuffleMapStage 4 (MapPartitionsRDD[13] at parquet at NativeMethodAccessorImpl.java:0) (first 15 tasks are for partitions Vector(0))
[2026-04-06T16:29:56.713+0000] {subprocess.py:93} INFO - 26/04/06 16:29:56 INFO TaskSchedulerImpl: Adding task set 4.0 with 1 tasks resource profile 0
[2026-04-06T16:29:56.714+0000] {subprocess.py:93} INFO - 26/04/06 16:29:56 INFO TaskSetManager: Starting task 0.0 in stage 4.0 (TID 4) (172.18.0.5, executor 0, partition 0, PROCESS_LOCAL, 10399 bytes)
[2026-04-06T16:29:56.729+0000] {subprocess.py:93} INFO - 26/04/06 16:29:56 INFO BlockManagerInfo: Added broadcast_6_piece0 in memory on 172.18.0.5:37517 (size: 19.9 KiB, free: 434.4 MiB)
[2026-04-06T16:29:57.209+0000] {subprocess.py:93} INFO - 26/04/06 16:29:57 INFO BlockManagerInfo: Added broadcast_3_piece0 in memory on 172.18.0.5:37517 (size: 35.7 KiB, free: 434.3 MiB)
[2026-04-06T16:29:57.210+0000] {subprocess.py:93} INFO - 26/04/06 16:29:57 INFO BlockManagerInfo: Added broadcast_5_piece0 in memory on 172.18.0.5:37517 (size: 35.9 KiB, free: 434.3 MiB)
[2026-04-06T16:29:57.624+0000] {subprocess.py:93} INFO - 26/04/06 16:29:57 INFO TaskSetManager: Finished task 0.0 in stage 3.0 (TID 3) in 971 ms on 172.18.0.5 (executor 0) (1/1)
[2026-04-06T16:29:57.624+0000] {subprocess.py:93} INFO - 26/04/06 16:29:57 INFO TaskSchedulerImpl: Removed TaskSet 3.0, whose tasks have all completed, from pool
[2026-04-06T16:29:57.625+0000] {subprocess.py:93} INFO - 26/04/06 16:29:57 INFO TaskSetManager: Finished task 0.0 in stage 4.0 (TID 4) in 910 ms on 172.18.0.5 (executor 0) (1/1)
[2026-04-06T16:29:57.625+0000] {subprocess.py:93} INFO - 26/04/06 16:29:57 INFO TaskSchedulerImpl: Removed TaskSet 4.0, whose tasks have all completed, from pool
[2026-04-06T16:29:57.625+0000] {subprocess.py:93} INFO - 26/04/06 16:29:57 INFO DAGScheduler: ShuffleMapStage 3 (parquet at NativeMethodAccessorImpl.java:0) finished in 0.990 s
[2026-04-06T16:29:57.625+0000] {subprocess.py:93} INFO - 26/04/06 16:29:57 INFO DAGScheduler: looking for newly runnable stages
[2026-04-06T16:29:57.626+0000] {subprocess.py:93} INFO - 26/04/06 16:29:57 INFO DAGScheduler: running: Set(ShuffleMapStage 4)
[2026-04-06T16:29:57.626+0000] {subprocess.py:93} INFO - 26/04/06 16:29:57 INFO DAGScheduler: waiting: Set()
[2026-04-06T16:29:57.626+0000] {subprocess.py:93} INFO - 26/04/06 16:29:57 INFO DAGScheduler: failed: Set()
[2026-04-06T16:29:57.629+0000] {subprocess.py:93} INFO - 26/04/06 16:29:57 INFO DAGScheduler: ShuffleMapStage 4 (parquet at NativeMethodAccessorImpl.java:0) finished in 0.925 s
[2026-04-06T16:29:57.629+0000] {subprocess.py:93} INFO - 26/04/06 16:29:57 INFO DAGScheduler: looking for newly runnable stages
[2026-04-06T16:29:57.629+0000] {subprocess.py:93} INFO - 26/04/06 16:29:57 INFO DAGScheduler: running: Set()
[2026-04-06T16:29:57.630+0000] {subprocess.py:93} INFO - 26/04/06 16:29:57 INFO DAGScheduler: waiting: Set()
[2026-04-06T16:29:57.630+0000] {subprocess.py:93} INFO - 26/04/06 16:29:57 INFO DAGScheduler: failed: Set()
[2026-04-06T16:29:57.638+0000] {subprocess.py:93} INFO - 26/04/06 16:29:57 INFO FileSourceStrategy: Pushed Filters:
[2026-04-06T16:29:57.638+0000] {subprocess.py:93} INFO - 26/04/06 16:29:57 INFO FileSourceStrategy: Post-Scan Filters:
[2026-04-06T16:29:57.646+0000] {subprocess.py:93} INFO - 26/04/06 16:29:57 INFO ShufflePartitionsUtil: For shuffle(0), advisory target size: 67108864, actual target size 1048576, minimum partition size: 1048576
[2026-04-06T16:29:57.664+0000] {subprocess.py:93} INFO - 26/04/06 16:29:57 INFO HashAggregateExec: spark.sql.codegen.aggregate.map.twolevel.enabled is set to true, but current version of codegened fast hashmap does not support this aggregate.
[2026-04-06T16:29:57.668+0000] {subprocess.py:93} INFO - 26/04/06 16:29:57 INFO FileSourceStrategy: Pushed Filters:
[2026-04-06T16:29:57.669+0000] {subprocess.py:93} INFO - 26/04/06 16:29:57 INFO FileSourceStrategy: Post-Scan Filters:
[2026-04-06T16:29:57.671+0000] {subprocess.py:93} INFO - 26/04/06 16:29:57 INFO ShufflePartitionsUtil: For shuffle(1), advisory target size: 67108864, actual target size 1048576, minimum partition size: 1048576
[2026-04-06T16:29:57.677+0000] {subprocess.py:93} INFO - 26/04/06 16:29:57 INFO CodeGenerator: Code generated in 8.982805 ms
[2026-04-06T16:29:57.680+0000] {subprocess.py:93} INFO - 26/04/06 16:29:57 INFO HashAggregateExec: spark.sql.codegen.aggregate.map.twolevel.enabled is set to true, but current version of codegened fast hashmap does not support this aggregate.
[2026-04-06T16:29:57.694+0000] {subprocess.py:93} INFO - 26/04/06 16:29:57 INFO SparkContext: Starting job: $anonfun$withThreadLocalCaptured$1 at FutureTask.java:264
[2026-04-06T16:29:57.695+0000] {subprocess.py:93} INFO - 26/04/06 16:29:57 INFO DAGScheduler: Got job 5 ($anonfun$withThreadLocalCaptured$1 at FutureTask.java:264) with 1 output partitions
[2026-04-06T16:29:57.698+0000] {subprocess.py:93} INFO - 26/04/06 16:29:57 INFO DAGScheduler: Final stage: ResultStage 6 ($anonfun$withThreadLocalCaptured$1 at FutureTask.java:264)
[2026-04-06T16:29:57.699+0000] {subprocess.py:93} INFO - 26/04/06 16:29:57 INFO DAGScheduler: Parents of final stage: List(ShuffleMapStage 5)
[2026-04-06T16:29:57.699+0000] {subprocess.py:93} INFO - 26/04/06 16:29:57 INFO CodeGenerator: Code generated in 10.272169 ms
[2026-04-06T16:29:57.699+0000] {subprocess.py:93} INFO - 26/04/06 16:29:57 INFO DAGScheduler: Missing parents: List()
[2026-04-06T16:29:57.699+0000] {subprocess.py:93} INFO - 26/04/06 16:29:57 INFO DAGScheduler: Submitting ResultStage 6 (MapPartitionsRDD[16] at $anonfun$withThreadLocalCaptured$1 at FutureTask.java:264), which has no missing parents
[2026-04-06T16:29:57.706+0000] {subprocess.py:93} INFO - 26/04/06 16:29:57 INFO SparkContext: Starting job: $anonfun$withThreadLocalCaptured$1 at FutureTask.java:264
[2026-04-06T16:29:57.707+0000] {subprocess.py:93} INFO - 26/04/06 16:29:57 INFO MemoryStore: Block broadcast_7 stored as values in memory (estimated size 39.2 KiB, free 433.8 MiB)
[2026-04-06T16:29:57.712+0000] {subprocess.py:93} INFO - 26/04/06 16:29:57 INFO MemoryStore: Block broadcast_7_piece0 stored as bytes in memory (estimated size 18.3 KiB, free 433.8 MiB)
[2026-04-06T16:29:57.714+0000] {subprocess.py:93} INFO - 26/04/06 16:29:57 INFO BlockManagerInfo: Added broadcast_7_piece0 in memory on 7c36fe5f1e47:37451 (size: 18.3 KiB, free: 434.3 MiB)
[2026-04-06T16:29:57.714+0000] {subprocess.py:93} INFO - 26/04/06 16:29:57 INFO BlockManagerInfo: Removed broadcast_6_piece0 on 7c36fe5f1e47:37451 in memory (size: 19.9 KiB, free: 434.3 MiB)
[2026-04-06T16:29:57.714+0000] {subprocess.py:93} INFO - 26/04/06 16:29:57 INFO SparkContext: Created broadcast 7 from broadcast at DAGScheduler.scala:1611
[2026-04-06T16:29:57.715+0000] {subprocess.py:93} INFO - 26/04/06 16:29:57 INFO DAGScheduler: Submitting 1 missing tasks from ResultStage 6 (MapPartitionsRDD[16] at $anonfun$withThreadLocalCaptured$1 at FutureTask.java:264) (first 15 tasks are for partitions Vector(0))
[2026-04-06T16:29:57.715+0000] {subprocess.py:93} INFO - 26/04/06 16:29:57 INFO TaskSchedulerImpl: Adding task set 6.0 with 1 tasks resource profile 0
[2026-04-06T16:29:57.716+0000] {subprocess.py:93} INFO - 26/04/06 16:29:57 INFO BlockManagerInfo: Removed broadcast_6_piece0 on 172.18.0.5:37517 in memory (size: 19.9 KiB, free: 434.3 MiB)
[2026-04-06T16:29:57.719+0000] {subprocess.py:93} INFO - 26/04/06 16:29:57 INFO TaskSetManager: Starting task 0.0 in stage 6.0 (TID 5) (172.18.0.5, executor 0, partition 0, NODE_LOCAL, 9733 bytes)
[2026-04-06T16:29:57.719+0000] {subprocess.py:93} INFO - 26/04/06 16:29:57 INFO DAGScheduler: Got job 6 ($anonfun$withThreadLocalCaptured$1 at FutureTask.java:264) with 1 output partitions
[2026-04-06T16:29:57.721+0000] {subprocess.py:93} INFO - 26/04/06 16:29:57 INFO DAGScheduler: Final stage: ResultStage 8 ($anonfun$withThreadLocalCaptured$1 at FutureTask.java:264)
[2026-04-06T16:29:57.721+0000] {subprocess.py:93} INFO - 26/04/06 16:29:57 INFO DAGScheduler: Parents of final stage: List(ShuffleMapStage 7)
[2026-04-06T16:29:57.722+0000] {subprocess.py:93} INFO - 26/04/06 16:29:57 INFO DAGScheduler: Missing parents: List()
[2026-04-06T16:29:57.723+0000] {subprocess.py:93} INFO - 26/04/06 16:29:57 INFO DAGScheduler: Submitting ResultStage 8 (MapPartitionsRDD[19] at $anonfun$withThreadLocalCaptured$1 at FutureTask.java:264), which has no missing parents
[2026-04-06T16:29:57.726+0000] {subprocess.py:93} INFO - 26/04/06 16:29:57 INFO BlockManagerInfo: Removed broadcast_4_piece0 on 7c36fe5f1e47:37451 in memory (size: 17.9 KiB, free: 434.3 MiB)
[2026-04-06T16:29:57.727+0000] {subprocess.py:93} INFO - 26/04/06 16:29:57 INFO BlockManagerInfo: Removed broadcast_4_piece0 on 172.18.0.5:37517 in memory (size: 17.9 KiB, free: 434.3 MiB)
[2026-04-06T16:29:57.728+0000] {subprocess.py:93} INFO - 26/04/06 16:29:57 INFO MemoryStore: Block broadcast_8 stored as values in memory (estimated size 46.8 KiB, free 433.8 MiB)
[2026-04-06T16:29:57.734+0000] {subprocess.py:93} INFO - 26/04/06 16:29:57 INFO MemoryStore: Block broadcast_8_piece0 stored as bytes in memory (estimated size 21.0 KiB, free 433.8 MiB)
[2026-04-06T16:29:57.735+0000] {subprocess.py:93} INFO - 26/04/06 16:29:57 INFO BlockManagerInfo: Added broadcast_8_piece0 in memory on 7c36fe5f1e47:37451 (size: 21.0 KiB, free: 434.3 MiB)
[2026-04-06T16:29:57.735+0000] {subprocess.py:93} INFO - 26/04/06 16:29:57 INFO SparkContext: Created broadcast 8 from broadcast at DAGScheduler.scala:1611
[2026-04-06T16:29:57.736+0000] {subprocess.py:93} INFO - 26/04/06 16:29:57 INFO DAGScheduler: Submitting 1 missing tasks from ResultStage 8 (MapPartitionsRDD[19] at $anonfun$withThreadLocalCaptured$1 at FutureTask.java:264) (first 15 tasks are for partitions Vector(0))
[2026-04-06T16:29:57.736+0000] {subprocess.py:93} INFO - 26/04/06 16:29:57 INFO TaskSchedulerImpl: Adding task set 8.0 with 1 tasks resource profile 0
[2026-04-06T16:29:57.738+0000] {subprocess.py:93} INFO - 26/04/06 16:29:57 INFO TaskSetManager: Starting task 0.0 in stage 8.0 (TID 6) (172.18.0.5, executor 0, partition 0, NODE_LOCAL, 9733 bytes)
[2026-04-06T16:29:57.738+0000] {subprocess.py:93} INFO - 26/04/06 16:29:57 INFO BlockManagerInfo: Added broadcast_7_piece0 in memory on 172.18.0.5:37517 (size: 18.3 KiB, free: 434.3 MiB)
[2026-04-06T16:29:57.746+0000] {subprocess.py:93} INFO - 26/04/06 16:29:57 INFO BlockManagerInfo: Added broadcast_8_piece0 in memory on 172.18.0.5:37517 (size: 21.0 KiB, free: 434.3 MiB)
[2026-04-06T16:29:57.776+0000] {subprocess.py:93} INFO - 26/04/06 16:29:57 INFO MapOutputTrackerMasterEndpoint: Asked to send map output locations for shuffle 1 to 172.18.0.5:40524
[2026-04-06T16:29:57.777+0000] {subprocess.py:93} INFO - 26/04/06 16:29:57 INFO MapOutputTrackerMasterEndpoint: Asked to send map output locations for shuffle 0 to 172.18.0.5:40524
[2026-04-06T16:29:57.882+0000] {subprocess.py:93} INFO - 26/04/06 16:29:57 INFO TaskSetManager: Finished task 0.0 in stage 6.0 (TID 5) in 164 ms on 172.18.0.5 (executor 0) (1/1)
[2026-04-06T16:29:57.886+0000] {subprocess.py:93} INFO - 26/04/06 16:29:57 INFO TaskSchedulerImpl: Removed TaskSet 6.0, whose tasks have all completed, from pool
[2026-04-06T16:29:57.887+0000] {subprocess.py:93} INFO - 26/04/06 16:29:57 INFO TaskSetManager: Finished task 0.0 in stage 8.0 (TID 6) in 145 ms on 172.18.0.5 (executor 0) (1/1)
[2026-04-06T16:29:57.887+0000] {subprocess.py:93} INFO - 26/04/06 16:29:57 INFO TaskSchedulerImpl: Removed TaskSet 8.0, whose tasks have all completed, from pool
[2026-04-06T16:29:57.887+0000] {subprocess.py:93} INFO - 26/04/06 16:29:57 INFO DAGScheduler: ResultStage 6 ($anonfun$withThreadLocalCaptured$1 at FutureTask.java:264) finished in 0.178 s
[2026-04-06T16:29:57.888+0000] {subprocess.py:93} INFO - 26/04/06 16:29:57 INFO DAGScheduler: Job 5 is finished. Cancelling potential speculative or zombie tasks for this job
[2026-04-06T16:29:57.888+0000] {subprocess.py:93} INFO - 26/04/06 16:29:57 INFO TaskSchedulerImpl: Killing all running tasks in stage 6: Stage finished
[2026-04-06T16:29:57.888+0000] {subprocess.py:93} INFO - 26/04/06 16:29:57 INFO DAGScheduler: Job 5 finished: $anonfun$withThreadLocalCaptured$1 at FutureTask.java:264, took 0.189739 s
[2026-04-06T16:29:57.888+0000] {subprocess.py:93} INFO - 26/04/06 16:29:57 INFO DAGScheduler: ResultStage 8 ($anonfun$withThreadLocalCaptured$1 at FutureTask.java:264) finished in 0.159 s
[2026-04-06T16:29:57.889+0000] {subprocess.py:93} INFO - 26/04/06 16:29:57 INFO DAGScheduler: Job 6 is finished. Cancelling potential speculative or zombie tasks for this job
[2026-04-06T16:29:57.889+0000] {subprocess.py:93} INFO - 26/04/06 16:29:57 INFO TaskSchedulerImpl: Killing all running tasks in stage 8: Stage finished
[2026-04-06T16:29:57.889+0000] {subprocess.py:93} INFO - 26/04/06 16:29:57 INFO DAGScheduler: Job 6 finished: $anonfun$withThreadLocalCaptured$1 at FutureTask.java:264, took 0.179143 s
[2026-04-06T16:29:57.905+0000] {subprocess.py:93} INFO - 26/04/06 16:29:57 INFO CodeGenerator: Code generated in 7.427363 ms
[2026-04-06T16:29:57.921+0000] {subprocess.py:93} INFO - 26/04/06 16:29:57 INFO MemoryStore: Block broadcast_10_piece0 stored as bytes in memory (estimated size 14.9 KiB, free 433.8 MiB)
[2026-04-06T16:29:57.921+0000] {subprocess.py:93} INFO - 26/04/06 16:29:57 INFO MemoryStore: Block broadcast_9_piece0 stored as bytes in memory (estimated size 22.8 KiB, free 433.8 MiB)
[2026-04-06T16:29:57.922+0000] {subprocess.py:93} INFO - 26/04/06 16:29:57 INFO BlockManagerInfo: Added broadcast_10_piece0 in memory on 7c36fe5f1e47:37451 (size: 14.9 KiB, free: 434.3 MiB)
[2026-04-06T16:29:57.922+0000] {subprocess.py:93} INFO - 26/04/06 16:29:57 INFO BlockManagerInfo: Added broadcast_9_piece0 in memory on 7c36fe5f1e47:37451 (size: 22.8 KiB, free: 434.3 MiB)
[2026-04-06T16:29:57.923+0000] {subprocess.py:93} INFO - 26/04/06 16:29:57 INFO SparkContext: Created broadcast 10 from $anonfun$withThreadLocalCaptured$1 at FutureTask.java:264
[2026-04-06T16:29:57.923+0000] {subprocess.py:93} INFO - 26/04/06 16:29:57 INFO SparkContext: Created broadcast 9 from $anonfun$withThreadLocalCaptured$1 at FutureTask.java:264
[2026-04-06T16:29:57.929+0000] {subprocess.py:93} INFO - 26/04/06 16:29:57 INFO FileSourceStrategy: Pushed Filters:
[2026-04-06T16:29:57.930+0000] {subprocess.py:93} INFO - 26/04/06 16:29:57 INFO FileSourceStrategy: Post-Scan Filters:
[2026-04-06T16:29:57.935+0000] {subprocess.py:93} INFO - 26/04/06 16:29:57 INFO FileSourceStrategy: Pushed Filters:
[2026-04-06T16:29:57.936+0000] {subprocess.py:93} INFO - 26/04/06 16:29:57 INFO FileSourceStrategy: Post-Scan Filters:
[2026-04-06T16:29:58.068+0000] {subprocess.py:93} INFO - 26/04/06 16:29:58 INFO ParquetUtils: Using default output committer for Parquet: org.apache.parquet.hadoop.ParquetOutputCommitter
[2026-04-06T16:29:58.079+0000] {subprocess.py:93} INFO - 26/04/06 16:29:58 INFO FileOutputCommitter: File Output Committer Algorithm version is 1
[2026-04-06T16:29:58.079+0000] {subprocess.py:93} INFO - 26/04/06 16:29:58 INFO FileOutputCommitter: FileOutputCommitter skip cleanup _temporary folders under output directory:false, ignore cleanup failures: false
[2026-04-06T16:29:58.080+0000] {subprocess.py:93} INFO - 26/04/06 16:29:58 INFO SQLHadoopMapReduceCommitProtocol: Using user defined output committer class org.apache.parquet.hadoop.ParquetOutputCommitter
[2026-04-06T16:29:58.080+0000] {subprocess.py:93} INFO - 26/04/06 16:29:58 INFO FileOutputCommitter: File Output Committer Algorithm version is 1
[2026-04-06T16:29:58.080+0000] {subprocess.py:93} INFO - 26/04/06 16:29:58 INFO FileOutputCommitter: FileOutputCommitter skip cleanup _temporary folders under output directory:false, ignore cleanup failures: false
[2026-04-06T16:29:58.080+0000] {subprocess.py:93} INFO - 26/04/06 16:29:58 INFO SQLHadoopMapReduceCommitProtocol: Using output committer class org.apache.parquet.hadoop.ParquetOutputCommitter
[2026-04-06T16:29:58.157+0000] {subprocess.py:93} INFO - 26/04/06 16:29:58 INFO CodeGenerator: Code generated in 19.43558 ms
[2026-04-06T16:29:58.162+0000] {subprocess.py:93} INFO - 26/04/06 16:29:58 INFO MemoryStore: Block broadcast_11 stored as values in memory (estimated size 205.1 KiB, free 433.6 MiB)
[2026-04-06T16:29:58.168+0000] {subprocess.py:93} INFO - 26/04/06 16:29:58 INFO MemoryStore: Block broadcast_11_piece0 stored as bytes in memory (estimated size 36.0 KiB, free 433.5 MiB)
[2026-04-06T16:29:58.170+0000] {subprocess.py:93} INFO - 26/04/06 16:29:58 INFO BlockManagerInfo: Added broadcast_11_piece0 in memory on 7c36fe5f1e47:37451 (size: 36.0 KiB, free: 434.2 MiB)
[2026-04-06T16:29:58.170+0000] {subprocess.py:93} INFO - 26/04/06 16:29:58 INFO SparkContext: Created broadcast 11 from parquet at NativeMethodAccessorImpl.java:0
[2026-04-06T16:29:58.171+0000] {subprocess.py:93} INFO - 26/04/06 16:29:58 INFO FileSourceScanExec: Planning scan with bin packing, max size: 4194304 bytes, open cost is considered as scanning 4194304 bytes.
[2026-04-06T16:29:58.180+0000] {subprocess.py:93} INFO - 26/04/06 16:29:58 INFO SparkContext: Starting job: parquet at NativeMethodAccessorImpl.java:0
[2026-04-06T16:29:58.181+0000] {subprocess.py:93} INFO - 26/04/06 16:29:58 INFO DAGScheduler: Got job 7 (parquet at NativeMethodAccessorImpl.java:0) with 1 output partitions
[2026-04-06T16:29:58.182+0000] {subprocess.py:93} INFO - 26/04/06 16:29:58 INFO DAGScheduler: Final stage: ResultStage 9 (parquet at NativeMethodAccessorImpl.java:0)
[2026-04-06T16:29:58.182+0000] {subprocess.py:93} INFO - 26/04/06 16:29:58 INFO DAGScheduler: Parents of final stage: List()
[2026-04-06T16:29:58.182+0000] {subprocess.py:93} INFO - 26/04/06 16:29:58 INFO DAGScheduler: Missing parents: List()
[2026-04-06T16:29:58.183+0000] {subprocess.py:93} INFO - 26/04/06 16:29:58 INFO DAGScheduler: Submitting ResultStage 9 (MapPartitionsRDD[23] at parquet at NativeMethodAccessorImpl.java:0), which has no missing parents
[2026-04-06T16:29:58.203+0000] {subprocess.py:93} INFO - 26/04/06 16:29:58 INFO MemoryStore: Block broadcast_12 stored as values in memory (estimated size 229.9 KiB, free 433.3 MiB)
[2026-04-06T16:29:58.207+0000] {subprocess.py:93} INFO - 26/04/06 16:29:58 INFO MemoryStore: Block broadcast_12_piece0 stored as bytes in memory (estimated size 81.7 KiB, free 433.2 MiB)
[2026-04-06T16:29:58.209+0000] {subprocess.py:93} INFO - 26/04/06 16:29:58 INFO BlockManagerInfo: Added broadcast_12_piece0 in memory on 7c36fe5f1e47:37451 (size: 81.7 KiB, free: 434.1 MiB)
[2026-04-06T16:29:58.210+0000] {subprocess.py:93} INFO - 26/04/06 16:29:58 INFO SparkContext: Created broadcast 12 from broadcast at DAGScheduler.scala:1611
[2026-04-06T16:29:58.211+0000] {subprocess.py:93} INFO - 26/04/06 16:29:58 INFO DAGScheduler: Submitting 1 missing tasks from ResultStage 9 (MapPartitionsRDD[23] at parquet at NativeMethodAccessorImpl.java:0) (first 15 tasks are for partitions Vector(0))
[2026-04-06T16:29:58.211+0000] {subprocess.py:93} INFO - 26/04/06 16:29:58 INFO TaskSchedulerImpl: Adding task set 9.0 with 1 tasks resource profile 0
[2026-04-06T16:29:58.212+0000] {subprocess.py:93} INFO - 26/04/06 16:29:58 INFO TaskSetManager: Starting task 0.0 in stage 9.0 (TID 7) (172.18.0.5, executor 0, partition 0, PROCESS_LOCAL, 10406 bytes)
[2026-04-06T16:29:58.223+0000] {subprocess.py:93} INFO - 26/04/06 16:29:58 INFO BlockManagerInfo: Added broadcast_12_piece0 in memory on 172.18.0.5:37517 (size: 81.7 KiB, free: 434.2 MiB)
[2026-04-06T16:29:58.287+0000] {subprocess.py:93} INFO - 26/04/06 16:29:58 INFO BlockManagerInfo: Added broadcast_10_piece0 in memory on 172.18.0.5:37517 (size: 14.9 KiB, free: 434.2 MiB)
[2026-04-06T16:29:58.299+0000] {subprocess.py:93} INFO - 26/04/06 16:29:58 INFO BlockManagerInfo: Added broadcast_9_piece0 in memory on 172.18.0.5:37517 (size: 22.8 KiB, free: 434.2 MiB)
[2026-04-06T16:29:58.415+0000] {subprocess.py:93} INFO - 26/04/06 16:29:58 INFO BlockManagerInfo: Added broadcast_11_piece0 in memory on 172.18.0.5:37517 (size: 36.0 KiB, free: 434.1 MiB)
[2026-04-06T16:29:58.833+0000] {subprocess.py:93} INFO - 26/04/06 16:29:58 INFO TaskSetManager: Finished task 0.0 in stage 9.0 (TID 7) in 620 ms on 172.18.0.5 (executor 0) (1/1)
[2026-04-06T16:29:58.833+0000] {subprocess.py:93} INFO - 26/04/06 16:29:58 INFO TaskSchedulerImpl: Removed TaskSet 9.0, whose tasks have all completed, from pool
[2026-04-06T16:29:58.834+0000] {subprocess.py:93} INFO - 26/04/06 16:29:58 INFO DAGScheduler: ResultStage 9 (parquet at NativeMethodAccessorImpl.java:0) finished in 0.651 s
[2026-04-06T16:29:58.834+0000] {subprocess.py:93} INFO - 26/04/06 16:29:58 INFO DAGScheduler: Job 7 is finished. Cancelling potential speculative or zombie tasks for this job
[2026-04-06T16:29:58.834+0000] {subprocess.py:93} INFO - 26/04/06 16:29:58 INFO TaskSchedulerImpl: Killing all running tasks in stage 9: Stage finished
[2026-04-06T16:29:58.835+0000] {subprocess.py:93} INFO - 26/04/06 16:29:58 INFO DAGScheduler: Job 7 finished: parquet at NativeMethodAccessorImpl.java:0, took 0.654483 s
[2026-04-06T16:29:58.836+0000] {subprocess.py:93} INFO - 26/04/06 16:29:58 INFO FileFormatWriter: Start to commit write Job 47a98ed3-0d15-4ac8-893e-fbf380374180.
[2026-04-06T16:29:58.987+0000] {subprocess.py:93} INFO - 26/04/06 16:29:58 INFO FileFormatWriter: Write Job 47a98ed3-0d15-4ac8-893e-fbf380374180 committed. Elapsed time: 149 ms.
[2026-04-06T16:29:58.989+0000] {subprocess.py:93} INFO - 26/04/06 16:29:58 INFO FileFormatWriter: Finished processing stats for write job 47a98ed3-0d15-4ac8-893e-fbf380374180.
[2026-04-06T16:29:58.992+0000] {subprocess.py:93} INFO - Gold patient_360 built successfully.
[2026-04-06T16:29:58.992+0000] {subprocess.py:93} INFO - 26/04/06 16:29:58 INFO SparkContext: SparkContext is stopping with exitCode 0.
[2026-04-06T16:29:59.000+0000] {subprocess.py:93} INFO - 26/04/06 16:29:59 INFO SparkUI: Stopped Spark web UI at http://7c36fe5f1e47:4040
[2026-04-06T16:29:59.003+0000] {subprocess.py:93} INFO - 26/04/06 16:29:59 INFO StandaloneSchedulerBackend: Shutting down all executors
[2026-04-06T16:29:59.003+0000] {subprocess.py:93} INFO - 26/04/06 16:29:59 INFO StandaloneSchedulerBackend$StandaloneDriverEndpoint: Asking each executor to shut down
[2026-04-06T16:29:59.013+0000] {subprocess.py:93} INFO - 26/04/06 16:29:59 INFO MapOutputTrackerMasterEndpoint: MapOutputTrackerMasterEndpoint stopped!
[2026-04-06T16:29:59.029+0000] {subprocess.py:93} INFO - 26/04/06 16:29:59 INFO MemoryStore: MemoryStore cleared
[2026-04-06T16:29:59.029+0000] {subprocess.py:93} INFO - 26/04/06 16:29:59 INFO BlockManager: BlockManager stopped
[2026-04-06T16:29:59.031+0000] {subprocess.py:93} INFO - 26/04/06 16:29:59 INFO BlockManagerMaster: BlockManagerMaster stopped
[2026-04-06T16:29:59.033+0000] {subprocess.py:93} INFO - 26/04/06 16:29:59 INFO OutputCommitCoordinator$OutputCommitCoordinatorEndpoint: OutputCommitCoordinator stopped!
[2026-04-06T16:29:59.130+0000] {subprocess.py:93} INFO - 26/04/06 16:29:59 INFO SparkContext: Successfully stopped SparkContext
[2026-04-06T16:29:59.534+0000] {subprocess.py:93} INFO - 26/04/06 16:29:59 INFO ShutdownHookManager: Shutdown hook called
[2026-04-06T16:29:59.535+0000] {subprocess.py:93} INFO - 26/04/06 16:29:59 INFO ShutdownHookManager: Deleting directory /tmp/spark-89277a0e-2bf6-4dbd-9003-ca2107e955a7
[2026-04-06T16:29:59.540+0000] {subprocess.py:93} INFO - 26/04/06 16:29:59 INFO ShutdownHookManager: Deleting directory /tmp/spark-4afc4380-f45e-474b-9eb4-c8e964032531/pyspark-b1c2471e-1d4d-461d-9a4d-6916827a9484
[2026-04-06T16:29:59.544+0000] {subprocess.py:93} INFO - 26/04/06 16:29:59 INFO ShutdownHookManager: Deleting directory /tmp/spark-4afc4380-f45e-474b-9eb4-c8e964032531
[2026-04-06T16:29:59.552+0000] {subprocess.py:93} INFO - 26/04/06 16:29:59 INFO MetricsSystemImpl: Stopping s3a-file-system metrics system...
[2026-04-06T16:29:59.552+0000] {subprocess.py:93} INFO - 26/04/06 16:29:59 INFO MetricsSystemImpl: s3a-file-system metrics system stopped.
[2026-04-06T16:29:59.553+0000] {subprocess.py:93} INFO - 26/04/06 16:29:59 INFO MetricsSystemImpl: s3a-file-system metrics system shutdown complete.
[2026-04-06T16:29:59.641+0000] {subprocess.py:97} INFO - Command exited with return code 0
[2026-04-06T16:29:59.670+0000] {taskinstance.py:1149} INFO - Marking task as SUCCESS. dag_id=bronze_to_silver_and_gold, task_id=build_patient_360_gold, execution_date=20260406T162905, start_date=20260406T162948, end_date=20260406T162959
[2026-04-06T16:29:59.690+0000] {local_task_job_runner.py:234} INFO - Task exited with return code 0
[2026-04-06T16:29:59.707+0000] {taskinstance.py:3312} INFO - 0 downstream tasks scheduled from follow-on schedule check
