[2026-04-06T15:26:35.497+0000] {taskinstance.py:1979} INFO - Dependencies all met for dep_context=non-requeueable deps ti=<TaskInstance: bronze_to_silver_and_gold.build_patient_360_gold manual__2026-04-06T15:25:54.084675+00:00 [queued]>
[2026-04-06T15:26:35.501+0000] {taskinstance.py:1979} INFO - Dependencies all met for dep_context=requeueable deps ti=<TaskInstance: bronze_to_silver_and_gold.build_patient_360_gold manual__2026-04-06T15:25:54.084675+00:00 [queued]>
[2026-04-06T15:26:35.502+0000] {taskinstance.py:2193} INFO - Starting attempt 1 of 1
[2026-04-06T15:26:35.508+0000] {taskinstance.py:2217} INFO - Executing <Task(BashOperator): build_patient_360_gold> on 2026-04-06 15:25:54.084675+00:00
[2026-04-06T15:26:35.513+0000] {standard_task_runner.py:60} INFO - Started process 1297 to run task
[2026-04-06T15:26:35.516+0000] {standard_task_runner.py:87} INFO - Running: ['airflow', 'tasks', 'run', 'bronze_to_silver_and_gold', 'build_patient_360_gold', 'manual__2026-04-06T15:25:54.084675+00:00', '--job-id', '44', '--raw', '--subdir', 'DAGS_FOLDER/bronze_to_silver_dag.py', '--cfg-path', '/tmp/tmpv9mqbdjg']
[2026-04-06T15:26:35.518+0000] {standard_task_runner.py:88} INFO - Job 44: Subtask build_patient_360_gold
[2026-04-06T15:26:35.556+0000] {task_command.py:423} INFO - Running <TaskInstance: bronze_to_silver_and_gold.build_patient_360_gold manual__2026-04-06T15:25:54.084675+00:00 [running]> on host 7c36fe5f1e47
[2026-04-06T15:26:35.613+0000] {taskinstance.py:2513} INFO - Exporting env vars: AIRFLOW_CTX_DAG_OWNER='airflow' AIRFLOW_CTX_DAG_ID='bronze_to_silver_and_gold' AIRFLOW_CTX_TASK_ID='build_patient_360_gold' AIRFLOW_CTX_EXECUTION_DATE='2026-04-06T15:25:54.084675+00:00' AIRFLOW_CTX_TRY_NUMBER='1' AIRFLOW_CTX_DAG_RUN_ID='manual__2026-04-06T15:25:54.084675+00:00'
[2026-04-06T15:26:35.614+0000] {subprocess.py:63} INFO - Tmp dir root location: /tmp
[2026-04-06T15:26:35.615+0000] {subprocess.py:75} INFO - Running command: ['/usr/bin/bash', '-c', '\n/opt/spark/bin/spark-submit \\\n  --master spark://spark-master:7077 \\\n  --packages org.apache.hadoop:hadoop-aws:3.3.4,com.amazonaws:aws-java-sdk-bundle:1.12.262 \\\n  --conf spark.hadoop.fs.s3a.endpoint=http://minio:9000 \\\n  --conf spark.hadoop.fs.s3a.access.key=minioadmin \\\n  --conf spark.hadoop.fs.s3a.secret.key=minioadmin \\\n  --conf spark.hadoop.fs.s3a.path.style.access=true \\\n  --conf spark.hadoop.fs.s3a.impl=org.apache.hadoop.fs.s3a.S3AFileSystem \\\n  /opt/airflow/spark/jobs/build_patient_360.py']
[2026-04-06T15:26:35.624+0000] {subprocess.py:86} INFO - Output:
[2026-04-06T15:26:36.534+0000] {subprocess.py:93} INFO - :: loading settings :: url = jar:file:/opt/spark-3.5.6-bin-hadoop3/jars/ivy-2.5.1.jar!/org/apache/ivy/core/settings/ivysettings.xml
[2026-04-06T15:26:36.584+0000] {subprocess.py:93} INFO - Ivy Default Cache set to: /home/airflow/.ivy2/cache
[2026-04-06T15:26:36.585+0000] {subprocess.py:93} INFO - The jars for the packages stored in: /home/airflow/.ivy2/jars
[2026-04-06T15:26:36.587+0000] {subprocess.py:93} INFO - org.apache.hadoop#hadoop-aws added as a dependency
[2026-04-06T15:26:36.587+0000] {subprocess.py:93} INFO - com.amazonaws#aws-java-sdk-bundle added as a dependency
[2026-04-06T15:26:36.588+0000] {subprocess.py:93} INFO - :: resolving dependencies :: org.apache.spark#spark-submit-parent-418eda62-1f51-4960-8cf5-dcab697388ca;1.0
[2026-04-06T15:26:36.588+0000] {subprocess.py:93} INFO - 	confs: [default]
[2026-04-06T15:26:36.689+0000] {subprocess.py:93} INFO - 	found org.apache.hadoop#hadoop-aws;3.3.4 in spark-list
[2026-04-06T15:26:36.707+0000] {subprocess.py:93} INFO - 	found com.amazonaws#aws-java-sdk-bundle;1.12.262 in central
[2026-04-06T15:26:36.721+0000] {subprocess.py:93} INFO - 	found org.wildfly.openssl#wildfly-openssl;1.0.7.Final in central
[2026-04-06T15:26:36.735+0000] {subprocess.py:93} INFO - :: resolution report :: resolve 143ms :: artifacts dl 5ms
[2026-04-06T15:26:36.736+0000] {subprocess.py:93} INFO - 	:: modules in use:
[2026-04-06T15:26:36.736+0000] {subprocess.py:93} INFO - 	com.amazonaws#aws-java-sdk-bundle;1.12.262 from central in [default]
[2026-04-06T15:26:36.736+0000] {subprocess.py:93} INFO - 	org.apache.hadoop#hadoop-aws;3.3.4 from spark-list in [default]
[2026-04-06T15:26:36.737+0000] {subprocess.py:93} INFO - 	org.wildfly.openssl#wildfly-openssl;1.0.7.Final from central in [default]
[2026-04-06T15:26:36.737+0000] {subprocess.py:93} INFO - 	---------------------------------------------------------------------
[2026-04-06T15:26:36.737+0000] {subprocess.py:93} INFO - 	|                  |            modules            ||   artifacts   |
[2026-04-06T15:26:36.737+0000] {subprocess.py:93} INFO - 	|       conf       | number| search|dwnlded|evicted|| number|dwnlded|
[2026-04-06T15:26:36.738+0000] {subprocess.py:93} INFO - 	---------------------------------------------------------------------
[2026-04-06T15:26:36.738+0000] {subprocess.py:93} INFO - 	|      default     |   3   |   0   |   0   |   0   ||   3   |   0   |
[2026-04-06T15:26:36.738+0000] {subprocess.py:93} INFO - 	---------------------------------------------------------------------
[2026-04-06T15:26:36.738+0000] {subprocess.py:93} INFO - :: retrieving :: org.apache.spark#spark-submit-parent-418eda62-1f51-4960-8cf5-dcab697388ca
[2026-04-06T15:26:36.739+0000] {subprocess.py:93} INFO - 	confs: [default]
[2026-04-06T15:26:36.742+0000] {subprocess.py:93} INFO - 	0 artifacts copied, 3 already retrieved (0kB/4ms)
[2026-04-06T15:26:36.848+0000] {subprocess.py:93} INFO - 26/04/06 15:26:36 WARN NativeCodeLoader: Unable to load native-hadoop library for your platform... using builtin-java classes where applicable
[2026-04-06T15:26:37.434+0000] {subprocess.py:93} INFO - 26/04/06 15:26:37 INFO SparkContext: Running Spark version 3.5.6
[2026-04-06T15:26:37.435+0000] {subprocess.py:93} INFO - 26/04/06 15:26:37 INFO SparkContext: OS info Linux, 6.6.87.2-microsoft-standard-WSL2, amd64
[2026-04-06T15:26:37.435+0000] {subprocess.py:93} INFO - 26/04/06 15:26:37 INFO SparkContext: Java version 17.0.18
[2026-04-06T15:26:37.448+0000] {subprocess.py:93} INFO - 26/04/06 15:26:37 INFO ResourceUtils: ==============================================================
[2026-04-06T15:26:37.448+0000] {subprocess.py:93} INFO - 26/04/06 15:26:37 INFO ResourceUtils: No custom resources configured for spark.driver.
[2026-04-06T15:26:37.449+0000] {subprocess.py:93} INFO - 26/04/06 15:26:37 INFO ResourceUtils: ==============================================================
[2026-04-06T15:26:37.449+0000] {subprocess.py:93} INFO - 26/04/06 15:26:37 INFO SparkContext: Submitted application: build_patient_360
[2026-04-06T15:26:37.459+0000] {subprocess.py:93} INFO - 26/04/06 15:26:37 INFO ResourceProfile: Default ResourceProfile created, executor resources: Map(memory -> name: memory, amount: 1024, script: , vendor: , offHeap -> name: offHeap, amount: 0, script: , vendor: ), task resources: Map(cpus -> name: cpus, amount: 1.0)
[2026-04-06T15:26:37.463+0000] {subprocess.py:93} INFO - 26/04/06 15:26:37 INFO ResourceProfile: Limiting resource is cpu
[2026-04-06T15:26:37.464+0000] {subprocess.py:93} INFO - 26/04/06 15:26:37 INFO ResourceProfileManager: Added ResourceProfile id: 0
[2026-04-06T15:26:37.493+0000] {subprocess.py:93} INFO - 26/04/06 15:26:37 INFO SecurityManager: Changing view acls to: airflow
[2026-04-06T15:26:37.494+0000] {subprocess.py:93} INFO - 26/04/06 15:26:37 INFO SecurityManager: Changing modify acls to: airflow
[2026-04-06T15:26:37.494+0000] {subprocess.py:93} INFO - 26/04/06 15:26:37 INFO SecurityManager: Changing view acls groups to:
[2026-04-06T15:26:37.494+0000] {subprocess.py:93} INFO - 26/04/06 15:26:37 INFO SecurityManager: Changing modify acls groups to:
[2026-04-06T15:26:37.495+0000] {subprocess.py:93} INFO - 26/04/06 15:26:37 INFO SecurityManager: SecurityManager: authentication disabled; ui acls disabled; users with view permissions: airflow; groups with view permissions: EMPTY; users with modify permissions: airflow; groups with modify permissions: EMPTY
[2026-04-06T15:26:37.605+0000] {subprocess.py:93} INFO - 26/04/06 15:26:37 INFO Utils: Successfully started service 'sparkDriver' on port 35651.
[2026-04-06T15:26:37.619+0000] {subprocess.py:93} INFO - 26/04/06 15:26:37 INFO SparkEnv: Registering MapOutputTracker
[2026-04-06T15:26:37.644+0000] {subprocess.py:93} INFO - 26/04/06 15:26:37 INFO SparkEnv: Registering BlockManagerMaster
[2026-04-06T15:26:37.654+0000] {subprocess.py:93} INFO - 26/04/06 15:26:37 INFO BlockManagerMasterEndpoint: Using org.apache.spark.storage.DefaultTopologyMapper for getting topology information
[2026-04-06T15:26:37.654+0000] {subprocess.py:93} INFO - 26/04/06 15:26:37 INFO BlockManagerMasterEndpoint: BlockManagerMasterEndpoint up
[2026-04-06T15:26:37.656+0000] {subprocess.py:93} INFO - 26/04/06 15:26:37 INFO SparkEnv: Registering BlockManagerMasterHeartbeat
[2026-04-06T15:26:37.667+0000] {subprocess.py:93} INFO - 26/04/06 15:26:37 INFO DiskBlockManager: Created local directory at /tmp/blockmgr-336dd31e-dfc8-46d8-8457-262a9147c368
[2026-04-06T15:26:37.674+0000] {subprocess.py:93} INFO - 26/04/06 15:26:37 INFO MemoryStore: MemoryStore started with capacity 434.4 MiB
[2026-04-06T15:26:37.683+0000] {subprocess.py:93} INFO - 26/04/06 15:26:37 INFO SparkEnv: Registering OutputCommitCoordinator
[2026-04-06T15:26:37.754+0000] {subprocess.py:93} INFO - 26/04/06 15:26:37 INFO JettyUtils: Start Jetty 0.0.0.0:4040 for SparkUI
[2026-04-06T15:26:37.781+0000] {subprocess.py:93} INFO - 26/04/06 15:26:37 INFO Utils: Successfully started service 'SparkUI' on port 4040.
[2026-04-06T15:26:37.801+0000] {subprocess.py:93} INFO - 26/04/06 15:26:37 INFO SparkContext: Added JAR file:///home/airflow/.ivy2/jars/org.apache.hadoop_hadoop-aws-3.3.4.jar at spark://7c36fe5f1e47:35651/jars/org.apache.hadoop_hadoop-aws-3.3.4.jar with timestamp 1775489197430
[2026-04-06T15:26:37.802+0000] {subprocess.py:93} INFO - 26/04/06 15:26:37 INFO SparkContext: Added JAR file:///home/airflow/.ivy2/jars/com.amazonaws_aws-java-sdk-bundle-1.12.262.jar at spark://7c36fe5f1e47:35651/jars/com.amazonaws_aws-java-sdk-bundle-1.12.262.jar with timestamp 1775489197430
[2026-04-06T15:26:37.802+0000] {subprocess.py:93} INFO - 26/04/06 15:26:37 INFO SparkContext: Added JAR file:///home/airflow/.ivy2/jars/org.wildfly.openssl_wildfly-openssl-1.0.7.Final.jar at spark://7c36fe5f1e47:35651/jars/org.wildfly.openssl_wildfly-openssl-1.0.7.Final.jar with timestamp 1775489197430
[2026-04-06T15:26:37.803+0000] {subprocess.py:93} INFO - 26/04/06 15:26:37 INFO SparkContext: Added file file:///home/airflow/.ivy2/jars/org.apache.hadoop_hadoop-aws-3.3.4.jar at spark://7c36fe5f1e47:35651/files/org.apache.hadoop_hadoop-aws-3.3.4.jar with timestamp 1775489197430
[2026-04-06T15:26:37.804+0000] {subprocess.py:93} INFO - 26/04/06 15:26:37 INFO Utils: Copying /home/airflow/.ivy2/jars/org.apache.hadoop_hadoop-aws-3.3.4.jar to /tmp/spark-6fd74c62-92ef-4722-bc3a-9703e494cec9/userFiles-770bc63e-bdfc-4b03-a896-18a3039c92af/org.apache.hadoop_hadoop-aws-3.3.4.jar
[2026-04-06T15:26:37.812+0000] {subprocess.py:93} INFO - 26/04/06 15:26:37 INFO SparkContext: Added file file:///home/airflow/.ivy2/jars/com.amazonaws_aws-java-sdk-bundle-1.12.262.jar at spark://7c36fe5f1e47:35651/files/com.amazonaws_aws-java-sdk-bundle-1.12.262.jar with timestamp 1775489197430
[2026-04-06T15:26:37.813+0000] {subprocess.py:93} INFO - 26/04/06 15:26:37 INFO Utils: Copying /home/airflow/.ivy2/jars/com.amazonaws_aws-java-sdk-bundle-1.12.262.jar to /tmp/spark-6fd74c62-92ef-4722-bc3a-9703e494cec9/userFiles-770bc63e-bdfc-4b03-a896-18a3039c92af/com.amazonaws_aws-java-sdk-bundle-1.12.262.jar
[2026-04-06T15:26:38.026+0000] {subprocess.py:93} INFO - 26/04/06 15:26:38 INFO SparkContext: Added file file:///home/airflow/.ivy2/jars/org.wildfly.openssl_wildfly-openssl-1.0.7.Final.jar at spark://7c36fe5f1e47:35651/files/org.wildfly.openssl_wildfly-openssl-1.0.7.Final.jar with timestamp 1775489197430
[2026-04-06T15:26:38.027+0000] {subprocess.py:93} INFO - 26/04/06 15:26:38 INFO Utils: Copying /home/airflow/.ivy2/jars/org.wildfly.openssl_wildfly-openssl-1.0.7.Final.jar to /tmp/spark-6fd74c62-92ef-4722-bc3a-9703e494cec9/userFiles-770bc63e-bdfc-4b03-a896-18a3039c92af/org.wildfly.openssl_wildfly-openssl-1.0.7.Final.jar
[2026-04-06T15:26:38.071+0000] {subprocess.py:93} INFO - 26/04/06 15:26:38 INFO StandaloneAppClient$ClientEndpoint: Connecting to master spark://spark-master:7077...
[2026-04-06T15:26:38.096+0000] {subprocess.py:93} INFO - 26/04/06 15:26:38 INFO TransportClientFactory: Successfully created connection to spark-master/172.18.0.3:7077 after 14 ms (0 ms spent in bootstraps)
[2026-04-06T15:26:38.147+0000] {subprocess.py:93} INFO - 26/04/06 15:26:38 INFO StandaloneSchedulerBackend: Connected to Spark cluster with app ID app-20260406152638-0004
[2026-04-06T15:26:38.148+0000] {subprocess.py:93} INFO - 26/04/06 15:26:38 INFO StandaloneAppClient$ClientEndpoint: Executor added: app-20260406152638-0004/0 on worker-20260406152534-172.18.0.6-38917 (172.18.0.6:38917) with 16 core(s)
[2026-04-06T15:26:38.149+0000] {subprocess.py:93} INFO - 26/04/06 15:26:38 INFO StandaloneSchedulerBackend: Granted executor ID app-20260406152638-0004/0 on hostPort 172.18.0.6:38917 with 16 core(s), 1024.0 MiB RAM
[2026-04-06T15:26:38.153+0000] {subprocess.py:93} INFO - 26/04/06 15:26:38 INFO Utils: Successfully started service 'org.apache.spark.network.netty.NettyBlockTransferService' on port 41871.
[2026-04-06T15:26:38.153+0000] {subprocess.py:93} INFO - 26/04/06 15:26:38 INFO NettyBlockTransferService: Server created on 7c36fe5f1e47:41871
[2026-04-06T15:26:38.154+0000] {subprocess.py:93} INFO - 26/04/06 15:26:38 INFO BlockManager: Using org.apache.spark.storage.RandomBlockReplicationPolicy for block replication policy
[2026-04-06T15:26:38.158+0000] {subprocess.py:93} INFO - 26/04/06 15:26:38 INFO BlockManagerMaster: Registering BlockManager BlockManagerId(driver, 7c36fe5f1e47, 41871, None)
[2026-04-06T15:26:38.161+0000] {subprocess.py:93} INFO - 26/04/06 15:26:38 INFO BlockManagerMasterEndpoint: Registering block manager 7c36fe5f1e47:41871 with 434.4 MiB RAM, BlockManagerId(driver, 7c36fe5f1e47, 41871, None)
[2026-04-06T15:26:38.162+0000] {subprocess.py:93} INFO - 26/04/06 15:26:38 INFO BlockManagerMaster: Registered BlockManager BlockManagerId(driver, 7c36fe5f1e47, 41871, None)
[2026-04-06T15:26:38.162+0000] {subprocess.py:93} INFO - 26/04/06 15:26:38 INFO BlockManager: Initialized BlockManager: BlockManagerId(driver, 7c36fe5f1e47, 41871, None)
[2026-04-06T15:26:38.173+0000] {subprocess.py:93} INFO - 26/04/06 15:26:38 INFO StandaloneAppClient$ClientEndpoint: Executor updated: app-20260406152638-0004/0 is now RUNNING
[2026-04-06T15:26:38.284+0000] {subprocess.py:93} INFO - 26/04/06 15:26:38 INFO StandaloneSchedulerBackend: SchedulerBackend is ready for scheduling beginning after reached minRegisteredResourcesRatio: 0.0
[2026-04-06T15:26:38.409+0000] {subprocess.py:93} INFO - 26/04/06 15:26:38 INFO SharedState: Setting hive.metastore.warehouse.dir ('null') to the value of spark.sql.warehouse.dir.
[2026-04-06T15:26:38.410+0000] {subprocess.py:93} INFO - 26/04/06 15:26:38 INFO SharedState: Warehouse path is 'file:/tmp/airflowtmpqlroon07/spark-warehouse'.
[2026-04-06T15:26:38.886+0000] {subprocess.py:93} INFO - 26/04/06 15:26:38 WARN MetricsConfig: Cannot locate configuration: tried hadoop-metrics2-s3a-file-system.properties,hadoop-metrics2.properties
[2026-04-06T15:26:38.893+0000] {subprocess.py:93} INFO - 26/04/06 15:26:38 INFO MetricsSystemImpl: Scheduled Metric snapshot period at 10 second(s).
[2026-04-06T15:26:38.893+0000] {subprocess.py:93} INFO - 26/04/06 15:26:38 INFO MetricsSystemImpl: s3a-file-system metrics system started
[2026-04-06T15:26:39.542+0000] {subprocess.py:93} INFO - 26/04/06 15:26:39 INFO InMemoryFileIndex: It took 46 ms to list leaf files for 1 paths.
[2026-04-06T15:26:39.764+0000] {subprocess.py:93} INFO - 26/04/06 15:26:39 INFO StandaloneSchedulerBackend$StandaloneDriverEndpoint: Registered executor NettyRpcEndpointRef(spark-client://Executor) (172.18.0.6:42954) with ID 0,  ResourceProfileId 0
[2026-04-06T15:26:39.824+0000] {subprocess.py:93} INFO - 26/04/06 15:26:39 INFO BlockManagerMasterEndpoint: Registering block manager 172.18.0.6:45947 with 434.4 MiB RAM, BlockManagerId(0, 172.18.0.6, 45947, None)
[2026-04-06T15:26:39.840+0000] {subprocess.py:93} INFO - 26/04/06 15:26:39 INFO SparkContext: Starting job: parquet at NativeMethodAccessorImpl.java:0
[2026-04-06T15:26:39.848+0000] {subprocess.py:93} INFO - 26/04/06 15:26:39 INFO DAGScheduler: Got job 0 (parquet at NativeMethodAccessorImpl.java:0) with 1 output partitions
[2026-04-06T15:26:39.849+0000] {subprocess.py:93} INFO - 26/04/06 15:26:39 INFO DAGScheduler: Final stage: ResultStage 0 (parquet at NativeMethodAccessorImpl.java:0)
[2026-04-06T15:26:39.849+0000] {subprocess.py:93} INFO - 26/04/06 15:26:39 INFO DAGScheduler: Parents of final stage: List()
[2026-04-06T15:26:39.850+0000] {subprocess.py:93} INFO - 26/04/06 15:26:39 INFO DAGScheduler: Missing parents: List()
[2026-04-06T15:26:39.852+0000] {subprocess.py:93} INFO - 26/04/06 15:26:39 INFO DAGScheduler: Submitting ResultStage 0 (MapPartitionsRDD[1] at parquet at NativeMethodAccessorImpl.java:0), which has no missing parents
[2026-04-06T15:26:39.881+0000] {subprocess.py:93} INFO - 26/04/06 15:26:39 INFO MemoryStore: Block broadcast_0 stored as values in memory (estimated size 105.5 KiB, free 434.3 MiB)
[2026-04-06T15:26:39.905+0000] {subprocess.py:93} INFO - 26/04/06 15:26:39 INFO MemoryStore: Block broadcast_0_piece0 stored as bytes in memory (estimated size 38.1 KiB, free 434.3 MiB)
[2026-04-06T15:26:39.907+0000] {subprocess.py:93} INFO - 26/04/06 15:26:39 INFO BlockManagerInfo: Added broadcast_0_piece0 in memory on 7c36fe5f1e47:41871 (size: 38.1 KiB, free: 434.4 MiB)
[2026-04-06T15:26:39.910+0000] {subprocess.py:93} INFO - 26/04/06 15:26:39 INFO SparkContext: Created broadcast 0 from broadcast at DAGScheduler.scala:1611
[2026-04-06T15:26:39.921+0000] {subprocess.py:93} INFO - 26/04/06 15:26:39 INFO DAGScheduler: Submitting 1 missing tasks from ResultStage 0 (MapPartitionsRDD[1] at parquet at NativeMethodAccessorImpl.java:0) (first 15 tasks are for partitions Vector(0))
[2026-04-06T15:26:39.922+0000] {subprocess.py:93} INFO - 26/04/06 15:26:39 INFO TaskSchedulerImpl: Adding task set 0.0 with 1 tasks resource profile 0
[2026-04-06T15:26:41.866+0000] {subprocess.py:93} INFO - 26/04/06 15:26:41 INFO TaskSetManager: Starting task 0.0 in stage 0.0 (TID 0) (172.18.0.6, executor 0, partition 0, PROCESS_LOCAL, 9901 bytes)
[2026-04-06T15:26:41.993+0000] {subprocess.py:93} INFO - 26/04/06 15:26:41 INFO BlockManagerInfo: Added broadcast_0_piece0 in memory on 172.18.0.6:45947 (size: 38.1 KiB, free: 434.4 MiB)
[2026-04-06T15:26:43.054+0000] {subprocess.py:93} INFO - 26/04/06 15:26:43 INFO TaskSetManager: Finished task 0.0 in stage 0.0 (TID 0) in 1195 ms on 172.18.0.6 (executor 0) (1/1)
[2026-04-06T15:26:43.055+0000] {subprocess.py:93} INFO - 26/04/06 15:26:43 INFO TaskSchedulerImpl: Removed TaskSet 0.0, whose tasks have all completed, from pool
[2026-04-06T15:26:43.058+0000] {subprocess.py:93} INFO - 26/04/06 15:26:43 INFO DAGScheduler: ResultStage 0 (parquet at NativeMethodAccessorImpl.java:0) finished in 3.197 s
[2026-04-06T15:26:43.059+0000] {subprocess.py:93} INFO - 26/04/06 15:26:43 INFO DAGScheduler: Job 0 is finished. Cancelling potential speculative or zombie tasks for this job
[2026-04-06T15:26:43.059+0000] {subprocess.py:93} INFO - 26/04/06 15:26:43 INFO TaskSchedulerImpl: Killing all running tasks in stage 0: Stage finished
[2026-04-06T15:26:43.060+0000] {subprocess.py:93} INFO - 26/04/06 15:26:43 INFO DAGScheduler: Job 0 finished: parquet at NativeMethodAccessorImpl.java:0, took 3.220088 s
[2026-04-06T15:26:43.312+0000] {subprocess.py:93} INFO - 26/04/06 15:26:43 INFO BlockManagerInfo: Removed broadcast_0_piece0 on 7c36fe5f1e47:41871 in memory (size: 38.1 KiB, free: 434.4 MiB)
[2026-04-06T15:26:43.320+0000] {subprocess.py:93} INFO - 26/04/06 15:26:43 INFO BlockManagerInfo: Removed broadcast_0_piece0 on 172.18.0.6:45947 in memory (size: 38.1 KiB, free: 434.4 MiB)
[2026-04-06T15:26:43.382+0000] {subprocess.py:93} INFO - 26/04/06 15:26:43 INFO InMemoryFileIndex: It took 6 ms to list leaf files for 1 paths.
[2026-04-06T15:26:43.401+0000] {subprocess.py:93} INFO - 26/04/06 15:26:43 INFO SparkContext: Starting job: parquet at NativeMethodAccessorImpl.java:0
[2026-04-06T15:26:43.403+0000] {subprocess.py:93} INFO - 26/04/06 15:26:43 INFO DAGScheduler: Got job 1 (parquet at NativeMethodAccessorImpl.java:0) with 1 output partitions
[2026-04-06T15:26:43.403+0000] {subprocess.py:93} INFO - 26/04/06 15:26:43 INFO DAGScheduler: Final stage: ResultStage 1 (parquet at NativeMethodAccessorImpl.java:0)
[2026-04-06T15:26:43.403+0000] {subprocess.py:93} INFO - 26/04/06 15:26:43 INFO DAGScheduler: Parents of final stage: List()
[2026-04-06T15:26:43.404+0000] {subprocess.py:93} INFO - 26/04/06 15:26:43 INFO DAGScheduler: Missing parents: List()
[2026-04-06T15:26:43.404+0000] {subprocess.py:93} INFO - 26/04/06 15:26:43 INFO DAGScheduler: Submitting ResultStage 1 (MapPartitionsRDD[3] at parquet at NativeMethodAccessorImpl.java:0), which has no missing parents
[2026-04-06T15:26:43.407+0000] {subprocess.py:93} INFO - 26/04/06 15:26:43 INFO MemoryStore: Block broadcast_1 stored as values in memory (estimated size 105.5 KiB, free 434.3 MiB)
[2026-04-06T15:26:43.412+0000] {subprocess.py:93} INFO - 26/04/06 15:26:43 INFO MemoryStore: Block broadcast_1_piece0 stored as bytes in memory (estimated size 38.1 KiB, free 434.3 MiB)
[2026-04-06T15:26:43.417+0000] {subprocess.py:93} INFO - 26/04/06 15:26:43 INFO BlockManagerInfo: Added broadcast_1_piece0 in memory on 7c36fe5f1e47:41871 (size: 38.1 KiB, free: 434.4 MiB)
[2026-04-06T15:26:43.417+0000] {subprocess.py:93} INFO - 26/04/06 15:26:43 INFO SparkContext: Created broadcast 1 from broadcast at DAGScheduler.scala:1611
[2026-04-06T15:26:43.418+0000] {subprocess.py:93} INFO - 26/04/06 15:26:43 INFO DAGScheduler: Submitting 1 missing tasks from ResultStage 1 (MapPartitionsRDD[3] at parquet at NativeMethodAccessorImpl.java:0) (first 15 tasks are for partitions Vector(0))
[2026-04-06T15:26:43.418+0000] {subprocess.py:93} INFO - 26/04/06 15:26:43 INFO TaskSchedulerImpl: Adding task set 1.0 with 1 tasks resource profile 0
[2026-04-06T15:26:43.418+0000] {subprocess.py:93} INFO - 26/04/06 15:26:43 INFO TaskSetManager: Starting task 0.0 in stage 1.0 (TID 1) (172.18.0.6, executor 0, partition 0, PROCESS_LOCAL, 9903 bytes)
[2026-04-06T15:26:43.439+0000] {subprocess.py:93} INFO - 26/04/06 15:26:43 INFO BlockManagerInfo: Added broadcast_1_piece0 in memory on 172.18.0.6:45947 (size: 38.1 KiB, free: 434.4 MiB)
[2026-04-06T15:26:43.475+0000] {subprocess.py:93} INFO - 26/04/06 15:26:43 INFO TaskSetManager: Finished task 0.0 in stage 1.0 (TID 1) in 60 ms on 172.18.0.6 (executor 0) (1/1)
[2026-04-06T15:26:43.476+0000] {subprocess.py:93} INFO - 26/04/06 15:26:43 INFO TaskSchedulerImpl: Removed TaskSet 1.0, whose tasks have all completed, from pool
[2026-04-06T15:26:43.476+0000] {subprocess.py:93} INFO - 26/04/06 15:26:43 INFO DAGScheduler: ResultStage 1 (parquet at NativeMethodAccessorImpl.java:0) finished in 0.073 s
[2026-04-06T15:26:43.476+0000] {subprocess.py:93} INFO - 26/04/06 15:26:43 INFO DAGScheduler: Job 1 is finished. Cancelling potential speculative or zombie tasks for this job
[2026-04-06T15:26:43.477+0000] {subprocess.py:93} INFO - 26/04/06 15:26:43 INFO TaskSchedulerImpl: Killing all running tasks in stage 1: Stage finished
[2026-04-06T15:26:43.477+0000] {subprocess.py:93} INFO - 26/04/06 15:26:43 INFO DAGScheduler: Job 1 finished: parquet at NativeMethodAccessorImpl.java:0, took 0.075713 s
[2026-04-06T15:26:43.516+0000] {subprocess.py:93} INFO - 26/04/06 15:26:43 INFO InMemoryFileIndex: It took 6 ms to list leaf files for 1 paths.
[2026-04-06T15:26:43.530+0000] {subprocess.py:93} INFO - 26/04/06 15:26:43 INFO SparkContext: Starting job: parquet at NativeMethodAccessorImpl.java:0
[2026-04-06T15:26:43.531+0000] {subprocess.py:93} INFO - 26/04/06 15:26:43 INFO DAGScheduler: Got job 2 (parquet at NativeMethodAccessorImpl.java:0) with 1 output partitions
[2026-04-06T15:26:43.531+0000] {subprocess.py:93} INFO - 26/04/06 15:26:43 INFO DAGScheduler: Final stage: ResultStage 2 (parquet at NativeMethodAccessorImpl.java:0)
[2026-04-06T15:26:43.531+0000] {subprocess.py:93} INFO - 26/04/06 15:26:43 INFO DAGScheduler: Parents of final stage: List()
[2026-04-06T15:26:43.532+0000] {subprocess.py:93} INFO - 26/04/06 15:26:43 INFO DAGScheduler: Missing parents: List()
[2026-04-06T15:26:43.532+0000] {subprocess.py:93} INFO - 26/04/06 15:26:43 INFO DAGScheduler: Submitting ResultStage 2 (MapPartitionsRDD[5] at parquet at NativeMethodAccessorImpl.java:0), which has no missing parents
[2026-04-06T15:26:43.538+0000] {subprocess.py:93} INFO - 26/04/06 15:26:43 INFO MemoryStore: Block broadcast_2 stored as values in memory (estimated size 105.5 KiB, free 434.2 MiB)
[2026-04-06T15:26:43.542+0000] {subprocess.py:93} INFO - 26/04/06 15:26:43 INFO MemoryStore: Block broadcast_2_piece0 stored as bytes in memory (estimated size 38.1 KiB, free 434.1 MiB)
[2026-04-06T15:26:43.543+0000] {subprocess.py:93} INFO - 26/04/06 15:26:43 INFO BlockManagerInfo: Added broadcast_2_piece0 in memory on 7c36fe5f1e47:41871 (size: 38.1 KiB, free: 434.3 MiB)
[2026-04-06T15:26:43.543+0000] {subprocess.py:93} INFO - 26/04/06 15:26:43 INFO BlockManagerInfo: Removed broadcast_1_piece0 on 7c36fe5f1e47:41871 in memory (size: 38.1 KiB, free: 434.4 MiB)
[2026-04-06T15:26:43.544+0000] {subprocess.py:93} INFO - 26/04/06 15:26:43 INFO SparkContext: Created broadcast 2 from broadcast at DAGScheduler.scala:1611
[2026-04-06T15:26:43.545+0000] {subprocess.py:93} INFO - 26/04/06 15:26:43 INFO DAGScheduler: Submitting 1 missing tasks from ResultStage 2 (MapPartitionsRDD[5] at parquet at NativeMethodAccessorImpl.java:0) (first 15 tasks are for partitions Vector(0))
[2026-04-06T15:26:43.545+0000] {subprocess.py:93} INFO - 26/04/06 15:26:43 INFO TaskSchedulerImpl: Adding task set 2.0 with 1 tasks resource profile 0
[2026-04-06T15:26:43.546+0000] {subprocess.py:93} INFO - 26/04/06 15:26:43 INFO BlockManagerInfo: Removed broadcast_1_piece0 on 172.18.0.6:45947 in memory (size: 38.1 KiB, free: 434.4 MiB)
[2026-04-06T15:26:43.547+0000] {subprocess.py:93} INFO - 26/04/06 15:26:43 INFO TaskSetManager: Starting task 0.0 in stage 2.0 (TID 2) (172.18.0.6, executor 0, partition 0, PROCESS_LOCAL, 9905 bytes)
[2026-04-06T15:26:43.565+0000] {subprocess.py:93} INFO - 26/04/06 15:26:43 INFO BlockManagerInfo: Added broadcast_2_piece0 in memory on 172.18.0.6:45947 (size: 38.1 KiB, free: 434.4 MiB)
[2026-04-06T15:26:43.601+0000] {subprocess.py:93} INFO - 26/04/06 15:26:43 INFO TaskSetManager: Finished task 0.0 in stage 2.0 (TID 2) in 54 ms on 172.18.0.6 (executor 0) (1/1)
[2026-04-06T15:26:43.601+0000] {subprocess.py:93} INFO - 26/04/06 15:26:43 INFO TaskSchedulerImpl: Removed TaskSet 2.0, whose tasks have all completed, from pool
[2026-04-06T15:26:43.602+0000] {subprocess.py:93} INFO - 26/04/06 15:26:43 INFO DAGScheduler: ResultStage 2 (parquet at NativeMethodAccessorImpl.java:0) finished in 0.069 s
[2026-04-06T15:26:43.602+0000] {subprocess.py:93} INFO - 26/04/06 15:26:43 INFO DAGScheduler: Job 2 is finished. Cancelling potential speculative or zombie tasks for this job
[2026-04-06T15:26:43.602+0000] {subprocess.py:93} INFO - 26/04/06 15:26:43 INFO TaskSchedulerImpl: Killing all running tasks in stage 2: Stage finished
[2026-04-06T15:26:43.602+0000] {subprocess.py:93} INFO - 26/04/06 15:26:43 INFO DAGScheduler: Job 2 finished: parquet at NativeMethodAccessorImpl.java:0, took 0.072420 s
[2026-04-06T15:26:44.023+0000] {subprocess.py:93} INFO - 26/04/06 15:26:44 INFO BlockManagerInfo: Removed broadcast_2_piece0 on 7c36fe5f1e47:41871 in memory (size: 38.1 KiB, free: 434.4 MiB)
[2026-04-06T15:26:44.026+0000] {subprocess.py:93} INFO - 26/04/06 15:26:44 INFO BlockManagerInfo: Removed broadcast_2_piece0 on 172.18.0.6:45947 in memory (size: 38.1 KiB, free: 434.4 MiB)
[2026-04-06T15:26:44.039+0000] {subprocess.py:93} INFO - 26/04/06 15:26:44 INFO FileSourceStrategy: Pushed Filters:
[2026-04-06T15:26:44.040+0000] {subprocess.py:93} INFO - 26/04/06 15:26:44 INFO FileSourceStrategy: Post-Scan Filters:
[2026-04-06T15:26:44.065+0000] {subprocess.py:93} INFO - 26/04/06 15:26:44 INFO FileSourceStrategy: Pushed Filters: IsNotNull(patient_id)
[2026-04-06T15:26:44.066+0000] {subprocess.py:93} INFO - 26/04/06 15:26:44 INFO FileSourceStrategy: Post-Scan Filters: isnotnull(patient_id#15)
[2026-04-06T15:26:44.071+0000] {subprocess.py:93} INFO - 26/04/06 15:26:44 INFO FileSourceStrategy: Pushed Filters: IsNotNull(patient_id)
[2026-04-06T15:26:44.071+0000] {subprocess.py:93} INFO - 26/04/06 15:26:44 INFO FileSourceStrategy: Post-Scan Filters: isnotnull(patient_id#29)
[2026-04-06T15:26:44.381+0000] {subprocess.py:93} INFO - 26/04/06 15:26:44 INFO CodeGenerator: Code generated in 161.978995 ms
[2026-04-06T15:26:44.400+0000] {subprocess.py:93} INFO - 26/04/06 15:26:44 INFO MemoryStore: Block broadcast_3 stored as values in memory (estimated size 204.3 KiB, free 434.2 MiB)
[2026-04-06T15:26:44.404+0000] {subprocess.py:93} INFO - 26/04/06 15:26:44 INFO MemoryStore: Block broadcast_3_piece0 stored as bytes in memory (estimated size 35.8 KiB, free 434.2 MiB)
[2026-04-06T15:26:44.404+0000] {subprocess.py:93} INFO - 26/04/06 15:26:44 INFO BlockManagerInfo: Added broadcast_3_piece0 in memory on 7c36fe5f1e47:41871 (size: 35.8 KiB, free: 434.4 MiB)
[2026-04-06T15:26:44.405+0000] {subprocess.py:93} INFO - 26/04/06 15:26:44 INFO SparkContext: Created broadcast 3 from parquet at NativeMethodAccessorImpl.java:0
[2026-04-06T15:26:44.411+0000] {subprocess.py:93} INFO - 26/04/06 15:26:44 INFO FileSourceScanExec: Planning scan with bin packing, max size: 4194304 bytes, open cost is considered as scanning 4194304 bytes.
[2026-04-06T15:26:44.462+0000] {subprocess.py:93} INFO - 26/04/06 15:26:44 INFO DAGScheduler: Registering RDD 9 (parquet at NativeMethodAccessorImpl.java:0) as input to shuffle 0
[2026-04-06T15:26:44.464+0000] {subprocess.py:93} INFO - 26/04/06 15:26:44 INFO DAGScheduler: Got map stage job 3 (parquet at NativeMethodAccessorImpl.java:0) with 1 output partitions
[2026-04-06T15:26:44.464+0000] {subprocess.py:93} INFO - 26/04/06 15:26:44 INFO DAGScheduler: Final stage: ShuffleMapStage 3 (parquet at NativeMethodAccessorImpl.java:0)
[2026-04-06T15:26:44.465+0000] {subprocess.py:93} INFO - 26/04/06 15:26:44 INFO DAGScheduler: Parents of final stage: List()
[2026-04-06T15:26:44.465+0000] {subprocess.py:93} INFO - 26/04/06 15:26:44 INFO DAGScheduler: Missing parents: List()
[2026-04-06T15:26:44.465+0000] {subprocess.py:93} INFO - 26/04/06 15:26:44 INFO DAGScheduler: Submitting ShuffleMapStage 3 (MapPartitionsRDD[9] at parquet at NativeMethodAccessorImpl.java:0), which has no missing parents
[2026-04-06T15:26:44.474+0000] {subprocess.py:93} INFO - 26/04/06 15:26:44 INFO MemoryStore: Block broadcast_4 stored as values in memory (estimated size 39.7 KiB, free 434.1 MiB)
[2026-04-06T15:26:44.479+0000] {subprocess.py:93} INFO - 26/04/06 15:26:44 INFO MemoryStore: Block broadcast_4_piece0 stored as bytes in memory (estimated size 17.9 KiB, free 434.1 MiB)
[2026-04-06T15:26:44.480+0000] {subprocess.py:93} INFO - 26/04/06 15:26:44 INFO BlockManagerInfo: Added broadcast_4_piece0 in memory on 7c36fe5f1e47:41871 (size: 17.9 KiB, free: 434.3 MiB)
[2026-04-06T15:26:44.481+0000] {subprocess.py:93} INFO - 26/04/06 15:26:44 INFO SparkContext: Created broadcast 4 from broadcast at DAGScheduler.scala:1611
[2026-04-06T15:26:44.482+0000] {subprocess.py:93} INFO - 26/04/06 15:26:44 INFO DAGScheduler: Submitting 1 missing tasks from ShuffleMapStage 3 (MapPartitionsRDD[9] at parquet at NativeMethodAccessorImpl.java:0) (first 15 tasks are for partitions Vector(0))
[2026-04-06T15:26:44.482+0000] {subprocess.py:93} INFO - 26/04/06 15:26:44 INFO TaskSchedulerImpl: Adding task set 3.0 with 1 tasks resource profile 0
[2026-04-06T15:26:44.485+0000] {subprocess.py:93} INFO - 26/04/06 15:26:44 INFO TaskSetManager: Starting task 0.0 in stage 3.0 (TID 3) (172.18.0.6, executor 0, partition 0, PROCESS_LOCAL, 10397 bytes)
[2026-04-06T15:26:44.506+0000] {subprocess.py:93} INFO - 26/04/06 15:26:44 INFO CodeGenerator: Code generated in 32.978012 ms
[2026-04-06T15:26:44.508+0000] {subprocess.py:93} INFO - 26/04/06 15:26:44 INFO BlockManagerInfo: Added broadcast_4_piece0 in memory on 172.18.0.6:45947 (size: 17.9 KiB, free: 434.4 MiB)
[2026-04-06T15:26:44.509+0000] {subprocess.py:93} INFO - 26/04/06 15:26:44 INFO MemoryStore: Block broadcast_5 stored as values in memory (estimated size 204.5 KiB, free 433.9 MiB)
[2026-04-06T15:26:44.518+0000] {subprocess.py:93} INFO - 26/04/06 15:26:44 INFO MemoryStore: Block broadcast_5_piece0 stored as bytes in memory (estimated size 35.9 KiB, free 433.9 MiB)
[2026-04-06T15:26:44.519+0000] {subprocess.py:93} INFO - 26/04/06 15:26:44 INFO BlockManagerInfo: Added broadcast_5_piece0 in memory on 7c36fe5f1e47:41871 (size: 35.9 KiB, free: 434.3 MiB)
[2026-04-06T15:26:44.520+0000] {subprocess.py:93} INFO - 26/04/06 15:26:44 INFO SparkContext: Created broadcast 5 from parquet at NativeMethodAccessorImpl.java:0
[2026-04-06T15:26:44.521+0000] {subprocess.py:93} INFO - 26/04/06 15:26:44 INFO FileSourceScanExec: Planning scan with bin packing, max size: 4194304 bytes, open cost is considered as scanning 4194304 bytes.
[2026-04-06T15:26:44.529+0000] {subprocess.py:93} INFO - 26/04/06 15:26:44 INFO DAGScheduler: Registering RDD 13 (parquet at NativeMethodAccessorImpl.java:0) as input to shuffle 1
[2026-04-06T15:26:44.529+0000] {subprocess.py:93} INFO - 26/04/06 15:26:44 INFO DAGScheduler: Got map stage job 4 (parquet at NativeMethodAccessorImpl.java:0) with 1 output partitions
[2026-04-06T15:26:44.530+0000] {subprocess.py:93} INFO - 26/04/06 15:26:44 INFO DAGScheduler: Final stage: ShuffleMapStage 4 (parquet at NativeMethodAccessorImpl.java:0)
[2026-04-06T15:26:44.530+0000] {subprocess.py:93} INFO - 26/04/06 15:26:44 INFO DAGScheduler: Parents of final stage: List()
[2026-04-06T15:26:44.530+0000] {subprocess.py:93} INFO - 26/04/06 15:26:44 INFO DAGScheduler: Missing parents: List()
[2026-04-06T15:26:44.531+0000] {subprocess.py:93} INFO - 26/04/06 15:26:44 INFO DAGScheduler: Submitting ShuffleMapStage 4 (MapPartitionsRDD[13] at parquet at NativeMethodAccessorImpl.java:0), which has no missing parents
[2026-04-06T15:26:44.534+0000] {subprocess.py:93} INFO - 26/04/06 15:26:44 INFO MemoryStore: Block broadcast_6 stored as values in memory (estimated size 45.3 KiB, free 433.8 MiB)
[2026-04-06T15:26:44.539+0000] {subprocess.py:93} INFO - 26/04/06 15:26:44 INFO MemoryStore: Block broadcast_6_piece0 stored as bytes in memory (estimated size 19.9 KiB, free 433.8 MiB)
[2026-04-06T15:26:44.540+0000] {subprocess.py:93} INFO - 26/04/06 15:26:44 INFO BlockManagerInfo: Added broadcast_6_piece0 in memory on 7c36fe5f1e47:41871 (size: 19.9 KiB, free: 434.3 MiB)
[2026-04-06T15:26:44.540+0000] {subprocess.py:93} INFO - 26/04/06 15:26:44 INFO SparkContext: Created broadcast 6 from broadcast at DAGScheduler.scala:1611
[2026-04-06T15:26:44.540+0000] {subprocess.py:93} INFO - 26/04/06 15:26:44 INFO DAGScheduler: Submitting 1 missing tasks from ShuffleMapStage 4 (MapPartitionsRDD[13] at parquet at NativeMethodAccessorImpl.java:0) (first 15 tasks are for partitions Vector(0))
[2026-04-06T15:26:44.541+0000] {subprocess.py:93} INFO - 26/04/06 15:26:44 INFO TaskSchedulerImpl: Adding task set 4.0 with 1 tasks resource profile 0
[2026-04-06T15:26:44.542+0000] {subprocess.py:93} INFO - 26/04/06 15:26:44 INFO TaskSetManager: Starting task 0.0 in stage 4.0 (TID 4) (172.18.0.6, executor 0, partition 0, PROCESS_LOCAL, 10399 bytes)
[2026-04-06T15:26:44.557+0000] {subprocess.py:93} INFO - 26/04/06 15:26:44 INFO BlockManagerInfo: Added broadcast_6_piece0 in memory on 172.18.0.6:45947 (size: 19.9 KiB, free: 434.4 MiB)
[2026-04-06T15:26:45.024+0000] {subprocess.py:93} INFO - 26/04/06 15:26:45 INFO BlockManagerInfo: Added broadcast_3_piece0 in memory on 172.18.0.6:45947 (size: 35.8 KiB, free: 434.3 MiB)
[2026-04-06T15:26:45.024+0000] {subprocess.py:93} INFO - 26/04/06 15:26:45 INFO BlockManagerInfo: Added broadcast_5_piece0 in memory on 172.18.0.6:45947 (size: 35.9 KiB, free: 434.3 MiB)
[2026-04-06T15:26:45.421+0000] {subprocess.py:93} INFO - 26/04/06 15:26:45 INFO TaskSetManager: Finished task 0.0 in stage 3.0 (TID 3) in 938 ms on 172.18.0.6 (executor 0) (1/1)
[2026-04-06T15:26:45.421+0000] {subprocess.py:93} INFO - 26/04/06 15:26:45 INFO TaskSchedulerImpl: Removed TaskSet 3.0, whose tasks have all completed, from pool
[2026-04-06T15:26:45.423+0000] {subprocess.py:93} INFO - 26/04/06 15:26:45 INFO TaskSetManager: Finished task 0.0 in stage 4.0 (TID 4) in 879 ms on 172.18.0.6 (executor 0) (1/1)
[2026-04-06T15:26:45.424+0000] {subprocess.py:93} INFO - 26/04/06 15:26:45 INFO TaskSchedulerImpl: Removed TaskSet 4.0, whose tasks have all completed, from pool
[2026-04-06T15:26:45.424+0000] {subprocess.py:93} INFO - 26/04/06 15:26:45 INFO DAGScheduler: ShuffleMapStage 3 (parquet at NativeMethodAccessorImpl.java:0) finished in 0.955 s
[2026-04-06T15:26:45.424+0000] {subprocess.py:93} INFO - 26/04/06 15:26:45 INFO DAGScheduler: looking for newly runnable stages
[2026-04-06T15:26:45.424+0000] {subprocess.py:93} INFO - 26/04/06 15:26:45 INFO DAGScheduler: running: Set(ShuffleMapStage 4)
[2026-04-06T15:26:45.425+0000] {subprocess.py:93} INFO - 26/04/06 15:26:45 INFO DAGScheduler: waiting: Set()
[2026-04-06T15:26:45.425+0000] {subprocess.py:93} INFO - 26/04/06 15:26:45 INFO DAGScheduler: failed: Set()
[2026-04-06T15:26:45.427+0000] {subprocess.py:93} INFO - 26/04/06 15:26:45 INFO DAGScheduler: ShuffleMapStage 4 (parquet at NativeMethodAccessorImpl.java:0) finished in 0.895 s
[2026-04-06T15:26:45.427+0000] {subprocess.py:93} INFO - 26/04/06 15:26:45 INFO DAGScheduler: looking for newly runnable stages
[2026-04-06T15:26:45.427+0000] {subprocess.py:93} INFO - 26/04/06 15:26:45 INFO DAGScheduler: running: Set()
[2026-04-06T15:26:45.428+0000] {subprocess.py:93} INFO - 26/04/06 15:26:45 INFO DAGScheduler: waiting: Set()
[2026-04-06T15:26:45.428+0000] {subprocess.py:93} INFO - 26/04/06 15:26:45 INFO DAGScheduler: failed: Set()
[2026-04-06T15:26:45.436+0000] {subprocess.py:93} INFO - 26/04/06 15:26:45 INFO FileSourceStrategy: Pushed Filters:
[2026-04-06T15:26:45.436+0000] {subprocess.py:93} INFO - 26/04/06 15:26:45 INFO FileSourceStrategy: Post-Scan Filters:
[2026-04-06T15:26:45.443+0000] {subprocess.py:93} INFO - 26/04/06 15:26:45 INFO ShufflePartitionsUtil: For shuffle(0), advisory target size: 67108864, actual target size 1048576, minimum partition size: 1048576
[2026-04-06T15:26:45.461+0000] {subprocess.py:93} INFO - 26/04/06 15:26:45 INFO HashAggregateExec: spark.sql.codegen.aggregate.map.twolevel.enabled is set to true, but current version of codegened fast hashmap does not support this aggregate.
[2026-04-06T15:26:45.464+0000] {subprocess.py:93} INFO - 26/04/06 15:26:45 INFO FileSourceStrategy: Pushed Filters:
[2026-04-06T15:26:45.465+0000] {subprocess.py:93} INFO - 26/04/06 15:26:45 INFO FileSourceStrategy: Post-Scan Filters:
[2026-04-06T15:26:45.466+0000] {subprocess.py:93} INFO - 26/04/06 15:26:45 INFO ShufflePartitionsUtil: For shuffle(1), advisory target size: 67108864, actual target size 1048576, minimum partition size: 1048576
[2026-04-06T15:26:45.474+0000] {subprocess.py:93} INFO - 26/04/06 15:26:45 INFO CodeGenerator: Code generated in 9.022074 ms
[2026-04-06T15:26:45.475+0000] {subprocess.py:93} INFO - 26/04/06 15:26:45 INFO HashAggregateExec: spark.sql.codegen.aggregate.map.twolevel.enabled is set to true, but current version of codegened fast hashmap does not support this aggregate.
[2026-04-06T15:26:45.489+0000] {subprocess.py:93} INFO - 26/04/06 15:26:45 INFO SparkContext: Starting job: $anonfun$withThreadLocalCaptured$1 at FutureTask.java:264
[2026-04-06T15:26:45.490+0000] {subprocess.py:93} INFO - 26/04/06 15:26:45 INFO DAGScheduler: Got job 5 ($anonfun$withThreadLocalCaptured$1 at FutureTask.java:264) with 1 output partitions
[2026-04-06T15:26:45.497+0000] {subprocess.py:93} INFO - 26/04/06 15:26:45 INFO DAGScheduler: Final stage: ResultStage 6 ($anonfun$withThreadLocalCaptured$1 at FutureTask.java:264)
[2026-04-06T15:26:45.497+0000] {subprocess.py:93} INFO - 26/04/06 15:26:45 INFO DAGScheduler: Parents of final stage: List(ShuffleMapStage 5)
[2026-04-06T15:26:45.498+0000] {subprocess.py:93} INFO - 26/04/06 15:26:45 INFO DAGScheduler: Missing parents: List()
[2026-04-06T15:26:45.498+0000] {subprocess.py:93} INFO - 26/04/06 15:26:45 INFO DAGScheduler: Submitting ResultStage 6 (MapPartitionsRDD[16] at $anonfun$withThreadLocalCaptured$1 at FutureTask.java:264), which has no missing parents
[2026-04-06T15:26:45.498+0000] {subprocess.py:93} INFO - 26/04/06 15:26:45 INFO CodeGenerator: Code generated in 11.07205 ms
[2026-04-06T15:26:45.502+0000] {subprocess.py:93} INFO - 26/04/06 15:26:45 INFO MemoryStore: Block broadcast_7 stored as values in memory (estimated size 39.2 KiB, free 433.8 MiB)
[2026-04-06T15:26:45.507+0000] {subprocess.py:93} INFO - 26/04/06 15:26:45 INFO MemoryStore: Block broadcast_7_piece0 stored as bytes in memory (estimated size 18.3 KiB, free 433.8 MiB)
[2026-04-06T15:26:45.508+0000] {subprocess.py:93} INFO - 26/04/06 15:26:45 INFO SparkContext: Starting job: $anonfun$withThreadLocalCaptured$1 at FutureTask.java:264
[2026-04-06T15:26:45.509+0000] {subprocess.py:93} INFO - 26/04/06 15:26:45 INFO BlockManagerInfo: Added broadcast_7_piece0 in memory on 7c36fe5f1e47:41871 (size: 18.3 KiB, free: 434.3 MiB)
[2026-04-06T15:26:45.509+0000] {subprocess.py:93} INFO - 26/04/06 15:26:45 INFO BlockManagerInfo: Removed broadcast_6_piece0 on 7c36fe5f1e47:41871 in memory (size: 19.9 KiB, free: 434.3 MiB)
[2026-04-06T15:26:45.510+0000] {subprocess.py:93} INFO - 26/04/06 15:26:45 INFO SparkContext: Created broadcast 7 from broadcast at DAGScheduler.scala:1611
[2026-04-06T15:26:45.510+0000] {subprocess.py:93} INFO - 26/04/06 15:26:45 INFO DAGScheduler: Submitting 1 missing tasks from ResultStage 6 (MapPartitionsRDD[16] at $anonfun$withThreadLocalCaptured$1 at FutureTask.java:264) (first 15 tasks are for partitions Vector(0))
[2026-04-06T15:26:45.511+0000] {subprocess.py:93} INFO - 26/04/06 15:26:45 INFO TaskSchedulerImpl: Adding task set 6.0 with 1 tasks resource profile 0
[2026-04-06T15:26:45.511+0000] {subprocess.py:93} INFO - 26/04/06 15:26:45 INFO BlockManagerInfo: Removed broadcast_6_piece0 on 172.18.0.6:45947 in memory (size: 19.9 KiB, free: 434.3 MiB)
[2026-04-06T15:26:45.512+0000] {subprocess.py:93} INFO - 26/04/06 15:26:45 INFO DAGScheduler: Got job 6 ($anonfun$withThreadLocalCaptured$1 at FutureTask.java:264) with 1 output partitions
[2026-04-06T15:26:45.513+0000] {subprocess.py:93} INFO - 26/04/06 15:26:45 INFO DAGScheduler: Final stage: ResultStage 8 ($anonfun$withThreadLocalCaptured$1 at FutureTask.java:264)
[2026-04-06T15:26:45.513+0000] {subprocess.py:93} INFO - 26/04/06 15:26:45 INFO DAGScheduler: Parents of final stage: List(ShuffleMapStage 7)
[2026-04-06T15:26:45.514+0000] {subprocess.py:93} INFO - 26/04/06 15:26:45 INFO DAGScheduler: Missing parents: List()
[2026-04-06T15:26:45.514+0000] {subprocess.py:93} INFO - 26/04/06 15:26:45 INFO DAGScheduler: Submitting ResultStage 8 (MapPartitionsRDD[19] at $anonfun$withThreadLocalCaptured$1 at FutureTask.java:264), which has no missing parents
[2026-04-06T15:26:45.514+0000] {subprocess.py:93} INFO - 26/04/06 15:26:45 INFO TaskSetManager: Starting task 0.0 in stage 6.0 (TID 5) (172.18.0.6, executor 0, partition 0, NODE_LOCAL, 9733 bytes)
[2026-04-06T15:26:45.516+0000] {subprocess.py:93} INFO - 26/04/06 15:26:45 INFO BlockManagerInfo: Removed broadcast_4_piece0 on 7c36fe5f1e47:41871 in memory (size: 17.9 KiB, free: 434.3 MiB)
[2026-04-06T15:26:45.519+0000] {subprocess.py:93} INFO - 26/04/06 15:26:45 INFO BlockManagerInfo: Removed broadcast_4_piece0 on 172.18.0.6:45947 in memory (size: 17.9 KiB, free: 434.3 MiB)
[2026-04-06T15:26:45.520+0000] {subprocess.py:93} INFO - 26/04/06 15:26:45 INFO MemoryStore: Block broadcast_8 stored as values in memory (estimated size 46.8 KiB, free 433.8 MiB)
[2026-04-06T15:26:45.524+0000] {subprocess.py:93} INFO - 26/04/06 15:26:45 INFO MemoryStore: Block broadcast_8_piece0 stored as bytes in memory (estimated size 21.0 KiB, free 433.8 MiB)
[2026-04-06T15:26:45.525+0000] {subprocess.py:93} INFO - 26/04/06 15:26:45 INFO BlockManagerInfo: Added broadcast_8_piece0 in memory on 7c36fe5f1e47:41871 (size: 21.0 KiB, free: 434.3 MiB)
[2026-04-06T15:26:45.528+0000] {subprocess.py:93} INFO - 26/04/06 15:26:45 INFO SparkContext: Created broadcast 8 from broadcast at DAGScheduler.scala:1611
[2026-04-06T15:26:45.529+0000] {subprocess.py:93} INFO - 26/04/06 15:26:45 INFO DAGScheduler: Submitting 1 missing tasks from ResultStage 8 (MapPartitionsRDD[19] at $anonfun$withThreadLocalCaptured$1 at FutureTask.java:264) (first 15 tasks are for partitions Vector(0))
[2026-04-06T15:26:45.529+0000] {subprocess.py:93} INFO - 26/04/06 15:26:45 INFO TaskSchedulerImpl: Adding task set 8.0 with 1 tasks resource profile 0
[2026-04-06T15:26:45.530+0000] {subprocess.py:93} INFO - 26/04/06 15:26:45 INFO TaskSetManager: Starting task 0.0 in stage 8.0 (TID 6) (172.18.0.6, executor 0, partition 0, NODE_LOCAL, 9733 bytes)
[2026-04-06T15:26:45.532+0000] {subprocess.py:93} INFO - 26/04/06 15:26:45 INFO BlockManagerInfo: Added broadcast_7_piece0 in memory on 172.18.0.6:45947 (size: 18.3 KiB, free: 434.3 MiB)
[2026-04-06T15:26:45.542+0000] {subprocess.py:93} INFO - 26/04/06 15:26:45 INFO BlockManagerInfo: Added broadcast_8_piece0 in memory on 172.18.0.6:45947 (size: 21.0 KiB, free: 434.3 MiB)
[2026-04-06T15:26:45.572+0000] {subprocess.py:93} INFO - 26/04/06 15:26:45 INFO MapOutputTrackerMasterEndpoint: Asked to send map output locations for shuffle 1 to 172.18.0.6:42954
[2026-04-06T15:26:45.572+0000] {subprocess.py:93} INFO - 26/04/06 15:26:45 INFO MapOutputTrackerMasterEndpoint: Asked to send map output locations for shuffle 0 to 172.18.0.6:42954
[2026-04-06T15:26:45.664+0000] {subprocess.py:93} INFO - 26/04/06 15:26:45 INFO TaskSetManager: Finished task 0.0 in stage 8.0 (TID 6) in 136 ms on 172.18.0.6 (executor 0) (1/1)
[2026-04-06T15:26:45.665+0000] {subprocess.py:93} INFO - 26/04/06 15:26:45 INFO TaskSchedulerImpl: Removed TaskSet 8.0, whose tasks have all completed, from pool
[2026-04-06T15:26:45.665+0000] {subprocess.py:93} INFO - 26/04/06 15:26:45 INFO TaskSetManager: Finished task 0.0 in stage 6.0 (TID 5) in 152 ms on 172.18.0.6 (executor 0) (1/1)
[2026-04-06T15:26:45.665+0000] {subprocess.py:93} INFO - 26/04/06 15:26:45 INFO TaskSchedulerImpl: Removed TaskSet 6.0, whose tasks have all completed, from pool
[2026-04-06T15:26:45.666+0000] {subprocess.py:93} INFO - 26/04/06 15:26:45 INFO DAGScheduler: ResultStage 8 ($anonfun$withThreadLocalCaptured$1 at FutureTask.java:264) finished in 0.148 s
[2026-04-06T15:26:45.666+0000] {subprocess.py:93} INFO - 26/04/06 15:26:45 INFO DAGScheduler: Job 6 is finished. Cancelling potential speculative or zombie tasks for this job
[2026-04-06T15:26:45.667+0000] {subprocess.py:93} INFO - 26/04/06 15:26:45 INFO TaskSchedulerImpl: Killing all running tasks in stage 8: Stage finished
[2026-04-06T15:26:45.667+0000] {subprocess.py:93} INFO - 26/04/06 15:26:45 INFO DAGScheduler: Job 6 finished: $anonfun$withThreadLocalCaptured$1 at FutureTask.java:264, took 0.157828 s
[2026-04-06T15:26:45.667+0000] {subprocess.py:93} INFO - 26/04/06 15:26:45 INFO DAGScheduler: ResultStage 6 ($anonfun$withThreadLocalCaptured$1 at FutureTask.java:264) finished in 0.167 s
[2026-04-06T15:26:45.668+0000] {subprocess.py:93} INFO - 26/04/06 15:26:45 INFO DAGScheduler: Job 5 is finished. Cancelling potential speculative or zombie tasks for this job
[2026-04-06T15:26:45.668+0000] {subprocess.py:93} INFO - 26/04/06 15:26:45 INFO TaskSchedulerImpl: Killing all running tasks in stage 6: Stage finished
[2026-04-06T15:26:45.669+0000] {subprocess.py:93} INFO - 26/04/06 15:26:45 INFO DAGScheduler: Job 5 finished: $anonfun$withThreadLocalCaptured$1 at FutureTask.java:264, took 0.178482 s
[2026-04-06T15:26:45.682+0000] {subprocess.py:93} INFO - 26/04/06 15:26:45 INFO CodeGenerator: Code generated in 5.314063 ms
[2026-04-06T15:26:45.688+0000] {subprocess.py:93} INFO - 26/04/06 15:26:45 INFO BlockManagerInfo: Removed broadcast_7_piece0 on 7c36fe5f1e47:41871 in memory (size: 18.3 KiB, free: 434.3 MiB)
[2026-04-06T15:26:45.693+0000] {subprocess.py:93} INFO - 26/04/06 15:26:45 INFO BlockManagerInfo: Removed broadcast_7_piece0 on 172.18.0.6:45947 in memory (size: 18.3 KiB, free: 434.3 MiB)
[2026-04-06T15:26:45.696+0000] {subprocess.py:93} INFO - 26/04/06 15:26:45 INFO BlockManagerInfo: Removed broadcast_8_piece0 on 7c36fe5f1e47:41871 in memory (size: 21.0 KiB, free: 434.3 MiB)
[2026-04-06T15:26:45.698+0000] {subprocess.py:93} INFO - 26/04/06 15:26:45 INFO BlockManagerInfo: Removed broadcast_8_piece0 on 172.18.0.6:45947 in memory (size: 21.0 KiB, free: 434.3 MiB)
[2026-04-06T15:26:45.701+0000] {subprocess.py:93} INFO - 26/04/06 15:26:45 INFO MemoryStore: Block broadcast_10_piece0 stored as bytes in memory (estimated size 14.9 KiB, free 433.9 MiB)
[2026-04-06T15:26:45.702+0000] {subprocess.py:93} INFO - 26/04/06 15:26:45 INFO MemoryStore: Block broadcast_9_piece0 stored as bytes in memory (estimated size 22.8 KiB, free 433.9 MiB)
[2026-04-06T15:26:45.705+0000] {subprocess.py:93} INFO - 26/04/06 15:26:45 INFO BlockManagerInfo: Added broadcast_10_piece0 in memory on 7c36fe5f1e47:41871 (size: 14.9 KiB, free: 434.3 MiB)
[2026-04-06T15:26:45.705+0000] {subprocess.py:93} INFO - 26/04/06 15:26:45 INFO SparkContext: Created broadcast 10 from $anonfun$withThreadLocalCaptured$1 at FutureTask.java:264
[2026-04-06T15:26:45.706+0000] {subprocess.py:93} INFO - 26/04/06 15:26:45 INFO BlockManagerInfo: Added broadcast_9_piece0 in memory on 7c36fe5f1e47:41871 (size: 22.8 KiB, free: 434.3 MiB)
[2026-04-06T15:26:45.707+0000] {subprocess.py:93} INFO - 26/04/06 15:26:45 INFO SparkContext: Created broadcast 9 from $anonfun$withThreadLocalCaptured$1 at FutureTask.java:264
[2026-04-06T15:26:45.712+0000] {subprocess.py:93} INFO - 26/04/06 15:26:45 INFO FileSourceStrategy: Pushed Filters:
[2026-04-06T15:26:45.713+0000] {subprocess.py:93} INFO - 26/04/06 15:26:45 INFO FileSourceStrategy: Post-Scan Filters:
[2026-04-06T15:26:45.716+0000] {subprocess.py:93} INFO - 26/04/06 15:26:45 INFO FileSourceStrategy: Pushed Filters:
[2026-04-06T15:26:45.717+0000] {subprocess.py:93} INFO - 26/04/06 15:26:45 INFO FileSourceStrategy: Post-Scan Filters:
[2026-04-06T15:26:45.830+0000] {subprocess.py:93} INFO - 26/04/06 15:26:45 INFO ParquetUtils: Using default output committer for Parquet: org.apache.parquet.hadoop.ParquetOutputCommitter
[2026-04-06T15:26:45.837+0000] {subprocess.py:93} INFO - 26/04/06 15:26:45 INFO FileOutputCommitter: File Output Committer Algorithm version is 1
[2026-04-06T15:26:45.838+0000] {subprocess.py:93} INFO - 26/04/06 15:26:45 INFO FileOutputCommitter: FileOutputCommitter skip cleanup _temporary folders under output directory:false, ignore cleanup failures: false
[2026-04-06T15:26:45.838+0000] {subprocess.py:93} INFO - 26/04/06 15:26:45 INFO SQLHadoopMapReduceCommitProtocol: Using user defined output committer class org.apache.parquet.hadoop.ParquetOutputCommitter
[2026-04-06T15:26:45.838+0000] {subprocess.py:93} INFO - 26/04/06 15:26:45 INFO FileOutputCommitter: File Output Committer Algorithm version is 1
[2026-04-06T15:26:45.839+0000] {subprocess.py:93} INFO - 26/04/06 15:26:45 INFO FileOutputCommitter: FileOutputCommitter skip cleanup _temporary folders under output directory:false, ignore cleanup failures: false
[2026-04-06T15:26:45.839+0000] {subprocess.py:93} INFO - 26/04/06 15:26:45 INFO SQLHadoopMapReduceCommitProtocol: Using output committer class org.apache.parquet.hadoop.ParquetOutputCommitter
[2026-04-06T15:26:45.895+0000] {subprocess.py:93} INFO - 26/04/06 15:26:45 INFO CodeGenerator: Code generated in 11.851778 ms
[2026-04-06T15:26:45.898+0000] {subprocess.py:93} INFO - 26/04/06 15:26:45 INFO MemoryStore: Block broadcast_11 stored as values in memory (estimated size 205.1 KiB, free 433.7 MiB)
[2026-04-06T15:26:45.905+0000] {subprocess.py:93} INFO - 26/04/06 15:26:45 INFO MemoryStore: Block broadcast_11_piece0 stored as bytes in memory (estimated size 36.0 KiB, free 433.7 MiB)
[2026-04-06T15:26:45.906+0000] {subprocess.py:93} INFO - 26/04/06 15:26:45 INFO BlockManagerInfo: Added broadcast_11_piece0 in memory on 7c36fe5f1e47:41871 (size: 36.0 KiB, free: 434.3 MiB)
[2026-04-06T15:26:45.909+0000] {subprocess.py:93} INFO - 26/04/06 15:26:45 INFO SparkContext: Created broadcast 11 from parquet at NativeMethodAccessorImpl.java:0
[2026-04-06T15:26:45.909+0000] {subprocess.py:93} INFO - 26/04/06 15:26:45 INFO FileSourceScanExec: Planning scan with bin packing, max size: 4194304 bytes, open cost is considered as scanning 4194304 bytes.
[2026-04-06T15:26:45.913+0000] {subprocess.py:93} INFO - 26/04/06 15:26:45 INFO SparkContext: Starting job: parquet at NativeMethodAccessorImpl.java:0
[2026-04-06T15:26:45.914+0000] {subprocess.py:93} INFO - 26/04/06 15:26:45 INFO DAGScheduler: Got job 7 (parquet at NativeMethodAccessorImpl.java:0) with 1 output partitions
[2026-04-06T15:26:45.914+0000] {subprocess.py:93} INFO - 26/04/06 15:26:45 INFO DAGScheduler: Final stage: ResultStage 9 (parquet at NativeMethodAccessorImpl.java:0)
[2026-04-06T15:26:45.914+0000] {subprocess.py:93} INFO - 26/04/06 15:26:45 INFO DAGScheduler: Parents of final stage: List()
[2026-04-06T15:26:45.915+0000] {subprocess.py:93} INFO - 26/04/06 15:26:45 INFO DAGScheduler: Missing parents: List()
[2026-04-06T15:26:45.917+0000] {subprocess.py:93} INFO - 26/04/06 15:26:45 INFO DAGScheduler: Submitting ResultStage 9 (MapPartitionsRDD[23] at parquet at NativeMethodAccessorImpl.java:0), which has no missing parents
[2026-04-06T15:26:45.931+0000] {subprocess.py:93} INFO - 26/04/06 15:26:45 INFO MemoryStore: Block broadcast_12 stored as values in memory (estimated size 229.9 KiB, free 433.4 MiB)
[2026-04-06T15:26:45.936+0000] {subprocess.py:93} INFO - 26/04/06 15:26:45 INFO MemoryStore: Block broadcast_12_piece0 stored as bytes in memory (estimated size 81.7 KiB, free 433.4 MiB)
[2026-04-06T15:26:45.941+0000] {subprocess.py:93} INFO - 26/04/06 15:26:45 INFO BlockManagerInfo: Added broadcast_12_piece0 in memory on 7c36fe5f1e47:41871 (size: 81.7 KiB, free: 434.2 MiB)
[2026-04-06T15:26:45.943+0000] {subprocess.py:93} INFO - 26/04/06 15:26:45 INFO SparkContext: Created broadcast 12 from broadcast at DAGScheduler.scala:1611
[2026-04-06T15:26:45.944+0000] {subprocess.py:93} INFO - 26/04/06 15:26:45 INFO DAGScheduler: Submitting 1 missing tasks from ResultStage 9 (MapPartitionsRDD[23] at parquet at NativeMethodAccessorImpl.java:0) (first 15 tasks are for partitions Vector(0))
[2026-04-06T15:26:45.944+0000] {subprocess.py:93} INFO - 26/04/06 15:26:45 INFO TaskSchedulerImpl: Adding task set 9.0 with 1 tasks resource profile 0
[2026-04-06T15:26:45.944+0000] {subprocess.py:93} INFO - 26/04/06 15:26:45 INFO TaskSetManager: Starting task 0.0 in stage 9.0 (TID 7) (172.18.0.6, executor 0, partition 0, PROCESS_LOCAL, 10406 bytes)
[2026-04-06T15:26:45.954+0000] {subprocess.py:93} INFO - 26/04/06 15:26:45 INFO BlockManagerInfo: Added broadcast_12_piece0 in memory on 172.18.0.6:45947 (size: 81.7 KiB, free: 434.3 MiB)
[2026-04-06T15:26:46.011+0000] {subprocess.py:93} INFO - 26/04/06 15:26:46 INFO BlockManagerInfo: Added broadcast_10_piece0 in memory on 172.18.0.6:45947 (size: 14.9 KiB, free: 434.2 MiB)
[2026-04-06T15:26:46.029+0000] {subprocess.py:93} INFO - 26/04/06 15:26:46 INFO BlockManagerInfo: Added broadcast_9_piece0 in memory on 172.18.0.6:45947 (size: 22.8 KiB, free: 434.2 MiB)
[2026-04-06T15:26:46.146+0000] {subprocess.py:93} INFO - 26/04/06 15:26:46 INFO BlockManagerInfo: Added broadcast_11_piece0 in memory on 172.18.0.6:45947 (size: 36.0 KiB, free: 434.2 MiB)
[2026-04-06T15:26:46.519+0000] {subprocess.py:93} INFO - 26/04/06 15:26:46 INFO TaskSetManager: Finished task 0.0 in stage 9.0 (TID 7) in 580 ms on 172.18.0.6 (executor 0) (1/1)
[2026-04-06T15:26:46.520+0000] {subprocess.py:93} INFO - 26/04/06 15:26:46 INFO TaskSchedulerImpl: Removed TaskSet 9.0, whose tasks have all completed, from pool
[2026-04-06T15:26:46.520+0000] {subprocess.py:93} INFO - 26/04/06 15:26:46 INFO DAGScheduler: ResultStage 9 (parquet at NativeMethodAccessorImpl.java:0) finished in 0.602 s
[2026-04-06T15:26:46.520+0000] {subprocess.py:93} INFO - 26/04/06 15:26:46 INFO DAGScheduler: Job 7 is finished. Cancelling potential speculative or zombie tasks for this job
[2026-04-06T15:26:46.520+0000] {subprocess.py:93} INFO - 26/04/06 15:26:46 INFO TaskSchedulerImpl: Killing all running tasks in stage 9: Stage finished
[2026-04-06T15:26:46.521+0000] {subprocess.py:93} INFO - 26/04/06 15:26:46 INFO DAGScheduler: Job 7 finished: parquet at NativeMethodAccessorImpl.java:0, took 0.607247 s
[2026-04-06T15:26:46.522+0000] {subprocess.py:93} INFO - 26/04/06 15:26:46 INFO FileFormatWriter: Start to commit write Job f845c89f-19cd-4149-9346-436984f7414f.
[2026-04-06T15:26:46.625+0000] {subprocess.py:93} INFO - 26/04/06 15:26:46 INFO FileFormatWriter: Write Job f845c89f-19cd-4149-9346-436984f7414f committed. Elapsed time: 102 ms.
[2026-04-06T15:26:46.627+0000] {subprocess.py:93} INFO - 26/04/06 15:26:46 INFO FileFormatWriter: Finished processing stats for write job f845c89f-19cd-4149-9346-436984f7414f.
[2026-04-06T15:26:46.629+0000] {subprocess.py:93} INFO - Gold patient_360 built successfully.
[2026-04-06T15:26:46.629+0000] {subprocess.py:93} INFO - 26/04/06 15:26:46 INFO SparkContext: SparkContext is stopping with exitCode 0.
[2026-04-06T15:26:46.636+0000] {subprocess.py:93} INFO - 26/04/06 15:26:46 INFO SparkUI: Stopped Spark web UI at http://7c36fe5f1e47:4040
[2026-04-06T15:26:46.637+0000] {subprocess.py:93} INFO - 26/04/06 15:26:46 INFO StandaloneSchedulerBackend: Shutting down all executors
[2026-04-06T15:26:46.638+0000] {subprocess.py:93} INFO - 26/04/06 15:26:46 INFO StandaloneSchedulerBackend$StandaloneDriverEndpoint: Asking each executor to shut down
[2026-04-06T15:26:46.646+0000] {subprocess.py:93} INFO - 26/04/06 15:26:46 INFO MapOutputTrackerMasterEndpoint: MapOutputTrackerMasterEndpoint stopped!
[2026-04-06T15:26:46.658+0000] {subprocess.py:93} INFO - 26/04/06 15:26:46 INFO MemoryStore: MemoryStore cleared
[2026-04-06T15:26:46.658+0000] {subprocess.py:93} INFO - 26/04/06 15:26:46 INFO BlockManager: BlockManager stopped
[2026-04-06T15:26:46.660+0000] {subprocess.py:93} INFO - 26/04/06 15:26:46 INFO BlockManagerMaster: BlockManagerMaster stopped
[2026-04-06T15:26:46.662+0000] {subprocess.py:93} INFO - 26/04/06 15:26:46 INFO OutputCommitCoordinator$OutputCommitCoordinatorEndpoint: OutputCommitCoordinator stopped!
[2026-04-06T15:26:46.736+0000] {subprocess.py:93} INFO - 26/04/06 15:26:46 INFO SparkContext: Successfully stopped SparkContext
[2026-04-06T15:26:46.833+0000] {subprocess.py:93} INFO - 26/04/06 15:26:46 INFO ShutdownHookManager: Shutdown hook called
[2026-04-06T15:26:46.834+0000] {subprocess.py:93} INFO - 26/04/06 15:26:46 INFO ShutdownHookManager: Deleting directory /tmp/spark-6fd74c62-92ef-4722-bc3a-9703e494cec9
[2026-04-06T15:26:46.845+0000] {subprocess.py:93} INFO - 26/04/06 15:26:46 INFO ShutdownHookManager: Deleting directory /tmp/spark-248dee92-cb5f-4be0-ac81-356c53aa0071
[2026-04-06T15:26:46.845+0000] {subprocess.py:93} INFO - 26/04/06 15:26:46 INFO ShutdownHookManager: Deleting directory /tmp/spark-6fd74c62-92ef-4722-bc3a-9703e494cec9/pyspark-56cb0f21-0c04-4864-96c2-277b53e945a6
[2026-04-06T15:26:46.849+0000] {subprocess.py:93} INFO - 26/04/06 15:26:46 INFO MetricsSystemImpl: Stopping s3a-file-system metrics system...
[2026-04-06T15:26:46.849+0000] {subprocess.py:93} INFO - 26/04/06 15:26:46 INFO MetricsSystemImpl: s3a-file-system metrics system stopped.
[2026-04-06T15:26:46.849+0000] {subprocess.py:93} INFO - 26/04/06 15:26:46 INFO MetricsSystemImpl: s3a-file-system metrics system shutdown complete.
[2026-04-06T15:26:46.925+0000] {subprocess.py:97} INFO - Command exited with return code 0
[2026-04-06T15:26:46.951+0000] {taskinstance.py:1149} INFO - Marking task as SUCCESS. dag_id=bronze_to_silver_and_gold, task_id=build_patient_360_gold, execution_date=20260406T152554, start_date=20260406T152635, end_date=20260406T152646
[2026-04-06T15:26:46.992+0000] {local_task_job_runner.py:234} INFO - Task exited with return code 0
[2026-04-06T15:26:47.006+0000] {taskinstance.py:3312} INFO - 0 downstream tasks scheduled from follow-on schedule check
