[2026-04-06T15:41:04.547+0000] {taskinstance.py:1979} INFO - Dependencies all met for dep_context=non-requeueable deps ti=<TaskInstance: bronze_to_silver_and_gold.run_observations_silver manual__2026-04-06T15:41:04.231178+00:00 [queued]>
[2026-04-06T15:41:04.552+0000] {taskinstance.py:1979} INFO - Dependencies all met for dep_context=requeueable deps ti=<TaskInstance: bronze_to_silver_and_gold.run_observations_silver manual__2026-04-06T15:41:04.231178+00:00 [queued]>
[2026-04-06T15:41:04.552+0000] {taskinstance.py:2193} INFO - Starting attempt 1 of 1
[2026-04-06T15:41:04.562+0000] {taskinstance.py:2217} INFO - Executing <Task(BashOperator): run_observations_silver> on 2026-04-06 15:41:04.231178+00:00
[2026-04-06T15:41:04.567+0000] {standard_task_runner.py:60} INFO - Started process 188 to run task
[2026-04-06T15:41:04.571+0000] {standard_task_runner.py:87} INFO - Running: ['airflow', 'tasks', 'run', 'bronze_to_silver_and_gold', 'run_observations_silver', 'manual__2026-04-06T15:41:04.231178+00:00', '--job-id', '48', '--raw', '--subdir', 'DAGS_FOLDER/bronze_to_silver_dag.py', '--cfg-path', '/tmp/tmp4xc7z29a']
[2026-04-06T15:41:04.573+0000] {standard_task_runner.py:88} INFO - Job 48: Subtask run_observations_silver
[2026-04-06T15:41:04.625+0000] {task_command.py:423} INFO - Running <TaskInstance: bronze_to_silver_and_gold.run_observations_silver manual__2026-04-06T15:41:04.231178+00:00 [running]> on host 7c36fe5f1e47
[2026-04-06T15:41:04.710+0000] {taskinstance.py:2513} INFO - Exporting env vars: AIRFLOW_CTX_DAG_OWNER='airflow' AIRFLOW_CTX_DAG_ID='bronze_to_silver_and_gold' AIRFLOW_CTX_TASK_ID='run_observations_silver' AIRFLOW_CTX_EXECUTION_DATE='2026-04-06T15:41:04.231178+00:00' AIRFLOW_CTX_TRY_NUMBER='1' AIRFLOW_CTX_DAG_RUN_ID='manual__2026-04-06T15:41:04.231178+00:00'
[2026-04-06T15:41:04.711+0000] {subprocess.py:63} INFO - Tmp dir root location: /tmp
[2026-04-06T15:41:04.713+0000] {subprocess.py:75} INFO - Running command: ['/usr/bin/bash', '-c', '\n/opt/spark/bin/spark-submit \\\n  --master spark://spark-master:7077 \\\n  --packages org.apache.hadoop:hadoop-aws:3.3.4,com.amazonaws:aws-java-sdk-bundle:1.12.262 \\\n  --conf spark.hadoop.fs.s3a.endpoint=http://minio:9000 \\\n  --conf spark.hadoop.fs.s3a.access.key=minioadmin \\\n  --conf spark.hadoop.fs.s3a.secret.key=minioadmin \\\n  --conf spark.hadoop.fs.s3a.path.style.access=true \\\n  --conf spark.hadoop.fs.s3a.impl=org.apache.hadoop.fs.s3a.S3AFileSystem \\\n  /opt/airflow/spark/jobs/bronze_to_silver_observations.py']
[2026-04-06T15:41:04.729+0000] {subprocess.py:86} INFO - Output:
[2026-04-06T15:41:05.975+0000] {subprocess.py:93} INFO - :: loading settings :: url = jar:file:/opt/spark-3.5.6-bin-hadoop3/jars/ivy-2.5.1.jar!/org/apache/ivy/core/settings/ivysettings.xml
[2026-04-06T15:41:06.035+0000] {subprocess.py:93} INFO - Ivy Default Cache set to: /home/airflow/.ivy2/cache
[2026-04-06T15:41:06.036+0000] {subprocess.py:93} INFO - The jars for the packages stored in: /home/airflow/.ivy2/jars
[2026-04-06T15:41:06.040+0000] {subprocess.py:93} INFO - org.apache.hadoop#hadoop-aws added as a dependency
[2026-04-06T15:41:06.040+0000] {subprocess.py:93} INFO - com.amazonaws#aws-java-sdk-bundle added as a dependency
[2026-04-06T15:41:06.041+0000] {subprocess.py:93} INFO - :: resolving dependencies :: org.apache.spark#spark-submit-parent-37e92797-efeb-4368-af76-0bfbd2eb93b2;1.0
[2026-04-06T15:41:06.041+0000] {subprocess.py:93} INFO - 	confs: [default]
[2026-04-06T15:41:06.173+0000] {subprocess.py:93} INFO - 	found org.apache.hadoop#hadoop-aws;3.3.4 in spark-list
[2026-04-06T15:41:06.200+0000] {subprocess.py:93} INFO - 	found com.amazonaws#aws-java-sdk-bundle;1.12.262 in central
[2026-04-06T15:41:06.225+0000] {subprocess.py:93} INFO - 	found org.wildfly.openssl#wildfly-openssl;1.0.7.Final in central
[2026-04-06T15:41:06.243+0000] {subprocess.py:93} INFO - :: resolution report :: resolve 194ms :: artifacts dl 8ms
[2026-04-06T15:41:06.245+0000] {subprocess.py:93} INFO - 	:: modules in use:
[2026-04-06T15:41:06.245+0000] {subprocess.py:93} INFO - 	com.amazonaws#aws-java-sdk-bundle;1.12.262 from central in [default]
[2026-04-06T15:41:06.245+0000] {subprocess.py:93} INFO - 	org.apache.hadoop#hadoop-aws;3.3.4 from spark-list in [default]
[2026-04-06T15:41:06.246+0000] {subprocess.py:93} INFO - 	org.wildfly.openssl#wildfly-openssl;1.0.7.Final from central in [default]
[2026-04-06T15:41:06.246+0000] {subprocess.py:93} INFO - 	---------------------------------------------------------------------
[2026-04-06T15:41:06.247+0000] {subprocess.py:93} INFO - 	|                  |            modules            ||   artifacts   |
[2026-04-06T15:41:06.247+0000] {subprocess.py:93} INFO - 	|       conf       | number| search|dwnlded|evicted|| number|dwnlded|
[2026-04-06T15:41:06.247+0000] {subprocess.py:93} INFO - 	---------------------------------------------------------------------
[2026-04-06T15:41:06.247+0000] {subprocess.py:93} INFO - 	|      default     |   3   |   0   |   0   |   0   ||   3   |   0   |
[2026-04-06T15:41:06.248+0000] {subprocess.py:93} INFO - 	---------------------------------------------------------------------
[2026-04-06T15:41:06.248+0000] {subprocess.py:93} INFO - :: retrieving :: org.apache.spark#spark-submit-parent-37e92797-efeb-4368-af76-0bfbd2eb93b2
[2026-04-06T15:41:06.248+0000] {subprocess.py:93} INFO - 	confs: [default]
[2026-04-06T15:41:06.253+0000] {subprocess.py:93} INFO - 	0 artifacts copied, 3 already retrieved (0kB/6ms)
[2026-04-06T15:41:06.399+0000] {subprocess.py:93} INFO - 26/04/06 15:41:06 WARN NativeCodeLoader: Unable to load native-hadoop library for your platform... using builtin-java classes where applicable
[2026-04-06T15:41:07.115+0000] {subprocess.py:93} INFO - 26/04/06 15:41:07 INFO SparkContext: Running Spark version 3.5.6
[2026-04-06T15:41:07.116+0000] {subprocess.py:93} INFO - 26/04/06 15:41:07 INFO SparkContext: OS info Linux, 6.6.87.2-microsoft-standard-WSL2, amd64
[2026-04-06T15:41:07.116+0000] {subprocess.py:93} INFO - 26/04/06 15:41:07 INFO SparkContext: Java version 17.0.18
[2026-04-06T15:41:07.133+0000] {subprocess.py:93} INFO - 26/04/06 15:41:07 INFO ResourceUtils: ==============================================================
[2026-04-06T15:41:07.134+0000] {subprocess.py:93} INFO - 26/04/06 15:41:07 INFO ResourceUtils: No custom resources configured for spark.driver.
[2026-04-06T15:41:07.135+0000] {subprocess.py:93} INFO - 26/04/06 15:41:07 INFO ResourceUtils: ==============================================================
[2026-04-06T15:41:07.135+0000] {subprocess.py:93} INFO - 26/04/06 15:41:07 INFO SparkContext: Submitted application: bronze_to_silver_observations
[2026-04-06T15:41:07.150+0000] {subprocess.py:93} INFO - 26/04/06 15:41:07 INFO ResourceProfile: Default ResourceProfile created, executor resources: Map(memory -> name: memory, amount: 1024, script: , vendor: , offHeap -> name: offHeap, amount: 0, script: , vendor: ), task resources: Map(cpus -> name: cpus, amount: 1.0)
[2026-04-06T15:41:07.156+0000] {subprocess.py:93} INFO - 26/04/06 15:41:07 INFO ResourceProfile: Limiting resource is cpu
[2026-04-06T15:41:07.157+0000] {subprocess.py:93} INFO - 26/04/06 15:41:07 INFO ResourceProfileManager: Added ResourceProfile id: 0
[2026-04-06T15:41:07.201+0000] {subprocess.py:93} INFO - 26/04/06 15:41:07 INFO SecurityManager: Changing view acls to: airflow
[2026-04-06T15:41:07.201+0000] {subprocess.py:93} INFO - 26/04/06 15:41:07 INFO SecurityManager: Changing modify acls to: airflow
[2026-04-06T15:41:07.201+0000] {subprocess.py:93} INFO - 26/04/06 15:41:07 INFO SecurityManager: Changing view acls groups to:
[2026-04-06T15:41:07.202+0000] {subprocess.py:93} INFO - 26/04/06 15:41:07 INFO SecurityManager: Changing modify acls groups to:
[2026-04-06T15:41:07.203+0000] {subprocess.py:93} INFO - 26/04/06 15:41:07 INFO SecurityManager: SecurityManager: authentication disabled; ui acls disabled; users with view permissions: airflow; groups with view permissions: EMPTY; users with modify permissions: airflow; groups with modify permissions: EMPTY
[2026-04-06T15:41:07.346+0000] {subprocess.py:93} INFO - 26/04/06 15:41:07 INFO Utils: Successfully started service 'sparkDriver' on port 34159.
[2026-04-06T15:41:07.365+0000] {subprocess.py:93} INFO - 26/04/06 15:41:07 INFO SparkEnv: Registering MapOutputTracker
[2026-04-06T15:41:07.394+0000] {subprocess.py:93} INFO - 26/04/06 15:41:07 INFO SparkEnv: Registering BlockManagerMaster
[2026-04-06T15:41:07.406+0000] {subprocess.py:93} INFO - 26/04/06 15:41:07 INFO BlockManagerMasterEndpoint: Using org.apache.spark.storage.DefaultTopologyMapper for getting topology information
[2026-04-06T15:41:07.406+0000] {subprocess.py:93} INFO - 26/04/06 15:41:07 INFO BlockManagerMasterEndpoint: BlockManagerMasterEndpoint up
[2026-04-06T15:41:07.408+0000] {subprocess.py:93} INFO - 26/04/06 15:41:07 INFO SparkEnv: Registering BlockManagerMasterHeartbeat
[2026-04-06T15:41:07.423+0000] {subprocess.py:93} INFO - 26/04/06 15:41:07 INFO DiskBlockManager: Created local directory at /tmp/blockmgr-e1024cbe-fdf4-4710-879b-8813854673d9
[2026-04-06T15:41:07.433+0000] {subprocess.py:93} INFO - 26/04/06 15:41:07 INFO MemoryStore: MemoryStore started with capacity 434.4 MiB
[2026-04-06T15:41:07.444+0000] {subprocess.py:93} INFO - 26/04/06 15:41:07 INFO SparkEnv: Registering OutputCommitCoordinator
[2026-04-06T15:41:07.530+0000] {subprocess.py:93} INFO - 26/04/06 15:41:07 INFO JettyUtils: Start Jetty 0.0.0.0:4040 for SparkUI
[2026-04-06T15:41:07.562+0000] {subprocess.py:93} INFO - 26/04/06 15:41:07 WARN Utils: Service 'SparkUI' could not bind on port 4040. Attempting port 4041.
[2026-04-06T15:41:07.570+0000] {subprocess.py:93} INFO - 26/04/06 15:41:07 INFO Utils: Successfully started service 'SparkUI' on port 4041.
[2026-04-06T15:41:07.601+0000] {subprocess.py:93} INFO - 26/04/06 15:41:07 INFO SparkContext: Added JAR file:///home/airflow/.ivy2/jars/org.apache.hadoop_hadoop-aws-3.3.4.jar at spark://7c36fe5f1e47:34159/jars/org.apache.hadoop_hadoop-aws-3.3.4.jar with timestamp 1775490067111
[2026-04-06T15:41:07.602+0000] {subprocess.py:93} INFO - 26/04/06 15:41:07 INFO SparkContext: Added JAR file:///home/airflow/.ivy2/jars/com.amazonaws_aws-java-sdk-bundle-1.12.262.jar at spark://7c36fe5f1e47:34159/jars/com.amazonaws_aws-java-sdk-bundle-1.12.262.jar with timestamp 1775490067111
[2026-04-06T15:41:07.602+0000] {subprocess.py:93} INFO - 26/04/06 15:41:07 INFO SparkContext: Added JAR file:///home/airflow/.ivy2/jars/org.wildfly.openssl_wildfly-openssl-1.0.7.Final.jar at spark://7c36fe5f1e47:34159/jars/org.wildfly.openssl_wildfly-openssl-1.0.7.Final.jar with timestamp 1775490067111
[2026-04-06T15:41:07.605+0000] {subprocess.py:93} INFO - 26/04/06 15:41:07 INFO SparkContext: Added file file:///home/airflow/.ivy2/jars/org.apache.hadoop_hadoop-aws-3.3.4.jar at spark://7c36fe5f1e47:34159/files/org.apache.hadoop_hadoop-aws-3.3.4.jar with timestamp 1775490067111
[2026-04-06T15:41:07.606+0000] {subprocess.py:93} INFO - 26/04/06 15:41:07 INFO Utils: Copying /home/airflow/.ivy2/jars/org.apache.hadoop_hadoop-aws-3.3.4.jar to /tmp/spark-53d4853f-b6af-4596-8b97-fddb90974fbd/userFiles-456a8c7f-d27a-450a-b55c-33223411443f/org.apache.hadoop_hadoop-aws-3.3.4.jar
[2026-04-06T15:41:07.618+0000] {subprocess.py:93} INFO - 26/04/06 15:41:07 INFO SparkContext: Added file file:///home/airflow/.ivy2/jars/com.amazonaws_aws-java-sdk-bundle-1.12.262.jar at spark://7c36fe5f1e47:34159/files/com.amazonaws_aws-java-sdk-bundle-1.12.262.jar with timestamp 1775490067111
[2026-04-06T15:41:07.618+0000] {subprocess.py:93} INFO - 26/04/06 15:41:07 INFO Utils: Copying /home/airflow/.ivy2/jars/com.amazonaws_aws-java-sdk-bundle-1.12.262.jar to /tmp/spark-53d4853f-b6af-4596-8b97-fddb90974fbd/userFiles-456a8c7f-d27a-450a-b55c-33223411443f/com.amazonaws_aws-java-sdk-bundle-1.12.262.jar
[2026-04-06T15:41:07.950+0000] {subprocess.py:93} INFO - 26/04/06 15:41:07 INFO SparkContext: Added file file:///home/airflow/.ivy2/jars/org.wildfly.openssl_wildfly-openssl-1.0.7.Final.jar at spark://7c36fe5f1e47:34159/files/org.wildfly.openssl_wildfly-openssl-1.0.7.Final.jar with timestamp 1775490067111
[2026-04-06T15:41:07.951+0000] {subprocess.py:93} INFO - 26/04/06 15:41:07 INFO Utils: Copying /home/airflow/.ivy2/jars/org.wildfly.openssl_wildfly-openssl-1.0.7.Final.jar to /tmp/spark-53d4853f-b6af-4596-8b97-fddb90974fbd/userFiles-456a8c7f-d27a-450a-b55c-33223411443f/org.wildfly.openssl_wildfly-openssl-1.0.7.Final.jar
[2026-04-06T15:41:08.006+0000] {subprocess.py:93} INFO - 26/04/06 15:41:08 INFO StandaloneAppClient$ClientEndpoint: Connecting to master spark://spark-master:7077...
[2026-04-06T15:41:08.033+0000] {subprocess.py:93} INFO - 26/04/06 15:41:08 INFO TransportClientFactory: Successfully created connection to spark-master/172.18.0.2:7077 after 16 ms (0 ms spent in bootstraps)
[2026-04-06T15:41:08.168+0000] {subprocess.py:93} INFO - 26/04/06 15:41:08 INFO StandaloneSchedulerBackend: Connected to Spark cluster with app ID app-20260406154108-0000
[2026-04-06T15:41:08.174+0000] {subprocess.py:93} INFO - 26/04/06 15:41:08 INFO Utils: Successfully started service 'org.apache.spark.network.netty.NettyBlockTransferService' on port 43781.
[2026-04-06T15:41:08.178+0000] {subprocess.py:93} INFO - 26/04/06 15:41:08 INFO NettyBlockTransferService: Server created on 7c36fe5f1e47:43781
[2026-04-06T15:41:08.178+0000] {subprocess.py:93} INFO - 26/04/06 15:41:08 INFO BlockManager: Using org.apache.spark.storage.RandomBlockReplicationPolicy for block replication policy
[2026-04-06T15:41:08.180+0000] {subprocess.py:93} INFO - 26/04/06 15:41:08 INFO BlockManagerMaster: Registering BlockManager BlockManagerId(driver, 7c36fe5f1e47, 43781, None)
[2026-04-06T15:41:08.182+0000] {subprocess.py:93} INFO - 26/04/06 15:41:08 INFO BlockManagerMasterEndpoint: Registering block manager 7c36fe5f1e47:43781 with 434.4 MiB RAM, BlockManagerId(driver, 7c36fe5f1e47, 43781, None)
[2026-04-06T15:41:08.184+0000] {subprocess.py:93} INFO - 26/04/06 15:41:08 INFO BlockManagerMaster: Registered BlockManager BlockManagerId(driver, 7c36fe5f1e47, 43781, None)
[2026-04-06T15:41:08.185+0000] {subprocess.py:93} INFO - 26/04/06 15:41:08 INFO StandaloneAppClient$ClientEndpoint: Executor added: app-20260406154108-0000/0 on worker-20260406154049-172.18.0.5-37477 (172.18.0.5:37477) with 16 core(s)
[2026-04-06T15:41:08.185+0000] {subprocess.py:93} INFO - 26/04/06 15:41:08 INFO BlockManager: Initialized BlockManager: BlockManagerId(driver, 7c36fe5f1e47, 43781, None)
[2026-04-06T15:41:08.186+0000] {subprocess.py:93} INFO - 26/04/06 15:41:08 INFO StandaloneSchedulerBackend: Granted executor ID app-20260406154108-0000/0 on hostPort 172.18.0.5:37477 with 16 core(s), 1024.0 MiB RAM
[2026-04-06T15:41:08.329+0000] {subprocess.py:93} INFO - 26/04/06 15:41:08 INFO StandaloneAppClient$ClientEndpoint: Executor updated: app-20260406154108-0000/0 is now RUNNING
[2026-04-06T15:41:08.333+0000] {subprocess.py:93} INFO - 26/04/06 15:41:08 INFO StandaloneSchedulerBackend: SchedulerBackend is ready for scheduling beginning after reached minRegisteredResourcesRatio: 0.0
[2026-04-06T15:41:08.490+0000] {subprocess.py:93} INFO - 26/04/06 15:41:08 INFO SharedState: Setting hive.metastore.warehouse.dir ('null') to the value of spark.sql.warehouse.dir.
[2026-04-06T15:41:08.491+0000] {subprocess.py:93} INFO - 26/04/06 15:41:08 INFO SharedState: Warehouse path is 'file:/tmp/airflowtmp327_5ljs/spark-warehouse'.
[2026-04-06T15:41:09.075+0000] {subprocess.py:93} INFO - 26/04/06 15:41:09 WARN MetricsConfig: Cannot locate configuration: tried hadoop-metrics2-s3a-file-system.properties,hadoop-metrics2.properties
[2026-04-06T15:41:09.084+0000] {subprocess.py:93} INFO - 26/04/06 15:41:09 INFO MetricsSystemImpl: Scheduled Metric snapshot period at 10 second(s).
[2026-04-06T15:41:09.085+0000] {subprocess.py:93} INFO - 26/04/06 15:41:09 INFO MetricsSystemImpl: s3a-file-system metrics system started
[2026-04-06T15:41:09.775+0000] {subprocess.py:93} INFO - 26/04/06 15:41:09 INFO InMemoryFileIndex: It took 46 ms to list leaf files for 1 paths.
[2026-04-06T15:41:09.856+0000] {subprocess.py:93} INFO - 26/04/06 15:41:09 INFO InMemoryFileIndex: It took 16 ms to list leaf files for 1 paths.
[2026-04-06T15:41:10.125+0000] {subprocess.py:93} INFO - 26/04/06 15:41:10 INFO StandaloneSchedulerBackend$StandaloneDriverEndpoint: Registered executor NettyRpcEndpointRef(spark-client://Executor) (172.18.0.5:49696) with ID 0,  ResourceProfileId 0
[2026-04-06T15:41:10.179+0000] {subprocess.py:93} INFO - 26/04/06 15:41:10 INFO BlockManagerMasterEndpoint: Registering block manager 172.18.0.5:45183 with 434.4 MiB RAM, BlockManagerId(0, 172.18.0.5, 45183, None)
[2026-04-06T15:41:11.273+0000] {subprocess.py:93} INFO - 26/04/06 15:41:11 INFO FileSourceStrategy: Pushed Filters:
[2026-04-06T15:41:11.274+0000] {subprocess.py:93} INFO - 26/04/06 15:41:11 INFO FileSourceStrategy: Post-Scan Filters: (length(trim(value#0, None)) > 0)
[2026-04-06T15:41:11.596+0000] {subprocess.py:93} INFO - 26/04/06 15:41:11 INFO CodeGenerator: Code generated in 129.149885 ms
[2026-04-06T15:41:11.641+0000] {subprocess.py:93} INFO - 26/04/06 15:41:11 INFO MemoryStore: Block broadcast_0 stored as values in memory (estimated size 203.2 KiB, free 434.2 MiB)
[2026-04-06T15:41:11.681+0000] {subprocess.py:93} INFO - 26/04/06 15:41:11 INFO MemoryStore: Block broadcast_0_piece0 stored as bytes in memory (estimated size 35.2 KiB, free 434.2 MiB)
[2026-04-06T15:41:11.686+0000] {subprocess.py:93} INFO - 26/04/06 15:41:11 INFO BlockManagerInfo: Added broadcast_0_piece0 in memory on 7c36fe5f1e47:43781 (size: 35.2 KiB, free: 434.4 MiB)
[2026-04-06T15:41:11.690+0000] {subprocess.py:93} INFO - 26/04/06 15:41:11 INFO SparkContext: Created broadcast 0 from csv at NativeMethodAccessorImpl.java:0
[2026-04-06T15:41:11.697+0000] {subprocess.py:93} INFO - 26/04/06 15:41:11 INFO FileSourceScanExec: Planning scan with bin packing, max size: 4194304 bytes, open cost is considered as scanning 4194304 bytes.
[2026-04-06T15:41:11.772+0000] {subprocess.py:93} INFO - 26/04/06 15:41:11 INFO SparkContext: Starting job: csv at NativeMethodAccessorImpl.java:0
[2026-04-06T15:41:11.780+0000] {subprocess.py:93} INFO - 26/04/06 15:41:11 INFO DAGScheduler: Got job 0 (csv at NativeMethodAccessorImpl.java:0) with 1 output partitions
[2026-04-06T15:41:11.781+0000] {subprocess.py:93} INFO - 26/04/06 15:41:11 INFO DAGScheduler: Final stage: ResultStage 0 (csv at NativeMethodAccessorImpl.java:0)
[2026-04-06T15:41:11.781+0000] {subprocess.py:93} INFO - 26/04/06 15:41:11 INFO DAGScheduler: Parents of final stage: List()
[2026-04-06T15:41:11.781+0000] {subprocess.py:93} INFO - 26/04/06 15:41:11 INFO DAGScheduler: Missing parents: List()
[2026-04-06T15:41:11.783+0000] {subprocess.py:93} INFO - 26/04/06 15:41:11 INFO DAGScheduler: Submitting ResultStage 0 (MapPartitionsRDD[3] at csv at NativeMethodAccessorImpl.java:0), which has no missing parents
[2026-04-06T15:41:11.829+0000] {subprocess.py:93} INFO - 26/04/06 15:41:11 INFO MemoryStore: Block broadcast_1 stored as values in memory (estimated size 13.5 KiB, free 434.2 MiB)
[2026-04-06T15:41:11.836+0000] {subprocess.py:93} INFO - 26/04/06 15:41:11 INFO MemoryStore: Block broadcast_1_piece0 stored as bytes in memory (estimated size 6.4 KiB, free 434.1 MiB)
[2026-04-06T15:41:11.836+0000] {subprocess.py:93} INFO - 26/04/06 15:41:11 INFO BlockManagerInfo: Added broadcast_1_piece0 in memory on 7c36fe5f1e47:43781 (size: 6.4 KiB, free: 434.4 MiB)
[2026-04-06T15:41:11.837+0000] {subprocess.py:93} INFO - 26/04/06 15:41:11 INFO SparkContext: Created broadcast 1 from broadcast at DAGScheduler.scala:1611
[2026-04-06T15:41:11.851+0000] {subprocess.py:93} INFO - 26/04/06 15:41:11 INFO DAGScheduler: Submitting 1 missing tasks from ResultStage 0 (MapPartitionsRDD[3] at csv at NativeMethodAccessorImpl.java:0) (first 15 tasks are for partitions Vector(0))
[2026-04-06T15:41:11.851+0000] {subprocess.py:93} INFO - 26/04/06 15:41:11 INFO TaskSchedulerImpl: Adding task set 0.0 with 1 tasks resource profile 0
[2026-04-06T15:41:12.867+0000] {subprocess.py:93} INFO - 26/04/06 15:41:12 INFO TaskSetManager: Starting task 0.0 in stage 0.0 (TID 0) (172.18.0.5, executor 0, partition 0, PROCESS_LOCAL, 10346 bytes)
[2026-04-06T15:41:12.991+0000] {subprocess.py:93} INFO - 26/04/06 15:41:12 INFO BlockManagerInfo: Added broadcast_1_piece0 in memory on 172.18.0.5:45183 (size: 6.4 KiB, free: 434.4 MiB)
[2026-04-06T15:41:13.455+0000] {subprocess.py:93} INFO - 26/04/06 15:41:13 INFO BlockManagerInfo: Added broadcast_0_piece0 in memory on 172.18.0.5:45183 (size: 35.2 KiB, free: 434.4 MiB)
[2026-04-06T15:41:14.084+0000] {subprocess.py:93} INFO - 26/04/06 15:41:14 INFO TaskSetManager: Finished task 0.0 in stage 0.0 (TID 0) in 1223 ms on 172.18.0.5 (executor 0) (1/1)
[2026-04-06T15:41:14.085+0000] {subprocess.py:93} INFO - 26/04/06 15:41:14 INFO TaskSchedulerImpl: Removed TaskSet 0.0, whose tasks have all completed, from pool
[2026-04-06T15:41:14.088+0000] {subprocess.py:93} INFO - 26/04/06 15:41:14 INFO DAGScheduler: ResultStage 0 (csv at NativeMethodAccessorImpl.java:0) finished in 2.296 s
[2026-04-06T15:41:14.089+0000] {subprocess.py:93} INFO - 26/04/06 15:41:14 INFO DAGScheduler: Job 0 is finished. Cancelling potential speculative or zombie tasks for this job
[2026-04-06T15:41:14.090+0000] {subprocess.py:93} INFO - 26/04/06 15:41:14 INFO TaskSchedulerImpl: Killing all running tasks in stage 0: Stage finished
[2026-04-06T15:41:14.091+0000] {subprocess.py:93} INFO - 26/04/06 15:41:14 INFO DAGScheduler: Job 0 finished: csv at NativeMethodAccessorImpl.java:0, took 2.318885 s
[2026-04-06T15:41:14.106+0000] {subprocess.py:93} INFO - 26/04/06 15:41:14 INFO CodeGenerator: Code generated in 7.843803 ms
[2026-04-06T15:41:14.131+0000] {subprocess.py:93} INFO - 26/04/06 15:41:14 INFO BlockManagerInfo: Removed broadcast_1_piece0 on 7c36fe5f1e47:43781 in memory (size: 6.4 KiB, free: 434.4 MiB)
[2026-04-06T15:41:14.136+0000] {subprocess.py:93} INFO - 26/04/06 15:41:14 INFO FileSourceStrategy: Pushed Filters:
[2026-04-06T15:41:14.137+0000] {subprocess.py:93} INFO - 26/04/06 15:41:14 INFO FileSourceStrategy: Post-Scan Filters:
[2026-04-06T15:41:14.137+0000] {subprocess.py:93} INFO - 26/04/06 15:41:14 INFO BlockManagerInfo: Removed broadcast_1_piece0 on 172.18.0.5:45183 in memory (size: 6.4 KiB, free: 434.4 MiB)
[2026-04-06T15:41:14.140+0000] {subprocess.py:93} INFO - 26/04/06 15:41:14 INFO MemoryStore: Block broadcast_2 stored as values in memory (estimated size 203.2 KiB, free 434.0 MiB)
[2026-04-06T15:41:14.149+0000] {subprocess.py:93} INFO - 26/04/06 15:41:14 INFO MemoryStore: Block broadcast_2_piece0 stored as bytes in memory (estimated size 35.2 KiB, free 433.9 MiB)
[2026-04-06T15:41:14.150+0000] {subprocess.py:93} INFO - 26/04/06 15:41:14 INFO BlockManagerInfo: Added broadcast_2_piece0 in memory on 7c36fe5f1e47:43781 (size: 35.2 KiB, free: 434.3 MiB)
[2026-04-06T15:41:14.150+0000] {subprocess.py:93} INFO - 26/04/06 15:41:14 INFO SparkContext: Created broadcast 2 from csv at NativeMethodAccessorImpl.java:0
[2026-04-06T15:41:14.151+0000] {subprocess.py:93} INFO - 26/04/06 15:41:14 INFO FileSourceScanExec: Planning scan with bin packing, max size: 4194304 bytes, open cost is considered as scanning 4194304 bytes.
[2026-04-06T15:41:14.192+0000] {subprocess.py:93} INFO - 26/04/06 15:41:14 INFO SparkContext: Starting job: csv at NativeMethodAccessorImpl.java:0
[2026-04-06T15:41:14.193+0000] {subprocess.py:93} INFO - 26/04/06 15:41:14 INFO DAGScheduler: Got job 1 (csv at NativeMethodAccessorImpl.java:0) with 1 output partitions
[2026-04-06T15:41:14.193+0000] {subprocess.py:93} INFO - 26/04/06 15:41:14 INFO DAGScheduler: Final stage: ResultStage 1 (csv at NativeMethodAccessorImpl.java:0)
[2026-04-06T15:41:14.193+0000] {subprocess.py:93} INFO - 26/04/06 15:41:14 INFO DAGScheduler: Parents of final stage: List()
[2026-04-06T15:41:14.193+0000] {subprocess.py:93} INFO - 26/04/06 15:41:14 INFO DAGScheduler: Missing parents: List()
[2026-04-06T15:41:14.194+0000] {subprocess.py:93} INFO - 26/04/06 15:41:14 INFO DAGScheduler: Submitting ResultStage 1 (MapPartitionsRDD[9] at csv at NativeMethodAccessorImpl.java:0), which has no missing parents
[2026-04-06T15:41:14.204+0000] {subprocess.py:93} INFO - 26/04/06 15:41:14 INFO MemoryStore: Block broadcast_3 stored as values in memory (estimated size 29.5 KiB, free 433.9 MiB)
[2026-04-06T15:41:14.210+0000] {subprocess.py:93} INFO - 26/04/06 15:41:14 INFO MemoryStore: Block broadcast_3_piece0 stored as bytes in memory (estimated size 13.3 KiB, free 433.9 MiB)
[2026-04-06T15:41:14.211+0000] {subprocess.py:93} INFO - 26/04/06 15:41:14 INFO BlockManagerInfo: Removed broadcast_0_piece0 on 7c36fe5f1e47:43781 in memory (size: 35.2 KiB, free: 434.4 MiB)
[2026-04-06T15:41:14.211+0000] {subprocess.py:93} INFO - 26/04/06 15:41:14 INFO BlockManagerInfo: Added broadcast_3_piece0 in memory on 7c36fe5f1e47:43781 (size: 13.3 KiB, free: 434.4 MiB)
[2026-04-06T15:41:14.212+0000] {subprocess.py:93} INFO - 26/04/06 15:41:14 INFO SparkContext: Created broadcast 3 from broadcast at DAGScheduler.scala:1611
[2026-04-06T15:41:14.212+0000] {subprocess.py:93} INFO - 26/04/06 15:41:14 INFO DAGScheduler: Submitting 1 missing tasks from ResultStage 1 (MapPartitionsRDD[9] at csv at NativeMethodAccessorImpl.java:0) (first 15 tasks are for partitions Vector(0))
[2026-04-06T15:41:14.213+0000] {subprocess.py:93} INFO - 26/04/06 15:41:14 INFO TaskSchedulerImpl: Adding task set 1.0 with 1 tasks resource profile 0
[2026-04-06T15:41:14.214+0000] {subprocess.py:93} INFO - 26/04/06 15:41:14 INFO TaskSetManager: Starting task 0.0 in stage 1.0 (TID 1) (172.18.0.5, executor 0, partition 0, PROCESS_LOCAL, 10346 bytes)
[2026-04-06T15:41:14.214+0000] {subprocess.py:93} INFO - 26/04/06 15:41:14 INFO BlockManagerInfo: Removed broadcast_0_piece0 on 172.18.0.5:45183 in memory (size: 35.2 KiB, free: 434.4 MiB)
[2026-04-06T15:41:14.236+0000] {subprocess.py:93} INFO - 26/04/06 15:41:14 INFO BlockManagerInfo: Added broadcast_3_piece0 in memory on 172.18.0.5:45183 (size: 13.3 KiB, free: 434.4 MiB)
[2026-04-06T15:41:14.788+0000] {subprocess.py:93} INFO - 26/04/06 15:41:14 INFO BlockManagerInfo: Added broadcast_2_piece0 in memory on 172.18.0.5:45183 (size: 35.2 KiB, free: 434.4 MiB)
[2026-04-06T15:41:15.104+0000] {subprocess.py:93} INFO - 26/04/06 15:41:15 INFO TaskSetManager: Finished task 0.0 in stage 1.0 (TID 1) in 890 ms on 172.18.0.5 (executor 0) (1/1)
[2026-04-06T15:41:15.104+0000] {subprocess.py:93} INFO - 26/04/06 15:41:15 INFO TaskSchedulerImpl: Removed TaskSet 1.0, whose tasks have all completed, from pool
[2026-04-06T15:41:15.105+0000] {subprocess.py:93} INFO - 26/04/06 15:41:15 INFO DAGScheduler: ResultStage 1 (csv at NativeMethodAccessorImpl.java:0) finished in 0.909 s
[2026-04-06T15:41:15.105+0000] {subprocess.py:93} INFO - 26/04/06 15:41:15 INFO DAGScheduler: Job 1 is finished. Cancelling potential speculative or zombie tasks for this job
[2026-04-06T15:41:15.105+0000] {subprocess.py:93} INFO - 26/04/06 15:41:15 INFO TaskSchedulerImpl: Killing all running tasks in stage 1: Stage finished
[2026-04-06T15:41:15.106+0000] {subprocess.py:93} INFO - 26/04/06 15:41:15 INFO DAGScheduler: Job 1 finished: csv at NativeMethodAccessorImpl.java:0, took 0.914094 s
[2026-04-06T15:41:15.269+0000] {subprocess.py:93} INFO - 26/04/06 15:41:15 INFO FileSourceStrategy: Pushed Filters:
[2026-04-06T15:41:15.269+0000] {subprocess.py:93} INFO - 26/04/06 15:41:15 INFO FileSourceStrategy: Post-Scan Filters: isnotnull(trim(observation_id#17, None))
[2026-04-06T15:41:15.364+0000] {subprocess.py:93} INFO - 26/04/06 15:41:15 INFO CodeGenerator: Code generated in 24.940932 ms
[2026-04-06T15:41:15.367+0000] {subprocess.py:93} INFO - 26/04/06 15:41:15 INFO MemoryStore: Block broadcast_4 stored as values in memory (estimated size 203.1 KiB, free 433.9 MiB)
[2026-04-06T15:41:15.376+0000] {subprocess.py:93} INFO - 26/04/06 15:41:15 INFO BlockManagerInfo: Removed broadcast_3_piece0 on 7c36fe5f1e47:43781 in memory (size: 13.3 KiB, free: 434.4 MiB)
[2026-04-06T15:41:15.378+0000] {subprocess.py:93} INFO - 26/04/06 15:41:15 INFO MemoryStore: Block broadcast_4_piece0 stored as bytes in memory (estimated size 35.2 KiB, free 433.9 MiB)
[2026-04-06T15:41:15.379+0000] {subprocess.py:93} INFO - 26/04/06 15:41:15 INFO BlockManagerInfo: Removed broadcast_3_piece0 on 172.18.0.5:45183 in memory (size: 13.3 KiB, free: 434.4 MiB)
[2026-04-06T15:41:15.379+0000] {subprocess.py:93} INFO - 26/04/06 15:41:15 INFO BlockManagerInfo: Added broadcast_4_piece0 in memory on 7c36fe5f1e47:43781 (size: 35.2 KiB, free: 434.3 MiB)
[2026-04-06T15:41:15.380+0000] {subprocess.py:93} INFO - 26/04/06 15:41:15 INFO SparkContext: Created broadcast 4 from parquet at NativeMethodAccessorImpl.java:0
[2026-04-06T15:41:15.383+0000] {subprocess.py:93} INFO - 26/04/06 15:41:15 INFO FileSourceScanExec: Planning scan with bin packing, max size: 4194304 bytes, open cost is considered as scanning 4194304 bytes.
[2026-04-06T15:41:15.402+0000] {subprocess.py:93} INFO - 26/04/06 15:41:15 INFO DAGScheduler: Registering RDD 14 (parquet at NativeMethodAccessorImpl.java:0) as input to shuffle 0
[2026-04-06T15:41:15.404+0000] {subprocess.py:93} INFO - 26/04/06 15:41:15 INFO DAGScheduler: Got map stage job 2 (parquet at NativeMethodAccessorImpl.java:0) with 1 output partitions
[2026-04-06T15:41:15.404+0000] {subprocess.py:93} INFO - 26/04/06 15:41:15 INFO DAGScheduler: Final stage: ShuffleMapStage 2 (parquet at NativeMethodAccessorImpl.java:0)
[2026-04-06T15:41:15.404+0000] {subprocess.py:93} INFO - 26/04/06 15:41:15 INFO DAGScheduler: Parents of final stage: List()
[2026-04-06T15:41:15.405+0000] {subprocess.py:93} INFO - 26/04/06 15:41:15 INFO DAGScheduler: Missing parents: List()
[2026-04-06T15:41:15.405+0000] {subprocess.py:93} INFO - 26/04/06 15:41:15 INFO DAGScheduler: Submitting ShuffleMapStage 2 (MapPartitionsRDD[14] at parquet at NativeMethodAccessorImpl.java:0), which has no missing parents
[2026-04-06T15:41:15.413+0000] {subprocess.py:93} INFO - 26/04/06 15:41:15 INFO MemoryStore: Block broadcast_5 stored as values in memory (estimated size 40.0 KiB, free 433.9 MiB)
[2026-04-06T15:41:15.418+0000] {subprocess.py:93} INFO - 26/04/06 15:41:15 INFO MemoryStore: Block broadcast_5_piece0 stored as bytes in memory (estimated size 17.8 KiB, free 433.9 MiB)
[2026-04-06T15:41:15.419+0000] {subprocess.py:93} INFO - 26/04/06 15:41:15 INFO BlockManagerInfo: Added broadcast_5_piece0 in memory on 7c36fe5f1e47:43781 (size: 17.8 KiB, free: 434.3 MiB)
[2026-04-06T15:41:15.419+0000] {subprocess.py:93} INFO - 26/04/06 15:41:15 INFO SparkContext: Created broadcast 5 from broadcast at DAGScheduler.scala:1611
[2026-04-06T15:41:15.421+0000] {subprocess.py:93} INFO - 26/04/06 15:41:15 INFO DAGScheduler: Submitting 1 missing tasks from ShuffleMapStage 2 (MapPartitionsRDD[14] at parquet at NativeMethodAccessorImpl.java:0) (first 15 tasks are for partitions Vector(0))
[2026-04-06T15:41:15.421+0000] {subprocess.py:93} INFO - 26/04/06 15:41:15 INFO TaskSchedulerImpl: Adding task set 2.0 with 1 tasks resource profile 0
[2026-04-06T15:41:15.422+0000] {subprocess.py:93} INFO - 26/04/06 15:41:15 INFO TaskSetManager: Starting task 0.0 in stage 2.0 (TID 2) (172.18.0.5, executor 0, partition 0, PROCESS_LOCAL, 10335 bytes)
[2026-04-06T15:41:15.438+0000] {subprocess.py:93} INFO - 26/04/06 15:41:15 INFO BlockManagerInfo: Added broadcast_5_piece0 in memory on 172.18.0.5:45183 (size: 17.8 KiB, free: 434.3 MiB)
[2026-04-06T15:41:15.588+0000] {subprocess.py:93} INFO - 26/04/06 15:41:15 INFO BlockManagerInfo: Added broadcast_4_piece0 in memory on 172.18.0.5:45183 (size: 35.2 KiB, free: 434.3 MiB)
[2026-04-06T15:41:15.932+0000] {subprocess.py:93} INFO - 26/04/06 15:41:15 INFO TaskSetManager: Finished task 0.0 in stage 2.0 (TID 2) in 510 ms on 172.18.0.5 (executor 0) (1/1)
[2026-04-06T15:41:15.934+0000] {subprocess.py:93} INFO - 26/04/06 15:41:15 INFO TaskSchedulerImpl: Removed TaskSet 2.0, whose tasks have all completed, from pool
[2026-04-06T15:41:15.934+0000] {subprocess.py:93} INFO - 26/04/06 15:41:15 INFO DAGScheduler: ShuffleMapStage 2 (parquet at NativeMethodAccessorImpl.java:0) finished in 0.527 s
[2026-04-06T15:41:15.934+0000] {subprocess.py:93} INFO - 26/04/06 15:41:15 INFO DAGScheduler: looking for newly runnable stages
[2026-04-06T15:41:15.935+0000] {subprocess.py:93} INFO - 26/04/06 15:41:15 INFO DAGScheduler: running: Set()
[2026-04-06T15:41:15.935+0000] {subprocess.py:93} INFO - 26/04/06 15:41:15 INFO DAGScheduler: waiting: Set()
[2026-04-06T15:41:15.935+0000] {subprocess.py:93} INFO - 26/04/06 15:41:15 INFO DAGScheduler: failed: Set()
[2026-04-06T15:41:15.949+0000] {subprocess.py:93} INFO - 26/04/06 15:41:15 INFO ShufflePartitionsUtil: For shuffle(0), advisory target size: 67108864, actual target size 1048576, minimum partition size: 1048576
[2026-04-06T15:41:16.061+0000] {subprocess.py:93} INFO - 26/04/06 15:41:16 INFO ParquetUtils: Using default output committer for Parquet: org.apache.parquet.hadoop.ParquetOutputCommitter
[2026-04-06T15:41:16.075+0000] {subprocess.py:93} INFO - 26/04/06 15:41:16 INFO FileOutputCommitter: File Output Committer Algorithm version is 1
[2026-04-06T15:41:16.075+0000] {subprocess.py:93} INFO - 26/04/06 15:41:16 INFO FileOutputCommitter: FileOutputCommitter skip cleanup _temporary folders under output directory:false, ignore cleanup failures: false
[2026-04-06T15:41:16.075+0000] {subprocess.py:93} INFO - 26/04/06 15:41:16 INFO SQLHadoopMapReduceCommitProtocol: Using user defined output committer class org.apache.parquet.hadoop.ParquetOutputCommitter
[2026-04-06T15:41:16.076+0000] {subprocess.py:93} INFO - 26/04/06 15:41:16 INFO FileOutputCommitter: File Output Committer Algorithm version is 1
[2026-04-06T15:41:16.076+0000] {subprocess.py:93} INFO - 26/04/06 15:41:16 INFO FileOutputCommitter: FileOutputCommitter skip cleanup _temporary folders under output directory:false, ignore cleanup failures: false
[2026-04-06T15:41:16.076+0000] {subprocess.py:93} INFO - 26/04/06 15:41:16 INFO SQLHadoopMapReduceCommitProtocol: Using output committer class org.apache.parquet.hadoop.ParquetOutputCommitter
[2026-04-06T15:41:16.121+0000] {subprocess.py:93} INFO - 26/04/06 15:41:16 INFO CodeGenerator: Code generated in 9.755512 ms
[2026-04-06T15:41:16.132+0000] {subprocess.py:93} INFO - 26/04/06 15:41:16 INFO CodeGenerator: Code generated in 7.129944 ms
[2026-04-06T15:41:16.146+0000] {subprocess.py:93} INFO - 26/04/06 15:41:16 INFO SparkContext: Starting job: parquet at NativeMethodAccessorImpl.java:0
[2026-04-06T15:41:16.147+0000] {subprocess.py:93} INFO - 26/04/06 15:41:16 INFO DAGScheduler: Got job 3 (parquet at NativeMethodAccessorImpl.java:0) with 1 output partitions
[2026-04-06T15:41:16.148+0000] {subprocess.py:93} INFO - 26/04/06 15:41:16 INFO DAGScheduler: Final stage: ResultStage 4 (parquet at NativeMethodAccessorImpl.java:0)
[2026-04-06T15:41:16.148+0000] {subprocess.py:93} INFO - 26/04/06 15:41:16 INFO DAGScheduler: Parents of final stage: List(ShuffleMapStage 3)
[2026-04-06T15:41:16.149+0000] {subprocess.py:93} INFO - 26/04/06 15:41:16 INFO DAGScheduler: Missing parents: List()
[2026-04-06T15:41:16.150+0000] {subprocess.py:93} INFO - 26/04/06 15:41:16 INFO DAGScheduler: Submitting ResultStage 4 (MapPartitionsRDD[19] at parquet at NativeMethodAccessorImpl.java:0), which has no missing parents
[2026-04-06T15:41:16.170+0000] {subprocess.py:93} INFO - 26/04/06 15:41:16 INFO MemoryStore: Block broadcast_6 stored as values in memory (estimated size 257.5 KiB, free 433.6 MiB)
[2026-04-06T15:41:16.175+0000] {subprocess.py:93} INFO - 26/04/06 15:41:16 INFO MemoryStore: Block broadcast_6_piece0 stored as bytes in memory (estimated size 94.3 KiB, free 433.5 MiB)
[2026-04-06T15:41:16.176+0000] {subprocess.py:93} INFO - 26/04/06 15:41:16 INFO BlockManagerInfo: Added broadcast_6_piece0 in memory on 7c36fe5f1e47:43781 (size: 94.3 KiB, free: 434.2 MiB)
[2026-04-06T15:41:16.176+0000] {subprocess.py:93} INFO - 26/04/06 15:41:16 INFO BlockManagerInfo: Removed broadcast_5_piece0 on 7c36fe5f1e47:43781 in memory (size: 17.8 KiB, free: 434.2 MiB)
[2026-04-06T15:41:16.177+0000] {subprocess.py:93} INFO - 26/04/06 15:41:16 INFO SparkContext: Created broadcast 6 from broadcast at DAGScheduler.scala:1611
[2026-04-06T15:41:16.177+0000] {subprocess.py:93} INFO - 26/04/06 15:41:16 INFO DAGScheduler: Submitting 1 missing tasks from ResultStage 4 (MapPartitionsRDD[19] at parquet at NativeMethodAccessorImpl.java:0) (first 15 tasks are for partitions Vector(0))
[2026-04-06T15:41:16.178+0000] {subprocess.py:93} INFO - 26/04/06 15:41:16 INFO TaskSchedulerImpl: Adding task set 4.0 with 1 tasks resource profile 0
[2026-04-06T15:41:16.179+0000] {subprocess.py:93} INFO - 26/04/06 15:41:16 INFO BlockManagerInfo: Removed broadcast_5_piece0 on 172.18.0.5:45183 in memory (size: 17.8 KiB, free: 434.3 MiB)
[2026-04-06T15:41:16.181+0000] {subprocess.py:93} INFO - 26/04/06 15:41:16 INFO TaskSetManager: Starting task 0.0 in stage 4.0 (TID 3) (172.18.0.5, executor 0, partition 0, NODE_LOCAL, 9733 bytes)
[2026-04-06T15:41:16.183+0000] {subprocess.py:93} INFO - 26/04/06 15:41:16 INFO BlockManagerInfo: Removed broadcast_2_piece0 on 7c36fe5f1e47:43781 in memory (size: 35.2 KiB, free: 434.3 MiB)
[2026-04-06T15:41:16.185+0000] {subprocess.py:93} INFO - 26/04/06 15:41:16 INFO BlockManagerInfo: Removed broadcast_2_piece0 on 172.18.0.5:45183 in memory (size: 35.2 KiB, free: 434.4 MiB)
[2026-04-06T15:41:16.196+0000] {subprocess.py:93} INFO - 26/04/06 15:41:16 INFO BlockManagerInfo: Added broadcast_6_piece0 in memory on 172.18.0.5:45183 (size: 94.3 KiB, free: 434.3 MiB)
[2026-04-06T15:41:16.236+0000] {subprocess.py:93} INFO - 26/04/06 15:41:16 INFO MapOutputTrackerMasterEndpoint: Asked to send map output locations for shuffle 0 to 172.18.0.5:49696
[2026-04-06T15:41:16.991+0000] {subprocess.py:93} INFO - 26/04/06 15:41:16 INFO TaskSetManager: Finished task 0.0 in stage 4.0 (TID 3) in 812 ms on 172.18.0.5 (executor 0) (1/1)
[2026-04-06T15:41:16.992+0000] {subprocess.py:93} INFO - 26/04/06 15:41:16 INFO TaskSchedulerImpl: Removed TaskSet 4.0, whose tasks have all completed, from pool
[2026-04-06T15:41:16.992+0000] {subprocess.py:93} INFO - 26/04/06 15:41:16 INFO DAGScheduler: ResultStage 4 (parquet at NativeMethodAccessorImpl.java:0) finished in 0.834 s
[2026-04-06T15:41:16.992+0000] {subprocess.py:93} INFO - 26/04/06 15:41:16 INFO DAGScheduler: Job 3 is finished. Cancelling potential speculative or zombie tasks for this job
[2026-04-06T15:41:16.992+0000] {subprocess.py:93} INFO - 26/04/06 15:41:16 INFO TaskSchedulerImpl: Killing all running tasks in stage 4: Stage finished
[2026-04-06T15:41:16.993+0000] {subprocess.py:93} INFO - 26/04/06 15:41:16 INFO DAGScheduler: Job 3 finished: parquet at NativeMethodAccessorImpl.java:0, took 0.846572 s
[2026-04-06T15:41:16.994+0000] {subprocess.py:93} INFO - 26/04/06 15:41:16 INFO FileFormatWriter: Start to commit write Job 91de1c1d-b4d2-4d80-935b-4568e0bb4c21.
[2026-04-06T15:41:17.107+0000] {subprocess.py:93} INFO - 26/04/06 15:41:17 INFO FileFormatWriter: Write Job 91de1c1d-b4d2-4d80-935b-4568e0bb4c21 committed. Elapsed time: 112 ms.
[2026-04-06T15:41:17.108+0000] {subprocess.py:93} INFO - 26/04/06 15:41:17 INFO FileFormatWriter: Finished processing stats for write job 91de1c1d-b4d2-4d80-935b-4568e0bb4c21.
[2026-04-06T15:41:17.110+0000] {subprocess.py:93} INFO - Observations Bronze -> Silver completed successfully.
[2026-04-06T15:41:17.111+0000] {subprocess.py:93} INFO - 26/04/06 15:41:17 INFO SparkContext: SparkContext is stopping with exitCode 0.
[2026-04-06T15:41:17.117+0000] {subprocess.py:93} INFO - 26/04/06 15:41:17 INFO SparkUI: Stopped Spark web UI at http://7c36fe5f1e47:4041
[2026-04-06T15:41:17.118+0000] {subprocess.py:93} INFO - 26/04/06 15:41:17 INFO StandaloneSchedulerBackend: Shutting down all executors
[2026-04-06T15:41:17.119+0000] {subprocess.py:93} INFO - 26/04/06 15:41:17 INFO StandaloneSchedulerBackend$StandaloneDriverEndpoint: Asking each executor to shut down
[2026-04-06T15:41:17.126+0000] {subprocess.py:93} INFO - 26/04/06 15:41:17 INFO MapOutputTrackerMasterEndpoint: MapOutputTrackerMasterEndpoint stopped!
[2026-04-06T15:41:17.143+0000] {subprocess.py:93} INFO - 26/04/06 15:41:17 INFO MemoryStore: MemoryStore cleared
[2026-04-06T15:41:17.143+0000] {subprocess.py:93} INFO - 26/04/06 15:41:17 INFO BlockManager: BlockManager stopped
[2026-04-06T15:41:17.145+0000] {subprocess.py:93} INFO - 26/04/06 15:41:17 INFO BlockManagerMaster: BlockManagerMaster stopped
[2026-04-06T15:41:17.147+0000] {subprocess.py:93} INFO - 26/04/06 15:41:17 INFO OutputCommitCoordinator$OutputCommitCoordinatorEndpoint: OutputCommitCoordinator stopped!
[2026-04-06T15:41:17.241+0000] {subprocess.py:93} INFO - 26/04/06 15:41:17 INFO SparkContext: Successfully stopped SparkContext
[2026-04-06T15:41:17.393+0000] {subprocess.py:93} INFO - 26/04/06 15:41:17 INFO ShutdownHookManager: Shutdown hook called
[2026-04-06T15:41:17.393+0000] {subprocess.py:93} INFO - 26/04/06 15:41:17 INFO ShutdownHookManager: Deleting directory /tmp/spark-26cd357c-852e-4ca2-8257-9b9c4950ad19
[2026-04-06T15:41:17.398+0000] {subprocess.py:93} INFO - 26/04/06 15:41:17 INFO ShutdownHookManager: Deleting directory /tmp/spark-53d4853f-b6af-4596-8b97-fddb90974fbd
[2026-04-06T15:41:17.402+0000] {subprocess.py:93} INFO - 26/04/06 15:41:17 INFO ShutdownHookManager: Deleting directory /tmp/spark-53d4853f-b6af-4596-8b97-fddb90974fbd/pyspark-1e1ba5e8-eddf-4da5-ae86-6bba3eec70e0
[2026-04-06T15:41:17.408+0000] {subprocess.py:93} INFO - 26/04/06 15:41:17 INFO MetricsSystemImpl: Stopping s3a-file-system metrics system...
[2026-04-06T15:41:17.409+0000] {subprocess.py:93} INFO - 26/04/06 15:41:17 INFO MetricsSystemImpl: s3a-file-system metrics system stopped.
[2026-04-06T15:41:17.409+0000] {subprocess.py:93} INFO - 26/04/06 15:41:17 INFO MetricsSystemImpl: s3a-file-system metrics system shutdown complete.
[2026-04-06T15:41:17.483+0000] {subprocess.py:97} INFO - Command exited with return code 0
[2026-04-06T15:41:17.507+0000] {taskinstance.py:1149} INFO - Marking task as SUCCESS. dag_id=bronze_to_silver_and_gold, task_id=run_observations_silver, execution_date=20260406T154104, start_date=20260406T154104, end_date=20260406T154117
[2026-04-06T15:41:17.546+0000] {local_task_job_runner.py:234} INFO - Task exited with return code 0
[2026-04-06T15:41:17.567+0000] {taskinstance.py:3312} INFO - 0 downstream tasks scheduled from follow-on schedule check
