[2026-04-06T16:07:37.480+0000] {taskinstance.py:1979} INFO - Dependencies all met for dep_context=non-requeueable deps ti=<TaskInstance: bronze_to_silver_and_gold.build_patient_360_gold manual__2026-04-06T16:06:49.973310+00:00 [queued]>
[2026-04-06T16:07:37.486+0000] {taskinstance.py:1979} INFO - Dependencies all met for dep_context=requeueable deps ti=<TaskInstance: bronze_to_silver_and_gold.build_patient_360_gold manual__2026-04-06T16:06:49.973310+00:00 [queued]>
[2026-04-06T16:07:37.486+0000] {taskinstance.py:2193} INFO - Starting attempt 1 of 1
[2026-04-06T16:07:37.495+0000] {taskinstance.py:2217} INFO - Executing <Task(BashOperator): build_patient_360_gold> on 2026-04-06 16:06:49.973310+00:00
[2026-04-06T16:07:37.499+0000] {standard_task_runner.py:60} INFO - Started process 1306 to run task
[2026-04-06T16:07:37.502+0000] {standard_task_runner.py:87} INFO - Running: ['airflow', 'tasks', 'run', 'bronze_to_silver_and_gold', 'build_patient_360_gold', 'manual__2026-04-06T16:06:49.973310+00:00', '--job-id', '57', '--raw', '--subdir', 'DAGS_FOLDER/bronze_to_silver_dag.py', '--cfg-path', '/tmp/tmp_epw706o']
[2026-04-06T16:07:37.504+0000] {standard_task_runner.py:88} INFO - Job 57: Subtask build_patient_360_gold
[2026-04-06T16:07:37.545+0000] {task_command.py:423} INFO - Running <TaskInstance: bronze_to_silver_and_gold.build_patient_360_gold manual__2026-04-06T16:06:49.973310+00:00 [running]> on host 7c36fe5f1e47
[2026-04-06T16:07:37.608+0000] {taskinstance.py:2513} INFO - Exporting env vars: AIRFLOW_CTX_DAG_OWNER='airflow' AIRFLOW_CTX_DAG_ID='bronze_to_silver_and_gold' AIRFLOW_CTX_TASK_ID='build_patient_360_gold' AIRFLOW_CTX_EXECUTION_DATE='2026-04-06T16:06:49.973310+00:00' AIRFLOW_CTX_TRY_NUMBER='1' AIRFLOW_CTX_DAG_RUN_ID='manual__2026-04-06T16:06:49.973310+00:00'
[2026-04-06T16:07:37.609+0000] {subprocess.py:63} INFO - Tmp dir root location: /tmp
[2026-04-06T16:07:37.610+0000] {subprocess.py:75} INFO - Running command: ['/usr/bin/bash', '-c', '\n/opt/spark/bin/spark-submit \\\n  --master spark://spark-master:7077 \\\n  --packages org.apache.hadoop:hadoop-aws:3.3.4,com.amazonaws:aws-java-sdk-bundle:1.12.262 \\\n  --conf spark.hadoop.fs.s3a.endpoint=http://minio:9000 \\\n  --conf spark.hadoop.fs.s3a.access.key=minioadmin \\\n  --conf spark.hadoop.fs.s3a.secret.key=minioadmin \\\n  --conf spark.hadoop.fs.s3a.path.style.access=true \\\n  --conf spark.hadoop.fs.s3a.impl=org.apache.hadoop.fs.s3a.S3AFileSystem \\\n  /opt/airflow/spark/jobs/build_patient_360.py']
[2026-04-06T16:07:37.619+0000] {subprocess.py:86} INFO - Output:
[2026-04-06T16:07:38.518+0000] {subprocess.py:93} INFO - :: loading settings :: url = jar:file:/opt/spark-3.5.6-bin-hadoop3/jars/ivy-2.5.1.jar!/org/apache/ivy/core/settings/ivysettings.xml
[2026-04-06T16:07:38.565+0000] {subprocess.py:93} INFO - Ivy Default Cache set to: /home/airflow/.ivy2/cache
[2026-04-06T16:07:38.566+0000] {subprocess.py:93} INFO - The jars for the packages stored in: /home/airflow/.ivy2/jars
[2026-04-06T16:07:38.568+0000] {subprocess.py:93} INFO - org.apache.hadoop#hadoop-aws added as a dependency
[2026-04-06T16:07:38.569+0000] {subprocess.py:93} INFO - com.amazonaws#aws-java-sdk-bundle added as a dependency
[2026-04-06T16:07:38.569+0000] {subprocess.py:93} INFO - :: resolving dependencies :: org.apache.spark#spark-submit-parent-2f4ecd42-7d27-4610-8409-528a4ca95be8;1.0
[2026-04-06T16:07:38.569+0000] {subprocess.py:93} INFO - 	confs: [default]
[2026-04-06T16:07:38.667+0000] {subprocess.py:93} INFO - 	found org.apache.hadoop#hadoop-aws;3.3.4 in spark-list
[2026-04-06T16:07:38.687+0000] {subprocess.py:93} INFO - 	found com.amazonaws#aws-java-sdk-bundle;1.12.262 in central
[2026-04-06T16:07:38.702+0000] {subprocess.py:93} INFO - 	found org.wildfly.openssl#wildfly-openssl;1.0.7.Final in central
[2026-04-06T16:07:38.717+0000] {subprocess.py:93} INFO - :: resolution report :: resolve 143ms :: artifacts dl 5ms
[2026-04-06T16:07:38.718+0000] {subprocess.py:93} INFO - 	:: modules in use:
[2026-04-06T16:07:38.718+0000] {subprocess.py:93} INFO - 	com.amazonaws#aws-java-sdk-bundle;1.12.262 from central in [default]
[2026-04-06T16:07:38.719+0000] {subprocess.py:93} INFO - 	org.apache.hadoop#hadoop-aws;3.3.4 from spark-list in [default]
[2026-04-06T16:07:38.719+0000] {subprocess.py:93} INFO - 	org.wildfly.openssl#wildfly-openssl;1.0.7.Final from central in [default]
[2026-04-06T16:07:38.719+0000] {subprocess.py:93} INFO - 	---------------------------------------------------------------------
[2026-04-06T16:07:38.719+0000] {subprocess.py:93} INFO - 	|                  |            modules            ||   artifacts   |
[2026-04-06T16:07:38.720+0000] {subprocess.py:93} INFO - 	|       conf       | number| search|dwnlded|evicted|| number|dwnlded|
[2026-04-06T16:07:38.720+0000] {subprocess.py:93} INFO - 	---------------------------------------------------------------------
[2026-04-06T16:07:38.720+0000] {subprocess.py:93} INFO - 	|      default     |   3   |   0   |   0   |   0   ||   3   |   0   |
[2026-04-06T16:07:38.720+0000] {subprocess.py:93} INFO - 	---------------------------------------------------------------------
[2026-04-06T16:07:38.721+0000] {subprocess.py:93} INFO - :: retrieving :: org.apache.spark#spark-submit-parent-2f4ecd42-7d27-4610-8409-528a4ca95be8
[2026-04-06T16:07:38.721+0000] {subprocess.py:93} INFO - 	confs: [default]
[2026-04-06T16:07:38.725+0000] {subprocess.py:93} INFO - 	0 artifacts copied, 3 already retrieved (0kB/4ms)
[2026-04-06T16:07:38.843+0000] {subprocess.py:93} INFO - 26/04/06 16:07:38 WARN NativeCodeLoader: Unable to load native-hadoop library for your platform... using builtin-java classes where applicable
[2026-04-06T16:07:39.442+0000] {subprocess.py:93} INFO - 26/04/06 16:07:39 INFO SparkContext: Running Spark version 3.5.6
[2026-04-06T16:07:39.442+0000] {subprocess.py:93} INFO - 26/04/06 16:07:39 INFO SparkContext: OS info Linux, 6.6.87.2-microsoft-standard-WSL2, amd64
[2026-04-06T16:07:39.444+0000] {subprocess.py:93} INFO - 26/04/06 16:07:39 INFO SparkContext: Java version 17.0.18
[2026-04-06T16:07:39.456+0000] {subprocess.py:93} INFO - 26/04/06 16:07:39 INFO ResourceUtils: ==============================================================
[2026-04-06T16:07:39.461+0000] {subprocess.py:93} INFO - 26/04/06 16:07:39 INFO ResourceUtils: No custom resources configured for spark.driver.
[2026-04-06T16:07:39.462+0000] {subprocess.py:93} INFO - 26/04/06 16:07:39 INFO ResourceUtils: ==============================================================
[2026-04-06T16:07:39.462+0000] {subprocess.py:93} INFO - 26/04/06 16:07:39 INFO SparkContext: Submitted application: build_patient_360
[2026-04-06T16:07:39.470+0000] {subprocess.py:93} INFO - 26/04/06 16:07:39 INFO ResourceProfile: Default ResourceProfile created, executor resources: Map(memory -> name: memory, amount: 1024, script: , vendor: , offHeap -> name: offHeap, amount: 0, script: , vendor: ), task resources: Map(cpus -> name: cpus, amount: 1.0)
[2026-04-06T16:07:39.476+0000] {subprocess.py:93} INFO - 26/04/06 16:07:39 INFO ResourceProfile: Limiting resource is cpu
[2026-04-06T16:07:39.476+0000] {subprocess.py:93} INFO - 26/04/06 16:07:39 INFO ResourceProfileManager: Added ResourceProfile id: 0
[2026-04-06T16:07:39.511+0000] {subprocess.py:93} INFO - 26/04/06 16:07:39 INFO SecurityManager: Changing view acls to: airflow
[2026-04-06T16:07:39.511+0000] {subprocess.py:93} INFO - 26/04/06 16:07:39 INFO SecurityManager: Changing modify acls to: airflow
[2026-04-06T16:07:39.512+0000] {subprocess.py:93} INFO - 26/04/06 16:07:39 INFO SecurityManager: Changing view acls groups to:
[2026-04-06T16:07:39.512+0000] {subprocess.py:93} INFO - 26/04/06 16:07:39 INFO SecurityManager: Changing modify acls groups to:
[2026-04-06T16:07:39.512+0000] {subprocess.py:93} INFO - 26/04/06 16:07:39 INFO SecurityManager: SecurityManager: authentication disabled; ui acls disabled; users with view permissions: airflow; groups with view permissions: EMPTY; users with modify permissions: airflow; groups with modify permissions: EMPTY
[2026-04-06T16:07:39.628+0000] {subprocess.py:93} INFO - 26/04/06 16:07:39 INFO Utils: Successfully started service 'sparkDriver' on port 39311.
[2026-04-06T16:07:39.645+0000] {subprocess.py:93} INFO - 26/04/06 16:07:39 INFO SparkEnv: Registering MapOutputTracker
[2026-04-06T16:07:39.668+0000] {subprocess.py:93} INFO - 26/04/06 16:07:39 INFO SparkEnv: Registering BlockManagerMaster
[2026-04-06T16:07:39.678+0000] {subprocess.py:93} INFO - 26/04/06 16:07:39 INFO BlockManagerMasterEndpoint: Using org.apache.spark.storage.DefaultTopologyMapper for getting topology information
[2026-04-06T16:07:39.678+0000] {subprocess.py:93} INFO - 26/04/06 16:07:39 INFO BlockManagerMasterEndpoint: BlockManagerMasterEndpoint up
[2026-04-06T16:07:39.681+0000] {subprocess.py:93} INFO - 26/04/06 16:07:39 INFO SparkEnv: Registering BlockManagerMasterHeartbeat
[2026-04-06T16:07:39.692+0000] {subprocess.py:93} INFO - 26/04/06 16:07:39 INFO DiskBlockManager: Created local directory at /tmp/blockmgr-7c084973-9e62-4ade-8741-9059c7305b01
[2026-04-06T16:07:39.701+0000] {subprocess.py:93} INFO - 26/04/06 16:07:39 INFO MemoryStore: MemoryStore started with capacity 434.4 MiB
[2026-04-06T16:07:39.709+0000] {subprocess.py:93} INFO - 26/04/06 16:07:39 INFO SparkEnv: Registering OutputCommitCoordinator
[2026-04-06T16:07:39.776+0000] {subprocess.py:93} INFO - 26/04/06 16:07:39 INFO JettyUtils: Start Jetty 0.0.0.0:4040 for SparkUI
[2026-04-06T16:07:39.806+0000] {subprocess.py:93} INFO - 26/04/06 16:07:39 INFO Utils: Successfully started service 'SparkUI' on port 4040.
[2026-04-06T16:07:39.827+0000] {subprocess.py:93} INFO - 26/04/06 16:07:39 INFO SparkContext: Added JAR file:///home/airflow/.ivy2/jars/org.apache.hadoop_hadoop-aws-3.3.4.jar at spark://7c36fe5f1e47:39311/jars/org.apache.hadoop_hadoop-aws-3.3.4.jar with timestamp 1775491659438
[2026-04-06T16:07:39.827+0000] {subprocess.py:93} INFO - 26/04/06 16:07:39 INFO SparkContext: Added JAR file:///home/airflow/.ivy2/jars/com.amazonaws_aws-java-sdk-bundle-1.12.262.jar at spark://7c36fe5f1e47:39311/jars/com.amazonaws_aws-java-sdk-bundle-1.12.262.jar with timestamp 1775491659438
[2026-04-06T16:07:39.828+0000] {subprocess.py:93} INFO - 26/04/06 16:07:39 INFO SparkContext: Added JAR file:///home/airflow/.ivy2/jars/org.wildfly.openssl_wildfly-openssl-1.0.7.Final.jar at spark://7c36fe5f1e47:39311/jars/org.wildfly.openssl_wildfly-openssl-1.0.7.Final.jar with timestamp 1775491659438
[2026-04-06T16:07:39.830+0000] {subprocess.py:93} INFO - 26/04/06 16:07:39 INFO SparkContext: Added file file:///home/airflow/.ivy2/jars/org.apache.hadoop_hadoop-aws-3.3.4.jar at spark://7c36fe5f1e47:39311/files/org.apache.hadoop_hadoop-aws-3.3.4.jar with timestamp 1775491659438
[2026-04-06T16:07:39.830+0000] {subprocess.py:93} INFO - 26/04/06 16:07:39 INFO Utils: Copying /home/airflow/.ivy2/jars/org.apache.hadoop_hadoop-aws-3.3.4.jar to /tmp/spark-c8d99ce6-2bc7-4618-95d4-030fc3261adc/userFiles-9ee1499f-1836-408a-a7f0-c2c308e49f46/org.apache.hadoop_hadoop-aws-3.3.4.jar
[2026-04-06T16:07:39.838+0000] {subprocess.py:93} INFO - 26/04/06 16:07:39 INFO SparkContext: Added file file:///home/airflow/.ivy2/jars/com.amazonaws_aws-java-sdk-bundle-1.12.262.jar at spark://7c36fe5f1e47:39311/files/com.amazonaws_aws-java-sdk-bundle-1.12.262.jar with timestamp 1775491659438
[2026-04-06T16:07:39.839+0000] {subprocess.py:93} INFO - 26/04/06 16:07:39 INFO Utils: Copying /home/airflow/.ivy2/jars/com.amazonaws_aws-java-sdk-bundle-1.12.262.jar to /tmp/spark-c8d99ce6-2bc7-4618-95d4-030fc3261adc/userFiles-9ee1499f-1836-408a-a7f0-c2c308e49f46/com.amazonaws_aws-java-sdk-bundle-1.12.262.jar
[2026-04-06T16:07:40.047+0000] {subprocess.py:93} INFO - 26/04/06 16:07:40 INFO SparkContext: Added file file:///home/airflow/.ivy2/jars/org.wildfly.openssl_wildfly-openssl-1.0.7.Final.jar at spark://7c36fe5f1e47:39311/files/org.wildfly.openssl_wildfly-openssl-1.0.7.Final.jar with timestamp 1775491659438
[2026-04-06T16:07:40.047+0000] {subprocess.py:93} INFO - 26/04/06 16:07:40 INFO Utils: Copying /home/airflow/.ivy2/jars/org.wildfly.openssl_wildfly-openssl-1.0.7.Final.jar to /tmp/spark-c8d99ce6-2bc7-4618-95d4-030fc3261adc/userFiles-9ee1499f-1836-408a-a7f0-c2c308e49f46/org.wildfly.openssl_wildfly-openssl-1.0.7.Final.jar
[2026-04-06T16:07:40.089+0000] {subprocess.py:93} INFO - 26/04/06 16:07:40 INFO StandaloneAppClient$ClientEndpoint: Connecting to master spark://spark-master:7077...
[2026-04-06T16:07:40.111+0000] {subprocess.py:93} INFO - 26/04/06 16:07:40 INFO TransportClientFactory: Successfully created connection to spark-master/172.18.0.2:7077 after 13 ms (0 ms spent in bootstraps)
[2026-04-06T16:07:40.162+0000] {subprocess.py:93} INFO - 26/04/06 16:07:40 INFO StandaloneSchedulerBackend: Connected to Spark cluster with app ID app-20260406160740-0004
[2026-04-06T16:07:40.163+0000] {subprocess.py:93} INFO - 26/04/06 16:07:40 INFO StandaloneAppClient$ClientEndpoint: Executor added: app-20260406160740-0004/0 on worker-20260406160634-172.18.0.5-39795 (172.18.0.5:39795) with 16 core(s)
[2026-04-06T16:07:40.164+0000] {subprocess.py:93} INFO - 26/04/06 16:07:40 INFO StandaloneSchedulerBackend: Granted executor ID app-20260406160740-0004/0 on hostPort 172.18.0.5:39795 with 16 core(s), 1024.0 MiB RAM
[2026-04-06T16:07:40.168+0000] {subprocess.py:93} INFO - 26/04/06 16:07:40 INFO Utils: Successfully started service 'org.apache.spark.network.netty.NettyBlockTransferService' on port 41781.
[2026-04-06T16:07:40.169+0000] {subprocess.py:93} INFO - 26/04/06 16:07:40 INFO NettyBlockTransferService: Server created on 7c36fe5f1e47:41781
[2026-04-06T16:07:40.170+0000] {subprocess.py:93} INFO - 26/04/06 16:07:40 INFO BlockManager: Using org.apache.spark.storage.RandomBlockReplicationPolicy for block replication policy
[2026-04-06T16:07:40.174+0000] {subprocess.py:93} INFO - 26/04/06 16:07:40 INFO BlockManagerMaster: Registering BlockManager BlockManagerId(driver, 7c36fe5f1e47, 41781, None)
[2026-04-06T16:07:40.177+0000] {subprocess.py:93} INFO - 26/04/06 16:07:40 INFO BlockManagerMasterEndpoint: Registering block manager 7c36fe5f1e47:41781 with 434.4 MiB RAM, BlockManagerId(driver, 7c36fe5f1e47, 41781, None)
[2026-04-06T16:07:40.178+0000] {subprocess.py:93} INFO - 26/04/06 16:07:40 INFO BlockManagerMaster: Registered BlockManager BlockManagerId(driver, 7c36fe5f1e47, 41781, None)
[2026-04-06T16:07:40.179+0000] {subprocess.py:93} INFO - 26/04/06 16:07:40 INFO BlockManager: Initialized BlockManager: BlockManagerId(driver, 7c36fe5f1e47, 41781, None)
[2026-04-06T16:07:40.188+0000] {subprocess.py:93} INFO - 26/04/06 16:07:40 INFO StandaloneAppClient$ClientEndpoint: Executor updated: app-20260406160740-0004/0 is now RUNNING
[2026-04-06T16:07:40.299+0000] {subprocess.py:93} INFO - 26/04/06 16:07:40 INFO StandaloneSchedulerBackend: SchedulerBackend is ready for scheduling beginning after reached minRegisteredResourcesRatio: 0.0
[2026-04-06T16:07:40.411+0000] {subprocess.py:93} INFO - 26/04/06 16:07:40 INFO SharedState: Setting hive.metastore.warehouse.dir ('null') to the value of spark.sql.warehouse.dir.
[2026-04-06T16:07:40.412+0000] {subprocess.py:93} INFO - 26/04/06 16:07:40 INFO SharedState: Warehouse path is 'file:/tmp/airflowtmpkcgs6not/spark-warehouse'.
[2026-04-06T16:07:40.960+0000] {subprocess.py:93} INFO - 26/04/06 16:07:40 WARN MetricsConfig: Cannot locate configuration: tried hadoop-metrics2-s3a-file-system.properties,hadoop-metrics2.properties
[2026-04-06T16:07:40.969+0000] {subprocess.py:93} INFO - 26/04/06 16:07:40 INFO MetricsSystemImpl: Scheduled Metric snapshot period at 10 second(s).
[2026-04-06T16:07:40.970+0000] {subprocess.py:93} INFO - 26/04/06 16:07:40 INFO MetricsSystemImpl: s3a-file-system metrics system started
[2026-04-06T16:07:41.572+0000] {subprocess.py:93} INFO - 26/04/06 16:07:41 INFO InMemoryFileIndex: It took 37 ms to list leaf files for 1 paths.
[2026-04-06T16:07:41.700+0000] {subprocess.py:93} INFO - 26/04/06 16:07:41 INFO StandaloneSchedulerBackend$StandaloneDriverEndpoint: Registered executor NettyRpcEndpointRef(spark-client://Executor) (172.18.0.5:40668) with ID 0,  ResourceProfileId 0
[2026-04-06T16:07:41.741+0000] {subprocess.py:93} INFO - 26/04/06 16:07:41 INFO BlockManagerMasterEndpoint: Registering block manager 172.18.0.5:39001 with 434.4 MiB RAM, BlockManagerId(0, 172.18.0.5, 39001, None)
[2026-04-06T16:07:41.830+0000] {subprocess.py:93} INFO - 26/04/06 16:07:41 INFO SparkContext: Starting job: parquet at NativeMethodAccessorImpl.java:0
[2026-04-06T16:07:41.838+0000] {subprocess.py:93} INFO - 26/04/06 16:07:41 INFO DAGScheduler: Got job 0 (parquet at NativeMethodAccessorImpl.java:0) with 1 output partitions
[2026-04-06T16:07:41.839+0000] {subprocess.py:93} INFO - 26/04/06 16:07:41 INFO DAGScheduler: Final stage: ResultStage 0 (parquet at NativeMethodAccessorImpl.java:0)
[2026-04-06T16:07:41.839+0000] {subprocess.py:93} INFO - 26/04/06 16:07:41 INFO DAGScheduler: Parents of final stage: List()
[2026-04-06T16:07:41.840+0000] {subprocess.py:93} INFO - 26/04/06 16:07:41 INFO DAGScheduler: Missing parents: List()
[2026-04-06T16:07:41.843+0000] {subprocess.py:93} INFO - 26/04/06 16:07:41 INFO DAGScheduler: Submitting ResultStage 0 (MapPartitionsRDD[1] at parquet at NativeMethodAccessorImpl.java:0), which has no missing parents
[2026-04-06T16:07:41.871+0000] {subprocess.py:93} INFO - 26/04/06 16:07:41 INFO MemoryStore: Block broadcast_0 stored as values in memory (estimated size 105.5 KiB, free 434.3 MiB)
[2026-04-06T16:07:41.890+0000] {subprocess.py:93} INFO - 26/04/06 16:07:41 INFO MemoryStore: Block broadcast_0_piece0 stored as bytes in memory (estimated size 38.1 KiB, free 434.3 MiB)
[2026-04-06T16:07:41.892+0000] {subprocess.py:93} INFO - 26/04/06 16:07:41 INFO BlockManagerInfo: Added broadcast_0_piece0 in memory on 7c36fe5f1e47:41781 (size: 38.1 KiB, free: 434.4 MiB)
[2026-04-06T16:07:41.894+0000] {subprocess.py:93} INFO - 26/04/06 16:07:41 INFO SparkContext: Created broadcast 0 from broadcast at DAGScheduler.scala:1611
[2026-04-06T16:07:41.905+0000] {subprocess.py:93} INFO - 26/04/06 16:07:41 INFO DAGScheduler: Submitting 1 missing tasks from ResultStage 0 (MapPartitionsRDD[1] at parquet at NativeMethodAccessorImpl.java:0) (first 15 tasks are for partitions Vector(0))
[2026-04-06T16:07:41.906+0000] {subprocess.py:93} INFO - 26/04/06 16:07:41 INFO TaskSchedulerImpl: Adding task set 0.0 with 1 tasks resource profile 0
[2026-04-06T16:07:43.694+0000] {subprocess.py:93} INFO - 26/04/06 16:07:43 INFO TaskSetManager: Starting task 0.0 in stage 0.0 (TID 0) (172.18.0.5, executor 0, partition 0, PROCESS_LOCAL, 9901 bytes)
[2026-04-06T16:07:43.821+0000] {subprocess.py:93} INFO - 26/04/06 16:07:43 INFO BlockManagerInfo: Added broadcast_0_piece0 in memory on 172.18.0.5:39001 (size: 38.1 KiB, free: 434.4 MiB)
[2026-04-06T16:07:44.856+0000] {subprocess.py:93} INFO - 26/04/06 16:07:44 INFO TaskSetManager: Finished task 0.0 in stage 0.0 (TID 0) in 1167 ms on 172.18.0.5 (executor 0) (1/1)
[2026-04-06T16:07:44.857+0000] {subprocess.py:93} INFO - 26/04/06 16:07:44 INFO TaskSchedulerImpl: Removed TaskSet 0.0, whose tasks have all completed, from pool
[2026-04-06T16:07:44.860+0000] {subprocess.py:93} INFO - 26/04/06 16:07:44 INFO DAGScheduler: ResultStage 0 (parquet at NativeMethodAccessorImpl.java:0) finished in 3.008 s
[2026-04-06T16:07:44.861+0000] {subprocess.py:93} INFO - 26/04/06 16:07:44 INFO DAGScheduler: Job 0 is finished. Cancelling potential speculative or zombie tasks for this job
[2026-04-06T16:07:44.862+0000] {subprocess.py:93} INFO - 26/04/06 16:07:44 INFO TaskSchedulerImpl: Killing all running tasks in stage 0: Stage finished
[2026-04-06T16:07:44.863+0000] {subprocess.py:93} INFO - 26/04/06 16:07:44 INFO DAGScheduler: Job 0 finished: parquet at NativeMethodAccessorImpl.java:0, took 3.032518 s
[2026-04-06T16:07:45.122+0000] {subprocess.py:93} INFO - 26/04/06 16:07:45 INFO BlockManagerInfo: Removed broadcast_0_piece0 on 7c36fe5f1e47:41781 in memory (size: 38.1 KiB, free: 434.4 MiB)
[2026-04-06T16:07:45.128+0000] {subprocess.py:93} INFO - 26/04/06 16:07:45 INFO BlockManagerInfo: Removed broadcast_0_piece0 on 172.18.0.5:39001 in memory (size: 38.1 KiB, free: 434.4 MiB)
[2026-04-06T16:07:45.188+0000] {subprocess.py:93} INFO - 26/04/06 16:07:45 INFO InMemoryFileIndex: It took 5 ms to list leaf files for 1 paths.
[2026-04-06T16:07:45.204+0000] {subprocess.py:93} INFO - 26/04/06 16:07:45 INFO SparkContext: Starting job: parquet at NativeMethodAccessorImpl.java:0
[2026-04-06T16:07:45.205+0000] {subprocess.py:93} INFO - 26/04/06 16:07:45 INFO DAGScheduler: Got job 1 (parquet at NativeMethodAccessorImpl.java:0) with 1 output partitions
[2026-04-06T16:07:45.205+0000] {subprocess.py:93} INFO - 26/04/06 16:07:45 INFO DAGScheduler: Final stage: ResultStage 1 (parquet at NativeMethodAccessorImpl.java:0)
[2026-04-06T16:07:45.206+0000] {subprocess.py:93} INFO - 26/04/06 16:07:45 INFO DAGScheduler: Parents of final stage: List()
[2026-04-06T16:07:45.206+0000] {subprocess.py:93} INFO - 26/04/06 16:07:45 INFO DAGScheduler: Missing parents: List()
[2026-04-06T16:07:45.206+0000] {subprocess.py:93} INFO - 26/04/06 16:07:45 INFO DAGScheduler: Submitting ResultStage 1 (MapPartitionsRDD[3] at parquet at NativeMethodAccessorImpl.java:0), which has no missing parents
[2026-04-06T16:07:45.211+0000] {subprocess.py:93} INFO - 26/04/06 16:07:45 INFO MemoryStore: Block broadcast_1 stored as values in memory (estimated size 105.5 KiB, free 434.3 MiB)
[2026-04-06T16:07:45.212+0000] {subprocess.py:93} INFO - 26/04/06 16:07:45 INFO MemoryStore: Block broadcast_1_piece0 stored as bytes in memory (estimated size 38.1 KiB, free 434.3 MiB)
[2026-04-06T16:07:45.213+0000] {subprocess.py:93} INFO - 26/04/06 16:07:45 INFO BlockManagerInfo: Added broadcast_1_piece0 in memory on 7c36fe5f1e47:41781 (size: 38.1 KiB, free: 434.4 MiB)
[2026-04-06T16:07:45.213+0000] {subprocess.py:93} INFO - 26/04/06 16:07:45 INFO SparkContext: Created broadcast 1 from broadcast at DAGScheduler.scala:1611
[2026-04-06T16:07:45.214+0000] {subprocess.py:93} INFO - 26/04/06 16:07:45 INFO DAGScheduler: Submitting 1 missing tasks from ResultStage 1 (MapPartitionsRDD[3] at parquet at NativeMethodAccessorImpl.java:0) (first 15 tasks are for partitions Vector(0))
[2026-04-06T16:07:45.214+0000] {subprocess.py:93} INFO - 26/04/06 16:07:45 INFO TaskSchedulerImpl: Adding task set 1.0 with 1 tasks resource profile 0
[2026-04-06T16:07:45.215+0000] {subprocess.py:93} INFO - 26/04/06 16:07:45 INFO TaskSetManager: Starting task 0.0 in stage 1.0 (TID 1) (172.18.0.5, executor 0, partition 0, PROCESS_LOCAL, 9903 bytes)
[2026-04-06T16:07:45.234+0000] {subprocess.py:93} INFO - 26/04/06 16:07:45 INFO BlockManagerInfo: Added broadcast_1_piece0 in memory on 172.18.0.5:39001 (size: 38.1 KiB, free: 434.4 MiB)
[2026-04-06T16:07:45.269+0000] {subprocess.py:93} INFO - 26/04/06 16:07:45 INFO TaskSetManager: Finished task 0.0 in stage 1.0 (TID 1) in 53 ms on 172.18.0.5 (executor 0) (1/1)
[2026-04-06T16:07:45.269+0000] {subprocess.py:93} INFO - 26/04/06 16:07:45 INFO TaskSchedulerImpl: Removed TaskSet 1.0, whose tasks have all completed, from pool
[2026-04-06T16:07:45.270+0000] {subprocess.py:93} INFO - 26/04/06 16:07:45 INFO DAGScheduler: ResultStage 1 (parquet at NativeMethodAccessorImpl.java:0) finished in 0.062 s
[2026-04-06T16:07:45.270+0000] {subprocess.py:93} INFO - 26/04/06 16:07:45 INFO DAGScheduler: Job 1 is finished. Cancelling potential speculative or zombie tasks for this job
[2026-04-06T16:07:45.270+0000] {subprocess.py:93} INFO - 26/04/06 16:07:45 INFO TaskSchedulerImpl: Killing all running tasks in stage 1: Stage finished
[2026-04-06T16:07:45.271+0000] {subprocess.py:93} INFO - 26/04/06 16:07:45 INFO DAGScheduler: Job 1 finished: parquet at NativeMethodAccessorImpl.java:0, took 0.066173 s
[2026-04-06T16:07:45.312+0000] {subprocess.py:93} INFO - 26/04/06 16:07:45 INFO InMemoryFileIndex: It took 6 ms to list leaf files for 1 paths.
[2026-04-06T16:07:45.326+0000] {subprocess.py:93} INFO - 26/04/06 16:07:45 INFO SparkContext: Starting job: parquet at NativeMethodAccessorImpl.java:0
[2026-04-06T16:07:45.327+0000] {subprocess.py:93} INFO - 26/04/06 16:07:45 INFO DAGScheduler: Got job 2 (parquet at NativeMethodAccessorImpl.java:0) with 1 output partitions
[2026-04-06T16:07:45.328+0000] {subprocess.py:93} INFO - 26/04/06 16:07:45 INFO DAGScheduler: Final stage: ResultStage 2 (parquet at NativeMethodAccessorImpl.java:0)
[2026-04-06T16:07:45.328+0000] {subprocess.py:93} INFO - 26/04/06 16:07:45 INFO DAGScheduler: Parents of final stage: List()
[2026-04-06T16:07:45.328+0000] {subprocess.py:93} INFO - 26/04/06 16:07:45 INFO DAGScheduler: Missing parents: List()
[2026-04-06T16:07:45.329+0000] {subprocess.py:93} INFO - 26/04/06 16:07:45 INFO DAGScheduler: Submitting ResultStage 2 (MapPartitionsRDD[5] at parquet at NativeMethodAccessorImpl.java:0), which has no missing parents
[2026-04-06T16:07:45.334+0000] {subprocess.py:93} INFO - 26/04/06 16:07:45 INFO MemoryStore: Block broadcast_2 stored as values in memory (estimated size 105.5 KiB, free 434.2 MiB)
[2026-04-06T16:07:45.336+0000] {subprocess.py:93} INFO - 26/04/06 16:07:45 INFO MemoryStore: Block broadcast_2_piece0 stored as bytes in memory (estimated size 38.1 KiB, free 434.1 MiB)
[2026-04-06T16:07:45.337+0000] {subprocess.py:93} INFO - 26/04/06 16:07:45 INFO BlockManagerInfo: Added broadcast_2_piece0 in memory on 7c36fe5f1e47:41781 (size: 38.1 KiB, free: 434.3 MiB)
[2026-04-06T16:07:45.337+0000] {subprocess.py:93} INFO - 26/04/06 16:07:45 INFO SparkContext: Created broadcast 2 from broadcast at DAGScheduler.scala:1611
[2026-04-06T16:07:45.338+0000] {subprocess.py:93} INFO - 26/04/06 16:07:45 INFO DAGScheduler: Submitting 1 missing tasks from ResultStage 2 (MapPartitionsRDD[5] at parquet at NativeMethodAccessorImpl.java:0) (first 15 tasks are for partitions Vector(0))
[2026-04-06T16:07:45.339+0000] {subprocess.py:93} INFO - 26/04/06 16:07:45 INFO TaskSchedulerImpl: Adding task set 2.0 with 1 tasks resource profile 0
[2026-04-06T16:07:45.340+0000] {subprocess.py:93} INFO - 26/04/06 16:07:45 INFO TaskSetManager: Starting task 0.0 in stage 2.0 (TID 2) (172.18.0.5, executor 0, partition 0, PROCESS_LOCAL, 9905 bytes)
[2026-04-06T16:07:45.353+0000] {subprocess.py:93} INFO - 26/04/06 16:07:45 INFO BlockManagerInfo: Added broadcast_2_piece0 in memory on 172.18.0.5:39001 (size: 38.1 KiB, free: 434.3 MiB)
[2026-04-06T16:07:45.388+0000] {subprocess.py:93} INFO - 26/04/06 16:07:45 INFO TaskSetManager: Finished task 0.0 in stage 2.0 (TID 2) in 49 ms on 172.18.0.5 (executor 0) (1/1)
[2026-04-06T16:07:45.389+0000] {subprocess.py:93} INFO - 26/04/06 16:07:45 INFO TaskSchedulerImpl: Removed TaskSet 2.0, whose tasks have all completed, from pool
[2026-04-06T16:07:45.389+0000] {subprocess.py:93} INFO - 26/04/06 16:07:45 INFO DAGScheduler: ResultStage 2 (parquet at NativeMethodAccessorImpl.java:0) finished in 0.060 s
[2026-04-06T16:07:45.390+0000] {subprocess.py:93} INFO - 26/04/06 16:07:45 INFO DAGScheduler: Job 2 is finished. Cancelling potential speculative or zombie tasks for this job
[2026-04-06T16:07:45.390+0000] {subprocess.py:93} INFO - 26/04/06 16:07:45 INFO TaskSchedulerImpl: Killing all running tasks in stage 2: Stage finished
[2026-04-06T16:07:45.390+0000] {subprocess.py:93} INFO - 26/04/06 16:07:45 INFO DAGScheduler: Job 2 finished: parquet at NativeMethodAccessorImpl.java:0, took 0.063549 s
[2026-04-06T16:07:45.807+0000] {subprocess.py:93} INFO - 26/04/06 16:07:45 INFO FileSourceStrategy: Pushed Filters:
[2026-04-06T16:07:45.807+0000] {subprocess.py:93} INFO - 26/04/06 16:07:45 INFO FileSourceStrategy: Post-Scan Filters:
[2026-04-06T16:07:45.836+0000] {subprocess.py:93} INFO - 26/04/06 16:07:45 INFO FileSourceStrategy: Pushed Filters: IsNotNull(patient_id)
[2026-04-06T16:07:45.836+0000] {subprocess.py:93} INFO - 26/04/06 16:07:45 INFO FileSourceStrategy: Post-Scan Filters: isnotnull(patient_id#15)
[2026-04-06T16:07:45.841+0000] {subprocess.py:93} INFO - 26/04/06 16:07:45 INFO FileSourceStrategy: Pushed Filters: IsNotNull(patient_id)
[2026-04-06T16:07:45.841+0000] {subprocess.py:93} INFO - 26/04/06 16:07:45 INFO FileSourceStrategy: Post-Scan Filters: isnotnull(patient_id#29)
[2026-04-06T16:07:45.862+0000] {subprocess.py:93} INFO - 26/04/06 16:07:45 INFO BlockManagerInfo: Removed broadcast_1_piece0 on 7c36fe5f1e47:41781 in memory (size: 38.1 KiB, free: 434.4 MiB)
[2026-04-06T16:07:45.864+0000] {subprocess.py:93} INFO - 26/04/06 16:07:45 INFO BlockManagerInfo: Removed broadcast_1_piece0 on 172.18.0.5:39001 in memory (size: 38.1 KiB, free: 434.4 MiB)
[2026-04-06T16:07:45.870+0000] {subprocess.py:93} INFO - 26/04/06 16:07:45 INFO BlockManagerInfo: Removed broadcast_2_piece0 on 7c36fe5f1e47:41781 in memory (size: 38.1 KiB, free: 434.4 MiB)
[2026-04-06T16:07:45.871+0000] {subprocess.py:93} INFO - 26/04/06 16:07:45 INFO BlockManagerInfo: Removed broadcast_2_piece0 on 172.18.0.5:39001 in memory (size: 38.1 KiB, free: 434.4 MiB)
[2026-04-06T16:07:46.121+0000] {subprocess.py:93} INFO - 26/04/06 16:07:46 INFO CodeGenerator: Code generated in 142.917748 ms
[2026-04-06T16:07:46.143+0000] {subprocess.py:93} INFO - 26/04/06 16:07:46 INFO MemoryStore: Block broadcast_3 stored as values in memory (estimated size 204.3 KiB, free 434.2 MiB)
[2026-04-06T16:07:46.147+0000] {subprocess.py:93} INFO - 26/04/06 16:07:46 INFO MemoryStore: Block broadcast_3_piece0 stored as bytes in memory (estimated size 35.7 KiB, free 434.2 MiB)
[2026-04-06T16:07:46.147+0000] {subprocess.py:93} INFO - 26/04/06 16:07:46 INFO BlockManagerInfo: Added broadcast_3_piece0 in memory on 7c36fe5f1e47:41781 (size: 35.7 KiB, free: 434.4 MiB)
[2026-04-06T16:07:46.148+0000] {subprocess.py:93} INFO - 26/04/06 16:07:46 INFO SparkContext: Created broadcast 3 from parquet at NativeMethodAccessorImpl.java:0
[2026-04-06T16:07:46.154+0000] {subprocess.py:93} INFO - 26/04/06 16:07:46 INFO FileSourceScanExec: Planning scan with bin packing, max size: 4194304 bytes, open cost is considered as scanning 4194304 bytes.
[2026-04-06T16:07:46.205+0000] {subprocess.py:93} INFO - 26/04/06 16:07:46 INFO DAGScheduler: Registering RDD 9 (parquet at NativeMethodAccessorImpl.java:0) as input to shuffle 0
[2026-04-06T16:07:46.207+0000] {subprocess.py:93} INFO - 26/04/06 16:07:46 INFO DAGScheduler: Got map stage job 3 (parquet at NativeMethodAccessorImpl.java:0) with 1 output partitions
[2026-04-06T16:07:46.208+0000] {subprocess.py:93} INFO - 26/04/06 16:07:46 INFO DAGScheduler: Final stage: ShuffleMapStage 3 (parquet at NativeMethodAccessorImpl.java:0)
[2026-04-06T16:07:46.208+0000] {subprocess.py:93} INFO - 26/04/06 16:07:46 INFO DAGScheduler: Parents of final stage: List()
[2026-04-06T16:07:46.208+0000] {subprocess.py:93} INFO - 26/04/06 16:07:46 INFO DAGScheduler: Missing parents: List()
[2026-04-06T16:07:46.209+0000] {subprocess.py:93} INFO - 26/04/06 16:07:46 INFO DAGScheduler: Submitting ShuffleMapStage 3 (MapPartitionsRDD[9] at parquet at NativeMethodAccessorImpl.java:0), which has no missing parents
[2026-04-06T16:07:46.217+0000] {subprocess.py:93} INFO - 26/04/06 16:07:46 INFO MemoryStore: Block broadcast_4 stored as values in memory (estimated size 39.7 KiB, free 434.1 MiB)
[2026-04-06T16:07:46.218+0000] {subprocess.py:93} INFO - 26/04/06 16:07:46 INFO MemoryStore: Block broadcast_4_piece0 stored as bytes in memory (estimated size 17.9 KiB, free 434.1 MiB)
[2026-04-06T16:07:46.219+0000] {subprocess.py:93} INFO - 26/04/06 16:07:46 INFO BlockManagerInfo: Added broadcast_4_piece0 in memory on 7c36fe5f1e47:41781 (size: 17.9 KiB, free: 434.3 MiB)
[2026-04-06T16:07:46.220+0000] {subprocess.py:93} INFO - 26/04/06 16:07:46 INFO SparkContext: Created broadcast 4 from broadcast at DAGScheduler.scala:1611
[2026-04-06T16:07:46.221+0000] {subprocess.py:93} INFO - 26/04/06 16:07:46 INFO DAGScheduler: Submitting 1 missing tasks from ShuffleMapStage 3 (MapPartitionsRDD[9] at parquet at NativeMethodAccessorImpl.java:0) (first 15 tasks are for partitions Vector(0))
[2026-04-06T16:07:46.221+0000] {subprocess.py:93} INFO - 26/04/06 16:07:46 INFO TaskSchedulerImpl: Adding task set 3.0 with 1 tasks resource profile 0
[2026-04-06T16:07:46.224+0000] {subprocess.py:93} INFO - 26/04/06 16:07:46 INFO TaskSetManager: Starting task 0.0 in stage 3.0 (TID 3) (172.18.0.5, executor 0, partition 0, PROCESS_LOCAL, 10397 bytes)
[2026-04-06T16:07:46.247+0000] {subprocess.py:93} INFO - 26/04/06 16:07:46 INFO CodeGenerator: Code generated in 29.669192 ms
[2026-04-06T16:07:46.250+0000] {subprocess.py:93} INFO - 26/04/06 16:07:46 INFO MemoryStore: Block broadcast_5 stored as values in memory (estimated size 204.5 KiB, free 433.9 MiB)
[2026-04-06T16:07:46.251+0000] {subprocess.py:93} INFO - 26/04/06 16:07:46 INFO BlockManagerInfo: Added broadcast_4_piece0 in memory on 172.18.0.5:39001 (size: 17.9 KiB, free: 434.4 MiB)
[2026-04-06T16:07:46.256+0000] {subprocess.py:93} INFO - 26/04/06 16:07:46 INFO MemoryStore: Block broadcast_5_piece0 stored as bytes in memory (estimated size 35.9 KiB, free 433.9 MiB)
[2026-04-06T16:07:46.258+0000] {subprocess.py:93} INFO - 26/04/06 16:07:46 INFO BlockManagerInfo: Added broadcast_5_piece0 in memory on 7c36fe5f1e47:41781 (size: 35.9 KiB, free: 434.3 MiB)
[2026-04-06T16:07:46.258+0000] {subprocess.py:93} INFO - 26/04/06 16:07:46 INFO SparkContext: Created broadcast 5 from parquet at NativeMethodAccessorImpl.java:0
[2026-04-06T16:07:46.260+0000] {subprocess.py:93} INFO - 26/04/06 16:07:46 INFO FileSourceScanExec: Planning scan with bin packing, max size: 4194304 bytes, open cost is considered as scanning 4194304 bytes.
[2026-04-06T16:07:46.269+0000] {subprocess.py:93} INFO - 26/04/06 16:07:46 INFO DAGScheduler: Registering RDD 13 (parquet at NativeMethodAccessorImpl.java:0) as input to shuffle 1
[2026-04-06T16:07:46.269+0000] {subprocess.py:93} INFO - 26/04/06 16:07:46 INFO DAGScheduler: Got map stage job 4 (parquet at NativeMethodAccessorImpl.java:0) with 1 output partitions
[2026-04-06T16:07:46.271+0000] {subprocess.py:93} INFO - 26/04/06 16:07:46 INFO DAGScheduler: Final stage: ShuffleMapStage 4 (parquet at NativeMethodAccessorImpl.java:0)
[2026-04-06T16:07:46.272+0000] {subprocess.py:93} INFO - 26/04/06 16:07:46 INFO DAGScheduler: Parents of final stage: List()
[2026-04-06T16:07:46.272+0000] {subprocess.py:93} INFO - 26/04/06 16:07:46 INFO DAGScheduler: Missing parents: List()
[2026-04-06T16:07:46.272+0000] {subprocess.py:93} INFO - 26/04/06 16:07:46 INFO DAGScheduler: Submitting ShuffleMapStage 4 (MapPartitionsRDD[13] at parquet at NativeMethodAccessorImpl.java:0), which has no missing parents
[2026-04-06T16:07:46.273+0000] {subprocess.py:93} INFO - 26/04/06 16:07:46 INFO MemoryStore: Block broadcast_6 stored as values in memory (estimated size 45.3 KiB, free 433.8 MiB)
[2026-04-06T16:07:46.275+0000] {subprocess.py:93} INFO - 26/04/06 16:07:46 INFO MemoryStore: Block broadcast_6_piece0 stored as bytes in memory (estimated size 19.9 KiB, free 433.8 MiB)
[2026-04-06T16:07:46.275+0000] {subprocess.py:93} INFO - 26/04/06 16:07:46 INFO BlockManagerInfo: Added broadcast_6_piece0 in memory on 7c36fe5f1e47:41781 (size: 19.9 KiB, free: 434.3 MiB)
[2026-04-06T16:07:46.276+0000] {subprocess.py:93} INFO - 26/04/06 16:07:46 INFO SparkContext: Created broadcast 6 from broadcast at DAGScheduler.scala:1611
[2026-04-06T16:07:46.276+0000] {subprocess.py:93} INFO - 26/04/06 16:07:46 INFO DAGScheduler: Submitting 1 missing tasks from ShuffleMapStage 4 (MapPartitionsRDD[13] at parquet at NativeMethodAccessorImpl.java:0) (first 15 tasks are for partitions Vector(0))
[2026-04-06T16:07:46.277+0000] {subprocess.py:93} INFO - 26/04/06 16:07:46 INFO TaskSchedulerImpl: Adding task set 4.0 with 1 tasks resource profile 0
[2026-04-06T16:07:46.278+0000] {subprocess.py:93} INFO - 26/04/06 16:07:46 INFO TaskSetManager: Starting task 0.0 in stage 4.0 (TID 4) (172.18.0.5, executor 0, partition 0, PROCESS_LOCAL, 10399 bytes)
[2026-04-06T16:07:46.294+0000] {subprocess.py:93} INFO - 26/04/06 16:07:46 INFO BlockManagerInfo: Added broadcast_6_piece0 in memory on 172.18.0.5:39001 (size: 19.9 KiB, free: 434.4 MiB)
[2026-04-06T16:07:46.747+0000] {subprocess.py:93} INFO - 26/04/06 16:07:46 INFO BlockManagerInfo: Added broadcast_3_piece0 in memory on 172.18.0.5:39001 (size: 35.7 KiB, free: 434.3 MiB)
[2026-04-06T16:07:46.748+0000] {subprocess.py:93} INFO - 26/04/06 16:07:46 INFO BlockManagerInfo: Added broadcast_5_piece0 in memory on 172.18.0.5:39001 (size: 35.9 KiB, free: 434.3 MiB)
[2026-04-06T16:07:47.109+0000] {subprocess.py:93} INFO - 26/04/06 16:07:47 INFO TaskSetManager: Finished task 0.0 in stage 4.0 (TID 4) in 831 ms on 172.18.0.5 (executor 0) (1/1)
[2026-04-06T16:07:47.109+0000] {subprocess.py:93} INFO - 26/04/06 16:07:47 INFO TaskSchedulerImpl: Removed TaskSet 4.0, whose tasks have all completed, from pool
[2026-04-06T16:07:47.110+0000] {subprocess.py:93} INFO - 26/04/06 16:07:47 INFO TaskSetManager: Finished task 0.0 in stage 3.0 (TID 3) in 887 ms on 172.18.0.5 (executor 0) (1/1)
[2026-04-06T16:07:47.110+0000] {subprocess.py:93} INFO - 26/04/06 16:07:47 INFO TaskSchedulerImpl: Removed TaskSet 3.0, whose tasks have all completed, from pool
[2026-04-06T16:07:47.110+0000] {subprocess.py:93} INFO - 26/04/06 16:07:47 INFO DAGScheduler: ShuffleMapStage 4 (parquet at NativeMethodAccessorImpl.java:0) finished in 0.840 s
[2026-04-06T16:07:47.110+0000] {subprocess.py:93} INFO - 26/04/06 16:07:47 INFO DAGScheduler: looking for newly runnable stages
[2026-04-06T16:07:47.111+0000] {subprocess.py:93} INFO - 26/04/06 16:07:47 INFO DAGScheduler: running: Set(ShuffleMapStage 3)
[2026-04-06T16:07:47.111+0000] {subprocess.py:93} INFO - 26/04/06 16:07:47 INFO DAGScheduler: waiting: Set()
[2026-04-06T16:07:47.111+0000] {subprocess.py:93} INFO - 26/04/06 16:07:47 INFO DAGScheduler: failed: Set()
[2026-04-06T16:07:47.114+0000] {subprocess.py:93} INFO - 26/04/06 16:07:47 INFO DAGScheduler: ShuffleMapStage 3 (parquet at NativeMethodAccessorImpl.java:0) finished in 0.904 s
[2026-04-06T16:07:47.115+0000] {subprocess.py:93} INFO - 26/04/06 16:07:47 INFO DAGScheduler: looking for newly runnable stages
[2026-04-06T16:07:47.115+0000] {subprocess.py:93} INFO - 26/04/06 16:07:47 INFO DAGScheduler: running: Set()
[2026-04-06T16:07:47.115+0000] {subprocess.py:93} INFO - 26/04/06 16:07:47 INFO DAGScheduler: waiting: Set()
[2026-04-06T16:07:47.116+0000] {subprocess.py:93} INFO - 26/04/06 16:07:47 INFO DAGScheduler: failed: Set()
[2026-04-06T16:07:47.123+0000] {subprocess.py:93} INFO - 26/04/06 16:07:47 INFO FileSourceStrategy: Pushed Filters:
[2026-04-06T16:07:47.123+0000] {subprocess.py:93} INFO - 26/04/06 16:07:47 INFO FileSourceStrategy: Post-Scan Filters:
[2026-04-06T16:07:47.132+0000] {subprocess.py:93} INFO - 26/04/06 16:07:47 INFO ShufflePartitionsUtil: For shuffle(1), advisory target size: 67108864, actual target size 1048576, minimum partition size: 1048576
[2026-04-06T16:07:47.150+0000] {subprocess.py:93} INFO - 26/04/06 16:07:47 INFO HashAggregateExec: spark.sql.codegen.aggregate.map.twolevel.enabled is set to true, but current version of codegened fast hashmap does not support this aggregate.
[2026-04-06T16:07:47.152+0000] {subprocess.py:93} INFO - 26/04/06 16:07:47 INFO FileSourceStrategy: Pushed Filters:
[2026-04-06T16:07:47.153+0000] {subprocess.py:93} INFO - 26/04/06 16:07:47 INFO FileSourceStrategy: Post-Scan Filters:
[2026-04-06T16:07:47.155+0000] {subprocess.py:93} INFO - 26/04/06 16:07:47 INFO ShufflePartitionsUtil: For shuffle(0), advisory target size: 67108864, actual target size 1048576, minimum partition size: 1048576
[2026-04-06T16:07:47.163+0000] {subprocess.py:93} INFO - 26/04/06 16:07:47 INFO HashAggregateExec: spark.sql.codegen.aggregate.map.twolevel.enabled is set to true, but current version of codegened fast hashmap does not support this aggregate.
[2026-04-06T16:07:47.168+0000] {subprocess.py:93} INFO - 26/04/06 16:07:47 INFO CodeGenerator: Code generated in 11.520317 ms
[2026-04-06T16:07:47.172+0000] {subprocess.py:93} INFO - 26/04/06 16:07:47 INFO CodeGenerator: Code generated in 7.438786 ms
[2026-04-06T16:07:47.184+0000] {subprocess.py:93} INFO - 26/04/06 16:07:47 INFO SparkContext: Starting job: $anonfun$withThreadLocalCaptured$1 at FutureTask.java:264
[2026-04-06T16:07:47.184+0000] {subprocess.py:93} INFO - 26/04/06 16:07:47 INFO SparkContext: Starting job: $anonfun$withThreadLocalCaptured$1 at FutureTask.java:264
[2026-04-06T16:07:47.185+0000] {subprocess.py:93} INFO - 26/04/06 16:07:47 INFO DAGScheduler: Got job 5 ($anonfun$withThreadLocalCaptured$1 at FutureTask.java:264) with 1 output partitions
[2026-04-06T16:07:47.185+0000] {subprocess.py:93} INFO - 26/04/06 16:07:47 INFO DAGScheduler: Final stage: ResultStage 6 ($anonfun$withThreadLocalCaptured$1 at FutureTask.java:264)
[2026-04-06T16:07:47.185+0000] {subprocess.py:93} INFO - 26/04/06 16:07:47 INFO DAGScheduler: Parents of final stage: List(ShuffleMapStage 5)
[2026-04-06T16:07:47.186+0000] {subprocess.py:93} INFO - 26/04/06 16:07:47 INFO DAGScheduler: Missing parents: List()
[2026-04-06T16:07:47.186+0000] {subprocess.py:93} INFO - 26/04/06 16:07:47 INFO DAGScheduler: Submitting ResultStage 6 (MapPartitionsRDD[19] at $anonfun$withThreadLocalCaptured$1 at FutureTask.java:264), which has no missing parents
[2026-04-06T16:07:47.194+0000] {subprocess.py:93} INFO - 26/04/06 16:07:47 INFO MemoryStore: Block broadcast_7 stored as values in memory (estimated size 39.2 KiB, free 433.8 MiB)
[2026-04-06T16:07:47.195+0000] {subprocess.py:93} INFO - 26/04/06 16:07:47 INFO MemoryStore: Block broadcast_7_piece0 stored as bytes in memory (estimated size 18.3 KiB, free 433.8 MiB)
[2026-04-06T16:07:47.196+0000] {subprocess.py:93} INFO - 26/04/06 16:07:47 INFO BlockManagerInfo: Added broadcast_7_piece0 in memory on 7c36fe5f1e47:41781 (size: 18.3 KiB, free: 434.3 MiB)
[2026-04-06T16:07:47.196+0000] {subprocess.py:93} INFO - 26/04/06 16:07:47 INFO SparkContext: Created broadcast 7 from broadcast at DAGScheduler.scala:1611
[2026-04-06T16:07:47.197+0000] {subprocess.py:93} INFO - 26/04/06 16:07:47 INFO DAGScheduler: Submitting 1 missing tasks from ResultStage 6 (MapPartitionsRDD[19] at $anonfun$withThreadLocalCaptured$1 at FutureTask.java:264) (first 15 tasks are for partitions Vector(0))
[2026-04-06T16:07:47.197+0000] {subprocess.py:93} INFO - 26/04/06 16:07:47 INFO TaskSchedulerImpl: Adding task set 6.0 with 1 tasks resource profile 0
[2026-04-06T16:07:47.199+0000] {subprocess.py:93} INFO - 26/04/06 16:07:47 INFO DAGScheduler: Got job 6 ($anonfun$withThreadLocalCaptured$1 at FutureTask.java:264) with 1 output partitions
[2026-04-06T16:07:47.200+0000] {subprocess.py:93} INFO - 26/04/06 16:07:47 INFO DAGScheduler: Final stage: ResultStage 8 ($anonfun$withThreadLocalCaptured$1 at FutureTask.java:264)
[2026-04-06T16:07:47.200+0000] {subprocess.py:93} INFO - 26/04/06 16:07:47 INFO DAGScheduler: Parents of final stage: List(ShuffleMapStage 7)
[2026-04-06T16:07:47.200+0000] {subprocess.py:93} INFO - 26/04/06 16:07:47 INFO TaskSetManager: Starting task 0.0 in stage 6.0 (TID 5) (172.18.0.5, executor 0, partition 0, NODE_LOCAL, 9733 bytes)
[2026-04-06T16:07:47.200+0000] {subprocess.py:93} INFO - 26/04/06 16:07:47 INFO DAGScheduler: Missing parents: List()
[2026-04-06T16:07:47.201+0000] {subprocess.py:93} INFO - 26/04/06 16:07:47 INFO DAGScheduler: Submitting ResultStage 8 (MapPartitionsRDD[18] at $anonfun$withThreadLocalCaptured$1 at FutureTask.java:264), which has no missing parents
[2026-04-06T16:07:47.211+0000] {subprocess.py:93} INFO - 26/04/06 16:07:47 INFO BlockManagerInfo: Removed broadcast_6_piece0 on 7c36fe5f1e47:41781 in memory (size: 19.9 KiB, free: 434.3 MiB)
[2026-04-06T16:07:47.212+0000] {subprocess.py:93} INFO - 26/04/06 16:07:47 INFO BlockManagerInfo: Removed broadcast_6_piece0 on 172.18.0.5:39001 in memory (size: 19.9 KiB, free: 434.3 MiB)
[2026-04-06T16:07:47.214+0000] {subprocess.py:93} INFO - 26/04/06 16:07:47 INFO BlockManagerInfo: Added broadcast_7_piece0 in memory on 172.18.0.5:39001 (size: 18.3 KiB, free: 434.3 MiB)
[2026-04-06T16:07:47.214+0000] {subprocess.py:93} INFO - 26/04/06 16:07:47 INFO MemoryStore: Block broadcast_8 stored as values in memory (estimated size 46.8 KiB, free 433.8 MiB)
[2026-04-06T16:07:47.216+0000] {subprocess.py:93} INFO - 26/04/06 16:07:47 INFO MemoryStore: Block broadcast_8_piece0 stored as bytes in memory (estimated size 21.0 KiB, free 433.8 MiB)
[2026-04-06T16:07:47.217+0000] {subprocess.py:93} INFO - 26/04/06 16:07:47 INFO BlockManagerInfo: Added broadcast_8_piece0 in memory on 7c36fe5f1e47:41781 (size: 21.0 KiB, free: 434.3 MiB)
[2026-04-06T16:07:47.217+0000] {subprocess.py:93} INFO - 26/04/06 16:07:47 INFO SparkContext: Created broadcast 8 from broadcast at DAGScheduler.scala:1611
[2026-04-06T16:07:47.218+0000] {subprocess.py:93} INFO - 26/04/06 16:07:47 INFO DAGScheduler: Submitting 1 missing tasks from ResultStage 8 (MapPartitionsRDD[18] at $anonfun$withThreadLocalCaptured$1 at FutureTask.java:264) (first 15 tasks are for partitions Vector(0))
[2026-04-06T16:07:47.218+0000] {subprocess.py:93} INFO - 26/04/06 16:07:47 INFO TaskSchedulerImpl: Adding task set 8.0 with 1 tasks resource profile 0
[2026-04-06T16:07:47.218+0000] {subprocess.py:93} INFO - 26/04/06 16:07:47 INFO BlockManagerInfo: Removed broadcast_4_piece0 on 7c36fe5f1e47:41781 in memory (size: 17.9 KiB, free: 434.3 MiB)
[2026-04-06T16:07:47.219+0000] {subprocess.py:93} INFO - 26/04/06 16:07:47 INFO TaskSetManager: Starting task 0.0 in stage 8.0 (TID 6) (172.18.0.5, executor 0, partition 0, NODE_LOCAL, 9733 bytes)
[2026-04-06T16:07:47.220+0000] {subprocess.py:93} INFO - 26/04/06 16:07:47 INFO BlockManagerInfo: Removed broadcast_4_piece0 on 172.18.0.5:39001 in memory (size: 17.9 KiB, free: 434.3 MiB)
[2026-04-06T16:07:47.227+0000] {subprocess.py:93} INFO - 26/04/06 16:07:47 INFO BlockManagerInfo: Added broadcast_8_piece0 in memory on 172.18.0.5:39001 (size: 21.0 KiB, free: 434.3 MiB)
[2026-04-06T16:07:47.247+0000] {subprocess.py:93} INFO - 26/04/06 16:07:47 INFO MapOutputTrackerMasterEndpoint: Asked to send map output locations for shuffle 0 to 172.18.0.5:40668
[2026-04-06T16:07:47.247+0000] {subprocess.py:93} INFO - 26/04/06 16:07:47 INFO MapOutputTrackerMasterEndpoint: Asked to send map output locations for shuffle 1 to 172.18.0.5:40668
[2026-04-06T16:07:47.339+0000] {subprocess.py:93} INFO - 26/04/06 16:07:47 INFO TaskSetManager: Finished task 0.0 in stage 8.0 (TID 6) in 120 ms on 172.18.0.5 (executor 0) (1/1)
[2026-04-06T16:07:47.340+0000] {subprocess.py:93} INFO - 26/04/06 16:07:47 INFO TaskSchedulerImpl: Removed TaskSet 8.0, whose tasks have all completed, from pool
[2026-04-06T16:07:47.340+0000] {subprocess.py:93} INFO - 26/04/06 16:07:47 INFO TaskSetManager: Finished task 0.0 in stage 6.0 (TID 5) in 140 ms on 172.18.0.5 (executor 0) (1/1)
[2026-04-06T16:07:47.340+0000] {subprocess.py:93} INFO - 26/04/06 16:07:47 INFO TaskSchedulerImpl: Removed TaskSet 6.0, whose tasks have all completed, from pool
[2026-04-06T16:07:47.341+0000] {subprocess.py:93} INFO - 26/04/06 16:07:47 INFO DAGScheduler: ResultStage 8 ($anonfun$withThreadLocalCaptured$1 at FutureTask.java:264) finished in 0.128 s
[2026-04-06T16:07:47.341+0000] {subprocess.py:93} INFO - 26/04/06 16:07:47 INFO DAGScheduler: Job 6 is finished. Cancelling potential speculative or zombie tasks for this job
[2026-04-06T16:07:47.342+0000] {subprocess.py:93} INFO - 26/04/06 16:07:47 INFO TaskSchedulerImpl: Killing all running tasks in stage 8: Stage finished
[2026-04-06T16:07:47.342+0000] {subprocess.py:93} INFO - 26/04/06 16:07:47 INFO DAGScheduler: Job 6 finished: $anonfun$withThreadLocalCaptured$1 at FutureTask.java:264, took 0.156398 s
[2026-04-06T16:07:47.343+0000] {subprocess.py:93} INFO - 26/04/06 16:07:47 INFO DAGScheduler: ResultStage 6 ($anonfun$withThreadLocalCaptured$1 at FutureTask.java:264) finished in 0.148 s
[2026-04-06T16:07:47.344+0000] {subprocess.py:93} INFO - 26/04/06 16:07:47 INFO DAGScheduler: Job 5 is finished. Cancelling potential speculative or zombie tasks for this job
[2026-04-06T16:07:47.345+0000] {subprocess.py:93} INFO - 26/04/06 16:07:47 INFO TaskSchedulerImpl: Killing all running tasks in stage 6: Stage finished
[2026-04-06T16:07:47.345+0000] {subprocess.py:93} INFO - 26/04/06 16:07:47 INFO DAGScheduler: Job 5 finished: $anonfun$withThreadLocalCaptured$1 at FutureTask.java:264, took 0.158081 s
[2026-04-06T16:07:47.358+0000] {subprocess.py:93} INFO - 26/04/06 16:07:47 INFO CodeGenerator: Code generated in 5.481393 ms
[2026-04-06T16:07:47.376+0000] {subprocess.py:93} INFO - 26/04/06 16:07:47 INFO MemoryStore: Block broadcast_10_piece0 stored as bytes in memory (estimated size 22.8 KiB, free 433.8 MiB)
[2026-04-06T16:07:47.377+0000] {subprocess.py:93} INFO - 26/04/06 16:07:47 INFO MemoryStore: Block broadcast_9_piece0 stored as bytes in memory (estimated size 14.9 KiB, free 433.8 MiB)
[2026-04-06T16:07:47.377+0000] {subprocess.py:93} INFO - 26/04/06 16:07:47 INFO BlockManagerInfo: Added broadcast_10_piece0 in memory on 7c36fe5f1e47:41781 (size: 22.8 KiB, free: 434.3 MiB)
[2026-04-06T16:07:47.378+0000] {subprocess.py:93} INFO - 26/04/06 16:07:47 INFO BlockManagerInfo: Added broadcast_9_piece0 in memory on 7c36fe5f1e47:41781 (size: 14.9 KiB, free: 434.3 MiB)
[2026-04-06T16:07:47.378+0000] {subprocess.py:93} INFO - 26/04/06 16:07:47 INFO SparkContext: Created broadcast 10 from $anonfun$withThreadLocalCaptured$1 at FutureTask.java:264
[2026-04-06T16:07:47.378+0000] {subprocess.py:93} INFO - 26/04/06 16:07:47 INFO SparkContext: Created broadcast 9 from $anonfun$withThreadLocalCaptured$1 at FutureTask.java:264
[2026-04-06T16:07:47.379+0000] {subprocess.py:93} INFO - 26/04/06 16:07:47 INFO BlockManagerInfo: Removed broadcast_7_piece0 on 7c36fe5f1e47:41781 in memory (size: 18.3 KiB, free: 434.3 MiB)
[2026-04-06T16:07:47.380+0000] {subprocess.py:93} INFO - 26/04/06 16:07:47 INFO BlockManagerInfo: Removed broadcast_7_piece0 on 172.18.0.5:39001 in memory (size: 18.3 KiB, free: 434.3 MiB)
[2026-04-06T16:07:47.384+0000] {subprocess.py:93} INFO - 26/04/06 16:07:47 INFO FileSourceStrategy: Pushed Filters:
[2026-04-06T16:07:47.388+0000] {subprocess.py:93} INFO - 26/04/06 16:07:47 INFO FileSourceStrategy: Post-Scan Filters:
[2026-04-06T16:07:47.389+0000] {subprocess.py:93} INFO - 26/04/06 16:07:47 INFO BlockManagerInfo: Removed broadcast_8_piece0 on 7c36fe5f1e47:41781 in memory (size: 21.0 KiB, free: 434.3 MiB)
[2026-04-06T16:07:47.389+0000] {subprocess.py:93} INFO - 26/04/06 16:07:47 INFO BlockManagerInfo: Removed broadcast_8_piece0 on 172.18.0.5:39001 in memory (size: 21.0 KiB, free: 434.3 MiB)
[2026-04-06T16:07:47.390+0000] {subprocess.py:93} INFO - 26/04/06 16:07:47 INFO FileSourceStrategy: Pushed Filters:
[2026-04-06T16:07:47.390+0000] {subprocess.py:93} INFO - 26/04/06 16:07:47 INFO FileSourceStrategy: Post-Scan Filters:
[2026-04-06T16:07:47.500+0000] {subprocess.py:93} INFO - 26/04/06 16:07:47 INFO ParquetUtils: Using default output committer for Parquet: org.apache.parquet.hadoop.ParquetOutputCommitter
[2026-04-06T16:07:47.509+0000] {subprocess.py:93} INFO - 26/04/06 16:07:47 INFO FileOutputCommitter: File Output Committer Algorithm version is 1
[2026-04-06T16:07:47.510+0000] {subprocess.py:93} INFO - 26/04/06 16:07:47 INFO FileOutputCommitter: FileOutputCommitter skip cleanup _temporary folders under output directory:false, ignore cleanup failures: false
[2026-04-06T16:07:47.510+0000] {subprocess.py:93} INFO - 26/04/06 16:07:47 INFO SQLHadoopMapReduceCommitProtocol: Using user defined output committer class org.apache.parquet.hadoop.ParquetOutputCommitter
[2026-04-06T16:07:47.510+0000] {subprocess.py:93} INFO - 26/04/06 16:07:47 INFO FileOutputCommitter: File Output Committer Algorithm version is 1
[2026-04-06T16:07:47.511+0000] {subprocess.py:93} INFO - 26/04/06 16:07:47 INFO FileOutputCommitter: FileOutputCommitter skip cleanup _temporary folders under output directory:false, ignore cleanup failures: false
[2026-04-06T16:07:47.511+0000] {subprocess.py:93} INFO - 26/04/06 16:07:47 INFO SQLHadoopMapReduceCommitProtocol: Using output committer class org.apache.parquet.hadoop.ParquetOutputCommitter
[2026-04-06T16:07:47.577+0000] {subprocess.py:93} INFO - 26/04/06 16:07:47 INFO CodeGenerator: Code generated in 15.611285 ms
[2026-04-06T16:07:47.581+0000] {subprocess.py:93} INFO - 26/04/06 16:07:47 INFO MemoryStore: Block broadcast_11 stored as values in memory (estimated size 205.1 KiB, free 433.7 MiB)
[2026-04-06T16:07:47.585+0000] {subprocess.py:93} INFO - 26/04/06 16:07:47 INFO MemoryStore: Block broadcast_11_piece0 stored as bytes in memory (estimated size 36.0 KiB, free 433.7 MiB)
[2026-04-06T16:07:47.587+0000] {subprocess.py:93} INFO - 26/04/06 16:07:47 INFO BlockManagerInfo: Added broadcast_11_piece0 in memory on 7c36fe5f1e47:41781 (size: 36.0 KiB, free: 434.3 MiB)
[2026-04-06T16:07:47.587+0000] {subprocess.py:93} INFO - 26/04/06 16:07:47 INFO SparkContext: Created broadcast 11 from parquet at NativeMethodAccessorImpl.java:0
[2026-04-06T16:07:47.588+0000] {subprocess.py:93} INFO - 26/04/06 16:07:47 INFO FileSourceScanExec: Planning scan with bin packing, max size: 4194304 bytes, open cost is considered as scanning 4194304 bytes.
[2026-04-06T16:07:47.596+0000] {subprocess.py:93} INFO - 26/04/06 16:07:47 INFO SparkContext: Starting job: parquet at NativeMethodAccessorImpl.java:0
[2026-04-06T16:07:47.597+0000] {subprocess.py:93} INFO - 26/04/06 16:07:47 INFO DAGScheduler: Got job 7 (parquet at NativeMethodAccessorImpl.java:0) with 1 output partitions
[2026-04-06T16:07:47.597+0000] {subprocess.py:93} INFO - 26/04/06 16:07:47 INFO DAGScheduler: Final stage: ResultStage 9 (parquet at NativeMethodAccessorImpl.java:0)
[2026-04-06T16:07:47.597+0000] {subprocess.py:93} INFO - 26/04/06 16:07:47 INFO DAGScheduler: Parents of final stage: List()
[2026-04-06T16:07:47.598+0000] {subprocess.py:93} INFO - 26/04/06 16:07:47 INFO DAGScheduler: Missing parents: List()
[2026-04-06T16:07:47.599+0000] {subprocess.py:93} INFO - 26/04/06 16:07:47 INFO DAGScheduler: Submitting ResultStage 9 (MapPartitionsRDD[23] at parquet at NativeMethodAccessorImpl.java:0), which has no missing parents
[2026-04-06T16:07:47.610+0000] {subprocess.py:93} INFO - 26/04/06 16:07:47 INFO MemoryStore: Block broadcast_12 stored as values in memory (estimated size 229.9 KiB, free 433.4 MiB)
[2026-04-06T16:07:47.616+0000] {subprocess.py:93} INFO - 26/04/06 16:07:47 INFO MemoryStore: Block broadcast_12_piece0 stored as bytes in memory (estimated size 81.7 KiB, free 433.4 MiB)
[2026-04-06T16:07:47.617+0000] {subprocess.py:93} INFO - 26/04/06 16:07:47 INFO BlockManagerInfo: Added broadcast_12_piece0 in memory on 7c36fe5f1e47:41781 (size: 81.7 KiB, free: 434.2 MiB)
[2026-04-06T16:07:47.618+0000] {subprocess.py:93} INFO - 26/04/06 16:07:47 INFO SparkContext: Created broadcast 12 from broadcast at DAGScheduler.scala:1611
[2026-04-06T16:07:47.618+0000] {subprocess.py:93} INFO - 26/04/06 16:07:47 INFO DAGScheduler: Submitting 1 missing tasks from ResultStage 9 (MapPartitionsRDD[23] at parquet at NativeMethodAccessorImpl.java:0) (first 15 tasks are for partitions Vector(0))
[2026-04-06T16:07:47.618+0000] {subprocess.py:93} INFO - 26/04/06 16:07:47 INFO TaskSchedulerImpl: Adding task set 9.0 with 1 tasks resource profile 0
[2026-04-06T16:07:47.619+0000] {subprocess.py:93} INFO - 26/04/06 16:07:47 INFO TaskSetManager: Starting task 0.0 in stage 9.0 (TID 7) (172.18.0.5, executor 0, partition 0, PROCESS_LOCAL, 10406 bytes)
[2026-04-06T16:07:47.630+0000] {subprocess.py:93} INFO - 26/04/06 16:07:47 INFO BlockManagerInfo: Added broadcast_12_piece0 in memory on 172.18.0.5:39001 (size: 81.7 KiB, free: 434.3 MiB)
[2026-04-06T16:07:47.687+0000] {subprocess.py:93} INFO - 26/04/06 16:07:47 INFO BlockManagerInfo: Added broadcast_9_piece0 in memory on 172.18.0.5:39001 (size: 14.9 KiB, free: 434.2 MiB)
[2026-04-06T16:07:47.700+0000] {subprocess.py:93} INFO - 26/04/06 16:07:47 INFO BlockManagerInfo: Added broadcast_10_piece0 in memory on 172.18.0.5:39001 (size: 22.8 KiB, free: 434.2 MiB)
[2026-04-06T16:07:47.830+0000] {subprocess.py:93} INFO - 26/04/06 16:07:47 INFO BlockManagerInfo: Added broadcast_11_piece0 in memory on 172.18.0.5:39001 (size: 36.0 KiB, free: 434.2 MiB)
[2026-04-06T16:07:48.249+0000] {subprocess.py:93} INFO - 26/04/06 16:07:48 INFO TaskSetManager: Finished task 0.0 in stage 9.0 (TID 7) in 630 ms on 172.18.0.5 (executor 0) (1/1)
[2026-04-06T16:07:48.250+0000] {subprocess.py:93} INFO - 26/04/06 16:07:48 INFO TaskSchedulerImpl: Removed TaskSet 9.0, whose tasks have all completed, from pool
[2026-04-06T16:07:48.250+0000] {subprocess.py:93} INFO - 26/04/06 16:07:48 INFO DAGScheduler: ResultStage 9 (parquet at NativeMethodAccessorImpl.java:0) finished in 0.652 s
[2026-04-06T16:07:48.251+0000] {subprocess.py:93} INFO - 26/04/06 16:07:48 INFO DAGScheduler: Job 7 is finished. Cancelling potential speculative or zombie tasks for this job
[2026-04-06T16:07:48.251+0000] {subprocess.py:93} INFO - 26/04/06 16:07:48 INFO TaskSchedulerImpl: Killing all running tasks in stage 9: Stage finished
[2026-04-06T16:07:48.251+0000] {subprocess.py:93} INFO - 26/04/06 16:07:48 INFO DAGScheduler: Job 7 finished: parquet at NativeMethodAccessorImpl.java:0, took 0.654836 s
[2026-04-06T16:07:48.252+0000] {subprocess.py:93} INFO - 26/04/06 16:07:48 INFO FileFormatWriter: Start to commit write Job 9fd941bf-c422-43c6-8027-161fcde71bfb.
[2026-04-06T16:07:48.365+0000] {subprocess.py:93} INFO - 26/04/06 16:07:48 INFO FileFormatWriter: Write Job 9fd941bf-c422-43c6-8027-161fcde71bfb committed. Elapsed time: 112 ms.
[2026-04-06T16:07:48.367+0000] {subprocess.py:93} INFO - 26/04/06 16:07:48 INFO FileFormatWriter: Finished processing stats for write job 9fd941bf-c422-43c6-8027-161fcde71bfb.
[2026-04-06T16:07:48.369+0000] {subprocess.py:93} INFO - Gold patient_360 built successfully.
[2026-04-06T16:07:48.369+0000] {subprocess.py:93} INFO - 26/04/06 16:07:48 INFO SparkContext: SparkContext is stopping with exitCode 0.
[2026-04-06T16:07:48.375+0000] {subprocess.py:93} INFO - 26/04/06 16:07:48 INFO SparkUI: Stopped Spark web UI at http://7c36fe5f1e47:4040
[2026-04-06T16:07:48.377+0000] {subprocess.py:93} INFO - 26/04/06 16:07:48 INFO StandaloneSchedulerBackend: Shutting down all executors
[2026-04-06T16:07:48.378+0000] {subprocess.py:93} INFO - 26/04/06 16:07:48 INFO StandaloneSchedulerBackend$StandaloneDriverEndpoint: Asking each executor to shut down
[2026-04-06T16:07:48.385+0000] {subprocess.py:93} INFO - 26/04/06 16:07:48 INFO MapOutputTrackerMasterEndpoint: MapOutputTrackerMasterEndpoint stopped!
[2026-04-06T16:07:48.397+0000] {subprocess.py:93} INFO - 26/04/06 16:07:48 INFO MemoryStore: MemoryStore cleared
[2026-04-06T16:07:48.397+0000] {subprocess.py:93} INFO - 26/04/06 16:07:48 INFO BlockManager: BlockManager stopped
[2026-04-06T16:07:48.398+0000] {subprocess.py:93} INFO - 26/04/06 16:07:48 INFO BlockManagerMaster: BlockManagerMaster stopped
[2026-04-06T16:07:48.400+0000] {subprocess.py:93} INFO - 26/04/06 16:07:48 INFO OutputCommitCoordinator$OutputCommitCoordinatorEndpoint: OutputCommitCoordinator stopped!
[2026-04-06T16:07:48.481+0000] {subprocess.py:93} INFO - 26/04/06 16:07:48 INFO SparkContext: Successfully stopped SparkContext
[2026-04-06T16:07:48.853+0000] {subprocess.py:93} INFO - 26/04/06 16:07:48 INFO ShutdownHookManager: Shutdown hook called
[2026-04-06T16:07:48.853+0000] {subprocess.py:93} INFO - 26/04/06 16:07:48 INFO ShutdownHookManager: Deleting directory /tmp/spark-68450b3e-a3a5-4233-8017-118d70aedbb0
[2026-04-06T16:07:48.858+0000] {subprocess.py:93} INFO - 26/04/06 16:07:48 INFO ShutdownHookManager: Deleting directory /tmp/spark-c8d99ce6-2bc7-4618-95d4-030fc3261adc/pyspark-a205cf04-b186-450f-9653-ea38a7150cfc
[2026-04-06T16:07:48.864+0000] {subprocess.py:93} INFO - 26/04/06 16:07:48 INFO ShutdownHookManager: Deleting directory /tmp/spark-c8d99ce6-2bc7-4618-95d4-030fc3261adc
[2026-04-06T16:07:48.871+0000] {subprocess.py:93} INFO - 26/04/06 16:07:48 INFO MetricsSystemImpl: Stopping s3a-file-system metrics system...
[2026-04-06T16:07:48.871+0000] {subprocess.py:93} INFO - 26/04/06 16:07:48 INFO MetricsSystemImpl: s3a-file-system metrics system stopped.
[2026-04-06T16:07:48.871+0000] {subprocess.py:93} INFO - 26/04/06 16:07:48 INFO MetricsSystemImpl: s3a-file-system metrics system shutdown complete.
[2026-04-06T16:07:48.956+0000] {subprocess.py:97} INFO - Command exited with return code 0
[2026-04-06T16:07:48.984+0000] {taskinstance.py:1149} INFO - Marking task as SUCCESS. dag_id=bronze_to_silver_and_gold, task_id=build_patient_360_gold, execution_date=20260406T160649, start_date=20260406T160737, end_date=20260406T160748
[2026-04-06T16:07:49.019+0000] {local_task_job_runner.py:234} INFO - Task exited with return code 0
[2026-04-06T16:07:49.033+0000] {taskinstance.py:3312} INFO - 0 downstream tasks scheduled from follow-on schedule check
