[2026-04-06T14:37:15.267+0000] {taskinstance.py:1979} INFO - Dependencies all met for dep_context=non-requeueable deps ti=<TaskInstance: bronze_to_silver_and_gold.build_patient_360_gold manual__2026-04-06T14:36:44.740338+00:00 [queued]>
[2026-04-06T14:37:15.273+0000] {taskinstance.py:1979} INFO - Dependencies all met for dep_context=requeueable deps ti=<TaskInstance: bronze_to_silver_and_gold.build_patient_360_gold manual__2026-04-06T14:36:44.740338+00:00 [queued]>
[2026-04-06T14:37:15.273+0000] {taskinstance.py:2193} INFO - Starting attempt 1 of 1
[2026-04-06T14:37:15.283+0000] {taskinstance.py:2217} INFO - Executing <Task(BashOperator): build_patient_360_gold> on 2026-04-06 14:36:44.740338+00:00
[2026-04-06T14:37:15.288+0000] {standard_task_runner.py:60} INFO - Started process 1040 to run task
[2026-04-06T14:37:15.291+0000] {standard_task_runner.py:87} INFO - Running: ['airflow', 'tasks', 'run', 'bronze_to_silver_and_gold', 'build_patient_360_gold', 'manual__2026-04-06T14:36:44.740338+00:00', '--job-id', '23', '--raw', '--subdir', 'DAGS_FOLDER/bronze_to_silver_dag.py', '--cfg-path', '/tmp/tmp9cohle_g']
[2026-04-06T14:37:15.292+0000] {standard_task_runner.py:88} INFO - Job 23: Subtask build_patient_360_gold
[2026-04-06T14:37:15.338+0000] {task_command.py:423} INFO - Running <TaskInstance: bronze_to_silver_and_gold.build_patient_360_gold manual__2026-04-06T14:36:44.740338+00:00 [running]> on host 7c36fe5f1e47
[2026-04-06T14:37:15.402+0000] {taskinstance.py:2513} INFO - Exporting env vars: AIRFLOW_CTX_DAG_OWNER='airflow' AIRFLOW_CTX_DAG_ID='bronze_to_silver_and_gold' AIRFLOW_CTX_TASK_ID='build_patient_360_gold' AIRFLOW_CTX_EXECUTION_DATE='2026-04-06T14:36:44.740338+00:00' AIRFLOW_CTX_TRY_NUMBER='1' AIRFLOW_CTX_DAG_RUN_ID='manual__2026-04-06T14:36:44.740338+00:00'
[2026-04-06T14:37:15.403+0000] {subprocess.py:63} INFO - Tmp dir root location: /tmp
[2026-04-06T14:37:15.404+0000] {subprocess.py:75} INFO - Running command: ['/usr/bin/bash', '-c', '\n/opt/spark/bin/spark-submit \\\n  --master spark://spark-master:7077 \\\n  --packages org.apache.hadoop:hadoop-aws:3.3.4,com.amazonaws:aws-java-sdk-bundle:1.12.262 \\\n  --conf spark.hadoop.fs.s3a.endpoint=http://minio:9000 \\\n  --conf spark.hadoop.fs.s3a.access.key=minioadmin \\\n  --conf spark.hadoop.fs.s3a.secret.key=minioadmin \\\n  --conf spark.hadoop.fs.s3a.path.style.access=true \\\n  --conf spark.hadoop.fs.s3a.impl=org.apache.hadoop.fs.s3a.S3AFileSystem \\\n  /opt/airflow/spark/jobs/build_patient_360.py']
[2026-04-06T14:37:15.414+0000] {subprocess.py:86} INFO - Output:
[2026-04-06T14:37:16.390+0000] {subprocess.py:93} INFO - :: loading settings :: url = jar:file:/opt/spark-3.5.6-bin-hadoop3/jars/ivy-2.5.1.jar!/org/apache/ivy/core/settings/ivysettings.xml
[2026-04-06T14:37:16.439+0000] {subprocess.py:93} INFO - Ivy Default Cache set to: /home/airflow/.ivy2/cache
[2026-04-06T14:37:16.439+0000] {subprocess.py:93} INFO - The jars for the packages stored in: /home/airflow/.ivy2/jars
[2026-04-06T14:37:16.442+0000] {subprocess.py:93} INFO - org.apache.hadoop#hadoop-aws added as a dependency
[2026-04-06T14:37:16.442+0000] {subprocess.py:93} INFO - com.amazonaws#aws-java-sdk-bundle added as a dependency
[2026-04-06T14:37:16.443+0000] {subprocess.py:93} INFO - :: resolving dependencies :: org.apache.spark#spark-submit-parent-f1123614-7f46-4fe8-a971-c198b705061e;1.0
[2026-04-06T14:37:16.443+0000] {subprocess.py:93} INFO - 	confs: [default]
[2026-04-06T14:37:16.559+0000] {subprocess.py:93} INFO - 	found org.apache.hadoop#hadoop-aws;3.3.4 in central
[2026-04-06T14:37:16.579+0000] {subprocess.py:93} INFO - 	found com.amazonaws#aws-java-sdk-bundle;1.12.262 in central
[2026-04-06T14:37:16.598+0000] {subprocess.py:93} INFO - 	found org.wildfly.openssl#wildfly-openssl;1.0.7.Final in central
[2026-04-06T14:37:16.614+0000] {subprocess.py:93} INFO - :: resolution report :: resolve 165ms :: artifacts dl 7ms
[2026-04-06T14:37:16.615+0000] {subprocess.py:93} INFO - 	:: modules in use:
[2026-04-06T14:37:16.615+0000] {subprocess.py:93} INFO - 	com.amazonaws#aws-java-sdk-bundle;1.12.262 from central in [default]
[2026-04-06T14:37:16.615+0000] {subprocess.py:93} INFO - 	org.apache.hadoop#hadoop-aws;3.3.4 from central in [default]
[2026-04-06T14:37:16.616+0000] {subprocess.py:93} INFO - 	org.wildfly.openssl#wildfly-openssl;1.0.7.Final from central in [default]
[2026-04-06T14:37:16.616+0000] {subprocess.py:93} INFO - 	---------------------------------------------------------------------
[2026-04-06T14:37:16.616+0000] {subprocess.py:93} INFO - 	|                  |            modules            ||   artifacts   |
[2026-04-06T14:37:16.617+0000] {subprocess.py:93} INFO - 	|       conf       | number| search|dwnlded|evicted|| number|dwnlded|
[2026-04-06T14:37:16.617+0000] {subprocess.py:93} INFO - 	---------------------------------------------------------------------
[2026-04-06T14:37:16.617+0000] {subprocess.py:93} INFO - 	|      default     |   3   |   0   |   0   |   0   ||   3   |   0   |
[2026-04-06T14:37:16.617+0000] {subprocess.py:93} INFO - 	---------------------------------------------------------------------
[2026-04-06T14:37:16.618+0000] {subprocess.py:93} INFO - :: retrieving :: org.apache.spark#spark-submit-parent-f1123614-7f46-4fe8-a971-c198b705061e
[2026-04-06T14:37:16.618+0000] {subprocess.py:93} INFO - 	confs: [default]
[2026-04-06T14:37:16.623+0000] {subprocess.py:93} INFO - 	0 artifacts copied, 3 already retrieved (0kB/5ms)
[2026-04-06T14:37:16.738+0000] {subprocess.py:93} INFO - 26/04/06 14:37:16 WARN NativeCodeLoader: Unable to load native-hadoop library for your platform... using builtin-java classes where applicable
[2026-04-06T14:37:17.355+0000] {subprocess.py:93} INFO - 26/04/06 14:37:17 INFO SparkContext: Running Spark version 3.5.6
[2026-04-06T14:37:17.356+0000] {subprocess.py:93} INFO - 26/04/06 14:37:17 INFO SparkContext: OS info Linux, 6.6.87.2-microsoft-standard-WSL2, amd64
[2026-04-06T14:37:17.356+0000] {subprocess.py:93} INFO - 26/04/06 14:37:17 INFO SparkContext: Java version 17.0.18
[2026-04-06T14:37:17.368+0000] {subprocess.py:93} INFO - 26/04/06 14:37:17 INFO ResourceUtils: ==============================================================
[2026-04-06T14:37:17.369+0000] {subprocess.py:93} INFO - 26/04/06 14:37:17 INFO ResourceUtils: No custom resources configured for spark.driver.
[2026-04-06T14:37:17.369+0000] {subprocess.py:93} INFO - 26/04/06 14:37:17 INFO ResourceUtils: ==============================================================
[2026-04-06T14:37:17.369+0000] {subprocess.py:93} INFO - 26/04/06 14:37:17 INFO SparkContext: Submitted application: build_patient_360
[2026-04-06T14:37:17.383+0000] {subprocess.py:93} INFO - 26/04/06 14:37:17 INFO ResourceProfile: Default ResourceProfile created, executor resources: Map(memory -> name: memory, amount: 1024, script: , vendor: , offHeap -> name: offHeap, amount: 0, script: , vendor: ), task resources: Map(cpus -> name: cpus, amount: 1.0)
[2026-04-06T14:37:17.388+0000] {subprocess.py:93} INFO - 26/04/06 14:37:17 INFO ResourceProfile: Limiting resource is cpu
[2026-04-06T14:37:17.388+0000] {subprocess.py:93} INFO - 26/04/06 14:37:17 INFO ResourceProfileManager: Added ResourceProfile id: 0
[2026-04-06T14:37:17.422+0000] {subprocess.py:93} INFO - 26/04/06 14:37:17 INFO SecurityManager: Changing view acls to: airflow
[2026-04-06T14:37:17.422+0000] {subprocess.py:93} INFO - 26/04/06 14:37:17 INFO SecurityManager: Changing modify acls to: airflow
[2026-04-06T14:37:17.423+0000] {subprocess.py:93} INFO - 26/04/06 14:37:17 INFO SecurityManager: Changing view acls groups to:
[2026-04-06T14:37:17.423+0000] {subprocess.py:93} INFO - 26/04/06 14:37:17 INFO SecurityManager: Changing modify acls groups to:
[2026-04-06T14:37:17.423+0000] {subprocess.py:93} INFO - 26/04/06 14:37:17 INFO SecurityManager: SecurityManager: authentication disabled; ui acls disabled; users with view permissions: airflow; groups with view permissions: EMPTY; users with modify permissions: airflow; groups with modify permissions: EMPTY
[2026-04-06T14:37:17.531+0000] {subprocess.py:93} INFO - 26/04/06 14:37:17 INFO Utils: Successfully started service 'sparkDriver' on port 38519.
[2026-04-06T14:37:17.547+0000] {subprocess.py:93} INFO - 26/04/06 14:37:17 INFO SparkEnv: Registering MapOutputTracker
[2026-04-06T14:37:17.572+0000] {subprocess.py:93} INFO - 26/04/06 14:37:17 INFO SparkEnv: Registering BlockManagerMaster
[2026-04-06T14:37:17.581+0000] {subprocess.py:93} INFO - 26/04/06 14:37:17 INFO BlockManagerMasterEndpoint: Using org.apache.spark.storage.DefaultTopologyMapper for getting topology information
[2026-04-06T14:37:17.581+0000] {subprocess.py:93} INFO - 26/04/06 14:37:17 INFO BlockManagerMasterEndpoint: BlockManagerMasterEndpoint up
[2026-04-06T14:37:17.583+0000] {subprocess.py:93} INFO - 26/04/06 14:37:17 INFO SparkEnv: Registering BlockManagerMasterHeartbeat
[2026-04-06T14:37:17.593+0000] {subprocess.py:93} INFO - 26/04/06 14:37:17 INFO DiskBlockManager: Created local directory at /tmp/blockmgr-d85bac85-0a71-497e-a37f-ee86a17be444
[2026-04-06T14:37:17.601+0000] {subprocess.py:93} INFO - 26/04/06 14:37:17 INFO MemoryStore: MemoryStore started with capacity 434.4 MiB
[2026-04-06T14:37:17.609+0000] {subprocess.py:93} INFO - 26/04/06 14:37:17 INFO SparkEnv: Registering OutputCommitCoordinator
[2026-04-06T14:37:17.676+0000] {subprocess.py:93} INFO - 26/04/06 14:37:17 INFO JettyUtils: Start Jetty 0.0.0.0:4040 for SparkUI
[2026-04-06T14:37:17.705+0000] {subprocess.py:93} INFO - 26/04/06 14:37:17 INFO Utils: Successfully started service 'SparkUI' on port 4040.
[2026-04-06T14:37:17.726+0000] {subprocess.py:93} INFO - 26/04/06 14:37:17 INFO SparkContext: Added JAR file:///home/airflow/.ivy2/jars/org.apache.hadoop_hadoop-aws-3.3.4.jar at spark://7c36fe5f1e47:38519/jars/org.apache.hadoop_hadoop-aws-3.3.4.jar with timestamp 1775486237352
[2026-04-06T14:37:17.727+0000] {subprocess.py:93} INFO - 26/04/06 14:37:17 INFO SparkContext: Added JAR file:///home/airflow/.ivy2/jars/com.amazonaws_aws-java-sdk-bundle-1.12.262.jar at spark://7c36fe5f1e47:38519/jars/com.amazonaws_aws-java-sdk-bundle-1.12.262.jar with timestamp 1775486237352
[2026-04-06T14:37:17.727+0000] {subprocess.py:93} INFO - 26/04/06 14:37:17 INFO SparkContext: Added JAR file:///home/airflow/.ivy2/jars/org.wildfly.openssl_wildfly-openssl-1.0.7.Final.jar at spark://7c36fe5f1e47:38519/jars/org.wildfly.openssl_wildfly-openssl-1.0.7.Final.jar with timestamp 1775486237352
[2026-04-06T14:37:17.728+0000] {subprocess.py:93} INFO - 26/04/06 14:37:17 INFO SparkContext: Added file file:///home/airflow/.ivy2/jars/org.apache.hadoop_hadoop-aws-3.3.4.jar at spark://7c36fe5f1e47:38519/files/org.apache.hadoop_hadoop-aws-3.3.4.jar with timestamp 1775486237352
[2026-04-06T14:37:17.729+0000] {subprocess.py:93} INFO - 26/04/06 14:37:17 INFO Utils: Copying /home/airflow/.ivy2/jars/org.apache.hadoop_hadoop-aws-3.3.4.jar to /tmp/spark-0fa7e040-ec3b-4863-8185-dd173ebb0589/userFiles-4701bd36-7bf5-4d06-a3db-31c617cde29d/org.apache.hadoop_hadoop-aws-3.3.4.jar
[2026-04-06T14:37:17.737+0000] {subprocess.py:93} INFO - 26/04/06 14:37:17 INFO SparkContext: Added file file:///home/airflow/.ivy2/jars/com.amazonaws_aws-java-sdk-bundle-1.12.262.jar at spark://7c36fe5f1e47:38519/files/com.amazonaws_aws-java-sdk-bundle-1.12.262.jar with timestamp 1775486237352
[2026-04-06T14:37:17.737+0000] {subprocess.py:93} INFO - 26/04/06 14:37:17 INFO Utils: Copying /home/airflow/.ivy2/jars/com.amazonaws_aws-java-sdk-bundle-1.12.262.jar to /tmp/spark-0fa7e040-ec3b-4863-8185-dd173ebb0589/userFiles-4701bd36-7bf5-4d06-a3db-31c617cde29d/com.amazonaws_aws-java-sdk-bundle-1.12.262.jar
[2026-04-06T14:37:17.946+0000] {subprocess.py:93} INFO - 26/04/06 14:37:17 INFO SparkContext: Added file file:///home/airflow/.ivy2/jars/org.wildfly.openssl_wildfly-openssl-1.0.7.Final.jar at spark://7c36fe5f1e47:38519/files/org.wildfly.openssl_wildfly-openssl-1.0.7.Final.jar with timestamp 1775486237352
[2026-04-06T14:37:17.947+0000] {subprocess.py:93} INFO - 26/04/06 14:37:17 INFO Utils: Copying /home/airflow/.ivy2/jars/org.wildfly.openssl_wildfly-openssl-1.0.7.Final.jar to /tmp/spark-0fa7e040-ec3b-4863-8185-dd173ebb0589/userFiles-4701bd36-7bf5-4d06-a3db-31c617cde29d/org.wildfly.openssl_wildfly-openssl-1.0.7.Final.jar
[2026-04-06T14:37:17.990+0000] {subprocess.py:93} INFO - 26/04/06 14:37:17 INFO StandaloneAppClient$ClientEndpoint: Connecting to master spark://spark-master:7077...
[2026-04-06T14:37:18.014+0000] {subprocess.py:93} INFO - 26/04/06 14:37:18 INFO TransportClientFactory: Successfully created connection to spark-master/172.18.0.2:7077 after 13 ms (0 ms spent in bootstraps)
[2026-04-06T14:37:18.067+0000] {subprocess.py:93} INFO - 26/04/06 14:37:18 INFO StandaloneSchedulerBackend: Connected to Spark cluster with app ID app-20260406143718-0003
[2026-04-06T14:37:18.068+0000] {subprocess.py:93} INFO - 26/04/06 14:37:18 INFO StandaloneAppClient$ClientEndpoint: Executor added: app-20260406143718-0003/0 on worker-20260406143626-172.18.0.5-33621 (172.18.0.5:33621) with 16 core(s)
[2026-04-06T14:37:18.070+0000] {subprocess.py:93} INFO - 26/04/06 14:37:18 INFO StandaloneSchedulerBackend: Granted executor ID app-20260406143718-0003/0 on hostPort 172.18.0.5:33621 with 16 core(s), 1024.0 MiB RAM
[2026-04-06T14:37:18.074+0000] {subprocess.py:93} INFO - 26/04/06 14:37:18 INFO Utils: Successfully started service 'org.apache.spark.network.netty.NettyBlockTransferService' on port 39657.
[2026-04-06T14:37:18.075+0000] {subprocess.py:93} INFO - 26/04/06 14:37:18 INFO NettyBlockTransferService: Server created on 7c36fe5f1e47:39657
[2026-04-06T14:37:18.076+0000] {subprocess.py:93} INFO - 26/04/06 14:37:18 INFO BlockManager: Using org.apache.spark.storage.RandomBlockReplicationPolicy for block replication policy
[2026-04-06T14:37:18.082+0000] {subprocess.py:93} INFO - 26/04/06 14:37:18 INFO BlockManagerMaster: Registering BlockManager BlockManagerId(driver, 7c36fe5f1e47, 39657, None)
[2026-04-06T14:37:18.085+0000] {subprocess.py:93} INFO - 26/04/06 14:37:18 INFO BlockManagerMasterEndpoint: Registering block manager 7c36fe5f1e47:39657 with 434.4 MiB RAM, BlockManagerId(driver, 7c36fe5f1e47, 39657, None)
[2026-04-06T14:37:18.087+0000] {subprocess.py:93} INFO - 26/04/06 14:37:18 INFO BlockManagerMaster: Registered BlockManager BlockManagerId(driver, 7c36fe5f1e47, 39657, None)
[2026-04-06T14:37:18.088+0000] {subprocess.py:93} INFO - 26/04/06 14:37:18 INFO BlockManager: Initialized BlockManager: BlockManagerId(driver, 7c36fe5f1e47, 39657, None)
[2026-04-06T14:37:18.095+0000] {subprocess.py:93} INFO - 26/04/06 14:37:18 INFO StandaloneAppClient$ClientEndpoint: Executor updated: app-20260406143718-0003/0 is now RUNNING
[2026-04-06T14:37:18.216+0000] {subprocess.py:93} INFO - 26/04/06 14:37:18 INFO StandaloneSchedulerBackend: SchedulerBackend is ready for scheduling beginning after reached minRegisteredResourcesRatio: 0.0
[2026-04-06T14:37:18.325+0000] {subprocess.py:93} INFO - 26/04/06 14:37:18 INFO SharedState: Setting hive.metastore.warehouse.dir ('null') to the value of spark.sql.warehouse.dir.
[2026-04-06T14:37:18.326+0000] {subprocess.py:93} INFO - 26/04/06 14:37:18 INFO SharedState: Warehouse path is 'file:/tmp/airflowtmpbc66to0n/spark-warehouse'.
[2026-04-06T14:37:18.791+0000] {subprocess.py:93} INFO - 26/04/06 14:37:18 WARN MetricsConfig: Cannot locate configuration: tried hadoop-metrics2-s3a-file-system.properties,hadoop-metrics2.properties
[2026-04-06T14:37:18.799+0000] {subprocess.py:93} INFO - 26/04/06 14:37:18 INFO MetricsSystemImpl: Scheduled Metric snapshot period at 10 second(s).
[2026-04-06T14:37:18.801+0000] {subprocess.py:93} INFO - 26/04/06 14:37:18 INFO MetricsSystemImpl: s3a-file-system metrics system started
[2026-04-06T14:37:19.395+0000] {subprocess.py:93} INFO - 26/04/06 14:37:19 INFO InMemoryFileIndex: It took 36 ms to list leaf files for 1 paths.
[2026-04-06T14:37:19.528+0000] {subprocess.py:93} INFO - 26/04/06 14:37:19 INFO StandaloneSchedulerBackend$StandaloneDriverEndpoint: Registered executor NettyRpcEndpointRef(spark-client://Executor) (172.18.0.5:47152) with ID 0,  ResourceProfileId 0
[2026-04-06T14:37:19.577+0000] {subprocess.py:93} INFO - 26/04/06 14:37:19 INFO BlockManagerMasterEndpoint: Registering block manager 172.18.0.5:41869 with 434.4 MiB RAM, BlockManagerId(0, 172.18.0.5, 41869, None)
[2026-04-06T14:37:19.653+0000] {subprocess.py:93} INFO - 26/04/06 14:37:19 INFO SparkContext: Starting job: parquet at NativeMethodAccessorImpl.java:0
[2026-04-06T14:37:19.663+0000] {subprocess.py:93} INFO - 26/04/06 14:37:19 INFO DAGScheduler: Got job 0 (parquet at NativeMethodAccessorImpl.java:0) with 1 output partitions
[2026-04-06T14:37:19.664+0000] {subprocess.py:93} INFO - 26/04/06 14:37:19 INFO DAGScheduler: Final stage: ResultStage 0 (parquet at NativeMethodAccessorImpl.java:0)
[2026-04-06T14:37:19.665+0000] {subprocess.py:93} INFO - 26/04/06 14:37:19 INFO DAGScheduler: Parents of final stage: List()
[2026-04-06T14:37:19.666+0000] {subprocess.py:93} INFO - 26/04/06 14:37:19 INFO DAGScheduler: Missing parents: List()
[2026-04-06T14:37:19.668+0000] {subprocess.py:93} INFO - 26/04/06 14:37:19 INFO DAGScheduler: Submitting ResultStage 0 (MapPartitionsRDD[1] at parquet at NativeMethodAccessorImpl.java:0), which has no missing parents
[2026-04-06T14:37:19.700+0000] {subprocess.py:93} INFO - 26/04/06 14:37:19 INFO MemoryStore: Block broadcast_0 stored as values in memory (estimated size 105.5 KiB, free 434.3 MiB)
[2026-04-06T14:37:19.720+0000] {subprocess.py:93} INFO - 26/04/06 14:37:19 INFO MemoryStore: Block broadcast_0_piece0 stored as bytes in memory (estimated size 38.1 KiB, free 434.3 MiB)
[2026-04-06T14:37:19.722+0000] {subprocess.py:93} INFO - 26/04/06 14:37:19 INFO BlockManagerInfo: Added broadcast_0_piece0 in memory on 7c36fe5f1e47:39657 (size: 38.1 KiB, free: 434.4 MiB)
[2026-04-06T14:37:19.725+0000] {subprocess.py:93} INFO - 26/04/06 14:37:19 INFO SparkContext: Created broadcast 0 from broadcast at DAGScheduler.scala:1611
[2026-04-06T14:37:19.737+0000] {subprocess.py:93} INFO - 26/04/06 14:37:19 INFO DAGScheduler: Submitting 1 missing tasks from ResultStage 0 (MapPartitionsRDD[1] at parquet at NativeMethodAccessorImpl.java:0) (first 15 tasks are for partitions Vector(0))
[2026-04-06T14:37:19.738+0000] {subprocess.py:93} INFO - 26/04/06 14:37:19 INFO TaskSchedulerImpl: Adding task set 0.0 with 1 tasks resource profile 0
[2026-04-06T14:37:21.558+0000] {subprocess.py:93} INFO - 26/04/06 14:37:21 INFO TaskSetManager: Starting task 0.0 in stage 0.0 (TID 0) (172.18.0.5, executor 0, partition 0, PROCESS_LOCAL, 9901 bytes)
[2026-04-06T14:37:21.724+0000] {subprocess.py:93} INFO - 26/04/06 14:37:21 INFO BlockManagerInfo: Added broadcast_0_piece0 in memory on 172.18.0.5:41869 (size: 38.1 KiB, free: 434.4 MiB)
[2026-04-06T14:37:22.670+0000] {subprocess.py:93} INFO - 26/04/06 14:37:22 INFO TaskSetManager: Finished task 0.0 in stage 0.0 (TID 0) in 1120 ms on 172.18.0.5 (executor 0) (1/1)
[2026-04-06T14:37:22.671+0000] {subprocess.py:93} INFO - 26/04/06 14:37:22 INFO TaskSchedulerImpl: Removed TaskSet 0.0, whose tasks have all completed, from pool
[2026-04-06T14:37:22.673+0000] {subprocess.py:93} INFO - 26/04/06 14:37:22 INFO DAGScheduler: ResultStage 0 (parquet at NativeMethodAccessorImpl.java:0) finished in 2.996 s
[2026-04-06T14:37:22.674+0000] {subprocess.py:93} INFO - 26/04/06 14:37:22 INFO DAGScheduler: Job 0 is finished. Cancelling potential speculative or zombie tasks for this job
[2026-04-06T14:37:22.674+0000] {subprocess.py:93} INFO - 26/04/06 14:37:22 INFO TaskSchedulerImpl: Killing all running tasks in stage 0: Stage finished
[2026-04-06T14:37:22.675+0000] {subprocess.py:93} INFO - 26/04/06 14:37:22 INFO DAGScheduler: Job 0 finished: parquet at NativeMethodAccessorImpl.java:0, took 3.021992 s
[2026-04-06T14:37:22.798+0000] {subprocess.py:93} INFO - 26/04/06 14:37:22 INFO BlockManagerInfo: Removed broadcast_0_piece0 on 7c36fe5f1e47:39657 in memory (size: 38.1 KiB, free: 434.4 MiB)
[2026-04-06T14:37:22.805+0000] {subprocess.py:93} INFO - 26/04/06 14:37:22 INFO BlockManagerInfo: Removed broadcast_0_piece0 on 172.18.0.5:41869 in memory (size: 38.1 KiB, free: 434.4 MiB)
[2026-04-06T14:37:22.982+0000] {subprocess.py:93} INFO - 26/04/06 14:37:22 INFO InMemoryFileIndex: It took 5 ms to list leaf files for 1 paths.
[2026-04-06T14:37:22.998+0000] {subprocess.py:93} INFO - 26/04/06 14:37:22 INFO SparkContext: Starting job: parquet at NativeMethodAccessorImpl.java:0
[2026-04-06T14:37:22.999+0000] {subprocess.py:93} INFO - 26/04/06 14:37:22 INFO DAGScheduler: Got job 1 (parquet at NativeMethodAccessorImpl.java:0) with 1 output partitions
[2026-04-06T14:37:22.999+0000] {subprocess.py:93} INFO - 26/04/06 14:37:22 INFO DAGScheduler: Final stage: ResultStage 1 (parquet at NativeMethodAccessorImpl.java:0)
[2026-04-06T14:37:23.000+0000] {subprocess.py:93} INFO - 26/04/06 14:37:22 INFO DAGScheduler: Parents of final stage: List()
[2026-04-06T14:37:23.000+0000] {subprocess.py:93} INFO - 26/04/06 14:37:22 INFO DAGScheduler: Missing parents: List()
[2026-04-06T14:37:23.000+0000] {subprocess.py:93} INFO - 26/04/06 14:37:23 INFO DAGScheduler: Submitting ResultStage 1 (MapPartitionsRDD[3] at parquet at NativeMethodAccessorImpl.java:0), which has no missing parents
[2026-04-06T14:37:23.005+0000] {subprocess.py:93} INFO - 26/04/06 14:37:23 INFO MemoryStore: Block broadcast_1 stored as values in memory (estimated size 105.5 KiB, free 434.3 MiB)
[2026-04-06T14:37:23.009+0000] {subprocess.py:93} INFO - 26/04/06 14:37:23 INFO MemoryStore: Block broadcast_1_piece0 stored as bytes in memory (estimated size 38.1 KiB, free 434.3 MiB)
[2026-04-06T14:37:23.011+0000] {subprocess.py:93} INFO - 26/04/06 14:37:23 INFO BlockManagerInfo: Added broadcast_1_piece0 in memory on 7c36fe5f1e47:39657 (size: 38.1 KiB, free: 434.4 MiB)
[2026-04-06T14:37:23.011+0000] {subprocess.py:93} INFO - 26/04/06 14:37:23 INFO SparkContext: Created broadcast 1 from broadcast at DAGScheduler.scala:1611
[2026-04-06T14:37:23.012+0000] {subprocess.py:93} INFO - 26/04/06 14:37:23 INFO DAGScheduler: Submitting 1 missing tasks from ResultStage 1 (MapPartitionsRDD[3] at parquet at NativeMethodAccessorImpl.java:0) (first 15 tasks are for partitions Vector(0))
[2026-04-06T14:37:23.012+0000] {subprocess.py:93} INFO - 26/04/06 14:37:23 INFO TaskSchedulerImpl: Adding task set 1.0 with 1 tasks resource profile 0
[2026-04-06T14:37:23.012+0000] {subprocess.py:93} INFO - 26/04/06 14:37:23 INFO TaskSetManager: Starting task 0.0 in stage 1.0 (TID 1) (172.18.0.5, executor 0, partition 0, PROCESS_LOCAL, 9903 bytes)
[2026-04-06T14:37:23.033+0000] {subprocess.py:93} INFO - 26/04/06 14:37:23 INFO BlockManagerInfo: Added broadcast_1_piece0 in memory on 172.18.0.5:41869 (size: 38.1 KiB, free: 434.4 MiB)
[2026-04-06T14:37:23.064+0000] {subprocess.py:93} INFO - 26/04/06 14:37:23 INFO TaskSetManager: Finished task 0.0 in stage 1.0 (TID 1) in 52 ms on 172.18.0.5 (executor 0) (1/1)
[2026-04-06T14:37:23.065+0000] {subprocess.py:93} INFO - 26/04/06 14:37:23 INFO TaskSchedulerImpl: Removed TaskSet 1.0, whose tasks have all completed, from pool
[2026-04-06T14:37:23.066+0000] {subprocess.py:93} INFO - 26/04/06 14:37:23 INFO DAGScheduler: ResultStage 1 (parquet at NativeMethodAccessorImpl.java:0) finished in 0.065 s
[2026-04-06T14:37:23.066+0000] {subprocess.py:93} INFO - 26/04/06 14:37:23 INFO DAGScheduler: Job 1 is finished. Cancelling potential speculative or zombie tasks for this job
[2026-04-06T14:37:23.066+0000] {subprocess.py:93} INFO - 26/04/06 14:37:23 INFO TaskSchedulerImpl: Killing all running tasks in stage 1: Stage finished
[2026-04-06T14:37:23.067+0000] {subprocess.py:93} INFO - 26/04/06 14:37:23 INFO DAGScheduler: Job 1 finished: parquet at NativeMethodAccessorImpl.java:0, took 0.067891 s
[2026-04-06T14:37:23.107+0000] {subprocess.py:93} INFO - 26/04/06 14:37:23 INFO InMemoryFileIndex: It took 6 ms to list leaf files for 1 paths.
[2026-04-06T14:37:23.124+0000] {subprocess.py:93} INFO - 26/04/06 14:37:23 INFO SparkContext: Starting job: parquet at NativeMethodAccessorImpl.java:0
[2026-04-06T14:37:23.125+0000] {subprocess.py:93} INFO - 26/04/06 14:37:23 INFO DAGScheduler: Got job 2 (parquet at NativeMethodAccessorImpl.java:0) with 1 output partitions
[2026-04-06T14:37:23.125+0000] {subprocess.py:93} INFO - 26/04/06 14:37:23 INFO DAGScheduler: Final stage: ResultStage 2 (parquet at NativeMethodAccessorImpl.java:0)
[2026-04-06T14:37:23.126+0000] {subprocess.py:93} INFO - 26/04/06 14:37:23 INFO DAGScheduler: Parents of final stage: List()
[2026-04-06T14:37:23.127+0000] {subprocess.py:93} INFO - 26/04/06 14:37:23 INFO DAGScheduler: Missing parents: List()
[2026-04-06T14:37:23.127+0000] {subprocess.py:93} INFO - 26/04/06 14:37:23 INFO DAGScheduler: Submitting ResultStage 2 (MapPartitionsRDD[5] at parquet at NativeMethodAccessorImpl.java:0), which has no missing parents
[2026-04-06T14:37:23.132+0000] {subprocess.py:93} INFO - 26/04/06 14:37:23 INFO MemoryStore: Block broadcast_2 stored as values in memory (estimated size 105.5 KiB, free 434.2 MiB)
[2026-04-06T14:37:23.137+0000] {subprocess.py:93} INFO - 26/04/06 14:37:23 INFO MemoryStore: Block broadcast_2_piece0 stored as bytes in memory (estimated size 38.1 KiB, free 434.1 MiB)
[2026-04-06T14:37:23.138+0000] {subprocess.py:93} INFO - 26/04/06 14:37:23 INFO BlockManagerInfo: Added broadcast_2_piece0 in memory on 7c36fe5f1e47:39657 (size: 38.1 KiB, free: 434.3 MiB)
[2026-04-06T14:37:23.138+0000] {subprocess.py:93} INFO - 26/04/06 14:37:23 INFO BlockManagerInfo: Removed broadcast_1_piece0 on 7c36fe5f1e47:39657 in memory (size: 38.1 KiB, free: 434.4 MiB)
[2026-04-06T14:37:23.139+0000] {subprocess.py:93} INFO - 26/04/06 14:37:23 INFO SparkContext: Created broadcast 2 from broadcast at DAGScheduler.scala:1611
[2026-04-06T14:37:23.140+0000] {subprocess.py:93} INFO - 26/04/06 14:37:23 INFO DAGScheduler: Submitting 1 missing tasks from ResultStage 2 (MapPartitionsRDD[5] at parquet at NativeMethodAccessorImpl.java:0) (first 15 tasks are for partitions Vector(0))
[2026-04-06T14:37:23.140+0000] {subprocess.py:93} INFO - 26/04/06 14:37:23 INFO TaskSchedulerImpl: Adding task set 2.0 with 1 tasks resource profile 0
[2026-04-06T14:37:23.141+0000] {subprocess.py:93} INFO - 26/04/06 14:37:23 INFO BlockManagerInfo: Removed broadcast_1_piece0 on 172.18.0.5:41869 in memory (size: 38.1 KiB, free: 434.4 MiB)
[2026-04-06T14:37:23.141+0000] {subprocess.py:93} INFO - 26/04/06 14:37:23 INFO TaskSetManager: Starting task 0.0 in stage 2.0 (TID 2) (172.18.0.5, executor 0, partition 0, PROCESS_LOCAL, 9905 bytes)
[2026-04-06T14:37:23.159+0000] {subprocess.py:93} INFO - 26/04/06 14:37:23 INFO BlockManagerInfo: Added broadcast_2_piece0 in memory on 172.18.0.5:41869 (size: 38.1 KiB, free: 434.4 MiB)
[2026-04-06T14:37:23.190+0000] {subprocess.py:93} INFO - 26/04/06 14:37:23 INFO TaskSetManager: Finished task 0.0 in stage 2.0 (TID 2) in 49 ms on 172.18.0.5 (executor 0) (1/1)
[2026-04-06T14:37:23.192+0000] {subprocess.py:93} INFO - 26/04/06 14:37:23 INFO TaskSchedulerImpl: Removed TaskSet 2.0, whose tasks have all completed, from pool
[2026-04-06T14:37:23.192+0000] {subprocess.py:93} INFO - 26/04/06 14:37:23 INFO DAGScheduler: ResultStage 2 (parquet at NativeMethodAccessorImpl.java:0) finished in 0.063 s
[2026-04-06T14:37:23.192+0000] {subprocess.py:93} INFO - 26/04/06 14:37:23 INFO DAGScheduler: Job 2 is finished. Cancelling potential speculative or zombie tasks for this job
[2026-04-06T14:37:23.193+0000] {subprocess.py:93} INFO - 26/04/06 14:37:23 INFO TaskSchedulerImpl: Killing all running tasks in stage 2: Stage finished
[2026-04-06T14:37:23.193+0000] {subprocess.py:93} INFO - 26/04/06 14:37:23 INFO DAGScheduler: Job 2 finished: parquet at NativeMethodAccessorImpl.java:0, took 0.068162 s
[2026-04-06T14:37:23.620+0000] {subprocess.py:93} INFO - 26/04/06 14:37:23 INFO BlockManagerInfo: Removed broadcast_2_piece0 on 7c36fe5f1e47:39657 in memory (size: 38.1 KiB, free: 434.4 MiB)
[2026-04-06T14:37:23.621+0000] {subprocess.py:93} INFO - 26/04/06 14:37:23 INFO FileSourceStrategy: Pushed Filters:
[2026-04-06T14:37:23.622+0000] {subprocess.py:93} INFO - 26/04/06 14:37:23 INFO FileSourceStrategy: Post-Scan Filters:
[2026-04-06T14:37:23.624+0000] {subprocess.py:93} INFO - 26/04/06 14:37:23 INFO BlockManagerInfo: Removed broadcast_2_piece0 on 172.18.0.5:41869 in memory (size: 38.1 KiB, free: 434.4 MiB)
[2026-04-06T14:37:23.648+0000] {subprocess.py:93} INFO - 26/04/06 14:37:23 INFO FileSourceStrategy: Pushed Filters: IsNotNull(patient_id)
[2026-04-06T14:37:23.648+0000] {subprocess.py:93} INFO - 26/04/06 14:37:23 INFO FileSourceStrategy: Post-Scan Filters: isnotnull(patient_id#15)
[2026-04-06T14:37:23.652+0000] {subprocess.py:93} INFO - 26/04/06 14:37:23 INFO FileSourceStrategy: Pushed Filters: IsNotNull(patient_id)
[2026-04-06T14:37:23.652+0000] {subprocess.py:93} INFO - 26/04/06 14:37:23 INFO FileSourceStrategy: Post-Scan Filters: isnotnull(patient_id#29)
[2026-04-06T14:37:23.929+0000] {subprocess.py:93} INFO - 26/04/06 14:37:23 INFO CodeGenerator: Code generated in 151.564838 ms
[2026-04-06T14:37:23.950+0000] {subprocess.py:93} INFO - 26/04/06 14:37:23 INFO MemoryStore: Block broadcast_3 stored as values in memory (estimated size 204.3 KiB, free 434.2 MiB)
[2026-04-06T14:37:23.958+0000] {subprocess.py:93} INFO - 26/04/06 14:37:23 INFO MemoryStore: Block broadcast_3_piece0 stored as bytes in memory (estimated size 35.8 KiB, free 434.2 MiB)
[2026-04-06T14:37:23.958+0000] {subprocess.py:93} INFO - 26/04/06 14:37:23 INFO BlockManagerInfo: Added broadcast_3_piece0 in memory on 7c36fe5f1e47:39657 (size: 35.8 KiB, free: 434.4 MiB)
[2026-04-06T14:37:23.959+0000] {subprocess.py:93} INFO - 26/04/06 14:37:23 INFO SparkContext: Created broadcast 3 from parquet at NativeMethodAccessorImpl.java:0
[2026-04-06T14:37:23.968+0000] {subprocess.py:93} INFO - 26/04/06 14:37:23 INFO FileSourceScanExec: Planning scan with bin packing, max size: 4194304 bytes, open cost is considered as scanning 4194304 bytes.
[2026-04-06T14:37:24.019+0000] {subprocess.py:93} INFO - 26/04/06 14:37:24 INFO DAGScheduler: Registering RDD 9 (parquet at NativeMethodAccessorImpl.java:0) as input to shuffle 0
[2026-04-06T14:37:24.021+0000] {subprocess.py:93} INFO - 26/04/06 14:37:24 INFO DAGScheduler: Got map stage job 3 (parquet at NativeMethodAccessorImpl.java:0) with 1 output partitions
[2026-04-06T14:37:24.022+0000] {subprocess.py:93} INFO - 26/04/06 14:37:24 INFO DAGScheduler: Final stage: ShuffleMapStage 3 (parquet at NativeMethodAccessorImpl.java:0)
[2026-04-06T14:37:24.022+0000] {subprocess.py:93} INFO - 26/04/06 14:37:24 INFO DAGScheduler: Parents of final stage: List()
[2026-04-06T14:37:24.022+0000] {subprocess.py:93} INFO - 26/04/06 14:37:24 INFO DAGScheduler: Missing parents: List()
[2026-04-06T14:37:24.023+0000] {subprocess.py:93} INFO - 26/04/06 14:37:24 INFO DAGScheduler: Submitting ShuffleMapStage 3 (MapPartitionsRDD[9] at parquet at NativeMethodAccessorImpl.java:0), which has no missing parents
[2026-04-06T14:37:24.031+0000] {subprocess.py:93} INFO - 26/04/06 14:37:24 INFO MemoryStore: Block broadcast_4 stored as values in memory (estimated size 39.7 KiB, free 434.1 MiB)
[2026-04-06T14:37:24.037+0000] {subprocess.py:93} INFO - 26/04/06 14:37:24 INFO MemoryStore: Block broadcast_4_piece0 stored as bytes in memory (estimated size 17.9 KiB, free 434.1 MiB)
[2026-04-06T14:37:24.038+0000] {subprocess.py:93} INFO - 26/04/06 14:37:24 INFO BlockManagerInfo: Added broadcast_4_piece0 in memory on 7c36fe5f1e47:39657 (size: 17.9 KiB, free: 434.3 MiB)
[2026-04-06T14:37:24.038+0000] {subprocess.py:93} INFO - 26/04/06 14:37:24 INFO SparkContext: Created broadcast 4 from broadcast at DAGScheduler.scala:1611
[2026-04-06T14:37:24.039+0000] {subprocess.py:93} INFO - 26/04/06 14:37:24 INFO DAGScheduler: Submitting 1 missing tasks from ShuffleMapStage 3 (MapPartitionsRDD[9] at parquet at NativeMethodAccessorImpl.java:0) (first 15 tasks are for partitions Vector(0))
[2026-04-06T14:37:24.040+0000] {subprocess.py:93} INFO - 26/04/06 14:37:24 INFO TaskSchedulerImpl: Adding task set 3.0 with 1 tasks resource profile 0
[2026-04-06T14:37:24.042+0000] {subprocess.py:93} INFO - 26/04/06 14:37:24 INFO TaskSetManager: Starting task 0.0 in stage 3.0 (TID 3) (172.18.0.5, executor 0, partition 0, PROCESS_LOCAL, 10397 bytes)
[2026-04-06T14:37:24.063+0000] {subprocess.py:93} INFO - 26/04/06 14:37:24 INFO BlockManagerInfo: Added broadcast_4_piece0 in memory on 172.18.0.5:41869 (size: 17.9 KiB, free: 434.4 MiB)
[2026-04-06T14:37:24.066+0000] {subprocess.py:93} INFO - 26/04/06 14:37:24 INFO CodeGenerator: Code generated in 34.393254 ms
[2026-04-06T14:37:24.069+0000] {subprocess.py:93} INFO - 26/04/06 14:37:24 INFO MemoryStore: Block broadcast_5 stored as values in memory (estimated size 204.5 KiB, free 433.9 MiB)
[2026-04-06T14:37:24.078+0000] {subprocess.py:93} INFO - 26/04/06 14:37:24 INFO MemoryStore: Block broadcast_5_piece0 stored as bytes in memory (estimated size 35.9 KiB, free 433.9 MiB)
[2026-04-06T14:37:24.079+0000] {subprocess.py:93} INFO - 26/04/06 14:37:24 INFO BlockManagerInfo: Added broadcast_5_piece0 in memory on 7c36fe5f1e47:39657 (size: 35.9 KiB, free: 434.3 MiB)
[2026-04-06T14:37:24.080+0000] {subprocess.py:93} INFO - 26/04/06 14:37:24 INFO SparkContext: Created broadcast 5 from parquet at NativeMethodAccessorImpl.java:0
[2026-04-06T14:37:24.081+0000] {subprocess.py:93} INFO - 26/04/06 14:37:24 INFO FileSourceScanExec: Planning scan with bin packing, max size: 4194304 bytes, open cost is considered as scanning 4194304 bytes.
[2026-04-06T14:37:24.088+0000] {subprocess.py:93} INFO - 26/04/06 14:37:24 INFO DAGScheduler: Registering RDD 13 (parquet at NativeMethodAccessorImpl.java:0) as input to shuffle 1
[2026-04-06T14:37:24.089+0000] {subprocess.py:93} INFO - 26/04/06 14:37:24 INFO DAGScheduler: Got map stage job 4 (parquet at NativeMethodAccessorImpl.java:0) with 1 output partitions
[2026-04-06T14:37:24.089+0000] {subprocess.py:93} INFO - 26/04/06 14:37:24 INFO DAGScheduler: Final stage: ShuffleMapStage 4 (parquet at NativeMethodAccessorImpl.java:0)
[2026-04-06T14:37:24.089+0000] {subprocess.py:93} INFO - 26/04/06 14:37:24 INFO DAGScheduler: Parents of final stage: List()
[2026-04-06T14:37:24.090+0000] {subprocess.py:93} INFO - 26/04/06 14:37:24 INFO DAGScheduler: Missing parents: List()
[2026-04-06T14:37:24.090+0000] {subprocess.py:93} INFO - 26/04/06 14:37:24 INFO DAGScheduler: Submitting ShuffleMapStage 4 (MapPartitionsRDD[13] at parquet at NativeMethodAccessorImpl.java:0), which has no missing parents
[2026-04-06T14:37:24.092+0000] {subprocess.py:93} INFO - 26/04/06 14:37:24 INFO MemoryStore: Block broadcast_6 stored as values in memory (estimated size 45.3 KiB, free 433.8 MiB)
[2026-04-06T14:37:24.097+0000] {subprocess.py:93} INFO - 26/04/06 14:37:24 INFO MemoryStore: Block broadcast_6_piece0 stored as bytes in memory (estimated size 19.9 KiB, free 433.8 MiB)
[2026-04-06T14:37:24.098+0000] {subprocess.py:93} INFO - 26/04/06 14:37:24 INFO BlockManagerInfo: Added broadcast_6_piece0 in memory on 7c36fe5f1e47:39657 (size: 19.9 KiB, free: 434.3 MiB)
[2026-04-06T14:37:24.098+0000] {subprocess.py:93} INFO - 26/04/06 14:37:24 INFO SparkContext: Created broadcast 6 from broadcast at DAGScheduler.scala:1611
[2026-04-06T14:37:24.099+0000] {subprocess.py:93} INFO - 26/04/06 14:37:24 INFO DAGScheduler: Submitting 1 missing tasks from ShuffleMapStage 4 (MapPartitionsRDD[13] at parquet at NativeMethodAccessorImpl.java:0) (first 15 tasks are for partitions Vector(0))
[2026-04-06T14:37:24.099+0000] {subprocess.py:93} INFO - 26/04/06 14:37:24 INFO TaskSchedulerImpl: Adding task set 4.0 with 1 tasks resource profile 0
[2026-04-06T14:37:24.100+0000] {subprocess.py:93} INFO - 26/04/06 14:37:24 INFO TaskSetManager: Starting task 0.0 in stage 4.0 (TID 4) (172.18.0.5, executor 0, partition 0, PROCESS_LOCAL, 10399 bytes)
[2026-04-06T14:37:24.116+0000] {subprocess.py:93} INFO - 26/04/06 14:37:24 INFO BlockManagerInfo: Added broadcast_6_piece0 in memory on 172.18.0.5:41869 (size: 19.9 KiB, free: 434.4 MiB)
[2026-04-06T14:37:24.543+0000] {subprocess.py:93} INFO - 26/04/06 14:37:24 INFO BlockManagerInfo: Added broadcast_3_piece0 in memory on 172.18.0.5:41869 (size: 35.8 KiB, free: 434.3 MiB)
[2026-04-06T14:37:24.544+0000] {subprocess.py:93} INFO - 26/04/06 14:37:24 INFO BlockManagerInfo: Added broadcast_5_piece0 in memory on 172.18.0.5:41869 (size: 35.9 KiB, free: 434.3 MiB)
[2026-04-06T14:37:24.924+0000] {subprocess.py:93} INFO - 26/04/06 14:37:24 INFO TaskSetManager: Finished task 0.0 in stage 3.0 (TID 3) in 884 ms on 172.18.0.5 (executor 0) (1/1)
[2026-04-06T14:37:24.924+0000] {subprocess.py:93} INFO - 26/04/06 14:37:24 INFO TaskSchedulerImpl: Removed TaskSet 3.0, whose tasks have all completed, from pool
[2026-04-06T14:37:24.925+0000] {subprocess.py:93} INFO - 26/04/06 14:37:24 INFO TaskSetManager: Finished task 0.0 in stage 4.0 (TID 4) in 824 ms on 172.18.0.5 (executor 0) (1/1)
[2026-04-06T14:37:24.925+0000] {subprocess.py:93} INFO - 26/04/06 14:37:24 INFO TaskSchedulerImpl: Removed TaskSet 4.0, whose tasks have all completed, from pool
[2026-04-06T14:37:24.925+0000] {subprocess.py:93} INFO - 26/04/06 14:37:24 INFO DAGScheduler: ShuffleMapStage 3 (parquet at NativeMethodAccessorImpl.java:0) finished in 0.901 s
[2026-04-06T14:37:24.925+0000] {subprocess.py:93} INFO - 26/04/06 14:37:24 INFO DAGScheduler: looking for newly runnable stages
[2026-04-06T14:37:24.926+0000] {subprocess.py:93} INFO - 26/04/06 14:37:24 INFO DAGScheduler: running: Set(ShuffleMapStage 4)
[2026-04-06T14:37:24.926+0000] {subprocess.py:93} INFO - 26/04/06 14:37:24 INFO DAGScheduler: waiting: Set()
[2026-04-06T14:37:24.926+0000] {subprocess.py:93} INFO - 26/04/06 14:37:24 INFO DAGScheduler: failed: Set()
[2026-04-06T14:37:24.929+0000] {subprocess.py:93} INFO - 26/04/06 14:37:24 INFO DAGScheduler: ShuffleMapStage 4 (parquet at NativeMethodAccessorImpl.java:0) finished in 0.839 s
[2026-04-06T14:37:24.929+0000] {subprocess.py:93} INFO - 26/04/06 14:37:24 INFO DAGScheduler: looking for newly runnable stages
[2026-04-06T14:37:24.929+0000] {subprocess.py:93} INFO - 26/04/06 14:37:24 INFO DAGScheduler: running: Set()
[2026-04-06T14:37:24.929+0000] {subprocess.py:93} INFO - 26/04/06 14:37:24 INFO DAGScheduler: waiting: Set()
[2026-04-06T14:37:24.930+0000] {subprocess.py:93} INFO - 26/04/06 14:37:24 INFO DAGScheduler: failed: Set()
[2026-04-06T14:37:24.938+0000] {subprocess.py:93} INFO - 26/04/06 14:37:24 INFO FileSourceStrategy: Pushed Filters:
[2026-04-06T14:37:24.938+0000] {subprocess.py:93} INFO - 26/04/06 14:37:24 INFO FileSourceStrategy: Post-Scan Filters:
[2026-04-06T14:37:24.944+0000] {subprocess.py:93} INFO - 26/04/06 14:37:24 INFO ShufflePartitionsUtil: For shuffle(0), advisory target size: 67108864, actual target size 1048576, minimum partition size: 1048576
[2026-04-06T14:37:24.962+0000] {subprocess.py:93} INFO - 26/04/06 14:37:24 INFO HashAggregateExec: spark.sql.codegen.aggregate.map.twolevel.enabled is set to true, but current version of codegened fast hashmap does not support this aggregate.
[2026-04-06T14:37:24.965+0000] {subprocess.py:93} INFO - 26/04/06 14:37:24 INFO FileSourceStrategy: Pushed Filters:
[2026-04-06T14:37:24.965+0000] {subprocess.py:93} INFO - 26/04/06 14:37:24 INFO FileSourceStrategy: Post-Scan Filters:
[2026-04-06T14:37:24.967+0000] {subprocess.py:93} INFO - 26/04/06 14:37:24 INFO ShufflePartitionsUtil: For shuffle(1), advisory target size: 67108864, actual target size 1048576, minimum partition size: 1048576
[2026-04-06T14:37:24.976+0000] {subprocess.py:93} INFO - 26/04/06 14:37:24 INFO CodeGenerator: Code generated in 10.520685 ms
[2026-04-06T14:37:24.977+0000] {subprocess.py:93} INFO - 26/04/06 14:37:24 INFO HashAggregateExec: spark.sql.codegen.aggregate.map.twolevel.enabled is set to true, but current version of codegened fast hashmap does not support this aggregate.
[2026-04-06T14:37:24.996+0000] {subprocess.py:93} INFO - 26/04/06 14:37:24 INFO CodeGenerator: Code generated in 14.010526 ms
[2026-04-06T14:37:24.998+0000] {subprocess.py:93} INFO - 26/04/06 14:37:24 INFO SparkContext: Starting job: $anonfun$withThreadLocalCaptured$1 at FutureTask.java:264
[2026-04-06T14:37:24.999+0000] {subprocess.py:93} INFO - 26/04/06 14:37:24 INFO DAGScheduler: Got job 5 ($anonfun$withThreadLocalCaptured$1 at FutureTask.java:264) with 1 output partitions
[2026-04-06T14:37:24.999+0000] {subprocess.py:93} INFO - 26/04/06 14:37:24 INFO DAGScheduler: Final stage: ResultStage 6 ($anonfun$withThreadLocalCaptured$1 at FutureTask.java:264)
[2026-04-06T14:37:25.000+0000] {subprocess.py:93} INFO - 26/04/06 14:37:24 INFO DAGScheduler: Parents of final stage: List(ShuffleMapStage 5)
[2026-04-06T14:37:25.000+0000] {subprocess.py:93} INFO - 26/04/06 14:37:24 INFO DAGScheduler: Missing parents: List()
[2026-04-06T14:37:25.000+0000] {subprocess.py:93} INFO - 26/04/06 14:37:24 INFO DAGScheduler: Submitting ResultStage 6 (MapPartitionsRDD[16] at $anonfun$withThreadLocalCaptured$1 at FutureTask.java:264), which has no missing parents
[2026-04-06T14:37:25.009+0000] {subprocess.py:93} INFO - 26/04/06 14:37:25 INFO MemoryStore: Block broadcast_7 stored as values in memory (estimated size 39.2 KiB, free 433.8 MiB)
[2026-04-06T14:37:25.015+0000] {subprocess.py:93} INFO - 26/04/06 14:37:25 INFO MemoryStore: Block broadcast_7_piece0 stored as bytes in memory (estimated size 18.3 KiB, free 433.8 MiB)
[2026-04-06T14:37:25.015+0000] {subprocess.py:93} INFO - 26/04/06 14:37:25 INFO SparkContext: Starting job: $anonfun$withThreadLocalCaptured$1 at FutureTask.java:264
[2026-04-06T14:37:25.016+0000] {subprocess.py:93} INFO - 26/04/06 14:37:25 INFO BlockManagerInfo: Added broadcast_7_piece0 in memory on 7c36fe5f1e47:39657 (size: 18.3 KiB, free: 434.3 MiB)
[2026-04-06T14:37:25.016+0000] {subprocess.py:93} INFO - 26/04/06 14:37:25 INFO BlockManagerInfo: Removed broadcast_6_piece0 on 7c36fe5f1e47:39657 in memory (size: 19.9 KiB, free: 434.3 MiB)
[2026-04-06T14:37:25.016+0000] {subprocess.py:93} INFO - 26/04/06 14:37:25 INFO SparkContext: Created broadcast 7 from broadcast at DAGScheduler.scala:1611
[2026-04-06T14:37:25.016+0000] {subprocess.py:93} INFO - 26/04/06 14:37:25 INFO DAGScheduler: Submitting 1 missing tasks from ResultStage 6 (MapPartitionsRDD[16] at $anonfun$withThreadLocalCaptured$1 at FutureTask.java:264) (first 15 tasks are for partitions Vector(0))
[2026-04-06T14:37:25.017+0000] {subprocess.py:93} INFO - 26/04/06 14:37:25 INFO TaskSchedulerImpl: Adding task set 6.0 with 1 tasks resource profile 0
[2026-04-06T14:37:25.018+0000] {subprocess.py:93} INFO - 26/04/06 14:37:25 INFO BlockManagerInfo: Removed broadcast_6_piece0 on 172.18.0.5:41869 in memory (size: 19.9 KiB, free: 434.3 MiB)
[2026-04-06T14:37:25.020+0000] {subprocess.py:93} INFO - 26/04/06 14:37:25 INFO DAGScheduler: Got job 6 ($anonfun$withThreadLocalCaptured$1 at FutureTask.java:264) with 1 output partitions
[2026-04-06T14:37:25.020+0000] {subprocess.py:93} INFO - 26/04/06 14:37:25 INFO TaskSetManager: Starting task 0.0 in stage 6.0 (TID 5) (172.18.0.5, executor 0, partition 0, NODE_LOCAL, 9733 bytes)
[2026-04-06T14:37:25.021+0000] {subprocess.py:93} INFO - 26/04/06 14:37:25 INFO DAGScheduler: Final stage: ResultStage 8 ($anonfun$withThreadLocalCaptured$1 at FutureTask.java:264)
[2026-04-06T14:37:25.021+0000] {subprocess.py:93} INFO - 26/04/06 14:37:25 INFO DAGScheduler: Parents of final stage: List(ShuffleMapStage 7)
[2026-04-06T14:37:25.021+0000] {subprocess.py:93} INFO - 26/04/06 14:37:25 INFO DAGScheduler: Missing parents: List()
[2026-04-06T14:37:25.022+0000] {subprocess.py:93} INFO - 26/04/06 14:37:25 INFO DAGScheduler: Submitting ResultStage 8 (MapPartitionsRDD[19] at $anonfun$withThreadLocalCaptured$1 at FutureTask.java:264), which has no missing parents
[2026-04-06T14:37:25.022+0000] {subprocess.py:93} INFO - 26/04/06 14:37:25 INFO BlockManagerInfo: Removed broadcast_4_piece0 on 7c36fe5f1e47:39657 in memory (size: 17.9 KiB, free: 434.3 MiB)
[2026-04-06T14:37:25.025+0000] {subprocess.py:93} INFO - 26/04/06 14:37:25 INFO BlockManagerInfo: Removed broadcast_4_piece0 on 172.18.0.5:41869 in memory (size: 17.9 KiB, free: 434.3 MiB)
[2026-04-06T14:37:25.027+0000] {subprocess.py:93} INFO - 26/04/06 14:37:25 INFO MemoryStore: Block broadcast_8 stored as values in memory (estimated size 46.8 KiB, free 433.8 MiB)
[2026-04-06T14:37:25.032+0000] {subprocess.py:93} INFO - 26/04/06 14:37:25 INFO MemoryStore: Block broadcast_8_piece0 stored as bytes in memory (estimated size 21.0 KiB, free 433.8 MiB)
[2026-04-06T14:37:25.033+0000] {subprocess.py:93} INFO - 26/04/06 14:37:25 INFO BlockManagerInfo: Added broadcast_8_piece0 in memory on 7c36fe5f1e47:39657 (size: 21.0 KiB, free: 434.3 MiB)
[2026-04-06T14:37:25.034+0000] {subprocess.py:93} INFO - 26/04/06 14:37:25 INFO SparkContext: Created broadcast 8 from broadcast at DAGScheduler.scala:1611
[2026-04-06T14:37:25.035+0000] {subprocess.py:93} INFO - 26/04/06 14:37:25 INFO DAGScheduler: Submitting 1 missing tasks from ResultStage 8 (MapPartitionsRDD[19] at $anonfun$withThreadLocalCaptured$1 at FutureTask.java:264) (first 15 tasks are for partitions Vector(0))
[2026-04-06T14:37:25.035+0000] {subprocess.py:93} INFO - 26/04/06 14:37:25 INFO TaskSchedulerImpl: Adding task set 8.0 with 1 tasks resource profile 0
[2026-04-06T14:37:25.036+0000] {subprocess.py:93} INFO - 26/04/06 14:37:25 INFO TaskSetManager: Starting task 0.0 in stage 8.0 (TID 6) (172.18.0.5, executor 0, partition 0, NODE_LOCAL, 9733 bytes)
[2026-04-06T14:37:25.037+0000] {subprocess.py:93} INFO - 26/04/06 14:37:25 INFO BlockManagerInfo: Added broadcast_7_piece0 in memory on 172.18.0.5:41869 (size: 18.3 KiB, free: 434.3 MiB)
[2026-04-06T14:37:25.044+0000] {subprocess.py:93} INFO - 26/04/06 14:37:25 INFO BlockManagerInfo: Added broadcast_8_piece0 in memory on 172.18.0.5:41869 (size: 21.0 KiB, free: 434.3 MiB)
[2026-04-06T14:37:25.067+0000] {subprocess.py:93} INFO - 26/04/06 14:37:25 INFO MapOutputTrackerMasterEndpoint: Asked to send map output locations for shuffle 0 to 172.18.0.5:47152
[2026-04-06T14:37:25.067+0000] {subprocess.py:93} INFO - 26/04/06 14:37:25 INFO MapOutputTrackerMasterEndpoint: Asked to send map output locations for shuffle 1 to 172.18.0.5:47152
[2026-04-06T14:37:25.154+0000] {subprocess.py:93} INFO - 26/04/06 14:37:25 INFO TaskSetManager: Finished task 0.0 in stage 8.0 (TID 6) in 117 ms on 172.18.0.5 (executor 0) (1/1)
[2026-04-06T14:37:25.154+0000] {subprocess.py:93} INFO - 26/04/06 14:37:25 INFO TaskSchedulerImpl: Removed TaskSet 8.0, whose tasks have all completed, from pool
[2026-04-06T14:37:25.154+0000] {subprocess.py:93} INFO - 26/04/06 14:37:25 INFO TaskSetManager: Finished task 0.0 in stage 6.0 (TID 5) in 136 ms on 172.18.0.5 (executor 0) (1/1)
[2026-04-06T14:37:25.155+0000] {subprocess.py:93} INFO - 26/04/06 14:37:25 INFO TaskSchedulerImpl: Removed TaskSet 6.0, whose tasks have all completed, from pool
[2026-04-06T14:37:25.155+0000] {subprocess.py:93} INFO - 26/04/06 14:37:25 INFO DAGScheduler: ResultStage 8 ($anonfun$withThreadLocalCaptured$1 at FutureTask.java:264) finished in 0.129 s
[2026-04-06T14:37:25.155+0000] {subprocess.py:93} INFO - 26/04/06 14:37:25 INFO DAGScheduler: Job 6 is finished. Cancelling potential speculative or zombie tasks for this job
[2026-04-06T14:37:25.156+0000] {subprocess.py:93} INFO - 26/04/06 14:37:25 INFO TaskSchedulerImpl: Killing all running tasks in stage 8: Stage finished
[2026-04-06T14:37:25.157+0000] {subprocess.py:93} INFO - 26/04/06 14:37:25 INFO DAGScheduler: Job 6 finished: $anonfun$withThreadLocalCaptured$1 at FutureTask.java:264, took 0.140427 s
[2026-04-06T14:37:25.158+0000] {subprocess.py:93} INFO - 26/04/06 14:37:25 INFO DAGScheduler: ResultStage 6 ($anonfun$withThreadLocalCaptured$1 at FutureTask.java:264) finished in 0.149 s
[2026-04-06T14:37:25.159+0000] {subprocess.py:93} INFO - 26/04/06 14:37:25 INFO DAGScheduler: Job 5 is finished. Cancelling potential speculative or zombie tasks for this job
[2026-04-06T14:37:25.159+0000] {subprocess.py:93} INFO - 26/04/06 14:37:25 INFO TaskSchedulerImpl: Killing all running tasks in stage 6: Stage finished
[2026-04-06T14:37:25.160+0000] {subprocess.py:93} INFO - 26/04/06 14:37:25 INFO DAGScheduler: Job 5 finished: $anonfun$withThreadLocalCaptured$1 at FutureTask.java:264, took 0.159108 s
[2026-04-06T14:37:25.176+0000] {subprocess.py:93} INFO - 26/04/06 14:37:25 INFO CodeGenerator: Code generated in 7.370754 ms
[2026-04-06T14:37:25.189+0000] {subprocess.py:93} INFO - 26/04/06 14:37:25 INFO MemoryStore: Block broadcast_10_piece0 stored as bytes in memory (estimated size 14.9 KiB, free 433.8 MiB)
[2026-04-06T14:37:25.190+0000] {subprocess.py:93} INFO - 26/04/06 14:37:25 INFO MemoryStore: Block broadcast_9_piece0 stored as bytes in memory (estimated size 22.8 KiB, free 433.8 MiB)
[2026-04-06T14:37:25.190+0000] {subprocess.py:93} INFO - 26/04/06 14:37:25 INFO BlockManagerInfo: Added broadcast_10_piece0 in memory on 7c36fe5f1e47:39657 (size: 14.9 KiB, free: 434.3 MiB)
[2026-04-06T14:37:25.191+0000] {subprocess.py:93} INFO - 26/04/06 14:37:25 INFO BlockManagerInfo: Added broadcast_9_piece0 in memory on 7c36fe5f1e47:39657 (size: 22.8 KiB, free: 434.3 MiB)
[2026-04-06T14:37:25.191+0000] {subprocess.py:93} INFO - 26/04/06 14:37:25 INFO SparkContext: Created broadcast 10 from $anonfun$withThreadLocalCaptured$1 at FutureTask.java:264
[2026-04-06T14:37:25.191+0000] {subprocess.py:93} INFO - 26/04/06 14:37:25 INFO SparkContext: Created broadcast 9 from $anonfun$withThreadLocalCaptured$1 at FutureTask.java:264
[2026-04-06T14:37:25.196+0000] {subprocess.py:93} INFO - 26/04/06 14:37:25 INFO FileSourceStrategy: Pushed Filters:
[2026-04-06T14:37:25.197+0000] {subprocess.py:93} INFO - 26/04/06 14:37:25 INFO FileSourceStrategy: Post-Scan Filters:
[2026-04-06T14:37:25.200+0000] {subprocess.py:93} INFO - 26/04/06 14:37:25 INFO FileSourceStrategy: Pushed Filters:
[2026-04-06T14:37:25.200+0000] {subprocess.py:93} INFO - 26/04/06 14:37:25 INFO FileSourceStrategy: Post-Scan Filters:
[2026-04-06T14:37:25.233+0000] {subprocess.py:93} INFO - 26/04/06 14:37:25 INFO ParquetUtils: Using default output committer for Parquet: org.apache.parquet.hadoop.ParquetOutputCommitter
[2026-04-06T14:37:25.243+0000] {subprocess.py:93} INFO - 26/04/06 14:37:25 INFO FileOutputCommitter: File Output Committer Algorithm version is 1
[2026-04-06T14:37:25.244+0000] {subprocess.py:93} INFO - 26/04/06 14:37:25 INFO FileOutputCommitter: FileOutputCommitter skip cleanup _temporary folders under output directory:false, ignore cleanup failures: false
[2026-04-06T14:37:25.244+0000] {subprocess.py:93} INFO - 26/04/06 14:37:25 INFO SQLHadoopMapReduceCommitProtocol: Using user defined output committer class org.apache.parquet.hadoop.ParquetOutputCommitter
[2026-04-06T14:37:25.244+0000] {subprocess.py:93} INFO - 26/04/06 14:37:25 INFO FileOutputCommitter: File Output Committer Algorithm version is 1
[2026-04-06T14:37:25.245+0000] {subprocess.py:93} INFO - 26/04/06 14:37:25 INFO FileOutputCommitter: FileOutputCommitter skip cleanup _temporary folders under output directory:false, ignore cleanup failures: false
[2026-04-06T14:37:25.245+0000] {subprocess.py:93} INFO - 26/04/06 14:37:25 INFO SQLHadoopMapReduceCommitProtocol: Using output committer class org.apache.parquet.hadoop.ParquetOutputCommitter
[2026-04-06T14:37:25.359+0000] {subprocess.py:93} INFO - 26/04/06 14:37:25 INFO CodeGenerator: Code generated in 18.110768 ms
[2026-04-06T14:37:25.363+0000] {subprocess.py:93} INFO - 26/04/06 14:37:25 INFO MemoryStore: Block broadcast_11 stored as values in memory (estimated size 205.1 KiB, free 433.6 MiB)
[2026-04-06T14:37:25.368+0000] {subprocess.py:93} INFO - 26/04/06 14:37:25 INFO MemoryStore: Block broadcast_11_piece0 stored as bytes in memory (estimated size 36.1 KiB, free 433.5 MiB)
[2026-04-06T14:37:25.369+0000] {subprocess.py:93} INFO - 26/04/06 14:37:25 INFO BlockManagerInfo: Added broadcast_11_piece0 in memory on 7c36fe5f1e47:39657 (size: 36.1 KiB, free: 434.2 MiB)
[2026-04-06T14:37:25.370+0000] {subprocess.py:93} INFO - 26/04/06 14:37:25 INFO SparkContext: Created broadcast 11 from parquet at NativeMethodAccessorImpl.java:0
[2026-04-06T14:37:25.370+0000] {subprocess.py:93} INFO - 26/04/06 14:37:25 INFO FileSourceScanExec: Planning scan with bin packing, max size: 4194304 bytes, open cost is considered as scanning 4194304 bytes.
[2026-04-06T14:37:25.379+0000] {subprocess.py:93} INFO - 26/04/06 14:37:25 INFO SparkContext: Starting job: parquet at NativeMethodAccessorImpl.java:0
[2026-04-06T14:37:25.379+0000] {subprocess.py:93} INFO - 26/04/06 14:37:25 INFO DAGScheduler: Got job 7 (parquet at NativeMethodAccessorImpl.java:0) with 1 output partitions
[2026-04-06T14:37:25.379+0000] {subprocess.py:93} INFO - 26/04/06 14:37:25 INFO DAGScheduler: Final stage: ResultStage 9 (parquet at NativeMethodAccessorImpl.java:0)
[2026-04-06T14:37:25.380+0000] {subprocess.py:93} INFO - 26/04/06 14:37:25 INFO DAGScheduler: Parents of final stage: List()
[2026-04-06T14:37:25.380+0000] {subprocess.py:93} INFO - 26/04/06 14:37:25 INFO DAGScheduler: Missing parents: List()
[2026-04-06T14:37:25.380+0000] {subprocess.py:93} INFO - 26/04/06 14:37:25 INFO DAGScheduler: Submitting ResultStage 9 (MapPartitionsRDD[23] at parquet at NativeMethodAccessorImpl.java:0), which has no missing parents
[2026-04-06T14:37:25.395+0000] {subprocess.py:93} INFO - 26/04/06 14:37:25 INFO MemoryStore: Block broadcast_12 stored as values in memory (estimated size 229.9 KiB, free 433.3 MiB)
[2026-04-06T14:37:25.396+0000] {subprocess.py:93} INFO - 26/04/06 14:37:25 INFO MemoryStore: Block broadcast_12_piece0 stored as bytes in memory (estimated size 81.7 KiB, free 433.2 MiB)
[2026-04-06T14:37:25.397+0000] {subprocess.py:93} INFO - 26/04/06 14:37:25 INFO BlockManagerInfo: Added broadcast_12_piece0 in memory on 7c36fe5f1e47:39657 (size: 81.7 KiB, free: 434.1 MiB)
[2026-04-06T14:37:25.398+0000] {subprocess.py:93} INFO - 26/04/06 14:37:25 INFO SparkContext: Created broadcast 12 from broadcast at DAGScheduler.scala:1611
[2026-04-06T14:37:25.398+0000] {subprocess.py:93} INFO - 26/04/06 14:37:25 INFO DAGScheduler: Submitting 1 missing tasks from ResultStage 9 (MapPartitionsRDD[23] at parquet at NativeMethodAccessorImpl.java:0) (first 15 tasks are for partitions Vector(0))
[2026-04-06T14:37:25.398+0000] {subprocess.py:93} INFO - 26/04/06 14:37:25 INFO TaskSchedulerImpl: Adding task set 9.0 with 1 tasks resource profile 0
[2026-04-06T14:37:25.399+0000] {subprocess.py:93} INFO - 26/04/06 14:37:25 INFO TaskSetManager: Starting task 0.0 in stage 9.0 (TID 7) (172.18.0.5, executor 0, partition 0, PROCESS_LOCAL, 10406 bytes)
[2026-04-06T14:37:25.409+0000] {subprocess.py:93} INFO - 26/04/06 14:37:25 INFO BlockManagerInfo: Added broadcast_12_piece0 in memory on 172.18.0.5:41869 (size: 81.7 KiB, free: 434.2 MiB)
[2026-04-06T14:37:25.454+0000] {subprocess.py:93} INFO - 26/04/06 14:37:25 INFO BlockManagerInfo: Added broadcast_10_piece0 in memory on 172.18.0.5:41869 (size: 14.9 KiB, free: 434.2 MiB)
[2026-04-06T14:37:25.464+0000] {subprocess.py:93} INFO - 26/04/06 14:37:25 INFO BlockManagerInfo: Added broadcast_9_piece0 in memory on 172.18.0.5:41869 (size: 22.8 KiB, free: 434.2 MiB)
[2026-04-06T14:37:25.581+0000] {subprocess.py:93} INFO - 26/04/06 14:37:25 INFO BlockManagerInfo: Added broadcast_11_piece0 in memory on 172.18.0.5:41869 (size: 36.1 KiB, free: 434.1 MiB)
[2026-04-06T14:37:25.922+0000] {subprocess.py:93} INFO - 26/04/06 14:37:25 INFO TaskSetManager: Finished task 0.0 in stage 9.0 (TID 7) in 523 ms on 172.18.0.5 (executor 0) (1/1)
[2026-04-06T14:37:25.922+0000] {subprocess.py:93} INFO - 26/04/06 14:37:25 INFO TaskSchedulerImpl: Removed TaskSet 9.0, whose tasks have all completed, from pool
[2026-04-06T14:37:25.923+0000] {subprocess.py:93} INFO - 26/04/06 14:37:25 INFO DAGScheduler: ResultStage 9 (parquet at NativeMethodAccessorImpl.java:0) finished in 0.542 s
[2026-04-06T14:37:25.923+0000] {subprocess.py:93} INFO - 26/04/06 14:37:25 INFO DAGScheduler: Job 7 is finished. Cancelling potential speculative or zombie tasks for this job
[2026-04-06T14:37:25.923+0000] {subprocess.py:93} INFO - 26/04/06 14:37:25 INFO TaskSchedulerImpl: Killing all running tasks in stage 9: Stage finished
[2026-04-06T14:37:25.924+0000] {subprocess.py:93} INFO - 26/04/06 14:37:25 INFO DAGScheduler: Job 7 finished: parquet at NativeMethodAccessorImpl.java:0, took 0.544686 s
[2026-04-06T14:37:25.924+0000] {subprocess.py:93} INFO - 26/04/06 14:37:25 INFO FileFormatWriter: Start to commit write Job 39b3cd5f-31a6-41e6-8811-b0cd8bb480f0.
[2026-04-06T14:37:26.044+0000] {subprocess.py:93} INFO - 26/04/06 14:37:26 INFO FileFormatWriter: Write Job 39b3cd5f-31a6-41e6-8811-b0cd8bb480f0 committed. Elapsed time: 118 ms.
[2026-04-06T14:37:26.046+0000] {subprocess.py:93} INFO - 26/04/06 14:37:26 INFO FileFormatWriter: Finished processing stats for write job 39b3cd5f-31a6-41e6-8811-b0cd8bb480f0.
[2026-04-06T14:37:26.048+0000] {subprocess.py:93} INFO - Gold patient_360 built successfully.
[2026-04-06T14:37:26.049+0000] {subprocess.py:93} INFO - 26/04/06 14:37:26 INFO SparkContext: SparkContext is stopping with exitCode 0.
[2026-04-06T14:37:26.056+0000] {subprocess.py:93} INFO - 26/04/06 14:37:26 INFO SparkUI: Stopped Spark web UI at http://7c36fe5f1e47:4040
[2026-04-06T14:37:26.058+0000] {subprocess.py:93} INFO - 26/04/06 14:37:26 INFO StandaloneSchedulerBackend: Shutting down all executors
[2026-04-06T14:37:26.058+0000] {subprocess.py:93} INFO - 26/04/06 14:37:26 INFO StandaloneSchedulerBackend$StandaloneDriverEndpoint: Asking each executor to shut down
[2026-04-06T14:37:26.068+0000] {subprocess.py:93} INFO - 26/04/06 14:37:26 INFO MapOutputTrackerMasterEndpoint: MapOutputTrackerMasterEndpoint stopped!
[2026-04-06T14:37:26.083+0000] {subprocess.py:93} INFO - 26/04/06 14:37:26 INFO MemoryStore: MemoryStore cleared
[2026-04-06T14:37:26.083+0000] {subprocess.py:93} INFO - 26/04/06 14:37:26 INFO BlockManager: BlockManager stopped
[2026-04-06T14:37:26.085+0000] {subprocess.py:93} INFO - 26/04/06 14:37:26 INFO BlockManagerMaster: BlockManagerMaster stopped
[2026-04-06T14:37:26.087+0000] {subprocess.py:93} INFO - 26/04/06 14:37:26 INFO OutputCommitCoordinator$OutputCommitCoordinatorEndpoint: OutputCommitCoordinator stopped!
[2026-04-06T14:37:26.171+0000] {subprocess.py:93} INFO - 26/04/06 14:37:26 INFO SparkContext: Successfully stopped SparkContext
[2026-04-06T14:37:26.259+0000] {subprocess.py:93} INFO - 26/04/06 14:37:26 INFO ShutdownHookManager: Shutdown hook called
[2026-04-06T14:37:26.260+0000] {subprocess.py:93} INFO - 26/04/06 14:37:26 INFO ShutdownHookManager: Deleting directory /tmp/spark-0fa7e040-ec3b-4863-8185-dd173ebb0589
[2026-04-06T14:37:26.264+0000] {subprocess.py:93} INFO - 26/04/06 14:37:26 INFO ShutdownHookManager: Deleting directory /tmp/spark-0fa7e040-ec3b-4863-8185-dd173ebb0589/pyspark-24a797be-e497-42f5-b474-713b5d275e24
[2026-04-06T14:37:26.268+0000] {subprocess.py:93} INFO - 26/04/06 14:37:26 INFO ShutdownHookManager: Deleting directory /tmp/spark-e9042927-7fe8-4f48-ae70-4ff8420c11a6
[2026-04-06T14:37:26.274+0000] {subprocess.py:93} INFO - 26/04/06 14:37:26 INFO MetricsSystemImpl: Stopping s3a-file-system metrics system...
[2026-04-06T14:37:26.274+0000] {subprocess.py:93} INFO - 26/04/06 14:37:26 INFO MetricsSystemImpl: s3a-file-system metrics system stopped.
[2026-04-06T14:37:26.275+0000] {subprocess.py:93} INFO - 26/04/06 14:37:26 INFO MetricsSystemImpl: s3a-file-system metrics system shutdown complete.
[2026-04-06T14:37:26.357+0000] {subprocess.py:97} INFO - Command exited with return code 0
[2026-04-06T14:37:26.378+0000] {taskinstance.py:1149} INFO - Marking task as SUCCESS. dag_id=bronze_to_silver_and_gold, task_id=build_patient_360_gold, execution_date=20260406T143644, start_date=20260406T143715, end_date=20260406T143726
[2026-04-06T14:37:26.399+0000] {local_task_job_runner.py:234} INFO - Task exited with return code 0
[2026-04-06T14:37:26.411+0000] {taskinstance.py:3312} INFO - 0 downstream tasks scheduled from follow-on schedule check
