[2026-04-06T15:22:31.908+0000] {taskinstance.py:1979} INFO - Dependencies all met for dep_context=non-requeueable deps ti=<TaskInstance: bronze_to_silver_and_gold.run_observations_silver manual__2026-04-06T15:22:30.709346+00:00 [queued]>
[2026-04-06T15:22:31.912+0000] {taskinstance.py:1979} INFO - Dependencies all met for dep_context=requeueable deps ti=<TaskInstance: bronze_to_silver_and_gold.run_observations_silver manual__2026-04-06T15:22:30.709346+00:00 [queued]>
[2026-04-06T15:22:31.912+0000] {taskinstance.py:2193} INFO - Starting attempt 1 of 1
[2026-04-06T15:22:31.921+0000] {taskinstance.py:2217} INFO - Executing <Task(BashOperator): run_observations_silver> on 2026-04-06 15:22:30.709346+00:00
[2026-04-06T15:22:31.925+0000] {standard_task_runner.py:60} INFO - Started process 186 to run task
[2026-04-06T15:22:31.928+0000] {standard_task_runner.py:87} INFO - Running: ['airflow', 'tasks', 'run', 'bronze_to_silver_and_gold', 'run_observations_silver', 'manual__2026-04-06T15:22:30.709346+00:00', '--job-id', '37', '--raw', '--subdir', 'DAGS_FOLDER/bronze_to_silver_dag.py', '--cfg-path', '/tmp/tmp2930qgj7']
[2026-04-06T15:22:31.931+0000] {standard_task_runner.py:88} INFO - Job 37: Subtask run_observations_silver
[2026-04-06T15:22:31.977+0000] {task_command.py:423} INFO - Running <TaskInstance: bronze_to_silver_and_gold.run_observations_silver manual__2026-04-06T15:22:30.709346+00:00 [running]> on host 7c36fe5f1e47
[2026-04-06T15:22:32.041+0000] {taskinstance.py:2513} INFO - Exporting env vars: AIRFLOW_CTX_DAG_OWNER='airflow' AIRFLOW_CTX_DAG_ID='bronze_to_silver_and_gold' AIRFLOW_CTX_TASK_ID='run_observations_silver' AIRFLOW_CTX_EXECUTION_DATE='2026-04-06T15:22:30.709346+00:00' AIRFLOW_CTX_TRY_NUMBER='1' AIRFLOW_CTX_DAG_RUN_ID='manual__2026-04-06T15:22:30.709346+00:00'
[2026-04-06T15:22:32.042+0000] {subprocess.py:63} INFO - Tmp dir root location: /tmp
[2026-04-06T15:22:32.046+0000] {subprocess.py:75} INFO - Running command: ['/usr/bin/bash', '-c', '\n/opt/spark/bin/spark-submit \\\n  --master spark://spark-master:7077 \\\n  --packages org.apache.hadoop:hadoop-aws:3.3.4,com.amazonaws:aws-java-sdk-bundle:1.12.262 \\\n  --conf spark.hadoop.fs.s3a.endpoint=http://minio:9000 \\\n  --conf spark.hadoop.fs.s3a.access.key=minioadmin \\\n  --conf spark.hadoop.fs.s3a.secret.key=minioadmin \\\n  --conf spark.hadoop.fs.s3a.path.style.access=true \\\n  --conf spark.hadoop.fs.s3a.impl=org.apache.hadoop.fs.s3a.S3AFileSystem \\\n  /opt/airflow/spark/jobs/bronze_to_silver_observations.py']
[2026-04-06T15:22:32.055+0000] {subprocess.py:86} INFO - Output:
[2026-04-06T15:22:33.190+0000] {subprocess.py:93} INFO - :: loading settings :: url = jar:file:/opt/spark-3.5.6-bin-hadoop3/jars/ivy-2.5.1.jar!/org/apache/ivy/core/settings/ivysettings.xml
[2026-04-06T15:22:33.249+0000] {subprocess.py:93} INFO - Ivy Default Cache set to: /home/airflow/.ivy2/cache
[2026-04-06T15:22:33.255+0000] {subprocess.py:93} INFO - The jars for the packages stored in: /home/airflow/.ivy2/jars
[2026-04-06T15:22:33.256+0000] {subprocess.py:93} INFO - org.apache.hadoop#hadoop-aws added as a dependency
[2026-04-06T15:22:33.256+0000] {subprocess.py:93} INFO - com.amazonaws#aws-java-sdk-bundle added as a dependency
[2026-04-06T15:22:33.257+0000] {subprocess.py:93} INFO - :: resolving dependencies :: org.apache.spark#spark-submit-parent-564e30b9-2e8e-4ec3-88c9-0d6467a06da1;1.0
[2026-04-06T15:22:33.257+0000] {subprocess.py:93} INFO - 	confs: [default]
[2026-04-06T15:22:33.379+0000] {subprocess.py:93} INFO - 	found org.apache.hadoop#hadoop-aws;3.3.4 in central
[2026-04-06T15:22:33.410+0000] {subprocess.py:93} INFO - 	found com.amazonaws#aws-java-sdk-bundle;1.12.262 in central
[2026-04-06T15:22:33.430+0000] {subprocess.py:93} INFO - 	found org.wildfly.openssl#wildfly-openssl;1.0.7.Final in central
[2026-04-06T15:22:33.449+0000] {subprocess.py:93} INFO - :: resolution report :: resolve 187ms :: artifacts dl 9ms
[2026-04-06T15:22:33.450+0000] {subprocess.py:93} INFO - 	:: modules in use:
[2026-04-06T15:22:33.450+0000] {subprocess.py:93} INFO - 	com.amazonaws#aws-java-sdk-bundle;1.12.262 from central in [default]
[2026-04-06T15:22:33.451+0000] {subprocess.py:93} INFO - 	org.apache.hadoop#hadoop-aws;3.3.4 from central in [default]
[2026-04-06T15:22:33.451+0000] {subprocess.py:93} INFO - 	org.wildfly.openssl#wildfly-openssl;1.0.7.Final from central in [default]
[2026-04-06T15:22:33.451+0000] {subprocess.py:93} INFO - 	---------------------------------------------------------------------
[2026-04-06T15:22:33.451+0000] {subprocess.py:93} INFO - 	|                  |            modules            ||   artifacts   |
[2026-04-06T15:22:33.452+0000] {subprocess.py:93} INFO - 	|       conf       | number| search|dwnlded|evicted|| number|dwnlded|
[2026-04-06T15:22:33.452+0000] {subprocess.py:93} INFO - 	---------------------------------------------------------------------
[2026-04-06T15:22:33.452+0000] {subprocess.py:93} INFO - 	|      default     |   3   |   0   |   0   |   0   ||   3   |   0   |
[2026-04-06T15:22:33.453+0000] {subprocess.py:93} INFO - 	---------------------------------------------------------------------
[2026-04-06T15:22:33.455+0000] {subprocess.py:93} INFO - :: retrieving :: org.apache.spark#spark-submit-parent-564e30b9-2e8e-4ec3-88c9-0d6467a06da1
[2026-04-06T15:22:33.455+0000] {subprocess.py:93} INFO - 	confs: [default]
[2026-04-06T15:22:33.460+0000] {subprocess.py:93} INFO - 	0 artifacts copied, 3 already retrieved (0kB/5ms)
[2026-04-06T15:22:33.624+0000] {subprocess.py:93} INFO - 26/04/06 15:22:33 WARN NativeCodeLoader: Unable to load native-hadoop library for your platform... using builtin-java classes where applicable
[2026-04-06T15:22:34.349+0000] {subprocess.py:93} INFO - 26/04/06 15:22:34 INFO SparkContext: Running Spark version 3.5.6
[2026-04-06T15:22:34.351+0000] {subprocess.py:93} INFO - 26/04/06 15:22:34 INFO SparkContext: OS info Linux, 6.6.87.2-microsoft-standard-WSL2, amd64
[2026-04-06T15:22:34.352+0000] {subprocess.py:93} INFO - 26/04/06 15:22:34 INFO SparkContext: Java version 17.0.18
[2026-04-06T15:22:34.369+0000] {subprocess.py:93} INFO - 26/04/06 15:22:34 INFO ResourceUtils: ==============================================================
[2026-04-06T15:22:34.370+0000] {subprocess.py:93} INFO - 26/04/06 15:22:34 INFO ResourceUtils: No custom resources configured for spark.driver.
[2026-04-06T15:22:34.370+0000] {subprocess.py:93} INFO - 26/04/06 15:22:34 INFO ResourceUtils: ==============================================================
[2026-04-06T15:22:34.371+0000] {subprocess.py:93} INFO - 26/04/06 15:22:34 INFO SparkContext: Submitted application: bronze_to_silver_observations
[2026-04-06T15:22:34.388+0000] {subprocess.py:93} INFO - 26/04/06 15:22:34 INFO ResourceProfile: Default ResourceProfile created, executor resources: Map(memory -> name: memory, amount: 1024, script: , vendor: , offHeap -> name: offHeap, amount: 0, script: , vendor: ), task resources: Map(cpus -> name: cpus, amount: 1.0)
[2026-04-06T15:22:34.395+0000] {subprocess.py:93} INFO - 26/04/06 15:22:34 INFO ResourceProfile: Limiting resource is cpu
[2026-04-06T15:22:34.395+0000] {subprocess.py:93} INFO - 26/04/06 15:22:34 INFO ResourceProfileManager: Added ResourceProfile id: 0
[2026-04-06T15:22:34.441+0000] {subprocess.py:93} INFO - 26/04/06 15:22:34 INFO SecurityManager: Changing view acls to: airflow
[2026-04-06T15:22:34.441+0000] {subprocess.py:93} INFO - 26/04/06 15:22:34 INFO SecurityManager: Changing modify acls to: airflow
[2026-04-06T15:22:34.442+0000] {subprocess.py:93} INFO - 26/04/06 15:22:34 INFO SecurityManager: Changing view acls groups to:
[2026-04-06T15:22:34.442+0000] {subprocess.py:93} INFO - 26/04/06 15:22:34 INFO SecurityManager: Changing modify acls groups to:
[2026-04-06T15:22:34.442+0000] {subprocess.py:93} INFO - 26/04/06 15:22:34 INFO SecurityManager: SecurityManager: authentication disabled; ui acls disabled; users with view permissions: airflow; groups with view permissions: EMPTY; users with modify permissions: airflow; groups with modify permissions: EMPTY
[2026-04-06T15:22:34.588+0000] {subprocess.py:93} INFO - 26/04/06 15:22:34 INFO Utils: Successfully started service 'sparkDriver' on port 41041.
[2026-04-06T15:22:34.611+0000] {subprocess.py:93} INFO - 26/04/06 15:22:34 INFO SparkEnv: Registering MapOutputTracker
[2026-04-06T15:22:34.640+0000] {subprocess.py:93} INFO - 26/04/06 15:22:34 INFO SparkEnv: Registering BlockManagerMaster
[2026-04-06T15:22:34.651+0000] {subprocess.py:93} INFO - 26/04/06 15:22:34 INFO BlockManagerMasterEndpoint: Using org.apache.spark.storage.DefaultTopologyMapper for getting topology information
[2026-04-06T15:22:34.651+0000] {subprocess.py:93} INFO - 26/04/06 15:22:34 INFO BlockManagerMasterEndpoint: BlockManagerMasterEndpoint up
[2026-04-06T15:22:34.653+0000] {subprocess.py:93} INFO - 26/04/06 15:22:34 INFO SparkEnv: Registering BlockManagerMasterHeartbeat
[2026-04-06T15:22:34.665+0000] {subprocess.py:93} INFO - 26/04/06 15:22:34 INFO DiskBlockManager: Created local directory at /tmp/blockmgr-dc580c3d-be24-44be-bc16-52c69db39013
[2026-04-06T15:22:34.674+0000] {subprocess.py:93} INFO - 26/04/06 15:22:34 INFO MemoryStore: MemoryStore started with capacity 434.4 MiB
[2026-04-06T15:22:34.683+0000] {subprocess.py:93} INFO - 26/04/06 15:22:34 INFO SparkEnv: Registering OutputCommitCoordinator
[2026-04-06T15:22:34.759+0000] {subprocess.py:93} INFO - 26/04/06 15:22:34 INFO JettyUtils: Start Jetty 0.0.0.0:4040 for SparkUI
[2026-04-06T15:22:34.793+0000] {subprocess.py:93} INFO - 26/04/06 15:22:34 WARN Utils: Service 'SparkUI' could not bind on port 4040. Attempting port 4041.
[2026-04-06T15:22:34.795+0000] {subprocess.py:93} INFO - 26/04/06 15:22:34 WARN Utils: Service 'SparkUI' could not bind on port 4041. Attempting port 4042.
[2026-04-06T15:22:34.800+0000] {subprocess.py:93} INFO - 26/04/06 15:22:34 INFO Utils: Successfully started service 'SparkUI' on port 4042.
[2026-04-06T15:22:34.824+0000] {subprocess.py:93} INFO - 26/04/06 15:22:34 INFO SparkContext: Added JAR file:///home/airflow/.ivy2/jars/org.apache.hadoop_hadoop-aws-3.3.4.jar at spark://7c36fe5f1e47:41041/jars/org.apache.hadoop_hadoop-aws-3.3.4.jar with timestamp 1775488954344
[2026-04-06T15:22:34.824+0000] {subprocess.py:93} INFO - 26/04/06 15:22:34 INFO SparkContext: Added JAR file:///home/airflow/.ivy2/jars/com.amazonaws_aws-java-sdk-bundle-1.12.262.jar at spark://7c36fe5f1e47:41041/jars/com.amazonaws_aws-java-sdk-bundle-1.12.262.jar with timestamp 1775488954344
[2026-04-06T15:22:34.825+0000] {subprocess.py:93} INFO - 26/04/06 15:22:34 INFO SparkContext: Added JAR file:///home/airflow/.ivy2/jars/org.wildfly.openssl_wildfly-openssl-1.0.7.Final.jar at spark://7c36fe5f1e47:41041/jars/org.wildfly.openssl_wildfly-openssl-1.0.7.Final.jar with timestamp 1775488954344
[2026-04-06T15:22:34.826+0000] {subprocess.py:93} INFO - 26/04/06 15:22:34 INFO SparkContext: Added file file:///home/airflow/.ivy2/jars/org.apache.hadoop_hadoop-aws-3.3.4.jar at spark://7c36fe5f1e47:41041/files/org.apache.hadoop_hadoop-aws-3.3.4.jar with timestamp 1775488954344
[2026-04-06T15:22:34.826+0000] {subprocess.py:93} INFO - 26/04/06 15:22:34 INFO Utils: Copying /home/airflow/.ivy2/jars/org.apache.hadoop_hadoop-aws-3.3.4.jar to /tmp/spark-f3d1786f-b665-465a-9a98-6f5f8169368c/userFiles-a0d5ca88-581e-44c0-8804-edcc44cc1ae6/org.apache.hadoop_hadoop-aws-3.3.4.jar
[2026-04-06T15:22:34.835+0000] {subprocess.py:93} INFO - 26/04/06 15:22:34 INFO SparkContext: Added file file:///home/airflow/.ivy2/jars/com.amazonaws_aws-java-sdk-bundle-1.12.262.jar at spark://7c36fe5f1e47:41041/files/com.amazonaws_aws-java-sdk-bundle-1.12.262.jar with timestamp 1775488954344
[2026-04-06T15:22:34.835+0000] {subprocess.py:93} INFO - 26/04/06 15:22:34 INFO Utils: Copying /home/airflow/.ivy2/jars/com.amazonaws_aws-java-sdk-bundle-1.12.262.jar to /tmp/spark-f3d1786f-b665-465a-9a98-6f5f8169368c/userFiles-a0d5ca88-581e-44c0-8804-edcc44cc1ae6/com.amazonaws_aws-java-sdk-bundle-1.12.262.jar
[2026-04-06T15:22:35.160+0000] {subprocess.py:93} INFO - 26/04/06 15:22:35 INFO SparkContext: Added file file:///home/airflow/.ivy2/jars/org.wildfly.openssl_wildfly-openssl-1.0.7.Final.jar at spark://7c36fe5f1e47:41041/files/org.wildfly.openssl_wildfly-openssl-1.0.7.Final.jar with timestamp 1775488954344
[2026-04-06T15:22:35.160+0000] {subprocess.py:93} INFO - 26/04/06 15:22:35 INFO Utils: Copying /home/airflow/.ivy2/jars/org.wildfly.openssl_wildfly-openssl-1.0.7.Final.jar to /tmp/spark-f3d1786f-b665-465a-9a98-6f5f8169368c/userFiles-a0d5ca88-581e-44c0-8804-edcc44cc1ae6/org.wildfly.openssl_wildfly-openssl-1.0.7.Final.jar
[2026-04-06T15:22:35.212+0000] {subprocess.py:93} INFO - 26/04/06 15:22:35 INFO StandaloneAppClient$ClientEndpoint: Connecting to master spark://spark-master:7077...
[2026-04-06T15:22:35.237+0000] {subprocess.py:93} INFO - 26/04/06 15:22:35 INFO TransportClientFactory: Successfully created connection to spark-master/172.18.0.2:7077 after 14 ms (0 ms spent in bootstraps)
[2026-04-06T15:22:35.345+0000] {subprocess.py:93} INFO - 26/04/06 15:22:35 INFO StandaloneSchedulerBackend: Connected to Spark cluster with app ID app-20260406152235-0000
[2026-04-06T15:22:35.351+0000] {subprocess.py:93} INFO - 26/04/06 15:22:35 INFO Utils: Successfully started service 'org.apache.spark.network.netty.NettyBlockTransferService' on port 42253.
[2026-04-06T15:22:35.351+0000] {subprocess.py:93} INFO - 26/04/06 15:22:35 INFO NettyBlockTransferService: Server created on 7c36fe5f1e47:42253
[2026-04-06T15:22:35.352+0000] {subprocess.py:93} INFO - 26/04/06 15:22:35 INFO BlockManager: Using org.apache.spark.storage.RandomBlockReplicationPolicy for block replication policy
[2026-04-06T15:22:35.357+0000] {subprocess.py:93} INFO - 26/04/06 15:22:35 INFO BlockManagerMaster: Registering BlockManager BlockManagerId(driver, 7c36fe5f1e47, 42253, None)
[2026-04-06T15:22:35.360+0000] {subprocess.py:93} INFO - 26/04/06 15:22:35 INFO BlockManagerMasterEndpoint: Registering block manager 7c36fe5f1e47:42253 with 434.4 MiB RAM, BlockManagerId(driver, 7c36fe5f1e47, 42253, None)
[2026-04-06T15:22:35.362+0000] {subprocess.py:93} INFO - 26/04/06 15:22:35 INFO BlockManagerMaster: Registered BlockManager BlockManagerId(driver, 7c36fe5f1e47, 42253, None)
[2026-04-06T15:22:35.365+0000] {subprocess.py:93} INFO - 26/04/06 15:22:35 INFO StandaloneAppClient$ClientEndpoint: Executor added: app-20260406152235-0000/0 on worker-20260406152221-172.18.0.5-35495 (172.18.0.5:35495) with 16 core(s)
[2026-04-06T15:22:35.365+0000] {subprocess.py:93} INFO - 26/04/06 15:22:35 INFO BlockManager: Initialized BlockManager: BlockManagerId(driver, 7c36fe5f1e47, 42253, None)
[2026-04-06T15:22:35.366+0000] {subprocess.py:93} INFO - 26/04/06 15:22:35 INFO StandaloneSchedulerBackend: Granted executor ID app-20260406152235-0000/0 on hostPort 172.18.0.5:35495 with 16 core(s), 1024.0 MiB RAM
[2026-04-06T15:22:35.492+0000] {subprocess.py:93} INFO - 26/04/06 15:22:35 INFO StandaloneAppClient$ClientEndpoint: Executor updated: app-20260406152235-0000/0 is now RUNNING
[2026-04-06T15:22:35.518+0000] {subprocess.py:93} INFO - 26/04/06 15:22:35 INFO StandaloneSchedulerBackend: SchedulerBackend is ready for scheduling beginning after reached minRegisteredResourcesRatio: 0.0
[2026-04-06T15:22:35.671+0000] {subprocess.py:93} INFO - 26/04/06 15:22:35 INFO SharedState: Setting hive.metastore.warehouse.dir ('null') to the value of spark.sql.warehouse.dir.
[2026-04-06T15:22:35.672+0000] {subprocess.py:93} INFO - 26/04/06 15:22:35 INFO SharedState: Warehouse path is 'file:/tmp/airflowtmp6gqzlavy/spark-warehouse'.
[2026-04-06T15:22:36.306+0000] {subprocess.py:93} INFO - 26/04/06 15:22:36 WARN MetricsConfig: Cannot locate configuration: tried hadoop-metrics2-s3a-file-system.properties,hadoop-metrics2.properties
[2026-04-06T15:22:36.316+0000] {subprocess.py:93} INFO - 26/04/06 15:22:36 INFO MetricsSystemImpl: Scheduled Metric snapshot period at 10 second(s).
[2026-04-06T15:22:36.319+0000] {subprocess.py:93} INFO - 26/04/06 15:22:36 INFO MetricsSystemImpl: s3a-file-system metrics system started
[2026-04-06T15:22:36.997+0000] {subprocess.py:93} INFO - 26/04/06 15:22:36 INFO InMemoryFileIndex: It took 48 ms to list leaf files for 1 paths.
[2026-04-06T15:22:37.071+0000] {subprocess.py:93} INFO - 26/04/06 15:22:37 INFO InMemoryFileIndex: It took 16 ms to list leaf files for 1 paths.
[2026-04-06T15:22:37.380+0000] {subprocess.py:93} INFO - 26/04/06 15:22:37 INFO StandaloneSchedulerBackend$StandaloneDriverEndpoint: Registered executor NettyRpcEndpointRef(spark-client://Executor) (172.18.0.5:46884) with ID 0,  ResourceProfileId 0
[2026-04-06T15:22:37.432+0000] {subprocess.py:93} INFO - 26/04/06 15:22:37 INFO BlockManagerMasterEndpoint: Registering block manager 172.18.0.5:43851 with 434.4 MiB RAM, BlockManagerId(0, 172.18.0.5, 43851, None)
[2026-04-06T15:22:38.530+0000] {subprocess.py:93} INFO - 26/04/06 15:22:38 INFO FileSourceStrategy: Pushed Filters:
[2026-04-06T15:22:38.532+0000] {subprocess.py:93} INFO - 26/04/06 15:22:38 INFO FileSourceStrategy: Post-Scan Filters: (length(trim(value#0, None)) > 0)
[2026-04-06T15:22:38.827+0000] {subprocess.py:93} INFO - 26/04/06 15:22:38 INFO CodeGenerator: Code generated in 119.830441 ms
[2026-04-06T15:22:38.861+0000] {subprocess.py:93} INFO - 26/04/06 15:22:38 INFO MemoryStore: Block broadcast_0 stored as values in memory (estimated size 203.2 KiB, free 434.2 MiB)
[2026-04-06T15:22:38.895+0000] {subprocess.py:93} INFO - 26/04/06 15:22:38 INFO MemoryStore: Block broadcast_0_piece0 stored as bytes in memory (estimated size 35.2 KiB, free 434.2 MiB)
[2026-04-06T15:22:38.901+0000] {subprocess.py:93} INFO - 26/04/06 15:22:38 INFO BlockManagerInfo: Added broadcast_0_piece0 in memory on 7c36fe5f1e47:42253 (size: 35.2 KiB, free: 434.4 MiB)
[2026-04-06T15:22:38.903+0000] {subprocess.py:93} INFO - 26/04/06 15:22:38 INFO SparkContext: Created broadcast 0 from csv at NativeMethodAccessorImpl.java:0
[2026-04-06T15:22:38.910+0000] {subprocess.py:93} INFO - 26/04/06 15:22:38 INFO FileSourceScanExec: Planning scan with bin packing, max size: 4194304 bytes, open cost is considered as scanning 4194304 bytes.
[2026-04-06T15:22:38.971+0000] {subprocess.py:93} INFO - 26/04/06 15:22:38 INFO SparkContext: Starting job: csv at NativeMethodAccessorImpl.java:0
[2026-04-06T15:22:38.982+0000] {subprocess.py:93} INFO - 26/04/06 15:22:38 INFO DAGScheduler: Got job 0 (csv at NativeMethodAccessorImpl.java:0) with 1 output partitions
[2026-04-06T15:22:38.982+0000] {subprocess.py:93} INFO - 26/04/06 15:22:38 INFO DAGScheduler: Final stage: ResultStage 0 (csv at NativeMethodAccessorImpl.java:0)
[2026-04-06T15:22:38.982+0000] {subprocess.py:93} INFO - 26/04/06 15:22:38 INFO DAGScheduler: Parents of final stage: List()
[2026-04-06T15:22:38.983+0000] {subprocess.py:93} INFO - 26/04/06 15:22:38 INFO DAGScheduler: Missing parents: List()
[2026-04-06T15:22:38.985+0000] {subprocess.py:93} INFO - 26/04/06 15:22:38 INFO DAGScheduler: Submitting ResultStage 0 (MapPartitionsRDD[3] at csv at NativeMethodAccessorImpl.java:0), which has no missing parents
[2026-04-06T15:22:39.026+0000] {subprocess.py:93} INFO - 26/04/06 15:22:39 INFO MemoryStore: Block broadcast_1 stored as values in memory (estimated size 13.5 KiB, free 434.2 MiB)
[2026-04-06T15:22:39.033+0000] {subprocess.py:93} INFO - 26/04/06 15:22:39 INFO MemoryStore: Block broadcast_1_piece0 stored as bytes in memory (estimated size 6.4 KiB, free 434.1 MiB)
[2026-04-06T15:22:39.035+0000] {subprocess.py:93} INFO - 26/04/06 15:22:39 INFO BlockManagerInfo: Added broadcast_1_piece0 in memory on 7c36fe5f1e47:42253 (size: 6.4 KiB, free: 434.4 MiB)
[2026-04-06T15:22:39.036+0000] {subprocess.py:93} INFO - 26/04/06 15:22:39 INFO SparkContext: Created broadcast 1 from broadcast at DAGScheduler.scala:1611
[2026-04-06T15:22:39.050+0000] {subprocess.py:93} INFO - 26/04/06 15:22:39 INFO DAGScheduler: Submitting 1 missing tasks from ResultStage 0 (MapPartitionsRDD[3] at csv at NativeMethodAccessorImpl.java:0) (first 15 tasks are for partitions Vector(0))
[2026-04-06T15:22:39.051+0000] {subprocess.py:93} INFO - 26/04/06 15:22:39 INFO TaskSchedulerImpl: Adding task set 0.0 with 1 tasks resource profile 0
[2026-04-06T15:22:39.994+0000] {subprocess.py:93} INFO - 26/04/06 15:22:39 INFO TaskSetManager: Starting task 0.0 in stage 0.0 (TID 0) (172.18.0.5, executor 0, partition 0, PROCESS_LOCAL, 10346 bytes)
[2026-04-06T15:22:40.113+0000] {subprocess.py:93} INFO - 26/04/06 15:22:40 INFO BlockManagerInfo: Added broadcast_1_piece0 in memory on 172.18.0.5:43851 (size: 6.4 KiB, free: 434.4 MiB)
[2026-04-06T15:22:40.608+0000] {subprocess.py:93} INFO - 26/04/06 15:22:40 INFO BlockManagerInfo: Added broadcast_0_piece0 in memory on 172.18.0.5:43851 (size: 35.2 KiB, free: 434.4 MiB)
[2026-04-06T15:22:41.290+0000] {subprocess.py:93} INFO - 26/04/06 15:22:41 INFO TaskSetManager: Finished task 0.0 in stage 0.0 (TID 0) in 1303 ms on 172.18.0.5 (executor 0) (1/1)
[2026-04-06T15:22:41.291+0000] {subprocess.py:93} INFO - 26/04/06 15:22:41 INFO TaskSchedulerImpl: Removed TaskSet 0.0, whose tasks have all completed, from pool
[2026-04-06T15:22:41.294+0000] {subprocess.py:93} INFO - 26/04/06 15:22:41 INFO DAGScheduler: ResultStage 0 (csv at NativeMethodAccessorImpl.java:0) finished in 2.303 s
[2026-04-06T15:22:41.295+0000] {subprocess.py:93} INFO - 26/04/06 15:22:41 INFO DAGScheduler: Job 0 is finished. Cancelling potential speculative or zombie tasks for this job
[2026-04-06T15:22:41.296+0000] {subprocess.py:93} INFO - 26/04/06 15:22:41 INFO TaskSchedulerImpl: Killing all running tasks in stage 0: Stage finished
[2026-04-06T15:22:41.297+0000] {subprocess.py:93} INFO - 26/04/06 15:22:41 INFO DAGScheduler: Job 0 finished: csv at NativeMethodAccessorImpl.java:0, took 2.325528 s
[2026-04-06T15:22:41.311+0000] {subprocess.py:93} INFO - 26/04/06 15:22:41 INFO CodeGenerator: Code generated in 6.725514 ms
[2026-04-06T15:22:41.335+0000] {subprocess.py:93} INFO - 26/04/06 15:22:41 INFO BlockManagerInfo: Removed broadcast_1_piece0 on 7c36fe5f1e47:42253 in memory (size: 6.4 KiB, free: 434.4 MiB)
[2026-04-06T15:22:41.340+0000] {subprocess.py:93} INFO - 26/04/06 15:22:41 INFO FileSourceStrategy: Pushed Filters:
[2026-04-06T15:22:41.340+0000] {subprocess.py:93} INFO - 26/04/06 15:22:41 INFO BlockManagerInfo: Removed broadcast_1_piece0 on 172.18.0.5:43851 in memory (size: 6.4 KiB, free: 434.4 MiB)
[2026-04-06T15:22:41.341+0000] {subprocess.py:93} INFO - 26/04/06 15:22:41 INFO FileSourceStrategy: Post-Scan Filters:
[2026-04-06T15:22:41.344+0000] {subprocess.py:93} INFO - 26/04/06 15:22:41 INFO MemoryStore: Block broadcast_2 stored as values in memory (estimated size 203.2 KiB, free 434.0 MiB)
[2026-04-06T15:22:41.351+0000] {subprocess.py:93} INFO - 26/04/06 15:22:41 INFO MemoryStore: Block broadcast_2_piece0 stored as bytes in memory (estimated size 35.2 KiB, free 433.9 MiB)
[2026-04-06T15:22:41.353+0000] {subprocess.py:93} INFO - 26/04/06 15:22:41 INFO BlockManagerInfo: Added broadcast_2_piece0 in memory on 7c36fe5f1e47:42253 (size: 35.2 KiB, free: 434.3 MiB)
[2026-04-06T15:22:41.353+0000] {subprocess.py:93} INFO - 26/04/06 15:22:41 INFO SparkContext: Created broadcast 2 from csv at NativeMethodAccessorImpl.java:0
[2026-04-06T15:22:41.354+0000] {subprocess.py:93} INFO - 26/04/06 15:22:41 INFO FileSourceScanExec: Planning scan with bin packing, max size: 4194304 bytes, open cost is considered as scanning 4194304 bytes.
[2026-04-06T15:22:41.397+0000] {subprocess.py:93} INFO - 26/04/06 15:22:41 INFO SparkContext: Starting job: csv at NativeMethodAccessorImpl.java:0
[2026-04-06T15:22:41.399+0000] {subprocess.py:93} INFO - 26/04/06 15:22:41 INFO DAGScheduler: Got job 1 (csv at NativeMethodAccessorImpl.java:0) with 1 output partitions
[2026-04-06T15:22:41.400+0000] {subprocess.py:93} INFO - 26/04/06 15:22:41 INFO DAGScheduler: Final stage: ResultStage 1 (csv at NativeMethodAccessorImpl.java:0)
[2026-04-06T15:22:41.400+0000] {subprocess.py:93} INFO - 26/04/06 15:22:41 INFO DAGScheduler: Parents of final stage: List()
[2026-04-06T15:22:41.400+0000] {subprocess.py:93} INFO - 26/04/06 15:22:41 INFO DAGScheduler: Missing parents: List()
[2026-04-06T15:22:41.400+0000] {subprocess.py:93} INFO - 26/04/06 15:22:41 INFO DAGScheduler: Submitting ResultStage 1 (MapPartitionsRDD[9] at csv at NativeMethodAccessorImpl.java:0), which has no missing parents
[2026-04-06T15:22:41.411+0000] {subprocess.py:93} INFO - 26/04/06 15:22:41 INFO MemoryStore: Block broadcast_3 stored as values in memory (estimated size 29.5 KiB, free 433.9 MiB)
[2026-04-06T15:22:41.417+0000] {subprocess.py:93} INFO - 26/04/06 15:22:41 INFO MemoryStore: Block broadcast_3_piece0 stored as bytes in memory (estimated size 13.2 KiB, free 433.9 MiB)
[2026-04-06T15:22:41.417+0000] {subprocess.py:93} INFO - 26/04/06 15:22:41 INFO BlockManagerInfo: Added broadcast_3_piece0 in memory on 7c36fe5f1e47:42253 (size: 13.2 KiB, free: 434.3 MiB)
[2026-04-06T15:22:41.418+0000] {subprocess.py:93} INFO - 26/04/06 15:22:41 INFO SparkContext: Created broadcast 3 from broadcast at DAGScheduler.scala:1611
[2026-04-06T15:22:41.418+0000] {subprocess.py:93} INFO - 26/04/06 15:22:41 INFO BlockManagerInfo: Removed broadcast_0_piece0 on 7c36fe5f1e47:42253 in memory (size: 35.2 KiB, free: 434.4 MiB)
[2026-04-06T15:22:41.418+0000] {subprocess.py:93} INFO - 26/04/06 15:22:41 INFO DAGScheduler: Submitting 1 missing tasks from ResultStage 1 (MapPartitionsRDD[9] at csv at NativeMethodAccessorImpl.java:0) (first 15 tasks are for partitions Vector(0))
[2026-04-06T15:22:41.419+0000] {subprocess.py:93} INFO - 26/04/06 15:22:41 INFO TaskSchedulerImpl: Adding task set 1.0 with 1 tasks resource profile 0
[2026-04-06T15:22:41.420+0000] {subprocess.py:93} INFO - 26/04/06 15:22:41 INFO TaskSetManager: Starting task 0.0 in stage 1.0 (TID 1) (172.18.0.5, executor 0, partition 0, PROCESS_LOCAL, 10346 bytes)
[2026-04-06T15:22:41.420+0000] {subprocess.py:93} INFO - 26/04/06 15:22:41 INFO BlockManagerInfo: Removed broadcast_0_piece0 on 172.18.0.5:43851 in memory (size: 35.2 KiB, free: 434.4 MiB)
[2026-04-06T15:22:41.441+0000] {subprocess.py:93} INFO - 26/04/06 15:22:41 INFO BlockManagerInfo: Added broadcast_3_piece0 in memory on 172.18.0.5:43851 (size: 13.2 KiB, free: 434.4 MiB)
[2026-04-06T15:22:41.962+0000] {subprocess.py:93} INFO - 26/04/06 15:22:41 INFO BlockManagerInfo: Added broadcast_2_piece0 in memory on 172.18.0.5:43851 (size: 35.2 KiB, free: 434.4 MiB)
[2026-04-06T15:22:42.277+0000] {subprocess.py:93} INFO - 26/04/06 15:22:42 INFO TaskSetManager: Finished task 0.0 in stage 1.0 (TID 1) in 857 ms on 172.18.0.5 (executor 0) (1/1)
[2026-04-06T15:22:42.278+0000] {subprocess.py:93} INFO - 26/04/06 15:22:42 INFO TaskSchedulerImpl: Removed TaskSet 1.0, whose tasks have all completed, from pool
[2026-04-06T15:22:42.278+0000] {subprocess.py:93} INFO - 26/04/06 15:22:42 INFO DAGScheduler: ResultStage 1 (csv at NativeMethodAccessorImpl.java:0) finished in 0.877 s
[2026-04-06T15:22:42.278+0000] {subprocess.py:93} INFO - 26/04/06 15:22:42 INFO DAGScheduler: Job 1 is finished. Cancelling potential speculative or zombie tasks for this job
[2026-04-06T15:22:42.278+0000] {subprocess.py:93} INFO - 26/04/06 15:22:42 INFO TaskSchedulerImpl: Killing all running tasks in stage 1: Stage finished
[2026-04-06T15:22:42.279+0000] {subprocess.py:93} INFO - 26/04/06 15:22:42 INFO DAGScheduler: Job 1 finished: csv at NativeMethodAccessorImpl.java:0, took 0.881307 s
[2026-04-06T15:22:42.437+0000] {subprocess.py:93} INFO - 26/04/06 15:22:42 INFO FileSourceStrategy: Pushed Filters:
[2026-04-06T15:22:42.437+0000] {subprocess.py:93} INFO - 26/04/06 15:22:42 INFO FileSourceStrategy: Post-Scan Filters: isnotnull(trim(observation_id#17, None))
[2026-04-06T15:22:42.535+0000] {subprocess.py:93} INFO - 26/04/06 15:22:42 INFO CodeGenerator: Code generated in 25.663899 ms
[2026-04-06T15:22:42.538+0000] {subprocess.py:93} INFO - 26/04/06 15:22:42 INFO MemoryStore: Block broadcast_4 stored as values in memory (estimated size 203.1 KiB, free 433.9 MiB)
[2026-04-06T15:22:42.546+0000] {subprocess.py:93} INFO - 26/04/06 15:22:42 INFO BlockManagerInfo: Removed broadcast_3_piece0 on 7c36fe5f1e47:42253 in memory (size: 13.2 KiB, free: 434.4 MiB)
[2026-04-06T15:22:42.548+0000] {subprocess.py:93} INFO - 26/04/06 15:22:42 INFO MemoryStore: Block broadcast_4_piece0 stored as bytes in memory (estimated size 35.2 KiB, free 433.9 MiB)
[2026-04-06T15:22:42.549+0000] {subprocess.py:93} INFO - 26/04/06 15:22:42 INFO BlockManagerInfo: Added broadcast_4_piece0 in memory on 7c36fe5f1e47:42253 (size: 35.2 KiB, free: 434.3 MiB)
[2026-04-06T15:22:42.549+0000] {subprocess.py:93} INFO - 26/04/06 15:22:42 INFO BlockManagerInfo: Removed broadcast_3_piece0 on 172.18.0.5:43851 in memory (size: 13.2 KiB, free: 434.4 MiB)
[2026-04-06T15:22:42.550+0000] {subprocess.py:93} INFO - 26/04/06 15:22:42 INFO SparkContext: Created broadcast 4 from parquet at NativeMethodAccessorImpl.java:0
[2026-04-06T15:22:42.553+0000] {subprocess.py:93} INFO - 26/04/06 15:22:42 INFO FileSourceScanExec: Planning scan with bin packing, max size: 4194304 bytes, open cost is considered as scanning 4194304 bytes.
[2026-04-06T15:22:42.572+0000] {subprocess.py:93} INFO - 26/04/06 15:22:42 INFO DAGScheduler: Registering RDD 14 (parquet at NativeMethodAccessorImpl.java:0) as input to shuffle 0
[2026-04-06T15:22:42.574+0000] {subprocess.py:93} INFO - 26/04/06 15:22:42 INFO DAGScheduler: Got map stage job 2 (parquet at NativeMethodAccessorImpl.java:0) with 1 output partitions
[2026-04-06T15:22:42.575+0000] {subprocess.py:93} INFO - 26/04/06 15:22:42 INFO DAGScheduler: Final stage: ShuffleMapStage 2 (parquet at NativeMethodAccessorImpl.java:0)
[2026-04-06T15:22:42.575+0000] {subprocess.py:93} INFO - 26/04/06 15:22:42 INFO DAGScheduler: Parents of final stage: List()
[2026-04-06T15:22:42.575+0000] {subprocess.py:93} INFO - 26/04/06 15:22:42 INFO DAGScheduler: Missing parents: List()
[2026-04-06T15:22:42.576+0000] {subprocess.py:93} INFO - 26/04/06 15:22:42 INFO DAGScheduler: Submitting ShuffleMapStage 2 (MapPartitionsRDD[14] at parquet at NativeMethodAccessorImpl.java:0), which has no missing parents
[2026-04-06T15:22:42.585+0000] {subprocess.py:93} INFO - 26/04/06 15:22:42 INFO MemoryStore: Block broadcast_5 stored as values in memory (estimated size 40.0 KiB, free 433.9 MiB)
[2026-04-06T15:22:42.589+0000] {subprocess.py:93} INFO - 26/04/06 15:22:42 INFO MemoryStore: Block broadcast_5_piece0 stored as bytes in memory (estimated size 17.8 KiB, free 433.9 MiB)
[2026-04-06T15:22:42.590+0000] {subprocess.py:93} INFO - 26/04/06 15:22:42 INFO BlockManagerInfo: Added broadcast_5_piece0 in memory on 7c36fe5f1e47:42253 (size: 17.8 KiB, free: 434.3 MiB)
[2026-04-06T15:22:42.591+0000] {subprocess.py:93} INFO - 26/04/06 15:22:42 INFO SparkContext: Created broadcast 5 from broadcast at DAGScheduler.scala:1611
[2026-04-06T15:22:42.592+0000] {subprocess.py:93} INFO - 26/04/06 15:22:42 INFO DAGScheduler: Submitting 1 missing tasks from ShuffleMapStage 2 (MapPartitionsRDD[14] at parquet at NativeMethodAccessorImpl.java:0) (first 15 tasks are for partitions Vector(0))
[2026-04-06T15:22:42.592+0000] {subprocess.py:93} INFO - 26/04/06 15:22:42 INFO TaskSchedulerImpl: Adding task set 2.0 with 1 tasks resource profile 0
[2026-04-06T15:22:42.594+0000] {subprocess.py:93} INFO - 26/04/06 15:22:42 INFO TaskSetManager: Starting task 0.0 in stage 2.0 (TID 2) (172.18.0.5, executor 0, partition 0, PROCESS_LOCAL, 10335 bytes)
[2026-04-06T15:22:42.610+0000] {subprocess.py:93} INFO - 26/04/06 15:22:42 INFO BlockManagerInfo: Added broadcast_5_piece0 in memory on 172.18.0.5:43851 (size: 17.8 KiB, free: 434.3 MiB)
[2026-04-06T15:22:42.754+0000] {subprocess.py:93} INFO - 26/04/06 15:22:42 INFO BlockManagerInfo: Added broadcast_4_piece0 in memory on 172.18.0.5:43851 (size: 35.2 KiB, free: 434.3 MiB)
[2026-04-06T15:22:43.095+0000] {subprocess.py:93} INFO - 26/04/06 15:22:43 INFO TaskSetManager: Finished task 0.0 in stage 2.0 (TID 2) in 502 ms on 172.18.0.5 (executor 0) (1/1)
[2026-04-06T15:22:43.096+0000] {subprocess.py:93} INFO - 26/04/06 15:22:43 INFO TaskSchedulerImpl: Removed TaskSet 2.0, whose tasks have all completed, from pool
[2026-04-06T15:22:43.100+0000] {subprocess.py:93} INFO - 26/04/06 15:22:43 INFO DAGScheduler: ShuffleMapStage 2 (parquet at NativeMethodAccessorImpl.java:0) finished in 0.520 s
[2026-04-06T15:22:43.100+0000] {subprocess.py:93} INFO - 26/04/06 15:22:43 INFO DAGScheduler: looking for newly runnable stages
[2026-04-06T15:22:43.102+0000] {subprocess.py:93} INFO - 26/04/06 15:22:43 INFO DAGScheduler: running: Set()
[2026-04-06T15:22:43.102+0000] {subprocess.py:93} INFO - 26/04/06 15:22:43 INFO DAGScheduler: waiting: Set()
[2026-04-06T15:22:43.103+0000] {subprocess.py:93} INFO - 26/04/06 15:22:43 INFO DAGScheduler: failed: Set()
[2026-04-06T15:22:43.115+0000] {subprocess.py:93} INFO - 26/04/06 15:22:43 INFO ShufflePartitionsUtil: For shuffle(0), advisory target size: 67108864, actual target size 1048576, minimum partition size: 1048576
[2026-04-06T15:22:43.221+0000] {subprocess.py:93} INFO - 26/04/06 15:22:43 INFO ParquetUtils: Using default output committer for Parquet: org.apache.parquet.hadoop.ParquetOutputCommitter
[2026-04-06T15:22:43.236+0000] {subprocess.py:93} INFO - 26/04/06 15:22:43 INFO FileOutputCommitter: File Output Committer Algorithm version is 1
[2026-04-06T15:22:43.236+0000] {subprocess.py:93} INFO - 26/04/06 15:22:43 INFO FileOutputCommitter: FileOutputCommitter skip cleanup _temporary folders under output directory:false, ignore cleanup failures: false
[2026-04-06T15:22:43.237+0000] {subprocess.py:93} INFO - 26/04/06 15:22:43 INFO SQLHadoopMapReduceCommitProtocol: Using user defined output committer class org.apache.parquet.hadoop.ParquetOutputCommitter
[2026-04-06T15:22:43.237+0000] {subprocess.py:93} INFO - 26/04/06 15:22:43 INFO FileOutputCommitter: File Output Committer Algorithm version is 1
[2026-04-06T15:22:43.237+0000] {subprocess.py:93} INFO - 26/04/06 15:22:43 INFO FileOutputCommitter: FileOutputCommitter skip cleanup _temporary folders under output directory:false, ignore cleanup failures: false
[2026-04-06T15:22:43.237+0000] {subprocess.py:93} INFO - 26/04/06 15:22:43 INFO SQLHadoopMapReduceCommitProtocol: Using output committer class org.apache.parquet.hadoop.ParquetOutputCommitter
[2026-04-06T15:22:43.298+0000] {subprocess.py:93} INFO - 26/04/06 15:22:43 INFO CodeGenerator: Code generated in 12.934866 ms
[2026-04-06T15:22:43.309+0000] {subprocess.py:93} INFO - 26/04/06 15:22:43 INFO CodeGenerator: Code generated in 6.992206 ms
[2026-04-06T15:22:43.323+0000] {subprocess.py:93} INFO - 26/04/06 15:22:43 INFO SparkContext: Starting job: parquet at NativeMethodAccessorImpl.java:0
[2026-04-06T15:22:43.325+0000] {subprocess.py:93} INFO - 26/04/06 15:22:43 INFO DAGScheduler: Got job 3 (parquet at NativeMethodAccessorImpl.java:0) with 1 output partitions
[2026-04-06T15:22:43.325+0000] {subprocess.py:93} INFO - 26/04/06 15:22:43 INFO DAGScheduler: Final stage: ResultStage 4 (parquet at NativeMethodAccessorImpl.java:0)
[2026-04-06T15:22:43.325+0000] {subprocess.py:93} INFO - 26/04/06 15:22:43 INFO DAGScheduler: Parents of final stage: List(ShuffleMapStage 3)
[2026-04-06T15:22:43.326+0000] {subprocess.py:93} INFO - 26/04/06 15:22:43 INFO DAGScheduler: Missing parents: List()
[2026-04-06T15:22:43.326+0000] {subprocess.py:93} INFO - 26/04/06 15:22:43 INFO DAGScheduler: Submitting ResultStage 4 (MapPartitionsRDD[19] at parquet at NativeMethodAccessorImpl.java:0), which has no missing parents
[2026-04-06T15:22:43.347+0000] {subprocess.py:93} INFO - 26/04/06 15:22:43 INFO MemoryStore: Block broadcast_6 stored as values in memory (estimated size 257.5 KiB, free 433.6 MiB)
[2026-04-06T15:22:43.352+0000] {subprocess.py:93} INFO - 26/04/06 15:22:43 INFO MemoryStore: Block broadcast_6_piece0 stored as bytes in memory (estimated size 94.3 KiB, free 433.5 MiB)
[2026-04-06T15:22:43.353+0000] {subprocess.py:93} INFO - 26/04/06 15:22:43 INFO BlockManagerInfo: Added broadcast_6_piece0 in memory on 7c36fe5f1e47:42253 (size: 94.3 KiB, free: 434.2 MiB)
[2026-04-06T15:22:43.359+0000] {subprocess.py:93} INFO - 26/04/06 15:22:43 INFO BlockManagerInfo: Removed broadcast_2_piece0 on 7c36fe5f1e47:42253 in memory (size: 35.2 KiB, free: 434.3 MiB)
[2026-04-06T15:22:43.360+0000] {subprocess.py:93} INFO - 26/04/06 15:22:43 INFO SparkContext: Created broadcast 6 from broadcast at DAGScheduler.scala:1611
[2026-04-06T15:22:43.360+0000] {subprocess.py:93} INFO - 26/04/06 15:22:43 INFO DAGScheduler: Submitting 1 missing tasks from ResultStage 4 (MapPartitionsRDD[19] at parquet at NativeMethodAccessorImpl.java:0) (first 15 tasks are for partitions Vector(0))
[2026-04-06T15:22:43.361+0000] {subprocess.py:93} INFO - 26/04/06 15:22:43 INFO TaskSchedulerImpl: Adding task set 4.0 with 1 tasks resource profile 0
[2026-04-06T15:22:43.361+0000] {subprocess.py:93} INFO - 26/04/06 15:22:43 INFO BlockManagerInfo: Removed broadcast_2_piece0 on 172.18.0.5:43851 in memory (size: 35.2 KiB, free: 434.3 MiB)
[2026-04-06T15:22:43.361+0000] {subprocess.py:93} INFO - 26/04/06 15:22:43 INFO TaskSetManager: Starting task 0.0 in stage 4.0 (TID 3) (172.18.0.5, executor 0, partition 0, NODE_LOCAL, 9733 bytes)
[2026-04-06T15:22:43.361+0000] {subprocess.py:93} INFO - 26/04/06 15:22:43 INFO BlockManagerInfo: Removed broadcast_5_piece0 on 7c36fe5f1e47:42253 in memory (size: 17.8 KiB, free: 434.3 MiB)
[2026-04-06T15:22:43.364+0000] {subprocess.py:93} INFO - 26/04/06 15:22:43 INFO BlockManagerInfo: Removed broadcast_5_piece0 on 172.18.0.5:43851 in memory (size: 17.8 KiB, free: 434.4 MiB)
[2026-04-06T15:22:43.373+0000] {subprocess.py:93} INFO - 26/04/06 15:22:43 INFO BlockManagerInfo: Added broadcast_6_piece0 in memory on 172.18.0.5:43851 (size: 94.3 KiB, free: 434.3 MiB)
[2026-04-06T15:22:43.417+0000] {subprocess.py:93} INFO - 26/04/06 15:22:43 INFO MapOutputTrackerMasterEndpoint: Asked to send map output locations for shuffle 0 to 172.18.0.5:46884
[2026-04-06T15:22:44.179+0000] {subprocess.py:93} INFO - 26/04/06 15:22:44 INFO TaskSetManager: Finished task 0.0 in stage 4.0 (TID 3) in 821 ms on 172.18.0.5 (executor 0) (1/1)
[2026-04-06T15:22:44.179+0000] {subprocess.py:93} INFO - 26/04/06 15:22:44 INFO TaskSchedulerImpl: Removed TaskSet 4.0, whose tasks have all completed, from pool
[2026-04-06T15:22:44.179+0000] {subprocess.py:93} INFO - 26/04/06 15:22:44 INFO DAGScheduler: ResultStage 4 (parquet at NativeMethodAccessorImpl.java:0) finished in 0.844 s
[2026-04-06T15:22:44.180+0000] {subprocess.py:93} INFO - 26/04/06 15:22:44 INFO DAGScheduler: Job 3 is finished. Cancelling potential speculative or zombie tasks for this job
[2026-04-06T15:22:44.180+0000] {subprocess.py:93} INFO - 26/04/06 15:22:44 INFO TaskSchedulerImpl: Killing all running tasks in stage 4: Stage finished
[2026-04-06T15:22:44.180+0000] {subprocess.py:93} INFO - 26/04/06 15:22:44 INFO DAGScheduler: Job 3 finished: parquet at NativeMethodAccessorImpl.java:0, took 0.856764 s
[2026-04-06T15:22:44.181+0000] {subprocess.py:93} INFO - 26/04/06 15:22:44 INFO FileFormatWriter: Start to commit write Job 5453c273-79ce-43f2-9eb8-3063bfda6782.
[2026-04-06T15:22:44.299+0000] {subprocess.py:93} INFO - 26/04/06 15:22:44 INFO FileFormatWriter: Write Job 5453c273-79ce-43f2-9eb8-3063bfda6782 committed. Elapsed time: 116 ms.
[2026-04-06T15:22:44.301+0000] {subprocess.py:93} INFO - 26/04/06 15:22:44 INFO FileFormatWriter: Finished processing stats for write job 5453c273-79ce-43f2-9eb8-3063bfda6782.
[2026-04-06T15:22:44.302+0000] {subprocess.py:93} INFO - Observations Bronze -> Silver completed successfully.
[2026-04-06T15:22:44.303+0000] {subprocess.py:93} INFO - 26/04/06 15:22:44 INFO SparkContext: SparkContext is stopping with exitCode 0.
[2026-04-06T15:22:44.308+0000] {subprocess.py:93} INFO - 26/04/06 15:22:44 INFO SparkUI: Stopped Spark web UI at http://7c36fe5f1e47:4042
[2026-04-06T15:22:44.310+0000] {subprocess.py:93} INFO - 26/04/06 15:22:44 INFO StandaloneSchedulerBackend: Shutting down all executors
[2026-04-06T15:22:44.311+0000] {subprocess.py:93} INFO - 26/04/06 15:22:44 INFO StandaloneSchedulerBackend$StandaloneDriverEndpoint: Asking each executor to shut down
[2026-04-06T15:22:44.318+0000] {subprocess.py:93} INFO - 26/04/06 15:22:44 INFO MapOutputTrackerMasterEndpoint: MapOutputTrackerMasterEndpoint stopped!
[2026-04-06T15:22:44.331+0000] {subprocess.py:93} INFO - 26/04/06 15:22:44 INFO MemoryStore: MemoryStore cleared
[2026-04-06T15:22:44.332+0000] {subprocess.py:93} INFO - 26/04/06 15:22:44 INFO BlockManager: BlockManager stopped
[2026-04-06T15:22:44.334+0000] {subprocess.py:93} INFO - 26/04/06 15:22:44 INFO BlockManagerMaster: BlockManagerMaster stopped
[2026-04-06T15:22:44.336+0000] {subprocess.py:93} INFO - 26/04/06 15:22:44 INFO OutputCommitCoordinator$OutputCommitCoordinatorEndpoint: OutputCommitCoordinator stopped!
[2026-04-06T15:22:44.427+0000] {subprocess.py:93} INFO - 26/04/06 15:22:44 INFO SparkContext: Successfully stopped SparkContext
[2026-04-06T15:22:44.583+0000] {subprocess.py:93} INFO - 26/04/06 15:22:44 INFO ShutdownHookManager: Shutdown hook called
[2026-04-06T15:22:44.584+0000] {subprocess.py:93} INFO - 26/04/06 15:22:44 INFO ShutdownHookManager: Deleting directory /tmp/spark-f3d1786f-b665-465a-9a98-6f5f8169368c
[2026-04-06T15:22:44.589+0000] {subprocess.py:93} INFO - 26/04/06 15:22:44 INFO ShutdownHookManager: Deleting directory /tmp/spark-675ab7cb-f232-45b0-9329-4a1a69004d18
[2026-04-06T15:22:44.593+0000] {subprocess.py:93} INFO - 26/04/06 15:22:44 INFO ShutdownHookManager: Deleting directory /tmp/spark-f3d1786f-b665-465a-9a98-6f5f8169368c/pyspark-6639e683-1a6e-433d-aa90-cbc91ec8ae2b
[2026-04-06T15:22:44.600+0000] {subprocess.py:93} INFO - 26/04/06 15:22:44 INFO MetricsSystemImpl: Stopping s3a-file-system metrics system...
[2026-04-06T15:22:44.600+0000] {subprocess.py:93} INFO - 26/04/06 15:22:44 INFO MetricsSystemImpl: s3a-file-system metrics system stopped.
[2026-04-06T15:22:44.600+0000] {subprocess.py:93} INFO - 26/04/06 15:22:44 INFO MetricsSystemImpl: s3a-file-system metrics system shutdown complete.
[2026-04-06T15:22:44.677+0000] {subprocess.py:97} INFO - Command exited with return code 0
[2026-04-06T15:22:44.703+0000] {taskinstance.py:1149} INFO - Marking task as SUCCESS. dag_id=bronze_to_silver_and_gold, task_id=run_observations_silver, execution_date=20260406T152230, start_date=20260406T152231, end_date=20260406T152244
[2026-04-06T15:22:44.737+0000] {local_task_job_runner.py:234} INFO - Task exited with return code 0
[2026-04-06T15:22:44.754+0000] {taskinstance.py:3312} INFO - 0 downstream tasks scheduled from follow-on schedule check
