[2026-04-06T15:17:28.023+0000] {taskinstance.py:1979} INFO - Dependencies all met for dep_context=non-requeueable deps ti=<TaskInstance: bronze_to_silver_and_gold.run_patients_silver manual__2026-04-06T15:17:27.378872+00:00 [queued]>
[2026-04-06T15:17:28.029+0000] {taskinstance.py:1979} INFO - Dependencies all met for dep_context=requeueable deps ti=<TaskInstance: bronze_to_silver_and_gold.run_patients_silver manual__2026-04-06T15:17:27.378872+00:00 [queued]>
[2026-04-06T15:17:28.029+0000] {taskinstance.py:2193} INFO - Starting attempt 1 of 1
[2026-04-06T15:17:28.040+0000] {taskinstance.py:2217} INFO - Executing <Task(BashOperator): run_patients_silver> on 2026-04-06 15:17:27.378872+00:00
[2026-04-06T15:17:28.044+0000] {standard_task_runner.py:60} INFO - Started process 188 to run task
[2026-04-06T15:17:28.049+0000] {standard_task_runner.py:87} INFO - Running: ['airflow', 'tasks', 'run', 'bronze_to_silver_and_gold', 'run_patients_silver', 'manual__2026-04-06T15:17:27.378872+00:00', '--job-id', '30', '--raw', '--subdir', 'DAGS_FOLDER/bronze_to_silver_dag.py', '--cfg-path', '/tmp/tmpljaumf8e']
[2026-04-06T15:17:28.051+0000] {standard_task_runner.py:88} INFO - Job 30: Subtask run_patients_silver
[2026-04-06T15:17:28.099+0000] {task_command.py:423} INFO - Running <TaskInstance: bronze_to_silver_and_gold.run_patients_silver manual__2026-04-06T15:17:27.378872+00:00 [running]> on host 7c36fe5f1e47
[2026-04-06T15:17:28.166+0000] {taskinstance.py:2513} INFO - Exporting env vars: AIRFLOW_CTX_DAG_OWNER='airflow' AIRFLOW_CTX_DAG_ID='bronze_to_silver_and_gold' AIRFLOW_CTX_TASK_ID='run_patients_silver' AIRFLOW_CTX_EXECUTION_DATE='2026-04-06T15:17:27.378872+00:00' AIRFLOW_CTX_TRY_NUMBER='1' AIRFLOW_CTX_DAG_RUN_ID='manual__2026-04-06T15:17:27.378872+00:00'
[2026-04-06T15:17:28.166+0000] {subprocess.py:63} INFO - Tmp dir root location: /tmp
[2026-04-06T15:17:28.168+0000] {subprocess.py:75} INFO - Running command: ['/usr/bin/bash', '-c', '\n/opt/spark/bin/spark-submit \\\n  --master spark://spark-master:7077 \\\n  --packages org.apache.hadoop:hadoop-aws:3.3.4,com.amazonaws:aws-java-sdk-bundle:1.12.262 \\\n  --conf spark.hadoop.fs.s3a.endpoint=http://minio:9000 \\\n  --conf spark.hadoop.fs.s3a.access.key=minioadmin \\\n  --conf spark.hadoop.fs.s3a.secret.key=minioadmin \\\n  --conf spark.hadoop.fs.s3a.path.style.access=true \\\n  --conf spark.hadoop.fs.s3a.impl=org.apache.hadoop.fs.s3a.S3AFileSystem \\\n  /opt/airflow/spark/jobs/bronze_to_silver_patients.py']
[2026-04-06T15:17:28.177+0000] {subprocess.py:86} INFO - Output:
[2026-04-06T15:17:29.311+0000] {subprocess.py:93} INFO - :: loading settings :: url = jar:file:/opt/spark-3.5.6-bin-hadoop3/jars/ivy-2.5.1.jar!/org/apache/ivy/core/settings/ivysettings.xml
[2026-04-06T15:17:29.369+0000] {subprocess.py:93} INFO - Ivy Default Cache set to: /home/airflow/.ivy2/cache
[2026-04-06T15:17:29.372+0000] {subprocess.py:93} INFO - The jars for the packages stored in: /home/airflow/.ivy2/jars
[2026-04-06T15:17:29.374+0000] {subprocess.py:93} INFO - org.apache.hadoop#hadoop-aws added as a dependency
[2026-04-06T15:17:29.374+0000] {subprocess.py:93} INFO - com.amazonaws#aws-java-sdk-bundle added as a dependency
[2026-04-06T15:17:29.375+0000] {subprocess.py:93} INFO - :: resolving dependencies :: org.apache.spark#spark-submit-parent-b711d9e8-8cb4-4231-9993-100f8797502b;1.0
[2026-04-06T15:17:29.375+0000] {subprocess.py:93} INFO - 	confs: [default]
[2026-04-06T15:17:29.512+0000] {subprocess.py:93} INFO - 	found org.apache.hadoop#hadoop-aws;3.3.4 in central
[2026-04-06T15:17:29.534+0000] {subprocess.py:93} INFO - 	found com.amazonaws#aws-java-sdk-bundle;1.12.262 in central
[2026-04-06T15:17:29.556+0000] {subprocess.py:93} INFO - 	found org.wildfly.openssl#wildfly-openssl;1.0.7.Final in central
[2026-04-06T15:17:29.581+0000] {subprocess.py:93} INFO - :: resolution report :: resolve 195ms :: artifacts dl 10ms
[2026-04-06T15:17:29.581+0000] {subprocess.py:93} INFO - 	:: modules in use:
[2026-04-06T15:17:29.582+0000] {subprocess.py:93} INFO - 	com.amazonaws#aws-java-sdk-bundle;1.12.262 from central in [default]
[2026-04-06T15:17:29.582+0000] {subprocess.py:93} INFO - 	org.apache.hadoop#hadoop-aws;3.3.4 from central in [default]
[2026-04-06T15:17:29.582+0000] {subprocess.py:93} INFO - 	org.wildfly.openssl#wildfly-openssl;1.0.7.Final from central in [default]
[2026-04-06T15:17:29.583+0000] {subprocess.py:93} INFO - 	---------------------------------------------------------------------
[2026-04-06T15:17:29.583+0000] {subprocess.py:93} INFO - 	|                  |            modules            ||   artifacts   |
[2026-04-06T15:17:29.583+0000] {subprocess.py:93} INFO - 	|       conf       | number| search|dwnlded|evicted|| number|dwnlded|
[2026-04-06T15:17:29.583+0000] {subprocess.py:93} INFO - 	---------------------------------------------------------------------
[2026-04-06T15:17:29.584+0000] {subprocess.py:93} INFO - 	|      default     |   3   |   0   |   0   |   0   ||   3   |   0   |
[2026-04-06T15:17:29.584+0000] {subprocess.py:93} INFO - 	---------------------------------------------------------------------
[2026-04-06T15:17:29.587+0000] {subprocess.py:93} INFO - :: retrieving :: org.apache.spark#spark-submit-parent-b711d9e8-8cb4-4231-9993-100f8797502b
[2026-04-06T15:17:29.587+0000] {subprocess.py:93} INFO - 	confs: [default]
[2026-04-06T15:17:29.594+0000] {subprocess.py:93} INFO - 	0 artifacts copied, 3 already retrieved (0kB/7ms)
[2026-04-06T15:17:29.736+0000] {subprocess.py:93} INFO - 26/04/06 15:17:29 WARN NativeCodeLoader: Unable to load native-hadoop library for your platform... using builtin-java classes where applicable
[2026-04-06T15:17:30.441+0000] {subprocess.py:93} INFO - 26/04/06 15:17:30 INFO SparkContext: Running Spark version 3.5.6
[2026-04-06T15:17:30.442+0000] {subprocess.py:93} INFO - 26/04/06 15:17:30 INFO SparkContext: OS info Linux, 6.6.87.2-microsoft-standard-WSL2, amd64
[2026-04-06T15:17:30.444+0000] {subprocess.py:93} INFO - 26/04/06 15:17:30 INFO SparkContext: Java version 17.0.18
[2026-04-06T15:17:30.459+0000] {subprocess.py:93} INFO - 26/04/06 15:17:30 INFO ResourceUtils: ==============================================================
[2026-04-06T15:17:30.460+0000] {subprocess.py:93} INFO - 26/04/06 15:17:30 INFO ResourceUtils: No custom resources configured for spark.driver.
[2026-04-06T15:17:30.460+0000] {subprocess.py:93} INFO - 26/04/06 15:17:30 INFO ResourceUtils: ==============================================================
[2026-04-06T15:17:30.460+0000] {subprocess.py:93} INFO - 26/04/06 15:17:30 INFO SparkContext: Submitted application: bronze_to_silver_patients
[2026-04-06T15:17:30.478+0000] {subprocess.py:93} INFO - 26/04/06 15:17:30 INFO ResourceProfile: Default ResourceProfile created, executor resources: Map(memory -> name: memory, amount: 1024, script: , vendor: , offHeap -> name: offHeap, amount: 0, script: , vendor: ), task resources: Map(cpus -> name: cpus, amount: 1.0)
[2026-04-06T15:17:30.484+0000] {subprocess.py:93} INFO - 26/04/06 15:17:30 INFO ResourceProfile: Limiting resource is cpu
[2026-04-06T15:17:30.485+0000] {subprocess.py:93} INFO - 26/04/06 15:17:30 INFO ResourceProfileManager: Added ResourceProfile id: 0
[2026-04-06T15:17:30.529+0000] {subprocess.py:93} INFO - 26/04/06 15:17:30 INFO SecurityManager: Changing view acls to: airflow
[2026-04-06T15:17:30.530+0000] {subprocess.py:93} INFO - 26/04/06 15:17:30 INFO SecurityManager: Changing modify acls to: airflow
[2026-04-06T15:17:30.530+0000] {subprocess.py:93} INFO - 26/04/06 15:17:30 INFO SecurityManager: Changing view acls groups to:
[2026-04-06T15:17:30.530+0000] {subprocess.py:93} INFO - 26/04/06 15:17:30 INFO SecurityManager: Changing modify acls groups to:
[2026-04-06T15:17:30.531+0000] {subprocess.py:93} INFO - 26/04/06 15:17:30 INFO SecurityManager: SecurityManager: authentication disabled; ui acls disabled; users with view permissions: airflow; groups with view permissions: EMPTY; users with modify permissions: airflow; groups with modify permissions: EMPTY
[2026-04-06T15:17:30.669+0000] {subprocess.py:93} INFO - 26/04/06 15:17:30 INFO Utils: Successfully started service 'sparkDriver' on port 33927.
[2026-04-06T15:17:30.689+0000] {subprocess.py:93} INFO - 26/04/06 15:17:30 INFO SparkEnv: Registering MapOutputTracker
[2026-04-06T15:17:30.721+0000] {subprocess.py:93} INFO - 26/04/06 15:17:30 INFO SparkEnv: Registering BlockManagerMaster
[2026-04-06T15:17:30.731+0000] {subprocess.py:93} INFO - 26/04/06 15:17:30 INFO BlockManagerMasterEndpoint: Using org.apache.spark.storage.DefaultTopologyMapper for getting topology information
[2026-04-06T15:17:30.731+0000] {subprocess.py:93} INFO - 26/04/06 15:17:30 INFO BlockManagerMasterEndpoint: BlockManagerMasterEndpoint up
[2026-04-06T15:17:30.733+0000] {subprocess.py:93} INFO - 26/04/06 15:17:30 INFO SparkEnv: Registering BlockManagerMasterHeartbeat
[2026-04-06T15:17:30.745+0000] {subprocess.py:93} INFO - 26/04/06 15:17:30 INFO DiskBlockManager: Created local directory at /tmp/blockmgr-5d6b9a1d-1ab1-4263-9a66-39b046b85f1a
[2026-04-06T15:17:30.754+0000] {subprocess.py:93} INFO - 26/04/06 15:17:30 INFO MemoryStore: MemoryStore started with capacity 434.4 MiB
[2026-04-06T15:17:30.762+0000] {subprocess.py:93} INFO - 26/04/06 15:17:30 INFO SparkEnv: Registering OutputCommitCoordinator
[2026-04-06T15:17:30.841+0000] {subprocess.py:93} INFO - 26/04/06 15:17:30 INFO JettyUtils: Start Jetty 0.0.0.0:4040 for SparkUI
[2026-04-06T15:17:30.875+0000] {subprocess.py:93} INFO - 26/04/06 15:17:30 WARN Utils: Service 'SparkUI' could not bind on port 4040. Attempting port 4041.
[2026-04-06T15:17:30.875+0000] {subprocess.py:93} INFO - 26/04/06 15:17:30 WARN Utils: Service 'SparkUI' could not bind on port 4041. Attempting port 4042.
[2026-04-06T15:17:30.883+0000] {subprocess.py:93} INFO - 26/04/06 15:17:30 INFO Utils: Successfully started service 'SparkUI' on port 4042.
[2026-04-06T15:17:30.912+0000] {subprocess.py:93} INFO - 26/04/06 15:17:30 INFO SparkContext: Added JAR file:///home/airflow/.ivy2/jars/org.apache.hadoop_hadoop-aws-3.3.4.jar at spark://7c36fe5f1e47:33927/jars/org.apache.hadoop_hadoop-aws-3.3.4.jar with timestamp 1775488650436
[2026-04-06T15:17:30.916+0000] {subprocess.py:93} INFO - 26/04/06 15:17:30 INFO SparkContext: Added JAR file:///home/airflow/.ivy2/jars/com.amazonaws_aws-java-sdk-bundle-1.12.262.jar at spark://7c36fe5f1e47:33927/jars/com.amazonaws_aws-java-sdk-bundle-1.12.262.jar with timestamp 1775488650436
[2026-04-06T15:17:30.916+0000] {subprocess.py:93} INFO - 26/04/06 15:17:30 INFO SparkContext: Added JAR file:///home/airflow/.ivy2/jars/org.wildfly.openssl_wildfly-openssl-1.0.7.Final.jar at spark://7c36fe5f1e47:33927/jars/org.wildfly.openssl_wildfly-openssl-1.0.7.Final.jar with timestamp 1775488650436
[2026-04-06T15:17:30.917+0000] {subprocess.py:93} INFO - 26/04/06 15:17:30 INFO SparkContext: Added file file:///home/airflow/.ivy2/jars/org.apache.hadoop_hadoop-aws-3.3.4.jar at spark://7c36fe5f1e47:33927/files/org.apache.hadoop_hadoop-aws-3.3.4.jar with timestamp 1775488650436
[2026-04-06T15:17:30.917+0000] {subprocess.py:93} INFO - 26/04/06 15:17:30 INFO Utils: Copying /home/airflow/.ivy2/jars/org.apache.hadoop_hadoop-aws-3.3.4.jar to /tmp/spark-5c79b26d-6c6f-4560-823d-ac8dc371948e/userFiles-1dddd05a-b912-4d00-934f-792491e31dc3/org.apache.hadoop_hadoop-aws-3.3.4.jar
[2026-04-06T15:17:30.925+0000] {subprocess.py:93} INFO - 26/04/06 15:17:30 INFO SparkContext: Added file file:///home/airflow/.ivy2/jars/com.amazonaws_aws-java-sdk-bundle-1.12.262.jar at spark://7c36fe5f1e47:33927/files/com.amazonaws_aws-java-sdk-bundle-1.12.262.jar with timestamp 1775488650436
[2026-04-06T15:17:30.925+0000] {subprocess.py:93} INFO - 26/04/06 15:17:30 INFO Utils: Copying /home/airflow/.ivy2/jars/com.amazonaws_aws-java-sdk-bundle-1.12.262.jar to /tmp/spark-5c79b26d-6c6f-4560-823d-ac8dc371948e/userFiles-1dddd05a-b912-4d00-934f-792491e31dc3/com.amazonaws_aws-java-sdk-bundle-1.12.262.jar
[2026-04-06T15:17:31.250+0000] {subprocess.py:93} INFO - 26/04/06 15:17:31 INFO SparkContext: Added file file:///home/airflow/.ivy2/jars/org.wildfly.openssl_wildfly-openssl-1.0.7.Final.jar at spark://7c36fe5f1e47:33927/files/org.wildfly.openssl_wildfly-openssl-1.0.7.Final.jar with timestamp 1775488650436
[2026-04-06T15:17:31.251+0000] {subprocess.py:93} INFO - 26/04/06 15:17:31 INFO Utils: Copying /home/airflow/.ivy2/jars/org.wildfly.openssl_wildfly-openssl-1.0.7.Final.jar to /tmp/spark-5c79b26d-6c6f-4560-823d-ac8dc371948e/userFiles-1dddd05a-b912-4d00-934f-792491e31dc3/org.wildfly.openssl_wildfly-openssl-1.0.7.Final.jar
[2026-04-06T15:17:31.307+0000] {subprocess.py:93} INFO - 26/04/06 15:17:31 INFO StandaloneAppClient$ClientEndpoint: Connecting to master spark://spark-master:7077...
[2026-04-06T15:17:31.337+0000] {subprocess.py:93} INFO - 26/04/06 15:17:31 INFO TransportClientFactory: Successfully created connection to spark-master/172.18.0.3:7077 after 18 ms (0 ms spent in bootstraps)
[2026-04-06T15:17:31.485+0000] {subprocess.py:93} INFO - 26/04/06 15:17:31 INFO StandaloneSchedulerBackend: Connected to Spark cluster with app ID app-20260406151731-0002
[2026-04-06T15:17:31.493+0000] {subprocess.py:93} INFO - 26/04/06 15:17:31 INFO Utils: Successfully started service 'org.apache.spark.network.netty.NettyBlockTransferService' on port 45505.
[2026-04-06T15:17:31.494+0000] {subprocess.py:93} INFO - 26/04/06 15:17:31 INFO NettyBlockTransferService: Server created on 7c36fe5f1e47:45505
[2026-04-06T15:17:31.495+0000] {subprocess.py:93} INFO - 26/04/06 15:17:31 INFO BlockManager: Using org.apache.spark.storage.RandomBlockReplicationPolicy for block replication policy
[2026-04-06T15:17:31.501+0000] {subprocess.py:93} INFO - 26/04/06 15:17:31 INFO BlockManagerMaster: Registering BlockManager BlockManagerId(driver, 7c36fe5f1e47, 45505, None)
[2026-04-06T15:17:31.504+0000] {subprocess.py:93} INFO - 26/04/06 15:17:31 INFO BlockManagerMasterEndpoint: Registering block manager 7c36fe5f1e47:45505 with 434.4 MiB RAM, BlockManagerId(driver, 7c36fe5f1e47, 45505, None)
[2026-04-06T15:17:31.508+0000] {subprocess.py:93} INFO - 26/04/06 15:17:31 INFO BlockManagerMaster: Registered BlockManager BlockManagerId(driver, 7c36fe5f1e47, 45505, None)
[2026-04-06T15:17:31.508+0000] {subprocess.py:93} INFO - 26/04/06 15:17:31 INFO BlockManager: Initialized BlockManager: BlockManagerId(driver, 7c36fe5f1e47, 45505, None)
[2026-04-06T15:17:31.669+0000] {subprocess.py:93} INFO - 26/04/06 15:17:31 INFO StandaloneSchedulerBackend: SchedulerBackend is ready for scheduling beginning after reached minRegisteredResourcesRatio: 0.0
[2026-04-06T15:17:31.822+0000] {subprocess.py:93} INFO - 26/04/06 15:17:31 INFO SharedState: Setting hive.metastore.warehouse.dir ('null') to the value of spark.sql.warehouse.dir.
[2026-04-06T15:17:31.823+0000] {subprocess.py:93} INFO - 26/04/06 15:17:31 INFO SharedState: Warehouse path is 'file:/tmp/airflowtmpac4m6x0z/spark-warehouse'.
[2026-04-06T15:17:32.447+0000] {subprocess.py:93} INFO - 26/04/06 15:17:32 WARN MetricsConfig: Cannot locate configuration: tried hadoop-metrics2-s3a-file-system.properties,hadoop-metrics2.properties
[2026-04-06T15:17:32.458+0000] {subprocess.py:93} INFO - 26/04/06 15:17:32 INFO MetricsSystemImpl: Scheduled Metric snapshot period at 10 second(s).
[2026-04-06T15:17:32.458+0000] {subprocess.py:93} INFO - 26/04/06 15:17:32 INFO MetricsSystemImpl: s3a-file-system metrics system started
[2026-04-06T15:17:33.182+0000] {subprocess.py:93} INFO - 26/04/06 15:17:33 INFO InMemoryFileIndex: It took 67 ms to list leaf files for 1 paths.
[2026-04-06T15:17:33.285+0000] {subprocess.py:93} INFO - 26/04/06 15:17:33 INFO InMemoryFileIndex: It took 14 ms to list leaf files for 1 paths.
[2026-04-06T15:17:34.875+0000] {subprocess.py:93} INFO - 26/04/06 15:17:34 INFO FileSourceStrategy: Pushed Filters:
[2026-04-06T15:17:34.877+0000] {subprocess.py:93} INFO - 26/04/06 15:17:34 INFO FileSourceStrategy: Post-Scan Filters: (length(trim(value#0, None)) > 0)
[2026-04-06T15:17:35.192+0000] {subprocess.py:93} INFO - 26/04/06 15:17:35 INFO CodeGenerator: Code generated in 125.573924 ms
[2026-04-06T15:17:35.242+0000] {subprocess.py:93} INFO - 26/04/06 15:17:35 INFO MemoryStore: Block broadcast_0 stored as values in memory (estimated size 203.2 KiB, free 434.2 MiB)
[2026-04-06T15:17:35.284+0000] {subprocess.py:93} INFO - 26/04/06 15:17:35 INFO MemoryStore: Block broadcast_0_piece0 stored as bytes in memory (estimated size 35.2 KiB, free 434.2 MiB)
[2026-04-06T15:17:35.289+0000] {subprocess.py:93} INFO - 26/04/06 15:17:35 INFO BlockManagerInfo: Added broadcast_0_piece0 in memory on 7c36fe5f1e47:45505 (size: 35.2 KiB, free: 434.4 MiB)
[2026-04-06T15:17:35.292+0000] {subprocess.py:93} INFO - 26/04/06 15:17:35 INFO SparkContext: Created broadcast 0 from csv at NativeMethodAccessorImpl.java:0
[2026-04-06T15:17:35.301+0000] {subprocess.py:93} INFO - 26/04/06 15:17:35 INFO FileSourceScanExec: Planning scan with bin packing, max size: 4194304 bytes, open cost is considered as scanning 4194304 bytes.
[2026-04-06T15:17:35.369+0000] {subprocess.py:93} INFO - 26/04/06 15:17:35 INFO SparkContext: Starting job: csv at NativeMethodAccessorImpl.java:0
[2026-04-06T15:17:35.379+0000] {subprocess.py:93} INFO - 26/04/06 15:17:35 INFO DAGScheduler: Got job 0 (csv at NativeMethodAccessorImpl.java:0) with 1 output partitions
[2026-04-06T15:17:35.384+0000] {subprocess.py:93} INFO - 26/04/06 15:17:35 INFO DAGScheduler: Final stage: ResultStage 0 (csv at NativeMethodAccessorImpl.java:0)
[2026-04-06T15:17:35.384+0000] {subprocess.py:93} INFO - 26/04/06 15:17:35 INFO DAGScheduler: Parents of final stage: List()
[2026-04-06T15:17:35.385+0000] {subprocess.py:93} INFO - 26/04/06 15:17:35 INFO DAGScheduler: Missing parents: List()
[2026-04-06T15:17:35.385+0000] {subprocess.py:93} INFO - 26/04/06 15:17:35 INFO DAGScheduler: Submitting ResultStage 0 (MapPartitionsRDD[3] at csv at NativeMethodAccessorImpl.java:0), which has no missing parents
[2026-04-06T15:17:35.430+0000] {subprocess.py:93} INFO - 26/04/06 15:17:35 INFO MemoryStore: Block broadcast_1 stored as values in memory (estimated size 13.5 KiB, free 434.2 MiB)
[2026-04-06T15:17:35.435+0000] {subprocess.py:93} INFO - 26/04/06 15:17:35 INFO MemoryStore: Block broadcast_1_piece0 stored as bytes in memory (estimated size 6.4 KiB, free 434.1 MiB)
[2026-04-06T15:17:35.436+0000] {subprocess.py:93} INFO - 26/04/06 15:17:35 INFO BlockManagerInfo: Added broadcast_1_piece0 in memory on 7c36fe5f1e47:45505 (size: 6.4 KiB, free: 434.4 MiB)
[2026-04-06T15:17:35.436+0000] {subprocess.py:93} INFO - 26/04/06 15:17:35 INFO SparkContext: Created broadcast 1 from broadcast at DAGScheduler.scala:1611
[2026-04-06T15:17:35.448+0000] {subprocess.py:93} INFO - 26/04/06 15:17:35 INFO DAGScheduler: Submitting 1 missing tasks from ResultStage 0 (MapPartitionsRDD[3] at csv at NativeMethodAccessorImpl.java:0) (first 15 tasks are for partitions Vector(0))
[2026-04-06T15:17:35.449+0000] {subprocess.py:93} INFO - 26/04/06 15:17:35 INFO TaskSchedulerImpl: Adding task set 0.0 with 1 tasks resource profile 0
[2026-04-06T15:17:48.049+0000] {subprocess.py:93} INFO - 26/04/06 15:17:48 INFO StandaloneAppClient$ClientEndpoint: Executor added: app-20260406151731-0002/0 on worker-20260406151713-172.18.0.6-42353 (172.18.0.6:42353) with 16 core(s)
[2026-04-06T15:17:48.050+0000] {subprocess.py:93} INFO - 26/04/06 15:17:48 INFO StandaloneSchedulerBackend: Granted executor ID app-20260406151731-0002/0 on hostPort 172.18.0.6:42353 with 16 core(s), 1024.0 MiB RAM
[2026-04-06T15:17:48.076+0000] {subprocess.py:93} INFO - 26/04/06 15:17:48 INFO StandaloneAppClient$ClientEndpoint: Executor updated: app-20260406151731-0002/0 is now RUNNING
[2026-04-06T15:17:49.433+0000] {subprocess.py:93} INFO - 26/04/06 15:17:49 INFO StandaloneSchedulerBackend$StandaloneDriverEndpoint: Registered executor NettyRpcEndpointRef(spark-client://Executor) (172.18.0.6:42590) with ID 0,  ResourceProfileId 0
[2026-04-06T15:17:49.472+0000] {subprocess.py:93} INFO - 26/04/06 15:17:49 INFO BlockManagerMasterEndpoint: Registering block manager 172.18.0.6:39537 with 434.4 MiB RAM, BlockManagerId(0, 172.18.0.6, 39537, None)
[2026-04-06T15:17:51.278+0000] {subprocess.py:93} INFO - 26/04/06 15:17:51 INFO TaskSetManager: Starting task 0.0 in stage 0.0 (TID 0) (172.18.0.6, executor 0, partition 0, PROCESS_LOCAL, 10342 bytes)
[2026-04-06T15:17:51.414+0000] {subprocess.py:93} INFO - 26/04/06 15:17:51 INFO BlockManagerInfo: Added broadcast_1_piece0 in memory on 172.18.0.6:39537 (size: 6.4 KiB, free: 434.4 MiB)
[2026-04-06T15:17:51.982+0000] {subprocess.py:93} INFO - 26/04/06 15:17:51 INFO BlockManagerInfo: Added broadcast_0_piece0 in memory on 172.18.0.6:39537 (size: 35.2 KiB, free: 434.4 MiB)
[2026-04-06T15:17:52.683+0000] {subprocess.py:93} INFO - 26/04/06 15:17:52 INFO TaskSetManager: Finished task 0.0 in stage 0.0 (TID 0) in 1411 ms on 172.18.0.6 (executor 0) (1/1)
[2026-04-06T15:17:52.684+0000] {subprocess.py:93} INFO - 26/04/06 15:17:52 INFO TaskSchedulerImpl: Removed TaskSet 0.0, whose tasks have all completed, from pool
[2026-04-06T15:17:52.687+0000] {subprocess.py:93} INFO - 26/04/06 15:17:52 INFO DAGScheduler: ResultStage 0 (csv at NativeMethodAccessorImpl.java:0) finished in 17.295 s
[2026-04-06T15:17:52.689+0000] {subprocess.py:93} INFO - 26/04/06 15:17:52 INFO DAGScheduler: Job 0 is finished. Cancelling potential speculative or zombie tasks for this job
[2026-04-06T15:17:52.690+0000] {subprocess.py:93} INFO - 26/04/06 15:17:52 INFO TaskSchedulerImpl: Killing all running tasks in stage 0: Stage finished
[2026-04-06T15:17:52.691+0000] {subprocess.py:93} INFO - 26/04/06 15:17:52 INFO DAGScheduler: Job 0 finished: csv at NativeMethodAccessorImpl.java:0, took 17.323044 s
[2026-04-06T15:17:52.706+0000] {subprocess.py:93} INFO - 26/04/06 15:17:52 INFO CodeGenerator: Code generated in 8.363907 ms
[2026-04-06T15:17:52.729+0000] {subprocess.py:93} INFO - 26/04/06 15:17:52 INFO BlockManagerInfo: Removed broadcast_1_piece0 on 7c36fe5f1e47:45505 in memory (size: 6.4 KiB, free: 434.4 MiB)
[2026-04-06T15:17:52.735+0000] {subprocess.py:93} INFO - 26/04/06 15:17:52 INFO BlockManagerInfo: Removed broadcast_1_piece0 on 172.18.0.6:39537 in memory (size: 6.4 KiB, free: 434.4 MiB)
[2026-04-06T15:17:52.737+0000] {subprocess.py:93} INFO - 26/04/06 15:17:52 INFO FileSourceStrategy: Pushed Filters:
[2026-04-06T15:17:52.738+0000] {subprocess.py:93} INFO - 26/04/06 15:17:52 INFO FileSourceStrategy: Post-Scan Filters:
[2026-04-06T15:17:52.742+0000] {subprocess.py:93} INFO - 26/04/06 15:17:52 INFO MemoryStore: Block broadcast_2 stored as values in memory (estimated size 203.2 KiB, free 434.0 MiB)
[2026-04-06T15:17:52.750+0000] {subprocess.py:93} INFO - 26/04/06 15:17:52 INFO MemoryStore: Block broadcast_2_piece0 stored as bytes in memory (estimated size 35.2 KiB, free 433.9 MiB)
[2026-04-06T15:17:52.751+0000] {subprocess.py:93} INFO - 26/04/06 15:17:52 INFO BlockManagerInfo: Added broadcast_2_piece0 in memory on 7c36fe5f1e47:45505 (size: 35.2 KiB, free: 434.3 MiB)
[2026-04-06T15:17:52.751+0000] {subprocess.py:93} INFO - 26/04/06 15:17:52 INFO SparkContext: Created broadcast 2 from csv at NativeMethodAccessorImpl.java:0
[2026-04-06T15:17:52.752+0000] {subprocess.py:93} INFO - 26/04/06 15:17:52 INFO FileSourceScanExec: Planning scan with bin packing, max size: 4194304 bytes, open cost is considered as scanning 4194304 bytes.
[2026-04-06T15:17:52.791+0000] {subprocess.py:93} INFO - 26/04/06 15:17:52 INFO SparkContext: Starting job: csv at NativeMethodAccessorImpl.java:0
[2026-04-06T15:17:52.792+0000] {subprocess.py:93} INFO - 26/04/06 15:17:52 INFO DAGScheduler: Got job 1 (csv at NativeMethodAccessorImpl.java:0) with 1 output partitions
[2026-04-06T15:17:52.793+0000] {subprocess.py:93} INFO - 26/04/06 15:17:52 INFO DAGScheduler: Final stage: ResultStage 1 (csv at NativeMethodAccessorImpl.java:0)
[2026-04-06T15:17:52.793+0000] {subprocess.py:93} INFO - 26/04/06 15:17:52 INFO DAGScheduler: Parents of final stage: List()
[2026-04-06T15:17:52.793+0000] {subprocess.py:93} INFO - 26/04/06 15:17:52 INFO DAGScheduler: Missing parents: List()
[2026-04-06T15:17:52.794+0000] {subprocess.py:93} INFO - 26/04/06 15:17:52 INFO DAGScheduler: Submitting ResultStage 1 (MapPartitionsRDD[9] at csv at NativeMethodAccessorImpl.java:0), which has no missing parents
[2026-04-06T15:17:52.804+0000] {subprocess.py:93} INFO - 26/04/06 15:17:52 INFO MemoryStore: Block broadcast_3 stored as values in memory (estimated size 29.4 KiB, free 433.9 MiB)
[2026-04-06T15:17:52.809+0000] {subprocess.py:93} INFO - 26/04/06 15:17:52 INFO MemoryStore: Block broadcast_3_piece0 stored as bytes in memory (estimated size 13.2 KiB, free 433.9 MiB)
[2026-04-06T15:17:52.809+0000] {subprocess.py:93} INFO - 26/04/06 15:17:52 INFO BlockManagerInfo: Added broadcast_3_piece0 in memory on 7c36fe5f1e47:45505 (size: 13.2 KiB, free: 434.3 MiB)
[2026-04-06T15:17:52.809+0000] {subprocess.py:93} INFO - 26/04/06 15:17:52 INFO SparkContext: Created broadcast 3 from broadcast at DAGScheduler.scala:1611
[2026-04-06T15:17:52.810+0000] {subprocess.py:93} INFO - 26/04/06 15:17:52 INFO DAGScheduler: Submitting 1 missing tasks from ResultStage 1 (MapPartitionsRDD[9] at csv at NativeMethodAccessorImpl.java:0) (first 15 tasks are for partitions Vector(0))
[2026-04-06T15:17:52.810+0000] {subprocess.py:93} INFO - 26/04/06 15:17:52 INFO TaskSchedulerImpl: Adding task set 1.0 with 1 tasks resource profile 0
[2026-04-06T15:17:52.811+0000] {subprocess.py:93} INFO - 26/04/06 15:17:52 INFO TaskSetManager: Starting task 0.0 in stage 1.0 (TID 1) (172.18.0.6, executor 0, partition 0, PROCESS_LOCAL, 10342 bytes)
[2026-04-06T15:17:52.833+0000] {subprocess.py:93} INFO - 26/04/06 15:17:52 INFO BlockManagerInfo: Added broadcast_3_piece0 in memory on 172.18.0.6:39537 (size: 13.2 KiB, free: 434.4 MiB)
[2026-04-06T15:17:53.366+0000] {subprocess.py:93} INFO - 26/04/06 15:17:53 INFO BlockManagerInfo: Added broadcast_2_piece0 in memory on 172.18.0.6:39537 (size: 35.2 KiB, free: 434.3 MiB)
[2026-04-06T15:17:53.445+0000] {subprocess.py:93} INFO - 26/04/06 15:17:53 INFO TaskSetManager: Finished task 0.0 in stage 1.0 (TID 1) in 634 ms on 172.18.0.6 (executor 0) (1/1)
[2026-04-06T15:17:53.447+0000] {subprocess.py:93} INFO - 26/04/06 15:17:53 INFO TaskSchedulerImpl: Removed TaskSet 1.0, whose tasks have all completed, from pool
[2026-04-06T15:17:53.447+0000] {subprocess.py:93} INFO - 26/04/06 15:17:53 INFO DAGScheduler: ResultStage 1 (csv at NativeMethodAccessorImpl.java:0) finished in 0.653 s
[2026-04-06T15:17:53.447+0000] {subprocess.py:93} INFO - 26/04/06 15:17:53 INFO DAGScheduler: Job 1 is finished. Cancelling potential speculative or zombie tasks for this job
[2026-04-06T15:17:53.447+0000] {subprocess.py:93} INFO - 26/04/06 15:17:53 INFO TaskSchedulerImpl: Killing all running tasks in stage 1: Stage finished
[2026-04-06T15:17:53.448+0000] {subprocess.py:93} INFO - 26/04/06 15:17:53 INFO DAGScheduler: Job 1 finished: csv at NativeMethodAccessorImpl.java:0, took 0.655775 s
[2026-04-06T15:17:53.576+0000] {subprocess.py:93} INFO - 26/04/06 15:17:53 INFO FileSourceStrategy: Pushed Filters:
[2026-04-06T15:17:53.577+0000] {subprocess.py:93} INFO - 26/04/06 15:17:53 INFO FileSourceStrategy: Post-Scan Filters: isnotnull(trim(patient_id#17, None))
[2026-04-06T15:17:53.655+0000] {subprocess.py:93} INFO - 26/04/06 15:17:53 INFO CodeGenerator: Code generated in 20.269381 ms
[2026-04-06T15:17:53.658+0000] {subprocess.py:93} INFO - 26/04/06 15:17:53 INFO MemoryStore: Block broadcast_4 stored as values in memory (estimated size 203.1 KiB, free 433.7 MiB)
[2026-04-06T15:17:53.666+0000] {subprocess.py:93} INFO - 26/04/06 15:17:53 INFO BlockManagerInfo: Removed broadcast_3_piece0 on 7c36fe5f1e47:45505 in memory (size: 13.2 KiB, free: 434.3 MiB)
[2026-04-06T15:17:53.667+0000] {subprocess.py:93} INFO - 26/04/06 15:17:53 INFO MemoryStore: Block broadcast_4_piece0 stored as bytes in memory (estimated size 35.2 KiB, free 433.7 MiB)
[2026-04-06T15:17:53.669+0000] {subprocess.py:93} INFO - 26/04/06 15:17:53 INFO BlockManagerInfo: Added broadcast_4_piece0 in memory on 7c36fe5f1e47:45505 (size: 35.2 KiB, free: 434.3 MiB)
[2026-04-06T15:17:53.669+0000] {subprocess.py:93} INFO - 26/04/06 15:17:53 INFO BlockManagerInfo: Removed broadcast_3_piece0 on 172.18.0.6:39537 in memory (size: 13.2 KiB, free: 434.3 MiB)
[2026-04-06T15:17:53.670+0000] {subprocess.py:93} INFO - 26/04/06 15:17:53 INFO SparkContext: Created broadcast 4 from parquet at NativeMethodAccessorImpl.java:0
[2026-04-06T15:17:53.674+0000] {subprocess.py:93} INFO - 26/04/06 15:17:53 INFO FileSourceScanExec: Planning scan with bin packing, max size: 4194304 bytes, open cost is considered as scanning 4194304 bytes.
[2026-04-06T15:17:53.696+0000] {subprocess.py:93} INFO - 26/04/06 15:17:53 INFO DAGScheduler: Registering RDD 14 (parquet at NativeMethodAccessorImpl.java:0) as input to shuffle 0
[2026-04-06T15:17:53.698+0000] {subprocess.py:93} INFO - 26/04/06 15:17:53 INFO DAGScheduler: Got map stage job 2 (parquet at NativeMethodAccessorImpl.java:0) with 1 output partitions
[2026-04-06T15:17:53.698+0000] {subprocess.py:93} INFO - 26/04/06 15:17:53 INFO DAGScheduler: Final stage: ShuffleMapStage 2 (parquet at NativeMethodAccessorImpl.java:0)
[2026-04-06T15:17:53.698+0000] {subprocess.py:93} INFO - 26/04/06 15:17:53 INFO DAGScheduler: Parents of final stage: List()
[2026-04-06T15:17:53.699+0000] {subprocess.py:93} INFO - 26/04/06 15:17:53 INFO DAGScheduler: Missing parents: List()
[2026-04-06T15:17:53.700+0000] {subprocess.py:93} INFO - 26/04/06 15:17:53 INFO DAGScheduler: Submitting ShuffleMapStage 2 (MapPartitionsRDD[14] at parquet at NativeMethodAccessorImpl.java:0), which has no missing parents
[2026-04-06T15:17:53.709+0000] {subprocess.py:93} INFO - 26/04/06 15:17:53 INFO MemoryStore: Block broadcast_5 stored as values in memory (estimated size 39.3 KiB, free 433.7 MiB)
[2026-04-06T15:17:53.713+0000] {subprocess.py:93} INFO - 26/04/06 15:17:53 INFO MemoryStore: Block broadcast_5_piece0 stored as bytes in memory (estimated size 17.5 KiB, free 433.6 MiB)
[2026-04-06T15:17:53.714+0000] {subprocess.py:93} INFO - 26/04/06 15:17:53 INFO BlockManagerInfo: Added broadcast_5_piece0 in memory on 7c36fe5f1e47:45505 (size: 17.5 KiB, free: 434.3 MiB)
[2026-04-06T15:17:53.715+0000] {subprocess.py:93} INFO - 26/04/06 15:17:53 INFO BlockManagerInfo: Removed broadcast_2_piece0 on 7c36fe5f1e47:45505 in memory (size: 35.2 KiB, free: 434.3 MiB)
[2026-04-06T15:17:53.715+0000] {subprocess.py:93} INFO - 26/04/06 15:17:53 INFO SparkContext: Created broadcast 5 from broadcast at DAGScheduler.scala:1611
[2026-04-06T15:17:53.716+0000] {subprocess.py:93} INFO - 26/04/06 15:17:53 INFO DAGScheduler: Submitting 1 missing tasks from ShuffleMapStage 2 (MapPartitionsRDD[14] at parquet at NativeMethodAccessorImpl.java:0) (first 15 tasks are for partitions Vector(0))
[2026-04-06T15:17:53.716+0000] {subprocess.py:93} INFO - 26/04/06 15:17:53 INFO TaskSchedulerImpl: Adding task set 2.0 with 1 tasks resource profile 0
[2026-04-06T15:17:53.717+0000] {subprocess.py:93} INFO - 26/04/06 15:17:53 INFO BlockManagerInfo: Removed broadcast_2_piece0 on 172.18.0.6:39537 in memory (size: 35.2 KiB, free: 434.4 MiB)
[2026-04-06T15:17:53.717+0000] {subprocess.py:93} INFO - 26/04/06 15:17:53 INFO TaskSetManager: Starting task 0.0 in stage 2.0 (TID 2) (172.18.0.6, executor 0, partition 0, PROCESS_LOCAL, 10331 bytes)
[2026-04-06T15:17:53.729+0000] {subprocess.py:93} INFO - 26/04/06 15:17:53 INFO BlockManagerInfo: Removed broadcast_0_piece0 on 7c36fe5f1e47:45505 in memory (size: 35.2 KiB, free: 434.3 MiB)
[2026-04-06T15:17:53.732+0000] {subprocess.py:93} INFO - 26/04/06 15:17:53 INFO BlockManagerInfo: Removed broadcast_0_piece0 on 172.18.0.6:39537 in memory (size: 35.2 KiB, free: 434.4 MiB)
[2026-04-06T15:17:53.734+0000] {subprocess.py:93} INFO - 26/04/06 15:17:53 INFO BlockManagerInfo: Added broadcast_5_piece0 in memory on 172.18.0.6:39537 (size: 17.5 KiB, free: 434.4 MiB)
[2026-04-06T15:17:53.857+0000] {subprocess.py:93} INFO - 26/04/06 15:17:53 INFO BlockManagerInfo: Added broadcast_4_piece0 in memory on 172.18.0.6:39537 (size: 35.2 KiB, free: 434.3 MiB)
[2026-04-06T15:17:54.132+0000] {subprocess.py:93} INFO - 26/04/06 15:17:54 INFO TaskSetManager: Finished task 0.0 in stage 2.0 (TID 2) in 415 ms on 172.18.0.6 (executor 0) (1/1)
[2026-04-06T15:17:54.132+0000] {subprocess.py:93} INFO - 26/04/06 15:17:54 INFO TaskSchedulerImpl: Removed TaskSet 2.0, whose tasks have all completed, from pool
[2026-04-06T15:17:54.133+0000] {subprocess.py:93} INFO - 26/04/06 15:17:54 INFO DAGScheduler: ShuffleMapStage 2 (parquet at NativeMethodAccessorImpl.java:0) finished in 0.432 s
[2026-04-06T15:17:54.134+0000] {subprocess.py:93} INFO - 26/04/06 15:17:54 INFO DAGScheduler: looking for newly runnable stages
[2026-04-06T15:17:54.134+0000] {subprocess.py:93} INFO - 26/04/06 15:17:54 INFO DAGScheduler: running: Set()
[2026-04-06T15:17:54.134+0000] {subprocess.py:93} INFO - 26/04/06 15:17:54 INFO DAGScheduler: waiting: Set()
[2026-04-06T15:17:54.134+0000] {subprocess.py:93} INFO - 26/04/06 15:17:54 INFO DAGScheduler: failed: Set()
[2026-04-06T15:17:54.144+0000] {subprocess.py:93} INFO - 26/04/06 15:17:54 INFO ShufflePartitionsUtil: For shuffle(0), advisory target size: 67108864, actual target size 1048576, minimum partition size: 1048576
[2026-04-06T15:17:54.241+0000] {subprocess.py:93} INFO - 26/04/06 15:17:54 INFO ParquetUtils: Using default output committer for Parquet: org.apache.parquet.hadoop.ParquetOutputCommitter
[2026-04-06T15:17:54.254+0000] {subprocess.py:93} INFO - 26/04/06 15:17:54 INFO FileOutputCommitter: File Output Committer Algorithm version is 1
[2026-04-06T15:17:54.255+0000] {subprocess.py:93} INFO - 26/04/06 15:17:54 INFO FileOutputCommitter: FileOutputCommitter skip cleanup _temporary folders under output directory:false, ignore cleanup failures: false
[2026-04-06T15:17:54.255+0000] {subprocess.py:93} INFO - 26/04/06 15:17:54 INFO SQLHadoopMapReduceCommitProtocol: Using user defined output committer class org.apache.parquet.hadoop.ParquetOutputCommitter
[2026-04-06T15:17:54.255+0000] {subprocess.py:93} INFO - 26/04/06 15:17:54 INFO FileOutputCommitter: File Output Committer Algorithm version is 1
[2026-04-06T15:17:54.256+0000] {subprocess.py:93} INFO - 26/04/06 15:17:54 INFO FileOutputCommitter: FileOutputCommitter skip cleanup _temporary folders under output directory:false, ignore cleanup failures: false
[2026-04-06T15:17:54.256+0000] {subprocess.py:93} INFO - 26/04/06 15:17:54 INFO SQLHadoopMapReduceCommitProtocol: Using output committer class org.apache.parquet.hadoop.ParquetOutputCommitter
[2026-04-06T15:17:54.295+0000] {subprocess.py:93} INFO - 26/04/06 15:17:54 INFO CodeGenerator: Code generated in 7.210484 ms
[2026-04-06T15:17:54.306+0000] {subprocess.py:93} INFO - 26/04/06 15:17:54 INFO SparkContext: Starting job: parquet at NativeMethodAccessorImpl.java:0
[2026-04-06T15:17:54.307+0000] {subprocess.py:93} INFO - 26/04/06 15:17:54 INFO DAGScheduler: Got job 3 (parquet at NativeMethodAccessorImpl.java:0) with 1 output partitions
[2026-04-06T15:17:54.308+0000] {subprocess.py:93} INFO - 26/04/06 15:17:54 INFO DAGScheduler: Final stage: ResultStage 4 (parquet at NativeMethodAccessorImpl.java:0)
[2026-04-06T15:17:54.308+0000] {subprocess.py:93} INFO - 26/04/06 15:17:54 INFO DAGScheduler: Parents of final stage: List(ShuffleMapStage 3)
[2026-04-06T15:17:54.308+0000] {subprocess.py:93} INFO - 26/04/06 15:17:54 INFO DAGScheduler: Missing parents: List()
[2026-04-06T15:17:54.308+0000] {subprocess.py:93} INFO - 26/04/06 15:17:54 INFO DAGScheduler: Submitting ResultStage 4 (MapPartitionsRDD[18] at parquet at NativeMethodAccessorImpl.java:0), which has no missing parents
[2026-04-06T15:17:54.329+0000] {subprocess.py:93} INFO - 26/04/06 15:17:54 INFO MemoryStore: Block broadcast_6 stored as values in memory (estimated size 251.8 KiB, free 433.9 MiB)
[2026-04-06T15:17:54.334+0000] {subprocess.py:93} INFO - 26/04/06 15:17:54 INFO MemoryStore: Block broadcast_6_piece0 stored as bytes in memory (estimated size 92.6 KiB, free 433.8 MiB)
[2026-04-06T15:17:54.335+0000] {subprocess.py:93} INFO - 26/04/06 15:17:54 INFO BlockManagerInfo: Added broadcast_6_piece0 in memory on 7c36fe5f1e47:45505 (size: 92.6 KiB, free: 434.3 MiB)
[2026-04-06T15:17:54.335+0000] {subprocess.py:93} INFO - 26/04/06 15:17:54 INFO SparkContext: Created broadcast 6 from broadcast at DAGScheduler.scala:1611
[2026-04-06T15:17:54.335+0000] {subprocess.py:93} INFO - 26/04/06 15:17:54 INFO BlockManagerInfo: Removed broadcast_5_piece0 on 7c36fe5f1e47:45505 in memory (size: 17.5 KiB, free: 434.3 MiB)
[2026-04-06T15:17:54.336+0000] {subprocess.py:93} INFO - 26/04/06 15:17:54 INFO DAGScheduler: Submitting 1 missing tasks from ResultStage 4 (MapPartitionsRDD[18] at parquet at NativeMethodAccessorImpl.java:0) (first 15 tasks are for partitions Vector(0))
[2026-04-06T15:17:54.336+0000] {subprocess.py:93} INFO - 26/04/06 15:17:54 INFO TaskSchedulerImpl: Adding task set 4.0 with 1 tasks resource profile 0
[2026-04-06T15:17:54.337+0000] {subprocess.py:93} INFO - 26/04/06 15:17:54 INFO BlockManagerInfo: Removed broadcast_5_piece0 on 172.18.0.6:39537 in memory (size: 17.5 KiB, free: 434.4 MiB)
[2026-04-06T15:17:54.339+0000] {subprocess.py:93} INFO - 26/04/06 15:17:54 INFO TaskSetManager: Starting task 0.0 in stage 4.0 (TID 3) (172.18.0.6, executor 0, partition 0, NODE_LOCAL, 9733 bytes)
[2026-04-06T15:17:54.354+0000] {subprocess.py:93} INFO - 26/04/06 15:17:54 INFO BlockManagerInfo: Added broadcast_6_piece0 in memory on 172.18.0.6:39537 (size: 92.6 KiB, free: 434.3 MiB)
[2026-04-06T15:17:54.391+0000] {subprocess.py:93} INFO - 26/04/06 15:17:54 INFO MapOutputTrackerMasterEndpoint: Asked to send map output locations for shuffle 0 to 172.18.0.6:42590
[2026-04-06T15:17:55.108+0000] {subprocess.py:93} INFO - 26/04/06 15:17:55 INFO TaskSetManager: Finished task 0.0 in stage 4.0 (TID 3) in 770 ms on 172.18.0.6 (executor 0) (1/1)
[2026-04-06T15:17:55.109+0000] {subprocess.py:93} INFO - 26/04/06 15:17:55 INFO TaskSchedulerImpl: Removed TaskSet 4.0, whose tasks have all completed, from pool
[2026-04-06T15:17:55.109+0000] {subprocess.py:93} INFO - 26/04/06 15:17:55 INFO DAGScheduler: ResultStage 4 (parquet at NativeMethodAccessorImpl.java:0) finished in 0.792 s
[2026-04-06T15:17:55.109+0000] {subprocess.py:93} INFO - 26/04/06 15:17:55 INFO DAGScheduler: Job 3 is finished. Cancelling potential speculative or zombie tasks for this job
[2026-04-06T15:17:55.109+0000] {subprocess.py:93} INFO - 26/04/06 15:17:55 INFO TaskSchedulerImpl: Killing all running tasks in stage 4: Stage finished
[2026-04-06T15:17:55.110+0000] {subprocess.py:93} INFO - 26/04/06 15:17:55 INFO DAGScheduler: Job 3 finished: parquet at NativeMethodAccessorImpl.java:0, took 0.803153 s
[2026-04-06T15:17:55.111+0000] {subprocess.py:93} INFO - 26/04/06 15:17:55 INFO FileFormatWriter: Start to commit write Job 6098c771-9669-4f35-9407-7c3f25c52d42.
[2026-04-06T15:17:55.217+0000] {subprocess.py:93} INFO - 26/04/06 15:17:55 INFO FileFormatWriter: Write Job 6098c771-9669-4f35-9407-7c3f25c52d42 committed. Elapsed time: 105 ms.
[2026-04-06T15:17:55.219+0000] {subprocess.py:93} INFO - 26/04/06 15:17:55 INFO FileFormatWriter: Finished processing stats for write job 6098c771-9669-4f35-9407-7c3f25c52d42.
[2026-04-06T15:17:55.220+0000] {subprocess.py:93} INFO - Patients Bronze -> Silver completed successfully.
[2026-04-06T15:17:55.221+0000] {subprocess.py:93} INFO - 26/04/06 15:17:55 INFO SparkContext: SparkContext is stopping with exitCode 0.
[2026-04-06T15:17:55.226+0000] {subprocess.py:93} INFO - 26/04/06 15:17:55 INFO SparkUI: Stopped Spark web UI at http://7c36fe5f1e47:4042
[2026-04-06T15:17:55.228+0000] {subprocess.py:93} INFO - 26/04/06 15:17:55 INFO StandaloneSchedulerBackend: Shutting down all executors
[2026-04-06T15:17:55.228+0000] {subprocess.py:93} INFO - 26/04/06 15:17:55 INFO StandaloneSchedulerBackend$StandaloneDriverEndpoint: Asking each executor to shut down
[2026-04-06T15:17:55.235+0000] {subprocess.py:93} INFO - 26/04/06 15:17:55 INFO MapOutputTrackerMasterEndpoint: MapOutputTrackerMasterEndpoint stopped!
[2026-04-06T15:17:55.247+0000] {subprocess.py:93} INFO - 26/04/06 15:17:55 INFO MemoryStore: MemoryStore cleared
[2026-04-06T15:17:55.248+0000] {subprocess.py:93} INFO - 26/04/06 15:17:55 INFO BlockManager: BlockManager stopped
[2026-04-06T15:17:55.249+0000] {subprocess.py:93} INFO - 26/04/06 15:17:55 INFO BlockManagerMaster: BlockManagerMaster stopped
[2026-04-06T15:17:55.251+0000] {subprocess.py:93} INFO - 26/04/06 15:17:55 INFO OutputCommitCoordinator$OutputCommitCoordinatorEndpoint: OutputCommitCoordinator stopped!
[2026-04-06T15:17:55.330+0000] {subprocess.py:93} INFO - 26/04/06 15:17:55 INFO SparkContext: Successfully stopped SparkContext
[2026-04-06T15:17:55.733+0000] {subprocess.py:93} INFO - 26/04/06 15:17:55 INFO ShutdownHookManager: Shutdown hook called
[2026-04-06T15:17:55.734+0000] {subprocess.py:93} INFO - 26/04/06 15:17:55 INFO ShutdownHookManager: Deleting directory /tmp/spark-5c79b26d-6c6f-4560-823d-ac8dc371948e/pyspark-9565a48d-df35-4c78-b2cd-3c2137ebed83
[2026-04-06T15:17:55.738+0000] {subprocess.py:93} INFO - 26/04/06 15:17:55 INFO ShutdownHookManager: Deleting directory /tmp/spark-5c79b26d-6c6f-4560-823d-ac8dc371948e
[2026-04-06T15:17:55.742+0000] {subprocess.py:93} INFO - 26/04/06 15:17:55 INFO ShutdownHookManager: Deleting directory /tmp/spark-9d186afa-2f14-48c6-b0ab-25aedf74b41b
[2026-04-06T15:17:55.748+0000] {subprocess.py:93} INFO - 26/04/06 15:17:55 INFO MetricsSystemImpl: Stopping s3a-file-system metrics system...
[2026-04-06T15:17:55.748+0000] {subprocess.py:93} INFO - 26/04/06 15:17:55 INFO MetricsSystemImpl: s3a-file-system metrics system stopped.
[2026-04-06T15:17:55.748+0000] {subprocess.py:93} INFO - 26/04/06 15:17:55 INFO MetricsSystemImpl: s3a-file-system metrics system shutdown complete.
[2026-04-06T15:17:55.820+0000] {subprocess.py:97} INFO - Command exited with return code 0
[2026-04-06T15:17:55.842+0000] {taskinstance.py:1149} INFO - Marking task as SUCCESS. dag_id=bronze_to_silver_and_gold, task_id=run_patients_silver, execution_date=20260406T151727, start_date=20260406T151728, end_date=20260406T151755
[2026-04-06T15:17:55.866+0000] {local_task_job_runner.py:234} INFO - Task exited with return code 0
[2026-04-06T15:17:55.881+0000] {taskinstance.py:3312} INFO - 1 downstream tasks scheduled from follow-on schedule check
