[2026-04-06T15:15:01.389+0000] {taskinstance.py:1979} INFO - Dependencies all met for dep_context=non-requeueable deps ti=<TaskInstance: bronze_to_silver_and_gold.run_patients_silver manual__2026-04-06T15:15:00.309276+00:00 [queued]>
[2026-04-06T15:15:01.393+0000] {taskinstance.py:1979} INFO - Dependencies all met for dep_context=requeueable deps ti=<TaskInstance: bronze_to_silver_and_gold.run_patients_silver manual__2026-04-06T15:15:00.309276+00:00 [queued]>
[2026-04-06T15:15:01.394+0000] {taskinstance.py:2193} INFO - Starting attempt 1 of 1
[2026-04-06T15:15:01.403+0000] {taskinstance.py:2217} INFO - Executing <Task(BashOperator): run_patients_silver> on 2026-04-06 15:15:00.309276+00:00
[2026-04-06T15:15:01.407+0000] {standard_task_runner.py:60} INFO - Started process 186 to run task
[2026-04-06T15:15:01.412+0000] {standard_task_runner.py:87} INFO - Running: ['airflow', 'tasks', 'run', 'bronze_to_silver_and_gold', 'run_patients_silver', 'manual__2026-04-06T15:15:00.309276+00:00', '--job-id', '26', '--raw', '--subdir', 'DAGS_FOLDER/bronze_to_silver_dag.py', '--cfg-path', '/tmp/tmpi1c4jlso']
[2026-04-06T15:15:01.414+0000] {standard_task_runner.py:88} INFO - Job 26: Subtask run_patients_silver
[2026-04-06T15:15:01.459+0000] {task_command.py:423} INFO - Running <TaskInstance: bronze_to_silver_and_gold.run_patients_silver manual__2026-04-06T15:15:00.309276+00:00 [running]> on host 7c36fe5f1e47
[2026-04-06T15:15:01.525+0000] {taskinstance.py:2513} INFO - Exporting env vars: AIRFLOW_CTX_DAG_OWNER='airflow' AIRFLOW_CTX_DAG_ID='bronze_to_silver_and_gold' AIRFLOW_CTX_TASK_ID='run_patients_silver' AIRFLOW_CTX_EXECUTION_DATE='2026-04-06T15:15:00.309276+00:00' AIRFLOW_CTX_TRY_NUMBER='1' AIRFLOW_CTX_DAG_RUN_ID='manual__2026-04-06T15:15:00.309276+00:00'
[2026-04-06T15:15:01.526+0000] {subprocess.py:63} INFO - Tmp dir root location: /tmp
[2026-04-06T15:15:01.527+0000] {subprocess.py:75} INFO - Running command: ['/usr/bin/bash', '-c', '\n/opt/spark/bin/spark-submit \\\n  --master spark://spark-master:7077 \\\n  --packages org.apache.hadoop:hadoop-aws:3.3.4,com.amazonaws:aws-java-sdk-bundle:1.12.262 \\\n  --conf spark.hadoop.fs.s3a.endpoint=http://minio:9000 \\\n  --conf spark.hadoop.fs.s3a.access.key=minioadmin \\\n  --conf spark.hadoop.fs.s3a.secret.key=minioadmin \\\n  --conf spark.hadoop.fs.s3a.path.style.access=true \\\n  --conf spark.hadoop.fs.s3a.impl=org.apache.hadoop.fs.s3a.S3AFileSystem \\\n  /opt/airflow/spark/jobs/bronze_to_silver_patients.py']
[2026-04-06T15:15:01.536+0000] {subprocess.py:86} INFO - Output:
[2026-04-06T15:15:03.245+0000] {subprocess.py:93} INFO - :: loading settings :: url = jar:file:/opt/spark-3.5.6-bin-hadoop3/jars/ivy-2.5.1.jar!/org/apache/ivy/core/settings/ivysettings.xml
[2026-04-06T15:15:03.326+0000] {subprocess.py:93} INFO - Ivy Default Cache set to: /home/airflow/.ivy2/cache
[2026-04-06T15:15:03.327+0000] {subprocess.py:93} INFO - The jars for the packages stored in: /home/airflow/.ivy2/jars
[2026-04-06T15:15:03.329+0000] {subprocess.py:93} INFO - org.apache.hadoop#hadoop-aws added as a dependency
[2026-04-06T15:15:03.330+0000] {subprocess.py:93} INFO - com.amazonaws#aws-java-sdk-bundle added as a dependency
[2026-04-06T15:15:03.330+0000] {subprocess.py:93} INFO - :: resolving dependencies :: org.apache.spark#spark-submit-parent-5918bcd7-0817-4c84-ad14-bace805a3a95;1.0
[2026-04-06T15:15:03.330+0000] {subprocess.py:93} INFO - 	confs: [default]
[2026-04-06T15:15:03.483+0000] {subprocess.py:93} INFO - 	found org.apache.hadoop#hadoop-aws;3.3.4 in central
[2026-04-06T15:15:03.509+0000] {subprocess.py:93} INFO - 	found com.amazonaws#aws-java-sdk-bundle;1.12.262 in central
[2026-04-06T15:15:03.538+0000] {subprocess.py:93} INFO - 	found org.wildfly.openssl#wildfly-openssl;1.0.7.Final in central
[2026-04-06T15:15:03.563+0000] {subprocess.py:93} INFO - :: resolution report :: resolve 223ms :: artifacts dl 9ms
[2026-04-06T15:15:03.566+0000] {subprocess.py:93} INFO - 	:: modules in use:
[2026-04-06T15:15:03.567+0000] {subprocess.py:93} INFO - 	com.amazonaws#aws-java-sdk-bundle;1.12.262 from central in [default]
[2026-04-06T15:15:03.568+0000] {subprocess.py:93} INFO - 	org.apache.hadoop#hadoop-aws;3.3.4 from central in [default]
[2026-04-06T15:15:03.568+0000] {subprocess.py:93} INFO - 	org.wildfly.openssl#wildfly-openssl;1.0.7.Final from central in [default]
[2026-04-06T15:15:03.568+0000] {subprocess.py:93} INFO - 	---------------------------------------------------------------------
[2026-04-06T15:15:03.568+0000] {subprocess.py:93} INFO - 	|                  |            modules            ||   artifacts   |
[2026-04-06T15:15:03.569+0000] {subprocess.py:93} INFO - 	|       conf       | number| search|dwnlded|evicted|| number|dwnlded|
[2026-04-06T15:15:03.570+0000] {subprocess.py:93} INFO - 	---------------------------------------------------------------------
[2026-04-06T15:15:03.570+0000] {subprocess.py:93} INFO - 	|      default     |   3   |   0   |   0   |   0   ||   3   |   0   |
[2026-04-06T15:15:03.572+0000] {subprocess.py:93} INFO - 	---------------------------------------------------------------------
[2026-04-06T15:15:03.572+0000] {subprocess.py:93} INFO - :: retrieving :: org.apache.spark#spark-submit-parent-5918bcd7-0817-4c84-ad14-bace805a3a95
[2026-04-06T15:15:03.573+0000] {subprocess.py:93} INFO - 	confs: [default]
[2026-04-06T15:15:03.575+0000] {subprocess.py:93} INFO - 	0 artifacts copied, 3 already retrieved (0kB/7ms)
[2026-04-06T15:15:03.763+0000] {subprocess.py:93} INFO - 26/04/06 15:15:03 WARN NativeCodeLoader: Unable to load native-hadoop library for your platform... using builtin-java classes where applicable
[2026-04-06T15:15:04.528+0000] {subprocess.py:93} INFO - 26/04/06 15:15:04 INFO SparkContext: Running Spark version 3.5.6
[2026-04-06T15:15:04.534+0000] {subprocess.py:93} INFO - 26/04/06 15:15:04 INFO SparkContext: OS info Linux, 6.6.87.2-microsoft-standard-WSL2, amd64
[2026-04-06T15:15:04.535+0000] {subprocess.py:93} INFO - 26/04/06 15:15:04 INFO SparkContext: Java version 17.0.18
[2026-04-06T15:15:04.548+0000] {subprocess.py:93} INFO - 26/04/06 15:15:04 INFO ResourceUtils: ==============================================================
[2026-04-06T15:15:04.549+0000] {subprocess.py:93} INFO - 26/04/06 15:15:04 INFO ResourceUtils: No custom resources configured for spark.driver.
[2026-04-06T15:15:04.549+0000] {subprocess.py:93} INFO - 26/04/06 15:15:04 INFO ResourceUtils: ==============================================================
[2026-04-06T15:15:04.549+0000] {subprocess.py:93} INFO - 26/04/06 15:15:04 INFO SparkContext: Submitted application: bronze_to_silver_patients
[2026-04-06T15:15:04.571+0000] {subprocess.py:93} INFO - 26/04/06 15:15:04 INFO ResourceProfile: Default ResourceProfile created, executor resources: Map(memory -> name: memory, amount: 1024, script: , vendor: , offHeap -> name: offHeap, amount: 0, script: , vendor: ), task resources: Map(cpus -> name: cpus, amount: 1.0)
[2026-04-06T15:15:04.578+0000] {subprocess.py:93} INFO - 26/04/06 15:15:04 INFO ResourceProfile: Limiting resource is cpu
[2026-04-06T15:15:04.578+0000] {subprocess.py:93} INFO - 26/04/06 15:15:04 INFO ResourceProfileManager: Added ResourceProfile id: 0
[2026-04-06T15:15:04.645+0000] {subprocess.py:93} INFO - 26/04/06 15:15:04 INFO SecurityManager: Changing view acls to: airflow
[2026-04-06T15:15:04.645+0000] {subprocess.py:93} INFO - 26/04/06 15:15:04 INFO SecurityManager: Changing modify acls to: airflow
[2026-04-06T15:15:04.646+0000] {subprocess.py:93} INFO - 26/04/06 15:15:04 INFO SecurityManager: Changing view acls groups to:
[2026-04-06T15:15:04.646+0000] {subprocess.py:93} INFO - 26/04/06 15:15:04 INFO SecurityManager: Changing modify acls groups to:
[2026-04-06T15:15:04.646+0000] {subprocess.py:93} INFO - 26/04/06 15:15:04 INFO SecurityManager: SecurityManager: authentication disabled; ui acls disabled; users with view permissions: airflow; groups with view permissions: EMPTY; users with modify permissions: airflow; groups with modify permissions: EMPTY
[2026-04-06T15:15:04.807+0000] {subprocess.py:93} INFO - 26/04/06 15:15:04 INFO Utils: Successfully started service 'sparkDriver' on port 35837.
[2026-04-06T15:15:04.834+0000] {subprocess.py:93} INFO - 26/04/06 15:15:04 INFO SparkEnv: Registering MapOutputTracker
[2026-04-06T15:15:04.863+0000] {subprocess.py:93} INFO - 26/04/06 15:15:04 INFO SparkEnv: Registering BlockManagerMaster
[2026-04-06T15:15:04.880+0000] {subprocess.py:93} INFO - 26/04/06 15:15:04 INFO BlockManagerMasterEndpoint: Using org.apache.spark.storage.DefaultTopologyMapper for getting topology information
[2026-04-06T15:15:04.880+0000] {subprocess.py:93} INFO - 26/04/06 15:15:04 INFO BlockManagerMasterEndpoint: BlockManagerMasterEndpoint up
[2026-04-06T15:15:04.882+0000] {subprocess.py:93} INFO - 26/04/06 15:15:04 INFO SparkEnv: Registering BlockManagerMasterHeartbeat
[2026-04-06T15:15:04.902+0000] {subprocess.py:93} INFO - 26/04/06 15:15:04 INFO DiskBlockManager: Created local directory at /tmp/blockmgr-5fe0b4eb-5393-41f2-baa5-314d78249089
[2026-04-06T15:15:04.912+0000] {subprocess.py:93} INFO - 26/04/06 15:15:04 INFO MemoryStore: MemoryStore started with capacity 434.4 MiB
[2026-04-06T15:15:04.923+0000] {subprocess.py:93} INFO - 26/04/06 15:15:04 INFO SparkEnv: Registering OutputCommitCoordinator
[2026-04-06T15:15:05.026+0000] {subprocess.py:93} INFO - 26/04/06 15:15:05 INFO JettyUtils: Start Jetty 0.0.0.0:4040 for SparkUI
[2026-04-06T15:15:05.066+0000] {subprocess.py:93} INFO - 26/04/06 15:15:05 WARN Utils: Service 'SparkUI' could not bind on port 4040. Attempting port 4041.
[2026-04-06T15:15:05.073+0000] {subprocess.py:93} INFO - 26/04/06 15:15:05 INFO Utils: Successfully started service 'SparkUI' on port 4041.
[2026-04-06T15:15:05.099+0000] {subprocess.py:93} INFO - 26/04/06 15:15:05 INFO SparkContext: Added JAR file:///home/airflow/.ivy2/jars/org.apache.hadoop_hadoop-aws-3.3.4.jar at spark://7c36fe5f1e47:35837/jars/org.apache.hadoop_hadoop-aws-3.3.4.jar with timestamp 1775488504523
[2026-04-06T15:15:05.100+0000] {subprocess.py:93} INFO - 26/04/06 15:15:05 INFO SparkContext: Added JAR file:///home/airflow/.ivy2/jars/com.amazonaws_aws-java-sdk-bundle-1.12.262.jar at spark://7c36fe5f1e47:35837/jars/com.amazonaws_aws-java-sdk-bundle-1.12.262.jar with timestamp 1775488504523
[2026-04-06T15:15:05.106+0000] {subprocess.py:93} INFO - 26/04/06 15:15:05 INFO SparkContext: Added JAR file:///home/airflow/.ivy2/jars/org.wildfly.openssl_wildfly-openssl-1.0.7.Final.jar at spark://7c36fe5f1e47:35837/jars/org.wildfly.openssl_wildfly-openssl-1.0.7.Final.jar with timestamp 1775488504523
[2026-04-06T15:15:05.106+0000] {subprocess.py:93} INFO - 26/04/06 15:15:05 INFO SparkContext: Added file file:///home/airflow/.ivy2/jars/org.apache.hadoop_hadoop-aws-3.3.4.jar at spark://7c36fe5f1e47:35837/files/org.apache.hadoop_hadoop-aws-3.3.4.jar with timestamp 1775488504523
[2026-04-06T15:15:05.107+0000] {subprocess.py:93} INFO - 26/04/06 15:15:05 INFO Utils: Copying /home/airflow/.ivy2/jars/org.apache.hadoop_hadoop-aws-3.3.4.jar to /tmp/spark-ae53f257-fea1-4e9c-b63e-21e464d013c3/userFiles-3f621f00-bef8-44b4-893c-ffc389ba649b/org.apache.hadoop_hadoop-aws-3.3.4.jar
[2026-04-06T15:15:05.115+0000] {subprocess.py:93} INFO - 26/04/06 15:15:05 INFO SparkContext: Added file file:///home/airflow/.ivy2/jars/com.amazonaws_aws-java-sdk-bundle-1.12.262.jar at spark://7c36fe5f1e47:35837/files/com.amazonaws_aws-java-sdk-bundle-1.12.262.jar with timestamp 1775488504523
[2026-04-06T15:15:05.116+0000] {subprocess.py:93} INFO - 26/04/06 15:15:05 INFO Utils: Copying /home/airflow/.ivy2/jars/com.amazonaws_aws-java-sdk-bundle-1.12.262.jar to /tmp/spark-ae53f257-fea1-4e9c-b63e-21e464d013c3/userFiles-3f621f00-bef8-44b4-893c-ffc389ba649b/com.amazonaws_aws-java-sdk-bundle-1.12.262.jar
[2026-04-06T15:15:06.014+0000] {subprocess.py:93} INFO - 26/04/06 15:15:06 INFO SparkContext: Added file file:///home/airflow/.ivy2/jars/org.wildfly.openssl_wildfly-openssl-1.0.7.Final.jar at spark://7c36fe5f1e47:35837/files/org.wildfly.openssl_wildfly-openssl-1.0.7.Final.jar with timestamp 1775488504523
[2026-04-06T15:15:06.015+0000] {subprocess.py:93} INFO - 26/04/06 15:15:06 INFO Utils: Copying /home/airflow/.ivy2/jars/org.wildfly.openssl_wildfly-openssl-1.0.7.Final.jar to /tmp/spark-ae53f257-fea1-4e9c-b63e-21e464d013c3/userFiles-3f621f00-bef8-44b4-893c-ffc389ba649b/org.wildfly.openssl_wildfly-openssl-1.0.7.Final.jar
[2026-04-06T15:15:06.072+0000] {subprocess.py:93} INFO - 26/04/06 15:15:06 INFO StandaloneAppClient$ClientEndpoint: Connecting to master spark://spark-master:7077...
[2026-04-06T15:15:06.099+0000] {subprocess.py:93} INFO - 26/04/06 15:15:06 INFO TransportClientFactory: Successfully created connection to spark-master/172.18.0.2:7077 after 15 ms (0 ms spent in bootstraps)
[2026-04-06T15:15:06.232+0000] {subprocess.py:93} INFO - 26/04/06 15:15:06 INFO StandaloneSchedulerBackend: Connected to Spark cluster with app ID app-20260406151506-0001
[2026-04-06T15:15:06.239+0000] {subprocess.py:93} INFO - 26/04/06 15:15:06 INFO Utils: Successfully started service 'org.apache.spark.network.netty.NettyBlockTransferService' on port 37237.
[2026-04-06T15:15:06.239+0000] {subprocess.py:93} INFO - 26/04/06 15:15:06 INFO NettyBlockTransferService: Server created on 7c36fe5f1e47:37237
[2026-04-06T15:15:06.240+0000] {subprocess.py:93} INFO - 26/04/06 15:15:06 INFO BlockManager: Using org.apache.spark.storage.RandomBlockReplicationPolicy for block replication policy
[2026-04-06T15:15:06.245+0000] {subprocess.py:93} INFO - 26/04/06 15:15:06 INFO BlockManagerMaster: Registering BlockManager BlockManagerId(driver, 7c36fe5f1e47, 37237, None)
[2026-04-06T15:15:06.248+0000] {subprocess.py:93} INFO - 26/04/06 15:15:06 INFO BlockManagerMasterEndpoint: Registering block manager 7c36fe5f1e47:37237 with 434.4 MiB RAM, BlockManagerId(driver, 7c36fe5f1e47, 37237, None)
[2026-04-06T15:15:06.250+0000] {subprocess.py:93} INFO - 26/04/06 15:15:06 INFO BlockManagerMaster: Registered BlockManager BlockManagerId(driver, 7c36fe5f1e47, 37237, None)
[2026-04-06T15:15:06.251+0000] {subprocess.py:93} INFO - 26/04/06 15:15:06 INFO BlockManager: Initialized BlockManager: BlockManagerId(driver, 7c36fe5f1e47, 37237, None)
[2026-04-06T15:15:06.423+0000] {subprocess.py:93} INFO - 26/04/06 15:15:06 INFO StandaloneSchedulerBackend: SchedulerBackend is ready for scheduling beginning after reached minRegisteredResourcesRatio: 0.0
[2026-04-06T15:15:06.578+0000] {subprocess.py:93} INFO - 26/04/06 15:15:06 INFO SharedState: Setting hive.metastore.warehouse.dir ('null') to the value of spark.sql.warehouse.dir.
[2026-04-06T15:15:06.579+0000] {subprocess.py:93} INFO - 26/04/06 15:15:06 INFO SharedState: Warehouse path is 'file:/tmp/airflowtmpcnm6ikff/spark-warehouse'.
[2026-04-06T15:15:07.353+0000] {subprocess.py:93} INFO - 26/04/06 15:15:07 WARN MetricsConfig: Cannot locate configuration: tried hadoop-metrics2-s3a-file-system.properties,hadoop-metrics2.properties
[2026-04-06T15:15:07.360+0000] {subprocess.py:93} INFO - 26/04/06 15:15:07 INFO MetricsSystemImpl: Scheduled Metric snapshot period at 10 second(s).
[2026-04-06T15:15:07.362+0000] {subprocess.py:93} INFO - 26/04/06 15:15:07 INFO MetricsSystemImpl: s3a-file-system metrics system started
[2026-04-06T15:15:08.159+0000] {subprocess.py:93} INFO - 26/04/06 15:15:08 INFO InMemoryFileIndex: It took 54 ms to list leaf files for 1 paths.
[2026-04-06T15:15:08.237+0000] {subprocess.py:93} INFO - 26/04/06 15:15:08 INFO InMemoryFileIndex: It took 15 ms to list leaf files for 1 paths.
[2026-04-06T15:15:09.759+0000] {subprocess.py:93} INFO - 26/04/06 15:15:09 INFO FileSourceStrategy: Pushed Filters:
[2026-04-06T15:15:09.760+0000] {subprocess.py:93} INFO - 26/04/06 15:15:09 INFO FileSourceStrategy: Post-Scan Filters: (length(trim(value#0, None)) > 0)
[2026-04-06T15:15:10.113+0000] {subprocess.py:93} INFO - 26/04/06 15:15:10 INFO CodeGenerator: Code generated in 137.883307 ms
[2026-04-06T15:15:10.153+0000] {subprocess.py:93} INFO - 26/04/06 15:15:10 INFO MemoryStore: Block broadcast_0 stored as values in memory (estimated size 203.2 KiB, free 434.2 MiB)
[2026-04-06T15:15:10.204+0000] {subprocess.py:93} INFO - 26/04/06 15:15:10 INFO MemoryStore: Block broadcast_0_piece0 stored as bytes in memory (estimated size 35.2 KiB, free 434.2 MiB)
[2026-04-06T15:15:10.209+0000] {subprocess.py:93} INFO - 26/04/06 15:15:10 INFO BlockManagerInfo: Added broadcast_0_piece0 in memory on 7c36fe5f1e47:37237 (size: 35.2 KiB, free: 434.4 MiB)
[2026-04-06T15:15:10.212+0000] {subprocess.py:93} INFO - 26/04/06 15:15:10 INFO SparkContext: Created broadcast 0 from csv at NativeMethodAccessorImpl.java:0
[2026-04-06T15:15:10.220+0000] {subprocess.py:93} INFO - 26/04/06 15:15:10 INFO FileSourceScanExec: Planning scan with bin packing, max size: 4194304 bytes, open cost is considered as scanning 4194304 bytes.
[2026-04-06T15:15:10.294+0000] {subprocess.py:93} INFO - 26/04/06 15:15:10 INFO SparkContext: Starting job: csv at NativeMethodAccessorImpl.java:0
[2026-04-06T15:15:10.304+0000] {subprocess.py:93} INFO - 26/04/06 15:15:10 INFO DAGScheduler: Got job 0 (csv at NativeMethodAccessorImpl.java:0) with 1 output partitions
[2026-04-06T15:15:10.305+0000] {subprocess.py:93} INFO - 26/04/06 15:15:10 INFO DAGScheduler: Final stage: ResultStage 0 (csv at NativeMethodAccessorImpl.java:0)
[2026-04-06T15:15:10.305+0000] {subprocess.py:93} INFO - 26/04/06 15:15:10 INFO DAGScheduler: Parents of final stage: List()
[2026-04-06T15:15:10.306+0000] {subprocess.py:93} INFO - 26/04/06 15:15:10 INFO DAGScheduler: Missing parents: List()
[2026-04-06T15:15:10.309+0000] {subprocess.py:93} INFO - 26/04/06 15:15:10 INFO DAGScheduler: Submitting ResultStage 0 (MapPartitionsRDD[3] at csv at NativeMethodAccessorImpl.java:0), which has no missing parents
[2026-04-06T15:15:10.358+0000] {subprocess.py:93} INFO - 26/04/06 15:15:10 INFO MemoryStore: Block broadcast_1 stored as values in memory (estimated size 13.5 KiB, free 434.2 MiB)
[2026-04-06T15:15:10.364+0000] {subprocess.py:93} INFO - 26/04/06 15:15:10 INFO MemoryStore: Block broadcast_1_piece0 stored as bytes in memory (estimated size 6.4 KiB, free 434.1 MiB)
[2026-04-06T15:15:10.365+0000] {subprocess.py:93} INFO - 26/04/06 15:15:10 INFO BlockManagerInfo: Added broadcast_1_piece0 in memory on 7c36fe5f1e47:37237 (size: 6.4 KiB, free: 434.4 MiB)
[2026-04-06T15:15:10.365+0000] {subprocess.py:93} INFO - 26/04/06 15:15:10 INFO SparkContext: Created broadcast 1 from broadcast at DAGScheduler.scala:1611
[2026-04-06T15:15:10.383+0000] {subprocess.py:93} INFO - 26/04/06 15:15:10 INFO DAGScheduler: Submitting 1 missing tasks from ResultStage 0 (MapPartitionsRDD[3] at csv at NativeMethodAccessorImpl.java:0) (first 15 tasks are for partitions Vector(0))
[2026-04-06T15:15:10.384+0000] {subprocess.py:93} INFO - 26/04/06 15:15:10 INFO TaskSchedulerImpl: Adding task set 0.0 with 1 tasks resource profile 0
[2026-04-06T15:15:16.058+0000] {subprocess.py:93} INFO - 26/04/06 15:15:16 INFO StandaloneAppClient$ClientEndpoint: Executor added: app-20260406151506-0001/0 on worker-20260406151442-172.18.0.6-34727 (172.18.0.6:34727) with 16 core(s)
[2026-04-06T15:15:16.059+0000] {subprocess.py:93} INFO - 26/04/06 15:15:16 INFO StandaloneSchedulerBackend: Granted executor ID app-20260406151506-0001/0 on hostPort 172.18.0.6:34727 with 16 core(s), 1024.0 MiB RAM
[2026-04-06T15:15:16.087+0000] {subprocess.py:93} INFO - 26/04/06 15:15:16 INFO StandaloneAppClient$ClientEndpoint: Executor updated: app-20260406151506-0001/0 is now RUNNING
[2026-04-06T15:15:17.427+0000] {subprocess.py:93} INFO - 26/04/06 15:15:17 INFO StandaloneSchedulerBackend$StandaloneDriverEndpoint: Registered executor NettyRpcEndpointRef(spark-client://Executor) (172.18.0.6:47660) with ID 0,  ResourceProfileId 0
[2026-04-06T15:15:17.467+0000] {subprocess.py:93} INFO - 26/04/06 15:15:17 INFO BlockManagerMasterEndpoint: Registering block manager 172.18.0.6:44965 with 434.4 MiB RAM, BlockManagerId(0, 172.18.0.6, 44965, None)
[2026-04-06T15:15:19.328+0000] {subprocess.py:93} INFO - 26/04/06 15:15:19 INFO TaskSetManager: Starting task 0.0 in stage 0.0 (TID 0) (172.18.0.6, executor 0, partition 0, PROCESS_LOCAL, 10342 bytes)
[2026-04-06T15:15:19.460+0000] {subprocess.py:93} INFO - 26/04/06 15:15:19 INFO BlockManagerInfo: Added broadcast_1_piece0 in memory on 172.18.0.6:44965 (size: 6.4 KiB, free: 434.4 MiB)
[2026-04-06T15:15:19.957+0000] {subprocess.py:93} INFO - 26/04/06 15:15:19 INFO BlockManagerInfo: Added broadcast_0_piece0 in memory on 172.18.0.6:44965 (size: 35.2 KiB, free: 434.4 MiB)
[2026-04-06T15:15:20.659+0000] {subprocess.py:93} INFO - 26/04/06 15:15:20 INFO TaskSetManager: Finished task 0.0 in stage 0.0 (TID 0) in 1337 ms on 172.18.0.6 (executor 0) (1/1)
[2026-04-06T15:15:20.660+0000] {subprocess.py:93} INFO - 26/04/06 15:15:20 INFO TaskSchedulerImpl: Removed TaskSet 0.0, whose tasks have all completed, from pool
[2026-04-06T15:15:20.663+0000] {subprocess.py:93} INFO - 26/04/06 15:15:20 INFO DAGScheduler: ResultStage 0 (csv at NativeMethodAccessorImpl.java:0) finished in 10.344 s
[2026-04-06T15:15:20.664+0000] {subprocess.py:93} INFO - 26/04/06 15:15:20 INFO DAGScheduler: Job 0 is finished. Cancelling potential speculative or zombie tasks for this job
[2026-04-06T15:15:20.665+0000] {subprocess.py:93} INFO - 26/04/06 15:15:20 INFO TaskSchedulerImpl: Killing all running tasks in stage 0: Stage finished
[2026-04-06T15:15:20.666+0000] {subprocess.py:93} INFO - 26/04/06 15:15:20 INFO DAGScheduler: Job 0 finished: csv at NativeMethodAccessorImpl.java:0, took 10.372624 s
[2026-04-06T15:15:20.681+0000] {subprocess.py:93} INFO - 26/04/06 15:15:20 INFO CodeGenerator: Code generated in 7.946128 ms
[2026-04-06T15:15:20.704+0000] {subprocess.py:93} INFO - 26/04/06 15:15:20 INFO BlockManagerInfo: Removed broadcast_1_piece0 on 7c36fe5f1e47:37237 in memory (size: 6.4 KiB, free: 434.4 MiB)
[2026-04-06T15:15:20.709+0000] {subprocess.py:93} INFO - 26/04/06 15:15:20 INFO FileSourceStrategy: Pushed Filters:
[2026-04-06T15:15:20.709+0000] {subprocess.py:93} INFO - 26/04/06 15:15:20 INFO FileSourceStrategy: Post-Scan Filters:
[2026-04-06T15:15:20.712+0000] {subprocess.py:93} INFO - 26/04/06 15:15:20 INFO BlockManagerInfo: Removed broadcast_1_piece0 on 172.18.0.6:44965 in memory (size: 6.4 KiB, free: 434.4 MiB)
[2026-04-06T15:15:20.713+0000] {subprocess.py:93} INFO - 26/04/06 15:15:20 INFO MemoryStore: Block broadcast_2 stored as values in memory (estimated size 203.2 KiB, free 434.0 MiB)
[2026-04-06T15:15:20.721+0000] {subprocess.py:93} INFO - 26/04/06 15:15:20 INFO MemoryStore: Block broadcast_2_piece0 stored as bytes in memory (estimated size 35.2 KiB, free 433.9 MiB)
[2026-04-06T15:15:20.722+0000] {subprocess.py:93} INFO - 26/04/06 15:15:20 INFO BlockManagerInfo: Added broadcast_2_piece0 in memory on 7c36fe5f1e47:37237 (size: 35.2 KiB, free: 434.3 MiB)
[2026-04-06T15:15:20.723+0000] {subprocess.py:93} INFO - 26/04/06 15:15:20 INFO SparkContext: Created broadcast 2 from csv at NativeMethodAccessorImpl.java:0
[2026-04-06T15:15:20.725+0000] {subprocess.py:93} INFO - 26/04/06 15:15:20 INFO FileSourceScanExec: Planning scan with bin packing, max size: 4194304 bytes, open cost is considered as scanning 4194304 bytes.
[2026-04-06T15:15:20.762+0000] {subprocess.py:93} INFO - 26/04/06 15:15:20 INFO SparkContext: Starting job: csv at NativeMethodAccessorImpl.java:0
[2026-04-06T15:15:20.763+0000] {subprocess.py:93} INFO - 26/04/06 15:15:20 INFO DAGScheduler: Got job 1 (csv at NativeMethodAccessorImpl.java:0) with 1 output partitions
[2026-04-06T15:15:20.763+0000] {subprocess.py:93} INFO - 26/04/06 15:15:20 INFO DAGScheduler: Final stage: ResultStage 1 (csv at NativeMethodAccessorImpl.java:0)
[2026-04-06T15:15:20.763+0000] {subprocess.py:93} INFO - 26/04/06 15:15:20 INFO DAGScheduler: Parents of final stage: List()
[2026-04-06T15:15:20.764+0000] {subprocess.py:93} INFO - 26/04/06 15:15:20 INFO DAGScheduler: Missing parents: List()
[2026-04-06T15:15:20.764+0000] {subprocess.py:93} INFO - 26/04/06 15:15:20 INFO DAGScheduler: Submitting ResultStage 1 (MapPartitionsRDD[9] at csv at NativeMethodAccessorImpl.java:0), which has no missing parents
[2026-04-06T15:15:20.774+0000] {subprocess.py:93} INFO - 26/04/06 15:15:20 INFO MemoryStore: Block broadcast_3 stored as values in memory (estimated size 29.4 KiB, free 433.9 MiB)
[2026-04-06T15:15:20.779+0000] {subprocess.py:93} INFO - 26/04/06 15:15:20 INFO MemoryStore: Block broadcast_3_piece0 stored as bytes in memory (estimated size 13.2 KiB, free 433.9 MiB)
[2026-04-06T15:15:20.779+0000] {subprocess.py:93} INFO - 26/04/06 15:15:20 INFO BlockManagerInfo: Added broadcast_3_piece0 in memory on 7c36fe5f1e47:37237 (size: 13.2 KiB, free: 434.3 MiB)
[2026-04-06T15:15:20.785+0000] {subprocess.py:93} INFO - 26/04/06 15:15:20 INFO SparkContext: Created broadcast 3 from broadcast at DAGScheduler.scala:1611
[2026-04-06T15:15:20.786+0000] {subprocess.py:93} INFO - 26/04/06 15:15:20 INFO DAGScheduler: Submitting 1 missing tasks from ResultStage 1 (MapPartitionsRDD[9] at csv at NativeMethodAccessorImpl.java:0) (first 15 tasks are for partitions Vector(0))
[2026-04-06T15:15:20.787+0000] {subprocess.py:93} INFO - 26/04/06 15:15:20 INFO TaskSchedulerImpl: Adding task set 1.0 with 1 tasks resource profile 0
[2026-04-06T15:15:20.787+0000] {subprocess.py:93} INFO - 26/04/06 15:15:20 INFO TaskSetManager: Starting task 0.0 in stage 1.0 (TID 1) (172.18.0.6, executor 0, partition 0, PROCESS_LOCAL, 10342 bytes)
[2026-04-06T15:15:20.801+0000] {subprocess.py:93} INFO - 26/04/06 15:15:20 INFO BlockManagerInfo: Added broadcast_3_piece0 in memory on 172.18.0.6:44965 (size: 13.2 KiB, free: 434.4 MiB)
[2026-04-06T15:15:21.338+0000] {subprocess.py:93} INFO - 26/04/06 15:15:21 INFO BlockManagerInfo: Added broadcast_2_piece0 in memory on 172.18.0.6:44965 (size: 35.2 KiB, free: 434.3 MiB)
[2026-04-06T15:15:21.420+0000] {subprocess.py:93} INFO - 26/04/06 15:15:21 INFO TaskSetManager: Finished task 0.0 in stage 1.0 (TID 1) in 639 ms on 172.18.0.6 (executor 0) (1/1)
[2026-04-06T15:15:21.421+0000] {subprocess.py:93} INFO - 26/04/06 15:15:21 INFO TaskSchedulerImpl: Removed TaskSet 1.0, whose tasks have all completed, from pool
[2026-04-06T15:15:21.421+0000] {subprocess.py:93} INFO - 26/04/06 15:15:21 INFO DAGScheduler: ResultStage 1 (csv at NativeMethodAccessorImpl.java:0) finished in 0.656 s
[2026-04-06T15:15:21.421+0000] {subprocess.py:93} INFO - 26/04/06 15:15:21 INFO DAGScheduler: Job 1 is finished. Cancelling potential speculative or zombie tasks for this job
[2026-04-06T15:15:21.421+0000] {subprocess.py:93} INFO - 26/04/06 15:15:21 INFO TaskSchedulerImpl: Killing all running tasks in stage 1: Stage finished
[2026-04-06T15:15:21.423+0000] {subprocess.py:93} INFO - 26/04/06 15:15:21 INFO DAGScheduler: Job 1 finished: csv at NativeMethodAccessorImpl.java:0, took 0.659685 s
[2026-04-06T15:15:21.552+0000] {subprocess.py:93} INFO - 26/04/06 15:15:21 INFO FileSourceStrategy: Pushed Filters:
[2026-04-06T15:15:21.553+0000] {subprocess.py:93} INFO - 26/04/06 15:15:21 INFO FileSourceStrategy: Post-Scan Filters: isnotnull(trim(patient_id#17, None))
[2026-04-06T15:15:21.631+0000] {subprocess.py:93} INFO - 26/04/06 15:15:21 INFO CodeGenerator: Code generated in 19.695661 ms
[2026-04-06T15:15:21.634+0000] {subprocess.py:93} INFO - 26/04/06 15:15:21 INFO MemoryStore: Block broadcast_4 stored as values in memory (estimated size 203.1 KiB, free 433.7 MiB)
[2026-04-06T15:15:21.642+0000] {subprocess.py:93} INFO - 26/04/06 15:15:21 INFO BlockManagerInfo: Removed broadcast_3_piece0 on 7c36fe5f1e47:37237 in memory (size: 13.2 KiB, free: 434.3 MiB)
[2026-04-06T15:15:21.643+0000] {subprocess.py:93} INFO - 26/04/06 15:15:21 INFO MemoryStore: Block broadcast_4_piece0 stored as bytes in memory (estimated size 35.2 KiB, free 433.7 MiB)
[2026-04-06T15:15:21.644+0000] {subprocess.py:93} INFO - 26/04/06 15:15:21 INFO BlockManagerInfo: Added broadcast_4_piece0 in memory on 7c36fe5f1e47:37237 (size: 35.2 KiB, free: 434.3 MiB)
[2026-04-06T15:15:21.645+0000] {subprocess.py:93} INFO - 26/04/06 15:15:21 INFO SparkContext: Created broadcast 4 from parquet at NativeMethodAccessorImpl.java:0
[2026-04-06T15:15:21.646+0000] {subprocess.py:93} INFO - 26/04/06 15:15:21 INFO BlockManagerInfo: Removed broadcast_3_piece0 on 172.18.0.6:44965 in memory (size: 13.2 KiB, free: 434.3 MiB)
[2026-04-06T15:15:21.649+0000] {subprocess.py:93} INFO - 26/04/06 15:15:21 INFO FileSourceScanExec: Planning scan with bin packing, max size: 4194304 bytes, open cost is considered as scanning 4194304 bytes.
[2026-04-06T15:15:21.672+0000] {subprocess.py:93} INFO - 26/04/06 15:15:21 INFO DAGScheduler: Registering RDD 14 (parquet at NativeMethodAccessorImpl.java:0) as input to shuffle 0
[2026-04-06T15:15:21.674+0000] {subprocess.py:93} INFO - 26/04/06 15:15:21 INFO DAGScheduler: Got map stage job 2 (parquet at NativeMethodAccessorImpl.java:0) with 1 output partitions
[2026-04-06T15:15:21.676+0000] {subprocess.py:93} INFO - 26/04/06 15:15:21 INFO DAGScheduler: Final stage: ShuffleMapStage 2 (parquet at NativeMethodAccessorImpl.java:0)
[2026-04-06T15:15:21.676+0000] {subprocess.py:93} INFO - 26/04/06 15:15:21 INFO DAGScheduler: Parents of final stage: List()
[2026-04-06T15:15:21.676+0000] {subprocess.py:93} INFO - 26/04/06 15:15:21 INFO DAGScheduler: Missing parents: List()
[2026-04-06T15:15:21.677+0000] {subprocess.py:93} INFO - 26/04/06 15:15:21 INFO DAGScheduler: Submitting ShuffleMapStage 2 (MapPartitionsRDD[14] at parquet at NativeMethodAccessorImpl.java:0), which has no missing parents
[2026-04-06T15:15:21.685+0000] {subprocess.py:93} INFO - 26/04/06 15:15:21 INFO MemoryStore: Block broadcast_5 stored as values in memory (estimated size 39.3 KiB, free 433.7 MiB)
[2026-04-06T15:15:21.689+0000] {subprocess.py:93} INFO - 26/04/06 15:15:21 INFO MemoryStore: Block broadcast_5_piece0 stored as bytes in memory (estimated size 17.5 KiB, free 433.6 MiB)
[2026-04-06T15:15:21.691+0000] {subprocess.py:93} INFO - 26/04/06 15:15:21 INFO BlockManagerInfo: Added broadcast_5_piece0 in memory on 7c36fe5f1e47:37237 (size: 17.5 KiB, free: 434.3 MiB)
[2026-04-06T15:15:21.691+0000] {subprocess.py:93} INFO - 26/04/06 15:15:21 INFO BlockManagerInfo: Removed broadcast_2_piece0 on 7c36fe5f1e47:37237 in memory (size: 35.2 KiB, free: 434.3 MiB)
[2026-04-06T15:15:21.692+0000] {subprocess.py:93} INFO - 26/04/06 15:15:21 INFO SparkContext: Created broadcast 5 from broadcast at DAGScheduler.scala:1611
[2026-04-06T15:15:21.693+0000] {subprocess.py:93} INFO - 26/04/06 15:15:21 INFO DAGScheduler: Submitting 1 missing tasks from ShuffleMapStage 2 (MapPartitionsRDD[14] at parquet at NativeMethodAccessorImpl.java:0) (first 15 tasks are for partitions Vector(0))
[2026-04-06T15:15:21.693+0000] {subprocess.py:93} INFO - 26/04/06 15:15:21 INFO TaskSchedulerImpl: Adding task set 2.0 with 1 tasks resource profile 0
[2026-04-06T15:15:21.694+0000] {subprocess.py:93} INFO - 26/04/06 15:15:21 INFO BlockManagerInfo: Removed broadcast_2_piece0 on 172.18.0.6:44965 in memory (size: 35.2 KiB, free: 434.4 MiB)
[2026-04-06T15:15:21.695+0000] {subprocess.py:93} INFO - 26/04/06 15:15:21 INFO TaskSetManager: Starting task 0.0 in stage 2.0 (TID 2) (172.18.0.6, executor 0, partition 0, PROCESS_LOCAL, 10331 bytes)
[2026-04-06T15:15:21.712+0000] {subprocess.py:93} INFO - 26/04/06 15:15:21 INFO BlockManagerInfo: Added broadcast_5_piece0 in memory on 172.18.0.6:44965 (size: 17.5 KiB, free: 434.3 MiB)
[2026-04-06T15:15:21.846+0000] {subprocess.py:93} INFO - 26/04/06 15:15:21 INFO BlockManagerInfo: Added broadcast_4_piece0 in memory on 172.18.0.6:44965 (size: 35.2 KiB, free: 434.3 MiB)
[2026-04-06T15:15:22.159+0000] {subprocess.py:93} INFO - 26/04/06 15:15:22 INFO TaskSetManager: Finished task 0.0 in stage 2.0 (TID 2) in 465 ms on 172.18.0.6 (executor 0) (1/1)
[2026-04-06T15:15:22.160+0000] {subprocess.py:93} INFO - 26/04/06 15:15:22 INFO TaskSchedulerImpl: Removed TaskSet 2.0, whose tasks have all completed, from pool
[2026-04-06T15:15:22.161+0000] {subprocess.py:93} INFO - 26/04/06 15:15:22 INFO DAGScheduler: ShuffleMapStage 2 (parquet at NativeMethodAccessorImpl.java:0) finished in 0.484 s
[2026-04-06T15:15:22.161+0000] {subprocess.py:93} INFO - 26/04/06 15:15:22 INFO DAGScheduler: looking for newly runnable stages
[2026-04-06T15:15:22.161+0000] {subprocess.py:93} INFO - 26/04/06 15:15:22 INFO DAGScheduler: running: Set()
[2026-04-06T15:15:22.162+0000] {subprocess.py:93} INFO - 26/04/06 15:15:22 INFO DAGScheduler: waiting: Set()
[2026-04-06T15:15:22.162+0000] {subprocess.py:93} INFO - 26/04/06 15:15:22 INFO DAGScheduler: failed: Set()
[2026-04-06T15:15:22.172+0000] {subprocess.py:93} INFO - 26/04/06 15:15:22 INFO ShufflePartitionsUtil: For shuffle(0), advisory target size: 67108864, actual target size 1048576, minimum partition size: 1048576
[2026-04-06T15:15:22.271+0000] {subprocess.py:93} INFO - 26/04/06 15:15:22 INFO ParquetUtils: Using default output committer for Parquet: org.apache.parquet.hadoop.ParquetOutputCommitter
[2026-04-06T15:15:22.284+0000] {subprocess.py:93} INFO - 26/04/06 15:15:22 INFO FileOutputCommitter: File Output Committer Algorithm version is 1
[2026-04-06T15:15:22.285+0000] {subprocess.py:93} INFO - 26/04/06 15:15:22 INFO FileOutputCommitter: FileOutputCommitter skip cleanup _temporary folders under output directory:false, ignore cleanup failures: false
[2026-04-06T15:15:22.286+0000] {subprocess.py:93} INFO - 26/04/06 15:15:22 INFO SQLHadoopMapReduceCommitProtocol: Using user defined output committer class org.apache.parquet.hadoop.ParquetOutputCommitter
[2026-04-06T15:15:22.286+0000] {subprocess.py:93} INFO - 26/04/06 15:15:22 INFO FileOutputCommitter: File Output Committer Algorithm version is 1
[2026-04-06T15:15:22.286+0000] {subprocess.py:93} INFO - 26/04/06 15:15:22 INFO FileOutputCommitter: FileOutputCommitter skip cleanup _temporary folders under output directory:false, ignore cleanup failures: false
[2026-04-06T15:15:22.286+0000] {subprocess.py:93} INFO - 26/04/06 15:15:22 INFO SQLHadoopMapReduceCommitProtocol: Using output committer class org.apache.parquet.hadoop.ParquetOutputCommitter
[2026-04-06T15:15:22.327+0000] {subprocess.py:93} INFO - 26/04/06 15:15:22 INFO CodeGenerator: Code generated in 7.984395 ms
[2026-04-06T15:15:22.340+0000] {subprocess.py:93} INFO - 26/04/06 15:15:22 INFO SparkContext: Starting job: parquet at NativeMethodAccessorImpl.java:0
[2026-04-06T15:15:22.341+0000] {subprocess.py:93} INFO - 26/04/06 15:15:22 INFO DAGScheduler: Got job 3 (parquet at NativeMethodAccessorImpl.java:0) with 1 output partitions
[2026-04-06T15:15:22.341+0000] {subprocess.py:93} INFO - 26/04/06 15:15:22 INFO DAGScheduler: Final stage: ResultStage 4 (parquet at NativeMethodAccessorImpl.java:0)
[2026-04-06T15:15:22.342+0000] {subprocess.py:93} INFO - 26/04/06 15:15:22 INFO DAGScheduler: Parents of final stage: List(ShuffleMapStage 3)
[2026-04-06T15:15:22.342+0000] {subprocess.py:93} INFO - 26/04/06 15:15:22 INFO DAGScheduler: Missing parents: List()
[2026-04-06T15:15:22.343+0000] {subprocess.py:93} INFO - 26/04/06 15:15:22 INFO DAGScheduler: Submitting ResultStage 4 (MapPartitionsRDD[18] at parquet at NativeMethodAccessorImpl.java:0), which has no missing parents
[2026-04-06T15:15:22.364+0000] {subprocess.py:93} INFO - 26/04/06 15:15:22 INFO MemoryStore: Block broadcast_6 stored as values in memory (estimated size 251.8 KiB, free 433.6 MiB)
[2026-04-06T15:15:22.369+0000] {subprocess.py:93} INFO - 26/04/06 15:15:22 INFO MemoryStore: Block broadcast_6_piece0 stored as bytes in memory (estimated size 92.6 KiB, free 433.5 MiB)
[2026-04-06T15:15:22.370+0000] {subprocess.py:93} INFO - 26/04/06 15:15:22 INFO BlockManagerInfo: Added broadcast_6_piece0 in memory on 7c36fe5f1e47:37237 (size: 92.6 KiB, free: 434.2 MiB)
[2026-04-06T15:15:22.370+0000] {subprocess.py:93} INFO - 26/04/06 15:15:22 INFO BlockManagerInfo: Removed broadcast_5_piece0 on 7c36fe5f1e47:37237 in memory (size: 17.5 KiB, free: 434.2 MiB)
[2026-04-06T15:15:22.370+0000] {subprocess.py:93} INFO - 26/04/06 15:15:22 INFO SparkContext: Created broadcast 6 from broadcast at DAGScheduler.scala:1611
[2026-04-06T15:15:22.371+0000] {subprocess.py:93} INFO - 26/04/06 15:15:22 INFO DAGScheduler: Submitting 1 missing tasks from ResultStage 4 (MapPartitionsRDD[18] at parquet at NativeMethodAccessorImpl.java:0) (first 15 tasks are for partitions Vector(0))
[2026-04-06T15:15:22.371+0000] {subprocess.py:93} INFO - 26/04/06 15:15:22 INFO TaskSchedulerImpl: Adding task set 4.0 with 1 tasks resource profile 0
[2026-04-06T15:15:22.372+0000] {subprocess.py:93} INFO - 26/04/06 15:15:22 INFO BlockManagerInfo: Removed broadcast_5_piece0 on 172.18.0.6:44965 in memory (size: 17.5 KiB, free: 434.3 MiB)
[2026-04-06T15:15:22.374+0000] {subprocess.py:93} INFO - 26/04/06 15:15:22 INFO TaskSetManager: Starting task 0.0 in stage 4.0 (TID 3) (172.18.0.6, executor 0, partition 0, NODE_LOCAL, 9733 bytes)
[2026-04-06T15:15:22.385+0000] {subprocess.py:93} INFO - 26/04/06 15:15:22 INFO BlockManagerInfo: Added broadcast_6_piece0 in memory on 172.18.0.6:44965 (size: 92.6 KiB, free: 434.2 MiB)
[2026-04-06T15:15:22.421+0000] {subprocess.py:93} INFO - 26/04/06 15:15:22 INFO MapOutputTrackerMasterEndpoint: Asked to send map output locations for shuffle 0 to 172.18.0.6:47660
[2026-04-06T15:15:23.207+0000] {subprocess.py:93} INFO - 26/04/06 15:15:23 INFO TaskSetManager: Finished task 0.0 in stage 4.0 (TID 3) in 833 ms on 172.18.0.6 (executor 0) (1/1)
[2026-04-06T15:15:23.207+0000] {subprocess.py:93} INFO - 26/04/06 15:15:23 INFO TaskSchedulerImpl: Removed TaskSet 4.0, whose tasks have all completed, from pool
[2026-04-06T15:15:23.209+0000] {subprocess.py:93} INFO - 26/04/06 15:15:23 INFO DAGScheduler: ResultStage 4 (parquet at NativeMethodAccessorImpl.java:0) finished in 0.855 s
[2026-04-06T15:15:23.209+0000] {subprocess.py:93} INFO - 26/04/06 15:15:23 INFO DAGScheduler: Job 3 is finished. Cancelling potential speculative or zombie tasks for this job
[2026-04-06T15:15:23.209+0000] {subprocess.py:93} INFO - 26/04/06 15:15:23 INFO TaskSchedulerImpl: Killing all running tasks in stage 4: Stage finished
[2026-04-06T15:15:23.210+0000] {subprocess.py:93} INFO - 26/04/06 15:15:23 INFO DAGScheduler: Job 3 finished: parquet at NativeMethodAccessorImpl.java:0, took 0.868221 s
[2026-04-06T15:15:23.210+0000] {subprocess.py:93} INFO - 26/04/06 15:15:23 INFO FileFormatWriter: Start to commit write Job dfd5c6dc-b4a6-44bf-aa26-714c39b267e4.
[2026-04-06T15:15:23.327+0000] {subprocess.py:93} INFO - 26/04/06 15:15:23 INFO FileFormatWriter: Write Job dfd5c6dc-b4a6-44bf-aa26-714c39b267e4 committed. Elapsed time: 117 ms.
[2026-04-06T15:15:23.331+0000] {subprocess.py:93} INFO - 26/04/06 15:15:23 INFO FileFormatWriter: Finished processing stats for write job dfd5c6dc-b4a6-44bf-aa26-714c39b267e4.
[2026-04-06T15:15:23.331+0000] {subprocess.py:93} INFO - Patients Bronze -> Silver completed successfully.
[2026-04-06T15:15:23.332+0000] {subprocess.py:93} INFO - 26/04/06 15:15:23 INFO SparkContext: SparkContext is stopping with exitCode 0.
[2026-04-06T15:15:23.339+0000] {subprocess.py:93} INFO - 26/04/06 15:15:23 INFO SparkUI: Stopped Spark web UI at http://7c36fe5f1e47:4041
[2026-04-06T15:15:23.341+0000] {subprocess.py:93} INFO - 26/04/06 15:15:23 INFO StandaloneSchedulerBackend: Shutting down all executors
[2026-04-06T15:15:23.341+0000] {subprocess.py:93} INFO - 26/04/06 15:15:23 INFO StandaloneSchedulerBackend$StandaloneDriverEndpoint: Asking each executor to shut down
[2026-04-06T15:15:23.351+0000] {subprocess.py:93} INFO - 26/04/06 15:15:23 INFO MapOutputTrackerMasterEndpoint: MapOutputTrackerMasterEndpoint stopped!
[2026-04-06T15:15:23.369+0000] {subprocess.py:93} INFO - 26/04/06 15:15:23 INFO MemoryStore: MemoryStore cleared
[2026-04-06T15:15:23.370+0000] {subprocess.py:93} INFO - 26/04/06 15:15:23 INFO BlockManager: BlockManager stopped
[2026-04-06T15:15:23.371+0000] {subprocess.py:93} INFO - 26/04/06 15:15:23 INFO BlockManagerMaster: BlockManagerMaster stopped
[2026-04-06T15:15:23.373+0000] {subprocess.py:93} INFO - 26/04/06 15:15:23 INFO OutputCommitCoordinator$OutputCommitCoordinatorEndpoint: OutputCommitCoordinator stopped!
[2026-04-06T15:15:23.460+0000] {subprocess.py:93} INFO - 26/04/06 15:15:23 INFO SparkContext: Successfully stopped SparkContext
[2026-04-06T15:15:23.982+0000] {subprocess.py:93} INFO - 26/04/06 15:15:23 INFO ShutdownHookManager: Shutdown hook called
[2026-04-06T15:15:23.982+0000] {subprocess.py:93} INFO - 26/04/06 15:15:23 INFO ShutdownHookManager: Deleting directory /tmp/spark-f5b51c75-2c70-499b-a22a-b6ea2a2fcab6
[2026-04-06T15:15:23.986+0000] {subprocess.py:93} INFO - 26/04/06 15:15:23 INFO ShutdownHookManager: Deleting directory /tmp/spark-ae53f257-fea1-4e9c-b63e-21e464d013c3/pyspark-41086208-f6e0-421c-ba62-fd8c310b653f
[2026-04-06T15:15:23.990+0000] {subprocess.py:93} INFO - 26/04/06 15:15:23 INFO ShutdownHookManager: Deleting directory /tmp/spark-ae53f257-fea1-4e9c-b63e-21e464d013c3
[2026-04-06T15:15:23.996+0000] {subprocess.py:93} INFO - 26/04/06 15:15:23 INFO MetricsSystemImpl: Stopping s3a-file-system metrics system...
[2026-04-06T15:15:23.997+0000] {subprocess.py:93} INFO - 26/04/06 15:15:23 INFO MetricsSystemImpl: s3a-file-system metrics system stopped.
[2026-04-06T15:15:23.997+0000] {subprocess.py:93} INFO - 26/04/06 15:15:23 INFO MetricsSystemImpl: s3a-file-system metrics system shutdown complete.
[2026-04-06T15:15:24.074+0000] {subprocess.py:97} INFO - Command exited with return code 0
[2026-04-06T15:15:24.096+0000] {taskinstance.py:1149} INFO - Marking task as SUCCESS. dag_id=bronze_to_silver_and_gold, task_id=run_patients_silver, execution_date=20260406T151500, start_date=20260406T151501, end_date=20260406T151524
[2026-04-06T15:15:24.143+0000] {local_task_job_runner.py:234} INFO - Task exited with return code 0
[2026-04-06T15:15:24.161+0000] {taskinstance.py:3312} INFO - 0 downstream tasks scheduled from follow-on schedule check
