[2026-04-06T15:25:55.015+0000] {taskinstance.py:1979} INFO - Dependencies all met for dep_context=non-requeueable deps ti=<TaskInstance: bronze_to_silver_and_gold.run_encounters_silver manual__2026-04-06T15:25:54.084675+00:00 [queued]>
[2026-04-06T15:25:55.021+0000] {taskinstance.py:1979} INFO - Dependencies all met for dep_context=requeueable deps ti=<TaskInstance: bronze_to_silver_and_gold.run_encounters_silver manual__2026-04-06T15:25:54.084675+00:00 [queued]>
[2026-04-06T15:25:55.022+0000] {taskinstance.py:2193} INFO - Starting attempt 1 of 1
[2026-04-06T15:25:55.031+0000] {taskinstance.py:2217} INFO - Executing <Task(BashOperator): run_encounters_silver> on 2026-04-06 15:25:54.084675+00:00
[2026-04-06T15:25:55.038+0000] {standard_task_runner.py:60} INFO - Started process 188 to run task
[2026-04-06T15:25:55.042+0000] {standard_task_runner.py:87} INFO - Running: ['airflow', 'tasks', 'run', 'bronze_to_silver_and_gold', 'run_encounters_silver', 'manual__2026-04-06T15:25:54.084675+00:00', '--job-id', '41', '--raw', '--subdir', 'DAGS_FOLDER/bronze_to_silver_dag.py', '--cfg-path', '/tmp/tmp_esv6fve']
[2026-04-06T15:25:55.044+0000] {standard_task_runner.py:88} INFO - Job 41: Subtask run_encounters_silver
[2026-04-06T15:25:55.088+0000] {task_command.py:423} INFO - Running <TaskInstance: bronze_to_silver_and_gold.run_encounters_silver manual__2026-04-06T15:25:54.084675+00:00 [running]> on host 7c36fe5f1e47
[2026-04-06T15:25:55.151+0000] {taskinstance.py:2513} INFO - Exporting env vars: AIRFLOW_CTX_DAG_OWNER='airflow' AIRFLOW_CTX_DAG_ID='bronze_to_silver_and_gold' AIRFLOW_CTX_TASK_ID='run_encounters_silver' AIRFLOW_CTX_EXECUTION_DATE='2026-04-06T15:25:54.084675+00:00' AIRFLOW_CTX_TRY_NUMBER='1' AIRFLOW_CTX_DAG_RUN_ID='manual__2026-04-06T15:25:54.084675+00:00'
[2026-04-06T15:25:55.152+0000] {subprocess.py:63} INFO - Tmp dir root location: /tmp
[2026-04-06T15:25:55.153+0000] {subprocess.py:75} INFO - Running command: ['/usr/bin/bash', '-c', '\n/opt/spark/bin/spark-submit \\\n  --master spark://spark-master:7077 \\\n  --packages org.apache.hadoop:hadoop-aws:3.3.4,com.amazonaws:aws-java-sdk-bundle:1.12.262 \\\n  --conf spark.hadoop.fs.s3a.endpoint=http://minio:9000 \\\n  --conf spark.hadoop.fs.s3a.access.key=minioadmin \\\n  --conf spark.hadoop.fs.s3a.secret.key=minioadmin \\\n  --conf spark.hadoop.fs.s3a.path.style.access=true \\\n  --conf spark.hadoop.fs.s3a.impl=org.apache.hadoop.fs.s3a.S3AFileSystem \\\n  /opt/airflow/spark/jobs/bronze_to_silver_encounters.py']
[2026-04-06T15:25:55.163+0000] {subprocess.py:86} INFO - Output:
[2026-04-06T15:25:56.364+0000] {subprocess.py:93} INFO - :: loading settings :: url = jar:file:/opt/spark-3.5.6-bin-hadoop3/jars/ivy-2.5.1.jar!/org/apache/ivy/core/settings/ivysettings.xml
[2026-04-06T15:25:56.428+0000] {subprocess.py:93} INFO - Ivy Default Cache set to: /home/airflow/.ivy2/cache
[2026-04-06T15:25:56.430+0000] {subprocess.py:93} INFO - The jars for the packages stored in: /home/airflow/.ivy2/jars
[2026-04-06T15:25:56.433+0000] {subprocess.py:93} INFO - org.apache.hadoop#hadoop-aws added as a dependency
[2026-04-06T15:25:56.433+0000] {subprocess.py:93} INFO - com.amazonaws#aws-java-sdk-bundle added as a dependency
[2026-04-06T15:25:56.434+0000] {subprocess.py:93} INFO - :: resolving dependencies :: org.apache.spark#spark-submit-parent-660ac83e-6c02-49cc-b261-ffe2710c2df8;1.0
[2026-04-06T15:25:56.434+0000] {subprocess.py:93} INFO - 	confs: [default]
[2026-04-06T15:25:56.568+0000] {subprocess.py:93} INFO - 	found org.apache.hadoop#hadoop-aws;3.3.4 in spark-list
[2026-04-06T15:25:56.596+0000] {subprocess.py:93} INFO - 	found com.amazonaws#aws-java-sdk-bundle;1.12.262 in central
[2026-04-06T15:25:56.620+0000] {subprocess.py:93} INFO - 	found org.wildfly.openssl#wildfly-openssl;1.0.7.Final in central
[2026-04-06T15:25:56.643+0000] {subprocess.py:93} INFO - :: resolution report :: resolve 200ms :: artifacts dl 9ms
[2026-04-06T15:25:56.644+0000] {subprocess.py:93} INFO - 	:: modules in use:
[2026-04-06T15:25:56.644+0000] {subprocess.py:93} INFO - 	com.amazonaws#aws-java-sdk-bundle;1.12.262 from central in [default]
[2026-04-06T15:25:56.645+0000] {subprocess.py:93} INFO - 	org.apache.hadoop#hadoop-aws;3.3.4 from spark-list in [default]
[2026-04-06T15:25:56.645+0000] {subprocess.py:93} INFO - 	org.wildfly.openssl#wildfly-openssl;1.0.7.Final from central in [default]
[2026-04-06T15:25:56.645+0000] {subprocess.py:93} INFO - 	---------------------------------------------------------------------
[2026-04-06T15:25:56.646+0000] {subprocess.py:93} INFO - 	|                  |            modules            ||   artifacts   |
[2026-04-06T15:25:56.646+0000] {subprocess.py:93} INFO - 	|       conf       | number| search|dwnlded|evicted|| number|dwnlded|
[2026-04-06T15:25:56.647+0000] {subprocess.py:93} INFO - 	---------------------------------------------------------------------
[2026-04-06T15:25:56.647+0000] {subprocess.py:93} INFO - 	|      default     |   3   |   0   |   0   |   0   ||   3   |   0   |
[2026-04-06T15:25:56.647+0000] {subprocess.py:93} INFO - 	---------------------------------------------------------------------
[2026-04-06T15:25:56.648+0000] {subprocess.py:93} INFO - :: retrieving :: org.apache.spark#spark-submit-parent-660ac83e-6c02-49cc-b261-ffe2710c2df8
[2026-04-06T15:25:56.648+0000] {subprocess.py:93} INFO - 	confs: [default]
[2026-04-06T15:25:56.654+0000] {subprocess.py:93} INFO - 	0 artifacts copied, 3 already retrieved (0kB/6ms)
[2026-04-06T15:25:56.833+0000] {subprocess.py:93} INFO - 26/04/06 15:25:56 WARN NativeCodeLoader: Unable to load native-hadoop library for your platform... using builtin-java classes where applicable
[2026-04-06T15:25:57.631+0000] {subprocess.py:93} INFO - 26/04/06 15:25:57 INFO SparkContext: Running Spark version 3.5.6
[2026-04-06T15:25:57.632+0000] {subprocess.py:93} INFO - 26/04/06 15:25:57 INFO SparkContext: OS info Linux, 6.6.87.2-microsoft-standard-WSL2, amd64
[2026-04-06T15:25:57.632+0000] {subprocess.py:93} INFO - 26/04/06 15:25:57 INFO SparkContext: Java version 17.0.18
[2026-04-06T15:25:57.647+0000] {subprocess.py:93} INFO - 26/04/06 15:25:57 INFO ResourceUtils: ==============================================================
[2026-04-06T15:25:57.648+0000] {subprocess.py:93} INFO - 26/04/06 15:25:57 INFO ResourceUtils: No custom resources configured for spark.driver.
[2026-04-06T15:25:57.648+0000] {subprocess.py:93} INFO - 26/04/06 15:25:57 INFO ResourceUtils: ==============================================================
[2026-04-06T15:25:57.648+0000] {subprocess.py:93} INFO - 26/04/06 15:25:57 INFO SparkContext: Submitted application: bronze_to_silver_encounters
[2026-04-06T15:25:57.665+0000] {subprocess.py:93} INFO - 26/04/06 15:25:57 INFO ResourceProfile: Default ResourceProfile created, executor resources: Map(memory -> name: memory, amount: 1024, script: , vendor: , offHeap -> name: offHeap, amount: 0, script: , vendor: ), task resources: Map(cpus -> name: cpus, amount: 1.0)
[2026-04-06T15:25:57.670+0000] {subprocess.py:93} INFO - 26/04/06 15:25:57 INFO ResourceProfile: Limiting resource is cpu
[2026-04-06T15:25:57.670+0000] {subprocess.py:93} INFO - 26/04/06 15:25:57 INFO ResourceProfileManager: Added ResourceProfile id: 0
[2026-04-06T15:25:57.704+0000] {subprocess.py:93} INFO - 26/04/06 15:25:57 INFO SecurityManager: Changing view acls to: airflow
[2026-04-06T15:25:57.710+0000] {subprocess.py:93} INFO - 26/04/06 15:25:57 INFO SecurityManager: Changing modify acls to: airflow
[2026-04-06T15:25:57.711+0000] {subprocess.py:93} INFO - 26/04/06 15:25:57 INFO SecurityManager: Changing view acls groups to:
[2026-04-06T15:25:57.711+0000] {subprocess.py:93} INFO - 26/04/06 15:25:57 INFO SecurityManager: Changing modify acls groups to:
[2026-04-06T15:25:57.711+0000] {subprocess.py:93} INFO - 26/04/06 15:25:57 INFO SecurityManager: SecurityManager: authentication disabled; ui acls disabled; users with view permissions: airflow; groups with view permissions: EMPTY; users with modify permissions: airflow; groups with modify permissions: EMPTY
[2026-04-06T15:25:57.838+0000] {subprocess.py:93} INFO - 26/04/06 15:25:57 INFO Utils: Successfully started service 'sparkDriver' on port 33871.
[2026-04-06T15:25:57.855+0000] {subprocess.py:93} INFO - 26/04/06 15:25:57 INFO SparkEnv: Registering MapOutputTracker
[2026-04-06T15:25:57.886+0000] {subprocess.py:93} INFO - 26/04/06 15:25:57 INFO SparkEnv: Registering BlockManagerMaster
[2026-04-06T15:25:57.898+0000] {subprocess.py:93} INFO - 26/04/06 15:25:57 INFO BlockManagerMasterEndpoint: Using org.apache.spark.storage.DefaultTopologyMapper for getting topology information
[2026-04-06T15:25:57.898+0000] {subprocess.py:93} INFO - 26/04/06 15:25:57 INFO BlockManagerMasterEndpoint: BlockManagerMasterEndpoint up
[2026-04-06T15:25:57.901+0000] {subprocess.py:93} INFO - 26/04/06 15:25:57 INFO SparkEnv: Registering BlockManagerMasterHeartbeat
[2026-04-06T15:25:57.918+0000] {subprocess.py:93} INFO - 26/04/06 15:25:57 INFO DiskBlockManager: Created local directory at /tmp/blockmgr-96b5d37b-7831-4c14-8f67-1c616cbbd6a0
[2026-04-06T15:25:57.929+0000] {subprocess.py:93} INFO - 26/04/06 15:25:57 INFO MemoryStore: MemoryStore started with capacity 434.4 MiB
[2026-04-06T15:25:57.939+0000] {subprocess.py:93} INFO - 26/04/06 15:25:57 INFO SparkEnv: Registering OutputCommitCoordinator
[2026-04-06T15:25:58.021+0000] {subprocess.py:93} INFO - 26/04/06 15:25:58 INFO JettyUtils: Start Jetty 0.0.0.0:4040 for SparkUI
[2026-04-06T15:25:58.052+0000] {subprocess.py:93} INFO - 26/04/06 15:25:58 WARN Utils: Service 'SparkUI' could not bind on port 4040. Attempting port 4041.
[2026-04-06T15:25:58.052+0000] {subprocess.py:93} INFO - 26/04/06 15:25:58 WARN Utils: Service 'SparkUI' could not bind on port 4041. Attempting port 4042.
[2026-04-06T15:25:58.057+0000] {subprocess.py:93} INFO - 26/04/06 15:25:58 INFO Utils: Successfully started service 'SparkUI' on port 4042.
[2026-04-06T15:25:58.077+0000] {subprocess.py:93} INFO - 26/04/06 15:25:58 INFO SparkContext: Added JAR file:///home/airflow/.ivy2/jars/org.apache.hadoop_hadoop-aws-3.3.4.jar at spark://7c36fe5f1e47:33871/jars/org.apache.hadoop_hadoop-aws-3.3.4.jar with timestamp 1775489157625
[2026-04-06T15:25:58.082+0000] {subprocess.py:93} INFO - 26/04/06 15:25:58 INFO SparkContext: Added JAR file:///home/airflow/.ivy2/jars/com.amazonaws_aws-java-sdk-bundle-1.12.262.jar at spark://7c36fe5f1e47:33871/jars/com.amazonaws_aws-java-sdk-bundle-1.12.262.jar with timestamp 1775489157625
[2026-04-06T15:25:58.083+0000] {subprocess.py:93} INFO - 26/04/06 15:25:58 INFO SparkContext: Added JAR file:///home/airflow/.ivy2/jars/org.wildfly.openssl_wildfly-openssl-1.0.7.Final.jar at spark://7c36fe5f1e47:33871/jars/org.wildfly.openssl_wildfly-openssl-1.0.7.Final.jar with timestamp 1775489157625
[2026-04-06T15:25:58.083+0000] {subprocess.py:93} INFO - 26/04/06 15:25:58 INFO SparkContext: Added file file:///home/airflow/.ivy2/jars/org.apache.hadoop_hadoop-aws-3.3.4.jar at spark://7c36fe5f1e47:33871/files/org.apache.hadoop_hadoop-aws-3.3.4.jar with timestamp 1775489157625
[2026-04-06T15:25:58.083+0000] {subprocess.py:93} INFO - 26/04/06 15:25:58 INFO Utils: Copying /home/airflow/.ivy2/jars/org.apache.hadoop_hadoop-aws-3.3.4.jar to /tmp/spark-9b6e0fc0-10d0-47f7-a2a1-a26118272ad9/userFiles-54223e26-27eb-4638-bd99-1d06f5b76ab6/org.apache.hadoop_hadoop-aws-3.3.4.jar
[2026-04-06T15:25:58.089+0000] {subprocess.py:93} INFO - 26/04/06 15:25:58 INFO SparkContext: Added file file:///home/airflow/.ivy2/jars/com.amazonaws_aws-java-sdk-bundle-1.12.262.jar at spark://7c36fe5f1e47:33871/files/com.amazonaws_aws-java-sdk-bundle-1.12.262.jar with timestamp 1775489157625
[2026-04-06T15:25:58.089+0000] {subprocess.py:93} INFO - 26/04/06 15:25:58 INFO Utils: Copying /home/airflow/.ivy2/jars/com.amazonaws_aws-java-sdk-bundle-1.12.262.jar to /tmp/spark-9b6e0fc0-10d0-47f7-a2a1-a26118272ad9/userFiles-54223e26-27eb-4638-bd99-1d06f5b76ab6/com.amazonaws_aws-java-sdk-bundle-1.12.262.jar
[2026-04-06T15:25:58.425+0000] {subprocess.py:93} INFO - 26/04/06 15:25:58 INFO SparkContext: Added file file:///home/airflow/.ivy2/jars/org.wildfly.openssl_wildfly-openssl-1.0.7.Final.jar at spark://7c36fe5f1e47:33871/files/org.wildfly.openssl_wildfly-openssl-1.0.7.Final.jar with timestamp 1775489157625
[2026-04-06T15:25:58.426+0000] {subprocess.py:93} INFO - 26/04/06 15:25:58 INFO Utils: Copying /home/airflow/.ivy2/jars/org.wildfly.openssl_wildfly-openssl-1.0.7.Final.jar to /tmp/spark-9b6e0fc0-10d0-47f7-a2a1-a26118272ad9/userFiles-54223e26-27eb-4638-bd99-1d06f5b76ab6/org.wildfly.openssl_wildfly-openssl-1.0.7.Final.jar
[2026-04-06T15:25:58.476+0000] {subprocess.py:93} INFO - 26/04/06 15:25:58 INFO StandaloneAppClient$ClientEndpoint: Connecting to master spark://spark-master:7077...
[2026-04-06T15:25:58.502+0000] {subprocess.py:93} INFO - 26/04/06 15:25:58 INFO TransportClientFactory: Successfully created connection to spark-master/172.18.0.3:7077 after 16 ms (0 ms spent in bootstraps)
[2026-04-06T15:25:58.605+0000] {subprocess.py:93} INFO - 26/04/06 15:25:58 INFO StandaloneSchedulerBackend: Connected to Spark cluster with app ID app-20260406152558-0002
[2026-04-06T15:25:58.613+0000] {subprocess.py:93} INFO - 26/04/06 15:25:58 INFO Utils: Successfully started service 'org.apache.spark.network.netty.NettyBlockTransferService' on port 36165.
[2026-04-06T15:25:58.614+0000] {subprocess.py:93} INFO - 26/04/06 15:25:58 INFO NettyBlockTransferService: Server created on 7c36fe5f1e47:36165
[2026-04-06T15:25:58.615+0000] {subprocess.py:93} INFO - 26/04/06 15:25:58 INFO BlockManager: Using org.apache.spark.storage.RandomBlockReplicationPolicy for block replication policy
[2026-04-06T15:25:58.621+0000] {subprocess.py:93} INFO - 26/04/06 15:25:58 INFO BlockManagerMaster: Registering BlockManager BlockManagerId(driver, 7c36fe5f1e47, 36165, None)
[2026-04-06T15:25:58.624+0000] {subprocess.py:93} INFO - 26/04/06 15:25:58 INFO BlockManagerMasterEndpoint: Registering block manager 7c36fe5f1e47:36165 with 434.4 MiB RAM, BlockManagerId(driver, 7c36fe5f1e47, 36165, None)
[2026-04-06T15:25:58.625+0000] {subprocess.py:93} INFO - 26/04/06 15:25:58 INFO BlockManagerMaster: Registered BlockManager BlockManagerId(driver, 7c36fe5f1e47, 36165, None)
[2026-04-06T15:25:58.626+0000] {subprocess.py:93} INFO - 26/04/06 15:25:58 INFO BlockManager: Initialized BlockManager: BlockManagerId(driver, 7c36fe5f1e47, 36165, None)
[2026-04-06T15:25:58.790+0000] {subprocess.py:93} INFO - 26/04/06 15:25:58 INFO StandaloneSchedulerBackend: SchedulerBackend is ready for scheduling beginning after reached minRegisteredResourcesRatio: 0.0
[2026-04-06T15:25:58.942+0000] {subprocess.py:93} INFO - 26/04/06 15:25:58 INFO SharedState: Setting hive.metastore.warehouse.dir ('null') to the value of spark.sql.warehouse.dir.
[2026-04-06T15:25:58.943+0000] {subprocess.py:93} INFO - 26/04/06 15:25:58 INFO SharedState: Warehouse path is 'file:/tmp/airflowtmpr9sjayml/spark-warehouse'.
[2026-04-06T15:25:59.581+0000] {subprocess.py:93} INFO - 26/04/06 15:25:59 WARN MetricsConfig: Cannot locate configuration: tried hadoop-metrics2-s3a-file-system.properties,hadoop-metrics2.properties
[2026-04-06T15:25:59.590+0000] {subprocess.py:93} INFO - 26/04/06 15:25:59 INFO MetricsSystemImpl: Scheduled Metric snapshot period at 10 second(s).
[2026-04-06T15:25:59.591+0000] {subprocess.py:93} INFO - 26/04/06 15:25:59 INFO MetricsSystemImpl: s3a-file-system metrics system started
[2026-04-06T15:26:00.285+0000] {subprocess.py:93} INFO - 26/04/06 15:26:00 INFO InMemoryFileIndex: It took 52 ms to list leaf files for 1 paths.
[2026-04-06T15:26:00.351+0000] {subprocess.py:93} INFO - 26/04/06 15:26:00 INFO InMemoryFileIndex: It took 12 ms to list leaf files for 1 paths.
[2026-04-06T15:26:01.729+0000] {subprocess.py:93} INFO - 26/04/06 15:26:01 INFO FileSourceStrategy: Pushed Filters:
[2026-04-06T15:26:01.730+0000] {subprocess.py:93} INFO - 26/04/06 15:26:01 INFO FileSourceStrategy: Post-Scan Filters: (length(trim(value#0, None)) > 0)
[2026-04-06T15:26:02.064+0000] {subprocess.py:93} INFO - 26/04/06 15:26:02 INFO CodeGenerator: Code generated in 133.147852 ms
[2026-04-06T15:26:02.099+0000] {subprocess.py:93} INFO - 26/04/06 15:26:02 INFO MemoryStore: Block broadcast_0 stored as values in memory (estimated size 203.2 KiB, free 434.2 MiB)
[2026-04-06T15:26:02.145+0000] {subprocess.py:93} INFO - 26/04/06 15:26:02 INFO MemoryStore: Block broadcast_0_piece0 stored as bytes in memory (estimated size 35.2 KiB, free 434.2 MiB)
[2026-04-06T15:26:02.147+0000] {subprocess.py:93} INFO - 26/04/06 15:26:02 INFO BlockManagerInfo: Added broadcast_0_piece0 in memory on 7c36fe5f1e47:36165 (size: 35.2 KiB, free: 434.4 MiB)
[2026-04-06T15:26:02.151+0000] {subprocess.py:93} INFO - 26/04/06 15:26:02 INFO SparkContext: Created broadcast 0 from csv at NativeMethodAccessorImpl.java:0
[2026-04-06T15:26:02.159+0000] {subprocess.py:93} INFO - 26/04/06 15:26:02 INFO FileSourceScanExec: Planning scan with bin packing, max size: 4194304 bytes, open cost is considered as scanning 4194304 bytes.
[2026-04-06T15:26:02.219+0000] {subprocess.py:93} INFO - 26/04/06 15:26:02 INFO SparkContext: Starting job: csv at NativeMethodAccessorImpl.java:0
[2026-04-06T15:26:02.230+0000] {subprocess.py:93} INFO - 26/04/06 15:26:02 INFO DAGScheduler: Got job 0 (csv at NativeMethodAccessorImpl.java:0) with 1 output partitions
[2026-04-06T15:26:02.231+0000] {subprocess.py:93} INFO - 26/04/06 15:26:02 INFO DAGScheduler: Final stage: ResultStage 0 (csv at NativeMethodAccessorImpl.java:0)
[2026-04-06T15:26:02.231+0000] {subprocess.py:93} INFO - 26/04/06 15:26:02 INFO DAGScheduler: Parents of final stage: List()
[2026-04-06T15:26:02.231+0000] {subprocess.py:93} INFO - 26/04/06 15:26:02 INFO DAGScheduler: Missing parents: List()
[2026-04-06T15:26:02.234+0000] {subprocess.py:93} INFO - 26/04/06 15:26:02 INFO DAGScheduler: Submitting ResultStage 0 (MapPartitionsRDD[3] at csv at NativeMethodAccessorImpl.java:0), which has no missing parents
[2026-04-06T15:26:02.282+0000] {subprocess.py:93} INFO - 26/04/06 15:26:02 INFO MemoryStore: Block broadcast_1 stored as values in memory (estimated size 13.5 KiB, free 434.2 MiB)
[2026-04-06T15:26:02.289+0000] {subprocess.py:93} INFO - 26/04/06 15:26:02 INFO MemoryStore: Block broadcast_1_piece0 stored as bytes in memory (estimated size 6.4 KiB, free 434.1 MiB)
[2026-04-06T15:26:02.290+0000] {subprocess.py:93} INFO - 26/04/06 15:26:02 INFO BlockManagerInfo: Added broadcast_1_piece0 in memory on 7c36fe5f1e47:36165 (size: 6.4 KiB, free: 434.4 MiB)
[2026-04-06T15:26:02.291+0000] {subprocess.py:93} INFO - 26/04/06 15:26:02 INFO SparkContext: Created broadcast 1 from broadcast at DAGScheduler.scala:1611
[2026-04-06T15:26:02.314+0000] {subprocess.py:93} INFO - 26/04/06 15:26:02 INFO DAGScheduler: Submitting 1 missing tasks from ResultStage 0 (MapPartitionsRDD[3] at csv at NativeMethodAccessorImpl.java:0) (first 15 tasks are for partitions Vector(0))
[2026-04-06T15:26:02.315+0000] {subprocess.py:93} INFO - 26/04/06 15:26:02 INFO TaskSchedulerImpl: Adding task set 0.0 with 1 tasks resource profile 0
[2026-04-06T15:26:14.934+0000] {subprocess.py:93} INFO - 26/04/06 15:26:14 INFO StandaloneAppClient$ClientEndpoint: Executor added: app-20260406152558-0002/0 on worker-20260406152534-172.18.0.6-38917 (172.18.0.6:38917) with 16 core(s)
[2026-04-06T15:26:14.935+0000] {subprocess.py:93} INFO - 26/04/06 15:26:14 INFO StandaloneSchedulerBackend: Granted executor ID app-20260406152558-0002/0 on hostPort 172.18.0.6:38917 with 16 core(s), 1024.0 MiB RAM
[2026-04-06T15:26:14.968+0000] {subprocess.py:93} INFO - 26/04/06 15:26:14 INFO StandaloneAppClient$ClientEndpoint: Executor updated: app-20260406152558-0002/0 is now RUNNING
[2026-04-06T15:26:16.334+0000] {subprocess.py:93} INFO - 26/04/06 15:26:16 INFO StandaloneSchedulerBackend$StandaloneDriverEndpoint: Registered executor NettyRpcEndpointRef(spark-client://Executor) (172.18.0.6:47366) with ID 0,  ResourceProfileId 0
[2026-04-06T15:26:16.376+0000] {subprocess.py:93} INFO - 26/04/06 15:26:16 INFO BlockManagerMasterEndpoint: Registering block manager 172.18.0.6:43061 with 434.4 MiB RAM, BlockManagerId(0, 172.18.0.6, 43061, None)
[2026-04-06T15:26:18.218+0000] {subprocess.py:93} INFO - 26/04/06 15:26:18 INFO TaskSetManager: Starting task 0.0 in stage 0.0 (TID 0) (172.18.0.6, executor 0, partition 0, PROCESS_LOCAL, 10344 bytes)
[2026-04-06T15:26:18.351+0000] {subprocess.py:93} INFO - 26/04/06 15:26:18 INFO BlockManagerInfo: Added broadcast_1_piece0 in memory on 172.18.0.6:43061 (size: 6.4 KiB, free: 434.4 MiB)
[2026-04-06T15:26:18.827+0000] {subprocess.py:93} INFO - 26/04/06 15:26:18 INFO BlockManagerInfo: Added broadcast_0_piece0 in memory on 172.18.0.6:43061 (size: 35.2 KiB, free: 434.4 MiB)
[2026-04-06T15:26:19.474+0000] {subprocess.py:93} INFO - 26/04/06 15:26:19 INFO TaskSetManager: Finished task 0.0 in stage 0.0 (TID 0) in 1263 ms on 172.18.0.6 (executor 0) (1/1)
[2026-04-06T15:26:19.475+0000] {subprocess.py:93} INFO - 26/04/06 15:26:19 INFO TaskSchedulerImpl: Removed TaskSet 0.0, whose tasks have all completed, from pool
[2026-04-06T15:26:19.478+0000] {subprocess.py:93} INFO - 26/04/06 15:26:19 INFO DAGScheduler: ResultStage 0 (csv at NativeMethodAccessorImpl.java:0) finished in 17.235 s
[2026-04-06T15:26:19.479+0000] {subprocess.py:93} INFO - 26/04/06 15:26:19 INFO DAGScheduler: Job 0 is finished. Cancelling potential speculative or zombie tasks for this job
[2026-04-06T15:26:19.480+0000] {subprocess.py:93} INFO - 26/04/06 15:26:19 INFO TaskSchedulerImpl: Killing all running tasks in stage 0: Stage finished
[2026-04-06T15:26:19.480+0000] {subprocess.py:93} INFO - 26/04/06 15:26:19 INFO DAGScheduler: Job 0 finished: csv at NativeMethodAccessorImpl.java:0, took 17.262785 s
[2026-04-06T15:26:19.494+0000] {subprocess.py:93} INFO - 26/04/06 15:26:19 INFO CodeGenerator: Code generated in 6.641722 ms
[2026-04-06T15:26:19.516+0000] {subprocess.py:93} INFO - 26/04/06 15:26:19 INFO BlockManagerInfo: Removed broadcast_1_piece0 on 7c36fe5f1e47:36165 in memory (size: 6.4 KiB, free: 434.4 MiB)
[2026-04-06T15:26:19.523+0000] {subprocess.py:93} INFO - 26/04/06 15:26:19 INFO BlockManagerInfo: Removed broadcast_1_piece0 on 172.18.0.6:43061 in memory (size: 6.4 KiB, free: 434.4 MiB)
[2026-04-06T15:26:19.524+0000] {subprocess.py:93} INFO - 26/04/06 15:26:19 INFO FileSourceStrategy: Pushed Filters:
[2026-04-06T15:26:19.524+0000] {subprocess.py:93} INFO - 26/04/06 15:26:19 INFO FileSourceStrategy: Post-Scan Filters:
[2026-04-06T15:26:19.528+0000] {subprocess.py:93} INFO - 26/04/06 15:26:19 INFO MemoryStore: Block broadcast_2 stored as values in memory (estimated size 203.2 KiB, free 434.0 MiB)
[2026-04-06T15:26:19.534+0000] {subprocess.py:93} INFO - 26/04/06 15:26:19 INFO MemoryStore: Block broadcast_2_piece0 stored as bytes in memory (estimated size 35.2 KiB, free 433.9 MiB)
[2026-04-06T15:26:19.534+0000] {subprocess.py:93} INFO - 26/04/06 15:26:19 INFO BlockManagerInfo: Added broadcast_2_piece0 in memory on 7c36fe5f1e47:36165 (size: 35.2 KiB, free: 434.3 MiB)
[2026-04-06T15:26:19.535+0000] {subprocess.py:93} INFO - 26/04/06 15:26:19 INFO SparkContext: Created broadcast 2 from csv at NativeMethodAccessorImpl.java:0
[2026-04-06T15:26:19.536+0000] {subprocess.py:93} INFO - 26/04/06 15:26:19 INFO FileSourceScanExec: Planning scan with bin packing, max size: 4194304 bytes, open cost is considered as scanning 4194304 bytes.
[2026-04-06T15:26:19.578+0000] {subprocess.py:93} INFO - 26/04/06 15:26:19 INFO SparkContext: Starting job: csv at NativeMethodAccessorImpl.java:0
[2026-04-06T15:26:19.579+0000] {subprocess.py:93} INFO - 26/04/06 15:26:19 INFO DAGScheduler: Got job 1 (csv at NativeMethodAccessorImpl.java:0) with 1 output partitions
[2026-04-06T15:26:19.579+0000] {subprocess.py:93} INFO - 26/04/06 15:26:19 INFO DAGScheduler: Final stage: ResultStage 1 (csv at NativeMethodAccessorImpl.java:0)
[2026-04-06T15:26:19.579+0000] {subprocess.py:93} INFO - 26/04/06 15:26:19 INFO DAGScheduler: Parents of final stage: List()
[2026-04-06T15:26:19.580+0000] {subprocess.py:93} INFO - 26/04/06 15:26:19 INFO DAGScheduler: Missing parents: List()
[2026-04-06T15:26:19.580+0000] {subprocess.py:93} INFO - 26/04/06 15:26:19 INFO DAGScheduler: Submitting ResultStage 1 (MapPartitionsRDD[9] at csv at NativeMethodAccessorImpl.java:0), which has no missing parents
[2026-04-06T15:26:19.591+0000] {subprocess.py:93} INFO - 26/04/06 15:26:19 INFO MemoryStore: Block broadcast_3 stored as values in memory (estimated size 29.4 KiB, free 433.9 MiB)
[2026-04-06T15:26:19.596+0000] {subprocess.py:93} INFO - 26/04/06 15:26:19 INFO MemoryStore: Block broadcast_3_piece0 stored as bytes in memory (estimated size 13.2 KiB, free 433.9 MiB)
[2026-04-06T15:26:19.597+0000] {subprocess.py:93} INFO - 26/04/06 15:26:19 INFO BlockManagerInfo: Added broadcast_3_piece0 in memory on 7c36fe5f1e47:36165 (size: 13.2 KiB, free: 434.3 MiB)
[2026-04-06T15:26:19.597+0000] {subprocess.py:93} INFO - 26/04/06 15:26:19 INFO SparkContext: Created broadcast 3 from broadcast at DAGScheduler.scala:1611
[2026-04-06T15:26:19.598+0000] {subprocess.py:93} INFO - 26/04/06 15:26:19 INFO DAGScheduler: Submitting 1 missing tasks from ResultStage 1 (MapPartitionsRDD[9] at csv at NativeMethodAccessorImpl.java:0) (first 15 tasks are for partitions Vector(0))
[2026-04-06T15:26:19.598+0000] {subprocess.py:93} INFO - 26/04/06 15:26:19 INFO TaskSchedulerImpl: Adding task set 1.0 with 1 tasks resource profile 0
[2026-04-06T15:26:19.599+0000] {subprocess.py:93} INFO - 26/04/06 15:26:19 INFO TaskSetManager: Starting task 0.0 in stage 1.0 (TID 1) (172.18.0.6, executor 0, partition 0, PROCESS_LOCAL, 10344 bytes)
[2026-04-06T15:26:19.618+0000] {subprocess.py:93} INFO - 26/04/06 15:26:19 INFO BlockManagerInfo: Added broadcast_3_piece0 in memory on 172.18.0.6:43061 (size: 13.2 KiB, free: 434.4 MiB)
[2026-04-06T15:26:20.160+0000] {subprocess.py:93} INFO - 26/04/06 15:26:20 INFO BlockManagerInfo: Added broadcast_2_piece0 in memory on 172.18.0.6:43061 (size: 35.2 KiB, free: 434.3 MiB)
[2026-04-06T15:26:20.460+0000] {subprocess.py:93} INFO - 26/04/06 15:26:20 INFO TaskSetManager: Finished task 0.0 in stage 1.0 (TID 1) in 861 ms on 172.18.0.6 (executor 0) (1/1)
[2026-04-06T15:26:20.461+0000] {subprocess.py:93} INFO - 26/04/06 15:26:20 INFO TaskSchedulerImpl: Removed TaskSet 1.0, whose tasks have all completed, from pool
[2026-04-06T15:26:20.465+0000] {subprocess.py:93} INFO - 26/04/06 15:26:20 INFO DAGScheduler: ResultStage 1 (csv at NativeMethodAccessorImpl.java:0) finished in 0.881 s
[2026-04-06T15:26:20.465+0000] {subprocess.py:93} INFO - 26/04/06 15:26:20 INFO DAGScheduler: Job 1 is finished. Cancelling potential speculative or zombie tasks for this job
[2026-04-06T15:26:20.466+0000] {subprocess.py:93} INFO - 26/04/06 15:26:20 INFO TaskSchedulerImpl: Killing all running tasks in stage 1: Stage finished
[2026-04-06T15:26:20.466+0000] {subprocess.py:93} INFO - 26/04/06 15:26:20 INFO DAGScheduler: Job 1 finished: csv at NativeMethodAccessorImpl.java:0, took 0.884131 s
[2026-04-06T15:26:20.609+0000] {subprocess.py:93} INFO - 26/04/06 15:26:20 INFO FileSourceStrategy: Pushed Filters:
[2026-04-06T15:26:20.609+0000] {subprocess.py:93} INFO - 26/04/06 15:26:20 INFO FileSourceStrategy: Post-Scan Filters: isnotnull(trim(encounter_id#17, None))
[2026-04-06T15:26:20.687+0000] {subprocess.py:93} INFO - 26/04/06 15:26:20 INFO CodeGenerator: Code generated in 18.037089 ms
[2026-04-06T15:26:20.690+0000] {subprocess.py:93} INFO - 26/04/06 15:26:20 INFO MemoryStore: Block broadcast_4 stored as values in memory (estimated size 203.1 KiB, free 433.7 MiB)
[2026-04-06T15:26:20.698+0000] {subprocess.py:93} INFO - 26/04/06 15:26:20 INFO BlockManagerInfo: Removed broadcast_3_piece0 on 7c36fe5f1e47:36165 in memory (size: 13.2 KiB, free: 434.3 MiB)
[2026-04-06T15:26:20.699+0000] {subprocess.py:93} INFO - 26/04/06 15:26:20 INFO MemoryStore: Block broadcast_4_piece0 stored as bytes in memory (estimated size 35.2 KiB, free 433.7 MiB)
[2026-04-06T15:26:20.700+0000] {subprocess.py:93} INFO - 26/04/06 15:26:20 INFO BlockManagerInfo: Added broadcast_4_piece0 in memory on 7c36fe5f1e47:36165 (size: 35.2 KiB, free: 434.3 MiB)
[2026-04-06T15:26:20.701+0000] {subprocess.py:93} INFO - 26/04/06 15:26:20 INFO SparkContext: Created broadcast 4 from parquet at NativeMethodAccessorImpl.java:0
[2026-04-06T15:26:20.702+0000] {subprocess.py:93} INFO - 26/04/06 15:26:20 INFO BlockManagerInfo: Removed broadcast_3_piece0 on 172.18.0.6:43061 in memory (size: 13.2 KiB, free: 434.3 MiB)
[2026-04-06T15:26:20.704+0000] {subprocess.py:93} INFO - 26/04/06 15:26:20 INFO FileSourceScanExec: Planning scan with bin packing, max size: 4194304 bytes, open cost is considered as scanning 4194304 bytes.
[2026-04-06T15:26:20.721+0000] {subprocess.py:93} INFO - 26/04/06 15:26:20 INFO DAGScheduler: Registering RDD 14 (parquet at NativeMethodAccessorImpl.java:0) as input to shuffle 0
[2026-04-06T15:26:20.723+0000] {subprocess.py:93} INFO - 26/04/06 15:26:20 INFO DAGScheduler: Got map stage job 2 (parquet at NativeMethodAccessorImpl.java:0) with 1 output partitions
[2026-04-06T15:26:20.723+0000] {subprocess.py:93} INFO - 26/04/06 15:26:20 INFO DAGScheduler: Final stage: ShuffleMapStage 2 (parquet at NativeMethodAccessorImpl.java:0)
[2026-04-06T15:26:20.723+0000] {subprocess.py:93} INFO - 26/04/06 15:26:20 INFO DAGScheduler: Parents of final stage: List()
[2026-04-06T15:26:20.723+0000] {subprocess.py:93} INFO - 26/04/06 15:26:20 INFO DAGScheduler: Missing parents: List()
[2026-04-06T15:26:20.724+0000] {subprocess.py:93} INFO - 26/04/06 15:26:20 INFO DAGScheduler: Submitting ShuffleMapStage 2 (MapPartitionsRDD[14] at parquet at NativeMethodAccessorImpl.java:0), which has no missing parents
[2026-04-06T15:26:20.733+0000] {subprocess.py:93} INFO - 26/04/06 15:26:20 INFO MemoryStore: Block broadcast_5 stored as values in memory (estimated size 39.0 KiB, free 433.7 MiB)
[2026-04-06T15:26:20.734+0000] {subprocess.py:93} INFO - 26/04/06 15:26:20 INFO MemoryStore: Block broadcast_5_piece0 stored as bytes in memory (estimated size 17.6 KiB, free 433.6 MiB)
[2026-04-06T15:26:20.734+0000] {subprocess.py:93} INFO - 26/04/06 15:26:20 INFO BlockManagerInfo: Added broadcast_5_piece0 in memory on 7c36fe5f1e47:36165 (size: 17.6 KiB, free: 434.3 MiB)
[2026-04-06T15:26:20.735+0000] {subprocess.py:93} INFO - 26/04/06 15:26:20 INFO SparkContext: Created broadcast 5 from broadcast at DAGScheduler.scala:1611
[2026-04-06T15:26:20.736+0000] {subprocess.py:93} INFO - 26/04/06 15:26:20 INFO DAGScheduler: Submitting 1 missing tasks from ShuffleMapStage 2 (MapPartitionsRDD[14] at parquet at NativeMethodAccessorImpl.java:0) (first 15 tasks are for partitions Vector(0))
[2026-04-06T15:26:20.736+0000] {subprocess.py:93} INFO - 26/04/06 15:26:20 INFO TaskSchedulerImpl: Adding task set 2.0 with 1 tasks resource profile 0
[2026-04-06T15:26:20.737+0000] {subprocess.py:93} INFO - 26/04/06 15:26:20 INFO TaskSetManager: Starting task 0.0 in stage 2.0 (TID 2) (172.18.0.6, executor 0, partition 0, PROCESS_LOCAL, 10333 bytes)
[2026-04-06T15:26:20.749+0000] {subprocess.py:93} INFO - 26/04/06 15:26:20 INFO BlockManagerInfo: Added broadcast_5_piece0 in memory on 172.18.0.6:43061 (size: 17.6 KiB, free: 434.3 MiB)
[2026-04-06T15:26:20.875+0000] {subprocess.py:93} INFO - 26/04/06 15:26:20 INFO BlockManagerInfo: Added broadcast_4_piece0 in memory on 172.18.0.6:43061 (size: 35.2 KiB, free: 434.3 MiB)
[2026-04-06T15:26:21.184+0000] {subprocess.py:93} INFO - 26/04/06 15:26:21 INFO TaskSetManager: Finished task 0.0 in stage 2.0 (TID 2) in 447 ms on 172.18.0.6 (executor 0) (1/1)
[2026-04-06T15:26:21.184+0000] {subprocess.py:93} INFO - 26/04/06 15:26:21 INFO TaskSchedulerImpl: Removed TaskSet 2.0, whose tasks have all completed, from pool
[2026-04-06T15:26:21.185+0000] {subprocess.py:93} INFO - 26/04/06 15:26:21 INFO DAGScheduler: ShuffleMapStage 2 (parquet at NativeMethodAccessorImpl.java:0) finished in 0.460 s
[2026-04-06T15:26:21.185+0000] {subprocess.py:93} INFO - 26/04/06 15:26:21 INFO DAGScheduler: looking for newly runnable stages
[2026-04-06T15:26:21.186+0000] {subprocess.py:93} INFO - 26/04/06 15:26:21 INFO DAGScheduler: running: Set()
[2026-04-06T15:26:21.186+0000] {subprocess.py:93} INFO - 26/04/06 15:26:21 INFO DAGScheduler: waiting: Set()
[2026-04-06T15:26:21.186+0000] {subprocess.py:93} INFO - 26/04/06 15:26:21 INFO DAGScheduler: failed: Set()
[2026-04-06T15:26:21.198+0000] {subprocess.py:93} INFO - 26/04/06 15:26:21 INFO ShufflePartitionsUtil: For shuffle(0), advisory target size: 67108864, actual target size 1048576, minimum partition size: 1048576
[2026-04-06T15:26:21.315+0000] {subprocess.py:93} INFO - 26/04/06 15:26:21 INFO ParquetUtils: Using default output committer for Parquet: org.apache.parquet.hadoop.ParquetOutputCommitter
[2026-04-06T15:26:21.330+0000] {subprocess.py:93} INFO - 26/04/06 15:26:21 INFO FileOutputCommitter: File Output Committer Algorithm version is 1
[2026-04-06T15:26:21.330+0000] {subprocess.py:93} INFO - 26/04/06 15:26:21 INFO FileOutputCommitter: FileOutputCommitter skip cleanup _temporary folders under output directory:false, ignore cleanup failures: false
[2026-04-06T15:26:21.330+0000] {subprocess.py:93} INFO - 26/04/06 15:26:21 INFO SQLHadoopMapReduceCommitProtocol: Using user defined output committer class org.apache.parquet.hadoop.ParquetOutputCommitter
[2026-04-06T15:26:21.331+0000] {subprocess.py:93} INFO - 26/04/06 15:26:21 INFO FileOutputCommitter: File Output Committer Algorithm version is 1
[2026-04-06T15:26:21.331+0000] {subprocess.py:93} INFO - 26/04/06 15:26:21 INFO FileOutputCommitter: FileOutputCommitter skip cleanup _temporary folders under output directory:false, ignore cleanup failures: false
[2026-04-06T15:26:21.331+0000] {subprocess.py:93} INFO - 26/04/06 15:26:21 INFO SQLHadoopMapReduceCommitProtocol: Using output committer class org.apache.parquet.hadoop.ParquetOutputCommitter
[2026-04-06T15:26:21.380+0000] {subprocess.py:93} INFO - 26/04/06 15:26:21 INFO CodeGenerator: Code generated in 6.871573 ms
[2026-04-06T15:26:21.389+0000] {subprocess.py:93} INFO - 26/04/06 15:26:21 INFO CodeGenerator: Code generated in 5.67905 ms
[2026-04-06T15:26:21.403+0000] {subprocess.py:93} INFO - 26/04/06 15:26:21 INFO SparkContext: Starting job: parquet at NativeMethodAccessorImpl.java:0
[2026-04-06T15:26:21.404+0000] {subprocess.py:93} INFO - 26/04/06 15:26:21 INFO DAGScheduler: Got job 3 (parquet at NativeMethodAccessorImpl.java:0) with 1 output partitions
[2026-04-06T15:26:21.404+0000] {subprocess.py:93} INFO - 26/04/06 15:26:21 INFO DAGScheduler: Final stage: ResultStage 4 (parquet at NativeMethodAccessorImpl.java:0)
[2026-04-06T15:26:21.404+0000] {subprocess.py:93} INFO - 26/04/06 15:26:21 INFO DAGScheduler: Parents of final stage: List(ShuffleMapStage 3)
[2026-04-06T15:26:21.405+0000] {subprocess.py:93} INFO - 26/04/06 15:26:21 INFO DAGScheduler: Missing parents: List()
[2026-04-06T15:26:21.405+0000] {subprocess.py:93} INFO - 26/04/06 15:26:21 INFO DAGScheduler: Submitting ResultStage 4 (MapPartitionsRDD[19] at parquet at NativeMethodAccessorImpl.java:0), which has no missing parents
[2026-04-06T15:26:21.428+0000] {subprocess.py:93} INFO - 26/04/06 15:26:21 INFO MemoryStore: Block broadcast_6 stored as values in memory (estimated size 255.6 KiB, free 433.4 MiB)
[2026-04-06T15:26:21.434+0000] {subprocess.py:93} INFO - 26/04/06 15:26:21 INFO MemoryStore: Block broadcast_6_piece0 stored as bytes in memory (estimated size 93.7 KiB, free 433.3 MiB)
[2026-04-06T15:26:21.435+0000] {subprocess.py:93} INFO - 26/04/06 15:26:21 INFO BlockManagerInfo: Added broadcast_6_piece0 in memory on 7c36fe5f1e47:36165 (size: 93.7 KiB, free: 434.2 MiB)
[2026-04-06T15:26:21.436+0000] {subprocess.py:93} INFO - 26/04/06 15:26:21 INFO BlockManagerInfo: Removed broadcast_5_piece0 on 7c36fe5f1e47:36165 in memory (size: 17.6 KiB, free: 434.2 MiB)
[2026-04-06T15:26:21.436+0000] {subprocess.py:93} INFO - 26/04/06 15:26:21 INFO SparkContext: Created broadcast 6 from broadcast at DAGScheduler.scala:1611
[2026-04-06T15:26:21.437+0000] {subprocess.py:93} INFO - 26/04/06 15:26:21 INFO DAGScheduler: Submitting 1 missing tasks from ResultStage 4 (MapPartitionsRDD[19] at parquet at NativeMethodAccessorImpl.java:0) (first 15 tasks are for partitions Vector(0))
[2026-04-06T15:26:21.437+0000] {subprocess.py:93} INFO - 26/04/06 15:26:21 INFO TaskSchedulerImpl: Adding task set 4.0 with 1 tasks resource profile 0
[2026-04-06T15:26:21.437+0000] {subprocess.py:93} INFO - 26/04/06 15:26:21 INFO BlockManagerInfo: Removed broadcast_5_piece0 on 172.18.0.6:43061 in memory (size: 17.6 KiB, free: 434.3 MiB)
[2026-04-06T15:26:21.440+0000] {subprocess.py:93} INFO - 26/04/06 15:26:21 INFO TaskSetManager: Starting task 0.0 in stage 4.0 (TID 3) (172.18.0.6, executor 0, partition 0, NODE_LOCAL, 9733 bytes)
[2026-04-06T15:26:21.450+0000] {subprocess.py:93} INFO - 26/04/06 15:26:21 INFO BlockManagerInfo: Added broadcast_6_piece0 in memory on 172.18.0.6:43061 (size: 93.7 KiB, free: 434.2 MiB)
[2026-04-06T15:26:21.492+0000] {subprocess.py:93} INFO - 26/04/06 15:26:21 INFO MapOutputTrackerMasterEndpoint: Asked to send map output locations for shuffle 0 to 172.18.0.6:47366
[2026-04-06T15:26:22.251+0000] {subprocess.py:93} INFO - 26/04/06 15:26:22 INFO TaskSetManager: Finished task 0.0 in stage 4.0 (TID 3) in 812 ms on 172.18.0.6 (executor 0) (1/1)
[2026-04-06T15:26:22.251+0000] {subprocess.py:93} INFO - 26/04/06 15:26:22 INFO TaskSchedulerImpl: Removed TaskSet 4.0, whose tasks have all completed, from pool
[2026-04-06T15:26:22.252+0000] {subprocess.py:93} INFO - 26/04/06 15:26:22 INFO DAGScheduler: ResultStage 4 (parquet at NativeMethodAccessorImpl.java:0) finished in 0.838 s
[2026-04-06T15:26:22.252+0000] {subprocess.py:93} INFO - 26/04/06 15:26:22 INFO DAGScheduler: Job 3 is finished. Cancelling potential speculative or zombie tasks for this job
[2026-04-06T15:26:22.252+0000] {subprocess.py:93} INFO - 26/04/06 15:26:22 INFO TaskSchedulerImpl: Killing all running tasks in stage 4: Stage finished
[2026-04-06T15:26:22.252+0000] {subprocess.py:93} INFO - 26/04/06 15:26:22 INFO DAGScheduler: Job 3 finished: parquet at NativeMethodAccessorImpl.java:0, took 0.849639 s
[2026-04-06T15:26:22.253+0000] {subprocess.py:93} INFO - 26/04/06 15:26:22 INFO FileFormatWriter: Start to commit write Job 87fe60ea-982c-46cc-a2ed-3c2c55cb00c0.
[2026-04-06T15:26:22.377+0000] {subprocess.py:93} INFO - 26/04/06 15:26:22 INFO FileFormatWriter: Write Job 87fe60ea-982c-46cc-a2ed-3c2c55cb00c0 committed. Elapsed time: 122 ms.
[2026-04-06T15:26:22.379+0000] {subprocess.py:93} INFO - 26/04/06 15:26:22 INFO FileFormatWriter: Finished processing stats for write job 87fe60ea-982c-46cc-a2ed-3c2c55cb00c0.
[2026-04-06T15:26:22.381+0000] {subprocess.py:93} INFO - Encounters Bronze -> Silver completed successfully.
[2026-04-06T15:26:22.381+0000] {subprocess.py:93} INFO - 26/04/06 15:26:22 INFO SparkContext: SparkContext is stopping with exitCode 0.
[2026-04-06T15:26:22.387+0000] {subprocess.py:93} INFO - 26/04/06 15:26:22 INFO SparkUI: Stopped Spark web UI at http://7c36fe5f1e47:4042
[2026-04-06T15:26:22.389+0000] {subprocess.py:93} INFO - 26/04/06 15:26:22 INFO StandaloneSchedulerBackend: Shutting down all executors
[2026-04-06T15:26:22.390+0000] {subprocess.py:93} INFO - 26/04/06 15:26:22 INFO StandaloneSchedulerBackend$StandaloneDriverEndpoint: Asking each executor to shut down
[2026-04-06T15:26:22.399+0000] {subprocess.py:93} INFO - 26/04/06 15:26:22 INFO MapOutputTrackerMasterEndpoint: MapOutputTrackerMasterEndpoint stopped!
[2026-04-06T15:26:22.413+0000] {subprocess.py:93} INFO - 26/04/06 15:26:22 INFO MemoryStore: MemoryStore cleared
[2026-04-06T15:26:22.414+0000] {subprocess.py:93} INFO - 26/04/06 15:26:22 INFO BlockManager: BlockManager stopped
[2026-04-06T15:26:22.415+0000] {subprocess.py:93} INFO - 26/04/06 15:26:22 INFO BlockManagerMaster: BlockManagerMaster stopped
[2026-04-06T15:26:22.417+0000] {subprocess.py:93} INFO - 26/04/06 15:26:22 INFO OutputCommitCoordinator$OutputCommitCoordinatorEndpoint: OutputCommitCoordinator stopped!
[2026-04-06T15:26:22.497+0000] {subprocess.py:93} INFO - 26/04/06 15:26:22 INFO SparkContext: Successfully stopped SparkContext
[2026-04-06T15:26:22.856+0000] {subprocess.py:93} INFO - 26/04/06 15:26:22 INFO ShutdownHookManager: Shutdown hook called
[2026-04-06T15:26:22.856+0000] {subprocess.py:93} INFO - 26/04/06 15:26:22 INFO ShutdownHookManager: Deleting directory /tmp/spark-9b6e0fc0-10d0-47f7-a2a1-a26118272ad9/pyspark-16acf47c-9732-4128-a83a-cf97f5297125
[2026-04-06T15:26:22.861+0000] {subprocess.py:93} INFO - 26/04/06 15:26:22 INFO ShutdownHookManager: Deleting directory /tmp/spark-9b6e0fc0-10d0-47f7-a2a1-a26118272ad9
[2026-04-06T15:26:22.865+0000] {subprocess.py:93} INFO - 26/04/06 15:26:22 INFO ShutdownHookManager: Deleting directory /tmp/spark-e1bb422b-90de-4566-be78-fe5866eeab7e
[2026-04-06T15:26:22.872+0000] {subprocess.py:93} INFO - 26/04/06 15:26:22 INFO MetricsSystemImpl: Stopping s3a-file-system metrics system...
[2026-04-06T15:26:22.872+0000] {subprocess.py:93} INFO - 26/04/06 15:26:22 INFO MetricsSystemImpl: s3a-file-system metrics system stopped.
[2026-04-06T15:26:22.872+0000] {subprocess.py:93} INFO - 26/04/06 15:26:22 INFO MetricsSystemImpl: s3a-file-system metrics system shutdown complete.
[2026-04-06T15:26:22.948+0000] {subprocess.py:97} INFO - Command exited with return code 0
[2026-04-06T15:26:22.971+0000] {taskinstance.py:1149} INFO - Marking task as SUCCESS. dag_id=bronze_to_silver_and_gold, task_id=run_encounters_silver, execution_date=20260406T152554, start_date=20260406T152555, end_date=20260406T152622
[2026-04-06T15:26:22.992+0000] {local_task_job_runner.py:234} INFO - Task exited with return code 0
[2026-04-06T15:26:23.010+0000] {taskinstance.py:3312} INFO - 1 downstream tasks scheduled from follow-on schedule check
