[2026-04-06T16:29:07.015+0000] {taskinstance.py:1979} INFO - Dependencies all met for dep_context=non-requeueable deps ti=<TaskInstance: bronze_to_silver_and_gold.run_observations_silver manual__2026-04-06T16:29:05.921158+00:00 [queued]>
[2026-04-06T16:29:07.019+0000] {taskinstance.py:1979} INFO - Dependencies all met for dep_context=requeueable deps ti=<TaskInstance: bronze_to_silver_and_gold.run_observations_silver manual__2026-04-06T16:29:05.921158+00:00 [queued]>
[2026-04-06T16:29:07.020+0000] {taskinstance.py:2193} INFO - Starting attempt 1 of 1
[2026-04-06T16:29:07.029+0000] {taskinstance.py:2217} INFO - Executing <Task(BashOperator): run_observations_silver> on 2026-04-06 16:29:05.921158+00:00
[2026-04-06T16:29:07.034+0000] {standard_task_runner.py:60} INFO - Started process 187 to run task
[2026-04-06T16:29:07.038+0000] {standard_task_runner.py:87} INFO - Running: ['airflow', 'tasks', 'run', 'bronze_to_silver_and_gold', 'run_observations_silver', 'manual__2026-04-06T16:29:05.921158+00:00', '--job-id', '62', '--raw', '--subdir', 'DAGS_FOLDER/bronze_to_silver_dag.py', '--cfg-path', '/tmp/tmps5iz4cca']
[2026-04-06T16:29:07.039+0000] {standard_task_runner.py:88} INFO - Job 62: Subtask run_observations_silver
[2026-04-06T16:29:07.084+0000] {task_command.py:423} INFO - Running <TaskInstance: bronze_to_silver_and_gold.run_observations_silver manual__2026-04-06T16:29:05.921158+00:00 [running]> on host 7c36fe5f1e47
[2026-04-06T16:29:07.147+0000] {taskinstance.py:2513} INFO - Exporting env vars: AIRFLOW_CTX_DAG_OWNER='airflow' AIRFLOW_CTX_DAG_ID='bronze_to_silver_and_gold' AIRFLOW_CTX_TASK_ID='run_observations_silver' AIRFLOW_CTX_EXECUTION_DATE='2026-04-06T16:29:05.921158+00:00' AIRFLOW_CTX_TRY_NUMBER='1' AIRFLOW_CTX_DAG_RUN_ID='manual__2026-04-06T16:29:05.921158+00:00'
[2026-04-06T16:29:07.149+0000] {subprocess.py:63} INFO - Tmp dir root location: /tmp
[2026-04-06T16:29:07.150+0000] {subprocess.py:75} INFO - Running command: ['/usr/bin/bash', '-c', '\n/opt/spark/bin/spark-submit \\\n  --master spark://spark-master:7077 \\\n  --packages org.apache.hadoop:hadoop-aws:3.3.4,com.amazonaws:aws-java-sdk-bundle:1.12.262 \\\n  --conf spark.hadoop.fs.s3a.endpoint=http://minio:9000 \\\n  --conf spark.hadoop.fs.s3a.access.key=minioadmin \\\n  --conf spark.hadoop.fs.s3a.secret.key=minioadmin \\\n  --conf spark.hadoop.fs.s3a.path.style.access=true \\\n  --conf spark.hadoop.fs.s3a.impl=org.apache.hadoop.fs.s3a.S3AFileSystem \\\n  /opt/airflow/spark/jobs/bronze_to_silver_observations.py']
[2026-04-06T16:29:07.159+0000] {subprocess.py:86} INFO - Output:
[2026-04-06T16:29:08.874+0000] {subprocess.py:93} INFO - :: loading settings :: url = jar:file:/opt/spark-3.5.6-bin-hadoop3/jars/ivy-2.5.1.jar!/org/apache/ivy/core/settings/ivysettings.xml
[2026-04-06T16:29:08.964+0000] {subprocess.py:93} INFO - Ivy Default Cache set to: /home/airflow/.ivy2/cache
[2026-04-06T16:29:08.968+0000] {subprocess.py:93} INFO - The jars for the packages stored in: /home/airflow/.ivy2/jars
[2026-04-06T16:29:08.969+0000] {subprocess.py:93} INFO - org.apache.hadoop#hadoop-aws added as a dependency
[2026-04-06T16:29:08.969+0000] {subprocess.py:93} INFO - com.amazonaws#aws-java-sdk-bundle added as a dependency
[2026-04-06T16:29:08.970+0000] {subprocess.py:93} INFO - :: resolving dependencies :: org.apache.spark#spark-submit-parent-22fee8f6-5f44-4eb0-a435-a44d30731571;1.0
[2026-04-06T16:29:08.970+0000] {subprocess.py:93} INFO - 	confs: [default]
[2026-04-06T16:29:09.122+0000] {subprocess.py:93} INFO - 	found org.apache.hadoop#hadoop-aws;3.3.4 in spark-list
[2026-04-06T16:29:09.150+0000] {subprocess.py:93} INFO - 	found com.amazonaws#aws-java-sdk-bundle;1.12.262 in central
[2026-04-06T16:29:09.177+0000] {subprocess.py:93} INFO - 	found org.wildfly.openssl#wildfly-openssl;1.0.7.Final in central
[2026-04-06T16:29:09.203+0000] {subprocess.py:93} INFO - :: resolution report :: resolve 224ms :: artifacts dl 9ms
[2026-04-06T16:29:09.204+0000] {subprocess.py:93} INFO - 	:: modules in use:
[2026-04-06T16:29:09.204+0000] {subprocess.py:93} INFO - 	com.amazonaws#aws-java-sdk-bundle;1.12.262 from central in [default]
[2026-04-06T16:29:09.205+0000] {subprocess.py:93} INFO - 	org.apache.hadoop#hadoop-aws;3.3.4 from spark-list in [default]
[2026-04-06T16:29:09.205+0000] {subprocess.py:93} INFO - 	org.wildfly.openssl#wildfly-openssl;1.0.7.Final from central in [default]
[2026-04-06T16:29:09.206+0000] {subprocess.py:93} INFO - 	---------------------------------------------------------------------
[2026-04-06T16:29:09.206+0000] {subprocess.py:93} INFO - 	|                  |            modules            ||   artifacts   |
[2026-04-06T16:29:09.206+0000] {subprocess.py:93} INFO - 	|       conf       | number| search|dwnlded|evicted|| number|dwnlded|
[2026-04-06T16:29:09.207+0000] {subprocess.py:93} INFO - 	---------------------------------------------------------------------
[2026-04-06T16:29:09.207+0000] {subprocess.py:93} INFO - 	|      default     |   3   |   0   |   0   |   0   ||   3   |   0   |
[2026-04-06T16:29:09.207+0000] {subprocess.py:93} INFO - 	---------------------------------------------------------------------
[2026-04-06T16:29:09.209+0000] {subprocess.py:93} INFO - :: retrieving :: org.apache.spark#spark-submit-parent-22fee8f6-5f44-4eb0-a435-a44d30731571
[2026-04-06T16:29:09.212+0000] {subprocess.py:93} INFO - 	confs: [default]
[2026-04-06T16:29:09.214+0000] {subprocess.py:93} INFO - 	0 artifacts copied, 3 already retrieved (0kB/4ms)
[2026-04-06T16:29:09.415+0000] {subprocess.py:93} INFO - 26/04/06 16:29:09 WARN NativeCodeLoader: Unable to load native-hadoop library for your platform... using builtin-java classes where applicable
[2026-04-06T16:29:10.227+0000] {subprocess.py:93} INFO - 26/04/06 16:29:10 INFO SparkContext: Running Spark version 3.5.6
[2026-04-06T16:29:10.227+0000] {subprocess.py:93} INFO - 26/04/06 16:29:10 INFO SparkContext: OS info Linux, 6.6.87.2-microsoft-standard-WSL2, amd64
[2026-04-06T16:29:10.228+0000] {subprocess.py:93} INFO - 26/04/06 16:29:10 INFO SparkContext: Java version 17.0.18
[2026-04-06T16:29:10.247+0000] {subprocess.py:93} INFO - 26/04/06 16:29:10 INFO ResourceUtils: ==============================================================
[2026-04-06T16:29:10.248+0000] {subprocess.py:93} INFO - 26/04/06 16:29:10 INFO ResourceUtils: No custom resources configured for spark.driver.
[2026-04-06T16:29:10.249+0000] {subprocess.py:93} INFO - 26/04/06 16:29:10 INFO ResourceUtils: ==============================================================
[2026-04-06T16:29:10.249+0000] {subprocess.py:93} INFO - 26/04/06 16:29:10 INFO SparkContext: Submitted application: bronze_to_silver_observations
[2026-04-06T16:29:10.269+0000] {subprocess.py:93} INFO - 26/04/06 16:29:10 INFO ResourceProfile: Default ResourceProfile created, executor resources: Map(memory -> name: memory, amount: 1024, script: , vendor: , offHeap -> name: offHeap, amount: 0, script: , vendor: ), task resources: Map(cpus -> name: cpus, amount: 1.0)
[2026-04-06T16:29:10.275+0000] {subprocess.py:93} INFO - 26/04/06 16:29:10 INFO ResourceProfile: Limiting resource is cpu
[2026-04-06T16:29:10.275+0000] {subprocess.py:93} INFO - 26/04/06 16:29:10 INFO ResourceProfileManager: Added ResourceProfile id: 0
[2026-04-06T16:29:10.334+0000] {subprocess.py:93} INFO - 26/04/06 16:29:10 INFO SecurityManager: Changing view acls to: airflow
[2026-04-06T16:29:10.340+0000] {subprocess.py:93} INFO - 26/04/06 16:29:10 INFO SecurityManager: Changing modify acls to: airflow
[2026-04-06T16:29:10.341+0000] {subprocess.py:93} INFO - 26/04/06 16:29:10 INFO SecurityManager: Changing view acls groups to:
[2026-04-06T16:29:10.342+0000] {subprocess.py:93} INFO - 26/04/06 16:29:10 INFO SecurityManager: Changing modify acls groups to:
[2026-04-06T16:29:10.345+0000] {subprocess.py:93} INFO - 26/04/06 16:29:10 INFO SecurityManager: SecurityManager: authentication disabled; ui acls disabled; users with view permissions: airflow; groups with view permissions: EMPTY; users with modify permissions: airflow; groups with modify permissions: EMPTY
[2026-04-06T16:29:10.523+0000] {subprocess.py:93} INFO - 26/04/06 16:29:10 INFO Utils: Successfully started service 'sparkDriver' on port 34955.
[2026-04-06T16:29:10.554+0000] {subprocess.py:93} INFO - 26/04/06 16:29:10 INFO SparkEnv: Registering MapOutputTracker
[2026-04-06T16:29:10.594+0000] {subprocess.py:93} INFO - 26/04/06 16:29:10 INFO SparkEnv: Registering BlockManagerMaster
[2026-04-06T16:29:10.618+0000] {subprocess.py:93} INFO - 26/04/06 16:29:10 INFO BlockManagerMasterEndpoint: Using org.apache.spark.storage.DefaultTopologyMapper for getting topology information
[2026-04-06T16:29:10.619+0000] {subprocess.py:93} INFO - 26/04/06 16:29:10 INFO BlockManagerMasterEndpoint: BlockManagerMasterEndpoint up
[2026-04-06T16:29:10.623+0000] {subprocess.py:93} INFO - 26/04/06 16:29:10 INFO SparkEnv: Registering BlockManagerMasterHeartbeat
[2026-04-06T16:29:10.647+0000] {subprocess.py:93} INFO - 26/04/06 16:29:10 INFO DiskBlockManager: Created local directory at /tmp/blockmgr-192d113d-a602-43db-9c44-957400096398
[2026-04-06T16:29:10.659+0000] {subprocess.py:93} INFO - 26/04/06 16:29:10 INFO MemoryStore: MemoryStore started with capacity 434.4 MiB
[2026-04-06T16:29:10.673+0000] {subprocess.py:93} INFO - 26/04/06 16:29:10 INFO SparkEnv: Registering OutputCommitCoordinator
[2026-04-06T16:29:10.790+0000] {subprocess.py:93} INFO - 26/04/06 16:29:10 INFO JettyUtils: Start Jetty 0.0.0.0:4040 for SparkUI
[2026-04-06T16:29:10.837+0000] {subprocess.py:93} INFO - 26/04/06 16:29:10 WARN Utils: Service 'SparkUI' could not bind on port 4040. Attempting port 4041.
[2026-04-06T16:29:10.844+0000] {subprocess.py:93} INFO - 26/04/06 16:29:10 INFO Utils: Successfully started service 'SparkUI' on port 4041.
[2026-04-06T16:29:10.877+0000] {subprocess.py:93} INFO - 26/04/06 16:29:10 INFO SparkContext: Added JAR file:///home/airflow/.ivy2/jars/org.apache.hadoop_hadoop-aws-3.3.4.jar at spark://7c36fe5f1e47:34955/jars/org.apache.hadoop_hadoop-aws-3.3.4.jar with timestamp 1775492950221
[2026-04-06T16:29:10.878+0000] {subprocess.py:93} INFO - 26/04/06 16:29:10 INFO SparkContext: Added JAR file:///home/airflow/.ivy2/jars/com.amazonaws_aws-java-sdk-bundle-1.12.262.jar at spark://7c36fe5f1e47:34955/jars/com.amazonaws_aws-java-sdk-bundle-1.12.262.jar with timestamp 1775492950221
[2026-04-06T16:29:10.878+0000] {subprocess.py:93} INFO - 26/04/06 16:29:10 INFO SparkContext: Added JAR file:///home/airflow/.ivy2/jars/org.wildfly.openssl_wildfly-openssl-1.0.7.Final.jar at spark://7c36fe5f1e47:34955/jars/org.wildfly.openssl_wildfly-openssl-1.0.7.Final.jar with timestamp 1775492950221
[2026-04-06T16:29:10.881+0000] {subprocess.py:93} INFO - 26/04/06 16:29:10 INFO SparkContext: Added file file:///home/airflow/.ivy2/jars/org.apache.hadoop_hadoop-aws-3.3.4.jar at spark://7c36fe5f1e47:34955/files/org.apache.hadoop_hadoop-aws-3.3.4.jar with timestamp 1775492950221
[2026-04-06T16:29:10.882+0000] {subprocess.py:93} INFO - 26/04/06 16:29:10 INFO Utils: Copying /home/airflow/.ivy2/jars/org.apache.hadoop_hadoop-aws-3.3.4.jar to /tmp/spark-d1df61b6-d91d-4d52-b59a-285f815be81f/userFiles-3ac10cc9-b9b5-4c7a-b4b5-8cf8ada322e8/org.apache.hadoop_hadoop-aws-3.3.4.jar
[2026-04-06T16:29:10.899+0000] {subprocess.py:93} INFO - 26/04/06 16:29:10 INFO SparkContext: Added file file:///home/airflow/.ivy2/jars/com.amazonaws_aws-java-sdk-bundle-1.12.262.jar at spark://7c36fe5f1e47:34955/files/com.amazonaws_aws-java-sdk-bundle-1.12.262.jar with timestamp 1775492950221
[2026-04-06T16:29:10.899+0000] {subprocess.py:93} INFO - 26/04/06 16:29:10 INFO Utils: Copying /home/airflow/.ivy2/jars/com.amazonaws_aws-java-sdk-bundle-1.12.262.jar to /tmp/spark-d1df61b6-d91d-4d52-b59a-285f815be81f/userFiles-3ac10cc9-b9b5-4c7a-b4b5-8cf8ada322e8/com.amazonaws_aws-java-sdk-bundle-1.12.262.jar
[2026-04-06T16:29:11.837+0000] {subprocess.py:93} INFO - 26/04/06 16:29:11 INFO SparkContext: Added file file:///home/airflow/.ivy2/jars/org.wildfly.openssl_wildfly-openssl-1.0.7.Final.jar at spark://7c36fe5f1e47:34955/files/org.wildfly.openssl_wildfly-openssl-1.0.7.Final.jar with timestamp 1775492950221
[2026-04-06T16:29:11.838+0000] {subprocess.py:93} INFO - 26/04/06 16:29:11 INFO Utils: Copying /home/airflow/.ivy2/jars/org.wildfly.openssl_wildfly-openssl-1.0.7.Final.jar to /tmp/spark-d1df61b6-d91d-4d52-b59a-285f815be81f/userFiles-3ac10cc9-b9b5-4c7a-b4b5-8cf8ada322e8/org.wildfly.openssl_wildfly-openssl-1.0.7.Final.jar
[2026-04-06T16:29:11.893+0000] {subprocess.py:93} INFO - 26/04/06 16:29:11 INFO StandaloneAppClient$ClientEndpoint: Connecting to master spark://spark-master:7077...
[2026-04-06T16:29:11.920+0000] {subprocess.py:93} INFO - 26/04/06 16:29:11 INFO TransportClientFactory: Successfully created connection to spark-master/172.18.0.2:7077 after 15 ms (0 ms spent in bootstraps)
[2026-04-06T16:29:12.051+0000] {subprocess.py:93} INFO - 26/04/06 16:29:12 INFO StandaloneSchedulerBackend: Connected to Spark cluster with app ID app-20260406162912-0000
[2026-04-06T16:29:12.058+0000] {subprocess.py:93} INFO - 26/04/06 16:29:12 INFO Utils: Successfully started service 'org.apache.spark.network.netty.NettyBlockTransferService' on port 38369.
[2026-04-06T16:29:12.058+0000] {subprocess.py:93} INFO - 26/04/06 16:29:12 INFO NettyBlockTransferService: Server created on 7c36fe5f1e47:38369
[2026-04-06T16:29:12.060+0000] {subprocess.py:93} INFO - 26/04/06 16:29:12 INFO BlockManager: Using org.apache.spark.storage.RandomBlockReplicationPolicy for block replication policy
[2026-04-06T16:29:12.066+0000] {subprocess.py:93} INFO - 26/04/06 16:29:12 INFO StandaloneAppClient$ClientEndpoint: Executor added: app-20260406162912-0000/0 on worker-20260406162852-172.18.0.5-39719 (172.18.0.5:39719) with 16 core(s)
[2026-04-06T16:29:12.068+0000] {subprocess.py:93} INFO - 26/04/06 16:29:12 INFO StandaloneSchedulerBackend: Granted executor ID app-20260406162912-0000/0 on hostPort 172.18.0.5:39719 with 16 core(s), 1024.0 MiB RAM
[2026-04-06T16:29:12.070+0000] {subprocess.py:93} INFO - 26/04/06 16:29:12 INFO BlockManagerMaster: Registering BlockManager BlockManagerId(driver, 7c36fe5f1e47, 38369, None)
[2026-04-06T16:29:12.074+0000] {subprocess.py:93} INFO - 26/04/06 16:29:12 INFO BlockManagerMasterEndpoint: Registering block manager 7c36fe5f1e47:38369 with 434.4 MiB RAM, BlockManagerId(driver, 7c36fe5f1e47, 38369, None)
[2026-04-06T16:29:12.077+0000] {subprocess.py:93} INFO - 26/04/06 16:29:12 INFO BlockManagerMaster: Registered BlockManager BlockManagerId(driver, 7c36fe5f1e47, 38369, None)
[2026-04-06T16:29:12.079+0000] {subprocess.py:93} INFO - 26/04/06 16:29:12 INFO BlockManager: Initialized BlockManager: BlockManagerId(driver, 7c36fe5f1e47, 38369, None)
[2026-04-06T16:29:12.211+0000] {subprocess.py:93} INFO - 26/04/06 16:29:12 INFO StandaloneAppClient$ClientEndpoint: Executor updated: app-20260406162912-0000/0 is now RUNNING
[2026-04-06T16:29:12.276+0000] {subprocess.py:93} INFO - 26/04/06 16:29:12 INFO StandaloneSchedulerBackend: SchedulerBackend is ready for scheduling beginning after reached minRegisteredResourcesRatio: 0.0
[2026-04-06T16:29:12.446+0000] {subprocess.py:93} INFO - 26/04/06 16:29:12 INFO SharedState: Setting hive.metastore.warehouse.dir ('null') to the value of spark.sql.warehouse.dir.
[2026-04-06T16:29:12.448+0000] {subprocess.py:93} INFO - 26/04/06 16:29:12 INFO SharedState: Warehouse path is 'file:/tmp/airflowtmpkdn10er3/spark-warehouse'.
[2026-04-06T16:29:13.182+0000] {subprocess.py:93} INFO - 26/04/06 16:29:13 WARN MetricsConfig: Cannot locate configuration: tried hadoop-metrics2-s3a-file-system.properties,hadoop-metrics2.properties
[2026-04-06T16:29:13.190+0000] {subprocess.py:93} INFO - 26/04/06 16:29:13 INFO MetricsSystemImpl: Scheduled Metric snapshot period at 10 second(s).
[2026-04-06T16:29:13.190+0000] {subprocess.py:93} INFO - 26/04/06 16:29:13 INFO MetricsSystemImpl: s3a-file-system metrics system started
[2026-04-06T16:29:13.991+0000] {subprocess.py:93} INFO - 26/04/06 16:29:13 INFO InMemoryFileIndex: It took 51 ms to list leaf files for 1 paths.
[2026-04-06T16:29:14.063+0000] {subprocess.py:93} INFO - 26/04/06 16:29:14 INFO InMemoryFileIndex: It took 12 ms to list leaf files for 1 paths.
[2026-04-06T16:29:14.120+0000] {subprocess.py:93} INFO - 26/04/06 16:29:14 INFO StandaloneSchedulerBackend$StandaloneDriverEndpoint: Registered executor NettyRpcEndpointRef(spark-client://Executor) (172.18.0.5:53304) with ID 0,  ResourceProfileId 0
[2026-04-06T16:29:14.188+0000] {subprocess.py:93} INFO - 26/04/06 16:29:14 INFO BlockManagerMasterEndpoint: Registering block manager 172.18.0.5:36077 with 434.4 MiB RAM, BlockManagerId(0, 172.18.0.5, 36077, None)
[2026-04-06T16:29:15.633+0000] {subprocess.py:93} INFO - 26/04/06 16:29:15 INFO FileSourceStrategy: Pushed Filters:
[2026-04-06T16:29:15.635+0000] {subprocess.py:93} INFO - 26/04/06 16:29:15 INFO FileSourceStrategy: Post-Scan Filters: (length(trim(value#0, None)) > 0)
[2026-04-06T16:29:16.006+0000] {subprocess.py:93} INFO - 26/04/06 16:29:16 INFO CodeGenerator: Code generated in 156.971415 ms
[2026-04-06T16:29:16.050+0000] {subprocess.py:93} INFO - 26/04/06 16:29:16 INFO MemoryStore: Block broadcast_0 stored as values in memory (estimated size 203.2 KiB, free 434.2 MiB)
[2026-04-06T16:29:16.104+0000] {subprocess.py:93} INFO - 26/04/06 16:29:16 INFO MemoryStore: Block broadcast_0_piece0 stored as bytes in memory (estimated size 35.2 KiB, free 434.2 MiB)
[2026-04-06T16:29:16.107+0000] {subprocess.py:93} INFO - 26/04/06 16:29:16 INFO BlockManagerInfo: Added broadcast_0_piece0 in memory on 7c36fe5f1e47:38369 (size: 35.2 KiB, free: 434.4 MiB)
[2026-04-06T16:29:16.111+0000] {subprocess.py:93} INFO - 26/04/06 16:29:16 INFO SparkContext: Created broadcast 0 from csv at NativeMethodAccessorImpl.java:0
[2026-04-06T16:29:16.120+0000] {subprocess.py:93} INFO - 26/04/06 16:29:16 INFO FileSourceScanExec: Planning scan with bin packing, max size: 4194304 bytes, open cost is considered as scanning 4194304 bytes.
[2026-04-06T16:29:16.204+0000] {subprocess.py:93} INFO - 26/04/06 16:29:16 INFO SparkContext: Starting job: csv at NativeMethodAccessorImpl.java:0
[2026-04-06T16:29:16.213+0000] {subprocess.py:93} INFO - 26/04/06 16:29:16 INFO DAGScheduler: Got job 0 (csv at NativeMethodAccessorImpl.java:0) with 1 output partitions
[2026-04-06T16:29:16.213+0000] {subprocess.py:93} INFO - 26/04/06 16:29:16 INFO DAGScheduler: Final stage: ResultStage 0 (csv at NativeMethodAccessorImpl.java:0)
[2026-04-06T16:29:16.214+0000] {subprocess.py:93} INFO - 26/04/06 16:29:16 INFO DAGScheduler: Parents of final stage: List()
[2026-04-06T16:29:16.214+0000] {subprocess.py:93} INFO - 26/04/06 16:29:16 INFO DAGScheduler: Missing parents: List()
[2026-04-06T16:29:16.216+0000] {subprocess.py:93} INFO - 26/04/06 16:29:16 INFO DAGScheduler: Submitting ResultStage 0 (MapPartitionsRDD[3] at csv at NativeMethodAccessorImpl.java:0), which has no missing parents
[2026-04-06T16:29:16.262+0000] {subprocess.py:93} INFO - 26/04/06 16:29:16 INFO MemoryStore: Block broadcast_1 stored as values in memory (estimated size 13.5 KiB, free 434.2 MiB)
[2026-04-06T16:29:16.269+0000] {subprocess.py:93} INFO - 26/04/06 16:29:16 INFO MemoryStore: Block broadcast_1_piece0 stored as bytes in memory (estimated size 6.4 KiB, free 434.1 MiB)
[2026-04-06T16:29:16.270+0000] {subprocess.py:93} INFO - 26/04/06 16:29:16 INFO BlockManagerInfo: Added broadcast_1_piece0 in memory on 7c36fe5f1e47:38369 (size: 6.4 KiB, free: 434.4 MiB)
[2026-04-06T16:29:16.271+0000] {subprocess.py:93} INFO - 26/04/06 16:29:16 INFO SparkContext: Created broadcast 1 from broadcast at DAGScheduler.scala:1611
[2026-04-06T16:29:16.297+0000] {subprocess.py:93} INFO - 26/04/06 16:29:16 INFO DAGScheduler: Submitting 1 missing tasks from ResultStage 0 (MapPartitionsRDD[3] at csv at NativeMethodAccessorImpl.java:0) (first 15 tasks are for partitions Vector(0))
[2026-04-06T16:29:16.298+0000] {subprocess.py:93} INFO - 26/04/06 16:29:16 INFO TaskSchedulerImpl: Adding task set 0.0 with 1 tasks resource profile 0
[2026-04-06T16:29:16.867+0000] {subprocess.py:93} INFO - 26/04/06 16:29:16 INFO TaskSetManager: Starting task 0.0 in stage 0.0 (TID 0) (172.18.0.5, executor 0, partition 0, PROCESS_LOCAL, 10346 bytes)
[2026-04-06T16:29:17.010+0000] {subprocess.py:93} INFO - 26/04/06 16:29:17 INFO BlockManagerInfo: Added broadcast_1_piece0 in memory on 172.18.0.5:36077 (size: 6.4 KiB, free: 434.4 MiB)
[2026-04-06T16:29:17.616+0000] {subprocess.py:93} INFO - 26/04/06 16:29:17 INFO BlockManagerInfo: Added broadcast_0_piece0 in memory on 172.18.0.5:36077 (size: 35.2 KiB, free: 434.4 MiB)
[2026-04-06T16:29:18.342+0000] {subprocess.py:93} INFO - 26/04/06 16:29:18 INFO TaskSetManager: Finished task 0.0 in stage 0.0 (TID 0) in 1481 ms on 172.18.0.5 (executor 0) (1/1)
[2026-04-06T16:29:18.343+0000] {subprocess.py:93} INFO - 26/04/06 16:29:18 INFO TaskSchedulerImpl: Removed TaskSet 0.0, whose tasks have all completed, from pool
[2026-04-06T16:29:18.346+0000] {subprocess.py:93} INFO - 26/04/06 16:29:18 INFO DAGScheduler: ResultStage 0 (csv at NativeMethodAccessorImpl.java:0) finished in 2.122 s
[2026-04-06T16:29:18.347+0000] {subprocess.py:93} INFO - 26/04/06 16:29:18 INFO DAGScheduler: Job 0 is finished. Cancelling potential speculative or zombie tasks for this job
[2026-04-06T16:29:18.347+0000] {subprocess.py:93} INFO - 26/04/06 16:29:18 INFO TaskSchedulerImpl: Killing all running tasks in stage 0: Stage finished
[2026-04-06T16:29:18.348+0000] {subprocess.py:93} INFO - 26/04/06 16:29:18 INFO DAGScheduler: Job 0 finished: csv at NativeMethodAccessorImpl.java:0, took 2.143601 s
[2026-04-06T16:29:18.361+0000] {subprocess.py:93} INFO - 26/04/06 16:29:18 INFO CodeGenerator: Code generated in 6.370203 ms
[2026-04-06T16:29:18.392+0000] {subprocess.py:93} INFO - 26/04/06 16:29:18 INFO BlockManagerInfo: Removed broadcast_1_piece0 on 7c36fe5f1e47:38369 in memory (size: 6.4 KiB, free: 434.4 MiB)
[2026-04-06T16:29:18.396+0000] {subprocess.py:93} INFO - 26/04/06 16:29:18 INFO BlockManagerInfo: Removed broadcast_1_piece0 on 172.18.0.5:36077 in memory (size: 6.4 KiB, free: 434.4 MiB)
[2026-04-06T16:29:18.397+0000] {subprocess.py:93} INFO - 26/04/06 16:29:18 INFO FileSourceStrategy: Pushed Filters:
[2026-04-06T16:29:18.398+0000] {subprocess.py:93} INFO - 26/04/06 16:29:18 INFO FileSourceStrategy: Post-Scan Filters:
[2026-04-06T16:29:18.402+0000] {subprocess.py:93} INFO - 26/04/06 16:29:18 INFO MemoryStore: Block broadcast_2 stored as values in memory (estimated size 203.2 KiB, free 434.0 MiB)
[2026-04-06T16:29:18.409+0000] {subprocess.py:93} INFO - 26/04/06 16:29:18 INFO MemoryStore: Block broadcast_2_piece0 stored as bytes in memory (estimated size 35.2 KiB, free 433.9 MiB)
[2026-04-06T16:29:18.410+0000] {subprocess.py:93} INFO - 26/04/06 16:29:18 INFO BlockManagerInfo: Added broadcast_2_piece0 in memory on 7c36fe5f1e47:38369 (size: 35.2 KiB, free: 434.3 MiB)
[2026-04-06T16:29:18.411+0000] {subprocess.py:93} INFO - 26/04/06 16:29:18 INFO SparkContext: Created broadcast 2 from csv at NativeMethodAccessorImpl.java:0
[2026-04-06T16:29:18.411+0000] {subprocess.py:93} INFO - 26/04/06 16:29:18 INFO FileSourceScanExec: Planning scan with bin packing, max size: 4194304 bytes, open cost is considered as scanning 4194304 bytes.
[2026-04-06T16:29:18.464+0000] {subprocess.py:93} INFO - 26/04/06 16:29:18 INFO SparkContext: Starting job: csv at NativeMethodAccessorImpl.java:0
[2026-04-06T16:29:18.465+0000] {subprocess.py:93} INFO - 26/04/06 16:29:18 INFO DAGScheduler: Got job 1 (csv at NativeMethodAccessorImpl.java:0) with 1 output partitions
[2026-04-06T16:29:18.465+0000] {subprocess.py:93} INFO - 26/04/06 16:29:18 INFO DAGScheduler: Final stage: ResultStage 1 (csv at NativeMethodAccessorImpl.java:0)
[2026-04-06T16:29:18.466+0000] {subprocess.py:93} INFO - 26/04/06 16:29:18 INFO DAGScheduler: Parents of final stage: List()
[2026-04-06T16:29:18.466+0000] {subprocess.py:93} INFO - 26/04/06 16:29:18 INFO DAGScheduler: Missing parents: List()
[2026-04-06T16:29:18.466+0000] {subprocess.py:93} INFO - 26/04/06 16:29:18 INFO DAGScheduler: Submitting ResultStage 1 (MapPartitionsRDD[9] at csv at NativeMethodAccessorImpl.java:0), which has no missing parents
[2026-04-06T16:29:18.478+0000] {subprocess.py:93} INFO - 26/04/06 16:29:18 INFO MemoryStore: Block broadcast_3 stored as values in memory (estimated size 29.5 KiB, free 433.9 MiB)
[2026-04-06T16:29:18.483+0000] {subprocess.py:93} INFO - 26/04/06 16:29:18 INFO MemoryStore: Block broadcast_3_piece0 stored as bytes in memory (estimated size 13.2 KiB, free 433.9 MiB)
[2026-04-06T16:29:18.483+0000] {subprocess.py:93} INFO - 26/04/06 16:29:18 INFO BlockManagerInfo: Added broadcast_3_piece0 in memory on 7c36fe5f1e47:38369 (size: 13.2 KiB, free: 434.3 MiB)
[2026-04-06T16:29:18.483+0000] {subprocess.py:93} INFO - 26/04/06 16:29:18 INFO SparkContext: Created broadcast 3 from broadcast at DAGScheduler.scala:1611
[2026-04-06T16:29:18.484+0000] {subprocess.py:93} INFO - 26/04/06 16:29:18 INFO DAGScheduler: Submitting 1 missing tasks from ResultStage 1 (MapPartitionsRDD[9] at csv at NativeMethodAccessorImpl.java:0) (first 15 tasks are for partitions Vector(0))
[2026-04-06T16:29:18.485+0000] {subprocess.py:93} INFO - 26/04/06 16:29:18 INFO TaskSchedulerImpl: Adding task set 1.0 with 1 tasks resource profile 0
[2026-04-06T16:29:18.486+0000] {subprocess.py:93} INFO - 26/04/06 16:29:18 INFO TaskSetManager: Starting task 0.0 in stage 1.0 (TID 1) (172.18.0.5, executor 0, partition 0, PROCESS_LOCAL, 10346 bytes)
[2026-04-06T16:29:18.506+0000] {subprocess.py:93} INFO - 26/04/06 16:29:18 INFO BlockManagerInfo: Added broadcast_3_piece0 in memory on 172.18.0.5:36077 (size: 13.2 KiB, free: 434.4 MiB)
[2026-04-06T16:29:19.167+0000] {subprocess.py:93} INFO - 26/04/06 16:29:19 INFO BlockManagerInfo: Added broadcast_2_piece0 in memory on 172.18.0.5:36077 (size: 35.2 KiB, free: 434.3 MiB)
[2026-04-06T16:29:19.509+0000] {subprocess.py:93} INFO - 26/04/06 16:29:19 INFO TaskSetManager: Finished task 0.0 in stage 1.0 (TID 1) in 1023 ms on 172.18.0.5 (executor 0) (1/1)
[2026-04-06T16:29:19.509+0000] {subprocess.py:93} INFO - 26/04/06 16:29:19 INFO TaskSchedulerImpl: Removed TaskSet 1.0, whose tasks have all completed, from pool
[2026-04-06T16:29:19.510+0000] {subprocess.py:93} INFO - 26/04/06 16:29:19 INFO DAGScheduler: ResultStage 1 (csv at NativeMethodAccessorImpl.java:0) finished in 1.042 s
[2026-04-06T16:29:19.510+0000] {subprocess.py:93} INFO - 26/04/06 16:29:19 INFO DAGScheduler: Job 1 is finished. Cancelling potential speculative or zombie tasks for this job
[2026-04-06T16:29:19.510+0000] {subprocess.py:93} INFO - 26/04/06 16:29:19 INFO TaskSchedulerImpl: Killing all running tasks in stage 1: Stage finished
[2026-04-06T16:29:19.511+0000] {subprocess.py:93} INFO - 26/04/06 16:29:19 INFO DAGScheduler: Job 1 finished: csv at NativeMethodAccessorImpl.java:0, took 1.048294 s
[2026-04-06T16:29:19.702+0000] {subprocess.py:93} INFO - 26/04/06 16:29:19 INFO FileSourceStrategy: Pushed Filters:
[2026-04-06T16:29:19.703+0000] {subprocess.py:93} INFO - 26/04/06 16:29:19 INFO FileSourceStrategy: Post-Scan Filters: isnotnull(trim(observation_id#17, None))
[2026-04-06T16:29:19.785+0000] {subprocess.py:93} INFO - 26/04/06 16:29:19 INFO CodeGenerator: Code generated in 21.410969 ms
[2026-04-06T16:29:19.788+0000] {subprocess.py:93} INFO - 26/04/06 16:29:19 INFO MemoryStore: Block broadcast_4 stored as values in memory (estimated size 203.1 KiB, free 433.7 MiB)
[2026-04-06T16:29:19.793+0000] {subprocess.py:93} INFO - 26/04/06 16:29:19 INFO MemoryStore: Block broadcast_4_piece0 stored as bytes in memory (estimated size 35.2 KiB, free 433.7 MiB)
[2026-04-06T16:29:19.794+0000] {subprocess.py:93} INFO - 26/04/06 16:29:19 INFO BlockManagerInfo: Added broadcast_4_piece0 in memory on 7c36fe5f1e47:38369 (size: 35.2 KiB, free: 434.3 MiB)
[2026-04-06T16:29:19.795+0000] {subprocess.py:93} INFO - 26/04/06 16:29:19 INFO SparkContext: Created broadcast 4 from parquet at NativeMethodAccessorImpl.java:0
[2026-04-06T16:29:19.799+0000] {subprocess.py:93} INFO - 26/04/06 16:29:19 INFO FileSourceScanExec: Planning scan with bin packing, max size: 4194304 bytes, open cost is considered as scanning 4194304 bytes.
[2026-04-06T16:29:19.823+0000] {subprocess.py:93} INFO - 26/04/06 16:29:19 INFO DAGScheduler: Registering RDD 14 (parquet at NativeMethodAccessorImpl.java:0) as input to shuffle 0
[2026-04-06T16:29:19.825+0000] {subprocess.py:93} INFO - 26/04/06 16:29:19 INFO DAGScheduler: Got map stage job 2 (parquet at NativeMethodAccessorImpl.java:0) with 1 output partitions
[2026-04-06T16:29:19.826+0000] {subprocess.py:93} INFO - 26/04/06 16:29:19 INFO DAGScheduler: Final stage: ShuffleMapStage 2 (parquet at NativeMethodAccessorImpl.java:0)
[2026-04-06T16:29:19.826+0000] {subprocess.py:93} INFO - 26/04/06 16:29:19 INFO DAGScheduler: Parents of final stage: List()
[2026-04-06T16:29:19.827+0000] {subprocess.py:93} INFO - 26/04/06 16:29:19 INFO DAGScheduler: Missing parents: List()
[2026-04-06T16:29:19.827+0000] {subprocess.py:93} INFO - 26/04/06 16:29:19 INFO DAGScheduler: Submitting ShuffleMapStage 2 (MapPartitionsRDD[14] at parquet at NativeMethodAccessorImpl.java:0), which has no missing parents
[2026-04-06T16:29:19.838+0000] {subprocess.py:93} INFO - 26/04/06 16:29:19 INFO MemoryStore: Block broadcast_5 stored as values in memory (estimated size 40.0 KiB, free 433.6 MiB)
[2026-04-06T16:29:19.839+0000] {subprocess.py:93} INFO - 26/04/06 16:29:19 INFO MemoryStore: Block broadcast_5_piece0 stored as bytes in memory (estimated size 17.8 KiB, free 433.6 MiB)
[2026-04-06T16:29:19.840+0000] {subprocess.py:93} INFO - 26/04/06 16:29:19 INFO BlockManagerInfo: Added broadcast_5_piece0 in memory on 7c36fe5f1e47:38369 (size: 17.8 KiB, free: 434.3 MiB)
[2026-04-06T16:29:19.840+0000] {subprocess.py:93} INFO - 26/04/06 16:29:19 INFO SparkContext: Created broadcast 5 from broadcast at DAGScheduler.scala:1611
[2026-04-06T16:29:19.842+0000] {subprocess.py:93} INFO - 26/04/06 16:29:19 INFO DAGScheduler: Submitting 1 missing tasks from ShuffleMapStage 2 (MapPartitionsRDD[14] at parquet at NativeMethodAccessorImpl.java:0) (first 15 tasks are for partitions Vector(0))
[2026-04-06T16:29:19.842+0000] {subprocess.py:93} INFO - 26/04/06 16:29:19 INFO TaskSchedulerImpl: Adding task set 2.0 with 1 tasks resource profile 0
[2026-04-06T16:29:19.843+0000] {subprocess.py:93} INFO - 26/04/06 16:29:19 INFO TaskSetManager: Starting task 0.0 in stage 2.0 (TID 2) (172.18.0.5, executor 0, partition 0, PROCESS_LOCAL, 10335 bytes)
[2026-04-06T16:29:19.859+0000] {subprocess.py:93} INFO - 26/04/06 16:29:19 INFO BlockManagerInfo: Added broadcast_5_piece0 in memory on 172.18.0.5:36077 (size: 17.8 KiB, free: 434.3 MiB)
[2026-04-06T16:29:20.056+0000] {subprocess.py:93} INFO - 26/04/06 16:29:20 INFO BlockManagerInfo: Added broadcast_4_piece0 in memory on 172.18.0.5:36077 (size: 35.2 KiB, free: 434.3 MiB)
[2026-04-06T16:29:20.431+0000] {subprocess.py:93} INFO - 26/04/06 16:29:20 INFO TaskSetManager: Finished task 0.0 in stage 2.0 (TID 2) in 588 ms on 172.18.0.5 (executor 0) (1/1)
[2026-04-06T16:29:20.432+0000] {subprocess.py:93} INFO - 26/04/06 16:29:20 INFO TaskSchedulerImpl: Removed TaskSet 2.0, whose tasks have all completed, from pool
[2026-04-06T16:29:20.434+0000] {subprocess.py:93} INFO - 26/04/06 16:29:20 INFO DAGScheduler: ShuffleMapStage 2 (parquet at NativeMethodAccessorImpl.java:0) finished in 0.604 s
[2026-04-06T16:29:20.434+0000] {subprocess.py:93} INFO - 26/04/06 16:29:20 INFO DAGScheduler: looking for newly runnable stages
[2026-04-06T16:29:20.435+0000] {subprocess.py:93} INFO - 26/04/06 16:29:20 INFO DAGScheduler: running: Set()
[2026-04-06T16:29:20.435+0000] {subprocess.py:93} INFO - 26/04/06 16:29:20 INFO DAGScheduler: waiting: Set()
[2026-04-06T16:29:20.435+0000] {subprocess.py:93} INFO - 26/04/06 16:29:20 INFO DAGScheduler: failed: Set()
[2026-04-06T16:29:20.450+0000] {subprocess.py:93} INFO - 26/04/06 16:29:20 INFO ShufflePartitionsUtil: For shuffle(0), advisory target size: 67108864, actual target size 1048576, minimum partition size: 1048576
[2026-04-06T16:29:20.584+0000] {subprocess.py:93} INFO - 26/04/06 16:29:20 INFO BlockManagerInfo: Removed broadcast_3_piece0 on 7c36fe5f1e47:38369 in memory (size: 13.2 KiB, free: 434.3 MiB)
[2026-04-06T16:29:20.587+0000] {subprocess.py:93} INFO - 26/04/06 16:29:20 INFO BlockManagerInfo: Removed broadcast_3_piece0 on 172.18.0.5:36077 in memory (size: 13.2 KiB, free: 434.3 MiB)
[2026-04-06T16:29:20.593+0000] {subprocess.py:93} INFO - 26/04/06 16:29:20 INFO BlockManagerInfo: Removed broadcast_5_piece0 on 7c36fe5f1e47:38369 in memory (size: 17.8 KiB, free: 434.3 MiB)
[2026-04-06T16:29:20.594+0000] {subprocess.py:93} INFO - 26/04/06 16:29:20 INFO BlockManagerInfo: Removed broadcast_5_piece0 on 172.18.0.5:36077 in memory (size: 17.8 KiB, free: 434.3 MiB)
[2026-04-06T16:29:20.605+0000] {subprocess.py:93} INFO - 26/04/06 16:29:20 INFO ParquetUtils: Using default output committer for Parquet: org.apache.parquet.hadoop.ParquetOutputCommitter
[2026-04-06T16:29:20.627+0000] {subprocess.py:93} INFO - 26/04/06 16:29:20 INFO FileOutputCommitter: File Output Committer Algorithm version is 1
[2026-04-06T16:29:20.627+0000] {subprocess.py:93} INFO - 26/04/06 16:29:20 INFO FileOutputCommitter: FileOutputCommitter skip cleanup _temporary folders under output directory:false, ignore cleanup failures: false
[2026-04-06T16:29:20.628+0000] {subprocess.py:93} INFO - 26/04/06 16:29:20 INFO SQLHadoopMapReduceCommitProtocol: Using user defined output committer class org.apache.parquet.hadoop.ParquetOutputCommitter
[2026-04-06T16:29:20.628+0000] {subprocess.py:93} INFO - 26/04/06 16:29:20 INFO FileOutputCommitter: File Output Committer Algorithm version is 1
[2026-04-06T16:29:20.629+0000] {subprocess.py:93} INFO - 26/04/06 16:29:20 INFO FileOutputCommitter: FileOutputCommitter skip cleanup _temporary folders under output directory:false, ignore cleanup failures: false
[2026-04-06T16:29:20.629+0000] {subprocess.py:93} INFO - 26/04/06 16:29:20 INFO SQLHadoopMapReduceCommitProtocol: Using output committer class org.apache.parquet.hadoop.ParquetOutputCommitter
[2026-04-06T16:29:20.688+0000] {subprocess.py:93} INFO - 26/04/06 16:29:20 INFO CodeGenerator: Code generated in 16.097634 ms
[2026-04-06T16:29:20.703+0000] {subprocess.py:93} INFO - 26/04/06 16:29:20 INFO CodeGenerator: Code generated in 10.469764 ms
[2026-04-06T16:29:20.721+0000] {subprocess.py:93} INFO - 26/04/06 16:29:20 INFO SparkContext: Starting job: parquet at NativeMethodAccessorImpl.java:0
[2026-04-06T16:29:20.722+0000] {subprocess.py:93} INFO - 26/04/06 16:29:20 INFO DAGScheduler: Got job 3 (parquet at NativeMethodAccessorImpl.java:0) with 1 output partitions
[2026-04-06T16:29:20.722+0000] {subprocess.py:93} INFO - 26/04/06 16:29:20 INFO DAGScheduler: Final stage: ResultStage 4 (parquet at NativeMethodAccessorImpl.java:0)
[2026-04-06T16:29:20.723+0000] {subprocess.py:93} INFO - 26/04/06 16:29:20 INFO DAGScheduler: Parents of final stage: List(ShuffleMapStage 3)
[2026-04-06T16:29:20.723+0000] {subprocess.py:93} INFO - 26/04/06 16:29:20 INFO DAGScheduler: Missing parents: List()
[2026-04-06T16:29:20.723+0000] {subprocess.py:93} INFO - 26/04/06 16:29:20 INFO DAGScheduler: Submitting ResultStage 4 (MapPartitionsRDD[19] at parquet at NativeMethodAccessorImpl.java:0), which has no missing parents
[2026-04-06T16:29:20.749+0000] {subprocess.py:93} INFO - 26/04/06 16:29:20 INFO MemoryStore: Block broadcast_6 stored as values in memory (estimated size 257.5 KiB, free 433.5 MiB)
[2026-04-06T16:29:20.753+0000] {subprocess.py:93} INFO - 26/04/06 16:29:20 INFO MemoryStore: Block broadcast_6_piece0 stored as bytes in memory (estimated size 94.3 KiB, free 433.4 MiB)
[2026-04-06T16:29:20.754+0000] {subprocess.py:93} INFO - 26/04/06 16:29:20 INFO BlockManagerInfo: Added broadcast_6_piece0 in memory on 7c36fe5f1e47:38369 (size: 94.3 KiB, free: 434.2 MiB)
[2026-04-06T16:29:20.754+0000] {subprocess.py:93} INFO - 26/04/06 16:29:20 INFO SparkContext: Created broadcast 6 from broadcast at DAGScheduler.scala:1611
[2026-04-06T16:29:20.755+0000] {subprocess.py:93} INFO - 26/04/06 16:29:20 INFO DAGScheduler: Submitting 1 missing tasks from ResultStage 4 (MapPartitionsRDD[19] at parquet at NativeMethodAccessorImpl.java:0) (first 15 tasks are for partitions Vector(0))
[2026-04-06T16:29:20.756+0000] {subprocess.py:93} INFO - 26/04/06 16:29:20 INFO TaskSchedulerImpl: Adding task set 4.0 with 1 tasks resource profile 0
[2026-04-06T16:29:20.759+0000] {subprocess.py:93} INFO - 26/04/06 16:29:20 INFO TaskSetManager: Starting task 0.0 in stage 4.0 (TID 3) (172.18.0.5, executor 0, partition 0, NODE_LOCAL, 9733 bytes)
[2026-04-06T16:29:20.770+0000] {subprocess.py:93} INFO - 26/04/06 16:29:20 INFO BlockManagerInfo: Removed broadcast_0_piece0 on 7c36fe5f1e47:38369 in memory (size: 35.2 KiB, free: 434.2 MiB)
[2026-04-06T16:29:20.772+0000] {subprocess.py:93} INFO - 26/04/06 16:29:20 INFO BlockManagerInfo: Removed broadcast_0_piece0 on 172.18.0.5:36077 in memory (size: 35.2 KiB, free: 434.3 MiB)
[2026-04-06T16:29:20.775+0000] {subprocess.py:93} INFO - 26/04/06 16:29:20 INFO BlockManagerInfo: Added broadcast_6_piece0 in memory on 172.18.0.5:36077 (size: 94.3 KiB, free: 434.2 MiB)
[2026-04-06T16:29:20.777+0000] {subprocess.py:93} INFO - 26/04/06 16:29:20 INFO BlockManagerInfo: Removed broadcast_2_piece0 on 7c36fe5f1e47:38369 in memory (size: 35.2 KiB, free: 434.3 MiB)
[2026-04-06T16:29:20.779+0000] {subprocess.py:93} INFO - 26/04/06 16:29:20 INFO BlockManagerInfo: Removed broadcast_2_piece0 on 172.18.0.5:36077 in memory (size: 35.2 KiB, free: 434.3 MiB)
[2026-04-06T16:29:20.828+0000] {subprocess.py:93} INFO - 26/04/06 16:29:20 INFO MapOutputTrackerMasterEndpoint: Asked to send map output locations for shuffle 0 to 172.18.0.5:53304
[2026-04-06T16:29:21.768+0000] {subprocess.py:93} INFO - 26/04/06 16:29:21 INFO TaskSetManager: Finished task 0.0 in stage 4.0 (TID 3) in 1010 ms on 172.18.0.5 (executor 0) (1/1)
[2026-04-06T16:29:21.769+0000] {subprocess.py:93} INFO - 26/04/06 16:29:21 INFO TaskSchedulerImpl: Removed TaskSet 4.0, whose tasks have all completed, from pool
[2026-04-06T16:29:21.769+0000] {subprocess.py:93} INFO - 26/04/06 16:29:21 INFO DAGScheduler: ResultStage 4 (parquet at NativeMethodAccessorImpl.java:0) finished in 1.036 s
[2026-04-06T16:29:21.769+0000] {subprocess.py:93} INFO - 26/04/06 16:29:21 INFO DAGScheduler: Job 3 is finished. Cancelling potential speculative or zombie tasks for this job
[2026-04-06T16:29:21.770+0000] {subprocess.py:93} INFO - 26/04/06 16:29:21 INFO TaskSchedulerImpl: Killing all running tasks in stage 4: Stage finished
[2026-04-06T16:29:21.770+0000] {subprocess.py:93} INFO - 26/04/06 16:29:21 INFO DAGScheduler: Job 3 finished: parquet at NativeMethodAccessorImpl.java:0, took 1.048960 s
[2026-04-06T16:29:21.771+0000] {subprocess.py:93} INFO - 26/04/06 16:29:21 INFO FileFormatWriter: Start to commit write Job f2ce7e76-7084-485d-bcc8-c013c7b5bd95.
[2026-04-06T16:29:21.881+0000] {subprocess.py:93} INFO - 26/04/06 16:29:21 INFO FileFormatWriter: Write Job f2ce7e76-7084-485d-bcc8-c013c7b5bd95 committed. Elapsed time: 108 ms.
[2026-04-06T16:29:21.882+0000] {subprocess.py:93} INFO - 26/04/06 16:29:21 INFO FileFormatWriter: Finished processing stats for write job f2ce7e76-7084-485d-bcc8-c013c7b5bd95.
[2026-04-06T16:29:21.884+0000] {subprocess.py:93} INFO - Observations Bronze -> Silver completed successfully.
[2026-04-06T16:29:21.885+0000] {subprocess.py:93} INFO - 26/04/06 16:29:21 INFO SparkContext: SparkContext is stopping with exitCode 0.
[2026-04-06T16:29:21.890+0000] {subprocess.py:93} INFO - 26/04/06 16:29:21 INFO SparkUI: Stopped Spark web UI at http://7c36fe5f1e47:4041
[2026-04-06T16:29:21.892+0000] {subprocess.py:93} INFO - 26/04/06 16:29:21 INFO StandaloneSchedulerBackend: Shutting down all executors
[2026-04-06T16:29:21.893+0000] {subprocess.py:93} INFO - 26/04/06 16:29:21 INFO StandaloneSchedulerBackend$StandaloneDriverEndpoint: Asking each executor to shut down
[2026-04-06T16:29:21.902+0000] {subprocess.py:93} INFO - 26/04/06 16:29:21 INFO MapOutputTrackerMasterEndpoint: MapOutputTrackerMasterEndpoint stopped!
[2026-04-06T16:29:21.918+0000] {subprocess.py:93} INFO - 26/04/06 16:29:21 INFO MemoryStore: MemoryStore cleared
[2026-04-06T16:29:21.918+0000] {subprocess.py:93} INFO - 26/04/06 16:29:21 INFO BlockManager: BlockManager stopped
[2026-04-06T16:29:21.921+0000] {subprocess.py:93} INFO - 26/04/06 16:29:21 INFO BlockManagerMaster: BlockManagerMaster stopped
[2026-04-06T16:29:21.923+0000] {subprocess.py:93} INFO - 26/04/06 16:29:21 INFO OutputCommitCoordinator$OutputCommitCoordinatorEndpoint: OutputCommitCoordinator stopped!
[2026-04-06T16:29:22.012+0000] {subprocess.py:93} INFO - 26/04/06 16:29:22 INFO SparkContext: Successfully stopped SparkContext
[2026-04-06T16:29:22.334+0000] {subprocess.py:93} INFO - 26/04/06 16:29:22 INFO ShutdownHookManager: Shutdown hook called
[2026-04-06T16:29:22.335+0000] {subprocess.py:93} INFO - 26/04/06 16:29:22 INFO ShutdownHookManager: Deleting directory /tmp/spark-d1df61b6-d91d-4d52-b59a-285f815be81f/pyspark-a130290f-ef74-4829-8850-31c8d4992d6d
[2026-04-06T16:29:22.341+0000] {subprocess.py:93} INFO - 26/04/06 16:29:22 INFO ShutdownHookManager: Deleting directory /tmp/spark-a0e7df1f-29c2-4d61-b37a-507c2b91cef0
[2026-04-06T16:29:22.347+0000] {subprocess.py:93} INFO - 26/04/06 16:29:22 INFO ShutdownHookManager: Deleting directory /tmp/spark-d1df61b6-d91d-4d52-b59a-285f815be81f
[2026-04-06T16:29:22.356+0000] {subprocess.py:93} INFO - 26/04/06 16:29:22 INFO MetricsSystemImpl: Stopping s3a-file-system metrics system...
[2026-04-06T16:29:22.356+0000] {subprocess.py:93} INFO - 26/04/06 16:29:22 INFO MetricsSystemImpl: s3a-file-system metrics system stopped.
[2026-04-06T16:29:22.357+0000] {subprocess.py:93} INFO - 26/04/06 16:29:22 INFO MetricsSystemImpl: s3a-file-system metrics system shutdown complete.
[2026-04-06T16:29:22.445+0000] {subprocess.py:97} INFO - Command exited with return code 0
[2026-04-06T16:29:22.479+0000] {taskinstance.py:1149} INFO - Marking task as SUCCESS. dag_id=bronze_to_silver_and_gold, task_id=run_observations_silver, execution_date=20260406T162905, start_date=20260406T162907, end_date=20260406T162922
[2026-04-06T16:29:22.530+0000] {local_task_job_runner.py:234} INFO - Task exited with return code 0
[2026-04-06T16:29:22.554+0000] {taskinstance.py:3312} INFO - 0 downstream tasks scheduled from follow-on schedule check
