[2026-04-06T14:36:45.120+0000] {taskinstance.py:1979} INFO - Dependencies all met for dep_context=non-requeueable deps ti=<TaskInstance: bronze_to_silver_and_gold.run_observations_silver manual__2026-04-06T14:36:44.740338+00:00 [queued]>
[2026-04-06T14:36:45.128+0000] {taskinstance.py:1979} INFO - Dependencies all met for dep_context=requeueable deps ti=<TaskInstance: bronze_to_silver_and_gold.run_observations_silver manual__2026-04-06T14:36:44.740338+00:00 [queued]>
[2026-04-06T14:36:45.128+0000] {taskinstance.py:2193} INFO - Starting attempt 1 of 1
[2026-04-06T14:36:45.139+0000] {taskinstance.py:2217} INFO - Executing <Task(BashOperator): run_observations_silver> on 2026-04-06 14:36:44.740338+00:00
[2026-04-06T14:36:45.146+0000] {standard_task_runner.py:60} INFO - Started process 194 to run task
[2026-04-06T14:36:45.151+0000] {standard_task_runner.py:87} INFO - Running: ['airflow', 'tasks', 'run', 'bronze_to_silver_and_gold', 'run_observations_silver', 'manual__2026-04-06T14:36:44.740338+00:00', '--job-id', '21', '--raw', '--subdir', 'DAGS_FOLDER/bronze_to_silver_dag.py', '--cfg-path', '/tmp/tmpomdbbt6y']
[2026-04-06T14:36:45.153+0000] {standard_task_runner.py:88} INFO - Job 21: Subtask run_observations_silver
[2026-04-06T14:36:45.210+0000] {task_command.py:423} INFO - Running <TaskInstance: bronze_to_silver_and_gold.run_observations_silver manual__2026-04-06T14:36:44.740338+00:00 [running]> on host 7c36fe5f1e47
[2026-04-06T14:36:45.294+0000] {taskinstance.py:2513} INFO - Exporting env vars: AIRFLOW_CTX_DAG_OWNER='airflow' AIRFLOW_CTX_DAG_ID='bronze_to_silver_and_gold' AIRFLOW_CTX_TASK_ID='run_observations_silver' AIRFLOW_CTX_EXECUTION_DATE='2026-04-06T14:36:44.740338+00:00' AIRFLOW_CTX_TRY_NUMBER='1' AIRFLOW_CTX_DAG_RUN_ID='manual__2026-04-06T14:36:44.740338+00:00'
[2026-04-06T14:36:45.295+0000] {subprocess.py:63} INFO - Tmp dir root location: /tmp
[2026-04-06T14:36:45.297+0000] {subprocess.py:75} INFO - Running command: ['/usr/bin/bash', '-c', '\n/opt/spark/bin/spark-submit \\\n  --master spark://spark-master:7077 \\\n  --packages org.apache.hadoop:hadoop-aws:3.3.4,com.amazonaws:aws-java-sdk-bundle:1.12.262 \\\n  --conf spark.hadoop.fs.s3a.endpoint=http://minio:9000 \\\n  --conf spark.hadoop.fs.s3a.access.key=minioadmin \\\n  --conf spark.hadoop.fs.s3a.secret.key=minioadmin \\\n  --conf spark.hadoop.fs.s3a.path.style.access=true \\\n  --conf spark.hadoop.fs.s3a.impl=org.apache.hadoop.fs.s3a.S3AFileSystem \\\n  /opt/airflow/spark/jobs/bronze_to_silver_observations.py']
[2026-04-06T14:36:45.308+0000] {subprocess.py:86} INFO - Output:
[2026-04-06T14:36:47.070+0000] {subprocess.py:93} INFO - :: loading settings :: url = jar:file:/opt/spark-3.5.6-bin-hadoop3/jars/ivy-2.5.1.jar!/org/apache/ivy/core/settings/ivysettings.xml
[2026-04-06T14:36:47.156+0000] {subprocess.py:93} INFO - Ivy Default Cache set to: /home/airflow/.ivy2/cache
[2026-04-06T14:36:47.157+0000] {subprocess.py:93} INFO - The jars for the packages stored in: /home/airflow/.ivy2/jars
[2026-04-06T14:36:47.160+0000] {subprocess.py:93} INFO - org.apache.hadoop#hadoop-aws added as a dependency
[2026-04-06T14:36:47.161+0000] {subprocess.py:93} INFO - com.amazonaws#aws-java-sdk-bundle added as a dependency
[2026-04-06T14:36:47.161+0000] {subprocess.py:93} INFO - :: resolving dependencies :: org.apache.spark#spark-submit-parent-690a8538-08ba-40ec-94a9-efcf8b70992c;1.0
[2026-04-06T14:36:47.162+0000] {subprocess.py:93} INFO - 	confs: [default]
[2026-04-06T14:36:47.319+0000] {subprocess.py:93} INFO - 	found org.apache.hadoop#hadoop-aws;3.3.4 in central
[2026-04-06T14:36:47.344+0000] {subprocess.py:93} INFO - 	found com.amazonaws#aws-java-sdk-bundle;1.12.262 in central
[2026-04-06T14:36:47.376+0000] {subprocess.py:93} INFO - 	found org.wildfly.openssl#wildfly-openssl;1.0.7.Final in central
[2026-04-06T14:36:47.400+0000] {subprocess.py:93} INFO - :: resolution report :: resolve 231ms :: artifacts dl 9ms
[2026-04-06T14:36:47.400+0000] {subprocess.py:93} INFO - 	:: modules in use:
[2026-04-06T14:36:47.401+0000] {subprocess.py:93} INFO - 	com.amazonaws#aws-java-sdk-bundle;1.12.262 from central in [default]
[2026-04-06T14:36:47.401+0000] {subprocess.py:93} INFO - 	org.apache.hadoop#hadoop-aws;3.3.4 from central in [default]
[2026-04-06T14:36:47.401+0000] {subprocess.py:93} INFO - 	org.wildfly.openssl#wildfly-openssl;1.0.7.Final from central in [default]
[2026-04-06T14:36:47.402+0000] {subprocess.py:93} INFO - 	---------------------------------------------------------------------
[2026-04-06T14:36:47.402+0000] {subprocess.py:93} INFO - 	|                  |            modules            ||   artifacts   |
[2026-04-06T14:36:47.402+0000] {subprocess.py:93} INFO - 	|       conf       | number| search|dwnlded|evicted|| number|dwnlded|
[2026-04-06T14:36:47.403+0000] {subprocess.py:93} INFO - 	---------------------------------------------------------------------
[2026-04-06T14:36:47.403+0000] {subprocess.py:93} INFO - 	|      default     |   3   |   0   |   0   |   0   ||   3   |   0   |
[2026-04-06T14:36:47.403+0000] {subprocess.py:93} INFO - 	---------------------------------------------------------------------
[2026-04-06T14:36:47.405+0000] {subprocess.py:93} INFO - :: retrieving :: org.apache.spark#spark-submit-parent-690a8538-08ba-40ec-94a9-efcf8b70992c
[2026-04-06T14:36:47.405+0000] {subprocess.py:93} INFO - 	confs: [default]
[2026-04-06T14:36:47.412+0000] {subprocess.py:93} INFO - 	0 artifacts copied, 3 already retrieved (0kB/7ms)
[2026-04-06T14:36:47.597+0000] {subprocess.py:93} INFO - 26/04/06 14:36:47 WARN NativeCodeLoader: Unable to load native-hadoop library for your platform... using builtin-java classes where applicable
[2026-04-06T14:36:48.372+0000] {subprocess.py:93} INFO - 26/04/06 14:36:48 INFO SparkContext: Running Spark version 3.5.6
[2026-04-06T14:36:48.372+0000] {subprocess.py:93} INFO - 26/04/06 14:36:48 INFO SparkContext: OS info Linux, 6.6.87.2-microsoft-standard-WSL2, amd64
[2026-04-06T14:36:48.373+0000] {subprocess.py:93} INFO - 26/04/06 14:36:48 INFO SparkContext: Java version 17.0.18
[2026-04-06T14:36:48.392+0000] {subprocess.py:93} INFO - 26/04/06 14:36:48 INFO ResourceUtils: ==============================================================
[2026-04-06T14:36:48.393+0000] {subprocess.py:93} INFO - 26/04/06 14:36:48 INFO ResourceUtils: No custom resources configured for spark.driver.
[2026-04-06T14:36:48.396+0000] {subprocess.py:93} INFO - 26/04/06 14:36:48 INFO ResourceUtils: ==============================================================
[2026-04-06T14:36:48.397+0000] {subprocess.py:93} INFO - 26/04/06 14:36:48 INFO SparkContext: Submitted application: bronze_to_silver_observations
[2026-04-06T14:36:48.413+0000] {subprocess.py:93} INFO - 26/04/06 14:36:48 INFO ResourceProfile: Default ResourceProfile created, executor resources: Map(memory -> name: memory, amount: 1024, script: , vendor: , offHeap -> name: offHeap, amount: 0, script: , vendor: ), task resources: Map(cpus -> name: cpus, amount: 1.0)
[2026-04-06T14:36:48.418+0000] {subprocess.py:93} INFO - 26/04/06 14:36:48 INFO ResourceProfile: Limiting resource is cpu
[2026-04-06T14:36:48.418+0000] {subprocess.py:93} INFO - 26/04/06 14:36:48 INFO ResourceProfileManager: Added ResourceProfile id: 0
[2026-04-06T14:36:48.477+0000] {subprocess.py:93} INFO - 26/04/06 14:36:48 INFO SecurityManager: Changing view acls to: airflow
[2026-04-06T14:36:48.477+0000] {subprocess.py:93} INFO - 26/04/06 14:36:48 INFO SecurityManager: Changing modify acls to: airflow
[2026-04-06T14:36:48.478+0000] {subprocess.py:93} INFO - 26/04/06 14:36:48 INFO SecurityManager: Changing view acls groups to:
[2026-04-06T14:36:48.478+0000] {subprocess.py:93} INFO - 26/04/06 14:36:48 INFO SecurityManager: Changing modify acls groups to:
[2026-04-06T14:36:48.479+0000] {subprocess.py:93} INFO - 26/04/06 14:36:48 INFO SecurityManager: SecurityManager: authentication disabled; ui acls disabled; users with view permissions: airflow; groups with view permissions: EMPTY; users with modify permissions: airflow; groups with modify permissions: EMPTY
[2026-04-06T14:36:48.651+0000] {subprocess.py:93} INFO - 26/04/06 14:36:48 INFO Utils: Successfully started service 'sparkDriver' on port 41693.
[2026-04-06T14:36:48.679+0000] {subprocess.py:93} INFO - 26/04/06 14:36:48 INFO SparkEnv: Registering MapOutputTracker
[2026-04-06T14:36:48.708+0000] {subprocess.py:93} INFO - 26/04/06 14:36:48 INFO SparkEnv: Registering BlockManagerMaster
[2026-04-06T14:36:48.725+0000] {subprocess.py:93} INFO - 26/04/06 14:36:48 INFO BlockManagerMasterEndpoint: Using org.apache.spark.storage.DefaultTopologyMapper for getting topology information
[2026-04-06T14:36:48.726+0000] {subprocess.py:93} INFO - 26/04/06 14:36:48 INFO BlockManagerMasterEndpoint: BlockManagerMasterEndpoint up
[2026-04-06T14:36:48.728+0000] {subprocess.py:93} INFO - 26/04/06 14:36:48 INFO SparkEnv: Registering BlockManagerMasterHeartbeat
[2026-04-06T14:36:48.749+0000] {subprocess.py:93} INFO - 26/04/06 14:36:48 INFO DiskBlockManager: Created local directory at /tmp/blockmgr-3bbd81f6-ed60-4801-9663-4286d689d027
[2026-04-06T14:36:48.759+0000] {subprocess.py:93} INFO - 26/04/06 14:36:48 INFO MemoryStore: MemoryStore started with capacity 434.4 MiB
[2026-04-06T14:36:48.770+0000] {subprocess.py:93} INFO - 26/04/06 14:36:48 INFO SparkEnv: Registering OutputCommitCoordinator
[2026-04-06T14:36:48.875+0000] {subprocess.py:93} INFO - 26/04/06 14:36:48 INFO JettyUtils: Start Jetty 0.0.0.0:4040 for SparkUI
[2026-04-06T14:36:48.914+0000] {subprocess.py:93} INFO - 26/04/06 14:36:48 WARN Utils: Service 'SparkUI' could not bind on port 4040. Attempting port 4041.
[2026-04-06T14:36:48.915+0000] {subprocess.py:93} INFO - 26/04/06 14:36:48 WARN Utils: Service 'SparkUI' could not bind on port 4041. Attempting port 4042.
[2026-04-06T14:36:48.921+0000] {subprocess.py:93} INFO - 26/04/06 14:36:48 INFO Utils: Successfully started service 'SparkUI' on port 4042.
[2026-04-06T14:36:48.944+0000] {subprocess.py:93} INFO - 26/04/06 14:36:48 INFO SparkContext: Added JAR file:///home/airflow/.ivy2/jars/org.apache.hadoop_hadoop-aws-3.3.4.jar at spark://7c36fe5f1e47:41693/jars/org.apache.hadoop_hadoop-aws-3.3.4.jar with timestamp 1775486208366
[2026-04-06T14:36:48.945+0000] {subprocess.py:93} INFO - 26/04/06 14:36:48 INFO SparkContext: Added JAR file:///home/airflow/.ivy2/jars/com.amazonaws_aws-java-sdk-bundle-1.12.262.jar at spark://7c36fe5f1e47:41693/jars/com.amazonaws_aws-java-sdk-bundle-1.12.262.jar with timestamp 1775486208366
[2026-04-06T14:36:48.945+0000] {subprocess.py:93} INFO - 26/04/06 14:36:48 INFO SparkContext: Added JAR file:///home/airflow/.ivy2/jars/org.wildfly.openssl_wildfly-openssl-1.0.7.Final.jar at spark://7c36fe5f1e47:41693/jars/org.wildfly.openssl_wildfly-openssl-1.0.7.Final.jar with timestamp 1775486208366
[2026-04-06T14:36:48.947+0000] {subprocess.py:93} INFO - 26/04/06 14:36:48 INFO SparkContext: Added file file:///home/airflow/.ivy2/jars/org.apache.hadoop_hadoop-aws-3.3.4.jar at spark://7c36fe5f1e47:41693/files/org.apache.hadoop_hadoop-aws-3.3.4.jar with timestamp 1775486208366
[2026-04-06T14:36:48.948+0000] {subprocess.py:93} INFO - 26/04/06 14:36:48 INFO Utils: Copying /home/airflow/.ivy2/jars/org.apache.hadoop_hadoop-aws-3.3.4.jar to /tmp/spark-1d339967-56a9-4791-a91d-c1cbe32b131e/userFiles-c7e3045b-db37-400c-81dd-a03473d2fad1/org.apache.hadoop_hadoop-aws-3.3.4.jar
[2026-04-06T14:36:48.962+0000] {subprocess.py:93} INFO - 26/04/06 14:36:48 INFO SparkContext: Added file file:///home/airflow/.ivy2/jars/com.amazonaws_aws-java-sdk-bundle-1.12.262.jar at spark://7c36fe5f1e47:41693/files/com.amazonaws_aws-java-sdk-bundle-1.12.262.jar with timestamp 1775486208366
[2026-04-06T14:36:48.962+0000] {subprocess.py:93} INFO - 26/04/06 14:36:48 INFO Utils: Copying /home/airflow/.ivy2/jars/com.amazonaws_aws-java-sdk-bundle-1.12.262.jar to /tmp/spark-1d339967-56a9-4791-a91d-c1cbe32b131e/userFiles-c7e3045b-db37-400c-81dd-a03473d2fad1/com.amazonaws_aws-java-sdk-bundle-1.12.262.jar
[2026-04-06T14:36:49.954+0000] {subprocess.py:93} INFO - 26/04/06 14:36:49 INFO SparkContext: Added file file:///home/airflow/.ivy2/jars/org.wildfly.openssl_wildfly-openssl-1.0.7.Final.jar at spark://7c36fe5f1e47:41693/files/org.wildfly.openssl_wildfly-openssl-1.0.7.Final.jar with timestamp 1775486208366
[2026-04-06T14:36:49.956+0000] {subprocess.py:93} INFO - 26/04/06 14:36:49 INFO Utils: Copying /home/airflow/.ivy2/jars/org.wildfly.openssl_wildfly-openssl-1.0.7.Final.jar to /tmp/spark-1d339967-56a9-4791-a91d-c1cbe32b131e/userFiles-c7e3045b-db37-400c-81dd-a03473d2fad1/org.wildfly.openssl_wildfly-openssl-1.0.7.Final.jar
[2026-04-06T14:36:50.014+0000] {subprocess.py:93} INFO - 26/04/06 14:36:50 INFO StandaloneAppClient$ClientEndpoint: Connecting to master spark://spark-master:7077...
[2026-04-06T14:36:50.042+0000] {subprocess.py:93} INFO - 26/04/06 14:36:50 INFO TransportClientFactory: Successfully created connection to spark-master/172.18.0.2:7077 after 15 ms (0 ms spent in bootstraps)
[2026-04-06T14:36:50.188+0000] {subprocess.py:93} INFO - 26/04/06 14:36:50 INFO StandaloneSchedulerBackend: Connected to Spark cluster with app ID app-20260406143650-0000
[2026-04-06T14:36:50.196+0000] {subprocess.py:93} INFO - 26/04/06 14:36:50 INFO Utils: Successfully started service 'org.apache.spark.network.netty.NettyBlockTransferService' on port 42721.
[2026-04-06T14:36:50.196+0000] {subprocess.py:93} INFO - 26/04/06 14:36:50 INFO NettyBlockTransferService: Server created on 7c36fe5f1e47:42721
[2026-04-06T14:36:50.199+0000] {subprocess.py:93} INFO - 26/04/06 14:36:50 INFO BlockManager: Using org.apache.spark.storage.RandomBlockReplicationPolicy for block replication policy
[2026-04-06T14:36:50.205+0000] {subprocess.py:93} INFO - 26/04/06 14:36:50 INFO StandaloneAppClient$ClientEndpoint: Executor added: app-20260406143650-0000/0 on worker-20260406143626-172.18.0.5-33621 (172.18.0.5:33621) with 16 core(s)
[2026-04-06T14:36:50.207+0000] {subprocess.py:93} INFO - 26/04/06 14:36:50 INFO StandaloneSchedulerBackend: Granted executor ID app-20260406143650-0000/0 on hostPort 172.18.0.5:33621 with 16 core(s), 1024.0 MiB RAM
[2026-04-06T14:36:50.210+0000] {subprocess.py:93} INFO - 26/04/06 14:36:50 INFO BlockManagerMaster: Registering BlockManager BlockManagerId(driver, 7c36fe5f1e47, 42721, None)
[2026-04-06T14:36:50.213+0000] {subprocess.py:93} INFO - 26/04/06 14:36:50 INFO BlockManagerMasterEndpoint: Registering block manager 7c36fe5f1e47:42721 with 434.4 MiB RAM, BlockManagerId(driver, 7c36fe5f1e47, 42721, None)
[2026-04-06T14:36:50.215+0000] {subprocess.py:93} INFO - 26/04/06 14:36:50 INFO BlockManagerMaster: Registered BlockManager BlockManagerId(driver, 7c36fe5f1e47, 42721, None)
[2026-04-06T14:36:50.216+0000] {subprocess.py:93} INFO - 26/04/06 14:36:50 INFO BlockManager: Initialized BlockManager: BlockManagerId(driver, 7c36fe5f1e47, 42721, None)
[2026-04-06T14:36:50.335+0000] {subprocess.py:93} INFO - 26/04/06 14:36:50 INFO StandaloneAppClient$ClientEndpoint: Executor updated: app-20260406143650-0000/0 is now RUNNING
[2026-04-06T14:36:50.387+0000] {subprocess.py:93} INFO - 26/04/06 14:36:50 INFO StandaloneSchedulerBackend: SchedulerBackend is ready for scheduling beginning after reached minRegisteredResourcesRatio: 0.0
[2026-04-06T14:36:50.560+0000] {subprocess.py:93} INFO - 26/04/06 14:36:50 INFO SharedState: Setting hive.metastore.warehouse.dir ('null') to the value of spark.sql.warehouse.dir.
[2026-04-06T14:36:50.562+0000] {subprocess.py:93} INFO - 26/04/06 14:36:50 INFO SharedState: Warehouse path is 'file:/tmp/airflowtmpwbys4pt5/spark-warehouse'.
[2026-04-06T14:36:51.337+0000] {subprocess.py:93} INFO - 26/04/06 14:36:51 WARN MetricsConfig: Cannot locate configuration: tried hadoop-metrics2-s3a-file-system.properties,hadoop-metrics2.properties
[2026-04-06T14:36:51.347+0000] {subprocess.py:93} INFO - 26/04/06 14:36:51 INFO MetricsSystemImpl: Scheduled Metric snapshot period at 10 second(s).
[2026-04-06T14:36:51.347+0000] {subprocess.py:93} INFO - 26/04/06 14:36:51 INFO MetricsSystemImpl: s3a-file-system metrics system started
[2026-04-06T14:36:52.125+0000] {subprocess.py:93} INFO - 26/04/06 14:36:52 INFO InMemoryFileIndex: It took 49 ms to list leaf files for 1 paths.
[2026-04-06T14:36:52.201+0000] {subprocess.py:93} INFO - 26/04/06 14:36:52 INFO InMemoryFileIndex: It took 14 ms to list leaf files for 1 paths.
[2026-04-06T14:36:52.258+0000] {subprocess.py:93} INFO - 26/04/06 14:36:52 INFO StandaloneSchedulerBackend$StandaloneDriverEndpoint: Registered executor NettyRpcEndpointRef(spark-client://Executor) (172.18.0.5:52658) with ID 0,  ResourceProfileId 0
[2026-04-06T14:36:52.316+0000] {subprocess.py:93} INFO - 26/04/06 14:36:52 INFO BlockManagerMasterEndpoint: Registering block manager 172.18.0.5:42761 with 434.4 MiB RAM, BlockManagerId(0, 172.18.0.5, 42761, None)
[2026-04-06T14:36:53.625+0000] {subprocess.py:93} INFO - 26/04/06 14:36:53 INFO FileSourceStrategy: Pushed Filters:
[2026-04-06T14:36:53.627+0000] {subprocess.py:93} INFO - 26/04/06 14:36:53 INFO FileSourceStrategy: Post-Scan Filters: (length(trim(value#0, None)) > 0)
[2026-04-06T14:36:53.963+0000] {subprocess.py:93} INFO - 26/04/06 14:36:53 INFO CodeGenerator: Code generated in 152.445313 ms
[2026-04-06T14:36:54.006+0000] {subprocess.py:93} INFO - 26/04/06 14:36:54 INFO MemoryStore: Block broadcast_0 stored as values in memory (estimated size 203.2 KiB, free 434.2 MiB)
[2026-04-06T14:36:54.047+0000] {subprocess.py:93} INFO - 26/04/06 14:36:54 INFO MemoryStore: Block broadcast_0_piece0 stored as bytes in memory (estimated size 35.2 KiB, free 434.2 MiB)
[2026-04-06T14:36:54.050+0000] {subprocess.py:93} INFO - 26/04/06 14:36:54 INFO BlockManagerInfo: Added broadcast_0_piece0 in memory on 7c36fe5f1e47:42721 (size: 35.2 KiB, free: 434.4 MiB)
[2026-04-06T14:36:54.053+0000] {subprocess.py:93} INFO - 26/04/06 14:36:54 INFO SparkContext: Created broadcast 0 from csv at NativeMethodAccessorImpl.java:0
[2026-04-06T14:36:54.062+0000] {subprocess.py:93} INFO - 26/04/06 14:36:54 INFO FileSourceScanExec: Planning scan with bin packing, max size: 4194304 bytes, open cost is considered as scanning 4194304 bytes.
[2026-04-06T14:36:54.132+0000] {subprocess.py:93} INFO - 26/04/06 14:36:54 INFO SparkContext: Starting job: csv at NativeMethodAccessorImpl.java:0
[2026-04-06T14:36:54.144+0000] {subprocess.py:93} INFO - 26/04/06 14:36:54 INFO DAGScheduler: Got job 0 (csv at NativeMethodAccessorImpl.java:0) with 1 output partitions
[2026-04-06T14:36:54.144+0000] {subprocess.py:93} INFO - 26/04/06 14:36:54 INFO DAGScheduler: Final stage: ResultStage 0 (csv at NativeMethodAccessorImpl.java:0)
[2026-04-06T14:36:54.145+0000] {subprocess.py:93} INFO - 26/04/06 14:36:54 INFO DAGScheduler: Parents of final stage: List()
[2026-04-06T14:36:54.145+0000] {subprocess.py:93} INFO - 26/04/06 14:36:54 INFO DAGScheduler: Missing parents: List()
[2026-04-06T14:36:54.146+0000] {subprocess.py:93} INFO - 26/04/06 14:36:54 INFO DAGScheduler: Submitting ResultStage 0 (MapPartitionsRDD[3] at csv at NativeMethodAccessorImpl.java:0), which has no missing parents
[2026-04-06T14:36:54.193+0000] {subprocess.py:93} INFO - 26/04/06 14:36:54 INFO MemoryStore: Block broadcast_1 stored as values in memory (estimated size 13.5 KiB, free 434.2 MiB)
[2026-04-06T14:36:54.194+0000] {subprocess.py:93} INFO - 26/04/06 14:36:54 INFO MemoryStore: Block broadcast_1_piece0 stored as bytes in memory (estimated size 6.4 KiB, free 434.1 MiB)
[2026-04-06T14:36:54.198+0000] {subprocess.py:93} INFO - 26/04/06 14:36:54 INFO BlockManagerInfo: Added broadcast_1_piece0 in memory on 7c36fe5f1e47:42721 (size: 6.4 KiB, free: 434.4 MiB)
[2026-04-06T14:36:54.198+0000] {subprocess.py:93} INFO - 26/04/06 14:36:54 INFO SparkContext: Created broadcast 1 from broadcast at DAGScheduler.scala:1611
[2026-04-06T14:36:54.209+0000] {subprocess.py:93} INFO - 26/04/06 14:36:54 INFO DAGScheduler: Submitting 1 missing tasks from ResultStage 0 (MapPartitionsRDD[3] at csv at NativeMethodAccessorImpl.java:0) (first 15 tasks are for partitions Vector(0))
[2026-04-06T14:36:54.211+0000] {subprocess.py:93} INFO - 26/04/06 14:36:54 INFO TaskSchedulerImpl: Adding task set 0.0 with 1 tasks resource profile 0
[2026-04-06T14:36:54.882+0000] {subprocess.py:93} INFO - 26/04/06 14:36:54 INFO TaskSetManager: Starting task 0.0 in stage 0.0 (TID 0) (172.18.0.5, executor 0, partition 0, PROCESS_LOCAL, 10346 bytes)
[2026-04-06T14:36:55.031+0000] {subprocess.py:93} INFO - 26/04/06 14:36:55 INFO BlockManagerInfo: Added broadcast_1_piece0 in memory on 172.18.0.5:42761 (size: 6.4 KiB, free: 434.4 MiB)
[2026-04-06T14:36:55.648+0000] {subprocess.py:93} INFO - 26/04/06 14:36:55 INFO BlockManagerInfo: Added broadcast_0_piece0 in memory on 172.18.0.5:42761 (size: 35.2 KiB, free: 434.4 MiB)
[2026-04-06T14:36:56.358+0000] {subprocess.py:93} INFO - 26/04/06 14:36:56 INFO TaskSetManager: Finished task 0.0 in stage 0.0 (TID 0) in 1482 ms on 172.18.0.5 (executor 0) (1/1)
[2026-04-06T14:36:56.359+0000] {subprocess.py:93} INFO - 26/04/06 14:36:56 INFO TaskSchedulerImpl: Removed TaskSet 0.0, whose tasks have all completed, from pool
[2026-04-06T14:36:56.362+0000] {subprocess.py:93} INFO - 26/04/06 14:36:56 INFO DAGScheduler: ResultStage 0 (csv at NativeMethodAccessorImpl.java:0) finished in 2.208 s
[2026-04-06T14:36:56.363+0000] {subprocess.py:93} INFO - 26/04/06 14:36:56 INFO DAGScheduler: Job 0 is finished. Cancelling potential speculative or zombie tasks for this job
[2026-04-06T14:36:56.363+0000] {subprocess.py:93} INFO - 26/04/06 14:36:56 INFO TaskSchedulerImpl: Killing all running tasks in stage 0: Stage finished
[2026-04-06T14:36:56.364+0000] {subprocess.py:93} INFO - 26/04/06 14:36:56 INFO DAGScheduler: Job 0 finished: csv at NativeMethodAccessorImpl.java:0, took 2.231585 s
[2026-04-06T14:36:56.378+0000] {subprocess.py:93} INFO - 26/04/06 14:36:56 INFO CodeGenerator: Code generated in 6.902357 ms
[2026-04-06T14:36:56.407+0000] {subprocess.py:93} INFO - 26/04/06 14:36:56 INFO BlockManagerInfo: Removed broadcast_1_piece0 on 7c36fe5f1e47:42721 in memory (size: 6.4 KiB, free: 434.4 MiB)
[2026-04-06T14:36:56.413+0000] {subprocess.py:93} INFO - 26/04/06 14:36:56 INFO BlockManagerInfo: Removed broadcast_1_piece0 on 172.18.0.5:42761 in memory (size: 6.4 KiB, free: 434.4 MiB)
[2026-04-06T14:36:56.414+0000] {subprocess.py:93} INFO - 26/04/06 14:36:56 INFO FileSourceStrategy: Pushed Filters:
[2026-04-06T14:36:56.414+0000] {subprocess.py:93} INFO - 26/04/06 14:36:56 INFO FileSourceStrategy: Post-Scan Filters:
[2026-04-06T14:36:56.418+0000] {subprocess.py:93} INFO - 26/04/06 14:36:56 INFO MemoryStore: Block broadcast_2 stored as values in memory (estimated size 203.2 KiB, free 434.0 MiB)
[2026-04-06T14:36:56.423+0000] {subprocess.py:93} INFO - 26/04/06 14:36:56 INFO MemoryStore: Block broadcast_2_piece0 stored as bytes in memory (estimated size 35.2 KiB, free 433.9 MiB)
[2026-04-06T14:36:56.423+0000] {subprocess.py:93} INFO - 26/04/06 14:36:56 INFO BlockManagerInfo: Added broadcast_2_piece0 in memory on 7c36fe5f1e47:42721 (size: 35.2 KiB, free: 434.3 MiB)
[2026-04-06T14:36:56.424+0000] {subprocess.py:93} INFO - 26/04/06 14:36:56 INFO SparkContext: Created broadcast 2 from csv at NativeMethodAccessorImpl.java:0
[2026-04-06T14:36:56.425+0000] {subprocess.py:93} INFO - 26/04/06 14:36:56 INFO FileSourceScanExec: Planning scan with bin packing, max size: 4194304 bytes, open cost is considered as scanning 4194304 bytes.
[2026-04-06T14:36:56.460+0000] {subprocess.py:93} INFO - 26/04/06 14:36:56 INFO SparkContext: Starting job: csv at NativeMethodAccessorImpl.java:0
[2026-04-06T14:36:56.461+0000] {subprocess.py:93} INFO - 26/04/06 14:36:56 INFO DAGScheduler: Got job 1 (csv at NativeMethodAccessorImpl.java:0) with 1 output partitions
[2026-04-06T14:36:56.461+0000] {subprocess.py:93} INFO - 26/04/06 14:36:56 INFO DAGScheduler: Final stage: ResultStage 1 (csv at NativeMethodAccessorImpl.java:0)
[2026-04-06T14:36:56.461+0000] {subprocess.py:93} INFO - 26/04/06 14:36:56 INFO DAGScheduler: Parents of final stage: List()
[2026-04-06T14:36:56.462+0000] {subprocess.py:93} INFO - 26/04/06 14:36:56 INFO DAGScheduler: Missing parents: List()
[2026-04-06T14:36:56.462+0000] {subprocess.py:93} INFO - 26/04/06 14:36:56 INFO DAGScheduler: Submitting ResultStage 1 (MapPartitionsRDD[9] at csv at NativeMethodAccessorImpl.java:0), which has no missing parents
[2026-04-06T14:36:56.474+0000] {subprocess.py:93} INFO - 26/04/06 14:36:56 INFO MemoryStore: Block broadcast_3 stored as values in memory (estimated size 29.5 KiB, free 433.9 MiB)
[2026-04-06T14:36:56.475+0000] {subprocess.py:93} INFO - 26/04/06 14:36:56 INFO MemoryStore: Block broadcast_3_piece0 stored as bytes in memory (estimated size 13.2 KiB, free 433.9 MiB)
[2026-04-06T14:36:56.476+0000] {subprocess.py:93} INFO - 26/04/06 14:36:56 INFO BlockManagerInfo: Added broadcast_3_piece0 in memory on 7c36fe5f1e47:42721 (size: 13.2 KiB, free: 434.3 MiB)
[2026-04-06T14:36:56.476+0000] {subprocess.py:93} INFO - 26/04/06 14:36:56 INFO SparkContext: Created broadcast 3 from broadcast at DAGScheduler.scala:1611
[2026-04-06T14:36:56.477+0000] {subprocess.py:93} INFO - 26/04/06 14:36:56 INFO DAGScheduler: Submitting 1 missing tasks from ResultStage 1 (MapPartitionsRDD[9] at csv at NativeMethodAccessorImpl.java:0) (first 15 tasks are for partitions Vector(0))
[2026-04-06T14:36:56.477+0000] {subprocess.py:93} INFO - 26/04/06 14:36:56 INFO TaskSchedulerImpl: Adding task set 1.0 with 1 tasks resource profile 0
[2026-04-06T14:36:56.478+0000] {subprocess.py:93} INFO - 26/04/06 14:36:56 INFO TaskSetManager: Starting task 0.0 in stage 1.0 (TID 1) (172.18.0.5, executor 0, partition 0, PROCESS_LOCAL, 10346 bytes)
[2026-04-06T14:36:56.495+0000] {subprocess.py:93} INFO - 26/04/06 14:36:56 INFO BlockManagerInfo: Added broadcast_3_piece0 in memory on 172.18.0.5:42761 (size: 13.2 KiB, free: 434.4 MiB)
[2026-04-06T14:36:57.123+0000] {subprocess.py:93} INFO - 26/04/06 14:36:57 INFO BlockManagerInfo: Added broadcast_2_piece0 in memory on 172.18.0.5:42761 (size: 35.2 KiB, free: 434.3 MiB)
[2026-04-06T14:36:57.456+0000] {subprocess.py:93} INFO - 26/04/06 14:36:57 INFO TaskSetManager: Finished task 0.0 in stage 1.0 (TID 1) in 979 ms on 172.18.0.5 (executor 0) (1/1)
[2026-04-06T14:36:57.459+0000] {subprocess.py:93} INFO - 26/04/06 14:36:57 INFO TaskSchedulerImpl: Removed TaskSet 1.0, whose tasks have all completed, from pool
[2026-04-06T14:36:57.460+0000] {subprocess.py:93} INFO - 26/04/06 14:36:57 INFO DAGScheduler: ResultStage 1 (csv at NativeMethodAccessorImpl.java:0) finished in 0.995 s
[2026-04-06T14:36:57.460+0000] {subprocess.py:93} INFO - 26/04/06 14:36:57 INFO DAGScheduler: Job 1 is finished. Cancelling potential speculative or zombie tasks for this job
[2026-04-06T14:36:57.460+0000] {subprocess.py:93} INFO - 26/04/06 14:36:57 INFO TaskSchedulerImpl: Killing all running tasks in stage 1: Stage finished
[2026-04-06T14:36:57.461+0000] {subprocess.py:93} INFO - 26/04/06 14:36:57 INFO DAGScheduler: Job 1 finished: csv at NativeMethodAccessorImpl.java:0, took 0.998573 s
[2026-04-06T14:36:57.624+0000] {subprocess.py:93} INFO - 26/04/06 14:36:57 INFO FileSourceStrategy: Pushed Filters:
[2026-04-06T14:36:57.625+0000] {subprocess.py:93} INFO - 26/04/06 14:36:57 INFO FileSourceStrategy: Post-Scan Filters: isnotnull(trim(observation_id#17, None))
[2026-04-06T14:36:57.704+0000] {subprocess.py:93} INFO - 26/04/06 14:36:57 INFO CodeGenerator: Code generated in 21.322412 ms
[2026-04-06T14:36:57.707+0000] {subprocess.py:93} INFO - 26/04/06 14:36:57 INFO MemoryStore: Block broadcast_4 stored as values in memory (estimated size 203.1 KiB, free 433.7 MiB)
[2026-04-06T14:36:57.712+0000] {subprocess.py:93} INFO - 26/04/06 14:36:57 INFO MemoryStore: Block broadcast_4_piece0 stored as bytes in memory (estimated size 35.2 KiB, free 433.7 MiB)
[2026-04-06T14:36:57.713+0000] {subprocess.py:93} INFO - 26/04/06 14:36:57 INFO BlockManagerInfo: Added broadcast_4_piece0 in memory on 7c36fe5f1e47:42721 (size: 35.2 KiB, free: 434.3 MiB)
[2026-04-06T14:36:57.713+0000] {subprocess.py:93} INFO - 26/04/06 14:36:57 INFO SparkContext: Created broadcast 4 from parquet at NativeMethodAccessorImpl.java:0
[2026-04-06T14:36:57.717+0000] {subprocess.py:93} INFO - 26/04/06 14:36:57 INFO FileSourceScanExec: Planning scan with bin packing, max size: 4194304 bytes, open cost is considered as scanning 4194304 bytes.
[2026-04-06T14:36:57.739+0000] {subprocess.py:93} INFO - 26/04/06 14:36:57 INFO DAGScheduler: Registering RDD 14 (parquet at NativeMethodAccessorImpl.java:0) as input to shuffle 0
[2026-04-06T14:36:57.741+0000] {subprocess.py:93} INFO - 26/04/06 14:36:57 INFO DAGScheduler: Got map stage job 2 (parquet at NativeMethodAccessorImpl.java:0) with 1 output partitions
[2026-04-06T14:36:57.741+0000] {subprocess.py:93} INFO - 26/04/06 14:36:57 INFO DAGScheduler: Final stage: ShuffleMapStage 2 (parquet at NativeMethodAccessorImpl.java:0)
[2026-04-06T14:36:57.741+0000] {subprocess.py:93} INFO - 26/04/06 14:36:57 INFO DAGScheduler: Parents of final stage: List()
[2026-04-06T14:36:57.741+0000] {subprocess.py:93} INFO - 26/04/06 14:36:57 INFO DAGScheduler: Missing parents: List()
[2026-04-06T14:36:57.742+0000] {subprocess.py:93} INFO - 26/04/06 14:36:57 INFO DAGScheduler: Submitting ShuffleMapStage 2 (MapPartitionsRDD[14] at parquet at NativeMethodAccessorImpl.java:0), which has no missing parents
[2026-04-06T14:36:57.751+0000] {subprocess.py:93} INFO - 26/04/06 14:36:57 INFO MemoryStore: Block broadcast_5 stored as values in memory (estimated size 40.0 KiB, free 433.6 MiB)
[2026-04-06T14:36:57.756+0000] {subprocess.py:93} INFO - 26/04/06 14:36:57 INFO MemoryStore: Block broadcast_5_piece0 stored as bytes in memory (estimated size 17.8 KiB, free 433.6 MiB)
[2026-04-06T14:36:57.757+0000] {subprocess.py:93} INFO - 26/04/06 14:36:57 INFO BlockManagerInfo: Added broadcast_5_piece0 in memory on 7c36fe5f1e47:42721 (size: 17.8 KiB, free: 434.3 MiB)
[2026-04-06T14:36:57.757+0000] {subprocess.py:93} INFO - 26/04/06 14:36:57 INFO BlockManagerInfo: Removed broadcast_3_piece0 on 7c36fe5f1e47:42721 in memory (size: 13.2 KiB, free: 434.3 MiB)
[2026-04-06T14:36:57.758+0000] {subprocess.py:93} INFO - 26/04/06 14:36:57 INFO SparkContext: Created broadcast 5 from broadcast at DAGScheduler.scala:1611
[2026-04-06T14:36:57.759+0000] {subprocess.py:93} INFO - 26/04/06 14:36:57 INFO DAGScheduler: Submitting 1 missing tasks from ShuffleMapStage 2 (MapPartitionsRDD[14] at parquet at NativeMethodAccessorImpl.java:0) (first 15 tasks are for partitions Vector(0))
[2026-04-06T14:36:57.759+0000] {subprocess.py:93} INFO - 26/04/06 14:36:57 INFO TaskSchedulerImpl: Adding task set 2.0 with 1 tasks resource profile 0
[2026-04-06T14:36:57.760+0000] {subprocess.py:93} INFO - 26/04/06 14:36:57 INFO BlockManagerInfo: Removed broadcast_3_piece0 on 172.18.0.5:42761 in memory (size: 13.2 KiB, free: 434.3 MiB)
[2026-04-06T14:36:57.760+0000] {subprocess.py:93} INFO - 26/04/06 14:36:57 INFO TaskSetManager: Starting task 0.0 in stage 2.0 (TID 2) (172.18.0.5, executor 0, partition 0, PROCESS_LOCAL, 10335 bytes)
[2026-04-06T14:36:57.765+0000] {subprocess.py:93} INFO - 26/04/06 14:36:57 INFO BlockManagerInfo: Removed broadcast_0_piece0 on 7c36fe5f1e47:42721 in memory (size: 35.2 KiB, free: 434.3 MiB)
[2026-04-06T14:36:57.767+0000] {subprocess.py:93} INFO - 26/04/06 14:36:57 INFO BlockManagerInfo: Removed broadcast_0_piece0 on 172.18.0.5:42761 in memory (size: 35.2 KiB, free: 434.4 MiB)
[2026-04-06T14:36:57.772+0000] {subprocess.py:93} INFO - 26/04/06 14:36:57 INFO BlockManagerInfo: Added broadcast_5_piece0 in memory on 172.18.0.5:42761 (size: 17.8 KiB, free: 434.3 MiB)
[2026-04-06T14:36:57.930+0000] {subprocess.py:93} INFO - 26/04/06 14:36:57 INFO BlockManagerInfo: Added broadcast_4_piece0 in memory on 172.18.0.5:42761 (size: 35.2 KiB, free: 434.3 MiB)
[2026-04-06T14:36:58.276+0000] {subprocess.py:93} INFO - 26/04/06 14:36:58 INFO TaskSetManager: Finished task 0.0 in stage 2.0 (TID 2) in 516 ms on 172.18.0.5 (executor 0) (1/1)
[2026-04-06T14:36:58.276+0000] {subprocess.py:93} INFO - 26/04/06 14:36:58 INFO TaskSchedulerImpl: Removed TaskSet 2.0, whose tasks have all completed, from pool
[2026-04-06T14:36:58.277+0000] {subprocess.py:93} INFO - 26/04/06 14:36:58 INFO DAGScheduler: ShuffleMapStage 2 (parquet at NativeMethodAccessorImpl.java:0) finished in 0.533 s
[2026-04-06T14:36:58.278+0000] {subprocess.py:93} INFO - 26/04/06 14:36:58 INFO DAGScheduler: looking for newly runnable stages
[2026-04-06T14:36:58.278+0000] {subprocess.py:93} INFO - 26/04/06 14:36:58 INFO DAGScheduler: running: Set()
[2026-04-06T14:36:58.278+0000] {subprocess.py:93} INFO - 26/04/06 14:36:58 INFO DAGScheduler: waiting: Set()
[2026-04-06T14:36:58.278+0000] {subprocess.py:93} INFO - 26/04/06 14:36:58 INFO DAGScheduler: failed: Set()
[2026-04-06T14:36:58.292+0000] {subprocess.py:93} INFO - 26/04/06 14:36:58 INFO ShufflePartitionsUtil: For shuffle(0), advisory target size: 67108864, actual target size 1048576, minimum partition size: 1048576
[2026-04-06T14:36:58.347+0000] {subprocess.py:93} INFO - 26/04/06 14:36:58 INFO ParquetUtils: Using default output committer for Parquet: org.apache.parquet.hadoop.ParquetOutputCommitter
[2026-04-06T14:36:58.365+0000] {subprocess.py:93} INFO - 26/04/06 14:36:58 INFO FileOutputCommitter: File Output Committer Algorithm version is 1
[2026-04-06T14:36:58.366+0000] {subprocess.py:93} INFO - 26/04/06 14:36:58 INFO FileOutputCommitter: FileOutputCommitter skip cleanup _temporary folders under output directory:false, ignore cleanup failures: false
[2026-04-06T14:36:58.366+0000] {subprocess.py:93} INFO - 26/04/06 14:36:58 INFO SQLHadoopMapReduceCommitProtocol: Using user defined output committer class org.apache.parquet.hadoop.ParquetOutputCommitter
[2026-04-06T14:36:58.366+0000] {subprocess.py:93} INFO - 26/04/06 14:36:58 INFO FileOutputCommitter: File Output Committer Algorithm version is 1
[2026-04-06T14:36:58.367+0000] {subprocess.py:93} INFO - 26/04/06 14:36:58 INFO FileOutputCommitter: FileOutputCommitter skip cleanup _temporary folders under output directory:false, ignore cleanup failures: false
[2026-04-06T14:36:58.367+0000] {subprocess.py:93} INFO - 26/04/06 14:36:58 INFO SQLHadoopMapReduceCommitProtocol: Using output committer class org.apache.parquet.hadoop.ParquetOutputCommitter
[2026-04-06T14:36:58.461+0000] {subprocess.py:93} INFO - 26/04/06 14:36:58 INFO CodeGenerator: Code generated in 9.030721 ms
[2026-04-06T14:36:58.470+0000] {subprocess.py:93} INFO - 26/04/06 14:36:58 INFO CodeGenerator: Code generated in 6.357862 ms
[2026-04-06T14:36:58.483+0000] {subprocess.py:93} INFO - 26/04/06 14:36:58 INFO SparkContext: Starting job: parquet at NativeMethodAccessorImpl.java:0
[2026-04-06T14:36:58.484+0000] {subprocess.py:93} INFO - 26/04/06 14:36:58 INFO DAGScheduler: Got job 3 (parquet at NativeMethodAccessorImpl.java:0) with 1 output partitions
[2026-04-06T14:36:58.484+0000] {subprocess.py:93} INFO - 26/04/06 14:36:58 INFO DAGScheduler: Final stage: ResultStage 4 (parquet at NativeMethodAccessorImpl.java:0)
[2026-04-06T14:36:58.485+0000] {subprocess.py:93} INFO - 26/04/06 14:36:58 INFO DAGScheduler: Parents of final stage: List(ShuffleMapStage 3)
[2026-04-06T14:36:58.485+0000] {subprocess.py:93} INFO - 26/04/06 14:36:58 INFO DAGScheduler: Missing parents: List()
[2026-04-06T14:36:58.485+0000] {subprocess.py:93} INFO - 26/04/06 14:36:58 INFO DAGScheduler: Submitting ResultStage 4 (MapPartitionsRDD[19] at parquet at NativeMethodAccessorImpl.java:0), which has no missing parents
[2026-04-06T14:36:58.506+0000] {subprocess.py:93} INFO - 26/04/06 14:36:58 INFO MemoryStore: Block broadcast_6 stored as values in memory (estimated size 257.5 KiB, free 433.6 MiB)
[2026-04-06T14:36:58.508+0000] {subprocess.py:93} INFO - 26/04/06 14:36:58 INFO MemoryStore: Block broadcast_6_piece0 stored as bytes in memory (estimated size 94.3 KiB, free 433.5 MiB)
[2026-04-06T14:36:58.509+0000] {subprocess.py:93} INFO - 26/04/06 14:36:58 INFO BlockManagerInfo: Added broadcast_6_piece0 in memory on 7c36fe5f1e47:42721 (size: 94.3 KiB, free: 434.2 MiB)
[2026-04-06T14:36:58.509+0000] {subprocess.py:93} INFO - 26/04/06 14:36:58 INFO SparkContext: Created broadcast 6 from broadcast at DAGScheduler.scala:1611
[2026-04-06T14:36:58.510+0000] {subprocess.py:93} INFO - 26/04/06 14:36:58 INFO DAGScheduler: Submitting 1 missing tasks from ResultStage 4 (MapPartitionsRDD[19] at parquet at NativeMethodAccessorImpl.java:0) (first 15 tasks are for partitions Vector(0))
[2026-04-06T14:36:58.510+0000] {subprocess.py:93} INFO - 26/04/06 14:36:58 INFO TaskSchedulerImpl: Adding task set 4.0 with 1 tasks resource profile 0
[2026-04-06T14:36:58.512+0000] {subprocess.py:93} INFO - 26/04/06 14:36:58 INFO TaskSetManager: Starting task 0.0 in stage 4.0 (TID 3) (172.18.0.5, executor 0, partition 0, NODE_LOCAL, 9733 bytes)
[2026-04-06T14:36:58.524+0000] {subprocess.py:93} INFO - 26/04/06 14:36:58 INFO BlockManagerInfo: Added broadcast_6_piece0 in memory on 172.18.0.5:42761 (size: 94.3 KiB, free: 434.2 MiB)
[2026-04-06T14:36:58.572+0000] {subprocess.py:93} INFO - 26/04/06 14:36:58 INFO MapOutputTrackerMasterEndpoint: Asked to send map output locations for shuffle 0 to 172.18.0.5:52658
[2026-04-06T14:36:59.486+0000] {subprocess.py:93} INFO - 26/04/06 14:36:59 INFO TaskSetManager: Finished task 0.0 in stage 4.0 (TID 3) in 973 ms on 172.18.0.5 (executor 0) (1/1)
[2026-04-06T14:36:59.486+0000] {subprocess.py:93} INFO - 26/04/06 14:36:59 INFO TaskSchedulerImpl: Removed TaskSet 4.0, whose tasks have all completed, from pool
[2026-04-06T14:36:59.487+0000] {subprocess.py:93} INFO - 26/04/06 14:36:59 INFO DAGScheduler: ResultStage 4 (parquet at NativeMethodAccessorImpl.java:0) finished in 0.992 s
[2026-04-06T14:36:59.487+0000] {subprocess.py:93} INFO - 26/04/06 14:36:59 INFO DAGScheduler: Job 3 is finished. Cancelling potential speculative or zombie tasks for this job
[2026-04-06T14:36:59.487+0000] {subprocess.py:93} INFO - 26/04/06 14:36:59 INFO TaskSchedulerImpl: Killing all running tasks in stage 4: Stage finished
[2026-04-06T14:36:59.487+0000] {subprocess.py:93} INFO - 26/04/06 14:36:59 INFO DAGScheduler: Job 3 finished: parquet at NativeMethodAccessorImpl.java:0, took 1.004349 s
[2026-04-06T14:36:59.488+0000] {subprocess.py:93} INFO - 26/04/06 14:36:59 INFO FileFormatWriter: Start to commit write Job ee2b367d-1ae2-4cba-9616-672fc1748858.
[2026-04-06T14:36:59.615+0000] {subprocess.py:93} INFO - 26/04/06 14:36:59 INFO FileFormatWriter: Write Job ee2b367d-1ae2-4cba-9616-672fc1748858 committed. Elapsed time: 126 ms.
[2026-04-06T14:36:59.617+0000] {subprocess.py:93} INFO - 26/04/06 14:36:59 INFO FileFormatWriter: Finished processing stats for write job ee2b367d-1ae2-4cba-9616-672fc1748858.
[2026-04-06T14:36:59.619+0000] {subprocess.py:93} INFO - Observations Bronze -> Silver completed successfully.
[2026-04-06T14:36:59.619+0000] {subprocess.py:93} INFO - 26/04/06 14:36:59 INFO SparkContext: SparkContext is stopping with exitCode 0.
[2026-04-06T14:36:59.625+0000] {subprocess.py:93} INFO - 26/04/06 14:36:59 INFO SparkUI: Stopped Spark web UI at http://7c36fe5f1e47:4042
[2026-04-06T14:36:59.627+0000] {subprocess.py:93} INFO - 26/04/06 14:36:59 INFO StandaloneSchedulerBackend: Shutting down all executors
[2026-04-06T14:36:59.627+0000] {subprocess.py:93} INFO - 26/04/06 14:36:59 INFO StandaloneSchedulerBackend$StandaloneDriverEndpoint: Asking each executor to shut down
[2026-04-06T14:36:59.636+0000] {subprocess.py:93} INFO - 26/04/06 14:36:59 INFO MapOutputTrackerMasterEndpoint: MapOutputTrackerMasterEndpoint stopped!
[2026-04-06T14:36:59.653+0000] {subprocess.py:93} INFO - 26/04/06 14:36:59 INFO MemoryStore: MemoryStore cleared
[2026-04-06T14:36:59.654+0000] {subprocess.py:93} INFO - 26/04/06 14:36:59 INFO BlockManager: BlockManager stopped
[2026-04-06T14:36:59.656+0000] {subprocess.py:93} INFO - 26/04/06 14:36:59 INFO BlockManagerMaster: BlockManagerMaster stopped
[2026-04-06T14:36:59.657+0000] {subprocess.py:93} INFO - 26/04/06 14:36:59 INFO OutputCommitCoordinator$OutputCommitCoordinatorEndpoint: OutputCommitCoordinator stopped!
[2026-04-06T14:36:59.754+0000] {subprocess.py:93} INFO - 26/04/06 14:36:59 INFO SparkContext: Successfully stopped SparkContext
[2026-04-06T14:36:59.951+0000] {subprocess.py:93} INFO - 26/04/06 14:36:59 INFO ShutdownHookManager: Shutdown hook called
[2026-04-06T14:36:59.952+0000] {subprocess.py:93} INFO - 26/04/06 14:36:59 INFO ShutdownHookManager: Deleting directory /tmp/spark-7549448c-1631-4ad3-bbe3-f59dec07c675
[2026-04-06T14:36:59.956+0000] {subprocess.py:93} INFO - 26/04/06 14:36:59 INFO ShutdownHookManager: Deleting directory /tmp/spark-1d339967-56a9-4791-a91d-c1cbe32b131e
[2026-04-06T14:36:59.961+0000] {subprocess.py:93} INFO - 26/04/06 14:36:59 INFO ShutdownHookManager: Deleting directory /tmp/spark-1d339967-56a9-4791-a91d-c1cbe32b131e/pyspark-663e2f51-a3c6-49fd-8341-74bc0bead161
[2026-04-06T14:36:59.967+0000] {subprocess.py:93} INFO - 26/04/06 14:36:59 INFO MetricsSystemImpl: Stopping s3a-file-system metrics system...
[2026-04-06T14:36:59.967+0000] {subprocess.py:93} INFO - 26/04/06 14:36:59 INFO MetricsSystemImpl: s3a-file-system metrics system stopped.
[2026-04-06T14:36:59.968+0000] {subprocess.py:93} INFO - 26/04/06 14:36:59 INFO MetricsSystemImpl: s3a-file-system metrics system shutdown complete.
[2026-04-06T14:37:00.050+0000] {subprocess.py:97} INFO - Command exited with return code 0
[2026-04-06T14:37:00.073+0000] {taskinstance.py:1149} INFO - Marking task as SUCCESS. dag_id=bronze_to_silver_and_gold, task_id=run_observations_silver, execution_date=20260406T143644, start_date=20260406T143645, end_date=20260406T143700
[2026-04-06T14:37:00.123+0000] {local_task_job_runner.py:234} INFO - Task exited with return code 0
[2026-04-06T14:37:00.139+0000] {taskinstance.py:3312} INFO - 0 downstream tasks scheduled from follow-on schedule check
