[2026-04-06T15:17:28.019+0000] {taskinstance.py:1979} INFO - Dependencies all met for dep_context=non-requeueable deps ti=<TaskInstance: bronze_to_silver_and_gold.run_encounters_silver manual__2026-04-06T15:17:27.378872+00:00 [queued]>
[2026-04-06T15:17:28.025+0000] {taskinstance.py:1979} INFO - Dependencies all met for dep_context=requeueable deps ti=<TaskInstance: bronze_to_silver_and_gold.run_encounters_silver manual__2026-04-06T15:17:27.378872+00:00 [queued]>
[2026-04-06T15:17:28.025+0000] {taskinstance.py:2193} INFO - Starting attempt 1 of 1
[2026-04-06T15:17:28.037+0000] {taskinstance.py:2217} INFO - Executing <Task(BashOperator): run_encounters_silver> on 2026-04-06 15:17:27.378872+00:00
[2026-04-06T15:17:28.042+0000] {standard_task_runner.py:60} INFO - Started process 187 to run task
[2026-04-06T15:17:28.045+0000] {standard_task_runner.py:87} INFO - Running: ['airflow', 'tasks', 'run', 'bronze_to_silver_and_gold', 'run_encounters_silver', 'manual__2026-04-06T15:17:27.378872+00:00', '--job-id', '31', '--raw', '--subdir', 'DAGS_FOLDER/bronze_to_silver_dag.py', '--cfg-path', '/tmp/tmp6_9uyukc']
[2026-04-06T15:17:28.047+0000] {standard_task_runner.py:88} INFO - Job 31: Subtask run_encounters_silver
[2026-04-06T15:17:28.099+0000] {task_command.py:423} INFO - Running <TaskInstance: bronze_to_silver_and_gold.run_encounters_silver manual__2026-04-06T15:17:27.378872+00:00 [running]> on host 7c36fe5f1e47
[2026-04-06T15:17:28.165+0000] {taskinstance.py:2513} INFO - Exporting env vars: AIRFLOW_CTX_DAG_OWNER='airflow' AIRFLOW_CTX_DAG_ID='bronze_to_silver_and_gold' AIRFLOW_CTX_TASK_ID='run_encounters_silver' AIRFLOW_CTX_EXECUTION_DATE='2026-04-06T15:17:27.378872+00:00' AIRFLOW_CTX_TRY_NUMBER='1' AIRFLOW_CTX_DAG_RUN_ID='manual__2026-04-06T15:17:27.378872+00:00'
[2026-04-06T15:17:28.166+0000] {subprocess.py:63} INFO - Tmp dir root location: /tmp
[2026-04-06T15:17:28.168+0000] {subprocess.py:75} INFO - Running command: ['/usr/bin/bash', '-c', '\n/opt/spark/bin/spark-submit \\\n  --master spark://spark-master:7077 \\\n  --packages org.apache.hadoop:hadoop-aws:3.3.4,com.amazonaws:aws-java-sdk-bundle:1.12.262 \\\n  --conf spark.hadoop.fs.s3a.endpoint=http://minio:9000 \\\n  --conf spark.hadoop.fs.s3a.access.key=minioadmin \\\n  --conf spark.hadoop.fs.s3a.secret.key=minioadmin \\\n  --conf spark.hadoop.fs.s3a.path.style.access=true \\\n  --conf spark.hadoop.fs.s3a.impl=org.apache.hadoop.fs.s3a.S3AFileSystem \\\n  /opt/airflow/spark/jobs/bronze_to_silver_encounters.py']
[2026-04-06T15:17:28.177+0000] {subprocess.py:86} INFO - Output:
[2026-04-06T15:17:29.312+0000] {subprocess.py:93} INFO - :: loading settings :: url = jar:file:/opt/spark-3.5.6-bin-hadoop3/jars/ivy-2.5.1.jar!/org/apache/ivy/core/settings/ivysettings.xml
[2026-04-06T15:17:29.379+0000] {subprocess.py:93} INFO - Ivy Default Cache set to: /home/airflow/.ivy2/cache
[2026-04-06T15:17:29.380+0000] {subprocess.py:93} INFO - The jars for the packages stored in: /home/airflow/.ivy2/jars
[2026-04-06T15:17:29.383+0000] {subprocess.py:93} INFO - org.apache.hadoop#hadoop-aws added as a dependency
[2026-04-06T15:17:29.384+0000] {subprocess.py:93} INFO - com.amazonaws#aws-java-sdk-bundle added as a dependency
[2026-04-06T15:17:29.384+0000] {subprocess.py:93} INFO - :: resolving dependencies :: org.apache.spark#spark-submit-parent-2726d0f2-8148-4211-b0ce-df32ce7e6cfd;1.0
[2026-04-06T15:17:29.385+0000] {subprocess.py:93} INFO - 	confs: [default]
[2026-04-06T15:17:29.510+0000] {subprocess.py:93} INFO - 	found org.apache.hadoop#hadoop-aws;3.3.4 in central
[2026-04-06T15:17:29.542+0000] {subprocess.py:93} INFO - 	found com.amazonaws#aws-java-sdk-bundle;1.12.262 in central
[2026-04-06T15:17:29.560+0000] {subprocess.py:93} INFO - 	found org.wildfly.openssl#wildfly-openssl;1.0.7.Final in central
[2026-04-06T15:17:29.587+0000] {subprocess.py:93} INFO - :: resolution report :: resolve 188ms :: artifacts dl 15ms
[2026-04-06T15:17:29.589+0000] {subprocess.py:93} INFO - 	:: modules in use:
[2026-04-06T15:17:29.590+0000] {subprocess.py:93} INFO - 	com.amazonaws#aws-java-sdk-bundle;1.12.262 from central in [default]
[2026-04-06T15:17:29.590+0000] {subprocess.py:93} INFO - 	org.apache.hadoop#hadoop-aws;3.3.4 from central in [default]
[2026-04-06T15:17:29.591+0000] {subprocess.py:93} INFO - 	org.wildfly.openssl#wildfly-openssl;1.0.7.Final from central in [default]
[2026-04-06T15:17:29.591+0000] {subprocess.py:93} INFO - 	---------------------------------------------------------------------
[2026-04-06T15:17:29.591+0000] {subprocess.py:93} INFO - 	|                  |            modules            ||   artifacts   |
[2026-04-06T15:17:29.591+0000] {subprocess.py:93} INFO - 	|       conf       | number| search|dwnlded|evicted|| number|dwnlded|
[2026-04-06T15:17:29.592+0000] {subprocess.py:93} INFO - 	---------------------------------------------------------------------
[2026-04-06T15:17:29.592+0000] {subprocess.py:93} INFO - 	|      default     |   3   |   0   |   0   |   0   ||   3   |   0   |
[2026-04-06T15:17:29.593+0000] {subprocess.py:93} INFO - 	---------------------------------------------------------------------
[2026-04-06T15:17:29.593+0000] {subprocess.py:93} INFO - :: retrieving :: org.apache.spark#spark-submit-parent-2726d0f2-8148-4211-b0ce-df32ce7e6cfd
[2026-04-06T15:17:29.595+0000] {subprocess.py:93} INFO - 	confs: [default]
[2026-04-06T15:17:29.599+0000] {subprocess.py:93} INFO - 	0 artifacts copied, 3 already retrieved (0kB/6ms)
[2026-04-06T15:17:29.744+0000] {subprocess.py:93} INFO - 26/04/06 15:17:29 WARN NativeCodeLoader: Unable to load native-hadoop library for your platform... using builtin-java classes where applicable
[2026-04-06T15:17:30.454+0000] {subprocess.py:93} INFO - 26/04/06 15:17:30 INFO SparkContext: Running Spark version 3.5.6
[2026-04-06T15:17:30.455+0000] {subprocess.py:93} INFO - 26/04/06 15:17:30 INFO SparkContext: OS info Linux, 6.6.87.2-microsoft-standard-WSL2, amd64
[2026-04-06T15:17:30.455+0000] {subprocess.py:93} INFO - 26/04/06 15:17:30 INFO SparkContext: Java version 17.0.18
[2026-04-06T15:17:30.474+0000] {subprocess.py:93} INFO - 26/04/06 15:17:30 INFO ResourceUtils: ==============================================================
[2026-04-06T15:17:30.474+0000] {subprocess.py:93} INFO - 26/04/06 15:17:30 INFO ResourceUtils: No custom resources configured for spark.driver.
[2026-04-06T15:17:30.475+0000] {subprocess.py:93} INFO - 26/04/06 15:17:30 INFO ResourceUtils: ==============================================================
[2026-04-06T15:17:30.475+0000] {subprocess.py:93} INFO - 26/04/06 15:17:30 INFO SparkContext: Submitted application: bronze_to_silver_encounters
[2026-04-06T15:17:30.494+0000] {subprocess.py:93} INFO - 26/04/06 15:17:30 INFO ResourceProfile: Default ResourceProfile created, executor resources: Map(memory -> name: memory, amount: 1024, script: , vendor: , offHeap -> name: offHeap, amount: 0, script: , vendor: ), task resources: Map(cpus -> name: cpus, amount: 1.0)
[2026-04-06T15:17:30.501+0000] {subprocess.py:93} INFO - 26/04/06 15:17:30 INFO ResourceProfile: Limiting resource is cpu
[2026-04-06T15:17:30.502+0000] {subprocess.py:93} INFO - 26/04/06 15:17:30 INFO ResourceProfileManager: Added ResourceProfile id: 0
[2026-04-06T15:17:30.547+0000] {subprocess.py:93} INFO - 26/04/06 15:17:30 INFO SecurityManager: Changing view acls to: airflow
[2026-04-06T15:17:30.548+0000] {subprocess.py:93} INFO - 26/04/06 15:17:30 INFO SecurityManager: Changing modify acls to: airflow
[2026-04-06T15:17:30.548+0000] {subprocess.py:93} INFO - 26/04/06 15:17:30 INFO SecurityManager: Changing view acls groups to:
[2026-04-06T15:17:30.548+0000] {subprocess.py:93} INFO - 26/04/06 15:17:30 INFO SecurityManager: Changing modify acls groups to:
[2026-04-06T15:17:30.549+0000] {subprocess.py:93} INFO - 26/04/06 15:17:30 INFO SecurityManager: SecurityManager: authentication disabled; ui acls disabled; users with view permissions: airflow; groups with view permissions: EMPTY; users with modify permissions: airflow; groups with modify permissions: EMPTY
[2026-04-06T15:17:30.669+0000] {subprocess.py:93} INFO - 26/04/06 15:17:30 INFO Utils: Successfully started service 'sparkDriver' on port 37297.
[2026-04-06T15:17:30.687+0000] {subprocess.py:93} INFO - 26/04/06 15:17:30 INFO SparkEnv: Registering MapOutputTracker
[2026-04-06T15:17:30.718+0000] {subprocess.py:93} INFO - 26/04/06 15:17:30 INFO SparkEnv: Registering BlockManagerMaster
[2026-04-06T15:17:30.728+0000] {subprocess.py:93} INFO - 26/04/06 15:17:30 INFO BlockManagerMasterEndpoint: Using org.apache.spark.storage.DefaultTopologyMapper for getting topology information
[2026-04-06T15:17:30.729+0000] {subprocess.py:93} INFO - 26/04/06 15:17:30 INFO BlockManagerMasterEndpoint: BlockManagerMasterEndpoint up
[2026-04-06T15:17:30.731+0000] {subprocess.py:93} INFO - 26/04/06 15:17:30 INFO SparkEnv: Registering BlockManagerMasterHeartbeat
[2026-04-06T15:17:30.743+0000] {subprocess.py:93} INFO - 26/04/06 15:17:30 INFO DiskBlockManager: Created local directory at /tmp/blockmgr-10ea4389-ad09-4247-a715-cfe6d6a293ad
[2026-04-06T15:17:30.751+0000] {subprocess.py:93} INFO - 26/04/06 15:17:30 INFO MemoryStore: MemoryStore started with capacity 434.4 MiB
[2026-04-06T15:17:30.759+0000] {subprocess.py:93} INFO - 26/04/06 15:17:30 INFO SparkEnv: Registering OutputCommitCoordinator
[2026-04-06T15:17:30.833+0000] {subprocess.py:93} INFO - 26/04/06 15:17:30 INFO JettyUtils: Start Jetty 0.0.0.0:4040 for SparkUI
[2026-04-06T15:17:30.871+0000] {subprocess.py:93} INFO - 26/04/06 15:17:30 INFO Utils: Successfully started service 'SparkUI' on port 4040.
[2026-04-06T15:17:30.900+0000] {subprocess.py:93} INFO - 26/04/06 15:17:30 INFO SparkContext: Added JAR file:///home/airflow/.ivy2/jars/org.apache.hadoop_hadoop-aws-3.3.4.jar at spark://7c36fe5f1e47:37297/jars/org.apache.hadoop_hadoop-aws-3.3.4.jar with timestamp 1775488650449
[2026-04-06T15:17:30.900+0000] {subprocess.py:93} INFO - 26/04/06 15:17:30 INFO SparkContext: Added JAR file:///home/airflow/.ivy2/jars/com.amazonaws_aws-java-sdk-bundle-1.12.262.jar at spark://7c36fe5f1e47:37297/jars/com.amazonaws_aws-java-sdk-bundle-1.12.262.jar with timestamp 1775488650449
[2026-04-06T15:17:30.902+0000] {subprocess.py:93} INFO - 26/04/06 15:17:30 INFO SparkContext: Added JAR file:///home/airflow/.ivy2/jars/org.wildfly.openssl_wildfly-openssl-1.0.7.Final.jar at spark://7c36fe5f1e47:37297/jars/org.wildfly.openssl_wildfly-openssl-1.0.7.Final.jar with timestamp 1775488650449
[2026-04-06T15:17:30.902+0000] {subprocess.py:93} INFO - 26/04/06 15:17:30 INFO SparkContext: Added file file:///home/airflow/.ivy2/jars/org.apache.hadoop_hadoop-aws-3.3.4.jar at spark://7c36fe5f1e47:37297/files/org.apache.hadoop_hadoop-aws-3.3.4.jar with timestamp 1775488650449
[2026-04-06T15:17:30.903+0000] {subprocess.py:93} INFO - 26/04/06 15:17:30 INFO Utils: Copying /home/airflow/.ivy2/jars/org.apache.hadoop_hadoop-aws-3.3.4.jar to /tmp/spark-46ea8f97-fba4-4936-9e52-26bca701ab1e/userFiles-857db685-6a00-45b7-8f64-c7815bb547d3/org.apache.hadoop_hadoop-aws-3.3.4.jar
[2026-04-06T15:17:30.915+0000] {subprocess.py:93} INFO - 26/04/06 15:17:30 INFO SparkContext: Added file file:///home/airflow/.ivy2/jars/com.amazonaws_aws-java-sdk-bundle-1.12.262.jar at spark://7c36fe5f1e47:37297/files/com.amazonaws_aws-java-sdk-bundle-1.12.262.jar with timestamp 1775488650449
[2026-04-06T15:17:30.916+0000] {subprocess.py:93} INFO - 26/04/06 15:17:30 INFO Utils: Copying /home/airflow/.ivy2/jars/com.amazonaws_aws-java-sdk-bundle-1.12.262.jar to /tmp/spark-46ea8f97-fba4-4936-9e52-26bca701ab1e/userFiles-857db685-6a00-45b7-8f64-c7815bb547d3/com.amazonaws_aws-java-sdk-bundle-1.12.262.jar
[2026-04-06T15:17:31.244+0000] {subprocess.py:93} INFO - 26/04/06 15:17:31 INFO SparkContext: Added file file:///home/airflow/.ivy2/jars/org.wildfly.openssl_wildfly-openssl-1.0.7.Final.jar at spark://7c36fe5f1e47:37297/files/org.wildfly.openssl_wildfly-openssl-1.0.7.Final.jar with timestamp 1775488650449
[2026-04-06T15:17:31.245+0000] {subprocess.py:93} INFO - 26/04/06 15:17:31 INFO Utils: Copying /home/airflow/.ivy2/jars/org.wildfly.openssl_wildfly-openssl-1.0.7.Final.jar to /tmp/spark-46ea8f97-fba4-4936-9e52-26bca701ab1e/userFiles-857db685-6a00-45b7-8f64-c7815bb547d3/org.wildfly.openssl_wildfly-openssl-1.0.7.Final.jar
[2026-04-06T15:17:31.298+0000] {subprocess.py:93} INFO - 26/04/06 15:17:31 INFO StandaloneAppClient$ClientEndpoint: Connecting to master spark://spark-master:7077...
[2026-04-06T15:17:31.328+0000] {subprocess.py:93} INFO - 26/04/06 15:17:31 INFO TransportClientFactory: Successfully created connection to spark-master/172.18.0.3:7077 after 16 ms (0 ms spent in bootstraps)
[2026-04-06T15:17:31.479+0000] {subprocess.py:93} INFO - 26/04/06 15:17:31 INFO StandaloneSchedulerBackend: Connected to Spark cluster with app ID app-20260406151731-0001
[2026-04-06T15:17:31.487+0000] {subprocess.py:93} INFO - 26/04/06 15:17:31 INFO Utils: Successfully started service 'org.apache.spark.network.netty.NettyBlockTransferService' on port 35163.
[2026-04-06T15:17:31.488+0000] {subprocess.py:93} INFO - 26/04/06 15:17:31 INFO NettyBlockTransferService: Server created on 7c36fe5f1e47:35163
[2026-04-06T15:17:31.490+0000] {subprocess.py:93} INFO - 26/04/06 15:17:31 INFO BlockManager: Using org.apache.spark.storage.RandomBlockReplicationPolicy for block replication policy
[2026-04-06T15:17:31.496+0000] {subprocess.py:93} INFO - 26/04/06 15:17:31 INFO BlockManagerMaster: Registering BlockManager BlockManagerId(driver, 7c36fe5f1e47, 35163, None)
[2026-04-06T15:17:31.499+0000] {subprocess.py:93} INFO - 26/04/06 15:17:31 INFO BlockManagerMasterEndpoint: Registering block manager 7c36fe5f1e47:35163 with 434.4 MiB RAM, BlockManagerId(driver, 7c36fe5f1e47, 35163, None)
[2026-04-06T15:17:31.501+0000] {subprocess.py:93} INFO - 26/04/06 15:17:31 INFO BlockManagerMaster: Registered BlockManager BlockManagerId(driver, 7c36fe5f1e47, 35163, None)
[2026-04-06T15:17:31.502+0000] {subprocess.py:93} INFO - 26/04/06 15:17:31 INFO BlockManager: Initialized BlockManager: BlockManagerId(driver, 7c36fe5f1e47, 35163, None)
[2026-04-06T15:17:31.670+0000] {subprocess.py:93} INFO - 26/04/06 15:17:31 INFO StandaloneSchedulerBackend: SchedulerBackend is ready for scheduling beginning after reached minRegisteredResourcesRatio: 0.0
[2026-04-06T15:17:31.824+0000] {subprocess.py:93} INFO - 26/04/06 15:17:31 INFO SharedState: Setting hive.metastore.warehouse.dir ('null') to the value of spark.sql.warehouse.dir.
[2026-04-06T15:17:31.826+0000] {subprocess.py:93} INFO - 26/04/06 15:17:31 INFO SharedState: Warehouse path is 'file:/tmp/airflowtmp3o5f3kjg/spark-warehouse'.
[2026-04-06T15:17:32.446+0000] {subprocess.py:93} INFO - 26/04/06 15:17:32 WARN MetricsConfig: Cannot locate configuration: tried hadoop-metrics2-s3a-file-system.properties,hadoop-metrics2.properties
[2026-04-06T15:17:32.456+0000] {subprocess.py:93} INFO - 26/04/06 15:17:32 INFO MetricsSystemImpl: Scheduled Metric snapshot period at 10 second(s).
[2026-04-06T15:17:32.457+0000] {subprocess.py:93} INFO - 26/04/06 15:17:32 INFO MetricsSystemImpl: s3a-file-system metrics system started
[2026-04-06T15:17:33.140+0000] {subprocess.py:93} INFO - 26/04/06 15:17:33 INFO InMemoryFileIndex: It took 52 ms to list leaf files for 1 paths.
[2026-04-06T15:17:33.250+0000] {subprocess.py:93} INFO - 26/04/06 15:17:33 INFO InMemoryFileIndex: It took 21 ms to list leaf files for 1 paths.
[2026-04-06T15:17:34.843+0000] {subprocess.py:93} INFO - 26/04/06 15:17:34 INFO FileSourceStrategy: Pushed Filters:
[2026-04-06T15:17:34.844+0000] {subprocess.py:93} INFO - 26/04/06 15:17:34 INFO FileSourceStrategy: Post-Scan Filters: (length(trim(value#0, None)) > 0)
[2026-04-06T15:17:35.161+0000] {subprocess.py:93} INFO - 26/04/06 15:17:35 INFO CodeGenerator: Code generated in 122.528083 ms
[2026-04-06T15:17:35.195+0000] {subprocess.py:93} INFO - 26/04/06 15:17:35 INFO MemoryStore: Block broadcast_0 stored as values in memory (estimated size 203.2 KiB, free 434.2 MiB)
[2026-04-06T15:17:35.240+0000] {subprocess.py:93} INFO - 26/04/06 15:17:35 INFO MemoryStore: Block broadcast_0_piece0 stored as bytes in memory (estimated size 35.1 KiB, free 434.2 MiB)
[2026-04-06T15:17:35.242+0000] {subprocess.py:93} INFO - 26/04/06 15:17:35 INFO BlockManagerInfo: Added broadcast_0_piece0 in memory on 7c36fe5f1e47:35163 (size: 35.1 KiB, free: 434.4 MiB)
[2026-04-06T15:17:35.245+0000] {subprocess.py:93} INFO - 26/04/06 15:17:35 INFO SparkContext: Created broadcast 0 from csv at NativeMethodAccessorImpl.java:0
[2026-04-06T15:17:35.253+0000] {subprocess.py:93} INFO - 26/04/06 15:17:35 INFO FileSourceScanExec: Planning scan with bin packing, max size: 4194304 bytes, open cost is considered as scanning 4194304 bytes.
[2026-04-06T15:17:35.322+0000] {subprocess.py:93} INFO - 26/04/06 15:17:35 INFO SparkContext: Starting job: csv at NativeMethodAccessorImpl.java:0
[2026-04-06T15:17:35.332+0000] {subprocess.py:93} INFO - 26/04/06 15:17:35 INFO DAGScheduler: Got job 0 (csv at NativeMethodAccessorImpl.java:0) with 1 output partitions
[2026-04-06T15:17:35.332+0000] {subprocess.py:93} INFO - 26/04/06 15:17:35 INFO DAGScheduler: Final stage: ResultStage 0 (csv at NativeMethodAccessorImpl.java:0)
[2026-04-06T15:17:35.333+0000] {subprocess.py:93} INFO - 26/04/06 15:17:35 INFO DAGScheduler: Parents of final stage: List()
[2026-04-06T15:17:35.333+0000] {subprocess.py:93} INFO - 26/04/06 15:17:35 INFO DAGScheduler: Missing parents: List()
[2026-04-06T15:17:35.336+0000] {subprocess.py:93} INFO - 26/04/06 15:17:35 INFO DAGScheduler: Submitting ResultStage 0 (MapPartitionsRDD[3] at csv at NativeMethodAccessorImpl.java:0), which has no missing parents
[2026-04-06T15:17:35.389+0000] {subprocess.py:93} INFO - 26/04/06 15:17:35 INFO MemoryStore: Block broadcast_1 stored as values in memory (estimated size 13.5 KiB, free 434.2 MiB)
[2026-04-06T15:17:35.394+0000] {subprocess.py:93} INFO - 26/04/06 15:17:35 INFO MemoryStore: Block broadcast_1_piece0 stored as bytes in memory (estimated size 6.4 KiB, free 434.1 MiB)
[2026-04-06T15:17:35.395+0000] {subprocess.py:93} INFO - 26/04/06 15:17:35 INFO BlockManagerInfo: Added broadcast_1_piece0 in memory on 7c36fe5f1e47:35163 (size: 6.4 KiB, free: 434.4 MiB)
[2026-04-06T15:17:35.395+0000] {subprocess.py:93} INFO - 26/04/06 15:17:35 INFO SparkContext: Created broadcast 1 from broadcast at DAGScheduler.scala:1611
[2026-04-06T15:17:35.407+0000] {subprocess.py:93} INFO - 26/04/06 15:17:35 INFO DAGScheduler: Submitting 1 missing tasks from ResultStage 0 (MapPartitionsRDD[3] at csv at NativeMethodAccessorImpl.java:0) (first 15 tasks are for partitions Vector(0))
[2026-04-06T15:17:35.407+0000] {subprocess.py:93} INFO - 26/04/06 15:17:35 INFO TaskSchedulerImpl: Adding task set 0.0 with 1 tasks resource profile 0
[2026-04-06T15:17:40.540+0000] {subprocess.py:93} INFO - 26/04/06 15:17:40 INFO StandaloneAppClient$ClientEndpoint: Executor added: app-20260406151731-0001/0 on worker-20260406151713-172.18.0.6-42353 (172.18.0.6:42353) with 16 core(s)
[2026-04-06T15:17:40.541+0000] {subprocess.py:93} INFO - 26/04/06 15:17:40 INFO StandaloneSchedulerBackend: Granted executor ID app-20260406151731-0001/0 on hostPort 172.18.0.6:42353 with 16 core(s), 1024.0 MiB RAM
[2026-04-06T15:17:40.571+0000] {subprocess.py:93} INFO - 26/04/06 15:17:40 INFO StandaloneAppClient$ClientEndpoint: Executor updated: app-20260406151731-0001/0 is now RUNNING
[2026-04-06T15:17:41.961+0000] {subprocess.py:93} INFO - 26/04/06 15:17:41 INFO StandaloneSchedulerBackend$StandaloneDriverEndpoint: Registered executor NettyRpcEndpointRef(spark-client://Executor) (172.18.0.6:47202) with ID 0,  ResourceProfileId 0
[2026-04-06T15:17:42.003+0000] {subprocess.py:93} INFO - 26/04/06 15:17:42 INFO BlockManagerMasterEndpoint: Registering block manager 172.18.0.6:45683 with 434.4 MiB RAM, BlockManagerId(0, 172.18.0.6, 45683, None)
[2026-04-06T15:17:43.833+0000] {subprocess.py:93} INFO - 26/04/06 15:17:43 INFO TaskSetManager: Starting task 0.0 in stage 0.0 (TID 0) (172.18.0.6, executor 0, partition 0, PROCESS_LOCAL, 10344 bytes)
[2026-04-06T15:17:43.960+0000] {subprocess.py:93} INFO - 26/04/06 15:17:43 INFO BlockManagerInfo: Added broadcast_1_piece0 in memory on 172.18.0.6:45683 (size: 6.4 KiB, free: 434.4 MiB)
[2026-04-06T15:17:44.450+0000] {subprocess.py:93} INFO - 26/04/06 15:17:44 INFO BlockManagerInfo: Added broadcast_0_piece0 in memory on 172.18.0.6:45683 (size: 35.1 KiB, free: 434.4 MiB)
[2026-04-06T15:17:45.122+0000] {subprocess.py:93} INFO - 26/04/06 15:17:45 INFO TaskSetManager: Finished task 0.0 in stage 0.0 (TID 0) in 1294 ms on 172.18.0.6 (executor 0) (1/1)
[2026-04-06T15:17:45.123+0000] {subprocess.py:93} INFO - 26/04/06 15:17:45 INFO TaskSchedulerImpl: Removed TaskSet 0.0, whose tasks have all completed, from pool
[2026-04-06T15:17:45.125+0000] {subprocess.py:93} INFO - 26/04/06 15:17:45 INFO DAGScheduler: ResultStage 0 (csv at NativeMethodAccessorImpl.java:0) finished in 9.782 s
[2026-04-06T15:17:45.127+0000] {subprocess.py:93} INFO - 26/04/06 15:17:45 INFO DAGScheduler: Job 0 is finished. Cancelling potential speculative or zombie tasks for this job
[2026-04-06T15:17:45.127+0000] {subprocess.py:93} INFO - 26/04/06 15:17:45 INFO TaskSchedulerImpl: Killing all running tasks in stage 0: Stage finished
[2026-04-06T15:17:45.128+0000] {subprocess.py:93} INFO - 26/04/06 15:17:45 INFO DAGScheduler: Job 0 finished: csv at NativeMethodAccessorImpl.java:0, took 9.805888 s
[2026-04-06T15:17:45.142+0000] {subprocess.py:93} INFO - 26/04/06 15:17:45 INFO CodeGenerator: Code generated in 6.818448 ms
[2026-04-06T15:17:45.165+0000] {subprocess.py:93} INFO - 26/04/06 15:17:45 INFO BlockManagerInfo: Removed broadcast_1_piece0 on 7c36fe5f1e47:35163 in memory (size: 6.4 KiB, free: 434.4 MiB)
[2026-04-06T15:17:45.168+0000] {subprocess.py:93} INFO - 26/04/06 15:17:45 INFO FileSourceStrategy: Pushed Filters:
[2026-04-06T15:17:45.169+0000] {subprocess.py:93} INFO - 26/04/06 15:17:45 INFO FileSourceStrategy: Post-Scan Filters:
[2026-04-06T15:17:45.170+0000] {subprocess.py:93} INFO - 26/04/06 15:17:45 INFO BlockManagerInfo: Removed broadcast_1_piece0 on 172.18.0.6:45683 in memory (size: 6.4 KiB, free: 434.4 MiB)
[2026-04-06T15:17:45.172+0000] {subprocess.py:93} INFO - 26/04/06 15:17:45 INFO MemoryStore: Block broadcast_2 stored as values in memory (estimated size 203.2 KiB, free 434.0 MiB)
[2026-04-06T15:17:45.180+0000] {subprocess.py:93} INFO - 26/04/06 15:17:45 INFO MemoryStore: Block broadcast_2_piece0 stored as bytes in memory (estimated size 35.1 KiB, free 433.9 MiB)
[2026-04-06T15:17:45.181+0000] {subprocess.py:93} INFO - 26/04/06 15:17:45 INFO BlockManagerInfo: Added broadcast_2_piece0 in memory on 7c36fe5f1e47:35163 (size: 35.1 KiB, free: 434.3 MiB)
[2026-04-06T15:17:45.181+0000] {subprocess.py:93} INFO - 26/04/06 15:17:45 INFO SparkContext: Created broadcast 2 from csv at NativeMethodAccessorImpl.java:0
[2026-04-06T15:17:45.182+0000] {subprocess.py:93} INFO - 26/04/06 15:17:45 INFO FileSourceScanExec: Planning scan with bin packing, max size: 4194304 bytes, open cost is considered as scanning 4194304 bytes.
[2026-04-06T15:17:45.218+0000] {subprocess.py:93} INFO - 26/04/06 15:17:45 INFO SparkContext: Starting job: csv at NativeMethodAccessorImpl.java:0
[2026-04-06T15:17:45.219+0000] {subprocess.py:93} INFO - 26/04/06 15:17:45 INFO DAGScheduler: Got job 1 (csv at NativeMethodAccessorImpl.java:0) with 1 output partitions
[2026-04-06T15:17:45.220+0000] {subprocess.py:93} INFO - 26/04/06 15:17:45 INFO DAGScheduler: Final stage: ResultStage 1 (csv at NativeMethodAccessorImpl.java:0)
[2026-04-06T15:17:45.220+0000] {subprocess.py:93} INFO - 26/04/06 15:17:45 INFO DAGScheduler: Parents of final stage: List()
[2026-04-06T15:17:45.220+0000] {subprocess.py:93} INFO - 26/04/06 15:17:45 INFO DAGScheduler: Missing parents: List()
[2026-04-06T15:17:45.220+0000] {subprocess.py:93} INFO - 26/04/06 15:17:45 INFO DAGScheduler: Submitting ResultStage 1 (MapPartitionsRDD[9] at csv at NativeMethodAccessorImpl.java:0), which has no missing parents
[2026-04-06T15:17:45.229+0000] {subprocess.py:93} INFO - 26/04/06 15:17:45 INFO MemoryStore: Block broadcast_3 stored as values in memory (estimated size 29.4 KiB, free 433.9 MiB)
[2026-04-06T15:17:45.234+0000] {subprocess.py:93} INFO - 26/04/06 15:17:45 INFO MemoryStore: Block broadcast_3_piece0 stored as bytes in memory (estimated size 13.2 KiB, free 433.9 MiB)
[2026-04-06T15:17:45.234+0000] {subprocess.py:93} INFO - 26/04/06 15:17:45 INFO BlockManagerInfo: Added broadcast_3_piece0 in memory on 7c36fe5f1e47:35163 (size: 13.2 KiB, free: 434.3 MiB)
[2026-04-06T15:17:45.235+0000] {subprocess.py:93} INFO - 26/04/06 15:17:45 INFO SparkContext: Created broadcast 3 from broadcast at DAGScheduler.scala:1611
[2026-04-06T15:17:45.235+0000] {subprocess.py:93} INFO - 26/04/06 15:17:45 INFO DAGScheduler: Submitting 1 missing tasks from ResultStage 1 (MapPartitionsRDD[9] at csv at NativeMethodAccessorImpl.java:0) (first 15 tasks are for partitions Vector(0))
[2026-04-06T15:17:45.235+0000] {subprocess.py:93} INFO - 26/04/06 15:17:45 INFO TaskSchedulerImpl: Adding task set 1.0 with 1 tasks resource profile 0
[2026-04-06T15:17:45.236+0000] {subprocess.py:93} INFO - 26/04/06 15:17:45 INFO TaskSetManager: Starting task 0.0 in stage 1.0 (TID 1) (172.18.0.6, executor 0, partition 0, PROCESS_LOCAL, 10344 bytes)
[2026-04-06T15:17:45.255+0000] {subprocess.py:93} INFO - 26/04/06 15:17:45 INFO BlockManagerInfo: Added broadcast_3_piece0 in memory on 172.18.0.6:45683 (size: 13.2 KiB, free: 434.4 MiB)
[2026-04-06T15:17:45.839+0000] {subprocess.py:93} INFO - 26/04/06 15:17:45 INFO BlockManagerInfo: Added broadcast_2_piece0 in memory on 172.18.0.6:45683 (size: 35.1 KiB, free: 434.3 MiB)
[2026-04-06T15:17:46.167+0000] {subprocess.py:93} INFO - 26/04/06 15:17:46 INFO TaskSetManager: Finished task 0.0 in stage 1.0 (TID 1) in 931 ms on 172.18.0.6 (executor 0) (1/1)
[2026-04-06T15:17:46.168+0000] {subprocess.py:93} INFO - 26/04/06 15:17:46 INFO TaskSchedulerImpl: Removed TaskSet 1.0, whose tasks have all completed, from pool
[2026-04-06T15:17:46.168+0000] {subprocess.py:93} INFO - 26/04/06 15:17:46 INFO DAGScheduler: ResultStage 1 (csv at NativeMethodAccessorImpl.java:0) finished in 0.948 s
[2026-04-06T15:17:46.168+0000] {subprocess.py:93} INFO - 26/04/06 15:17:46 INFO DAGScheduler: Job 1 is finished. Cancelling potential speculative or zombie tasks for this job
[2026-04-06T15:17:46.169+0000] {subprocess.py:93} INFO - 26/04/06 15:17:46 INFO TaskSchedulerImpl: Killing all running tasks in stage 1: Stage finished
[2026-04-06T15:17:46.169+0000] {subprocess.py:93} INFO - 26/04/06 15:17:46 INFO DAGScheduler: Job 1 finished: csv at NativeMethodAccessorImpl.java:0, took 0.950562 s
[2026-04-06T15:17:46.324+0000] {subprocess.py:93} INFO - 26/04/06 15:17:46 INFO FileSourceStrategy: Pushed Filters:
[2026-04-06T15:17:46.325+0000] {subprocess.py:93} INFO - 26/04/06 15:17:46 INFO FileSourceStrategy: Post-Scan Filters: isnotnull(trim(encounter_id#17, None))
[2026-04-06T15:17:46.412+0000] {subprocess.py:93} INFO - 26/04/06 15:17:46 INFO CodeGenerator: Code generated in 21.552507 ms
[2026-04-06T15:17:46.415+0000] {subprocess.py:93} INFO - 26/04/06 15:17:46 INFO MemoryStore: Block broadcast_4 stored as values in memory (estimated size 203.1 KiB, free 433.7 MiB)
[2026-04-06T15:17:46.424+0000] {subprocess.py:93} INFO - 26/04/06 15:17:46 INFO BlockManagerInfo: Removed broadcast_3_piece0 on 7c36fe5f1e47:35163 in memory (size: 13.2 KiB, free: 434.3 MiB)
[2026-04-06T15:17:46.425+0000] {subprocess.py:93} INFO - 26/04/06 15:17:46 INFO MemoryStore: Block broadcast_4_piece0 stored as bytes in memory (estimated size 35.2 KiB, free 433.7 MiB)
[2026-04-06T15:17:46.426+0000] {subprocess.py:93} INFO - 26/04/06 15:17:46 INFO BlockManagerInfo: Added broadcast_4_piece0 in memory on 7c36fe5f1e47:35163 (size: 35.2 KiB, free: 434.3 MiB)
[2026-04-06T15:17:46.427+0000] {subprocess.py:93} INFO - 26/04/06 15:17:46 INFO BlockManagerInfo: Removed broadcast_3_piece0 on 172.18.0.6:45683 in memory (size: 13.2 KiB, free: 434.3 MiB)
[2026-04-06T15:17:46.427+0000] {subprocess.py:93} INFO - 26/04/06 15:17:46 INFO SparkContext: Created broadcast 4 from parquet at NativeMethodAccessorImpl.java:0
[2026-04-06T15:17:46.431+0000] {subprocess.py:93} INFO - 26/04/06 15:17:46 INFO FileSourceScanExec: Planning scan with bin packing, max size: 4194304 bytes, open cost is considered as scanning 4194304 bytes.
[2026-04-06T15:17:46.449+0000] {subprocess.py:93} INFO - 26/04/06 15:17:46 INFO DAGScheduler: Registering RDD 14 (parquet at NativeMethodAccessorImpl.java:0) as input to shuffle 0
[2026-04-06T15:17:46.451+0000] {subprocess.py:93} INFO - 26/04/06 15:17:46 INFO DAGScheduler: Got map stage job 2 (parquet at NativeMethodAccessorImpl.java:0) with 1 output partitions
[2026-04-06T15:17:46.451+0000] {subprocess.py:93} INFO - 26/04/06 15:17:46 INFO DAGScheduler: Final stage: ShuffleMapStage 2 (parquet at NativeMethodAccessorImpl.java:0)
[2026-04-06T15:17:46.451+0000] {subprocess.py:93} INFO - 26/04/06 15:17:46 INFO DAGScheduler: Parents of final stage: List()
[2026-04-06T15:17:46.451+0000] {subprocess.py:93} INFO - 26/04/06 15:17:46 INFO DAGScheduler: Missing parents: List()
[2026-04-06T15:17:46.452+0000] {subprocess.py:93} INFO - 26/04/06 15:17:46 INFO DAGScheduler: Submitting ShuffleMapStage 2 (MapPartitionsRDD[14] at parquet at NativeMethodAccessorImpl.java:0), which has no missing parents
[2026-04-06T15:17:46.460+0000] {subprocess.py:93} INFO - 26/04/06 15:17:46 INFO MemoryStore: Block broadcast_5 stored as values in memory (estimated size 39.0 KiB, free 433.7 MiB)
[2026-04-06T15:17:46.465+0000] {subprocess.py:93} INFO - 26/04/06 15:17:46 INFO MemoryStore: Block broadcast_5_piece0 stored as bytes in memory (estimated size 17.6 KiB, free 433.6 MiB)
[2026-04-06T15:17:46.466+0000] {subprocess.py:93} INFO - 26/04/06 15:17:46 INFO BlockManagerInfo: Added broadcast_5_piece0 in memory on 7c36fe5f1e47:35163 (size: 17.6 KiB, free: 434.3 MiB)
[2026-04-06T15:17:46.466+0000] {subprocess.py:93} INFO - 26/04/06 15:17:46 INFO SparkContext: Created broadcast 5 from broadcast at DAGScheduler.scala:1611
[2026-04-06T15:17:46.467+0000] {subprocess.py:93} INFO - 26/04/06 15:17:46 INFO DAGScheduler: Submitting 1 missing tasks from ShuffleMapStage 2 (MapPartitionsRDD[14] at parquet at NativeMethodAccessorImpl.java:0) (first 15 tasks are for partitions Vector(0))
[2026-04-06T15:17:46.468+0000] {subprocess.py:93} INFO - 26/04/06 15:17:46 INFO TaskSchedulerImpl: Adding task set 2.0 with 1 tasks resource profile 0
[2026-04-06T15:17:46.469+0000] {subprocess.py:93} INFO - 26/04/06 15:17:46 INFO TaskSetManager: Starting task 0.0 in stage 2.0 (TID 2) (172.18.0.6, executor 0, partition 0, PROCESS_LOCAL, 10333 bytes)
[2026-04-06T15:17:46.481+0000] {subprocess.py:93} INFO - 26/04/06 15:17:46 INFO BlockManagerInfo: Added broadcast_5_piece0 in memory on 172.18.0.6:45683 (size: 17.6 KiB, free: 434.3 MiB)
[2026-04-06T15:17:46.629+0000] {subprocess.py:93} INFO - 26/04/06 15:17:46 INFO BlockManagerInfo: Added broadcast_4_piece0 in memory on 172.18.0.6:45683 (size: 35.2 KiB, free: 434.3 MiB)
[2026-04-06T15:17:46.916+0000] {subprocess.py:93} INFO - 26/04/06 15:17:46 INFO TaskSetManager: Finished task 0.0 in stage 2.0 (TID 2) in 448 ms on 172.18.0.6 (executor 0) (1/1)
[2026-04-06T15:17:46.917+0000] {subprocess.py:93} INFO - 26/04/06 15:17:46 INFO TaskSchedulerImpl: Removed TaskSet 2.0, whose tasks have all completed, from pool
[2026-04-06T15:17:46.918+0000] {subprocess.py:93} INFO - 26/04/06 15:17:46 INFO DAGScheduler: ShuffleMapStage 2 (parquet at NativeMethodAccessorImpl.java:0) finished in 0.464 s
[2026-04-06T15:17:46.918+0000] {subprocess.py:93} INFO - 26/04/06 15:17:46 INFO DAGScheduler: looking for newly runnable stages
[2026-04-06T15:17:46.918+0000] {subprocess.py:93} INFO - 26/04/06 15:17:46 INFO DAGScheduler: running: Set()
[2026-04-06T15:17:46.918+0000] {subprocess.py:93} INFO - 26/04/06 15:17:46 INFO DAGScheduler: waiting: Set()
[2026-04-06T15:17:46.918+0000] {subprocess.py:93} INFO - 26/04/06 15:17:46 INFO DAGScheduler: failed: Set()
[2026-04-06T15:17:46.930+0000] {subprocess.py:93} INFO - 26/04/06 15:17:46 INFO ShufflePartitionsUtil: For shuffle(0), advisory target size: 67108864, actual target size 1048576, minimum partition size: 1048576
[2026-04-06T15:17:47.029+0000] {subprocess.py:93} INFO - 26/04/06 15:17:47 INFO ParquetUtils: Using default output committer for Parquet: org.apache.parquet.hadoop.ParquetOutputCommitter
[2026-04-06T15:17:47.041+0000] {subprocess.py:93} INFO - 26/04/06 15:17:47 INFO FileOutputCommitter: File Output Committer Algorithm version is 1
[2026-04-06T15:17:47.042+0000] {subprocess.py:93} INFO - 26/04/06 15:17:47 INFO FileOutputCommitter: FileOutputCommitter skip cleanup _temporary folders under output directory:false, ignore cleanup failures: false
[2026-04-06T15:17:47.042+0000] {subprocess.py:93} INFO - 26/04/06 15:17:47 INFO SQLHadoopMapReduceCommitProtocol: Using user defined output committer class org.apache.parquet.hadoop.ParquetOutputCommitter
[2026-04-06T15:17:47.042+0000] {subprocess.py:93} INFO - 26/04/06 15:17:47 INFO FileOutputCommitter: File Output Committer Algorithm version is 1
[2026-04-06T15:17:47.042+0000] {subprocess.py:93} INFO - 26/04/06 15:17:47 INFO FileOutputCommitter: FileOutputCommitter skip cleanup _temporary folders under output directory:false, ignore cleanup failures: false
[2026-04-06T15:17:47.043+0000] {subprocess.py:93} INFO - 26/04/06 15:17:47 INFO SQLHadoopMapReduceCommitProtocol: Using output committer class org.apache.parquet.hadoop.ParquetOutputCommitter
[2026-04-06T15:17:47.084+0000] {subprocess.py:93} INFO - 26/04/06 15:17:47 INFO CodeGenerator: Code generated in 7.549269 ms
[2026-04-06T15:17:47.093+0000] {subprocess.py:93} INFO - 26/04/06 15:17:47 INFO CodeGenerator: Code generated in 5.494027 ms
[2026-04-06T15:17:47.107+0000] {subprocess.py:93} INFO - 26/04/06 15:17:47 INFO SparkContext: Starting job: parquet at NativeMethodAccessorImpl.java:0
[2026-04-06T15:17:47.108+0000] {subprocess.py:93} INFO - 26/04/06 15:17:47 INFO DAGScheduler: Got job 3 (parquet at NativeMethodAccessorImpl.java:0) with 1 output partitions
[2026-04-06T15:17:47.112+0000] {subprocess.py:93} INFO - 26/04/06 15:17:47 INFO DAGScheduler: Final stage: ResultStage 4 (parquet at NativeMethodAccessorImpl.java:0)
[2026-04-06T15:17:47.112+0000] {subprocess.py:93} INFO - 26/04/06 15:17:47 INFO DAGScheduler: Parents of final stage: List(ShuffleMapStage 3)
[2026-04-06T15:17:47.112+0000] {subprocess.py:93} INFO - 26/04/06 15:17:47 INFO DAGScheduler: Missing parents: List()
[2026-04-06T15:17:47.113+0000] {subprocess.py:93} INFO - 26/04/06 15:17:47 INFO DAGScheduler: Submitting ResultStage 4 (MapPartitionsRDD[19] at parquet at NativeMethodAccessorImpl.java:0), which has no missing parents
[2026-04-06T15:17:47.133+0000] {subprocess.py:93} INFO - 26/04/06 15:17:47 INFO MemoryStore: Block broadcast_6 stored as values in memory (estimated size 255.6 KiB, free 433.4 MiB)
[2026-04-06T15:17:47.139+0000] {subprocess.py:93} INFO - 26/04/06 15:17:47 INFO MemoryStore: Block broadcast_6_piece0 stored as bytes in memory (estimated size 93.7 KiB, free 433.3 MiB)
[2026-04-06T15:17:47.140+0000] {subprocess.py:93} INFO - 26/04/06 15:17:47 INFO BlockManagerInfo: Added broadcast_6_piece0 in memory on 7c36fe5f1e47:35163 (size: 93.7 KiB, free: 434.2 MiB)
[2026-04-06T15:17:47.140+0000] {subprocess.py:93} INFO - 26/04/06 15:17:47 INFO BlockManagerInfo: Removed broadcast_5_piece0 on 7c36fe5f1e47:35163 in memory (size: 17.6 KiB, free: 434.2 MiB)
[2026-04-06T15:17:47.140+0000] {subprocess.py:93} INFO - 26/04/06 15:17:47 INFO SparkContext: Created broadcast 6 from broadcast at DAGScheduler.scala:1611
[2026-04-06T15:17:47.141+0000] {subprocess.py:93} INFO - 26/04/06 15:17:47 INFO DAGScheduler: Submitting 1 missing tasks from ResultStage 4 (MapPartitionsRDD[19] at parquet at NativeMethodAccessorImpl.java:0) (first 15 tasks are for partitions Vector(0))
[2026-04-06T15:17:47.141+0000] {subprocess.py:93} INFO - 26/04/06 15:17:47 INFO TaskSchedulerImpl: Adding task set 4.0 with 1 tasks resource profile 0
[2026-04-06T15:17:47.142+0000] {subprocess.py:93} INFO - 26/04/06 15:17:47 INFO BlockManagerInfo: Removed broadcast_5_piece0 on 172.18.0.6:45683 in memory (size: 17.6 KiB, free: 434.3 MiB)
[2026-04-06T15:17:47.144+0000] {subprocess.py:93} INFO - 26/04/06 15:17:47 INFO TaskSetManager: Starting task 0.0 in stage 4.0 (TID 3) (172.18.0.6, executor 0, partition 0, NODE_LOCAL, 9733 bytes)
[2026-04-06T15:17:47.155+0000] {subprocess.py:93} INFO - 26/04/06 15:17:47 INFO BlockManagerInfo: Added broadcast_6_piece0 in memory on 172.18.0.6:45683 (size: 93.7 KiB, free: 434.2 MiB)
[2026-04-06T15:17:47.207+0000] {subprocess.py:93} INFO - 26/04/06 15:17:47 INFO MapOutputTrackerMasterEndpoint: Asked to send map output locations for shuffle 0 to 172.18.0.6:47202
[2026-04-06T15:17:47.914+0000] {subprocess.py:93} INFO - 26/04/06 15:17:47 INFO TaskSetManager: Finished task 0.0 in stage 4.0 (TID 3) in 770 ms on 172.18.0.6 (executor 0) (1/1)
[2026-04-06T15:17:47.914+0000] {subprocess.py:93} INFO - 26/04/06 15:17:47 INFO TaskSchedulerImpl: Removed TaskSet 4.0, whose tasks have all completed, from pool
[2026-04-06T15:17:47.915+0000] {subprocess.py:93} INFO - 26/04/06 15:17:47 INFO DAGScheduler: ResultStage 4 (parquet at NativeMethodAccessorImpl.java:0) finished in 0.794 s
[2026-04-06T15:17:47.915+0000] {subprocess.py:93} INFO - 26/04/06 15:17:47 INFO DAGScheduler: Job 3 is finished. Cancelling potential speculative or zombie tasks for this job
[2026-04-06T15:17:47.915+0000] {subprocess.py:93} INFO - 26/04/06 15:17:47 INFO TaskSchedulerImpl: Killing all running tasks in stage 4: Stage finished
[2026-04-06T15:17:47.916+0000] {subprocess.py:93} INFO - 26/04/06 15:17:47 INFO DAGScheduler: Job 3 finished: parquet at NativeMethodAccessorImpl.java:0, took 0.808410 s
[2026-04-06T15:17:47.916+0000] {subprocess.py:93} INFO - 26/04/06 15:17:47 INFO FileFormatWriter: Start to commit write Job 8cf74d3c-d15f-47c8-bb06-21a00561a583.
[2026-04-06T15:17:48.026+0000] {subprocess.py:93} INFO - 26/04/06 15:17:48 INFO FileFormatWriter: Write Job 8cf74d3c-d15f-47c8-bb06-21a00561a583 committed. Elapsed time: 109 ms.
[2026-04-06T15:17:48.028+0000] {subprocess.py:93} INFO - 26/04/06 15:17:48 INFO FileFormatWriter: Finished processing stats for write job 8cf74d3c-d15f-47c8-bb06-21a00561a583.
[2026-04-06T15:17:48.030+0000] {subprocess.py:93} INFO - Encounters Bronze -> Silver completed successfully.
[2026-04-06T15:17:48.030+0000] {subprocess.py:93} INFO - 26/04/06 15:17:48 INFO SparkContext: SparkContext is stopping with exitCode 0.
[2026-04-06T15:17:48.036+0000] {subprocess.py:93} INFO - 26/04/06 15:17:48 INFO SparkUI: Stopped Spark web UI at http://7c36fe5f1e47:4040
[2026-04-06T15:17:48.038+0000] {subprocess.py:93} INFO - 26/04/06 15:17:48 INFO StandaloneSchedulerBackend: Shutting down all executors
[2026-04-06T15:17:48.038+0000] {subprocess.py:93} INFO - 26/04/06 15:17:48 INFO StandaloneSchedulerBackend$StandaloneDriverEndpoint: Asking each executor to shut down
[2026-04-06T15:17:48.047+0000] {subprocess.py:93} INFO - 26/04/06 15:17:48 INFO MapOutputTrackerMasterEndpoint: MapOutputTrackerMasterEndpoint stopped!
[2026-04-06T15:17:48.061+0000] {subprocess.py:93} INFO - 26/04/06 15:17:48 INFO MemoryStore: MemoryStore cleared
[2026-04-06T15:17:48.063+0000] {subprocess.py:93} INFO - 26/04/06 15:17:48 INFO BlockManager: BlockManager stopped
[2026-04-06T15:17:48.064+0000] {subprocess.py:93} INFO - 26/04/06 15:17:48 INFO BlockManagerMaster: BlockManagerMaster stopped
[2026-04-06T15:17:48.066+0000] {subprocess.py:93} INFO - 26/04/06 15:17:48 INFO OutputCommitCoordinator$OutputCommitCoordinatorEndpoint: OutputCommitCoordinator stopped!
[2026-04-06T15:17:48.149+0000] {subprocess.py:93} INFO - 26/04/06 15:17:48 INFO SparkContext: Successfully stopped SparkContext
[2026-04-06T15:17:48.236+0000] {subprocess.py:93} INFO - 26/04/06 15:17:48 INFO ShutdownHookManager: Shutdown hook called
[2026-04-06T15:17:48.237+0000] {subprocess.py:93} INFO - 26/04/06 15:17:48 INFO ShutdownHookManager: Deleting directory /tmp/spark-46ea8f97-fba4-4936-9e52-26bca701ab1e/pyspark-47ad2f29-fc57-4843-8c52-98e4890d6a10
[2026-04-06T15:17:48.242+0000] {subprocess.py:93} INFO - 26/04/06 15:17:48 INFO ShutdownHookManager: Deleting directory /tmp/spark-8cce31d5-2970-488e-9632-d487ce9a202d
[2026-04-06T15:17:48.247+0000] {subprocess.py:93} INFO - 26/04/06 15:17:48 INFO ShutdownHookManager: Deleting directory /tmp/spark-46ea8f97-fba4-4936-9e52-26bca701ab1e
[2026-04-06T15:17:48.253+0000] {subprocess.py:93} INFO - 26/04/06 15:17:48 INFO MetricsSystemImpl: Stopping s3a-file-system metrics system...
[2026-04-06T15:17:48.254+0000] {subprocess.py:93} INFO - 26/04/06 15:17:48 INFO MetricsSystemImpl: s3a-file-system metrics system stopped.
[2026-04-06T15:17:48.254+0000] {subprocess.py:93} INFO - 26/04/06 15:17:48 INFO MetricsSystemImpl: s3a-file-system metrics system shutdown complete.
[2026-04-06T15:17:48.332+0000] {subprocess.py:97} INFO - Command exited with return code 0
[2026-04-06T15:17:48.354+0000] {taskinstance.py:1149} INFO - Marking task as SUCCESS. dag_id=bronze_to_silver_and_gold, task_id=run_encounters_silver, execution_date=20260406T151727, start_date=20260406T151728, end_date=20260406T151748
[2026-04-06T15:17:48.377+0000] {local_task_job_runner.py:234} INFO - Task exited with return code 0
[2026-04-06T15:17:48.393+0000] {taskinstance.py:3312} INFO - 0 downstream tasks scheduled from follow-on schedule check
