[2026-04-06T16:06:51.191+0000] {taskinstance.py:1979} INFO - Dependencies all met for dep_context=non-requeueable deps ti=<TaskInstance: bronze_to_silver_and_gold.run_observations_silver manual__2026-04-06T16:06:49.973310+00:00 [queued]>
[2026-04-06T16:06:51.196+0000] {taskinstance.py:1979} INFO - Dependencies all met for dep_context=requeueable deps ti=<TaskInstance: bronze_to_silver_and_gold.run_observations_silver manual__2026-04-06T16:06:49.973310+00:00 [queued]>
[2026-04-06T16:06:51.197+0000] {taskinstance.py:2193} INFO - Starting attempt 1 of 1
[2026-04-06T16:06:51.206+0000] {taskinstance.py:2217} INFO - Executing <Task(BashOperator): run_observations_silver> on 2026-04-06 16:06:49.973310+00:00
[2026-04-06T16:06:51.210+0000] {standard_task_runner.py:60} INFO - Started process 186 to run task
[2026-04-06T16:06:51.213+0000] {standard_task_runner.py:87} INFO - Running: ['airflow', 'tasks', 'run', 'bronze_to_silver_and_gold', 'run_observations_silver', 'manual__2026-04-06T16:06:49.973310+00:00', '--job-id', '54', '--raw', '--subdir', 'DAGS_FOLDER/bronze_to_silver_dag.py', '--cfg-path', '/tmp/tmpvu8t79c_']
[2026-04-06T16:06:51.215+0000] {standard_task_runner.py:88} INFO - Job 54: Subtask run_observations_silver
[2026-04-06T16:06:51.260+0000] {task_command.py:423} INFO - Running <TaskInstance: bronze_to_silver_and_gold.run_observations_silver manual__2026-04-06T16:06:49.973310+00:00 [running]> on host 7c36fe5f1e47
[2026-04-06T16:06:51.328+0000] {taskinstance.py:2513} INFO - Exporting env vars: AIRFLOW_CTX_DAG_OWNER='airflow' AIRFLOW_CTX_DAG_ID='bronze_to_silver_and_gold' AIRFLOW_CTX_TASK_ID='run_observations_silver' AIRFLOW_CTX_EXECUTION_DATE='2026-04-06T16:06:49.973310+00:00' AIRFLOW_CTX_TRY_NUMBER='1' AIRFLOW_CTX_DAG_RUN_ID='manual__2026-04-06T16:06:49.973310+00:00'
[2026-04-06T16:06:51.329+0000] {subprocess.py:63} INFO - Tmp dir root location: /tmp
[2026-04-06T16:06:51.330+0000] {subprocess.py:75} INFO - Running command: ['/usr/bin/bash', '-c', '\n/opt/spark/bin/spark-submit \\\n  --master spark://spark-master:7077 \\\n  --packages org.apache.hadoop:hadoop-aws:3.3.4,com.amazonaws:aws-java-sdk-bundle:1.12.262 \\\n  --conf spark.hadoop.fs.s3a.endpoint=http://minio:9000 \\\n  --conf spark.hadoop.fs.s3a.access.key=minioadmin \\\n  --conf spark.hadoop.fs.s3a.secret.key=minioadmin \\\n  --conf spark.hadoop.fs.s3a.path.style.access=true \\\n  --conf spark.hadoop.fs.s3a.impl=org.apache.hadoop.fs.s3a.S3AFileSystem \\\n  /opt/airflow/spark/jobs/bronze_to_silver_observations.py']
[2026-04-06T16:06:51.339+0000] {subprocess.py:86} INFO - Output:
[2026-04-06T16:06:53.087+0000] {subprocess.py:93} INFO - :: loading settings :: url = jar:file:/opt/spark-3.5.6-bin-hadoop3/jars/ivy-2.5.1.jar!/org/apache/ivy/core/settings/ivysettings.xml
[2026-04-06T16:06:53.169+0000] {subprocess.py:93} INFO - Ivy Default Cache set to: /home/airflow/.ivy2/cache
[2026-04-06T16:06:53.169+0000] {subprocess.py:93} INFO - The jars for the packages stored in: /home/airflow/.ivy2/jars
[2026-04-06T16:06:53.173+0000] {subprocess.py:93} INFO - org.apache.hadoop#hadoop-aws added as a dependency
[2026-04-06T16:06:53.173+0000] {subprocess.py:93} INFO - com.amazonaws#aws-java-sdk-bundle added as a dependency
[2026-04-06T16:06:53.173+0000] {subprocess.py:93} INFO - :: resolving dependencies :: org.apache.spark#spark-submit-parent-10e80e53-1ce3-493b-a0b5-4e530260b1a4;1.0
[2026-04-06T16:06:53.174+0000] {subprocess.py:93} INFO - 	confs: [default]
[2026-04-06T16:06:53.321+0000] {subprocess.py:93} INFO - 	found org.apache.hadoop#hadoop-aws;3.3.4 in spark-list
[2026-04-06T16:06:53.345+0000] {subprocess.py:93} INFO - 	found com.amazonaws#aws-java-sdk-bundle;1.12.262 in central
[2026-04-06T16:06:53.365+0000] {subprocess.py:93} INFO - 	found org.wildfly.openssl#wildfly-openssl;1.0.7.Final in central
[2026-04-06T16:06:53.388+0000] {subprocess.py:93} INFO - :: resolution report :: resolve 205ms :: artifacts dl 10ms
[2026-04-06T16:06:53.389+0000] {subprocess.py:93} INFO - 	:: modules in use:
[2026-04-06T16:06:53.390+0000] {subprocess.py:93} INFO - 	com.amazonaws#aws-java-sdk-bundle;1.12.262 from central in [default]
[2026-04-06T16:06:53.390+0000] {subprocess.py:93} INFO - 	org.apache.hadoop#hadoop-aws;3.3.4 from spark-list in [default]
[2026-04-06T16:06:53.391+0000] {subprocess.py:93} INFO - 	org.wildfly.openssl#wildfly-openssl;1.0.7.Final from central in [default]
[2026-04-06T16:06:53.391+0000] {subprocess.py:93} INFO - 	---------------------------------------------------------------------
[2026-04-06T16:06:53.392+0000] {subprocess.py:93} INFO - 	|                  |            modules            ||   artifacts   |
[2026-04-06T16:06:53.392+0000] {subprocess.py:93} INFO - 	|       conf       | number| search|dwnlded|evicted|| number|dwnlded|
[2026-04-06T16:06:53.392+0000] {subprocess.py:93} INFO - 	---------------------------------------------------------------------
[2026-04-06T16:06:53.393+0000] {subprocess.py:93} INFO - 	|      default     |   3   |   0   |   0   |   0   ||   3   |   0   |
[2026-04-06T16:06:53.393+0000] {subprocess.py:93} INFO - 	---------------------------------------------------------------------
[2026-04-06T16:06:53.394+0000] {subprocess.py:93} INFO - :: retrieving :: org.apache.spark#spark-submit-parent-10e80e53-1ce3-493b-a0b5-4e530260b1a4
[2026-04-06T16:06:53.394+0000] {subprocess.py:93} INFO - 	confs: [default]
[2026-04-06T16:06:53.399+0000] {subprocess.py:93} INFO - 	0 artifacts copied, 3 already retrieved (0kB/5ms)
[2026-04-06T16:06:53.604+0000] {subprocess.py:93} INFO - 26/04/06 16:06:53 WARN NativeCodeLoader: Unable to load native-hadoop library for your platform... using builtin-java classes where applicable
[2026-04-06T16:06:54.383+0000] {subprocess.py:93} INFO - 26/04/06 16:06:54 INFO SparkContext: Running Spark version 3.5.6
[2026-04-06T16:06:54.384+0000] {subprocess.py:93} INFO - 26/04/06 16:06:54 INFO SparkContext: OS info Linux, 6.6.87.2-microsoft-standard-WSL2, amd64
[2026-04-06T16:06:54.384+0000] {subprocess.py:93} INFO - 26/04/06 16:06:54 INFO SparkContext: Java version 17.0.18
[2026-04-06T16:06:54.404+0000] {subprocess.py:93} INFO - 26/04/06 16:06:54 INFO ResourceUtils: ==============================================================
[2026-04-06T16:06:54.405+0000] {subprocess.py:93} INFO - 26/04/06 16:06:54 INFO ResourceUtils: No custom resources configured for spark.driver.
[2026-04-06T16:06:54.406+0000] {subprocess.py:93} INFO - 26/04/06 16:06:54 INFO ResourceUtils: ==============================================================
[2026-04-06T16:06:54.406+0000] {subprocess.py:93} INFO - 26/04/06 16:06:54 INFO SparkContext: Submitted application: bronze_to_silver_observations
[2026-04-06T16:06:54.426+0000] {subprocess.py:93} INFO - 26/04/06 16:06:54 INFO ResourceProfile: Default ResourceProfile created, executor resources: Map(memory -> name: memory, amount: 1024, script: , vendor: , offHeap -> name: offHeap, amount: 0, script: , vendor: ), task resources: Map(cpus -> name: cpus, amount: 1.0)
[2026-04-06T16:06:54.433+0000] {subprocess.py:93} INFO - 26/04/06 16:06:54 INFO ResourceProfile: Limiting resource is cpu
[2026-04-06T16:06:54.434+0000] {subprocess.py:93} INFO - 26/04/06 16:06:54 INFO ResourceProfileManager: Added ResourceProfile id: 0
[2026-04-06T16:06:54.492+0000] {subprocess.py:93} INFO - 26/04/06 16:06:54 INFO SecurityManager: Changing view acls to: airflow
[2026-04-06T16:06:54.499+0000] {subprocess.py:93} INFO - 26/04/06 16:06:54 INFO SecurityManager: Changing modify acls to: airflow
[2026-04-06T16:06:54.500+0000] {subprocess.py:93} INFO - 26/04/06 16:06:54 INFO SecurityManager: Changing view acls groups to:
[2026-04-06T16:06:54.500+0000] {subprocess.py:93} INFO - 26/04/06 16:06:54 INFO SecurityManager: Changing modify acls groups to:
[2026-04-06T16:06:54.501+0000] {subprocess.py:93} INFO - 26/04/06 16:06:54 INFO SecurityManager: SecurityManager: authentication disabled; ui acls disabled; users with view permissions: airflow; groups with view permissions: EMPTY; users with modify permissions: airflow; groups with modify permissions: EMPTY
[2026-04-06T16:06:54.679+0000] {subprocess.py:93} INFO - 26/04/06 16:06:54 INFO Utils: Successfully started service 'sparkDriver' on port 37225.
[2026-04-06T16:06:54.709+0000] {subprocess.py:93} INFO - 26/04/06 16:06:54 INFO SparkEnv: Registering MapOutputTracker
[2026-04-06T16:06:54.745+0000] {subprocess.py:93} INFO - 26/04/06 16:06:54 INFO SparkEnv: Registering BlockManagerMaster
[2026-04-06T16:06:54.763+0000] {subprocess.py:93} INFO - 26/04/06 16:06:54 INFO BlockManagerMasterEndpoint: Using org.apache.spark.storage.DefaultTopologyMapper for getting topology information
[2026-04-06T16:06:54.764+0000] {subprocess.py:93} INFO - 26/04/06 16:06:54 INFO BlockManagerMasterEndpoint: BlockManagerMasterEndpoint up
[2026-04-06T16:06:54.766+0000] {subprocess.py:93} INFO - 26/04/06 16:06:54 INFO SparkEnv: Registering BlockManagerMasterHeartbeat
[2026-04-06T16:06:54.787+0000] {subprocess.py:93} INFO - 26/04/06 16:06:54 INFO DiskBlockManager: Created local directory at /tmp/blockmgr-8fcca5e3-350a-47ce-a400-ee7d6603b033
[2026-04-06T16:06:54.798+0000] {subprocess.py:93} INFO - 26/04/06 16:06:54 INFO MemoryStore: MemoryStore started with capacity 434.4 MiB
[2026-04-06T16:06:54.810+0000] {subprocess.py:93} INFO - 26/04/06 16:06:54 INFO SparkEnv: Registering OutputCommitCoordinator
[2026-04-06T16:06:54.915+0000] {subprocess.py:93} INFO - 26/04/06 16:06:54 INFO JettyUtils: Start Jetty 0.0.0.0:4040 for SparkUI
[2026-04-06T16:06:54.955+0000] {subprocess.py:93} INFO - 26/04/06 16:06:54 WARN Utils: Service 'SparkUI' could not bind on port 4040. Attempting port 4041.
[2026-04-06T16:06:54.956+0000] {subprocess.py:93} INFO - 26/04/06 16:06:54 WARN Utils: Service 'SparkUI' could not bind on port 4041. Attempting port 4042.
[2026-04-06T16:06:54.963+0000] {subprocess.py:93} INFO - 26/04/06 16:06:54 INFO Utils: Successfully started service 'SparkUI' on port 4042.
[2026-04-06T16:06:54.989+0000] {subprocess.py:93} INFO - 26/04/06 16:06:54 INFO SparkContext: Added JAR file:///home/airflow/.ivy2/jars/org.apache.hadoop_hadoop-aws-3.3.4.jar at spark://7c36fe5f1e47:37225/jars/org.apache.hadoop_hadoop-aws-3.3.4.jar with timestamp 1775491614378
[2026-04-06T16:06:54.990+0000] {subprocess.py:93} INFO - 26/04/06 16:06:54 INFO SparkContext: Added JAR file:///home/airflow/.ivy2/jars/com.amazonaws_aws-java-sdk-bundle-1.12.262.jar at spark://7c36fe5f1e47:37225/jars/com.amazonaws_aws-java-sdk-bundle-1.12.262.jar with timestamp 1775491614378
[2026-04-06T16:06:54.991+0000] {subprocess.py:93} INFO - 26/04/06 16:06:54 INFO SparkContext: Added JAR file:///home/airflow/.ivy2/jars/org.wildfly.openssl_wildfly-openssl-1.0.7.Final.jar at spark://7c36fe5f1e47:37225/jars/org.wildfly.openssl_wildfly-openssl-1.0.7.Final.jar with timestamp 1775491614378
[2026-04-06T16:06:54.993+0000] {subprocess.py:93} INFO - 26/04/06 16:06:54 INFO SparkContext: Added file file:///home/airflow/.ivy2/jars/org.apache.hadoop_hadoop-aws-3.3.4.jar at spark://7c36fe5f1e47:37225/files/org.apache.hadoop_hadoop-aws-3.3.4.jar with timestamp 1775491614378
[2026-04-06T16:06:54.994+0000] {subprocess.py:93} INFO - 26/04/06 16:06:54 INFO Utils: Copying /home/airflow/.ivy2/jars/org.apache.hadoop_hadoop-aws-3.3.4.jar to /tmp/spark-460e2d14-6e79-4e14-9483-c570177ddd76/userFiles-c5749e81-5c1e-4df1-b433-436adb4ce597/org.apache.hadoop_hadoop-aws-3.3.4.jar
[2026-04-06T16:06:55.008+0000] {subprocess.py:93} INFO - 26/04/06 16:06:55 INFO SparkContext: Added file file:///home/airflow/.ivy2/jars/com.amazonaws_aws-java-sdk-bundle-1.12.262.jar at spark://7c36fe5f1e47:37225/files/com.amazonaws_aws-java-sdk-bundle-1.12.262.jar with timestamp 1775491614378
[2026-04-06T16:06:55.009+0000] {subprocess.py:93} INFO - 26/04/06 16:06:55 INFO Utils: Copying /home/airflow/.ivy2/jars/com.amazonaws_aws-java-sdk-bundle-1.12.262.jar to /tmp/spark-460e2d14-6e79-4e14-9483-c570177ddd76/userFiles-c5749e81-5c1e-4df1-b433-436adb4ce597/com.amazonaws_aws-java-sdk-bundle-1.12.262.jar
[2026-04-06T16:06:56.038+0000] {subprocess.py:93} INFO - 26/04/06 16:06:56 INFO SparkContext: Added file file:///home/airflow/.ivy2/jars/org.wildfly.openssl_wildfly-openssl-1.0.7.Final.jar at spark://7c36fe5f1e47:37225/files/org.wildfly.openssl_wildfly-openssl-1.0.7.Final.jar with timestamp 1775491614378
[2026-04-06T16:06:56.039+0000] {subprocess.py:93} INFO - 26/04/06 16:06:56 INFO Utils: Copying /home/airflow/.ivy2/jars/org.wildfly.openssl_wildfly-openssl-1.0.7.Final.jar to /tmp/spark-460e2d14-6e79-4e14-9483-c570177ddd76/userFiles-c5749e81-5c1e-4df1-b433-436adb4ce597/org.wildfly.openssl_wildfly-openssl-1.0.7.Final.jar
[2026-04-06T16:06:56.096+0000] {subprocess.py:93} INFO - 26/04/06 16:06:56 INFO StandaloneAppClient$ClientEndpoint: Connecting to master spark://spark-master:7077...
[2026-04-06T16:06:56.124+0000] {subprocess.py:93} INFO - 26/04/06 16:06:56 INFO TransportClientFactory: Successfully created connection to spark-master/172.18.0.2:7077 after 16 ms (0 ms spent in bootstraps)
[2026-04-06T16:06:56.275+0000] {subprocess.py:93} INFO - 26/04/06 16:06:56 INFO StandaloneSchedulerBackend: Connected to Spark cluster with app ID app-20260406160656-0002
[2026-04-06T16:06:56.285+0000] {subprocess.py:93} INFO - 26/04/06 16:06:56 INFO Utils: Successfully started service 'org.apache.spark.network.netty.NettyBlockTransferService' on port 40445.
[2026-04-06T16:06:56.286+0000] {subprocess.py:93} INFO - 26/04/06 16:06:56 INFO NettyBlockTransferService: Server created on 7c36fe5f1e47:40445
[2026-04-06T16:06:56.288+0000] {subprocess.py:93} INFO - 26/04/06 16:06:56 INFO BlockManager: Using org.apache.spark.storage.RandomBlockReplicationPolicy for block replication policy
[2026-04-06T16:06:56.294+0000] {subprocess.py:93} INFO - 26/04/06 16:06:56 INFO BlockManagerMaster: Registering BlockManager BlockManagerId(driver, 7c36fe5f1e47, 40445, None)
[2026-04-06T16:06:56.298+0000] {subprocess.py:93} INFO - 26/04/06 16:06:56 INFO BlockManagerMasterEndpoint: Registering block manager 7c36fe5f1e47:40445 with 434.4 MiB RAM, BlockManagerId(driver, 7c36fe5f1e47, 40445, None)
[2026-04-06T16:06:56.300+0000] {subprocess.py:93} INFO - 26/04/06 16:06:56 INFO BlockManagerMaster: Registered BlockManager BlockManagerId(driver, 7c36fe5f1e47, 40445, None)
[2026-04-06T16:06:56.301+0000] {subprocess.py:93} INFO - 26/04/06 16:06:56 INFO BlockManager: Initialized BlockManager: BlockManagerId(driver, 7c36fe5f1e47, 40445, None)
[2026-04-06T16:06:56.468+0000] {subprocess.py:93} INFO - 26/04/06 16:06:56 INFO StandaloneSchedulerBackend: SchedulerBackend is ready for scheduling beginning after reached minRegisteredResourcesRatio: 0.0
[2026-04-06T16:06:56.668+0000] {subprocess.py:93} INFO - 26/04/06 16:06:56 INFO SharedState: Setting hive.metastore.warehouse.dir ('null') to the value of spark.sql.warehouse.dir.
[2026-04-06T16:06:56.670+0000] {subprocess.py:93} INFO - 26/04/06 16:06:56 INFO SharedState: Warehouse path is 'file:/tmp/airflowtmpovg8pxv8/spark-warehouse'.
[2026-04-06T16:06:57.596+0000] {subprocess.py:93} INFO - 26/04/06 16:06:57 WARN MetricsConfig: Cannot locate configuration: tried hadoop-metrics2-s3a-file-system.properties,hadoop-metrics2.properties
[2026-04-06T16:06:57.607+0000] {subprocess.py:93} INFO - 26/04/06 16:06:57 INFO MetricsSystemImpl: Scheduled Metric snapshot period at 10 second(s).
[2026-04-06T16:06:57.607+0000] {subprocess.py:93} INFO - 26/04/06 16:06:57 INFO MetricsSystemImpl: s3a-file-system metrics system started
[2026-04-06T16:06:58.494+0000] {subprocess.py:93} INFO - 26/04/06 16:06:58 INFO InMemoryFileIndex: It took 51 ms to list leaf files for 1 paths.
[2026-04-06T16:06:58.569+0000] {subprocess.py:93} INFO - 26/04/06 16:06:58 INFO InMemoryFileIndex: It took 16 ms to list leaf files for 1 paths.
[2026-04-06T16:07:00.095+0000] {subprocess.py:93} INFO - 26/04/06 16:07:00 INFO FileSourceStrategy: Pushed Filters:
[2026-04-06T16:07:00.097+0000] {subprocess.py:93} INFO - 26/04/06 16:07:00 INFO FileSourceStrategy: Post-Scan Filters: (length(trim(value#0, None)) > 0)
[2026-04-06T16:07:00.505+0000] {subprocess.py:93} INFO - 26/04/06 16:07:00 INFO CodeGenerator: Code generated in 148.974781 ms
[2026-04-06T16:07:00.550+0000] {subprocess.py:93} INFO - 26/04/06 16:07:00 INFO MemoryStore: Block broadcast_0 stored as values in memory (estimated size 203.2 KiB, free 434.2 MiB)
[2026-04-06T16:07:00.595+0000] {subprocess.py:93} INFO - 26/04/06 16:07:00 INFO MemoryStore: Block broadcast_0_piece0 stored as bytes in memory (estimated size 35.2 KiB, free 434.2 MiB)
[2026-04-06T16:07:00.602+0000] {subprocess.py:93} INFO - 26/04/06 16:07:00 INFO BlockManagerInfo: Added broadcast_0_piece0 in memory on 7c36fe5f1e47:40445 (size: 35.2 KiB, free: 434.4 MiB)
[2026-04-06T16:07:00.605+0000] {subprocess.py:93} INFO - 26/04/06 16:07:00 INFO SparkContext: Created broadcast 0 from csv at NativeMethodAccessorImpl.java:0
[2026-04-06T16:07:00.614+0000] {subprocess.py:93} INFO - 26/04/06 16:07:00 INFO FileSourceScanExec: Planning scan with bin packing, max size: 4194304 bytes, open cost is considered as scanning 4194304 bytes.
[2026-04-06T16:07:00.683+0000] {subprocess.py:93} INFO - 26/04/06 16:07:00 INFO SparkContext: Starting job: csv at NativeMethodAccessorImpl.java:0
[2026-04-06T16:07:00.693+0000] {subprocess.py:93} INFO - 26/04/06 16:07:00 INFO DAGScheduler: Got job 0 (csv at NativeMethodAccessorImpl.java:0) with 1 output partitions
[2026-04-06T16:07:00.693+0000] {subprocess.py:93} INFO - 26/04/06 16:07:00 INFO DAGScheduler: Final stage: ResultStage 0 (csv at NativeMethodAccessorImpl.java:0)
[2026-04-06T16:07:00.694+0000] {subprocess.py:93} INFO - 26/04/06 16:07:00 INFO DAGScheduler: Parents of final stage: List()
[2026-04-06T16:07:00.694+0000] {subprocess.py:93} INFO - 26/04/06 16:07:00 INFO DAGScheduler: Missing parents: List()
[2026-04-06T16:07:00.696+0000] {subprocess.py:93} INFO - 26/04/06 16:07:00 INFO DAGScheduler: Submitting ResultStage 0 (MapPartitionsRDD[3] at csv at NativeMethodAccessorImpl.java:0), which has no missing parents
[2026-04-06T16:07:00.747+0000] {subprocess.py:93} INFO - 26/04/06 16:07:00 INFO MemoryStore: Block broadcast_1 stored as values in memory (estimated size 13.5 KiB, free 434.2 MiB)
[2026-04-06T16:07:00.755+0000] {subprocess.py:93} INFO - 26/04/06 16:07:00 INFO MemoryStore: Block broadcast_1_piece0 stored as bytes in memory (estimated size 6.4 KiB, free 434.1 MiB)
[2026-04-06T16:07:00.756+0000] {subprocess.py:93} INFO - 26/04/06 16:07:00 INFO BlockManagerInfo: Added broadcast_1_piece0 in memory on 7c36fe5f1e47:40445 (size: 6.4 KiB, free: 434.4 MiB)
[2026-04-06T16:07:00.756+0000] {subprocess.py:93} INFO - 26/04/06 16:07:00 INFO SparkContext: Created broadcast 1 from broadcast at DAGScheduler.scala:1611
[2026-04-06T16:07:00.778+0000] {subprocess.py:93} INFO - 26/04/06 16:07:00 INFO DAGScheduler: Submitting 1 missing tasks from ResultStage 0 (MapPartitionsRDD[3] at csv at NativeMethodAccessorImpl.java:0) (first 15 tasks are for partitions Vector(0))
[2026-04-06T16:07:00.779+0000] {subprocess.py:93} INFO - 26/04/06 16:07:00 INFO TaskSchedulerImpl: Adding task set 0.0 with 1 tasks resource profile 0
[2026-04-06T16:07:15.786+0000] {subprocess.py:93} INFO - 26/04/06 16:07:15 WARN TaskSchedulerImpl: Initial job has not accepted any resources; check your cluster UI to ensure that workers are registered and have sufficient resources
[2026-04-06T16:07:16.567+0000] {subprocess.py:93} INFO - 26/04/06 16:07:16 INFO StandaloneAppClient$ClientEndpoint: Executor added: app-20260406160656-0002/0 on worker-20260406160634-172.18.0.5-39795 (172.18.0.5:39795) with 16 core(s)
[2026-04-06T16:07:16.568+0000] {subprocess.py:93} INFO - 26/04/06 16:07:16 INFO StandaloneSchedulerBackend: Granted executor ID app-20260406160656-0002/0 on hostPort 172.18.0.5:39795 with 16 core(s), 1024.0 MiB RAM
[2026-04-06T16:07:16.612+0000] {subprocess.py:93} INFO - 26/04/06 16:07:16 INFO StandaloneAppClient$ClientEndpoint: Executor updated: app-20260406160656-0002/0 is now RUNNING
[2026-04-06T16:07:18.113+0000] {subprocess.py:93} INFO - 26/04/06 16:07:18 INFO StandaloneSchedulerBackend$StandaloneDriverEndpoint: Registered executor NettyRpcEndpointRef(spark-client://Executor) (172.18.0.5:56614) with ID 0,  ResourceProfileId 0
[2026-04-06T16:07:18.153+0000] {subprocess.py:93} INFO - 26/04/06 16:07:18 INFO BlockManagerMasterEndpoint: Registering block manager 172.18.0.5:33045 with 434.4 MiB RAM, BlockManagerId(0, 172.18.0.5, 33045, None)
[2026-04-06T16:07:20.048+0000] {subprocess.py:93} INFO - 26/04/06 16:07:20 INFO TaskSetManager: Starting task 0.0 in stage 0.0 (TID 0) (172.18.0.5, executor 0, partition 0, PROCESS_LOCAL, 10346 bytes)
[2026-04-06T16:07:20.184+0000] {subprocess.py:93} INFO - 26/04/06 16:07:20 INFO BlockManagerInfo: Added broadcast_1_piece0 in memory on 172.18.0.5:33045 (size: 6.4 KiB, free: 434.4 MiB)
[2026-04-06T16:07:20.696+0000] {subprocess.py:93} INFO - 26/04/06 16:07:20 INFO BlockManagerInfo: Added broadcast_0_piece0 in memory on 172.18.0.5:33045 (size: 35.2 KiB, free: 434.4 MiB)
[2026-04-06T16:07:21.507+0000] {subprocess.py:93} INFO - 26/04/06 16:07:21 INFO TaskSetManager: Finished task 0.0 in stage 0.0 (TID 0) in 1464 ms on 172.18.0.5 (executor 0) (1/1)
[2026-04-06T16:07:21.508+0000] {subprocess.py:93} INFO - 26/04/06 16:07:21 INFO TaskSchedulerImpl: Removed TaskSet 0.0, whose tasks have all completed, from pool
[2026-04-06T16:07:21.511+0000] {subprocess.py:93} INFO - 26/04/06 16:07:21 INFO DAGScheduler: ResultStage 0 (csv at NativeMethodAccessorImpl.java:0) finished in 20.806 s
[2026-04-06T16:07:21.513+0000] {subprocess.py:93} INFO - 26/04/06 16:07:21 INFO DAGScheduler: Job 0 is finished. Cancelling potential speculative or zombie tasks for this job
[2026-04-06T16:07:21.513+0000] {subprocess.py:93} INFO - 26/04/06 16:07:21 INFO TaskSchedulerImpl: Killing all running tasks in stage 0: Stage finished
[2026-04-06T16:07:21.514+0000] {subprocess.py:93} INFO - 26/04/06 16:07:21 INFO DAGScheduler: Job 0 finished: csv at NativeMethodAccessorImpl.java:0, took 20.832319 s
[2026-04-06T16:07:21.528+0000] {subprocess.py:93} INFO - 26/04/06 16:07:21 INFO CodeGenerator: Code generated in 7.495248 ms
[2026-04-06T16:07:21.560+0000] {subprocess.py:93} INFO - 26/04/06 16:07:21 INFO BlockManagerInfo: Removed broadcast_1_piece0 on 7c36fe5f1e47:40445 in memory (size: 6.4 KiB, free: 434.4 MiB)
[2026-04-06T16:07:21.568+0000] {subprocess.py:93} INFO - 26/04/06 16:07:21 INFO BlockManagerInfo: Removed broadcast_1_piece0 on 172.18.0.5:33045 in memory (size: 6.4 KiB, free: 434.4 MiB)
[2026-04-06T16:07:21.571+0000] {subprocess.py:93} INFO - 26/04/06 16:07:21 INFO FileSourceStrategy: Pushed Filters:
[2026-04-06T16:07:21.571+0000] {subprocess.py:93} INFO - 26/04/06 16:07:21 INFO FileSourceStrategy: Post-Scan Filters:
[2026-04-06T16:07:21.577+0000] {subprocess.py:93} INFO - 26/04/06 16:07:21 INFO MemoryStore: Block broadcast_2 stored as values in memory (estimated size 203.2 KiB, free 434.0 MiB)
[2026-04-06T16:07:21.586+0000] {subprocess.py:93} INFO - 26/04/06 16:07:21 INFO BlockManagerInfo: Removed broadcast_0_piece0 on 7c36fe5f1e47:40445 in memory (size: 35.2 KiB, free: 434.4 MiB)
[2026-04-06T16:07:21.590+0000] {subprocess.py:93} INFO - 26/04/06 16:07:21 INFO MemoryStore: Block broadcast_2_piece0 stored as bytes in memory (estimated size 35.2 KiB, free 434.2 MiB)
[2026-04-06T16:07:21.591+0000] {subprocess.py:93} INFO - 26/04/06 16:07:21 INFO BlockManagerInfo: Removed broadcast_0_piece0 on 172.18.0.5:33045 in memory (size: 35.2 KiB, free: 434.4 MiB)
[2026-04-06T16:07:21.592+0000] {subprocess.py:93} INFO - 26/04/06 16:07:21 INFO BlockManagerInfo: Added broadcast_2_piece0 in memory on 7c36fe5f1e47:40445 (size: 35.2 KiB, free: 434.4 MiB)
[2026-04-06T16:07:21.594+0000] {subprocess.py:93} INFO - 26/04/06 16:07:21 INFO SparkContext: Created broadcast 2 from csv at NativeMethodAccessorImpl.java:0
[2026-04-06T16:07:21.595+0000] {subprocess.py:93} INFO - 26/04/06 16:07:21 INFO FileSourceScanExec: Planning scan with bin packing, max size: 4194304 bytes, open cost is considered as scanning 4194304 bytes.
[2026-04-06T16:07:21.644+0000] {subprocess.py:93} INFO - 26/04/06 16:07:21 INFO SparkContext: Starting job: csv at NativeMethodAccessorImpl.java:0
[2026-04-06T16:07:21.644+0000] {subprocess.py:93} INFO - 26/04/06 16:07:21 INFO DAGScheduler: Got job 1 (csv at NativeMethodAccessorImpl.java:0) with 1 output partitions
[2026-04-06T16:07:21.645+0000] {subprocess.py:93} INFO - 26/04/06 16:07:21 INFO DAGScheduler: Final stage: ResultStage 1 (csv at NativeMethodAccessorImpl.java:0)
[2026-04-06T16:07:21.645+0000] {subprocess.py:93} INFO - 26/04/06 16:07:21 INFO DAGScheduler: Parents of final stage: List()
[2026-04-06T16:07:21.645+0000] {subprocess.py:93} INFO - 26/04/06 16:07:21 INFO DAGScheduler: Missing parents: List()
[2026-04-06T16:07:21.646+0000] {subprocess.py:93} INFO - 26/04/06 16:07:21 INFO DAGScheduler: Submitting ResultStage 1 (MapPartitionsRDD[9] at csv at NativeMethodAccessorImpl.java:0), which has no missing parents
[2026-04-06T16:07:21.657+0000] {subprocess.py:93} INFO - 26/04/06 16:07:21 INFO MemoryStore: Block broadcast_3 stored as values in memory (estimated size 29.5 KiB, free 434.1 MiB)
[2026-04-06T16:07:21.662+0000] {subprocess.py:93} INFO - 26/04/06 16:07:21 INFO MemoryStore: Block broadcast_3_piece0 stored as bytes in memory (estimated size 13.2 KiB, free 434.1 MiB)
[2026-04-06T16:07:21.663+0000] {subprocess.py:93} INFO - 26/04/06 16:07:21 INFO BlockManagerInfo: Added broadcast_3_piece0 in memory on 7c36fe5f1e47:40445 (size: 13.2 KiB, free: 434.4 MiB)
[2026-04-06T16:07:21.663+0000] {subprocess.py:93} INFO - 26/04/06 16:07:21 INFO SparkContext: Created broadcast 3 from broadcast at DAGScheduler.scala:1611
[2026-04-06T16:07:21.664+0000] {subprocess.py:93} INFO - 26/04/06 16:07:21 INFO DAGScheduler: Submitting 1 missing tasks from ResultStage 1 (MapPartitionsRDD[9] at csv at NativeMethodAccessorImpl.java:0) (first 15 tasks are for partitions Vector(0))
[2026-04-06T16:07:21.664+0000] {subprocess.py:93} INFO - 26/04/06 16:07:21 INFO TaskSchedulerImpl: Adding task set 1.0 with 1 tasks resource profile 0
[2026-04-06T16:07:21.665+0000] {subprocess.py:93} INFO - 26/04/06 16:07:21 INFO TaskSetManager: Starting task 0.0 in stage 1.0 (TID 1) (172.18.0.5, executor 0, partition 0, PROCESS_LOCAL, 10346 bytes)
[2026-04-06T16:07:21.690+0000] {subprocess.py:93} INFO - 26/04/06 16:07:21 INFO BlockManagerInfo: Added broadcast_3_piece0 in memory on 172.18.0.5:33045 (size: 13.2 KiB, free: 434.4 MiB)
[2026-04-06T16:07:22.318+0000] {subprocess.py:93} INFO - 26/04/06 16:07:22 INFO BlockManagerInfo: Added broadcast_2_piece0 in memory on 172.18.0.5:33045 (size: 35.2 KiB, free: 434.4 MiB)
[2026-04-06T16:07:22.721+0000] {subprocess.py:93} INFO - 26/04/06 16:07:22 INFO TaskSetManager: Finished task 0.0 in stage 1.0 (TID 1) in 1056 ms on 172.18.0.5 (executor 0) (1/1)
[2026-04-06T16:07:22.723+0000] {subprocess.py:93} INFO - 26/04/06 16:07:22 INFO TaskSchedulerImpl: Removed TaskSet 1.0, whose tasks have all completed, from pool
[2026-04-06T16:07:22.723+0000] {subprocess.py:93} INFO - 26/04/06 16:07:22 INFO DAGScheduler: ResultStage 1 (csv at NativeMethodAccessorImpl.java:0) finished in 1.076 s
[2026-04-06T16:07:22.723+0000] {subprocess.py:93} INFO - 26/04/06 16:07:22 INFO DAGScheduler: Job 1 is finished. Cancelling potential speculative or zombie tasks for this job
[2026-04-06T16:07:22.724+0000] {subprocess.py:93} INFO - 26/04/06 16:07:22 INFO TaskSchedulerImpl: Killing all running tasks in stage 1: Stage finished
[2026-04-06T16:07:22.724+0000] {subprocess.py:93} INFO - 26/04/06 16:07:22 INFO DAGScheduler: Job 1 finished: csv at NativeMethodAccessorImpl.java:0, took 1.080149 s
[2026-04-06T16:07:22.917+0000] {subprocess.py:93} INFO - 26/04/06 16:07:22 INFO FileSourceStrategy: Pushed Filters:
[2026-04-06T16:07:22.917+0000] {subprocess.py:93} INFO - 26/04/06 16:07:22 INFO FileSourceStrategy: Post-Scan Filters: isnotnull(trim(observation_id#17, None))
[2026-04-06T16:07:23.016+0000] {subprocess.py:93} INFO - 26/04/06 16:07:23 INFO CodeGenerator: Code generated in 25.157617 ms
[2026-04-06T16:07:23.020+0000] {subprocess.py:93} INFO - 26/04/06 16:07:23 INFO MemoryStore: Block broadcast_4 stored as values in memory (estimated size 203.1 KiB, free 433.9 MiB)
[2026-04-06T16:07:23.029+0000] {subprocess.py:93} INFO - 26/04/06 16:07:23 INFO BlockManagerInfo: Removed broadcast_3_piece0 on 7c36fe5f1e47:40445 in memory (size: 13.2 KiB, free: 434.4 MiB)
[2026-04-06T16:07:23.031+0000] {subprocess.py:93} INFO - 26/04/06 16:07:23 INFO MemoryStore: Block broadcast_4_piece0 stored as bytes in memory (estimated size 35.2 KiB, free 433.9 MiB)
[2026-04-06T16:07:23.033+0000] {subprocess.py:93} INFO - 26/04/06 16:07:23 INFO BlockManagerInfo: Removed broadcast_3_piece0 on 172.18.0.5:33045 in memory (size: 13.2 KiB, free: 434.4 MiB)
[2026-04-06T16:07:23.033+0000] {subprocess.py:93} INFO - 26/04/06 16:07:23 INFO BlockManagerInfo: Added broadcast_4_piece0 in memory on 7c36fe5f1e47:40445 (size: 35.2 KiB, free: 434.3 MiB)
[2026-04-06T16:07:23.034+0000] {subprocess.py:93} INFO - 26/04/06 16:07:23 INFO SparkContext: Created broadcast 4 from parquet at NativeMethodAccessorImpl.java:0
[2026-04-06T16:07:23.038+0000] {subprocess.py:93} INFO - 26/04/06 16:07:23 INFO FileSourceScanExec: Planning scan with bin packing, max size: 4194304 bytes, open cost is considered as scanning 4194304 bytes.
[2026-04-06T16:07:23.060+0000] {subprocess.py:93} INFO - 26/04/06 16:07:23 INFO DAGScheduler: Registering RDD 14 (parquet at NativeMethodAccessorImpl.java:0) as input to shuffle 0
[2026-04-06T16:07:23.062+0000] {subprocess.py:93} INFO - 26/04/06 16:07:23 INFO DAGScheduler: Got map stage job 2 (parquet at NativeMethodAccessorImpl.java:0) with 1 output partitions
[2026-04-06T16:07:23.062+0000] {subprocess.py:93} INFO - 26/04/06 16:07:23 INFO DAGScheduler: Final stage: ShuffleMapStage 2 (parquet at NativeMethodAccessorImpl.java:0)
[2026-04-06T16:07:23.063+0000] {subprocess.py:93} INFO - 26/04/06 16:07:23 INFO DAGScheduler: Parents of final stage: List()
[2026-04-06T16:07:23.063+0000] {subprocess.py:93} INFO - 26/04/06 16:07:23 INFO DAGScheduler: Missing parents: List()
[2026-04-06T16:07:23.064+0000] {subprocess.py:93} INFO - 26/04/06 16:07:23 INFO DAGScheduler: Submitting ShuffleMapStage 2 (MapPartitionsRDD[14] at parquet at NativeMethodAccessorImpl.java:0), which has no missing parents
[2026-04-06T16:07:23.075+0000] {subprocess.py:93} INFO - 26/04/06 16:07:23 INFO MemoryStore: Block broadcast_5 stored as values in memory (estimated size 40.0 KiB, free 433.9 MiB)
[2026-04-06T16:07:23.081+0000] {subprocess.py:93} INFO - 26/04/06 16:07:23 INFO MemoryStore: Block broadcast_5_piece0 stored as bytes in memory (estimated size 17.8 KiB, free 433.9 MiB)
[2026-04-06T16:07:23.082+0000] {subprocess.py:93} INFO - 26/04/06 16:07:23 INFO BlockManagerInfo: Added broadcast_5_piece0 in memory on 7c36fe5f1e47:40445 (size: 17.8 KiB, free: 434.3 MiB)
[2026-04-06T16:07:23.082+0000] {subprocess.py:93} INFO - 26/04/06 16:07:23 INFO SparkContext: Created broadcast 5 from broadcast at DAGScheduler.scala:1611
[2026-04-06T16:07:23.084+0000] {subprocess.py:93} INFO - 26/04/06 16:07:23 INFO DAGScheduler: Submitting 1 missing tasks from ShuffleMapStage 2 (MapPartitionsRDD[14] at parquet at NativeMethodAccessorImpl.java:0) (first 15 tasks are for partitions Vector(0))
[2026-04-06T16:07:23.084+0000] {subprocess.py:93} INFO - 26/04/06 16:07:23 INFO TaskSchedulerImpl: Adding task set 2.0 with 1 tasks resource profile 0
[2026-04-06T16:07:23.085+0000] {subprocess.py:93} INFO - 26/04/06 16:07:23 INFO TaskSetManager: Starting task 0.0 in stage 2.0 (TID 2) (172.18.0.5, executor 0, partition 0, PROCESS_LOCAL, 10335 bytes)
[2026-04-06T16:07:23.100+0000] {subprocess.py:93} INFO - 26/04/06 16:07:23 INFO BlockManagerInfo: Added broadcast_5_piece0 in memory on 172.18.0.5:33045 (size: 17.8 KiB, free: 434.3 MiB)
[2026-04-06T16:07:23.285+0000] {subprocess.py:93} INFO - 26/04/06 16:07:23 INFO BlockManagerInfo: Added broadcast_4_piece0 in memory on 172.18.0.5:33045 (size: 35.2 KiB, free: 434.3 MiB)
[2026-04-06T16:07:23.674+0000] {subprocess.py:93} INFO - 26/04/06 16:07:23 INFO TaskSetManager: Finished task 0.0 in stage 2.0 (TID 2) in 589 ms on 172.18.0.5 (executor 0) (1/1)
[2026-04-06T16:07:23.675+0000] {subprocess.py:93} INFO - 26/04/06 16:07:23 INFO TaskSchedulerImpl: Removed TaskSet 2.0, whose tasks have all completed, from pool
[2026-04-06T16:07:23.676+0000] {subprocess.py:93} INFO - 26/04/06 16:07:23 INFO DAGScheduler: ShuffleMapStage 2 (parquet at NativeMethodAccessorImpl.java:0) finished in 0.611 s
[2026-04-06T16:07:23.677+0000] {subprocess.py:93} INFO - 26/04/06 16:07:23 INFO DAGScheduler: looking for newly runnable stages
[2026-04-06T16:07:23.677+0000] {subprocess.py:93} INFO - 26/04/06 16:07:23 INFO DAGScheduler: running: Set()
[2026-04-06T16:07:23.677+0000] {subprocess.py:93} INFO - 26/04/06 16:07:23 INFO DAGScheduler: waiting: Set()
[2026-04-06T16:07:23.678+0000] {subprocess.py:93} INFO - 26/04/06 16:07:23 INFO DAGScheduler: failed: Set()
[2026-04-06T16:07:23.693+0000] {subprocess.py:93} INFO - 26/04/06 16:07:23 INFO ShufflePartitionsUtil: For shuffle(0), advisory target size: 67108864, actual target size 1048576, minimum partition size: 1048576
[2026-04-06T16:07:23.818+0000] {subprocess.py:93} INFO - 26/04/06 16:07:23 INFO ParquetUtils: Using default output committer for Parquet: org.apache.parquet.hadoop.ParquetOutputCommitter
[2026-04-06T16:07:23.832+0000] {subprocess.py:93} INFO - 26/04/06 16:07:23 INFO FileOutputCommitter: File Output Committer Algorithm version is 1
[2026-04-06T16:07:23.832+0000] {subprocess.py:93} INFO - 26/04/06 16:07:23 INFO FileOutputCommitter: FileOutputCommitter skip cleanup _temporary folders under output directory:false, ignore cleanup failures: false
[2026-04-06T16:07:23.832+0000] {subprocess.py:93} INFO - 26/04/06 16:07:23 INFO SQLHadoopMapReduceCommitProtocol: Using user defined output committer class org.apache.parquet.hadoop.ParquetOutputCommitter
[2026-04-06T16:07:23.833+0000] {subprocess.py:93} INFO - 26/04/06 16:07:23 INFO FileOutputCommitter: File Output Committer Algorithm version is 1
[2026-04-06T16:07:23.833+0000] {subprocess.py:93} INFO - 26/04/06 16:07:23 INFO FileOutputCommitter: FileOutputCommitter skip cleanup _temporary folders under output directory:false, ignore cleanup failures: false
[2026-04-06T16:07:23.833+0000] {subprocess.py:93} INFO - 26/04/06 16:07:23 INFO SQLHadoopMapReduceCommitProtocol: Using output committer class org.apache.parquet.hadoop.ParquetOutputCommitter
[2026-04-06T16:07:23.882+0000] {subprocess.py:93} INFO - 26/04/06 16:07:23 INFO CodeGenerator: Code generated in 11.221033 ms
[2026-04-06T16:07:23.896+0000] {subprocess.py:93} INFO - 26/04/06 16:07:23 INFO CodeGenerator: Code generated in 9.181361 ms
[2026-04-06T16:07:23.916+0000] {subprocess.py:93} INFO - 26/04/06 16:07:23 INFO SparkContext: Starting job: parquet at NativeMethodAccessorImpl.java:0
[2026-04-06T16:07:23.917+0000] {subprocess.py:93} INFO - 26/04/06 16:07:23 INFO DAGScheduler: Got job 3 (parquet at NativeMethodAccessorImpl.java:0) with 1 output partitions
[2026-04-06T16:07:23.918+0000] {subprocess.py:93} INFO - 26/04/06 16:07:23 INFO DAGScheduler: Final stage: ResultStage 4 (parquet at NativeMethodAccessorImpl.java:0)
[2026-04-06T16:07:23.918+0000] {subprocess.py:93} INFO - 26/04/06 16:07:23 INFO DAGScheduler: Parents of final stage: List(ShuffleMapStage 3)
[2026-04-06T16:07:23.918+0000] {subprocess.py:93} INFO - 26/04/06 16:07:23 INFO DAGScheduler: Missing parents: List()
[2026-04-06T16:07:23.918+0000] {subprocess.py:93} INFO - 26/04/06 16:07:23 INFO DAGScheduler: Submitting ResultStage 4 (MapPartitionsRDD[19] at parquet at NativeMethodAccessorImpl.java:0), which has no missing parents
[2026-04-06T16:07:23.946+0000] {subprocess.py:93} INFO - 26/04/06 16:07:23 INFO MemoryStore: Block broadcast_6 stored as values in memory (estimated size 257.5 KiB, free 433.6 MiB)
[2026-04-06T16:07:23.952+0000] {subprocess.py:93} INFO - 26/04/06 16:07:23 INFO MemoryStore: Block broadcast_6_piece0 stored as bytes in memory (estimated size 94.3 KiB, free 433.5 MiB)
[2026-04-06T16:07:23.952+0000] {subprocess.py:93} INFO - 26/04/06 16:07:23 INFO BlockManagerInfo: Added broadcast_6_piece0 in memory on 7c36fe5f1e47:40445 (size: 94.3 KiB, free: 434.2 MiB)
[2026-04-06T16:07:23.953+0000] {subprocess.py:93} INFO - 26/04/06 16:07:23 INFO BlockManagerInfo: Removed broadcast_5_piece0 on 7c36fe5f1e47:40445 in memory (size: 17.8 KiB, free: 434.2 MiB)
[2026-04-06T16:07:23.953+0000] {subprocess.py:93} INFO - 26/04/06 16:07:23 INFO SparkContext: Created broadcast 6 from broadcast at DAGScheduler.scala:1611
[2026-04-06T16:07:23.954+0000] {subprocess.py:93} INFO - 26/04/06 16:07:23 INFO DAGScheduler: Submitting 1 missing tasks from ResultStage 4 (MapPartitionsRDD[19] at parquet at NativeMethodAccessorImpl.java:0) (first 15 tasks are for partitions Vector(0))
[2026-04-06T16:07:23.954+0000] {subprocess.py:93} INFO - 26/04/06 16:07:23 INFO TaskSchedulerImpl: Adding task set 4.0 with 1 tasks resource profile 0
[2026-04-06T16:07:23.955+0000] {subprocess.py:93} INFO - 26/04/06 16:07:23 INFO BlockManagerInfo: Removed broadcast_5_piece0 on 172.18.0.5:33045 in memory (size: 17.8 KiB, free: 434.3 MiB)
[2026-04-06T16:07:23.957+0000] {subprocess.py:93} INFO - 26/04/06 16:07:23 INFO TaskSetManager: Starting task 0.0 in stage 4.0 (TID 3) (172.18.0.5, executor 0, partition 0, NODE_LOCAL, 9733 bytes)
[2026-04-06T16:07:23.970+0000] {subprocess.py:93} INFO - 26/04/06 16:07:23 INFO BlockManagerInfo: Added broadcast_6_piece0 in memory on 172.18.0.5:33045 (size: 94.3 KiB, free: 434.2 MiB)
[2026-04-06T16:07:24.014+0000] {subprocess.py:93} INFO - 26/04/06 16:07:24 INFO MapOutputTrackerMasterEndpoint: Asked to send map output locations for shuffle 0 to 172.18.0.5:56614
[2026-04-06T16:07:24.786+0000] {subprocess.py:93} INFO - 26/04/06 16:07:24 INFO TaskSetManager: Finished task 0.0 in stage 4.0 (TID 3) in 830 ms on 172.18.0.5 (executor 0) (1/1)
[2026-04-06T16:07:24.787+0000] {subprocess.py:93} INFO - 26/04/06 16:07:24 INFO TaskSchedulerImpl: Removed TaskSet 4.0, whose tasks have all completed, from pool
[2026-04-06T16:07:24.787+0000] {subprocess.py:93} INFO - 26/04/06 16:07:24 INFO DAGScheduler: ResultStage 4 (parquet at NativeMethodAccessorImpl.java:0) finished in 0.857 s
[2026-04-06T16:07:24.788+0000] {subprocess.py:93} INFO - 26/04/06 16:07:24 INFO DAGScheduler: Job 3 is finished. Cancelling potential speculative or zombie tasks for this job
[2026-04-06T16:07:24.788+0000] {subprocess.py:93} INFO - 26/04/06 16:07:24 INFO TaskSchedulerImpl: Killing all running tasks in stage 4: Stage finished
[2026-04-06T16:07:24.788+0000] {subprocess.py:93} INFO - 26/04/06 16:07:24 INFO DAGScheduler: Job 3 finished: parquet at NativeMethodAccessorImpl.java:0, took 0.871945 s
[2026-04-06T16:07:24.789+0000] {subprocess.py:93} INFO - 26/04/06 16:07:24 INFO FileFormatWriter: Start to commit write Job 267d2384-f7e9-4d2a-b7cd-170674a66f14.
[2026-04-06T16:07:24.896+0000] {subprocess.py:93} INFO - 26/04/06 16:07:24 INFO FileFormatWriter: Write Job 267d2384-f7e9-4d2a-b7cd-170674a66f14 committed. Elapsed time: 106 ms.
[2026-04-06T16:07:24.898+0000] {subprocess.py:93} INFO - 26/04/06 16:07:24 INFO FileFormatWriter: Finished processing stats for write job 267d2384-f7e9-4d2a-b7cd-170674a66f14.
[2026-04-06T16:07:24.900+0000] {subprocess.py:93} INFO - Observations Bronze -> Silver completed successfully.
[2026-04-06T16:07:24.901+0000] {subprocess.py:93} INFO - 26/04/06 16:07:24 INFO SparkContext: SparkContext is stopping with exitCode 0.
[2026-04-06T16:07:24.906+0000] {subprocess.py:93} INFO - 26/04/06 16:07:24 INFO SparkUI: Stopped Spark web UI at http://7c36fe5f1e47:4042
[2026-04-06T16:07:24.908+0000] {subprocess.py:93} INFO - 26/04/06 16:07:24 INFO StandaloneSchedulerBackend: Shutting down all executors
[2026-04-06T16:07:24.908+0000] {subprocess.py:93} INFO - 26/04/06 16:07:24 INFO StandaloneSchedulerBackend$StandaloneDriverEndpoint: Asking each executor to shut down
[2026-04-06T16:07:24.916+0000] {subprocess.py:93} INFO - 26/04/06 16:07:24 INFO MapOutputTrackerMasterEndpoint: MapOutputTrackerMasterEndpoint stopped!
[2026-04-06T16:07:24.928+0000] {subprocess.py:93} INFO - 26/04/06 16:07:24 INFO MemoryStore: MemoryStore cleared
[2026-04-06T16:07:24.928+0000] {subprocess.py:93} INFO - 26/04/06 16:07:24 INFO BlockManager: BlockManager stopped
[2026-04-06T16:07:24.930+0000] {subprocess.py:93} INFO - 26/04/06 16:07:24 INFO BlockManagerMaster: BlockManagerMaster stopped
[2026-04-06T16:07:24.931+0000] {subprocess.py:93} INFO - 26/04/06 16:07:24 INFO OutputCommitCoordinator$OutputCommitCoordinatorEndpoint: OutputCommitCoordinator stopped!
[2026-04-06T16:07:25.006+0000] {subprocess.py:93} INFO - 26/04/06 16:07:25 INFO SparkContext: Successfully stopped SparkContext
[2026-04-06T16:07:25.044+0000] {subprocess.py:93} INFO - 26/04/06 16:07:25 INFO ShutdownHookManager: Shutdown hook called
[2026-04-06T16:07:25.045+0000] {subprocess.py:93} INFO - 26/04/06 16:07:25 INFO ShutdownHookManager: Deleting directory /tmp/spark-7aa5a00e-fc4c-4893-b8a8-aa18d8718e18
[2026-04-06T16:07:25.049+0000] {subprocess.py:93} INFO - 26/04/06 16:07:25 INFO ShutdownHookManager: Deleting directory /tmp/spark-460e2d14-6e79-4e14-9483-c570177ddd76/pyspark-4f24892b-e3ba-4f19-bab9-70ac3c986a51
[2026-04-06T16:07:25.054+0000] {subprocess.py:93} INFO - 26/04/06 16:07:25 INFO ShutdownHookManager: Deleting directory /tmp/spark-460e2d14-6e79-4e14-9483-c570177ddd76
[2026-04-06T16:07:25.060+0000] {subprocess.py:93} INFO - 26/04/06 16:07:25 INFO MetricsSystemImpl: Stopping s3a-file-system metrics system...
[2026-04-06T16:07:25.060+0000] {subprocess.py:93} INFO - 26/04/06 16:07:25 INFO MetricsSystemImpl: s3a-file-system metrics system stopped.
[2026-04-06T16:07:25.060+0000] {subprocess.py:93} INFO - 26/04/06 16:07:25 INFO MetricsSystemImpl: s3a-file-system metrics system shutdown complete.
[2026-04-06T16:07:25.140+0000] {subprocess.py:97} INFO - Command exited with return code 0
[2026-04-06T16:07:25.164+0000] {taskinstance.py:1149} INFO - Marking task as SUCCESS. dag_id=bronze_to_silver_and_gold, task_id=run_observations_silver, execution_date=20260406T160649, start_date=20260406T160651, end_date=20260406T160725
[2026-04-06T16:07:25.186+0000] {local_task_job_runner.py:234} INFO - Task exited with return code 0
[2026-04-06T16:07:25.203+0000] {taskinstance.py:3312} INFO - 0 downstream tasks scheduled from follow-on schedule check
