[2026-04-06T15:15:01.388+0000] {taskinstance.py:1979} INFO - Dependencies all met for dep_context=non-requeueable deps ti=<TaskInstance: bronze_to_silver_and_gold.run_encounters_silver manual__2026-04-06T15:15:00.309276+00:00 [queued]>
[2026-04-06T15:15:01.393+0000] {taskinstance.py:1979} INFO - Dependencies all met for dep_context=requeueable deps ti=<TaskInstance: bronze_to_silver_and_gold.run_encounters_silver manual__2026-04-06T15:15:00.309276+00:00 [queued]>
[2026-04-06T15:15:01.393+0000] {taskinstance.py:2193} INFO - Starting attempt 1 of 1
[2026-04-06T15:15:01.402+0000] {taskinstance.py:2217} INFO - Executing <Task(BashOperator): run_encounters_silver> on 2026-04-06 15:15:00.309276+00:00
[2026-04-06T15:15:01.407+0000] {standard_task_runner.py:60} INFO - Started process 188 to run task
[2026-04-06T15:15:01.411+0000] {standard_task_runner.py:87} INFO - Running: ['airflow', 'tasks', 'run', 'bronze_to_silver_and_gold', 'run_encounters_silver', 'manual__2026-04-06T15:15:00.309276+00:00', '--job-id', '27', '--raw', '--subdir', 'DAGS_FOLDER/bronze_to_silver_dag.py', '--cfg-path', '/tmp/tmp_5bq_oeq']
[2026-04-06T15:15:01.413+0000] {standard_task_runner.py:88} INFO - Job 27: Subtask run_encounters_silver
[2026-04-06T15:15:01.459+0000] {task_command.py:423} INFO - Running <TaskInstance: bronze_to_silver_and_gold.run_encounters_silver manual__2026-04-06T15:15:00.309276+00:00 [running]> on host 7c36fe5f1e47
[2026-04-06T15:15:01.526+0000] {taskinstance.py:2513} INFO - Exporting env vars: AIRFLOW_CTX_DAG_OWNER='airflow' AIRFLOW_CTX_DAG_ID='bronze_to_silver_and_gold' AIRFLOW_CTX_TASK_ID='run_encounters_silver' AIRFLOW_CTX_EXECUTION_DATE='2026-04-06T15:15:00.309276+00:00' AIRFLOW_CTX_TRY_NUMBER='1' AIRFLOW_CTX_DAG_RUN_ID='manual__2026-04-06T15:15:00.309276+00:00'
[2026-04-06T15:15:01.527+0000] {subprocess.py:63} INFO - Tmp dir root location: /tmp
[2026-04-06T15:15:01.528+0000] {subprocess.py:75} INFO - Running command: ['/usr/bin/bash', '-c', '\n/opt/spark/bin/spark-submit \\\n  --master spark://spark-master:7077 \\\n  --packages org.apache.hadoop:hadoop-aws:3.3.4,com.amazonaws:aws-java-sdk-bundle:1.12.262 \\\n  --conf spark.hadoop.fs.s3a.endpoint=http://minio:9000 \\\n  --conf spark.hadoop.fs.s3a.access.key=minioadmin \\\n  --conf spark.hadoop.fs.s3a.secret.key=minioadmin \\\n  --conf spark.hadoop.fs.s3a.path.style.access=true \\\n  --conf spark.hadoop.fs.s3a.impl=org.apache.hadoop.fs.s3a.S3AFileSystem \\\n  /opt/airflow/spark/jobs/bronze_to_silver_encounters.py']
[2026-04-06T15:15:01.536+0000] {subprocess.py:86} INFO - Output:
[2026-04-06T15:15:03.247+0000] {subprocess.py:93} INFO - :: loading settings :: url = jar:file:/opt/spark-3.5.6-bin-hadoop3/jars/ivy-2.5.1.jar!/org/apache/ivy/core/settings/ivysettings.xml
[2026-04-06T15:15:03.326+0000] {subprocess.py:93} INFO - Ivy Default Cache set to: /home/airflow/.ivy2/cache
[2026-04-06T15:15:03.327+0000] {subprocess.py:93} INFO - The jars for the packages stored in: /home/airflow/.ivy2/jars
[2026-04-06T15:15:03.329+0000] {subprocess.py:93} INFO - org.apache.hadoop#hadoop-aws added as a dependency
[2026-04-06T15:15:03.330+0000] {subprocess.py:93} INFO - com.amazonaws#aws-java-sdk-bundle added as a dependency
[2026-04-06T15:15:03.330+0000] {subprocess.py:93} INFO - :: resolving dependencies :: org.apache.spark#spark-submit-parent-fb512675-11fc-4119-b46e-7ce6c5730633;1.0
[2026-04-06T15:15:03.330+0000] {subprocess.py:93} INFO - 	confs: [default]
[2026-04-06T15:15:03.483+0000] {subprocess.py:93} INFO - 	found org.apache.hadoop#hadoop-aws;3.3.4 in central
[2026-04-06T15:15:03.508+0000] {subprocess.py:93} INFO - 	found com.amazonaws#aws-java-sdk-bundle;1.12.262 in central
[2026-04-06T15:15:03.546+0000] {subprocess.py:93} INFO - 	found org.wildfly.openssl#wildfly-openssl;1.0.7.Final in central
[2026-04-06T15:15:03.571+0000] {subprocess.py:93} INFO - :: resolution report :: resolve 229ms :: artifacts dl 11ms
[2026-04-06T15:15:03.571+0000] {subprocess.py:93} INFO - 	:: modules in use:
[2026-04-06T15:15:03.572+0000] {subprocess.py:93} INFO - 	com.amazonaws#aws-java-sdk-bundle;1.12.262 from central in [default]
[2026-04-06T15:15:03.572+0000] {subprocess.py:93} INFO - 	org.apache.hadoop#hadoop-aws;3.3.4 from central in [default]
[2026-04-06T15:15:03.573+0000] {subprocess.py:93} INFO - 	org.wildfly.openssl#wildfly-openssl;1.0.7.Final from central in [default]
[2026-04-06T15:15:03.573+0000] {subprocess.py:93} INFO - 	---------------------------------------------------------------------
[2026-04-06T15:15:03.574+0000] {subprocess.py:93} INFO - 	|                  |            modules            ||   artifacts   |
[2026-04-06T15:15:03.575+0000] {subprocess.py:93} INFO - 	|       conf       | number| search|dwnlded|evicted|| number|dwnlded|
[2026-04-06T15:15:03.575+0000] {subprocess.py:93} INFO - 	---------------------------------------------------------------------
[2026-04-06T15:15:03.576+0000] {subprocess.py:93} INFO - 	|      default     |   3   |   0   |   0   |   0   ||   3   |   0   |
[2026-04-06T15:15:03.577+0000] {subprocess.py:93} INFO - 	---------------------------------------------------------------------
[2026-04-06T15:15:03.577+0000] {subprocess.py:93} INFO - :: retrieving :: org.apache.spark#spark-submit-parent-fb512675-11fc-4119-b46e-7ce6c5730633
[2026-04-06T15:15:03.578+0000] {subprocess.py:93} INFO - 	confs: [default]
[2026-04-06T15:15:03.581+0000] {subprocess.py:93} INFO - 	0 artifacts copied, 3 already retrieved (0kB/5ms)
[2026-04-06T15:15:03.764+0000] {subprocess.py:93} INFO - 26/04/06 15:15:03 WARN NativeCodeLoader: Unable to load native-hadoop library for your platform... using builtin-java classes where applicable
[2026-04-06T15:15:04.528+0000] {subprocess.py:93} INFO - 26/04/06 15:15:04 INFO SparkContext: Running Spark version 3.5.6
[2026-04-06T15:15:04.534+0000] {subprocess.py:93} INFO - 26/04/06 15:15:04 INFO SparkContext: OS info Linux, 6.6.87.2-microsoft-standard-WSL2, amd64
[2026-04-06T15:15:04.535+0000] {subprocess.py:93} INFO - 26/04/06 15:15:04 INFO SparkContext: Java version 17.0.18
[2026-04-06T15:15:04.549+0000] {subprocess.py:93} INFO - 26/04/06 15:15:04 INFO ResourceUtils: ==============================================================
[2026-04-06T15:15:04.550+0000] {subprocess.py:93} INFO - 26/04/06 15:15:04 INFO ResourceUtils: No custom resources configured for spark.driver.
[2026-04-06T15:15:04.550+0000] {subprocess.py:93} INFO - 26/04/06 15:15:04 INFO ResourceUtils: ==============================================================
[2026-04-06T15:15:04.550+0000] {subprocess.py:93} INFO - 26/04/06 15:15:04 INFO SparkContext: Submitted application: bronze_to_silver_encounters
[2026-04-06T15:15:04.571+0000] {subprocess.py:93} INFO - 26/04/06 15:15:04 INFO ResourceProfile: Default ResourceProfile created, executor resources: Map(memory -> name: memory, amount: 1024, script: , vendor: , offHeap -> name: offHeap, amount: 0, script: , vendor: ), task resources: Map(cpus -> name: cpus, amount: 1.0)
[2026-04-06T15:15:04.576+0000] {subprocess.py:93} INFO - 26/04/06 15:15:04 INFO ResourceProfile: Limiting resource is cpu
[2026-04-06T15:15:04.577+0000] {subprocess.py:93} INFO - 26/04/06 15:15:04 INFO ResourceProfileManager: Added ResourceProfile id: 0
[2026-04-06T15:15:04.638+0000] {subprocess.py:93} INFO - 26/04/06 15:15:04 INFO SecurityManager: Changing view acls to: airflow
[2026-04-06T15:15:04.639+0000] {subprocess.py:93} INFO - 26/04/06 15:15:04 INFO SecurityManager: Changing modify acls to: airflow
[2026-04-06T15:15:04.640+0000] {subprocess.py:93} INFO - 26/04/06 15:15:04 INFO SecurityManager: Changing view acls groups to:
[2026-04-06T15:15:04.640+0000] {subprocess.py:93} INFO - 26/04/06 15:15:04 INFO SecurityManager: Changing modify acls groups to:
[2026-04-06T15:15:04.640+0000] {subprocess.py:93} INFO - 26/04/06 15:15:04 INFO SecurityManager: SecurityManager: authentication disabled; ui acls disabled; users with view permissions: airflow; groups with view permissions: EMPTY; users with modify permissions: airflow; groups with modify permissions: EMPTY
[2026-04-06T15:15:04.807+0000] {subprocess.py:93} INFO - 26/04/06 15:15:04 INFO Utils: Successfully started service 'sparkDriver' on port 34747.
[2026-04-06T15:15:04.834+0000] {subprocess.py:93} INFO - 26/04/06 15:15:04 INFO SparkEnv: Registering MapOutputTracker
[2026-04-06T15:15:04.863+0000] {subprocess.py:93} INFO - 26/04/06 15:15:04 INFO SparkEnv: Registering BlockManagerMaster
[2026-04-06T15:15:04.880+0000] {subprocess.py:93} INFO - 26/04/06 15:15:04 INFO BlockManagerMasterEndpoint: Using org.apache.spark.storage.DefaultTopologyMapper for getting topology information
[2026-04-06T15:15:04.880+0000] {subprocess.py:93} INFO - 26/04/06 15:15:04 INFO BlockManagerMasterEndpoint: BlockManagerMasterEndpoint up
[2026-04-06T15:15:04.882+0000] {subprocess.py:93} INFO - 26/04/06 15:15:04 INFO SparkEnv: Registering BlockManagerMasterHeartbeat
[2026-04-06T15:15:04.901+0000] {subprocess.py:93} INFO - 26/04/06 15:15:04 INFO DiskBlockManager: Created local directory at /tmp/blockmgr-4966512e-52cb-41be-977b-55703fb842aa
[2026-04-06T15:15:04.912+0000] {subprocess.py:93} INFO - 26/04/06 15:15:04 INFO MemoryStore: MemoryStore started with capacity 434.4 MiB
[2026-04-06T15:15:04.923+0000] {subprocess.py:93} INFO - 26/04/06 15:15:04 INFO SparkEnv: Registering OutputCommitCoordinator
[2026-04-06T15:15:05.026+0000] {subprocess.py:93} INFO - 26/04/06 15:15:05 INFO JettyUtils: Start Jetty 0.0.0.0:4040 for SparkUI
[2026-04-06T15:15:05.071+0000] {subprocess.py:93} INFO - 26/04/06 15:15:05 INFO Utils: Successfully started service 'SparkUI' on port 4040.
[2026-04-06T15:15:05.099+0000] {subprocess.py:93} INFO - 26/04/06 15:15:05 INFO SparkContext: Added JAR file:///home/airflow/.ivy2/jars/org.apache.hadoop_hadoop-aws-3.3.4.jar at spark://7c36fe5f1e47:34747/jars/org.apache.hadoop_hadoop-aws-3.3.4.jar with timestamp 1775488504523
[2026-04-06T15:15:05.100+0000] {subprocess.py:93} INFO - 26/04/06 15:15:05 INFO SparkContext: Added JAR file:///home/airflow/.ivy2/jars/com.amazonaws_aws-java-sdk-bundle-1.12.262.jar at spark://7c36fe5f1e47:34747/jars/com.amazonaws_aws-java-sdk-bundle-1.12.262.jar with timestamp 1775488504523
[2026-04-06T15:15:05.106+0000] {subprocess.py:93} INFO - 26/04/06 15:15:05 INFO SparkContext: Added JAR file:///home/airflow/.ivy2/jars/org.wildfly.openssl_wildfly-openssl-1.0.7.Final.jar at spark://7c36fe5f1e47:34747/jars/org.wildfly.openssl_wildfly-openssl-1.0.7.Final.jar with timestamp 1775488504523
[2026-04-06T15:15:05.106+0000] {subprocess.py:93} INFO - 26/04/06 15:15:05 INFO SparkContext: Added file file:///home/airflow/.ivy2/jars/org.apache.hadoop_hadoop-aws-3.3.4.jar at spark://7c36fe5f1e47:34747/files/org.apache.hadoop_hadoop-aws-3.3.4.jar with timestamp 1775488504523
[2026-04-06T15:15:05.107+0000] {subprocess.py:93} INFO - 26/04/06 15:15:05 INFO Utils: Copying /home/airflow/.ivy2/jars/org.apache.hadoop_hadoop-aws-3.3.4.jar to /tmp/spark-69b6398e-6908-4dc3-9db2-22a4ab132cf2/userFiles-8cb28894-1c93-4e26-a662-8f9cbceef313/org.apache.hadoop_hadoop-aws-3.3.4.jar
[2026-04-06T15:15:05.115+0000] {subprocess.py:93} INFO - 26/04/06 15:15:05 INFO SparkContext: Added file file:///home/airflow/.ivy2/jars/com.amazonaws_aws-java-sdk-bundle-1.12.262.jar at spark://7c36fe5f1e47:34747/files/com.amazonaws_aws-java-sdk-bundle-1.12.262.jar with timestamp 1775488504523
[2026-04-06T15:15:05.116+0000] {subprocess.py:93} INFO - 26/04/06 15:15:05 INFO Utils: Copying /home/airflow/.ivy2/jars/com.amazonaws_aws-java-sdk-bundle-1.12.262.jar to /tmp/spark-69b6398e-6908-4dc3-9db2-22a4ab132cf2/userFiles-8cb28894-1c93-4e26-a662-8f9cbceef313/com.amazonaws_aws-java-sdk-bundle-1.12.262.jar
[2026-04-06T15:15:06.014+0000] {subprocess.py:93} INFO - 26/04/06 15:15:06 INFO SparkContext: Added file file:///home/airflow/.ivy2/jars/org.wildfly.openssl_wildfly-openssl-1.0.7.Final.jar at spark://7c36fe5f1e47:34747/files/org.wildfly.openssl_wildfly-openssl-1.0.7.Final.jar with timestamp 1775488504523
[2026-04-06T15:15:06.015+0000] {subprocess.py:93} INFO - 26/04/06 15:15:06 INFO Utils: Copying /home/airflow/.ivy2/jars/org.wildfly.openssl_wildfly-openssl-1.0.7.Final.jar to /tmp/spark-69b6398e-6908-4dc3-9db2-22a4ab132cf2/userFiles-8cb28894-1c93-4e26-a662-8f9cbceef313/org.wildfly.openssl_wildfly-openssl-1.0.7.Final.jar
[2026-04-06T15:15:06.072+0000] {subprocess.py:93} INFO - 26/04/06 15:15:06 INFO StandaloneAppClient$ClientEndpoint: Connecting to master spark://spark-master:7077...
[2026-04-06T15:15:06.100+0000] {subprocess.py:93} INFO - 26/04/06 15:15:06 INFO TransportClientFactory: Successfully created connection to spark-master/172.18.0.2:7077 after 15 ms (0 ms spent in bootstraps)
[2026-04-06T15:15:06.234+0000] {subprocess.py:93} INFO - 26/04/06 15:15:06 INFO StandaloneSchedulerBackend: Connected to Spark cluster with app ID app-20260406151506-0002
[2026-04-06T15:15:06.241+0000] {subprocess.py:93} INFO - 26/04/06 15:15:06 INFO Utils: Successfully started service 'org.apache.spark.network.netty.NettyBlockTransferService' on port 34873.
[2026-04-06T15:15:06.242+0000] {subprocess.py:93} INFO - 26/04/06 15:15:06 INFO NettyBlockTransferService: Server created on 7c36fe5f1e47:34873
[2026-04-06T15:15:06.243+0000] {subprocess.py:93} INFO - 26/04/06 15:15:06 INFO BlockManager: Using org.apache.spark.storage.RandomBlockReplicationPolicy for block replication policy
[2026-04-06T15:15:06.249+0000] {subprocess.py:93} INFO - 26/04/06 15:15:06 INFO BlockManagerMaster: Registering BlockManager BlockManagerId(driver, 7c36fe5f1e47, 34873, None)
[2026-04-06T15:15:06.251+0000] {subprocess.py:93} INFO - 26/04/06 15:15:06 INFO BlockManagerMasterEndpoint: Registering block manager 7c36fe5f1e47:34873 with 434.4 MiB RAM, BlockManagerId(driver, 7c36fe5f1e47, 34873, None)
[2026-04-06T15:15:06.253+0000] {subprocess.py:93} INFO - 26/04/06 15:15:06 INFO BlockManagerMaster: Registered BlockManager BlockManagerId(driver, 7c36fe5f1e47, 34873, None)
[2026-04-06T15:15:06.254+0000] {subprocess.py:93} INFO - 26/04/06 15:15:06 INFO BlockManager: Initialized BlockManager: BlockManagerId(driver, 7c36fe5f1e47, 34873, None)
[2026-04-06T15:15:06.416+0000] {subprocess.py:93} INFO - 26/04/06 15:15:06 INFO StandaloneSchedulerBackend: SchedulerBackend is ready for scheduling beginning after reached minRegisteredResourcesRatio: 0.0
[2026-04-06T15:15:06.577+0000] {subprocess.py:93} INFO - 26/04/06 15:15:06 INFO SharedState: Setting hive.metastore.warehouse.dir ('null') to the value of spark.sql.warehouse.dir.
[2026-04-06T15:15:06.579+0000] {subprocess.py:93} INFO - 26/04/06 15:15:06 INFO SharedState: Warehouse path is 'file:/tmp/airflowtmp_2oh3et6/spark-warehouse'.
[2026-04-06T15:15:07.353+0000] {subprocess.py:93} INFO - 26/04/06 15:15:07 WARN MetricsConfig: Cannot locate configuration: tried hadoop-metrics2-s3a-file-system.properties,hadoop-metrics2.properties
[2026-04-06T15:15:07.361+0000] {subprocess.py:93} INFO - 26/04/06 15:15:07 INFO MetricsSystemImpl: Scheduled Metric snapshot period at 10 second(s).
[2026-04-06T15:15:07.362+0000] {subprocess.py:93} INFO - 26/04/06 15:15:07 INFO MetricsSystemImpl: s3a-file-system metrics system started
[2026-04-06T15:15:08.151+0000] {subprocess.py:93} INFO - 26/04/06 15:15:08 INFO InMemoryFileIndex: It took 66 ms to list leaf files for 1 paths.
[2026-04-06T15:15:08.232+0000] {subprocess.py:93} INFO - 26/04/06 15:15:08 INFO InMemoryFileIndex: It took 17 ms to list leaf files for 1 paths.
[2026-04-06T15:15:09.756+0000] {subprocess.py:93} INFO - 26/04/06 15:15:09 INFO FileSourceStrategy: Pushed Filters:
[2026-04-06T15:15:09.758+0000] {subprocess.py:93} INFO - 26/04/06 15:15:09 INFO FileSourceStrategy: Post-Scan Filters: (length(trim(value#0, None)) > 0)
[2026-04-06T15:15:10.113+0000] {subprocess.py:93} INFO - 26/04/06 15:15:10 INFO CodeGenerator: Code generated in 141.999818 ms
[2026-04-06T15:15:10.150+0000] {subprocess.py:93} INFO - 26/04/06 15:15:10 INFO MemoryStore: Block broadcast_0 stored as values in memory (estimated size 203.2 KiB, free 434.2 MiB)
[2026-04-06T15:15:10.196+0000] {subprocess.py:93} INFO - 26/04/06 15:15:10 INFO MemoryStore: Block broadcast_0_piece0 stored as bytes in memory (estimated size 35.2 KiB, free 434.2 MiB)
[2026-04-06T15:15:10.198+0000] {subprocess.py:93} INFO - 26/04/06 15:15:10 INFO BlockManagerInfo: Added broadcast_0_piece0 in memory on 7c36fe5f1e47:34873 (size: 35.2 KiB, free: 434.4 MiB)
[2026-04-06T15:15:10.206+0000] {subprocess.py:93} INFO - 26/04/06 15:15:10 INFO SparkContext: Created broadcast 0 from csv at NativeMethodAccessorImpl.java:0
[2026-04-06T15:15:10.216+0000] {subprocess.py:93} INFO - 26/04/06 15:15:10 INFO FileSourceScanExec: Planning scan with bin packing, max size: 4194304 bytes, open cost is considered as scanning 4194304 bytes.
[2026-04-06T15:15:10.288+0000] {subprocess.py:93} INFO - 26/04/06 15:15:10 INFO SparkContext: Starting job: csv at NativeMethodAccessorImpl.java:0
[2026-04-06T15:15:10.300+0000] {subprocess.py:93} INFO - 26/04/06 15:15:10 INFO DAGScheduler: Got job 0 (csv at NativeMethodAccessorImpl.java:0) with 1 output partitions
[2026-04-06T15:15:10.300+0000] {subprocess.py:93} INFO - 26/04/06 15:15:10 INFO DAGScheduler: Final stage: ResultStage 0 (csv at NativeMethodAccessorImpl.java:0)
[2026-04-06T15:15:10.301+0000] {subprocess.py:93} INFO - 26/04/06 15:15:10 INFO DAGScheduler: Parents of final stage: List()
[2026-04-06T15:15:10.301+0000] {subprocess.py:93} INFO - 26/04/06 15:15:10 INFO DAGScheduler: Missing parents: List()
[2026-04-06T15:15:10.303+0000] {subprocess.py:93} INFO - 26/04/06 15:15:10 INFO DAGScheduler: Submitting ResultStage 0 (MapPartitionsRDD[3] at csv at NativeMethodAccessorImpl.java:0), which has no missing parents
[2026-04-06T15:15:10.360+0000] {subprocess.py:93} INFO - 26/04/06 15:15:10 INFO MemoryStore: Block broadcast_1 stored as values in memory (estimated size 13.5 KiB, free 434.2 MiB)
[2026-04-06T15:15:10.367+0000] {subprocess.py:93} INFO - 26/04/06 15:15:10 INFO MemoryStore: Block broadcast_1_piece0 stored as bytes in memory (estimated size 6.4 KiB, free 434.1 MiB)
[2026-04-06T15:15:10.368+0000] {subprocess.py:93} INFO - 26/04/06 15:15:10 INFO BlockManagerInfo: Added broadcast_1_piece0 in memory on 7c36fe5f1e47:34873 (size: 6.4 KiB, free: 434.4 MiB)
[2026-04-06T15:15:10.378+0000] {subprocess.py:93} INFO - 26/04/06 15:15:10 INFO SparkContext: Created broadcast 1 from broadcast at DAGScheduler.scala:1611
[2026-04-06T15:15:10.394+0000] {subprocess.py:93} INFO - 26/04/06 15:15:10 INFO DAGScheduler: Submitting 1 missing tasks from ResultStage 0 (MapPartitionsRDD[3] at csv at NativeMethodAccessorImpl.java:0) (first 15 tasks are for partitions Vector(0))
[2026-04-06T15:15:10.395+0000] {subprocess.py:93} INFO - 26/04/06 15:15:10 INFO TaskSchedulerImpl: Adding task set 0.0 with 1 tasks resource profile 0
[2026-04-06T15:15:23.353+0000] {subprocess.py:93} INFO - 26/04/06 15:15:23 INFO StandaloneAppClient$ClientEndpoint: Executor added: app-20260406151506-0002/0 on worker-20260406151442-172.18.0.6-34727 (172.18.0.6:34727) with 16 core(s)
[2026-04-06T15:15:23.354+0000] {subprocess.py:93} INFO - 26/04/06 15:15:23 INFO StandaloneSchedulerBackend: Granted executor ID app-20260406151506-0002/0 on hostPort 172.18.0.6:34727 with 16 core(s), 1024.0 MiB RAM
[2026-04-06T15:15:23.383+0000] {subprocess.py:93} INFO - 26/04/06 15:15:23 INFO StandaloneAppClient$ClientEndpoint: Executor updated: app-20260406151506-0002/0 is now RUNNING
[2026-04-06T15:15:24.756+0000] {subprocess.py:93} INFO - 26/04/06 15:15:24 INFO StandaloneSchedulerBackend$StandaloneDriverEndpoint: Registered executor NettyRpcEndpointRef(spark-client://Executor) (172.18.0.6:58496) with ID 0,  ResourceProfileId 0
[2026-04-06T15:15:24.795+0000] {subprocess.py:93} INFO - 26/04/06 15:15:24 INFO BlockManagerMasterEndpoint: Registering block manager 172.18.0.6:44515 with 434.4 MiB RAM, BlockManagerId(0, 172.18.0.6, 44515, None)
[2026-04-06T15:15:26.652+0000] {subprocess.py:93} INFO - 26/04/06 15:15:26 INFO TaskSetManager: Starting task 0.0 in stage 0.0 (TID 0) (172.18.0.6, executor 0, partition 0, PROCESS_LOCAL, 10344 bytes)
[2026-04-06T15:15:26.782+0000] {subprocess.py:93} INFO - 26/04/06 15:15:26 INFO BlockManagerInfo: Added broadcast_1_piece0 in memory on 172.18.0.6:44515 (size: 6.4 KiB, free: 434.4 MiB)
[2026-04-06T15:15:27.300+0000] {subprocess.py:93} INFO - 26/04/06 15:15:27 INFO BlockManagerInfo: Added broadcast_0_piece0 in memory on 172.18.0.6:44515 (size: 35.2 KiB, free: 434.4 MiB)
[2026-04-06T15:15:28.026+0000] {subprocess.py:93} INFO - 26/04/06 15:15:28 INFO TaskSetManager: Finished task 0.0 in stage 0.0 (TID 0) in 1379 ms on 172.18.0.6 (executor 0) (1/1)
[2026-04-06T15:15:28.027+0000] {subprocess.py:93} INFO - 26/04/06 15:15:28 INFO TaskSchedulerImpl: Removed TaskSet 0.0, whose tasks have all completed, from pool
[2026-04-06T15:15:28.030+0000] {subprocess.py:93} INFO - 26/04/06 15:15:28 INFO DAGScheduler: ResultStage 0 (csv at NativeMethodAccessorImpl.java:0) finished in 17.717 s
[2026-04-06T15:15:28.031+0000] {subprocess.py:93} INFO - 26/04/06 15:15:28 INFO DAGScheduler: Job 0 is finished. Cancelling potential speculative or zombie tasks for this job
[2026-04-06T15:15:28.031+0000] {subprocess.py:93} INFO - 26/04/06 15:15:28 INFO TaskSchedulerImpl: Killing all running tasks in stage 0: Stage finished
[2026-04-06T15:15:28.032+0000] {subprocess.py:93} INFO - 26/04/06 15:15:28 INFO DAGScheduler: Job 0 finished: csv at NativeMethodAccessorImpl.java:0, took 17.745311 s
[2026-04-06T15:15:28.046+0000] {subprocess.py:93} INFO - 26/04/06 15:15:28 INFO CodeGenerator: Code generated in 7.59268 ms
[2026-04-06T15:15:28.077+0000] {subprocess.py:93} INFO - 26/04/06 15:15:28 INFO BlockManagerInfo: Removed broadcast_1_piece0 on 7c36fe5f1e47:34873 in memory (size: 6.4 KiB, free: 434.4 MiB)
[2026-04-06T15:15:28.081+0000] {subprocess.py:93} INFO - 26/04/06 15:15:28 INFO BlockManagerInfo: Removed broadcast_1_piece0 on 172.18.0.6:44515 in memory (size: 6.4 KiB, free: 434.4 MiB)
[2026-04-06T15:15:28.085+0000] {subprocess.py:93} INFO - 26/04/06 15:15:28 INFO FileSourceStrategy: Pushed Filters:
[2026-04-06T15:15:28.085+0000] {subprocess.py:93} INFO - 26/04/06 15:15:28 INFO FileSourceStrategy: Post-Scan Filters:
[2026-04-06T15:15:28.087+0000] {subprocess.py:93} INFO - 26/04/06 15:15:28 INFO MemoryStore: Block broadcast_2 stored as values in memory (estimated size 203.2 KiB, free 434.0 MiB)
[2026-04-06T15:15:28.096+0000] {subprocess.py:93} INFO - 26/04/06 15:15:28 INFO MemoryStore: Block broadcast_2_piece0 stored as bytes in memory (estimated size 35.2 KiB, free 433.9 MiB)
[2026-04-06T15:15:28.097+0000] {subprocess.py:93} INFO - 26/04/06 15:15:28 INFO BlockManagerInfo: Added broadcast_2_piece0 in memory on 7c36fe5f1e47:34873 (size: 35.2 KiB, free: 434.3 MiB)
[2026-04-06T15:15:28.098+0000] {subprocess.py:93} INFO - 26/04/06 15:15:28 INFO SparkContext: Created broadcast 2 from csv at NativeMethodAccessorImpl.java:0
[2026-04-06T15:15:28.099+0000] {subprocess.py:93} INFO - 26/04/06 15:15:28 INFO FileSourceScanExec: Planning scan with bin packing, max size: 4194304 bytes, open cost is considered as scanning 4194304 bytes.
[2026-04-06T15:15:28.138+0000] {subprocess.py:93} INFO - 26/04/06 15:15:28 INFO SparkContext: Starting job: csv at NativeMethodAccessorImpl.java:0
[2026-04-06T15:15:28.142+0000] {subprocess.py:93} INFO - 26/04/06 15:15:28 INFO DAGScheduler: Got job 1 (csv at NativeMethodAccessorImpl.java:0) with 1 output partitions
[2026-04-06T15:15:28.142+0000] {subprocess.py:93} INFO - 26/04/06 15:15:28 INFO DAGScheduler: Final stage: ResultStage 1 (csv at NativeMethodAccessorImpl.java:0)
[2026-04-06T15:15:28.142+0000] {subprocess.py:93} INFO - 26/04/06 15:15:28 INFO DAGScheduler: Parents of final stage: List()
[2026-04-06T15:15:28.143+0000] {subprocess.py:93} INFO - 26/04/06 15:15:28 INFO DAGScheduler: Missing parents: List()
[2026-04-06T15:15:28.143+0000] {subprocess.py:93} INFO - 26/04/06 15:15:28 INFO DAGScheduler: Submitting ResultStage 1 (MapPartitionsRDD[9] at csv at NativeMethodAccessorImpl.java:0), which has no missing parents
[2026-04-06T15:15:28.149+0000] {subprocess.py:93} INFO - 26/04/06 15:15:28 INFO MemoryStore: Block broadcast_3 stored as values in memory (estimated size 29.4 KiB, free 433.9 MiB)
[2026-04-06T15:15:28.154+0000] {subprocess.py:93} INFO - 26/04/06 15:15:28 INFO MemoryStore: Block broadcast_3_piece0 stored as bytes in memory (estimated size 13.2 KiB, free 433.9 MiB)
[2026-04-06T15:15:28.155+0000] {subprocess.py:93} INFO - 26/04/06 15:15:28 INFO BlockManagerInfo: Added broadcast_3_piece0 in memory on 7c36fe5f1e47:34873 (size: 13.2 KiB, free: 434.3 MiB)
[2026-04-06T15:15:28.155+0000] {subprocess.py:93} INFO - 26/04/06 15:15:28 INFO SparkContext: Created broadcast 3 from broadcast at DAGScheduler.scala:1611
[2026-04-06T15:15:28.155+0000] {subprocess.py:93} INFO - 26/04/06 15:15:28 INFO DAGScheduler: Submitting 1 missing tasks from ResultStage 1 (MapPartitionsRDD[9] at csv at NativeMethodAccessorImpl.java:0) (first 15 tasks are for partitions Vector(0))
[2026-04-06T15:15:28.156+0000] {subprocess.py:93} INFO - 26/04/06 15:15:28 INFO TaskSchedulerImpl: Adding task set 1.0 with 1 tasks resource profile 0
[2026-04-06T15:15:28.157+0000] {subprocess.py:93} INFO - 26/04/06 15:15:28 INFO TaskSetManager: Starting task 0.0 in stage 1.0 (TID 1) (172.18.0.6, executor 0, partition 0, PROCESS_LOCAL, 10344 bytes)
[2026-04-06T15:15:28.181+0000] {subprocess.py:93} INFO - 26/04/06 15:15:28 INFO BlockManagerInfo: Added broadcast_3_piece0 in memory on 172.18.0.6:44515 (size: 13.2 KiB, free: 434.4 MiB)
[2026-04-06T15:15:28.733+0000] {subprocess.py:93} INFO - 26/04/06 15:15:28 INFO BlockManagerInfo: Added broadcast_2_piece0 in memory on 172.18.0.6:44515 (size: 35.2 KiB, free: 434.3 MiB)
[2026-04-06T15:15:29.020+0000] {subprocess.py:93} INFO - 26/04/06 15:15:29 INFO TaskSetManager: Finished task 0.0 in stage 1.0 (TID 1) in 864 ms on 172.18.0.6 (executor 0) (1/1)
[2026-04-06T15:15:29.021+0000] {subprocess.py:93} INFO - 26/04/06 15:15:29 INFO TaskSchedulerImpl: Removed TaskSet 1.0, whose tasks have all completed, from pool
[2026-04-06T15:15:29.021+0000] {subprocess.py:93} INFO - 26/04/06 15:15:29 INFO DAGScheduler: ResultStage 1 (csv at NativeMethodAccessorImpl.java:0) finished in 0.881 s
[2026-04-06T15:15:29.022+0000] {subprocess.py:93} INFO - 26/04/06 15:15:29 INFO DAGScheduler: Job 1 is finished. Cancelling potential speculative or zombie tasks for this job
[2026-04-06T15:15:29.022+0000] {subprocess.py:93} INFO - 26/04/06 15:15:29 INFO TaskSchedulerImpl: Killing all running tasks in stage 1: Stage finished
[2026-04-06T15:15:29.022+0000] {subprocess.py:93} INFO - 26/04/06 15:15:29 INFO DAGScheduler: Job 1 finished: csv at NativeMethodAccessorImpl.java:0, took 0.884011 s
[2026-04-06T15:15:29.194+0000] {subprocess.py:93} INFO - 26/04/06 15:15:29 INFO FileSourceStrategy: Pushed Filters:
[2026-04-06T15:15:29.194+0000] {subprocess.py:93} INFO - 26/04/06 15:15:29 INFO FileSourceStrategy: Post-Scan Filters: isnotnull(trim(encounter_id#17, None))
[2026-04-06T15:15:29.274+0000] {subprocess.py:93} INFO - 26/04/06 15:15:29 INFO CodeGenerator: Code generated in 22.156033 ms
[2026-04-06T15:15:29.276+0000] {subprocess.py:93} INFO - 26/04/06 15:15:29 INFO MemoryStore: Block broadcast_4 stored as values in memory (estimated size 203.1 KiB, free 433.7 MiB)
[2026-04-06T15:15:29.284+0000] {subprocess.py:93} INFO - 26/04/06 15:15:29 INFO BlockManagerInfo: Removed broadcast_3_piece0 on 7c36fe5f1e47:34873 in memory (size: 13.2 KiB, free: 434.3 MiB)
[2026-04-06T15:15:29.285+0000] {subprocess.py:93} INFO - 26/04/06 15:15:29 INFO MemoryStore: Block broadcast_4_piece0 stored as bytes in memory (estimated size 35.2 KiB, free 433.7 MiB)
[2026-04-06T15:15:29.286+0000] {subprocess.py:93} INFO - 26/04/06 15:15:29 INFO BlockManagerInfo: Added broadcast_4_piece0 in memory on 7c36fe5f1e47:34873 (size: 35.2 KiB, free: 434.3 MiB)
[2026-04-06T15:15:29.287+0000] {subprocess.py:93} INFO - 26/04/06 15:15:29 INFO BlockManagerInfo: Removed broadcast_3_piece0 on 172.18.0.6:44515 in memory (size: 13.2 KiB, free: 434.3 MiB)
[2026-04-06T15:15:29.287+0000] {subprocess.py:93} INFO - 26/04/06 15:15:29 INFO SparkContext: Created broadcast 4 from parquet at NativeMethodAccessorImpl.java:0
[2026-04-06T15:15:29.291+0000] {subprocess.py:93} INFO - 26/04/06 15:15:29 INFO FileSourceScanExec: Planning scan with bin packing, max size: 4194304 bytes, open cost is considered as scanning 4194304 bytes.
[2026-04-06T15:15:29.312+0000] {subprocess.py:93} INFO - 26/04/06 15:15:29 INFO DAGScheduler: Registering RDD 14 (parquet at NativeMethodAccessorImpl.java:0) as input to shuffle 0
[2026-04-06T15:15:29.314+0000] {subprocess.py:93} INFO - 26/04/06 15:15:29 INFO DAGScheduler: Got map stage job 2 (parquet at NativeMethodAccessorImpl.java:0) with 1 output partitions
[2026-04-06T15:15:29.314+0000] {subprocess.py:93} INFO - 26/04/06 15:15:29 INFO DAGScheduler: Final stage: ShuffleMapStage 2 (parquet at NativeMethodAccessorImpl.java:0)
[2026-04-06T15:15:29.315+0000] {subprocess.py:93} INFO - 26/04/06 15:15:29 INFO DAGScheduler: Parents of final stage: List()
[2026-04-06T15:15:29.315+0000] {subprocess.py:93} INFO - 26/04/06 15:15:29 INFO DAGScheduler: Missing parents: List()
[2026-04-06T15:15:29.316+0000] {subprocess.py:93} INFO - 26/04/06 15:15:29 INFO DAGScheduler: Submitting ShuffleMapStage 2 (MapPartitionsRDD[14] at parquet at NativeMethodAccessorImpl.java:0), which has no missing parents
[2026-04-06T15:15:29.324+0000] {subprocess.py:93} INFO - 26/04/06 15:15:29 INFO MemoryStore: Block broadcast_5 stored as values in memory (estimated size 39.0 KiB, free 433.7 MiB)
[2026-04-06T15:15:29.328+0000] {subprocess.py:93} INFO - 26/04/06 15:15:29 INFO MemoryStore: Block broadcast_5_piece0 stored as bytes in memory (estimated size 17.6 KiB, free 433.6 MiB)
[2026-04-06T15:15:29.329+0000] {subprocess.py:93} INFO - 26/04/06 15:15:29 INFO BlockManagerInfo: Added broadcast_5_piece0 in memory on 7c36fe5f1e47:34873 (size: 17.6 KiB, free: 434.3 MiB)
[2026-04-06T15:15:29.333+0000] {subprocess.py:93} INFO - 26/04/06 15:15:29 INFO BlockManagerInfo: Removed broadcast_2_piece0 on 7c36fe5f1e47:34873 in memory (size: 35.2 KiB, free: 434.3 MiB)
[2026-04-06T15:15:29.333+0000] {subprocess.py:93} INFO - 26/04/06 15:15:29 INFO SparkContext: Created broadcast 5 from broadcast at DAGScheduler.scala:1611
[2026-04-06T15:15:29.334+0000] {subprocess.py:93} INFO - 26/04/06 15:15:29 INFO DAGScheduler: Submitting 1 missing tasks from ShuffleMapStage 2 (MapPartitionsRDD[14] at parquet at NativeMethodAccessorImpl.java:0) (first 15 tasks are for partitions Vector(0))
[2026-04-06T15:15:29.334+0000] {subprocess.py:93} INFO - 26/04/06 15:15:29 INFO TaskSchedulerImpl: Adding task set 2.0 with 1 tasks resource profile 0
[2026-04-06T15:15:29.334+0000] {subprocess.py:93} INFO - 26/04/06 15:15:29 INFO BlockManagerInfo: Removed broadcast_2_piece0 on 172.18.0.6:44515 in memory (size: 35.2 KiB, free: 434.4 MiB)
[2026-04-06T15:15:29.335+0000] {subprocess.py:93} INFO - 26/04/06 15:15:29 INFO TaskSetManager: Starting task 0.0 in stage 2.0 (TID 2) (172.18.0.6, executor 0, partition 0, PROCESS_LOCAL, 10333 bytes)
[2026-04-06T15:15:29.345+0000] {subprocess.py:93} INFO - 26/04/06 15:15:29 INFO BlockManagerInfo: Removed broadcast_0_piece0 on 7c36fe5f1e47:34873 in memory (size: 35.2 KiB, free: 434.3 MiB)
[2026-04-06T15:15:29.348+0000] {subprocess.py:93} INFO - 26/04/06 15:15:29 INFO BlockManagerInfo: Removed broadcast_0_piece0 on 172.18.0.6:44515 in memory (size: 35.2 KiB, free: 434.4 MiB)
[2026-04-06T15:15:29.350+0000] {subprocess.py:93} INFO - 26/04/06 15:15:29 INFO BlockManagerInfo: Added broadcast_5_piece0 in memory on 172.18.0.6:44515 (size: 17.6 KiB, free: 434.4 MiB)
[2026-04-06T15:15:29.484+0000] {subprocess.py:93} INFO - 26/04/06 15:15:29 INFO BlockManagerInfo: Added broadcast_4_piece0 in memory on 172.18.0.6:44515 (size: 35.2 KiB, free: 434.3 MiB)
[2026-04-06T15:15:29.766+0000] {subprocess.py:93} INFO - 26/04/06 15:15:29 INFO TaskSetManager: Finished task 0.0 in stage 2.0 (TID 2) in 434 ms on 172.18.0.6 (executor 0) (1/1)
[2026-04-06T15:15:29.767+0000] {subprocess.py:93} INFO - 26/04/06 15:15:29 INFO TaskSchedulerImpl: Removed TaskSet 2.0, whose tasks have all completed, from pool
[2026-04-06T15:15:29.768+0000] {subprocess.py:93} INFO - 26/04/06 15:15:29 INFO DAGScheduler: ShuffleMapStage 2 (parquet at NativeMethodAccessorImpl.java:0) finished in 0.451 s
[2026-04-06T15:15:29.768+0000] {subprocess.py:93} INFO - 26/04/06 15:15:29 INFO DAGScheduler: looking for newly runnable stages
[2026-04-06T15:15:29.768+0000] {subprocess.py:93} INFO - 26/04/06 15:15:29 INFO DAGScheduler: running: Set()
[2026-04-06T15:15:29.769+0000] {subprocess.py:93} INFO - 26/04/06 15:15:29 INFO DAGScheduler: waiting: Set()
[2026-04-06T15:15:29.769+0000] {subprocess.py:93} INFO - 26/04/06 15:15:29 INFO DAGScheduler: failed: Set()
[2026-04-06T15:15:29.780+0000] {subprocess.py:93} INFO - 26/04/06 15:15:29 INFO ShufflePartitionsUtil: For shuffle(0), advisory target size: 67108864, actual target size 1048576, minimum partition size: 1048576
[2026-04-06T15:15:29.879+0000] {subprocess.py:93} INFO - 26/04/06 15:15:29 INFO ParquetUtils: Using default output committer for Parquet: org.apache.parquet.hadoop.ParquetOutputCommitter
[2026-04-06T15:15:29.892+0000] {subprocess.py:93} INFO - 26/04/06 15:15:29 INFO FileOutputCommitter: File Output Committer Algorithm version is 1
[2026-04-06T15:15:29.892+0000] {subprocess.py:93} INFO - 26/04/06 15:15:29 INFO FileOutputCommitter: FileOutputCommitter skip cleanup _temporary folders under output directory:false, ignore cleanup failures: false
[2026-04-06T15:15:29.892+0000] {subprocess.py:93} INFO - 26/04/06 15:15:29 INFO SQLHadoopMapReduceCommitProtocol: Using user defined output committer class org.apache.parquet.hadoop.ParquetOutputCommitter
[2026-04-06T15:15:29.893+0000] {subprocess.py:93} INFO - 26/04/06 15:15:29 INFO FileOutputCommitter: File Output Committer Algorithm version is 1
[2026-04-06T15:15:29.893+0000] {subprocess.py:93} INFO - 26/04/06 15:15:29 INFO FileOutputCommitter: FileOutputCommitter skip cleanup _temporary folders under output directory:false, ignore cleanup failures: false
[2026-04-06T15:15:29.893+0000] {subprocess.py:93} INFO - 26/04/06 15:15:29 INFO SQLHadoopMapReduceCommitProtocol: Using output committer class org.apache.parquet.hadoop.ParquetOutputCommitter
[2026-04-06T15:15:29.935+0000] {subprocess.py:93} INFO - 26/04/06 15:15:29 INFO CodeGenerator: Code generated in 9.820493 ms
[2026-04-06T15:15:29.945+0000] {subprocess.py:93} INFO - 26/04/06 15:15:29 INFO CodeGenerator: Code generated in 6.538592 ms
[2026-04-06T15:15:29.959+0000] {subprocess.py:93} INFO - 26/04/06 15:15:29 INFO SparkContext: Starting job: parquet at NativeMethodAccessorImpl.java:0
[2026-04-06T15:15:29.960+0000] {subprocess.py:93} INFO - 26/04/06 15:15:29 INFO DAGScheduler: Got job 3 (parquet at NativeMethodAccessorImpl.java:0) with 1 output partitions
[2026-04-06T15:15:29.960+0000] {subprocess.py:93} INFO - 26/04/06 15:15:29 INFO DAGScheduler: Final stage: ResultStage 4 (parquet at NativeMethodAccessorImpl.java:0)
[2026-04-06T15:15:29.960+0000] {subprocess.py:93} INFO - 26/04/06 15:15:29 INFO DAGScheduler: Parents of final stage: List(ShuffleMapStage 3)
[2026-04-06T15:15:29.961+0000] {subprocess.py:93} INFO - 26/04/06 15:15:29 INFO DAGScheduler: Missing parents: List()
[2026-04-06T15:15:29.961+0000] {subprocess.py:93} INFO - 26/04/06 15:15:29 INFO DAGScheduler: Submitting ResultStage 4 (MapPartitionsRDD[19] at parquet at NativeMethodAccessorImpl.java:0), which has no missing parents
[2026-04-06T15:15:29.985+0000] {subprocess.py:93} INFO - 26/04/06 15:15:29 INFO MemoryStore: Block broadcast_6 stored as values in memory (estimated size 255.6 KiB, free 433.9 MiB)
[2026-04-06T15:15:29.990+0000] {subprocess.py:93} INFO - 26/04/06 15:15:29 INFO MemoryStore: Block broadcast_6_piece0 stored as bytes in memory (estimated size 93.7 KiB, free 433.8 MiB)
[2026-04-06T15:15:29.990+0000] {subprocess.py:93} INFO - 26/04/06 15:15:29 INFO BlockManagerInfo: Removed broadcast_5_piece0 on 7c36fe5f1e47:34873 in memory (size: 17.6 KiB, free: 434.4 MiB)
[2026-04-06T15:15:29.991+0000] {subprocess.py:93} INFO - 26/04/06 15:15:29 INFO BlockManagerInfo: Added broadcast_6_piece0 in memory on 7c36fe5f1e47:34873 (size: 93.7 KiB, free: 434.3 MiB)
[2026-04-06T15:15:29.992+0000] {subprocess.py:93} INFO - 26/04/06 15:15:29 INFO SparkContext: Created broadcast 6 from broadcast at DAGScheduler.scala:1611
[2026-04-06T15:15:29.992+0000] {subprocess.py:93} INFO - 26/04/06 15:15:29 INFO DAGScheduler: Submitting 1 missing tasks from ResultStage 4 (MapPartitionsRDD[19] at parquet at NativeMethodAccessorImpl.java:0) (first 15 tasks are for partitions Vector(0))
[2026-04-06T15:15:29.993+0000] {subprocess.py:93} INFO - 26/04/06 15:15:29 INFO TaskSchedulerImpl: Adding task set 4.0 with 1 tasks resource profile 0
[2026-04-06T15:15:29.993+0000] {subprocess.py:93} INFO - 26/04/06 15:15:29 INFO BlockManagerInfo: Removed broadcast_5_piece0 on 172.18.0.6:44515 in memory (size: 17.6 KiB, free: 434.4 MiB)
[2026-04-06T15:15:29.995+0000] {subprocess.py:93} INFO - 26/04/06 15:15:29 INFO TaskSetManager: Starting task 0.0 in stage 4.0 (TID 3) (172.18.0.6, executor 0, partition 0, NODE_LOCAL, 9733 bytes)
[2026-04-06T15:15:30.010+0000] {subprocess.py:93} INFO - 26/04/06 15:15:30 INFO BlockManagerInfo: Added broadcast_6_piece0 in memory on 172.18.0.6:44515 (size: 93.7 KiB, free: 434.3 MiB)
[2026-04-06T15:15:30.048+0000] {subprocess.py:93} INFO - 26/04/06 15:15:30 INFO MapOutputTrackerMasterEndpoint: Asked to send map output locations for shuffle 0 to 172.18.0.6:58496
[2026-04-06T15:15:30.706+0000] {subprocess.py:93} INFO - 26/04/06 15:15:30 INFO TaskSetManager: Finished task 0.0 in stage 4.0 (TID 3) in 711 ms on 172.18.0.6 (executor 0) (1/1)
[2026-04-06T15:15:30.706+0000] {subprocess.py:93} INFO - 26/04/06 15:15:30 INFO TaskSchedulerImpl: Removed TaskSet 4.0, whose tasks have all completed, from pool
[2026-04-06T15:15:30.707+0000] {subprocess.py:93} INFO - 26/04/06 15:15:30 INFO DAGScheduler: ResultStage 4 (parquet at NativeMethodAccessorImpl.java:0) finished in 0.734 s
[2026-04-06T15:15:30.707+0000] {subprocess.py:93} INFO - 26/04/06 15:15:30 INFO DAGScheduler: Job 3 is finished. Cancelling potential speculative or zombie tasks for this job
[2026-04-06T15:15:30.707+0000] {subprocess.py:93} INFO - 26/04/06 15:15:30 INFO TaskSchedulerImpl: Killing all running tasks in stage 4: Stage finished
[2026-04-06T15:15:30.707+0000] {subprocess.py:93} INFO - 26/04/06 15:15:30 INFO DAGScheduler: Job 3 finished: parquet at NativeMethodAccessorImpl.java:0, took 0.748196 s
[2026-04-06T15:15:30.708+0000] {subprocess.py:93} INFO - 26/04/06 15:15:30 INFO FileFormatWriter: Start to commit write Job 20df33a3-5e88-4e4f-ad31-c93d6367c75b.
[2026-04-06T15:15:30.814+0000] {subprocess.py:93} INFO - 26/04/06 15:15:30 INFO FileFormatWriter: Write Job 20df33a3-5e88-4e4f-ad31-c93d6367c75b committed. Elapsed time: 104 ms.
[2026-04-06T15:15:30.815+0000] {subprocess.py:93} INFO - 26/04/06 15:15:30 INFO FileFormatWriter: Finished processing stats for write job 20df33a3-5e88-4e4f-ad31-c93d6367c75b.
[2026-04-06T15:15:30.817+0000] {subprocess.py:93} INFO - Encounters Bronze -> Silver completed successfully.
[2026-04-06T15:15:30.818+0000] {subprocess.py:93} INFO - 26/04/06 15:15:30 INFO SparkContext: SparkContext is stopping with exitCode 0.
[2026-04-06T15:15:30.824+0000] {subprocess.py:93} INFO - 26/04/06 15:15:30 INFO SparkUI: Stopped Spark web UI at http://7c36fe5f1e47:4040
[2026-04-06T15:15:30.826+0000] {subprocess.py:93} INFO - 26/04/06 15:15:30 INFO StandaloneSchedulerBackend: Shutting down all executors
[2026-04-06T15:15:30.826+0000] {subprocess.py:93} INFO - 26/04/06 15:15:30 INFO StandaloneSchedulerBackend$StandaloneDriverEndpoint: Asking each executor to shut down
[2026-04-06T15:15:30.835+0000] {subprocess.py:93} INFO - 26/04/06 15:15:30 INFO MapOutputTrackerMasterEndpoint: MapOutputTrackerMasterEndpoint stopped!
[2026-04-06T15:15:30.846+0000] {subprocess.py:93} INFO - 26/04/06 15:15:30 INFO MemoryStore: MemoryStore cleared
[2026-04-06T15:15:30.847+0000] {subprocess.py:93} INFO - 26/04/06 15:15:30 INFO BlockManager: BlockManager stopped
[2026-04-06T15:15:30.850+0000] {subprocess.py:93} INFO - 26/04/06 15:15:30 INFO BlockManagerMaster: BlockManagerMaster stopped
[2026-04-06T15:15:30.852+0000] {subprocess.py:93} INFO - 26/04/06 15:15:30 INFO OutputCommitCoordinator$OutputCommitCoordinatorEndpoint: OutputCommitCoordinator stopped!
[2026-04-06T15:15:30.931+0000] {subprocess.py:93} INFO - 26/04/06 15:15:30 INFO SparkContext: Successfully stopped SparkContext
[2026-04-06T15:15:30.982+0000] {subprocess.py:93} INFO - 26/04/06 15:15:30 INFO ShutdownHookManager: Shutdown hook called
[2026-04-06T15:15:30.982+0000] {subprocess.py:93} INFO - 26/04/06 15:15:30 INFO ShutdownHookManager: Deleting directory /tmp/spark-f042e5bb-340c-4019-b4d6-5df0b48eeb11
[2026-04-06T15:15:30.986+0000] {subprocess.py:93} INFO - 26/04/06 15:15:30 INFO ShutdownHookManager: Deleting directory /tmp/spark-69b6398e-6908-4dc3-9db2-22a4ab132cf2/pyspark-acc84d6e-72a2-4ee1-b9f6-33b997ebba1c
[2026-04-06T15:15:30.991+0000] {subprocess.py:93} INFO - 26/04/06 15:15:30 INFO ShutdownHookManager: Deleting directory /tmp/spark-69b6398e-6908-4dc3-9db2-22a4ab132cf2
[2026-04-06T15:15:30.997+0000] {subprocess.py:93} INFO - 26/04/06 15:15:30 INFO MetricsSystemImpl: Stopping s3a-file-system metrics system...
[2026-04-06T15:15:30.997+0000] {subprocess.py:93} INFO - 26/04/06 15:15:30 INFO MetricsSystemImpl: s3a-file-system metrics system stopped.
[2026-04-06T15:15:30.998+0000] {subprocess.py:93} INFO - 26/04/06 15:15:30 INFO MetricsSystemImpl: s3a-file-system metrics system shutdown complete.
[2026-04-06T15:15:31.074+0000] {subprocess.py:97} INFO - Command exited with return code 0
[2026-04-06T15:15:31.096+0000] {taskinstance.py:1149} INFO - Marking task as SUCCESS. dag_id=bronze_to_silver_and_gold, task_id=run_encounters_silver, execution_date=20260406T151500, start_date=20260406T151501, end_date=20260406T151531
[2026-04-06T15:15:31.114+0000] {local_task_job_runner.py:234} INFO - Task exited with return code 0
[2026-04-06T15:15:31.131+0000] {taskinstance.py:3312} INFO - 1 downstream tasks scheduled from follow-on schedule check
