[2026-04-05T20:15:00.176+0000] {taskinstance.py:1979} INFO - Dependencies all met for dep_context=non-requeueable deps ti=<TaskInstance: bronze_to_silver_patients.run_spark_patients manual__2026-04-05T20:14:59.449167+00:00 [queued]>
[2026-04-05T20:15:00.181+0000] {taskinstance.py:1979} INFO - Dependencies all met for dep_context=requeueable deps ti=<TaskInstance: bronze_to_silver_patients.run_spark_patients manual__2026-04-05T20:14:59.449167+00:00 [queued]>
[2026-04-05T20:15:00.182+0000] {taskinstance.py:2193} INFO - Starting attempt 1 of 1
[2026-04-05T20:15:00.191+0000] {taskinstance.py:2217} INFO - Executing <Task(BashOperator): run_spark_patients> on 2026-04-05 20:14:59.449167+00:00
[2026-04-05T20:15:00.196+0000] {standard_task_runner.py:60} INFO - Started process 195 to run task
[2026-04-05T20:15:00.199+0000] {standard_task_runner.py:87} INFO - Running: ['airflow', 'tasks', 'run', 'bronze_to_silver_patients', 'run_spark_patients', 'manual__2026-04-05T20:14:59.449167+00:00', '--job-id', '16', '--raw', '--subdir', 'DAGS_FOLDER/bronze_to_silver_dag.py', '--cfg-path', '/tmp/tmpdmg911ky']
[2026-04-05T20:15:00.201+0000] {standard_task_runner.py:88} INFO - Job 16: Subtask run_spark_patients
[2026-04-05T20:15:00.252+0000] {task_command.py:423} INFO - Running <TaskInstance: bronze_to_silver_patients.run_spark_patients manual__2026-04-05T20:14:59.449167+00:00 [running]> on host 7c36fe5f1e47
[2026-04-05T20:15:00.319+0000] {taskinstance.py:2513} INFO - Exporting env vars: AIRFLOW_CTX_DAG_OWNER='airflow' AIRFLOW_CTX_DAG_ID='bronze_to_silver_patients' AIRFLOW_CTX_TASK_ID='run_spark_patients' AIRFLOW_CTX_EXECUTION_DATE='2026-04-05T20:14:59.449167+00:00' AIRFLOW_CTX_TRY_NUMBER='1' AIRFLOW_CTX_DAG_RUN_ID='manual__2026-04-05T20:14:59.449167+00:00'
[2026-04-05T20:15:00.320+0000] {subprocess.py:63} INFO - Tmp dir root location: /tmp
[2026-04-05T20:15:00.321+0000] {subprocess.py:75} INFO - Running command: ['/usr/bin/bash', '-c', '\n/opt/spark/bin/spark-submit   --master spark://spark-master:7077   --packages org.apache.hadoop:hadoop-aws:3.3.4,com.amazonaws:aws-java-sdk-bundle:1.12.262   --conf spark.hadoop.fs.s3a.endpoint=http://minio:9000   --conf spark.hadoop.fs.s3a.access.key=minioadmin   --conf spark.hadoop.fs.s3a.secret.key=minioadmin   --conf spark.hadoop.fs.s3a.path.style.access=true   --conf spark.hadoop.fs.s3a.impl=org.apache.hadoop.fs.s3a.S3AFileSystem   /opt/airflow/spark/jobs/bronze_to_silver_patients.py\n    ']
[2026-04-05T20:15:00.331+0000] {subprocess.py:86} INFO - Output:
[2026-04-05T20:15:02.114+0000] {subprocess.py:93} INFO - :: loading settings :: url = jar:file:/opt/spark-3.5.6-bin-hadoop3/jars/ivy-2.5.1.jar!/org/apache/ivy/core/settings/ivysettings.xml
[2026-04-05T20:15:02.175+0000] {subprocess.py:93} INFO - Ivy Default Cache set to: /home/airflow/.ivy2/cache
[2026-04-05T20:15:02.176+0000] {subprocess.py:93} INFO - The jars for the packages stored in: /home/airflow/.ivy2/jars
[2026-04-05T20:15:02.178+0000] {subprocess.py:93} INFO - org.apache.hadoop#hadoop-aws added as a dependency
[2026-04-05T20:15:02.178+0000] {subprocess.py:93} INFO - com.amazonaws#aws-java-sdk-bundle added as a dependency
[2026-04-05T20:15:02.179+0000] {subprocess.py:93} INFO - :: resolving dependencies :: org.apache.spark#spark-submit-parent-b11c7264-c1c5-4a41-b53f-81672dea5b39;1.0
[2026-04-05T20:15:02.179+0000] {subprocess.py:93} INFO - 	confs: [default]
[2026-04-05T20:15:05.734+0000] {subprocess.py:93} INFO - 	found org.apache.hadoop#hadoop-aws;3.3.4 in central
[2026-04-05T20:15:06.996+0000] {subprocess.py:93} INFO - 	found com.amazonaws#aws-java-sdk-bundle;1.12.262 in central
[2026-04-05T20:15:08.757+0000] {subprocess.py:93} INFO - 	found org.wildfly.openssl#wildfly-openssl;1.0.7.Final in central
[2026-04-05T20:15:09.018+0000] {subprocess.py:93} INFO - downloading https://repo1.maven.org/maven2/org/apache/hadoop/hadoop-aws/3.3.4/hadoop-aws-3.3.4.jar ...
[2026-04-05T20:15:12.714+0000] {subprocess.py:93} INFO - 	[SUCCESSFUL ] org.apache.hadoop#hadoop-aws;3.3.4!hadoop-aws.jar (3950ms)
[2026-04-05T20:15:13.082+0000] {subprocess.py:93} INFO - downloading https://repo1.maven.org/maven2/com/amazonaws/aws-java-sdk-bundle/1.12.262/aws-java-sdk-bundle-1.12.262.jar ...
[2026-04-05T20:27:07.158+0000] {subprocess.py:93} INFO - 	[SUCCESSFUL ] com.amazonaws#aws-java-sdk-bundle;1.12.262!aws-java-sdk-bundle.jar (714443ms)
[2026-04-05T20:27:07.550+0000] {subprocess.py:93} INFO - downloading https://repo1.maven.org/maven2/org/wildfly/openssl/wildfly-openssl/1.0.7.Final/wildfly-openssl-1.0.7.Final.jar ...
[2026-04-05T20:27:08.171+0000] {subprocess.py:93} INFO - 	[SUCCESSFUL ] org.wildfly.openssl#wildfly-openssl;1.0.7.Final!wildfly-openssl.jar (1011ms)
[2026-04-05T20:27:08.172+0000] {subprocess.py:93} INFO - :: resolution report :: resolve 6584ms :: artifacts dl 719409ms
[2026-04-05T20:27:08.172+0000] {subprocess.py:93} INFO - 	:: modules in use:
[2026-04-05T20:27:08.172+0000] {subprocess.py:93} INFO - 	com.amazonaws#aws-java-sdk-bundle;1.12.262 from central in [default]
[2026-04-05T20:27:08.173+0000] {subprocess.py:93} INFO - 	org.apache.hadoop#hadoop-aws;3.3.4 from central in [default]
[2026-04-05T20:27:08.173+0000] {subprocess.py:93} INFO - 	org.wildfly.openssl#wildfly-openssl;1.0.7.Final from central in [default]
[2026-04-05T20:27:08.173+0000] {subprocess.py:93} INFO - 	---------------------------------------------------------------------
[2026-04-05T20:27:08.173+0000] {subprocess.py:93} INFO - 	|                  |            modules            ||   artifacts   |
[2026-04-05T20:27:08.174+0000] {subprocess.py:93} INFO - 	|       conf       | number| search|dwnlded|evicted|| number|dwnlded|
[2026-04-05T20:27:08.174+0000] {subprocess.py:93} INFO - 	---------------------------------------------------------------------
[2026-04-05T20:27:08.174+0000] {subprocess.py:93} INFO - 	|      default     |   3   |   3   |   3   |   0   ||   3   |   3   |
[2026-04-05T20:27:08.174+0000] {subprocess.py:93} INFO - 	---------------------------------------------------------------------
[2026-04-05T20:27:08.176+0000] {subprocess.py:93} INFO - :: retrieving :: org.apache.spark#spark-submit-parent-b11c7264-c1c5-4a41-b53f-81672dea5b39
[2026-04-05T20:27:08.177+0000] {subprocess.py:93} INFO - 	confs: [default]
[2026-04-05T20:27:08.718+0000] {subprocess.py:93} INFO - 	3 artifacts copied, 0 already retrieved (275421kB/541ms)
[2026-04-05T20:27:08.915+0000] {subprocess.py:93} INFO - 26/04/05 20:27:08 WARN NativeCodeLoader: Unable to load native-hadoop library for your platform... using builtin-java classes where applicable
[2026-04-05T20:27:09.761+0000] {subprocess.py:93} INFO - 26/04/05 20:27:09 INFO SparkContext: Running Spark version 3.5.6
[2026-04-05T20:27:09.761+0000] {subprocess.py:93} INFO - 26/04/05 20:27:09 INFO SparkContext: OS info Linux, 6.6.87.2-microsoft-standard-WSL2, amd64
[2026-04-05T20:27:09.761+0000] {subprocess.py:93} INFO - 26/04/05 20:27:09 INFO SparkContext: Java version 17.0.18
[2026-04-05T20:27:09.780+0000] {subprocess.py:93} INFO - 26/04/05 20:27:09 INFO ResourceUtils: ==============================================================
[2026-04-05T20:27:09.780+0000] {subprocess.py:93} INFO - 26/04/05 20:27:09 INFO ResourceUtils: No custom resources configured for spark.driver.
[2026-04-05T20:27:09.781+0000] {subprocess.py:93} INFO - 26/04/05 20:27:09 INFO ResourceUtils: ==============================================================
[2026-04-05T20:27:09.781+0000] {subprocess.py:93} INFO - 26/04/05 20:27:09 INFO SparkContext: Submitted application: bronze_to_silver_patients
[2026-04-05T20:27:09.807+0000] {subprocess.py:93} INFO - 26/04/05 20:27:09 INFO ResourceProfile: Default ResourceProfile created, executor resources: Map(memory -> name: memory, amount: 1024, script: , vendor: , offHeap -> name: offHeap, amount: 0, script: , vendor: ), task resources: Map(cpus -> name: cpus, amount: 1.0)
[2026-04-05T20:27:09.815+0000] {subprocess.py:93} INFO - 26/04/05 20:27:09 INFO ResourceProfile: Limiting resource is cpu
[2026-04-05T20:27:09.815+0000] {subprocess.py:93} INFO - 26/04/05 20:27:09 INFO ResourceProfileManager: Added ResourceProfile id: 0
[2026-04-05T20:27:09.877+0000] {subprocess.py:93} INFO - 26/04/05 20:27:09 INFO SecurityManager: Changing view acls to: airflow
[2026-04-05T20:27:09.877+0000] {subprocess.py:93} INFO - 26/04/05 20:27:09 INFO SecurityManager: Changing modify acls to: airflow
[2026-04-05T20:27:09.877+0000] {subprocess.py:93} INFO - 26/04/05 20:27:09 INFO SecurityManager: Changing view acls groups to:
[2026-04-05T20:27:09.878+0000] {subprocess.py:93} INFO - 26/04/05 20:27:09 INFO SecurityManager: Changing modify acls groups to:
[2026-04-05T20:27:09.878+0000] {subprocess.py:93} INFO - 26/04/05 20:27:09 INFO SecurityManager: SecurityManager: authentication disabled; ui acls disabled; users with view permissions: airflow; groups with view permissions: EMPTY; users with modify permissions: airflow; groups with modify permissions: EMPTY
[2026-04-05T20:27:10.066+0000] {subprocess.py:93} INFO - 26/04/05 20:27:10 INFO Utils: Successfully started service 'sparkDriver' on port 46651.
[2026-04-05T20:27:10.104+0000] {subprocess.py:93} INFO - 26/04/05 20:27:10 INFO SparkEnv: Registering MapOutputTracker
[2026-04-05T20:27:10.142+0000] {subprocess.py:93} INFO - 26/04/05 20:27:10 INFO SparkEnv: Registering BlockManagerMaster
[2026-04-05T20:27:10.162+0000] {subprocess.py:93} INFO - 26/04/05 20:27:10 INFO BlockManagerMasterEndpoint: Using org.apache.spark.storage.DefaultTopologyMapper for getting topology information
[2026-04-05T20:27:10.162+0000] {subprocess.py:93} INFO - 26/04/05 20:27:10 INFO BlockManagerMasterEndpoint: BlockManagerMasterEndpoint up
[2026-04-05T20:27:10.164+0000] {subprocess.py:93} INFO - 26/04/05 20:27:10 INFO SparkEnv: Registering BlockManagerMasterHeartbeat
[2026-04-05T20:27:10.192+0000] {subprocess.py:93} INFO - 26/04/05 20:27:10 INFO DiskBlockManager: Created local directory at /tmp/blockmgr-2b757b4a-f9be-44d2-9188-106e648ca3b1
[2026-04-05T20:27:10.203+0000] {subprocess.py:93} INFO - 26/04/05 20:27:10 INFO MemoryStore: MemoryStore started with capacity 434.4 MiB
[2026-04-05T20:27:10.215+0000] {subprocess.py:93} INFO - 26/04/05 20:27:10 INFO SparkEnv: Registering OutputCommitCoordinator
[2026-04-05T20:27:10.337+0000] {subprocess.py:93} INFO - 26/04/05 20:27:10 INFO JettyUtils: Start Jetty 0.0.0.0:4040 for SparkUI
[2026-04-05T20:27:10.386+0000] {subprocess.py:93} INFO - 26/04/05 20:27:10 INFO Utils: Successfully started service 'SparkUI' on port 4040.
[2026-04-05T20:27:10.410+0000] {subprocess.py:93} INFO - 26/04/05 20:27:10 INFO SparkContext: Added JAR file:///home/airflow/.ivy2/jars/org.apache.hadoop_hadoop-aws-3.3.4.jar at spark://7c36fe5f1e47:46651/jars/org.apache.hadoop_hadoop-aws-3.3.4.jar with timestamp 1775420829751
[2026-04-05T20:27:10.410+0000] {subprocess.py:93} INFO - 26/04/05 20:27:10 INFO SparkContext: Added JAR file:///home/airflow/.ivy2/jars/com.amazonaws_aws-java-sdk-bundle-1.12.262.jar at spark://7c36fe5f1e47:46651/jars/com.amazonaws_aws-java-sdk-bundle-1.12.262.jar with timestamp 1775420829751
[2026-04-05T20:27:10.411+0000] {subprocess.py:93} INFO - 26/04/05 20:27:10 INFO SparkContext: Added JAR file:///home/airflow/.ivy2/jars/org.wildfly.openssl_wildfly-openssl-1.0.7.Final.jar at spark://7c36fe5f1e47:46651/jars/org.wildfly.openssl_wildfly-openssl-1.0.7.Final.jar with timestamp 1775420829751
[2026-04-05T20:27:10.412+0000] {subprocess.py:93} INFO - 26/04/05 20:27:10 INFO SparkContext: Added file file:///home/airflow/.ivy2/jars/org.apache.hadoop_hadoop-aws-3.3.4.jar at spark://7c36fe5f1e47:46651/files/org.apache.hadoop_hadoop-aws-3.3.4.jar with timestamp 1775420829751
[2026-04-05T20:27:10.412+0000] {subprocess.py:93} INFO - 26/04/05 20:27:10 INFO Utils: Copying /home/airflow/.ivy2/jars/org.apache.hadoop_hadoop-aws-3.3.4.jar to /tmp/spark-d9d64335-3d35-4a16-b501-03eb7ec1b139/userFiles-a073aa5f-e239-4a1c-85ca-b3626f1b6b89/org.apache.hadoop_hadoop-aws-3.3.4.jar
[2026-04-05T20:27:10.428+0000] {subprocess.py:93} INFO - 26/04/05 20:27:10 INFO SparkContext: Added file file:///home/airflow/.ivy2/jars/com.amazonaws_aws-java-sdk-bundle-1.12.262.jar at spark://7c36fe5f1e47:46651/files/com.amazonaws_aws-java-sdk-bundle-1.12.262.jar with timestamp 1775420829751
[2026-04-05T20:27:10.429+0000] {subprocess.py:93} INFO - 26/04/05 20:27:10 INFO Utils: Copying /home/airflow/.ivy2/jars/com.amazonaws_aws-java-sdk-bundle-1.12.262.jar to /tmp/spark-d9d64335-3d35-4a16-b501-03eb7ec1b139/userFiles-a073aa5f-e239-4a1c-85ca-b3626f1b6b89/com.amazonaws_aws-java-sdk-bundle-1.12.262.jar
[2026-04-05T20:27:10.752+0000] {subprocess.py:93} INFO - 26/04/05 20:27:10 INFO SparkContext: Added file file:///home/airflow/.ivy2/jars/org.wildfly.openssl_wildfly-openssl-1.0.7.Final.jar at spark://7c36fe5f1e47:46651/files/org.wildfly.openssl_wildfly-openssl-1.0.7.Final.jar with timestamp 1775420829751
[2026-04-05T20:27:10.753+0000] {subprocess.py:93} INFO - 26/04/05 20:27:10 INFO Utils: Copying /home/airflow/.ivy2/jars/org.wildfly.openssl_wildfly-openssl-1.0.7.Final.jar to /tmp/spark-d9d64335-3d35-4a16-b501-03eb7ec1b139/userFiles-a073aa5f-e239-4a1c-85ca-b3626f1b6b89/org.wildfly.openssl_wildfly-openssl-1.0.7.Final.jar
[2026-04-05T20:27:10.823+0000] {subprocess.py:93} INFO - 26/04/05 20:27:10 INFO StandaloneAppClient$ClientEndpoint: Connecting to master spark://spark-master:7077...
[2026-04-05T20:27:10.853+0000] {subprocess.py:93} INFO - 26/04/05 20:27:10 INFO TransportClientFactory: Successfully created connection to spark-master/172.18.0.2:7077 after 16 ms (0 ms spent in bootstraps)
[2026-04-05T20:27:10.997+0000] {subprocess.py:93} INFO - 26/04/05 20:27:10 INFO StandaloneSchedulerBackend: Connected to Spark cluster with app ID app-20260405202710-0000
[2026-04-05T20:27:11.004+0000] {subprocess.py:93} INFO - 26/04/05 20:27:11 INFO Utils: Successfully started service 'org.apache.spark.network.netty.NettyBlockTransferService' on port 40855.
[2026-04-05T20:27:11.005+0000] {subprocess.py:93} INFO - 26/04/05 20:27:11 INFO NettyBlockTransferService: Server created on 7c36fe5f1e47:40855
[2026-04-05T20:27:11.007+0000] {subprocess.py:93} INFO - 26/04/05 20:27:11 INFO BlockManager: Using org.apache.spark.storage.RandomBlockReplicationPolicy for block replication policy
[2026-04-05T20:27:11.014+0000] {subprocess.py:93} INFO - 26/04/05 20:27:11 INFO BlockManagerMaster: Registering BlockManager BlockManagerId(driver, 7c36fe5f1e47, 40855, None)
[2026-04-05T20:27:11.015+0000] {subprocess.py:93} INFO - 26/04/05 20:27:11 INFO StandaloneAppClient$ClientEndpoint: Executor added: app-20260405202710-0000/0 on worker-20260405201413-172.18.0.5-38769 (172.18.0.5:38769) with 16 core(s)
[2026-04-05T20:27:11.015+0000] {subprocess.py:93} INFO - 26/04/05 20:27:11 INFO StandaloneSchedulerBackend: Granted executor ID app-20260405202710-0000/0 on hostPort 172.18.0.5:38769 with 16 core(s), 1024.0 MiB RAM
[2026-04-05T20:27:11.016+0000] {subprocess.py:93} INFO - 26/04/05 20:27:11 INFO BlockManagerMasterEndpoint: Registering block manager 7c36fe5f1e47:40855 with 434.4 MiB RAM, BlockManagerId(driver, 7c36fe5f1e47, 40855, None)
[2026-04-05T20:27:11.018+0000] {subprocess.py:93} INFO - 26/04/05 20:27:11 INFO BlockManagerMaster: Registered BlockManager BlockManagerId(driver, 7c36fe5f1e47, 40855, None)
[2026-04-05T20:27:11.018+0000] {subprocess.py:93} INFO - 26/04/05 20:27:11 INFO BlockManager: Initialized BlockManager: BlockManagerId(driver, 7c36fe5f1e47, 40855, None)
[2026-04-05T20:27:11.123+0000] {subprocess.py:93} INFO - 26/04/05 20:27:11 INFO StandaloneAppClient$ClientEndpoint: Executor updated: app-20260405202710-0000/0 is now RUNNING
[2026-04-05T20:27:11.188+0000] {subprocess.py:93} INFO - 26/04/05 20:27:11 INFO StandaloneSchedulerBackend: SchedulerBackend is ready for scheduling beginning after reached minRegisteredResourcesRatio: 0.0
[2026-04-05T20:27:11.366+0000] {subprocess.py:93} INFO - 26/04/05 20:27:11 INFO SharedState: Setting hive.metastore.warehouse.dir ('null') to the value of spark.sql.warehouse.dir.
[2026-04-05T20:27:11.367+0000] {subprocess.py:93} INFO - 26/04/05 20:27:11 INFO SharedState: Warehouse path is 'file:/tmp/airflowtmp90dcj4hd/spark-warehouse'.
[2026-04-05T20:27:12.174+0000] {subprocess.py:93} INFO - 26/04/05 20:27:12 WARN MetricsConfig: Cannot locate configuration: tried hadoop-metrics2-s3a-file-system.properties,hadoop-metrics2.properties
[2026-04-05T20:27:12.182+0000] {subprocess.py:93} INFO - 26/04/05 20:27:12 INFO MetricsSystemImpl: Scheduled Metric snapshot period at 10 second(s).
[2026-04-05T20:27:12.183+0000] {subprocess.py:93} INFO - 26/04/05 20:27:12 INFO MetricsSystemImpl: s3a-file-system metrics system started
[2026-04-05T20:27:12.730+0000] {subprocess.py:93} INFO - 26/04/05 20:27:12 INFO InMemoryFileIndex: It took 56 ms to list leaf files for 1 paths.
[2026-04-05T20:27:12.791+0000] {subprocess.py:93} INFO - 26/04/05 20:27:12 INFO InMemoryFileIndex: It took 9 ms to list leaf files for 1 paths.
[2026-04-05T20:27:13.454+0000] {subprocess.py:93} INFO - 26/04/05 20:27:13 INFO StandaloneSchedulerBackend$StandaloneDriverEndpoint: Registered executor NettyRpcEndpointRef(spark-client://Executor) (172.18.0.5:39758) with ID 0,  ResourceProfileId 0
[2026-04-05T20:27:13.516+0000] {subprocess.py:93} INFO - 26/04/05 20:27:13 INFO BlockManagerMasterEndpoint: Registering block manager 172.18.0.5:45167 with 434.4 MiB RAM, BlockManagerId(0, 172.18.0.5, 45167, None)
[2026-04-05T20:27:14.310+0000] {subprocess.py:93} INFO - 26/04/05 20:27:14 INFO FileSourceStrategy: Pushed Filters:
[2026-04-05T20:27:14.311+0000] {subprocess.py:93} INFO - 26/04/05 20:27:14 INFO FileSourceStrategy: Post-Scan Filters: (length(trim(value#0, None)) > 0)
[2026-04-05T20:27:14.657+0000] {subprocess.py:93} INFO - 26/04/05 20:27:14 INFO CodeGenerator: Code generated in 124.201194 ms
[2026-04-05T20:27:14.692+0000] {subprocess.py:93} INFO - 26/04/05 20:27:14 INFO MemoryStore: Block broadcast_0 stored as values in memory (estimated size 203.2 KiB, free 434.2 MiB)
[2026-04-05T20:27:14.737+0000] {subprocess.py:93} INFO - 26/04/05 20:27:14 INFO MemoryStore: Block broadcast_0_piece0 stored as bytes in memory (estimated size 35.2 KiB, free 434.2 MiB)
[2026-04-05T20:27:14.739+0000] {subprocess.py:93} INFO - 26/04/05 20:27:14 INFO BlockManagerInfo: Added broadcast_0_piece0 in memory on 7c36fe5f1e47:40855 (size: 35.2 KiB, free: 434.4 MiB)
[2026-04-05T20:27:14.745+0000] {subprocess.py:93} INFO - 26/04/05 20:27:14 INFO SparkContext: Created broadcast 0 from csv at NativeMethodAccessorImpl.java:0
[2026-04-05T20:27:14.753+0000] {subprocess.py:93} INFO - 26/04/05 20:27:14 INFO FileSourceScanExec: Planning scan with bin packing, max size: 4194304 bytes, open cost is considered as scanning 4194304 bytes.
[2026-04-05T20:27:14.818+0000] {subprocess.py:93} INFO - 26/04/05 20:27:14 INFO SparkContext: Starting job: csv at NativeMethodAccessorImpl.java:0
[2026-04-05T20:27:14.827+0000] {subprocess.py:93} INFO - 26/04/05 20:27:14 INFO DAGScheduler: Got job 0 (csv at NativeMethodAccessorImpl.java:0) with 1 output partitions
[2026-04-05T20:27:14.827+0000] {subprocess.py:93} INFO - 26/04/05 20:27:14 INFO DAGScheduler: Final stage: ResultStage 0 (csv at NativeMethodAccessorImpl.java:0)
[2026-04-05T20:27:14.827+0000] {subprocess.py:93} INFO - 26/04/05 20:27:14 INFO DAGScheduler: Parents of final stage: List()
[2026-04-05T20:27:14.828+0000] {subprocess.py:93} INFO - 26/04/05 20:27:14 INFO DAGScheduler: Missing parents: List()
[2026-04-05T20:27:14.830+0000] {subprocess.py:93} INFO - 26/04/05 20:27:14 INFO DAGScheduler: Submitting ResultStage 0 (MapPartitionsRDD[3] at csv at NativeMethodAccessorImpl.java:0), which has no missing parents
[2026-04-05T20:27:14.868+0000] {subprocess.py:93} INFO - 26/04/05 20:27:14 INFO MemoryStore: Block broadcast_1 stored as values in memory (estimated size 13.5 KiB, free 434.2 MiB)
[2026-04-05T20:27:14.873+0000] {subprocess.py:93} INFO - 26/04/05 20:27:14 INFO MemoryStore: Block broadcast_1_piece0 stored as bytes in memory (estimated size 6.4 KiB, free 434.1 MiB)
[2026-04-05T20:27:14.873+0000] {subprocess.py:93} INFO - 26/04/05 20:27:14 INFO BlockManagerInfo: Added broadcast_1_piece0 in memory on 7c36fe5f1e47:40855 (size: 6.4 KiB, free: 434.4 MiB)
[2026-04-05T20:27:14.874+0000] {subprocess.py:93} INFO - 26/04/05 20:27:14 INFO SparkContext: Created broadcast 1 from broadcast at DAGScheduler.scala:1611
[2026-04-05T20:27:14.888+0000] {subprocess.py:93} INFO - 26/04/05 20:27:14 INFO DAGScheduler: Submitting 1 missing tasks from ResultStage 0 (MapPartitionsRDD[3] at csv at NativeMethodAccessorImpl.java:0) (first 15 tasks are for partitions Vector(0))
[2026-04-05T20:27:14.888+0000] {subprocess.py:93} INFO - 26/04/05 20:27:14 INFO TaskSchedulerImpl: Adding task set 0.0 with 1 tasks resource profile 0
[2026-04-05T20:27:15.957+0000] {subprocess.py:93} INFO - 26/04/05 20:27:15 INFO TaskSetManager: Starting task 0.0 in stage 0.0 (TID 0) (172.18.0.5, executor 0, partition 0, PROCESS_LOCAL, 10342 bytes)
[2026-04-05T20:27:16.109+0000] {subprocess.py:93} INFO - 26/04/05 20:27:16 INFO BlockManagerInfo: Added broadcast_1_piece0 in memory on 172.18.0.5:45167 (size: 6.4 KiB, free: 434.4 MiB)
[2026-04-05T20:27:16.714+0000] {subprocess.py:93} INFO - 26/04/05 20:27:16 INFO BlockManagerInfo: Added broadcast_0_piece0 in memory on 172.18.0.5:45167 (size: 35.2 KiB, free: 434.4 MiB)
[2026-04-05T20:27:17.459+0000] {subprocess.py:93} INFO - 26/04/05 20:27:17 INFO TaskSetManager: Finished task 0.0 in stage 0.0 (TID 0) in 1509 ms on 172.18.0.5 (executor 0) (1/1)
[2026-04-05T20:27:17.460+0000] {subprocess.py:93} INFO - 26/04/05 20:27:17 INFO TaskSchedulerImpl: Removed TaskSet 0.0, whose tasks have all completed, from pool
[2026-04-05T20:27:17.463+0000] {subprocess.py:93} INFO - 26/04/05 20:27:17 INFO DAGScheduler: ResultStage 0 (csv at NativeMethodAccessorImpl.java:0) finished in 2.624 s
[2026-04-05T20:27:17.464+0000] {subprocess.py:93} INFO - 26/04/05 20:27:17 INFO DAGScheduler: Job 0 is finished. Cancelling potential speculative or zombie tasks for this job
[2026-04-05T20:27:17.465+0000] {subprocess.py:93} INFO - 26/04/05 20:27:17 INFO TaskSchedulerImpl: Killing all running tasks in stage 0: Stage finished
[2026-04-05T20:27:17.465+0000] {subprocess.py:93} INFO - 26/04/05 20:27:17 INFO DAGScheduler: Job 0 finished: csv at NativeMethodAccessorImpl.java:0, took 2.647128 s
[2026-04-05T20:27:17.481+0000] {subprocess.py:93} INFO - 26/04/05 20:27:17 INFO CodeGenerator: Code generated in 7.653961 ms
[2026-04-05T20:27:17.512+0000] {subprocess.py:93} INFO - 26/04/05 20:27:17 INFO BlockManagerInfo: Removed broadcast_1_piece0 on 7c36fe5f1e47:40855 in memory (size: 6.4 KiB, free: 434.4 MiB)
[2026-04-05T20:27:17.517+0000] {subprocess.py:93} INFO - 26/04/05 20:27:17 INFO BlockManagerInfo: Removed broadcast_1_piece0 on 172.18.0.5:45167 in memory (size: 6.4 KiB, free: 434.4 MiB)
[2026-04-05T20:27:17.518+0000] {subprocess.py:93} INFO - 26/04/05 20:27:17 INFO FileSourceStrategy: Pushed Filters:
[2026-04-05T20:27:17.519+0000] {subprocess.py:93} INFO - 26/04/05 20:27:17 INFO FileSourceStrategy: Post-Scan Filters:
[2026-04-05T20:27:17.522+0000] {subprocess.py:93} INFO - 26/04/05 20:27:17 INFO MemoryStore: Block broadcast_2 stored as values in memory (estimated size 203.2 KiB, free 434.0 MiB)
[2026-04-05T20:27:17.530+0000] {subprocess.py:93} INFO - 26/04/05 20:27:17 INFO MemoryStore: Block broadcast_2_piece0 stored as bytes in memory (estimated size 35.2 KiB, free 433.9 MiB)
[2026-04-05T20:27:17.531+0000] {subprocess.py:93} INFO - 26/04/05 20:27:17 INFO BlockManagerInfo: Added broadcast_2_piece0 in memory on 7c36fe5f1e47:40855 (size: 35.2 KiB, free: 434.3 MiB)
[2026-04-05T20:27:17.531+0000] {subprocess.py:93} INFO - 26/04/05 20:27:17 INFO SparkContext: Created broadcast 2 from csv at NativeMethodAccessorImpl.java:0
[2026-04-05T20:27:17.532+0000] {subprocess.py:93} INFO - 26/04/05 20:27:17 INFO FileSourceScanExec: Planning scan with bin packing, max size: 4194304 bytes, open cost is considered as scanning 4194304 bytes.
[2026-04-05T20:27:17.577+0000] {subprocess.py:93} INFO - 26/04/05 20:27:17 INFO SparkContext: Starting job: csv at NativeMethodAccessorImpl.java:0
[2026-04-05T20:27:17.579+0000] {subprocess.py:93} INFO - 26/04/05 20:27:17 INFO DAGScheduler: Got job 1 (csv at NativeMethodAccessorImpl.java:0) with 1 output partitions
[2026-04-05T20:27:17.579+0000] {subprocess.py:93} INFO - 26/04/05 20:27:17 INFO DAGScheduler: Final stage: ResultStage 1 (csv at NativeMethodAccessorImpl.java:0)
[2026-04-05T20:27:17.579+0000] {subprocess.py:93} INFO - 26/04/05 20:27:17 INFO DAGScheduler: Parents of final stage: List()
[2026-04-05T20:27:17.580+0000] {subprocess.py:93} INFO - 26/04/05 20:27:17 INFO DAGScheduler: Missing parents: List()
[2026-04-05T20:27:17.580+0000] {subprocess.py:93} INFO - 26/04/05 20:27:17 INFO DAGScheduler: Submitting ResultStage 1 (MapPartitionsRDD[9] at csv at NativeMethodAccessorImpl.java:0), which has no missing parents
[2026-04-05T20:27:17.591+0000] {subprocess.py:93} INFO - 26/04/05 20:27:17 INFO MemoryStore: Block broadcast_3 stored as values in memory (estimated size 29.4 KiB, free 433.9 MiB)
[2026-04-05T20:27:17.596+0000] {subprocess.py:93} INFO - 26/04/05 20:27:17 INFO MemoryStore: Block broadcast_3_piece0 stored as bytes in memory (estimated size 13.2 KiB, free 433.9 MiB)
[2026-04-05T20:27:17.598+0000] {subprocess.py:93} INFO - 26/04/05 20:27:17 INFO BlockManagerInfo: Added broadcast_3_piece0 in memory on 7c36fe5f1e47:40855 (size: 13.2 KiB, free: 434.3 MiB)
[2026-04-05T20:27:17.598+0000] {subprocess.py:93} INFO - 26/04/05 20:27:17 INFO SparkContext: Created broadcast 3 from broadcast at DAGScheduler.scala:1611
[2026-04-05T20:27:17.598+0000] {subprocess.py:93} INFO - 26/04/05 20:27:17 INFO BlockManagerInfo: Removed broadcast_0_piece0 on 7c36fe5f1e47:40855 in memory (size: 35.2 KiB, free: 434.4 MiB)
[2026-04-05T20:27:17.599+0000] {subprocess.py:93} INFO - 26/04/05 20:27:17 INFO DAGScheduler: Submitting 1 missing tasks from ResultStage 1 (MapPartitionsRDD[9] at csv at NativeMethodAccessorImpl.java:0) (first 15 tasks are for partitions Vector(0))
[2026-04-05T20:27:17.599+0000] {subprocess.py:93} INFO - 26/04/05 20:27:17 INFO TaskSchedulerImpl: Adding task set 1.0 with 1 tasks resource profile 0
[2026-04-05T20:27:17.600+0000] {subprocess.py:93} INFO - 26/04/05 20:27:17 INFO TaskSetManager: Starting task 0.0 in stage 1.0 (TID 1) (172.18.0.5, executor 0, partition 0, PROCESS_LOCAL, 10342 bytes)
[2026-04-05T20:27:17.600+0000] {subprocess.py:93} INFO - 26/04/05 20:27:17 INFO BlockManagerInfo: Removed broadcast_0_piece0 on 172.18.0.5:45167 in memory (size: 35.2 KiB, free: 434.4 MiB)
[2026-04-05T20:27:17.620+0000] {subprocess.py:93} INFO - 26/04/05 20:27:17 INFO BlockManagerInfo: Added broadcast_3_piece0 in memory on 172.18.0.5:45167 (size: 13.2 KiB, free: 434.4 MiB)
[2026-04-05T20:27:18.265+0000] {subprocess.py:93} INFO - 26/04/05 20:27:18 INFO BlockManagerInfo: Added broadcast_2_piece0 in memory on 172.18.0.5:45167 (size: 35.2 KiB, free: 434.4 MiB)
[2026-04-05T20:27:18.357+0000] {subprocess.py:93} INFO - 26/04/05 20:27:18 INFO TaskSetManager: Finished task 0.0 in stage 1.0 (TID 1) in 757 ms on 172.18.0.5 (executor 0) (1/1)
[2026-04-05T20:27:18.358+0000] {subprocess.py:93} INFO - 26/04/05 20:27:18 INFO TaskSchedulerImpl: Removed TaskSet 1.0, whose tasks have all completed, from pool
[2026-04-05T20:27:18.358+0000] {subprocess.py:93} INFO - 26/04/05 20:27:18 INFO DAGScheduler: ResultStage 1 (csv at NativeMethodAccessorImpl.java:0) finished in 0.778 s
[2026-04-05T20:27:18.358+0000] {subprocess.py:93} INFO - 26/04/05 20:27:18 INFO DAGScheduler: Job 1 is finished. Cancelling potential speculative or zombie tasks for this job
[2026-04-05T20:27:18.358+0000] {subprocess.py:93} INFO - 26/04/05 20:27:18 INFO TaskSchedulerImpl: Killing all running tasks in stage 1: Stage finished
[2026-04-05T20:27:18.359+0000] {subprocess.py:93} INFO - 26/04/05 20:27:18 INFO DAGScheduler: Job 1 finished: csv at NativeMethodAccessorImpl.java:0, took 0.781522 s
[2026-04-05T20:27:18.471+0000] {subprocess.py:93} INFO - 26/04/05 20:27:18 INFO FileSourceStrategy: Pushed Filters:
[2026-04-05T20:27:18.471+0000] {subprocess.py:93} INFO - 26/04/05 20:27:18 INFO FileSourceStrategy: Post-Scan Filters:
[2026-04-05T20:27:18.551+0000] {subprocess.py:93} INFO - 26/04/05 20:27:18 INFO CodeGenerator: Code generated in 19.991584 ms
[2026-04-05T20:27:18.554+0000] {subprocess.py:93} INFO - 26/04/05 20:27:18 INFO MemoryStore: Block broadcast_4 stored as values in memory (estimated size 203.1 KiB, free 433.9 MiB)
[2026-04-05T20:27:18.563+0000] {subprocess.py:93} INFO - 26/04/05 20:27:18 INFO BlockManagerInfo: Removed broadcast_3_piece0 on 7c36fe5f1e47:40855 in memory (size: 13.2 KiB, free: 434.4 MiB)
[2026-04-05T20:27:18.564+0000] {subprocess.py:93} INFO - 26/04/05 20:27:18 INFO MemoryStore: Block broadcast_4_piece0 stored as bytes in memory (estimated size 35.2 KiB, free 433.9 MiB)
[2026-04-05T20:27:18.565+0000] {subprocess.py:93} INFO - 26/04/05 20:27:18 INFO BlockManagerInfo: Added broadcast_4_piece0 in memory on 7c36fe5f1e47:40855 (size: 35.2 KiB, free: 434.3 MiB)
[2026-04-05T20:27:18.565+0000] {subprocess.py:93} INFO - 26/04/05 20:27:18 INFO BlockManagerInfo: Removed broadcast_3_piece0 on 172.18.0.5:45167 in memory (size: 13.2 KiB, free: 434.4 MiB)
[2026-04-05T20:27:18.566+0000] {subprocess.py:93} INFO - 26/04/05 20:27:18 INFO SparkContext: Created broadcast 4 from parquet at NativeMethodAccessorImpl.java:0
[2026-04-05T20:27:18.570+0000] {subprocess.py:93} INFO - 26/04/05 20:27:18 INFO FileSourceScanExec: Planning scan with bin packing, max size: 4194304 bytes, open cost is considered as scanning 4194304 bytes.
[2026-04-05T20:27:18.595+0000] {subprocess.py:93} INFO - 26/04/05 20:27:18 INFO DAGScheduler: Registering RDD 14 (parquet at NativeMethodAccessorImpl.java:0) as input to shuffle 0
[2026-04-05T20:27:18.597+0000] {subprocess.py:93} INFO - 26/04/05 20:27:18 INFO DAGScheduler: Got map stage job 2 (parquet at NativeMethodAccessorImpl.java:0) with 1 output partitions
[2026-04-05T20:27:18.597+0000] {subprocess.py:93} INFO - 26/04/05 20:27:18 INFO DAGScheduler: Final stage: ShuffleMapStage 2 (parquet at NativeMethodAccessorImpl.java:0)
[2026-04-05T20:27:18.597+0000] {subprocess.py:93} INFO - 26/04/05 20:27:18 INFO DAGScheduler: Parents of final stage: List()
[2026-04-05T20:27:18.598+0000] {subprocess.py:93} INFO - 26/04/05 20:27:18 INFO DAGScheduler: Missing parents: List()
[2026-04-05T20:27:18.598+0000] {subprocess.py:93} INFO - 26/04/05 20:27:18 INFO DAGScheduler: Submitting ShuffleMapStage 2 (MapPartitionsRDD[14] at parquet at NativeMethodAccessorImpl.java:0), which has no missing parents
[2026-04-05T20:27:18.607+0000] {subprocess.py:93} INFO - 26/04/05 20:27:18 INFO MemoryStore: Block broadcast_5 stored as values in memory (estimated size 37.0 KiB, free 433.9 MiB)
[2026-04-05T20:27:18.611+0000] {subprocess.py:93} INFO - 26/04/05 20:27:18 INFO MemoryStore: Block broadcast_5_piece0 stored as bytes in memory (estimated size 16.8 KiB, free 433.9 MiB)
[2026-04-05T20:27:18.612+0000] {subprocess.py:93} INFO - 26/04/05 20:27:18 INFO BlockManagerInfo: Added broadcast_5_piece0 in memory on 7c36fe5f1e47:40855 (size: 16.8 KiB, free: 434.3 MiB)
[2026-04-05T20:27:18.613+0000] {subprocess.py:93} INFO - 26/04/05 20:27:18 INFO BlockManagerInfo: Removed broadcast_2_piece0 on 7c36fe5f1e47:40855 in memory (size: 35.2 KiB, free: 434.3 MiB)
[2026-04-05T20:27:18.613+0000] {subprocess.py:93} INFO - 26/04/05 20:27:18 INFO SparkContext: Created broadcast 5 from broadcast at DAGScheduler.scala:1611
[2026-04-05T20:27:18.614+0000] {subprocess.py:93} INFO - 26/04/05 20:27:18 INFO DAGScheduler: Submitting 1 missing tasks from ShuffleMapStage 2 (MapPartitionsRDD[14] at parquet at NativeMethodAccessorImpl.java:0) (first 15 tasks are for partitions Vector(0))
[2026-04-05T20:27:18.615+0000] {subprocess.py:93} INFO - 26/04/05 20:27:18 INFO TaskSchedulerImpl: Adding task set 2.0 with 1 tasks resource profile 0
[2026-04-05T20:27:18.615+0000] {subprocess.py:93} INFO - 26/04/05 20:27:18 INFO BlockManagerInfo: Removed broadcast_2_piece0 on 172.18.0.5:45167 in memory (size: 35.2 KiB, free: 434.4 MiB)
[2026-04-05T20:27:18.615+0000] {subprocess.py:93} INFO - 26/04/05 20:27:18 INFO TaskSetManager: Starting task 0.0 in stage 2.0 (TID 2) (172.18.0.5, executor 0, partition 0, PROCESS_LOCAL, 10331 bytes)
[2026-04-05T20:27:18.633+0000] {subprocess.py:93} INFO - 26/04/05 20:27:18 INFO BlockManagerInfo: Added broadcast_5_piece0 in memory on 172.18.0.5:45167 (size: 16.8 KiB, free: 434.4 MiB)
[2026-04-05T20:27:18.778+0000] {subprocess.py:93} INFO - 26/04/05 20:27:18 INFO BlockManagerInfo: Added broadcast_4_piece0 in memory on 172.18.0.5:45167 (size: 35.2 KiB, free: 434.3 MiB)
[2026-04-05T20:27:19.073+0000] {subprocess.py:93} INFO - 26/04/05 20:27:19 INFO TaskSetManager: Finished task 0.0 in stage 2.0 (TID 2) in 458 ms on 172.18.0.5 (executor 0) (1/1)
[2026-04-05T20:27:19.075+0000] {subprocess.py:93} INFO - 26/04/05 20:27:19 INFO TaskSchedulerImpl: Removed TaskSet 2.0, whose tasks have all completed, from pool
[2026-04-05T20:27:19.075+0000] {subprocess.py:93} INFO - 26/04/05 20:27:19 INFO DAGScheduler: ShuffleMapStage 2 (parquet at NativeMethodAccessorImpl.java:0) finished in 0.474 s
[2026-04-05T20:27:19.075+0000] {subprocess.py:93} INFO - 26/04/05 20:27:19 INFO DAGScheduler: looking for newly runnable stages
[2026-04-05T20:27:19.076+0000] {subprocess.py:93} INFO - 26/04/05 20:27:19 INFO DAGScheduler: running: Set()
[2026-04-05T20:27:19.076+0000] {subprocess.py:93} INFO - 26/04/05 20:27:19 INFO DAGScheduler: waiting: Set()
[2026-04-05T20:27:19.076+0000] {subprocess.py:93} INFO - 26/04/05 20:27:19 INFO DAGScheduler: failed: Set()
[2026-04-05T20:27:19.086+0000] {subprocess.py:93} INFO - 26/04/05 20:27:19 INFO ShufflePartitionsUtil: For shuffle(0), advisory target size: 67108864, actual target size 1048576, minimum partition size: 1048576
[2026-04-05T20:27:19.140+0000] {subprocess.py:93} INFO - 26/04/05 20:27:19 INFO ParquetUtils: Using default output committer for Parquet: org.apache.parquet.hadoop.ParquetOutputCommitter
[2026-04-05T20:27:19.161+0000] {subprocess.py:93} INFO - 26/04/05 20:27:19 INFO FileOutputCommitter: File Output Committer Algorithm version is 1
[2026-04-05T20:27:19.162+0000] {subprocess.py:93} INFO - 26/04/05 20:27:19 INFO FileOutputCommitter: FileOutputCommitter skip cleanup _temporary folders under output directory:false, ignore cleanup failures: false
[2026-04-05T20:27:19.162+0000] {subprocess.py:93} INFO - 26/04/05 20:27:19 INFO SQLHadoopMapReduceCommitProtocol: Using user defined output committer class org.apache.parquet.hadoop.ParquetOutputCommitter
[2026-04-05T20:27:19.162+0000] {subprocess.py:93} INFO - 26/04/05 20:27:19 INFO FileOutputCommitter: File Output Committer Algorithm version is 1
[2026-04-05T20:27:19.163+0000] {subprocess.py:93} INFO - 26/04/05 20:27:19 INFO FileOutputCommitter: FileOutputCommitter skip cleanup _temporary folders under output directory:false, ignore cleanup failures: false
[2026-04-05T20:27:19.163+0000] {subprocess.py:93} INFO - 26/04/05 20:27:19 INFO SQLHadoopMapReduceCommitProtocol: Using output committer class org.apache.parquet.hadoop.ParquetOutputCommitter
[2026-04-05T20:27:19.271+0000] {subprocess.py:93} INFO - 26/04/05 20:27:19 INFO CodeGenerator: Code generated in 7.311673 ms
[2026-04-05T20:27:19.283+0000] {subprocess.py:93} INFO - 26/04/05 20:27:19 INFO SparkContext: Starting job: parquet at NativeMethodAccessorImpl.java:0
[2026-04-05T20:27:19.284+0000] {subprocess.py:93} INFO - 26/04/05 20:27:19 INFO DAGScheduler: Got job 3 (parquet at NativeMethodAccessorImpl.java:0) with 1 output partitions
[2026-04-05T20:27:19.285+0000] {subprocess.py:93} INFO - 26/04/05 20:27:19 INFO DAGScheduler: Final stage: ResultStage 4 (parquet at NativeMethodAccessorImpl.java:0)
[2026-04-05T20:27:19.285+0000] {subprocess.py:93} INFO - 26/04/05 20:27:19 INFO DAGScheduler: Parents of final stage: List(ShuffleMapStage 3)
[2026-04-05T20:27:19.286+0000] {subprocess.py:93} INFO - 26/04/05 20:27:19 INFO DAGScheduler: Missing parents: List()
[2026-04-05T20:27:19.286+0000] {subprocess.py:93} INFO - 26/04/05 20:27:19 INFO DAGScheduler: Submitting ResultStage 4 (MapPartitionsRDD[18] at parquet at NativeMethodAccessorImpl.java:0), which has no missing parents
[2026-04-05T20:27:19.308+0000] {subprocess.py:93} INFO - 26/04/05 20:27:19 INFO MemoryStore: Block broadcast_6 stored as values in memory (estimated size 250.1 KiB, free 433.9 MiB)
[2026-04-05T20:27:19.314+0000] {subprocess.py:93} INFO - 26/04/05 20:27:19 INFO MemoryStore: Block broadcast_6_piece0 stored as bytes in memory (estimated size 92.2 KiB, free 433.8 MiB)
[2026-04-05T20:27:19.315+0000] {subprocess.py:93} INFO - 26/04/05 20:27:19 INFO BlockManagerInfo: Added broadcast_6_piece0 in memory on 7c36fe5f1e47:40855 (size: 92.2 KiB, free: 434.3 MiB)
[2026-04-05T20:27:19.315+0000] {subprocess.py:93} INFO - 26/04/05 20:27:19 INFO BlockManagerInfo: Removed broadcast_5_piece0 on 7c36fe5f1e47:40855 in memory (size: 16.8 KiB, free: 434.3 MiB)
[2026-04-05T20:27:19.316+0000] {subprocess.py:93} INFO - 26/04/05 20:27:19 INFO SparkContext: Created broadcast 6 from broadcast at DAGScheduler.scala:1611
[2026-04-05T20:27:19.316+0000] {subprocess.py:93} INFO - 26/04/05 20:27:19 INFO DAGScheduler: Submitting 1 missing tasks from ResultStage 4 (MapPartitionsRDD[18] at parquet at NativeMethodAccessorImpl.java:0) (first 15 tasks are for partitions Vector(0))
[2026-04-05T20:27:19.316+0000] {subprocess.py:93} INFO - 26/04/05 20:27:19 INFO TaskSchedulerImpl: Adding task set 4.0 with 1 tasks resource profile 0
[2026-04-05T20:27:19.317+0000] {subprocess.py:93} INFO - 26/04/05 20:27:19 INFO BlockManagerInfo: Removed broadcast_5_piece0 on 172.18.0.5:45167 in memory (size: 16.8 KiB, free: 434.4 MiB)
[2026-04-05T20:27:19.319+0000] {subprocess.py:93} INFO - 26/04/05 20:27:19 INFO TaskSetManager: Starting task 0.0 in stage 4.0 (TID 3) (172.18.0.5, executor 0, partition 0, NODE_LOCAL, 9733 bytes)
[2026-04-05T20:27:19.332+0000] {subprocess.py:93} INFO - 26/04/05 20:27:19 INFO BlockManagerInfo: Added broadcast_6_piece0 in memory on 172.18.0.5:45167 (size: 92.2 KiB, free: 434.3 MiB)
[2026-04-05T20:27:19.381+0000] {subprocess.py:93} INFO - 26/04/05 20:27:19 INFO MapOutputTrackerMasterEndpoint: Asked to send map output locations for shuffle 0 to 172.18.0.5:39758
[2026-04-05T20:27:20.327+0000] {subprocess.py:93} INFO - 26/04/05 20:27:20 INFO TaskSetManager: Finished task 0.0 in stage 4.0 (TID 3) in 1009 ms on 172.18.0.5 (executor 0) (1/1)
[2026-04-05T20:27:20.327+0000] {subprocess.py:93} INFO - 26/04/05 20:27:20 INFO TaskSchedulerImpl: Removed TaskSet 4.0, whose tasks have all completed, from pool
[2026-04-05T20:27:20.328+0000] {subprocess.py:93} INFO - 26/04/05 20:27:20 INFO DAGScheduler: ResultStage 4 (parquet at NativeMethodAccessorImpl.java:0) finished in 1.033 s
[2026-04-05T20:27:20.328+0000] {subprocess.py:93} INFO - 26/04/05 20:27:20 INFO DAGScheduler: Job 3 is finished. Cancelling potential speculative or zombie tasks for this job
[2026-04-05T20:27:20.328+0000] {subprocess.py:93} INFO - 26/04/05 20:27:20 INFO TaskSchedulerImpl: Killing all running tasks in stage 4: Stage finished
[2026-04-05T20:27:20.328+0000] {subprocess.py:93} INFO - 26/04/05 20:27:20 INFO DAGScheduler: Job 3 finished: parquet at NativeMethodAccessorImpl.java:0, took 1.044872 s
[2026-04-05T20:27:20.329+0000] {subprocess.py:93} INFO - 26/04/05 20:27:20 INFO FileFormatWriter: Start to commit write Job e4deafb2-e5d5-49a2-9fef-5f6e29286310.
[2026-04-05T20:27:20.464+0000] {subprocess.py:93} INFO - 26/04/05 20:27:20 INFO FileFormatWriter: Write Job e4deafb2-e5d5-49a2-9fef-5f6e29286310 committed. Elapsed time: 133 ms.
[2026-04-05T20:27:20.466+0000] {subprocess.py:93} INFO - 26/04/05 20:27:20 INFO FileFormatWriter: Finished processing stats for write job e4deafb2-e5d5-49a2-9fef-5f6e29286310.
[2026-04-05T20:27:20.467+0000] {subprocess.py:93} INFO - ✅ Patients Bronze → Silver complete
[2026-04-05T20:27:20.499+0000] {subprocess.py:93} INFO - 26/04/05 20:27:20 INFO SparkContext: Invoking stop() from shutdown hook
[2026-04-05T20:27:20.499+0000] {subprocess.py:93} INFO - 26/04/05 20:27:20 INFO SparkContext: SparkContext is stopping with exitCode 0.
[2026-04-05T20:27:20.506+0000] {subprocess.py:93} INFO - 26/04/05 20:27:20 INFO SparkUI: Stopped Spark web UI at http://7c36fe5f1e47:4040
[2026-04-05T20:27:20.507+0000] {subprocess.py:93} INFO - 26/04/05 20:27:20 INFO StandaloneSchedulerBackend: Shutting down all executors
[2026-04-05T20:27:20.508+0000] {subprocess.py:93} INFO - 26/04/05 20:27:20 INFO StandaloneSchedulerBackend$StandaloneDriverEndpoint: Asking each executor to shut down
[2026-04-05T20:27:20.518+0000] {subprocess.py:93} INFO - 26/04/05 20:27:20 INFO MapOutputTrackerMasterEndpoint: MapOutputTrackerMasterEndpoint stopped!
[2026-04-05T20:27:20.532+0000] {subprocess.py:93} INFO - 26/04/05 20:27:20 INFO MemoryStore: MemoryStore cleared
[2026-04-05T20:27:20.533+0000] {subprocess.py:93} INFO - 26/04/05 20:27:20 INFO BlockManager: BlockManager stopped
[2026-04-05T20:27:20.535+0000] {subprocess.py:93} INFO - 26/04/05 20:27:20 INFO BlockManagerMaster: BlockManagerMaster stopped
[2026-04-05T20:27:20.537+0000] {subprocess.py:93} INFO - 26/04/05 20:27:20 INFO OutputCommitCoordinator$OutputCommitCoordinatorEndpoint: OutputCommitCoordinator stopped!
[2026-04-05T20:27:20.621+0000] {subprocess.py:93} INFO - 26/04/05 20:27:20 INFO SparkContext: Successfully stopped SparkContext
[2026-04-05T20:27:20.622+0000] {subprocess.py:93} INFO - 26/04/05 20:27:20 INFO ShutdownHookManager: Shutdown hook called
[2026-04-05T20:27:20.622+0000] {subprocess.py:93} INFO - 26/04/05 20:27:20 INFO ShutdownHookManager: Deleting directory /tmp/spark-a93c4784-1067-4901-b658-2bc9d257b3ae
[2026-04-05T20:27:20.628+0000] {subprocess.py:93} INFO - 26/04/05 20:27:20 INFO ShutdownHookManager: Deleting directory /tmp/spark-d9d64335-3d35-4a16-b501-03eb7ec1b139
[2026-04-05T20:27:20.632+0000] {subprocess.py:93} INFO - 26/04/05 20:27:20 INFO ShutdownHookManager: Deleting directory /tmp/spark-d9d64335-3d35-4a16-b501-03eb7ec1b139/pyspark-68a2bb61-a09e-4ff8-8f7b-b279588d6989
[2026-04-05T20:27:20.639+0000] {subprocess.py:93} INFO - 26/04/05 20:27:20 INFO MetricsSystemImpl: Stopping s3a-file-system metrics system...
[2026-04-05T20:27:20.640+0000] {subprocess.py:93} INFO - 26/04/05 20:27:20 INFO MetricsSystemImpl: s3a-file-system metrics system stopped.
[2026-04-05T20:27:20.640+0000] {subprocess.py:93} INFO - 26/04/05 20:27:20 INFO MetricsSystemImpl: s3a-file-system metrics system shutdown complete.
[2026-04-05T20:27:20.723+0000] {subprocess.py:97} INFO - Command exited with return code 0
[2026-04-05T20:27:20.749+0000] {taskinstance.py:1149} INFO - Marking task as SUCCESS. dag_id=bronze_to_silver_patients, task_id=run_spark_patients, execution_date=20260405T201459, start_date=20260405T201500, end_date=20260405T202720
[2026-04-05T20:27:20.774+0000] {local_task_job_runner.py:234} INFO - Task exited with return code 0
[2026-04-05T20:27:20.788+0000] {taskinstance.py:3312} INFO - 0 downstream tasks scheduled from follow-on schedule check
