[2026-04-06T14:36:45.121+0000] {taskinstance.py:1979} INFO - Dependencies all met for dep_context=non-requeueable deps ti=<TaskInstance: bronze_to_silver_and_gold.run_encounters_silver manual__2026-04-06T14:36:44.740338+00:00 [queued]>
[2026-04-06T14:36:45.130+0000] {taskinstance.py:1979} INFO - Dependencies all met for dep_context=requeueable deps ti=<TaskInstance: bronze_to_silver_and_gold.run_encounters_silver manual__2026-04-06T14:36:44.740338+00:00 [queued]>
[2026-04-06T14:36:45.130+0000] {taskinstance.py:2193} INFO - Starting attempt 1 of 1
[2026-04-06T14:36:45.140+0000] {taskinstance.py:2217} INFO - Executing <Task(BashOperator): run_encounters_silver> on 2026-04-06 14:36:44.740338+00:00
[2026-04-06T14:36:45.146+0000] {standard_task_runner.py:60} INFO - Started process 193 to run task
[2026-04-06T14:36:45.151+0000] {standard_task_runner.py:87} INFO - Running: ['airflow', 'tasks', 'run', 'bronze_to_silver_and_gold', 'run_encounters_silver', 'manual__2026-04-06T14:36:44.740338+00:00', '--job-id', '22', '--raw', '--subdir', 'DAGS_FOLDER/bronze_to_silver_dag.py', '--cfg-path', '/tmp/tmprfeiyn_r']
[2026-04-06T14:36:45.154+0000] {standard_task_runner.py:88} INFO - Job 22: Subtask run_encounters_silver
[2026-04-06T14:36:45.210+0000] {task_command.py:423} INFO - Running <TaskInstance: bronze_to_silver_and_gold.run_encounters_silver manual__2026-04-06T14:36:44.740338+00:00 [running]> on host 7c36fe5f1e47
[2026-04-06T14:36:45.294+0000] {taskinstance.py:2513} INFO - Exporting env vars: AIRFLOW_CTX_DAG_OWNER='airflow' AIRFLOW_CTX_DAG_ID='bronze_to_silver_and_gold' AIRFLOW_CTX_TASK_ID='run_encounters_silver' AIRFLOW_CTX_EXECUTION_DATE='2026-04-06T14:36:44.740338+00:00' AIRFLOW_CTX_TRY_NUMBER='1' AIRFLOW_CTX_DAG_RUN_ID='manual__2026-04-06T14:36:44.740338+00:00'
[2026-04-06T14:36:45.295+0000] {subprocess.py:63} INFO - Tmp dir root location: /tmp
[2026-04-06T14:36:45.298+0000] {subprocess.py:75} INFO - Running command: ['/usr/bin/bash', '-c', '\n/opt/spark/bin/spark-submit \\\n  --master spark://spark-master:7077 \\\n  --packages org.apache.hadoop:hadoop-aws:3.3.4,com.amazonaws:aws-java-sdk-bundle:1.12.262 \\\n  --conf spark.hadoop.fs.s3a.endpoint=http://minio:9000 \\\n  --conf spark.hadoop.fs.s3a.access.key=minioadmin \\\n  --conf spark.hadoop.fs.s3a.secret.key=minioadmin \\\n  --conf spark.hadoop.fs.s3a.path.style.access=true \\\n  --conf spark.hadoop.fs.s3a.impl=org.apache.hadoop.fs.s3a.S3AFileSystem \\\n  /opt/airflow/spark/jobs/bronze_to_silver_encounters.py']
[2026-04-06T14:36:45.308+0000] {subprocess.py:86} INFO - Output:
[2026-04-06T14:36:47.069+0000] {subprocess.py:93} INFO - :: loading settings :: url = jar:file:/opt/spark-3.5.6-bin-hadoop3/jars/ivy-2.5.1.jar!/org/apache/ivy/core/settings/ivysettings.xml
[2026-04-06T14:36:47.157+0000] {subprocess.py:93} INFO - Ivy Default Cache set to: /home/airflow/.ivy2/cache
[2026-04-06T14:36:47.160+0000] {subprocess.py:93} INFO - The jars for the packages stored in: /home/airflow/.ivy2/jars
[2026-04-06T14:36:47.161+0000] {subprocess.py:93} INFO - org.apache.hadoop#hadoop-aws added as a dependency
[2026-04-06T14:36:47.161+0000] {subprocess.py:93} INFO - com.amazonaws#aws-java-sdk-bundle added as a dependency
[2026-04-06T14:36:47.162+0000] {subprocess.py:93} INFO - :: resolving dependencies :: org.apache.spark#spark-submit-parent-c23cde31-bb47-4e2e-98de-189e2db88312;1.0
[2026-04-06T14:36:47.162+0000] {subprocess.py:93} INFO - 	confs: [default]
[2026-04-06T14:36:47.319+0000] {subprocess.py:93} INFO - 	found org.apache.hadoop#hadoop-aws;3.3.4 in central
[2026-04-06T14:36:47.360+0000] {subprocess.py:93} INFO - 	found com.amazonaws#aws-java-sdk-bundle;1.12.262 in central
[2026-04-06T14:36:47.379+0000] {subprocess.py:93} INFO - 	found org.wildfly.openssl#wildfly-openssl;1.0.7.Final in central
[2026-04-06T14:36:47.402+0000] {subprocess.py:93} INFO - :: resolution report :: resolve 230ms :: artifacts dl 8ms
[2026-04-06T14:36:47.403+0000] {subprocess.py:93} INFO - 	:: modules in use:
[2026-04-06T14:36:47.403+0000] {subprocess.py:93} INFO - 	com.amazonaws#aws-java-sdk-bundle;1.12.262 from central in [default]
[2026-04-06T14:36:47.404+0000] {subprocess.py:93} INFO - 	org.apache.hadoop#hadoop-aws;3.3.4 from central in [default]
[2026-04-06T14:36:47.404+0000] {subprocess.py:93} INFO - 	org.wildfly.openssl#wildfly-openssl;1.0.7.Final from central in [default]
[2026-04-06T14:36:47.405+0000] {subprocess.py:93} INFO - 	---------------------------------------------------------------------
[2026-04-06T14:36:47.405+0000] {subprocess.py:93} INFO - 	|                  |            modules            ||   artifacts   |
[2026-04-06T14:36:47.405+0000] {subprocess.py:93} INFO - 	|       conf       | number| search|dwnlded|evicted|| number|dwnlded|
[2026-04-06T14:36:47.405+0000] {subprocess.py:93} INFO - 	---------------------------------------------------------------------
[2026-04-06T14:36:47.406+0000] {subprocess.py:93} INFO - 	|      default     |   3   |   0   |   0   |   0   ||   3   |   0   |
[2026-04-06T14:36:47.406+0000] {subprocess.py:93} INFO - 	---------------------------------------------------------------------
[2026-04-06T14:36:47.406+0000] {subprocess.py:93} INFO - :: retrieving :: org.apache.spark#spark-submit-parent-c23cde31-bb47-4e2e-98de-189e2db88312
[2026-04-06T14:36:47.406+0000] {subprocess.py:93} INFO - 	confs: [default]
[2026-04-06T14:36:47.414+0000] {subprocess.py:93} INFO - 	0 artifacts copied, 3 already retrieved (0kB/7ms)
[2026-04-06T14:36:47.597+0000] {subprocess.py:93} INFO - 26/04/06 14:36:47 WARN NativeCodeLoader: Unable to load native-hadoop library for your platform... using builtin-java classes where applicable
[2026-04-06T14:36:48.372+0000] {subprocess.py:93} INFO - 26/04/06 14:36:48 INFO SparkContext: Running Spark version 3.5.6
[2026-04-06T14:36:48.372+0000] {subprocess.py:93} INFO - 26/04/06 14:36:48 INFO SparkContext: OS info Linux, 6.6.87.2-microsoft-standard-WSL2, amd64
[2026-04-06T14:36:48.372+0000] {subprocess.py:93} INFO - 26/04/06 14:36:48 INFO SparkContext: Java version 17.0.18
[2026-04-06T14:36:48.392+0000] {subprocess.py:93} INFO - 26/04/06 14:36:48 INFO ResourceUtils: ==============================================================
[2026-04-06T14:36:48.393+0000] {subprocess.py:93} INFO - 26/04/06 14:36:48 INFO ResourceUtils: No custom resources configured for spark.driver.
[2026-04-06T14:36:48.396+0000] {subprocess.py:93} INFO - 26/04/06 14:36:48 INFO ResourceUtils: ==============================================================
[2026-04-06T14:36:48.397+0000] {subprocess.py:93} INFO - 26/04/06 14:36:48 INFO SparkContext: Submitted application: bronze_to_silver_encounters
[2026-04-06T14:36:48.413+0000] {subprocess.py:93} INFO - 26/04/06 14:36:48 INFO ResourceProfile: Default ResourceProfile created, executor resources: Map(memory -> name: memory, amount: 1024, script: , vendor: , offHeap -> name: offHeap, amount: 0, script: , vendor: ), task resources: Map(cpus -> name: cpus, amount: 1.0)
[2026-04-06T14:36:48.418+0000] {subprocess.py:93} INFO - 26/04/06 14:36:48 INFO ResourceProfile: Limiting resource is cpu
[2026-04-06T14:36:48.419+0000] {subprocess.py:93} INFO - 26/04/06 14:36:48 INFO ResourceProfileManager: Added ResourceProfile id: 0
[2026-04-06T14:36:48.484+0000] {subprocess.py:93} INFO - 26/04/06 14:36:48 INFO SecurityManager: Changing view acls to: airflow
[2026-04-06T14:36:48.484+0000] {subprocess.py:93} INFO - 26/04/06 14:36:48 INFO SecurityManager: Changing modify acls to: airflow
[2026-04-06T14:36:48.485+0000] {subprocess.py:93} INFO - 26/04/06 14:36:48 INFO SecurityManager: Changing view acls groups to:
[2026-04-06T14:36:48.485+0000] {subprocess.py:93} INFO - 26/04/06 14:36:48 INFO SecurityManager: Changing modify acls groups to:
[2026-04-06T14:36:48.486+0000] {subprocess.py:93} INFO - 26/04/06 14:36:48 INFO SecurityManager: SecurityManager: authentication disabled; ui acls disabled; users with view permissions: airflow; groups with view permissions: EMPTY; users with modify permissions: airflow; groups with modify permissions: EMPTY
[2026-04-06T14:36:48.652+0000] {subprocess.py:93} INFO - 26/04/06 14:36:48 INFO Utils: Successfully started service 'sparkDriver' on port 44529.
[2026-04-06T14:36:48.679+0000] {subprocess.py:93} INFO - 26/04/06 14:36:48 INFO SparkEnv: Registering MapOutputTracker
[2026-04-06T14:36:48.709+0000] {subprocess.py:93} INFO - 26/04/06 14:36:48 INFO SparkEnv: Registering BlockManagerMaster
[2026-04-06T14:36:48.726+0000] {subprocess.py:93} INFO - 26/04/06 14:36:48 INFO BlockManagerMasterEndpoint: Using org.apache.spark.storage.DefaultTopologyMapper for getting topology information
[2026-04-06T14:36:48.726+0000] {subprocess.py:93} INFO - 26/04/06 14:36:48 INFO BlockManagerMasterEndpoint: BlockManagerMasterEndpoint up
[2026-04-06T14:36:48.729+0000] {subprocess.py:93} INFO - 26/04/06 14:36:48 INFO SparkEnv: Registering BlockManagerMasterHeartbeat
[2026-04-06T14:36:48.750+0000] {subprocess.py:93} INFO - 26/04/06 14:36:48 INFO DiskBlockManager: Created local directory at /tmp/blockmgr-6e6802eb-6cf6-4891-a5d4-f444146c2cfa
[2026-04-06T14:36:48.759+0000] {subprocess.py:93} INFO - 26/04/06 14:36:48 INFO MemoryStore: MemoryStore started with capacity 434.4 MiB
[2026-04-06T14:36:48.770+0000] {subprocess.py:93} INFO - 26/04/06 14:36:48 INFO SparkEnv: Registering OutputCommitCoordinator
[2026-04-06T14:36:48.875+0000] {subprocess.py:93} INFO - 26/04/06 14:36:48 INFO JettyUtils: Start Jetty 0.0.0.0:4040 for SparkUI
[2026-04-06T14:36:48.914+0000] {subprocess.py:93} INFO - 26/04/06 14:36:48 WARN Utils: Service 'SparkUI' could not bind on port 4040. Attempting port 4041.
[2026-04-06T14:36:48.921+0000] {subprocess.py:93} INFO - 26/04/06 14:36:48 INFO Utils: Successfully started service 'SparkUI' on port 4041.
[2026-04-06T14:36:48.946+0000] {subprocess.py:93} INFO - 26/04/06 14:36:48 INFO SparkContext: Added JAR file:///home/airflow/.ivy2/jars/org.apache.hadoop_hadoop-aws-3.3.4.jar at spark://7c36fe5f1e47:44529/jars/org.apache.hadoop_hadoop-aws-3.3.4.jar with timestamp 1775486208366
[2026-04-06T14:36:48.946+0000] {subprocess.py:93} INFO - 26/04/06 14:36:48 INFO SparkContext: Added JAR file:///home/airflow/.ivy2/jars/com.amazonaws_aws-java-sdk-bundle-1.12.262.jar at spark://7c36fe5f1e47:44529/jars/com.amazonaws_aws-java-sdk-bundle-1.12.262.jar with timestamp 1775486208366
[2026-04-06T14:36:48.947+0000] {subprocess.py:93} INFO - 26/04/06 14:36:48 INFO SparkContext: Added JAR file:///home/airflow/.ivy2/jars/org.wildfly.openssl_wildfly-openssl-1.0.7.Final.jar at spark://7c36fe5f1e47:44529/jars/org.wildfly.openssl_wildfly-openssl-1.0.7.Final.jar with timestamp 1775486208366
[2026-04-06T14:36:48.949+0000] {subprocess.py:93} INFO - 26/04/06 14:36:48 INFO SparkContext: Added file file:///home/airflow/.ivy2/jars/org.apache.hadoop_hadoop-aws-3.3.4.jar at spark://7c36fe5f1e47:44529/files/org.apache.hadoop_hadoop-aws-3.3.4.jar with timestamp 1775486208366
[2026-04-06T14:36:48.950+0000] {subprocess.py:93} INFO - 26/04/06 14:36:48 INFO Utils: Copying /home/airflow/.ivy2/jars/org.apache.hadoop_hadoop-aws-3.3.4.jar to /tmp/spark-f7f287d7-7c99-4a0e-8f7e-043058e34a13/userFiles-0012e72d-b225-4d3a-9c7f-3756eb966d95/org.apache.hadoop_hadoop-aws-3.3.4.jar
[2026-04-06T14:36:48.962+0000] {subprocess.py:93} INFO - 26/04/06 14:36:48 INFO SparkContext: Added file file:///home/airflow/.ivy2/jars/com.amazonaws_aws-java-sdk-bundle-1.12.262.jar at spark://7c36fe5f1e47:44529/files/com.amazonaws_aws-java-sdk-bundle-1.12.262.jar with timestamp 1775486208366
[2026-04-06T14:36:48.962+0000] {subprocess.py:93} INFO - 26/04/06 14:36:48 INFO Utils: Copying /home/airflow/.ivy2/jars/com.amazonaws_aws-java-sdk-bundle-1.12.262.jar to /tmp/spark-f7f287d7-7c99-4a0e-8f7e-043058e34a13/userFiles-0012e72d-b225-4d3a-9c7f-3756eb966d95/com.amazonaws_aws-java-sdk-bundle-1.12.262.jar
[2026-04-06T14:36:49.954+0000] {subprocess.py:93} INFO - 26/04/06 14:36:49 INFO SparkContext: Added file file:///home/airflow/.ivy2/jars/org.wildfly.openssl_wildfly-openssl-1.0.7.Final.jar at spark://7c36fe5f1e47:44529/files/org.wildfly.openssl_wildfly-openssl-1.0.7.Final.jar with timestamp 1775486208366
[2026-04-06T14:36:49.956+0000] {subprocess.py:93} INFO - 26/04/06 14:36:49 INFO Utils: Copying /home/airflow/.ivy2/jars/org.wildfly.openssl_wildfly-openssl-1.0.7.Final.jar to /tmp/spark-f7f287d7-7c99-4a0e-8f7e-043058e34a13/userFiles-0012e72d-b225-4d3a-9c7f-3756eb966d95/org.wildfly.openssl_wildfly-openssl-1.0.7.Final.jar
[2026-04-06T14:36:50.014+0000] {subprocess.py:93} INFO - 26/04/06 14:36:50 INFO StandaloneAppClient$ClientEndpoint: Connecting to master spark://spark-master:7077...
[2026-04-06T14:36:50.042+0000] {subprocess.py:93} INFO - 26/04/06 14:36:50 INFO TransportClientFactory: Successfully created connection to spark-master/172.18.0.2:7077 after 16 ms (0 ms spent in bootstraps)
[2026-04-06T14:36:50.212+0000] {subprocess.py:93} INFO - 26/04/06 14:36:50 INFO StandaloneSchedulerBackend: Connected to Spark cluster with app ID app-20260406143650-0002
[2026-04-06T14:36:50.221+0000] {subprocess.py:93} INFO - 26/04/06 14:36:50 INFO Utils: Successfully started service 'org.apache.spark.network.netty.NettyBlockTransferService' on port 43687.
[2026-04-06T14:36:50.221+0000] {subprocess.py:93} INFO - 26/04/06 14:36:50 INFO NettyBlockTransferService: Server created on 7c36fe5f1e47:43687
[2026-04-06T14:36:50.222+0000] {subprocess.py:93} INFO - 26/04/06 14:36:50 INFO BlockManager: Using org.apache.spark.storage.RandomBlockReplicationPolicy for block replication policy
[2026-04-06T14:36:50.226+0000] {subprocess.py:93} INFO - 26/04/06 14:36:50 INFO BlockManagerMaster: Registering BlockManager BlockManagerId(driver, 7c36fe5f1e47, 43687, None)
[2026-04-06T14:36:50.229+0000] {subprocess.py:93} INFO - 26/04/06 14:36:50 INFO BlockManagerMasterEndpoint: Registering block manager 7c36fe5f1e47:43687 with 434.4 MiB RAM, BlockManagerId(driver, 7c36fe5f1e47, 43687, None)
[2026-04-06T14:36:50.231+0000] {subprocess.py:93} INFO - 26/04/06 14:36:50 INFO BlockManagerMaster: Registered BlockManager BlockManagerId(driver, 7c36fe5f1e47, 43687, None)
[2026-04-06T14:36:50.232+0000] {subprocess.py:93} INFO - 26/04/06 14:36:50 INFO BlockManager: Initialized BlockManager: BlockManagerId(driver, 7c36fe5f1e47, 43687, None)
[2026-04-06T14:36:50.391+0000] {subprocess.py:93} INFO - 26/04/06 14:36:50 INFO StandaloneSchedulerBackend: SchedulerBackend is ready for scheduling beginning after reached minRegisteredResourcesRatio: 0.0
[2026-04-06T14:36:50.558+0000] {subprocess.py:93} INFO - 26/04/06 14:36:50 INFO SharedState: Setting hive.metastore.warehouse.dir ('null') to the value of spark.sql.warehouse.dir.
[2026-04-06T14:36:50.562+0000] {subprocess.py:93} INFO - 26/04/06 14:36:50 INFO SharedState: Warehouse path is 'file:/tmp/airflowtmp3a4w9psm/spark-warehouse'.
[2026-04-06T14:36:51.337+0000] {subprocess.py:93} INFO - 26/04/06 14:36:51 WARN MetricsConfig: Cannot locate configuration: tried hadoop-metrics2-s3a-file-system.properties,hadoop-metrics2.properties
[2026-04-06T14:36:51.345+0000] {subprocess.py:93} INFO - 26/04/06 14:36:51 INFO MetricsSystemImpl: Scheduled Metric snapshot period at 10 second(s).
[2026-04-06T14:36:51.346+0000] {subprocess.py:93} INFO - 26/04/06 14:36:51 INFO MetricsSystemImpl: s3a-file-system metrics system started
[2026-04-06T14:36:52.127+0000] {subprocess.py:93} INFO - 26/04/06 14:36:52 INFO InMemoryFileIndex: It took 50 ms to list leaf files for 1 paths.
[2026-04-06T14:36:52.199+0000] {subprocess.py:93} INFO - 26/04/06 14:36:52 INFO InMemoryFileIndex: It took 15 ms to list leaf files for 1 paths.
[2026-04-06T14:36:53.627+0000] {subprocess.py:93} INFO - 26/04/06 14:36:53 INFO FileSourceStrategy: Pushed Filters:
[2026-04-06T14:36:53.629+0000] {subprocess.py:93} INFO - 26/04/06 14:36:53 INFO FileSourceStrategy: Post-Scan Filters: (length(trim(value#0, None)) > 0)
[2026-04-06T14:36:53.964+0000] {subprocess.py:93} INFO - 26/04/06 14:36:53 INFO CodeGenerator: Code generated in 154.005243 ms
[2026-04-06T14:36:54.008+0000] {subprocess.py:93} INFO - 26/04/06 14:36:54 INFO MemoryStore: Block broadcast_0 stored as values in memory (estimated size 203.2 KiB, free 434.2 MiB)
[2026-04-06T14:36:54.049+0000] {subprocess.py:93} INFO - 26/04/06 14:36:54 INFO MemoryStore: Block broadcast_0_piece0 stored as bytes in memory (estimated size 35.2 KiB, free 434.2 MiB)
[2026-04-06T14:36:54.053+0000] {subprocess.py:93} INFO - 26/04/06 14:36:54 INFO BlockManagerInfo: Added broadcast_0_piece0 in memory on 7c36fe5f1e47:43687 (size: 35.2 KiB, free: 434.4 MiB)
[2026-04-06T14:36:54.057+0000] {subprocess.py:93} INFO - 26/04/06 14:36:54 INFO SparkContext: Created broadcast 0 from csv at NativeMethodAccessorImpl.java:0
[2026-04-06T14:36:54.064+0000] {subprocess.py:93} INFO - 26/04/06 14:36:54 INFO FileSourceScanExec: Planning scan with bin packing, max size: 4194304 bytes, open cost is considered as scanning 4194304 bytes.
[2026-04-06T14:36:54.137+0000] {subprocess.py:93} INFO - 26/04/06 14:36:54 INFO SparkContext: Starting job: csv at NativeMethodAccessorImpl.java:0
[2026-04-06T14:36:54.146+0000] {subprocess.py:93} INFO - 26/04/06 14:36:54 INFO DAGScheduler: Got job 0 (csv at NativeMethodAccessorImpl.java:0) with 1 output partitions
[2026-04-06T14:36:54.147+0000] {subprocess.py:93} INFO - 26/04/06 14:36:54 INFO DAGScheduler: Final stage: ResultStage 0 (csv at NativeMethodAccessorImpl.java:0)
[2026-04-06T14:36:54.147+0000] {subprocess.py:93} INFO - 26/04/06 14:36:54 INFO DAGScheduler: Parents of final stage: List()
[2026-04-06T14:36:54.147+0000] {subprocess.py:93} INFO - 26/04/06 14:36:54 INFO DAGScheduler: Missing parents: List()
[2026-04-06T14:36:54.150+0000] {subprocess.py:93} INFO - 26/04/06 14:36:54 INFO DAGScheduler: Submitting ResultStage 0 (MapPartitionsRDD[3] at csv at NativeMethodAccessorImpl.java:0), which has no missing parents
[2026-04-06T14:36:54.194+0000] {subprocess.py:93} INFO - 26/04/06 14:36:54 INFO MemoryStore: Block broadcast_1 stored as values in memory (estimated size 13.5 KiB, free 434.2 MiB)
[2026-04-06T14:36:54.199+0000] {subprocess.py:93} INFO - 26/04/06 14:36:54 INFO MemoryStore: Block broadcast_1_piece0 stored as bytes in memory (estimated size 6.4 KiB, free 434.1 MiB)
[2026-04-06T14:36:54.200+0000] {subprocess.py:93} INFO - 26/04/06 14:36:54 INFO BlockManagerInfo: Added broadcast_1_piece0 in memory on 7c36fe5f1e47:43687 (size: 6.4 KiB, free: 434.4 MiB)
[2026-04-06T14:36:54.200+0000] {subprocess.py:93} INFO - 26/04/06 14:36:54 INFO SparkContext: Created broadcast 1 from broadcast at DAGScheduler.scala:1611
[2026-04-06T14:36:54.217+0000] {subprocess.py:93} INFO - 26/04/06 14:36:54 INFO DAGScheduler: Submitting 1 missing tasks from ResultStage 0 (MapPartitionsRDD[3] at csv at NativeMethodAccessorImpl.java:0) (first 15 tasks are for partitions Vector(0))
[2026-04-06T14:36:54.218+0000] {subprocess.py:93} INFO - 26/04/06 14:36:54 INFO TaskSchedulerImpl: Adding task set 0.0 with 1 tasks resource profile 0
[2026-04-06T14:37:06.839+0000] {subprocess.py:93} INFO - 26/04/06 14:37:06 INFO StandaloneAppClient$ClientEndpoint: Executor added: app-20260406143650-0002/0 on worker-20260406143626-172.18.0.5-33621 (172.18.0.5:33621) with 16 core(s)
[2026-04-06T14:37:06.840+0000] {subprocess.py:93} INFO - 26/04/06 14:37:06 INFO StandaloneSchedulerBackend: Granted executor ID app-20260406143650-0002/0 on hostPort 172.18.0.5:33621 with 16 core(s), 1024.0 MiB RAM
[2026-04-06T14:37:06.869+0000] {subprocess.py:93} INFO - 26/04/06 14:37:06 INFO StandaloneAppClient$ClientEndpoint: Executor updated: app-20260406143650-0002/0 is now RUNNING
[2026-04-06T14:37:08.220+0000] {subprocess.py:93} INFO - 26/04/06 14:37:08 INFO StandaloneSchedulerBackend$StandaloneDriverEndpoint: Registered executor NettyRpcEndpointRef(spark-client://Executor) (172.18.0.5:35848) with ID 0,  ResourceProfileId 0
[2026-04-06T14:37:08.257+0000] {subprocess.py:93} INFO - 26/04/06 14:37:08 INFO BlockManagerMasterEndpoint: Registering block manager 172.18.0.5:44057 with 434.4 MiB RAM, BlockManagerId(0, 172.18.0.5, 44057, None)
[2026-04-06T14:37:10.144+0000] {subprocess.py:93} INFO - 26/04/06 14:37:10 INFO TaskSetManager: Starting task 0.0 in stage 0.0 (TID 0) (172.18.0.5, executor 0, partition 0, PROCESS_LOCAL, 10344 bytes)
[2026-04-06T14:37:10.262+0000] {subprocess.py:93} INFO - 26/04/06 14:37:10 INFO BlockManagerInfo: Added broadcast_1_piece0 in memory on 172.18.0.5:44057 (size: 6.4 KiB, free: 434.4 MiB)
[2026-04-06T14:37:10.715+0000] {subprocess.py:93} INFO - 26/04/06 14:37:10 INFO BlockManagerInfo: Added broadcast_0_piece0 in memory on 172.18.0.5:44057 (size: 35.2 KiB, free: 434.4 MiB)
[2026-04-06T14:37:11.358+0000] {subprocess.py:93} INFO - 26/04/06 14:37:11 INFO TaskSetManager: Finished task 0.0 in stage 0.0 (TID 0) in 1219 ms on 172.18.0.5 (executor 0) (1/1)
[2026-04-06T14:37:11.359+0000] {subprocess.py:93} INFO - 26/04/06 14:37:11 INFO TaskSchedulerImpl: Removed TaskSet 0.0, whose tasks have all completed, from pool
[2026-04-06T14:37:11.362+0000] {subprocess.py:93} INFO - 26/04/06 14:37:11 INFO DAGScheduler: ResultStage 0 (csv at NativeMethodAccessorImpl.java:0) finished in 17.203 s
[2026-04-06T14:37:11.363+0000] {subprocess.py:93} INFO - 26/04/06 14:37:11 INFO DAGScheduler: Job 0 is finished. Cancelling potential speculative or zombie tasks for this job
[2026-04-06T14:37:11.363+0000] {subprocess.py:93} INFO - 26/04/06 14:37:11 INFO TaskSchedulerImpl: Killing all running tasks in stage 0: Stage finished
[2026-04-06T14:37:11.364+0000] {subprocess.py:93} INFO - 26/04/06 14:37:11 INFO DAGScheduler: Job 0 finished: csv at NativeMethodAccessorImpl.java:0, took 17.227179 s
[2026-04-06T14:37:11.378+0000] {subprocess.py:93} INFO - 26/04/06 14:37:11 INFO CodeGenerator: Code generated in 7.186797 ms
[2026-04-06T14:37:11.404+0000] {subprocess.py:93} INFO - 26/04/06 14:37:11 INFO BlockManagerInfo: Removed broadcast_1_piece0 on 7c36fe5f1e47:43687 in memory (size: 6.4 KiB, free: 434.4 MiB)
[2026-04-06T14:37:11.409+0000] {subprocess.py:93} INFO - 26/04/06 14:37:11 INFO FileSourceStrategy: Pushed Filters:
[2026-04-06T14:37:11.409+0000] {subprocess.py:93} INFO - 26/04/06 14:37:11 INFO FileSourceStrategy: Post-Scan Filters:
[2026-04-06T14:37:11.410+0000] {subprocess.py:93} INFO - 26/04/06 14:37:11 INFO BlockManagerInfo: Removed broadcast_1_piece0 on 172.18.0.5:44057 in memory (size: 6.4 KiB, free: 434.4 MiB)
[2026-04-06T14:37:11.413+0000] {subprocess.py:93} INFO - 26/04/06 14:37:11 INFO MemoryStore: Block broadcast_2 stored as values in memory (estimated size 203.2 KiB, free 434.0 MiB)
[2026-04-06T14:37:11.422+0000] {subprocess.py:93} INFO - 26/04/06 14:37:11 INFO MemoryStore: Block broadcast_2_piece0 stored as bytes in memory (estimated size 35.2 KiB, free 433.9 MiB)
[2026-04-06T14:37:11.423+0000] {subprocess.py:93} INFO - 26/04/06 14:37:11 INFO BlockManagerInfo: Added broadcast_2_piece0 in memory on 7c36fe5f1e47:43687 (size: 35.2 KiB, free: 434.3 MiB)
[2026-04-06T14:37:11.423+0000] {subprocess.py:93} INFO - 26/04/06 14:37:11 INFO SparkContext: Created broadcast 2 from csv at NativeMethodAccessorImpl.java:0
[2026-04-06T14:37:11.424+0000] {subprocess.py:93} INFO - 26/04/06 14:37:11 INFO FileSourceScanExec: Planning scan with bin packing, max size: 4194304 bytes, open cost is considered as scanning 4194304 bytes.
[2026-04-06T14:37:11.469+0000] {subprocess.py:93} INFO - 26/04/06 14:37:11 INFO SparkContext: Starting job: csv at NativeMethodAccessorImpl.java:0
[2026-04-06T14:37:11.470+0000] {subprocess.py:93} INFO - 26/04/06 14:37:11 INFO DAGScheduler: Got job 1 (csv at NativeMethodAccessorImpl.java:0) with 1 output partitions
[2026-04-06T14:37:11.470+0000] {subprocess.py:93} INFO - 26/04/06 14:37:11 INFO DAGScheduler: Final stage: ResultStage 1 (csv at NativeMethodAccessorImpl.java:0)
[2026-04-06T14:37:11.471+0000] {subprocess.py:93} INFO - 26/04/06 14:37:11 INFO DAGScheduler: Parents of final stage: List()
[2026-04-06T14:37:11.471+0000] {subprocess.py:93} INFO - 26/04/06 14:37:11 INFO DAGScheduler: Missing parents: List()
[2026-04-06T14:37:11.471+0000] {subprocess.py:93} INFO - 26/04/06 14:37:11 INFO DAGScheduler: Submitting ResultStage 1 (MapPartitionsRDD[9] at csv at NativeMethodAccessorImpl.java:0), which has no missing parents
[2026-04-06T14:37:11.485+0000] {subprocess.py:93} INFO - 26/04/06 14:37:11 INFO MemoryStore: Block broadcast_3 stored as values in memory (estimated size 29.4 KiB, free 433.9 MiB)
[2026-04-06T14:37:11.490+0000] {subprocess.py:93} INFO - 26/04/06 14:37:11 INFO MemoryStore: Block broadcast_3_piece0 stored as bytes in memory (estimated size 13.2 KiB, free 433.9 MiB)
[2026-04-06T14:37:11.490+0000] {subprocess.py:93} INFO - 26/04/06 14:37:11 INFO BlockManagerInfo: Added broadcast_3_piece0 in memory on 7c36fe5f1e47:43687 (size: 13.2 KiB, free: 434.3 MiB)
[2026-04-06T14:37:11.491+0000] {subprocess.py:93} INFO - 26/04/06 14:37:11 INFO SparkContext: Created broadcast 3 from broadcast at DAGScheduler.scala:1611
[2026-04-06T14:37:11.491+0000] {subprocess.py:93} INFO - 26/04/06 14:37:11 INFO DAGScheduler: Submitting 1 missing tasks from ResultStage 1 (MapPartitionsRDD[9] at csv at NativeMethodAccessorImpl.java:0) (first 15 tasks are for partitions Vector(0))
[2026-04-06T14:37:11.491+0000] {subprocess.py:93} INFO - 26/04/06 14:37:11 INFO TaskSchedulerImpl: Adding task set 1.0 with 1 tasks resource profile 0
[2026-04-06T14:37:11.492+0000] {subprocess.py:93} INFO - 26/04/06 14:37:11 INFO TaskSetManager: Starting task 0.0 in stage 1.0 (TID 1) (172.18.0.5, executor 0, partition 0, PROCESS_LOCAL, 10344 bytes)
[2026-04-06T14:37:11.507+0000] {subprocess.py:93} INFO - 26/04/06 14:37:11 INFO BlockManagerInfo: Removed broadcast_0_piece0 on 7c36fe5f1e47:43687 in memory (size: 35.2 KiB, free: 434.4 MiB)
[2026-04-06T14:37:11.511+0000] {subprocess.py:93} INFO - 26/04/06 14:37:11 INFO BlockManagerInfo: Removed broadcast_0_piece0 on 172.18.0.5:44057 in memory (size: 35.2 KiB, free: 434.4 MiB)
[2026-04-06T14:37:11.517+0000] {subprocess.py:93} INFO - 26/04/06 14:37:11 INFO BlockManagerInfo: Added broadcast_3_piece0 in memory on 172.18.0.5:44057 (size: 13.2 KiB, free: 434.4 MiB)
[2026-04-06T14:37:12.059+0000] {subprocess.py:93} INFO - 26/04/06 14:37:12 INFO BlockManagerInfo: Added broadcast_2_piece0 in memory on 172.18.0.5:44057 (size: 35.2 KiB, free: 434.4 MiB)
[2026-04-06T14:37:12.366+0000] {subprocess.py:93} INFO - 26/04/06 14:37:12 INFO TaskSetManager: Finished task 0.0 in stage 1.0 (TID 1) in 873 ms on 172.18.0.5 (executor 0) (1/1)
[2026-04-06T14:37:12.366+0000] {subprocess.py:93} INFO - 26/04/06 14:37:12 INFO TaskSchedulerImpl: Removed TaskSet 1.0, whose tasks have all completed, from pool
[2026-04-06T14:37:12.367+0000] {subprocess.py:93} INFO - 26/04/06 14:37:12 INFO DAGScheduler: ResultStage 1 (csv at NativeMethodAccessorImpl.java:0) finished in 0.894 s
[2026-04-06T14:37:12.367+0000] {subprocess.py:93} INFO - 26/04/06 14:37:12 INFO DAGScheduler: Job 1 is finished. Cancelling potential speculative or zombie tasks for this job
[2026-04-06T14:37:12.367+0000] {subprocess.py:93} INFO - 26/04/06 14:37:12 INFO TaskSchedulerImpl: Killing all running tasks in stage 1: Stage finished
[2026-04-06T14:37:12.368+0000] {subprocess.py:93} INFO - 26/04/06 14:37:12 INFO DAGScheduler: Job 1 finished: csv at NativeMethodAccessorImpl.java:0, took 0.898551 s
[2026-04-06T14:37:12.513+0000] {subprocess.py:93} INFO - 26/04/06 14:37:12 INFO FileSourceStrategy: Pushed Filters:
[2026-04-06T14:37:12.513+0000] {subprocess.py:93} INFO - 26/04/06 14:37:12 INFO FileSourceStrategy: Post-Scan Filters: isnotnull(trim(encounter_id#17, None))
[2026-04-06T14:37:12.591+0000] {subprocess.py:93} INFO - 26/04/06 14:37:12 INFO CodeGenerator: Code generated in 17.447341 ms
[2026-04-06T14:37:12.594+0000] {subprocess.py:93} INFO - 26/04/06 14:37:12 INFO MemoryStore: Block broadcast_4 stored as values in memory (estimated size 203.1 KiB, free 433.9 MiB)
[2026-04-06T14:37:12.601+0000] {subprocess.py:93} INFO - 26/04/06 14:37:12 INFO BlockManagerInfo: Removed broadcast_3_piece0 on 7c36fe5f1e47:43687 in memory (size: 13.2 KiB, free: 434.4 MiB)
[2026-04-06T14:37:12.603+0000] {subprocess.py:93} INFO - 26/04/06 14:37:12 INFO MemoryStore: Block broadcast_4_piece0 stored as bytes in memory (estimated size 35.2 KiB, free 433.9 MiB)
[2026-04-06T14:37:12.604+0000] {subprocess.py:93} INFO - 26/04/06 14:37:12 INFO BlockManagerInfo: Added broadcast_4_piece0 in memory on 7c36fe5f1e47:43687 (size: 35.2 KiB, free: 434.3 MiB)
[2026-04-06T14:37:12.605+0000] {subprocess.py:93} INFO - 26/04/06 14:37:12 INFO BlockManagerInfo: Removed broadcast_3_piece0 on 172.18.0.5:44057 in memory (size: 13.2 KiB, free: 434.4 MiB)
[2026-04-06T14:37:12.606+0000] {subprocess.py:93} INFO - 26/04/06 14:37:12 INFO SparkContext: Created broadcast 4 from parquet at NativeMethodAccessorImpl.java:0
[2026-04-06T14:37:12.608+0000] {subprocess.py:93} INFO - 26/04/06 14:37:12 INFO FileSourceScanExec: Planning scan with bin packing, max size: 4194304 bytes, open cost is considered as scanning 4194304 bytes.
[2026-04-06T14:37:12.629+0000] {subprocess.py:93} INFO - 26/04/06 14:37:12 INFO DAGScheduler: Registering RDD 14 (parquet at NativeMethodAccessorImpl.java:0) as input to shuffle 0
[2026-04-06T14:37:12.632+0000] {subprocess.py:93} INFO - 26/04/06 14:37:12 INFO DAGScheduler: Got map stage job 2 (parquet at NativeMethodAccessorImpl.java:0) with 1 output partitions
[2026-04-06T14:37:12.632+0000] {subprocess.py:93} INFO - 26/04/06 14:37:12 INFO DAGScheduler: Final stage: ShuffleMapStage 2 (parquet at NativeMethodAccessorImpl.java:0)
[2026-04-06T14:37:12.632+0000] {subprocess.py:93} INFO - 26/04/06 14:37:12 INFO DAGScheduler: Parents of final stage: List()
[2026-04-06T14:37:12.633+0000] {subprocess.py:93} INFO - 26/04/06 14:37:12 INFO DAGScheduler: Missing parents: List()
[2026-04-06T14:37:12.633+0000] {subprocess.py:93} INFO - 26/04/06 14:37:12 INFO DAGScheduler: Submitting ShuffleMapStage 2 (MapPartitionsRDD[14] at parquet at NativeMethodAccessorImpl.java:0), which has no missing parents
[2026-04-06T14:37:12.642+0000] {subprocess.py:93} INFO - 26/04/06 14:37:12 INFO MemoryStore: Block broadcast_5 stored as values in memory (estimated size 39.0 KiB, free 433.9 MiB)
[2026-04-06T14:37:12.646+0000] {subprocess.py:93} INFO - 26/04/06 14:37:12 INFO MemoryStore: Block broadcast_5_piece0 stored as bytes in memory (estimated size 17.6 KiB, free 433.9 MiB)
[2026-04-06T14:37:12.647+0000] {subprocess.py:93} INFO - 26/04/06 14:37:12 INFO BlockManagerInfo: Added broadcast_5_piece0 in memory on 7c36fe5f1e47:43687 (size: 17.6 KiB, free: 434.3 MiB)
[2026-04-06T14:37:12.647+0000] {subprocess.py:93} INFO - 26/04/06 14:37:12 INFO BlockManagerInfo: Removed broadcast_2_piece0 on 7c36fe5f1e47:43687 in memory (size: 35.2 KiB, free: 434.3 MiB)
[2026-04-06T14:37:12.648+0000] {subprocess.py:93} INFO - 26/04/06 14:37:12 INFO SparkContext: Created broadcast 5 from broadcast at DAGScheduler.scala:1611
[2026-04-06T14:37:12.649+0000] {subprocess.py:93} INFO - 26/04/06 14:37:12 INFO DAGScheduler: Submitting 1 missing tasks from ShuffleMapStage 2 (MapPartitionsRDD[14] at parquet at NativeMethodAccessorImpl.java:0) (first 15 tasks are for partitions Vector(0))
[2026-04-06T14:37:12.649+0000] {subprocess.py:93} INFO - 26/04/06 14:37:12 INFO TaskSchedulerImpl: Adding task set 2.0 with 1 tasks resource profile 0
[2026-04-06T14:37:12.650+0000] {subprocess.py:93} INFO - 26/04/06 14:37:12 INFO BlockManagerInfo: Removed broadcast_2_piece0 on 172.18.0.5:44057 in memory (size: 35.2 KiB, free: 434.4 MiB)
[2026-04-06T14:37:12.650+0000] {subprocess.py:93} INFO - 26/04/06 14:37:12 INFO TaskSetManager: Starting task 0.0 in stage 2.0 (TID 2) (172.18.0.5, executor 0, partition 0, PROCESS_LOCAL, 10333 bytes)
[2026-04-06T14:37:12.666+0000] {subprocess.py:93} INFO - 26/04/06 14:37:12 INFO BlockManagerInfo: Added broadcast_5_piece0 in memory on 172.18.0.5:44057 (size: 17.6 KiB, free: 434.4 MiB)
[2026-04-06T14:37:12.797+0000] {subprocess.py:93} INFO - 26/04/06 14:37:12 INFO BlockManagerInfo: Added broadcast_4_piece0 in memory on 172.18.0.5:44057 (size: 35.2 KiB, free: 434.3 MiB)
[2026-04-06T14:37:13.108+0000] {subprocess.py:93} INFO - 26/04/06 14:37:13 INFO TaskSetManager: Finished task 0.0 in stage 2.0 (TID 2) in 459 ms on 172.18.0.5 (executor 0) (1/1)
[2026-04-06T14:37:13.108+0000] {subprocess.py:93} INFO - 26/04/06 14:37:13 INFO TaskSchedulerImpl: Removed TaskSet 2.0, whose tasks have all completed, from pool
[2026-04-06T14:37:13.109+0000] {subprocess.py:93} INFO - 26/04/06 14:37:13 INFO DAGScheduler: ShuffleMapStage 2 (parquet at NativeMethodAccessorImpl.java:0) finished in 0.475 s
[2026-04-06T14:37:13.109+0000] {subprocess.py:93} INFO - 26/04/06 14:37:13 INFO DAGScheduler: looking for newly runnable stages
[2026-04-06T14:37:13.110+0000] {subprocess.py:93} INFO - 26/04/06 14:37:13 INFO DAGScheduler: running: Set()
[2026-04-06T14:37:13.110+0000] {subprocess.py:93} INFO - 26/04/06 14:37:13 INFO DAGScheduler: waiting: Set()
[2026-04-06T14:37:13.110+0000] {subprocess.py:93} INFO - 26/04/06 14:37:13 INFO DAGScheduler: failed: Set()
[2026-04-06T14:37:13.121+0000] {subprocess.py:93} INFO - 26/04/06 14:37:13 INFO ShufflePartitionsUtil: For shuffle(0), advisory target size: 67108864, actual target size 1048576, minimum partition size: 1048576
[2026-04-06T14:37:13.157+0000] {subprocess.py:93} INFO - 26/04/06 14:37:13 INFO ParquetUtils: Using default output committer for Parquet: org.apache.parquet.hadoop.ParquetOutputCommitter
[2026-04-06T14:37:13.170+0000] {subprocess.py:93} INFO - 26/04/06 14:37:13 INFO FileOutputCommitter: File Output Committer Algorithm version is 1
[2026-04-06T14:37:13.171+0000] {subprocess.py:93} INFO - 26/04/06 14:37:13 INFO FileOutputCommitter: FileOutputCommitter skip cleanup _temporary folders under output directory:false, ignore cleanup failures: false
[2026-04-06T14:37:13.171+0000] {subprocess.py:93} INFO - 26/04/06 14:37:13 INFO SQLHadoopMapReduceCommitProtocol: Using user defined output committer class org.apache.parquet.hadoop.ParquetOutputCommitter
[2026-04-06T14:37:13.171+0000] {subprocess.py:93} INFO - 26/04/06 14:37:13 INFO FileOutputCommitter: File Output Committer Algorithm version is 1
[2026-04-06T14:37:13.172+0000] {subprocess.py:93} INFO - 26/04/06 14:37:13 INFO FileOutputCommitter: FileOutputCommitter skip cleanup _temporary folders under output directory:false, ignore cleanup failures: false
[2026-04-06T14:37:13.172+0000] {subprocess.py:93} INFO - 26/04/06 14:37:13 INFO SQLHadoopMapReduceCommitProtocol: Using output committer class org.apache.parquet.hadoop.ParquetOutputCommitter
[2026-04-06T14:37:13.243+0000] {subprocess.py:93} INFO - 26/04/06 14:37:13 INFO CodeGenerator: Code generated in 8.896102 ms
[2026-04-06T14:37:13.253+0000] {subprocess.py:93} INFO - 26/04/06 14:37:13 INFO CodeGenerator: Code generated in 6.664694 ms
[2026-04-06T14:37:13.267+0000] {subprocess.py:93} INFO - 26/04/06 14:37:13 INFO SparkContext: Starting job: parquet at NativeMethodAccessorImpl.java:0
[2026-04-06T14:37:13.268+0000] {subprocess.py:93} INFO - 26/04/06 14:37:13 INFO DAGScheduler: Got job 3 (parquet at NativeMethodAccessorImpl.java:0) with 1 output partitions
[2026-04-06T14:37:13.268+0000] {subprocess.py:93} INFO - 26/04/06 14:37:13 INFO DAGScheduler: Final stage: ResultStage 4 (parquet at NativeMethodAccessorImpl.java:0)
[2026-04-06T14:37:13.268+0000] {subprocess.py:93} INFO - 26/04/06 14:37:13 INFO DAGScheduler: Parents of final stage: List(ShuffleMapStage 3)
[2026-04-06T14:37:13.269+0000] {subprocess.py:93} INFO - 26/04/06 14:37:13 INFO DAGScheduler: Missing parents: List()
[2026-04-06T14:37:13.269+0000] {subprocess.py:93} INFO - 26/04/06 14:37:13 INFO DAGScheduler: Submitting ResultStage 4 (MapPartitionsRDD[19] at parquet at NativeMethodAccessorImpl.java:0), which has no missing parents
[2026-04-06T14:37:13.292+0000] {subprocess.py:93} INFO - 26/04/06 14:37:13 INFO MemoryStore: Block broadcast_6 stored as values in memory (estimated size 255.6 KiB, free 433.9 MiB)
[2026-04-06T14:37:13.296+0000] {subprocess.py:93} INFO - 26/04/06 14:37:13 INFO MemoryStore: Block broadcast_6_piece0 stored as bytes in memory (estimated size 93.8 KiB, free 433.8 MiB)
[2026-04-06T14:37:13.297+0000] {subprocess.py:93} INFO - 26/04/06 14:37:13 INFO BlockManagerInfo: Added broadcast_6_piece0 in memory on 7c36fe5f1e47:43687 (size: 93.8 KiB, free: 434.3 MiB)
[2026-04-06T14:37:13.298+0000] {subprocess.py:93} INFO - 26/04/06 14:37:13 INFO SparkContext: Created broadcast 6 from broadcast at DAGScheduler.scala:1611
[2026-04-06T14:37:13.298+0000] {subprocess.py:93} INFO - 26/04/06 14:37:13 INFO BlockManagerInfo: Removed broadcast_5_piece0 on 7c36fe5f1e47:43687 in memory (size: 17.6 KiB, free: 434.3 MiB)
[2026-04-06T14:37:13.299+0000] {subprocess.py:93} INFO - 26/04/06 14:37:13 INFO DAGScheduler: Submitting 1 missing tasks from ResultStage 4 (MapPartitionsRDD[19] at parquet at NativeMethodAccessorImpl.java:0) (first 15 tasks are for partitions Vector(0))
[2026-04-06T14:37:13.299+0000] {subprocess.py:93} INFO - 26/04/06 14:37:13 INFO TaskSchedulerImpl: Adding task set 4.0 with 1 tasks resource profile 0
[2026-04-06T14:37:13.300+0000] {subprocess.py:93} INFO - 26/04/06 14:37:13 INFO BlockManagerInfo: Removed broadcast_5_piece0 on 172.18.0.5:44057 in memory (size: 17.6 KiB, free: 434.4 MiB)
[2026-04-06T14:37:13.302+0000] {subprocess.py:93} INFO - 26/04/06 14:37:13 INFO TaskSetManager: Starting task 0.0 in stage 4.0 (TID 3) (172.18.0.5, executor 0, partition 0, NODE_LOCAL, 9733 bytes)
[2026-04-06T14:37:13.317+0000] {subprocess.py:93} INFO - 26/04/06 14:37:13 INFO BlockManagerInfo: Added broadcast_6_piece0 in memory on 172.18.0.5:44057 (size: 93.8 KiB, free: 434.3 MiB)
[2026-04-06T14:37:13.357+0000] {subprocess.py:93} INFO - 26/04/06 14:37:13 INFO MapOutputTrackerMasterEndpoint: Asked to send map output locations for shuffle 0 to 172.18.0.5:35848
[2026-04-06T14:37:14.086+0000] {subprocess.py:93} INFO - 26/04/06 14:37:14 INFO TaskSetManager: Finished task 0.0 in stage 4.0 (TID 3) in 785 ms on 172.18.0.5 (executor 0) (1/1)
[2026-04-06T14:37:14.087+0000] {subprocess.py:93} INFO - 26/04/06 14:37:14 INFO TaskSchedulerImpl: Removed TaskSet 4.0, whose tasks have all completed, from pool
[2026-04-06T14:37:14.087+0000] {subprocess.py:93} INFO - 26/04/06 14:37:14 INFO DAGScheduler: ResultStage 4 (parquet at NativeMethodAccessorImpl.java:0) finished in 0.808 s
[2026-04-06T14:37:14.088+0000] {subprocess.py:93} INFO - 26/04/06 14:37:14 INFO DAGScheduler: Job 3 is finished. Cancelling potential speculative or zombie tasks for this job
[2026-04-06T14:37:14.088+0000] {subprocess.py:93} INFO - 26/04/06 14:37:14 INFO TaskSchedulerImpl: Killing all running tasks in stage 4: Stage finished
[2026-04-06T14:37:14.088+0000] {subprocess.py:93} INFO - 26/04/06 14:37:14 INFO DAGScheduler: Job 3 finished: parquet at NativeMethodAccessorImpl.java:0, took 0.821252 s
[2026-04-06T14:37:14.090+0000] {subprocess.py:93} INFO - 26/04/06 14:37:14 INFO FileFormatWriter: Start to commit write Job cbc16816-a3f9-455e-8da8-b88c431c57dc.
[2026-04-06T14:37:14.237+0000] {subprocess.py:93} INFO - 26/04/06 14:37:14 INFO FileFormatWriter: Write Job cbc16816-a3f9-455e-8da8-b88c431c57dc committed. Elapsed time: 146 ms.
[2026-04-06T14:37:14.240+0000] {subprocess.py:93} INFO - 26/04/06 14:37:14 INFO FileFormatWriter: Finished processing stats for write job cbc16816-a3f9-455e-8da8-b88c431c57dc.
[2026-04-06T14:37:14.242+0000] {subprocess.py:93} INFO - Encounters Bronze -> Silver completed successfully.
[2026-04-06T14:37:14.242+0000] {subprocess.py:93} INFO - 26/04/06 14:37:14 INFO SparkContext: SparkContext is stopping with exitCode 0.
[2026-04-06T14:37:14.248+0000] {subprocess.py:93} INFO - 26/04/06 14:37:14 INFO SparkUI: Stopped Spark web UI at http://7c36fe5f1e47:4041
[2026-04-06T14:37:14.249+0000] {subprocess.py:93} INFO - 26/04/06 14:37:14 INFO StandaloneSchedulerBackend: Shutting down all executors
[2026-04-06T14:37:14.250+0000] {subprocess.py:93} INFO - 26/04/06 14:37:14 INFO StandaloneSchedulerBackend$StandaloneDriverEndpoint: Asking each executor to shut down
[2026-04-06T14:37:14.259+0000] {subprocess.py:93} INFO - 26/04/06 14:37:14 INFO MapOutputTrackerMasterEndpoint: MapOutputTrackerMasterEndpoint stopped!
[2026-04-06T14:37:14.271+0000] {subprocess.py:93} INFO - 26/04/06 14:37:14 INFO MemoryStore: MemoryStore cleared
[2026-04-06T14:37:14.272+0000] {subprocess.py:93} INFO - 26/04/06 14:37:14 INFO BlockManager: BlockManager stopped
[2026-04-06T14:37:14.275+0000] {subprocess.py:93} INFO - 26/04/06 14:37:14 INFO BlockManagerMaster: BlockManagerMaster stopped
[2026-04-06T14:37:14.276+0000] {subprocess.py:93} INFO - 26/04/06 14:37:14 INFO OutputCommitCoordinator$OutputCommitCoordinatorEndpoint: OutputCommitCoordinator stopped!
[2026-04-06T14:37:14.361+0000] {subprocess.py:93} INFO - 26/04/06 14:37:14 INFO SparkContext: Successfully stopped SparkContext
[2026-04-06T14:37:14.466+0000] {subprocess.py:93} INFO - 26/04/06 14:37:14 INFO ShutdownHookManager: Shutdown hook called
[2026-04-06T14:37:14.467+0000] {subprocess.py:93} INFO - 26/04/06 14:37:14 INFO ShutdownHookManager: Deleting directory /tmp/spark-f7f287d7-7c99-4a0e-8f7e-043058e34a13/pyspark-1d519671-d8f9-4e96-9503-bc0f4d295a41
[2026-04-06T14:37:14.471+0000] {subprocess.py:93} INFO - 26/04/06 14:37:14 INFO ShutdownHookManager: Deleting directory /tmp/spark-f7f287d7-7c99-4a0e-8f7e-043058e34a13
[2026-04-06T14:37:14.476+0000] {subprocess.py:93} INFO - 26/04/06 14:37:14 INFO ShutdownHookManager: Deleting directory /tmp/spark-2fc62074-b44f-4a46-9cfc-a0d00c1064b6
[2026-04-06T14:37:14.482+0000] {subprocess.py:93} INFO - 26/04/06 14:37:14 INFO MetricsSystemImpl: Stopping s3a-file-system metrics system...
[2026-04-06T14:37:14.483+0000] {subprocess.py:93} INFO - 26/04/06 14:37:14 INFO MetricsSystemImpl: s3a-file-system metrics system stopped.
[2026-04-06T14:37:14.483+0000] {subprocess.py:93} INFO - 26/04/06 14:37:14 INFO MetricsSystemImpl: s3a-file-system metrics system shutdown complete.
[2026-04-06T14:37:14.570+0000] {subprocess.py:97} INFO - Command exited with return code 0
[2026-04-06T14:37:14.595+0000] {taskinstance.py:1149} INFO - Marking task as SUCCESS. dag_id=bronze_to_silver_and_gold, task_id=run_encounters_silver, execution_date=20260406T143644, start_date=20260406T143645, end_date=20260406T143714
[2026-04-06T14:37:14.617+0000] {local_task_job_runner.py:234} INFO - Task exited with return code 0
[2026-04-06T14:37:14.635+0000] {taskinstance.py:3312} INFO - 1 downstream tasks scheduled from follow-on schedule check
