[2026-04-06T15:25:55.014+0000] {taskinstance.py:1979} INFO - Dependencies all met for dep_context=non-requeueable deps ti=<TaskInstance: bronze_to_silver_and_gold.run_patients_silver manual__2026-04-06T15:25:54.084675+00:00 [queued]>
[2026-04-06T15:25:55.019+0000] {taskinstance.py:1979} INFO - Dependencies all met for dep_context=requeueable deps ti=<TaskInstance: bronze_to_silver_and_gold.run_patients_silver manual__2026-04-06T15:25:54.084675+00:00 [queued]>
[2026-04-06T15:25:55.020+0000] {taskinstance.py:2193} INFO - Starting attempt 1 of 1
[2026-04-06T15:25:55.029+0000] {taskinstance.py:2217} INFO - Executing <Task(BashOperator): run_patients_silver> on 2026-04-06 15:25:54.084675+00:00
[2026-04-06T15:25:55.035+0000] {standard_task_runner.py:60} INFO - Started process 186 to run task
[2026-04-06T15:25:55.037+0000] {standard_task_runner.py:87} INFO - Running: ['airflow', 'tasks', 'run', 'bronze_to_silver_and_gold', 'run_patients_silver', 'manual__2026-04-06T15:25:54.084675+00:00', '--job-id', '40', '--raw', '--subdir', 'DAGS_FOLDER/bronze_to_silver_dag.py', '--cfg-path', '/tmp/tmpzfjv2jfm']
[2026-04-06T15:25:55.040+0000] {standard_task_runner.py:88} INFO - Job 40: Subtask run_patients_silver
[2026-04-06T15:25:55.085+0000] {task_command.py:423} INFO - Running <TaskInstance: bronze_to_silver_and_gold.run_patients_silver manual__2026-04-06T15:25:54.084675+00:00 [running]> on host 7c36fe5f1e47
[2026-04-06T15:25:55.150+0000] {taskinstance.py:2513} INFO - Exporting env vars: AIRFLOW_CTX_DAG_OWNER='airflow' AIRFLOW_CTX_DAG_ID='bronze_to_silver_and_gold' AIRFLOW_CTX_TASK_ID='run_patients_silver' AIRFLOW_CTX_EXECUTION_DATE='2026-04-06T15:25:54.084675+00:00' AIRFLOW_CTX_TRY_NUMBER='1' AIRFLOW_CTX_DAG_RUN_ID='manual__2026-04-06T15:25:54.084675+00:00'
[2026-04-06T15:25:55.152+0000] {subprocess.py:63} INFO - Tmp dir root location: /tmp
[2026-04-06T15:25:55.153+0000] {subprocess.py:75} INFO - Running command: ['/usr/bin/bash', '-c', '\n/opt/spark/bin/spark-submit \\\n  --master spark://spark-master:7077 \\\n  --packages org.apache.hadoop:hadoop-aws:3.3.4,com.amazonaws:aws-java-sdk-bundle:1.12.262 \\\n  --conf spark.hadoop.fs.s3a.endpoint=http://minio:9000 \\\n  --conf spark.hadoop.fs.s3a.access.key=minioadmin \\\n  --conf spark.hadoop.fs.s3a.secret.key=minioadmin \\\n  --conf spark.hadoop.fs.s3a.path.style.access=true \\\n  --conf spark.hadoop.fs.s3a.impl=org.apache.hadoop.fs.s3a.S3AFileSystem \\\n  /opt/airflow/spark/jobs/bronze_to_silver_patients.py']
[2026-04-06T15:25:55.163+0000] {subprocess.py:86} INFO - Output:
[2026-04-06T15:25:56.339+0000] {subprocess.py:93} INFO - :: loading settings :: url = jar:file:/opt/spark-3.5.6-bin-hadoop3/jars/ivy-2.5.1.jar!/org/apache/ivy/core/settings/ivysettings.xml
[2026-04-06T15:25:56.402+0000] {subprocess.py:93} INFO - Ivy Default Cache set to: /home/airflow/.ivy2/cache
[2026-04-06T15:25:56.402+0000] {subprocess.py:93} INFO - The jars for the packages stored in: /home/airflow/.ivy2/jars
[2026-04-06T15:25:56.405+0000] {subprocess.py:93} INFO - org.apache.hadoop#hadoop-aws added as a dependency
[2026-04-06T15:25:56.406+0000] {subprocess.py:93} INFO - com.amazonaws#aws-java-sdk-bundle added as a dependency
[2026-04-06T15:25:56.406+0000] {subprocess.py:93} INFO - :: resolving dependencies :: org.apache.spark#spark-submit-parent-233c227d-244b-4336-8c6c-7f94349a66fe;1.0
[2026-04-06T15:25:56.407+0000] {subprocess.py:93} INFO - 	confs: [default]
[2026-04-06T15:25:56.536+0000] {subprocess.py:93} INFO - 	found org.apache.hadoop#hadoop-aws;3.3.4 in spark-list
[2026-04-06T15:25:56.560+0000] {subprocess.py:93} INFO - 	found com.amazonaws#aws-java-sdk-bundle;1.12.262 in central
[2026-04-06T15:25:56.583+0000] {subprocess.py:93} INFO - 	found org.wildfly.openssl#wildfly-openssl;1.0.7.Final in central
[2026-04-06T15:25:56.618+0000] {subprocess.py:93} INFO - :: resolution report :: resolve 195ms :: artifacts dl 17ms
[2026-04-06T15:25:56.620+0000] {subprocess.py:93} INFO - 	:: modules in use:
[2026-04-06T15:25:56.621+0000] {subprocess.py:93} INFO - 	com.amazonaws#aws-java-sdk-bundle;1.12.262 from central in [default]
[2026-04-06T15:25:56.621+0000] {subprocess.py:93} INFO - 	org.apache.hadoop#hadoop-aws;3.3.4 from spark-list in [default]
[2026-04-06T15:25:56.622+0000] {subprocess.py:93} INFO - 	org.wildfly.openssl#wildfly-openssl;1.0.7.Final from central in [default]
[2026-04-06T15:25:56.622+0000] {subprocess.py:93} INFO - 	---------------------------------------------------------------------
[2026-04-06T15:25:56.623+0000] {subprocess.py:93} INFO - 	|                  |            modules            ||   artifacts   |
[2026-04-06T15:25:56.623+0000] {subprocess.py:93} INFO - 	|       conf       | number| search|dwnlded|evicted|| number|dwnlded|
[2026-04-06T15:25:56.624+0000] {subprocess.py:93} INFO - 	---------------------------------------------------------------------
[2026-04-06T15:25:56.624+0000] {subprocess.py:93} INFO - 	|      default     |   3   |   0   |   0   |   0   ||   3   |   0   |
[2026-04-06T15:25:56.625+0000] {subprocess.py:93} INFO - 	---------------------------------------------------------------------
[2026-04-06T15:25:56.627+0000] {subprocess.py:93} INFO - :: retrieving :: org.apache.spark#spark-submit-parent-233c227d-244b-4336-8c6c-7f94349a66fe
[2026-04-06T15:25:56.627+0000] {subprocess.py:93} INFO - 	confs: [default]
[2026-04-06T15:25:56.633+0000] {subprocess.py:93} INFO - 	0 artifacts copied, 3 already retrieved (0kB/6ms)
[2026-04-06T15:25:56.805+0000] {subprocess.py:93} INFO - 26/04/06 15:25:56 WARN NativeCodeLoader: Unable to load native-hadoop library for your platform... using builtin-java classes where applicable
[2026-04-06T15:25:57.584+0000] {subprocess.py:93} INFO - 26/04/06 15:25:57 INFO SparkContext: Running Spark version 3.5.6
[2026-04-06T15:25:57.585+0000] {subprocess.py:93} INFO - 26/04/06 15:25:57 INFO SparkContext: OS info Linux, 6.6.87.2-microsoft-standard-WSL2, amd64
[2026-04-06T15:25:57.585+0000] {subprocess.py:93} INFO - 26/04/06 15:25:57 INFO SparkContext: Java version 17.0.18
[2026-04-06T15:25:57.599+0000] {subprocess.py:93} INFO - 26/04/06 15:25:57 INFO ResourceUtils: ==============================================================
[2026-04-06T15:25:57.600+0000] {subprocess.py:93} INFO - 26/04/06 15:25:57 INFO ResourceUtils: No custom resources configured for spark.driver.
[2026-04-06T15:25:57.600+0000] {subprocess.py:93} INFO - 26/04/06 15:25:57 INFO ResourceUtils: ==============================================================
[2026-04-06T15:25:57.600+0000] {subprocess.py:93} INFO - 26/04/06 15:25:57 INFO SparkContext: Submitted application: bronze_to_silver_patients
[2026-04-06T15:25:57.615+0000] {subprocess.py:93} INFO - 26/04/06 15:25:57 INFO ResourceProfile: Default ResourceProfile created, executor resources: Map(memory -> name: memory, amount: 1024, script: , vendor: , offHeap -> name: offHeap, amount: 0, script: , vendor: ), task resources: Map(cpus -> name: cpus, amount: 1.0)
[2026-04-06T15:25:57.620+0000] {subprocess.py:93} INFO - 26/04/06 15:25:57 INFO ResourceProfile: Limiting resource is cpu
[2026-04-06T15:25:57.621+0000] {subprocess.py:93} INFO - 26/04/06 15:25:57 INFO ResourceProfileManager: Added ResourceProfile id: 0
[2026-04-06T15:25:57.663+0000] {subprocess.py:93} INFO - 26/04/06 15:25:57 INFO SecurityManager: Changing view acls to: airflow
[2026-04-06T15:25:57.664+0000] {subprocess.py:93} INFO - 26/04/06 15:25:57 INFO SecurityManager: Changing modify acls to: airflow
[2026-04-06T15:25:57.664+0000] {subprocess.py:93} INFO - 26/04/06 15:25:57 INFO SecurityManager: Changing view acls groups to:
[2026-04-06T15:25:57.664+0000] {subprocess.py:93} INFO - 26/04/06 15:25:57 INFO SecurityManager: Changing modify acls groups to:
[2026-04-06T15:25:57.665+0000] {subprocess.py:93} INFO - 26/04/06 15:25:57 INFO SecurityManager: SecurityManager: authentication disabled; ui acls disabled; users with view permissions: airflow; groups with view permissions: EMPTY; users with modify permissions: airflow; groups with modify permissions: EMPTY
[2026-04-06T15:25:57.790+0000] {subprocess.py:93} INFO - 26/04/06 15:25:57 INFO Utils: Successfully started service 'sparkDriver' on port 40093.
[2026-04-06T15:25:57.806+0000] {subprocess.py:93} INFO - 26/04/06 15:25:57 INFO SparkEnv: Registering MapOutputTracker
[2026-04-06T15:25:57.835+0000] {subprocess.py:93} INFO - 26/04/06 15:25:57 INFO SparkEnv: Registering BlockManagerMaster
[2026-04-06T15:25:57.846+0000] {subprocess.py:93} INFO - 26/04/06 15:25:57 INFO BlockManagerMasterEndpoint: Using org.apache.spark.storage.DefaultTopologyMapper for getting topology information
[2026-04-06T15:25:57.846+0000] {subprocess.py:93} INFO - 26/04/06 15:25:57 INFO BlockManagerMasterEndpoint: BlockManagerMasterEndpoint up
[2026-04-06T15:25:57.848+0000] {subprocess.py:93} INFO - 26/04/06 15:25:57 INFO SparkEnv: Registering BlockManagerMasterHeartbeat
[2026-04-06T15:25:57.861+0000] {subprocess.py:93} INFO - 26/04/06 15:25:57 INFO DiskBlockManager: Created local directory at /tmp/blockmgr-9785b2b1-cf30-46cf-a712-fb8bcea11f8e
[2026-04-06T15:25:57.871+0000] {subprocess.py:93} INFO - 26/04/06 15:25:57 INFO MemoryStore: MemoryStore started with capacity 434.4 MiB
[2026-04-06T15:25:57.882+0000] {subprocess.py:93} INFO - 26/04/06 15:25:57 INFO SparkEnv: Registering OutputCommitCoordinator
[2026-04-06T15:25:57.963+0000] {subprocess.py:93} INFO - 26/04/06 15:25:57 INFO JettyUtils: Start Jetty 0.0.0.0:4040 for SparkUI
[2026-04-06T15:25:57.997+0000] {subprocess.py:93} INFO - 26/04/06 15:25:57 WARN Utils: Service 'SparkUI' could not bind on port 4040. Attempting port 4041.
[2026-04-06T15:25:58.004+0000] {subprocess.py:93} INFO - 26/04/06 15:25:58 INFO Utils: Successfully started service 'SparkUI' on port 4041.
[2026-04-06T15:25:58.029+0000] {subprocess.py:93} INFO - 26/04/06 15:25:58 INFO SparkContext: Added JAR file:///home/airflow/.ivy2/jars/org.apache.hadoop_hadoop-aws-3.3.4.jar at spark://7c36fe5f1e47:40093/jars/org.apache.hadoop_hadoop-aws-3.3.4.jar with timestamp 1775489157580
[2026-04-06T15:25:58.029+0000] {subprocess.py:93} INFO - 26/04/06 15:25:58 INFO SparkContext: Added JAR file:///home/airflow/.ivy2/jars/com.amazonaws_aws-java-sdk-bundle-1.12.262.jar at spark://7c36fe5f1e47:40093/jars/com.amazonaws_aws-java-sdk-bundle-1.12.262.jar with timestamp 1775489157580
[2026-04-06T15:25:58.030+0000] {subprocess.py:93} INFO - 26/04/06 15:25:58 INFO SparkContext: Added JAR file:///home/airflow/.ivy2/jars/org.wildfly.openssl_wildfly-openssl-1.0.7.Final.jar at spark://7c36fe5f1e47:40093/jars/org.wildfly.openssl_wildfly-openssl-1.0.7.Final.jar with timestamp 1775489157580
[2026-04-06T15:25:58.033+0000] {subprocess.py:93} INFO - 26/04/06 15:25:58 INFO SparkContext: Added file file:///home/airflow/.ivy2/jars/org.apache.hadoop_hadoop-aws-3.3.4.jar at spark://7c36fe5f1e47:40093/files/org.apache.hadoop_hadoop-aws-3.3.4.jar with timestamp 1775489157580
[2026-04-06T15:25:58.034+0000] {subprocess.py:93} INFO - 26/04/06 15:25:58 INFO Utils: Copying /home/airflow/.ivy2/jars/org.apache.hadoop_hadoop-aws-3.3.4.jar to /tmp/spark-c4ca548d-aa77-40a2-869c-0149125b6e93/userFiles-0ece4f6c-16bc-4858-a9ac-064229bb0547/org.apache.hadoop_hadoop-aws-3.3.4.jar
[2026-04-06T15:25:58.045+0000] {subprocess.py:93} INFO - 26/04/06 15:25:58 INFO SparkContext: Added file file:///home/airflow/.ivy2/jars/com.amazonaws_aws-java-sdk-bundle-1.12.262.jar at spark://7c36fe5f1e47:40093/files/com.amazonaws_aws-java-sdk-bundle-1.12.262.jar with timestamp 1775489157580
[2026-04-06T15:25:58.045+0000] {subprocess.py:93} INFO - 26/04/06 15:25:58 INFO Utils: Copying /home/airflow/.ivy2/jars/com.amazonaws_aws-java-sdk-bundle-1.12.262.jar to /tmp/spark-c4ca548d-aa77-40a2-869c-0149125b6e93/userFiles-0ece4f6c-16bc-4858-a9ac-064229bb0547/com.amazonaws_aws-java-sdk-bundle-1.12.262.jar
[2026-04-06T15:25:58.365+0000] {subprocess.py:93} INFO - 26/04/06 15:25:58 INFO SparkContext: Added file file:///home/airflow/.ivy2/jars/org.wildfly.openssl_wildfly-openssl-1.0.7.Final.jar at spark://7c36fe5f1e47:40093/files/org.wildfly.openssl_wildfly-openssl-1.0.7.Final.jar with timestamp 1775489157580
[2026-04-06T15:25:58.366+0000] {subprocess.py:93} INFO - 26/04/06 15:25:58 INFO Utils: Copying /home/airflow/.ivy2/jars/org.wildfly.openssl_wildfly-openssl-1.0.7.Final.jar to /tmp/spark-c4ca548d-aa77-40a2-869c-0149125b6e93/userFiles-0ece4f6c-16bc-4858-a9ac-064229bb0547/org.wildfly.openssl_wildfly-openssl-1.0.7.Final.jar
[2026-04-06T15:25:58.415+0000] {subprocess.py:93} INFO - 26/04/06 15:25:58 INFO StandaloneAppClient$ClientEndpoint: Connecting to master spark://spark-master:7077...
[2026-04-06T15:25:58.441+0000] {subprocess.py:93} INFO - 26/04/06 15:25:58 INFO TransportClientFactory: Successfully created connection to spark-master/172.18.0.3:7077 after 15 ms (0 ms spent in bootstraps)
[2026-04-06T15:25:58.579+0000] {subprocess.py:93} INFO - 26/04/06 15:25:58 INFO StandaloneSchedulerBackend: Connected to Spark cluster with app ID app-20260406152558-0000
[2026-04-06T15:25:58.584+0000] {subprocess.py:93} INFO - 26/04/06 15:25:58 INFO Utils: Successfully started service 'org.apache.spark.network.netty.NettyBlockTransferService' on port 43315.
[2026-04-06T15:25:58.585+0000] {subprocess.py:93} INFO - 26/04/06 15:25:58 INFO NettyBlockTransferService: Server created on 7c36fe5f1e47:43315
[2026-04-06T15:25:58.586+0000] {subprocess.py:93} INFO - 26/04/06 15:25:58 INFO BlockManager: Using org.apache.spark.storage.RandomBlockReplicationPolicy for block replication policy
[2026-04-06T15:25:58.592+0000] {subprocess.py:93} INFO - 26/04/06 15:25:58 INFO BlockManagerMaster: Registering BlockManager BlockManagerId(driver, 7c36fe5f1e47, 43315, None)
[2026-04-06T15:25:58.594+0000] {subprocess.py:93} INFO - 26/04/06 15:25:58 INFO BlockManagerMasterEndpoint: Registering block manager 7c36fe5f1e47:43315 with 434.4 MiB RAM, BlockManagerId(driver, 7c36fe5f1e47, 43315, None)
[2026-04-06T15:25:58.595+0000] {subprocess.py:93} INFO - 26/04/06 15:25:58 INFO StandaloneAppClient$ClientEndpoint: Executor added: app-20260406152558-0000/0 on worker-20260406152534-172.18.0.6-38917 (172.18.0.6:38917) with 16 core(s)
[2026-04-06T15:25:58.596+0000] {subprocess.py:93} INFO - 26/04/06 15:25:58 INFO BlockManagerMaster: Registered BlockManager BlockManagerId(driver, 7c36fe5f1e47, 43315, None)
[2026-04-06T15:25:58.597+0000] {subprocess.py:93} INFO - 26/04/06 15:25:58 INFO StandaloneSchedulerBackend: Granted executor ID app-20260406152558-0000/0 on hostPort 172.18.0.6:38917 with 16 core(s), 1024.0 MiB RAM
[2026-04-06T15:25:58.597+0000] {subprocess.py:93} INFO - 26/04/06 15:25:58 INFO BlockManager: Initialized BlockManager: BlockManagerId(driver, 7c36fe5f1e47, 43315, None)
[2026-04-06T15:25:58.729+0000] {subprocess.py:93} INFO - 26/04/06 15:25:58 INFO StandaloneAppClient$ClientEndpoint: Executor updated: app-20260406152558-0000/0 is now RUNNING
[2026-04-06T15:25:58.750+0000] {subprocess.py:93} INFO - 26/04/06 15:25:58 INFO StandaloneSchedulerBackend: SchedulerBackend is ready for scheduling beginning after reached minRegisteredResourcesRatio: 0.0
[2026-04-06T15:25:58.913+0000] {subprocess.py:93} INFO - 26/04/06 15:25:58 INFO SharedState: Setting hive.metastore.warehouse.dir ('null') to the value of spark.sql.warehouse.dir.
[2026-04-06T15:25:58.918+0000] {subprocess.py:93} INFO - 26/04/06 15:25:58 INFO SharedState: Warehouse path is 'file:/tmp/airflowtmp68z0tid8/spark-warehouse'.
[2026-04-06T15:25:59.549+0000] {subprocess.py:93} INFO - 26/04/06 15:25:59 WARN MetricsConfig: Cannot locate configuration: tried hadoop-metrics2-s3a-file-system.properties,hadoop-metrics2.properties
[2026-04-06T15:25:59.557+0000] {subprocess.py:93} INFO - 26/04/06 15:25:59 INFO MetricsSystemImpl: Scheduled Metric snapshot period at 10 second(s).
[2026-04-06T15:25:59.557+0000] {subprocess.py:93} INFO - 26/04/06 15:25:59 INFO MetricsSystemImpl: s3a-file-system metrics system started
[2026-04-06T15:26:00.242+0000] {subprocess.py:93} INFO - 26/04/06 15:26:00 INFO InMemoryFileIndex: It took 44 ms to list leaf files for 1 paths.
[2026-04-06T15:26:00.311+0000] {subprocess.py:93} INFO - 26/04/06 15:26:00 INFO InMemoryFileIndex: It took 15 ms to list leaf files for 1 paths.
[2026-04-06T15:26:00.594+0000] {subprocess.py:93} INFO - 26/04/06 15:26:00 INFO StandaloneSchedulerBackend$StandaloneDriverEndpoint: Registered executor NettyRpcEndpointRef(spark-client://Executor) (172.18.0.6:54510) with ID 0,  ResourceProfileId 0
[2026-04-06T15:26:00.649+0000] {subprocess.py:93} INFO - 26/04/06 15:26:00 INFO BlockManagerMasterEndpoint: Registering block manager 172.18.0.6:41891 with 434.4 MiB RAM, BlockManagerId(0, 172.18.0.6, 41891, None)
[2026-04-06T15:26:01.722+0000] {subprocess.py:93} INFO - 26/04/06 15:26:01 INFO FileSourceStrategy: Pushed Filters:
[2026-04-06T15:26:01.723+0000] {subprocess.py:93} INFO - 26/04/06 15:26:01 INFO FileSourceStrategy: Post-Scan Filters: (length(trim(value#0, None)) > 0)
[2026-04-06T15:26:02.053+0000] {subprocess.py:93} INFO - 26/04/06 15:26:02 INFO CodeGenerator: Code generated in 134.465574 ms
[2026-04-06T15:26:02.089+0000] {subprocess.py:93} INFO - 26/04/06 15:26:02 INFO MemoryStore: Block broadcast_0 stored as values in memory (estimated size 203.2 KiB, free 434.2 MiB)
[2026-04-06T15:26:02.134+0000] {subprocess.py:93} INFO - 26/04/06 15:26:02 INFO MemoryStore: Block broadcast_0_piece0 stored as bytes in memory (estimated size 35.2 KiB, free 434.2 MiB)
[2026-04-06T15:26:02.137+0000] {subprocess.py:93} INFO - 26/04/06 15:26:02 INFO BlockManagerInfo: Added broadcast_0_piece0 in memory on 7c36fe5f1e47:43315 (size: 35.2 KiB, free: 434.4 MiB)
[2026-04-06T15:26:02.140+0000] {subprocess.py:93} INFO - 26/04/06 15:26:02 INFO SparkContext: Created broadcast 0 from csv at NativeMethodAccessorImpl.java:0
[2026-04-06T15:26:02.149+0000] {subprocess.py:93} INFO - 26/04/06 15:26:02 INFO FileSourceScanExec: Planning scan with bin packing, max size: 4194304 bytes, open cost is considered as scanning 4194304 bytes.
[2026-04-06T15:26:02.215+0000] {subprocess.py:93} INFO - 26/04/06 15:26:02 INFO SparkContext: Starting job: csv at NativeMethodAccessorImpl.java:0
[2026-04-06T15:26:02.227+0000] {subprocess.py:93} INFO - 26/04/06 15:26:02 INFO DAGScheduler: Got job 0 (csv at NativeMethodAccessorImpl.java:0) with 1 output partitions
[2026-04-06T15:26:02.227+0000] {subprocess.py:93} INFO - 26/04/06 15:26:02 INFO DAGScheduler: Final stage: ResultStage 0 (csv at NativeMethodAccessorImpl.java:0)
[2026-04-06T15:26:02.228+0000] {subprocess.py:93} INFO - 26/04/06 15:26:02 INFO DAGScheduler: Parents of final stage: List()
[2026-04-06T15:26:02.228+0000] {subprocess.py:93} INFO - 26/04/06 15:26:02 INFO DAGScheduler: Missing parents: List()
[2026-04-06T15:26:02.230+0000] {subprocess.py:93} INFO - 26/04/06 15:26:02 INFO DAGScheduler: Submitting ResultStage 0 (MapPartitionsRDD[3] at csv at NativeMethodAccessorImpl.java:0), which has no missing parents
[2026-04-06T15:26:02.275+0000] {subprocess.py:93} INFO - 26/04/06 15:26:02 INFO MemoryStore: Block broadcast_1 stored as values in memory (estimated size 13.5 KiB, free 434.2 MiB)
[2026-04-06T15:26:02.281+0000] {subprocess.py:93} INFO - 26/04/06 15:26:02 INFO MemoryStore: Block broadcast_1_piece0 stored as bytes in memory (estimated size 6.4 KiB, free 434.1 MiB)
[2026-04-06T15:26:02.282+0000] {subprocess.py:93} INFO - 26/04/06 15:26:02 INFO BlockManagerInfo: Added broadcast_1_piece0 in memory on 7c36fe5f1e47:43315 (size: 6.4 KiB, free: 434.4 MiB)
[2026-04-06T15:26:02.282+0000] {subprocess.py:93} INFO - 26/04/06 15:26:02 INFO SparkContext: Created broadcast 1 from broadcast at DAGScheduler.scala:1611
[2026-04-06T15:26:02.305+0000] {subprocess.py:93} INFO - 26/04/06 15:26:02 INFO DAGScheduler: Submitting 1 missing tasks from ResultStage 0 (MapPartitionsRDD[3] at csv at NativeMethodAccessorImpl.java:0) (first 15 tasks are for partitions Vector(0))
[2026-04-06T15:26:02.307+0000] {subprocess.py:93} INFO - 26/04/06 15:26:02 INFO TaskSchedulerImpl: Adding task set 0.0 with 1 tasks resource profile 0
[2026-04-06T15:26:03.238+0000] {subprocess.py:93} INFO - 26/04/06 15:26:03 INFO TaskSetManager: Starting task 0.0 in stage 0.0 (TID 0) (172.18.0.6, executor 0, partition 0, PROCESS_LOCAL, 10342 bytes)
[2026-04-06T15:26:03.362+0000] {subprocess.py:93} INFO - 26/04/06 15:26:03 INFO BlockManagerInfo: Added broadcast_1_piece0 in memory on 172.18.0.6:41891 (size: 6.4 KiB, free: 434.4 MiB)
[2026-04-06T15:26:03.812+0000] {subprocess.py:93} INFO - 26/04/06 15:26:03 INFO BlockManagerInfo: Added broadcast_0_piece0 in memory on 172.18.0.6:41891 (size: 35.2 KiB, free: 434.4 MiB)
[2026-04-06T15:26:04.440+0000] {subprocess.py:93} INFO - 26/04/06 15:26:04 INFO TaskSetManager: Finished task 0.0 in stage 0.0 (TID 0) in 1209 ms on 172.18.0.6 (executor 0) (1/1)
[2026-04-06T15:26:04.441+0000] {subprocess.py:93} INFO - 26/04/06 15:26:04 INFO TaskSchedulerImpl: Removed TaskSet 0.0, whose tasks have all completed, from pool
[2026-04-06T15:26:04.444+0000] {subprocess.py:93} INFO - 26/04/06 15:26:04 INFO DAGScheduler: ResultStage 0 (csv at NativeMethodAccessorImpl.java:0) finished in 2.206 s
[2026-04-06T15:26:04.446+0000] {subprocess.py:93} INFO - 26/04/06 15:26:04 INFO DAGScheduler: Job 0 is finished. Cancelling potential speculative or zombie tasks for this job
[2026-04-06T15:26:04.446+0000] {subprocess.py:93} INFO - 26/04/06 15:26:04 INFO TaskSchedulerImpl: Killing all running tasks in stage 0: Stage finished
[2026-04-06T15:26:04.447+0000] {subprocess.py:93} INFO - 26/04/06 15:26:04 INFO DAGScheduler: Job 0 finished: csv at NativeMethodAccessorImpl.java:0, took 2.231814 s
[2026-04-06T15:26:04.462+0000] {subprocess.py:93} INFO - 26/04/06 15:26:04 INFO CodeGenerator: Code generated in 8.036657 ms
[2026-04-06T15:26:04.489+0000] {subprocess.py:93} INFO - 26/04/06 15:26:04 INFO BlockManagerInfo: Removed broadcast_1_piece0 on 7c36fe5f1e47:43315 in memory (size: 6.4 KiB, free: 434.4 MiB)
[2026-04-06T15:26:04.491+0000] {subprocess.py:93} INFO - 26/04/06 15:26:04 INFO BlockManagerInfo: Removed broadcast_1_piece0 on 172.18.0.6:41891 in memory (size: 6.4 KiB, free: 434.4 MiB)
[2026-04-06T15:26:04.494+0000] {subprocess.py:93} INFO - 26/04/06 15:26:04 INFO FileSourceStrategy: Pushed Filters:
[2026-04-06T15:26:04.495+0000] {subprocess.py:93} INFO - 26/04/06 15:26:04 INFO FileSourceStrategy: Post-Scan Filters:
[2026-04-06T15:26:04.499+0000] {subprocess.py:93} INFO - 26/04/06 15:26:04 INFO MemoryStore: Block broadcast_2 stored as values in memory (estimated size 203.2 KiB, free 434.0 MiB)
[2026-04-06T15:26:04.508+0000] {subprocess.py:93} INFO - 26/04/06 15:26:04 INFO MemoryStore: Block broadcast_2_piece0 stored as bytes in memory (estimated size 35.2 KiB, free 433.9 MiB)
[2026-04-06T15:26:04.509+0000] {subprocess.py:93} INFO - 26/04/06 15:26:04 INFO BlockManagerInfo: Added broadcast_2_piece0 in memory on 7c36fe5f1e47:43315 (size: 35.2 KiB, free: 434.3 MiB)
[2026-04-06T15:26:04.510+0000] {subprocess.py:93} INFO - 26/04/06 15:26:04 INFO SparkContext: Created broadcast 2 from csv at NativeMethodAccessorImpl.java:0
[2026-04-06T15:26:04.511+0000] {subprocess.py:93} INFO - 26/04/06 15:26:04 INFO FileSourceScanExec: Planning scan with bin packing, max size: 4194304 bytes, open cost is considered as scanning 4194304 bytes.
[2026-04-06T15:26:04.560+0000] {subprocess.py:93} INFO - 26/04/06 15:26:04 INFO SparkContext: Starting job: csv at NativeMethodAccessorImpl.java:0
[2026-04-06T15:26:04.561+0000] {subprocess.py:93} INFO - 26/04/06 15:26:04 INFO DAGScheduler: Got job 1 (csv at NativeMethodAccessorImpl.java:0) with 1 output partitions
[2026-04-06T15:26:04.562+0000] {subprocess.py:93} INFO - 26/04/06 15:26:04 INFO DAGScheduler: Final stage: ResultStage 1 (csv at NativeMethodAccessorImpl.java:0)
[2026-04-06T15:26:04.562+0000] {subprocess.py:93} INFO - 26/04/06 15:26:04 INFO DAGScheduler: Parents of final stage: List()
[2026-04-06T15:26:04.562+0000] {subprocess.py:93} INFO - 26/04/06 15:26:04 INFO DAGScheduler: Missing parents: List()
[2026-04-06T15:26:04.563+0000] {subprocess.py:93} INFO - 26/04/06 15:26:04 INFO DAGScheduler: Submitting ResultStage 1 (MapPartitionsRDD[9] at csv at NativeMethodAccessorImpl.java:0), which has no missing parents
[2026-04-06T15:26:04.575+0000] {subprocess.py:93} INFO - 26/04/06 15:26:04 INFO MemoryStore: Block broadcast_3 stored as values in memory (estimated size 29.4 KiB, free 433.9 MiB)
[2026-04-06T15:26:04.580+0000] {subprocess.py:93} INFO - 26/04/06 15:26:04 INFO MemoryStore: Block broadcast_3_piece0 stored as bytes in memory (estimated size 13.2 KiB, free 433.9 MiB)
[2026-04-06T15:26:04.581+0000] {subprocess.py:93} INFO - 26/04/06 15:26:04 INFO BlockManagerInfo: Added broadcast_3_piece0 in memory on 7c36fe5f1e47:43315 (size: 13.2 KiB, free: 434.3 MiB)
[2026-04-06T15:26:04.581+0000] {subprocess.py:93} INFO - 26/04/06 15:26:04 INFO SparkContext: Created broadcast 3 from broadcast at DAGScheduler.scala:1611
[2026-04-06T15:26:04.582+0000] {subprocess.py:93} INFO - 26/04/06 15:26:04 INFO DAGScheduler: Submitting 1 missing tasks from ResultStage 1 (MapPartitionsRDD[9] at csv at NativeMethodAccessorImpl.java:0) (first 15 tasks are for partitions Vector(0))
[2026-04-06T15:26:04.582+0000] {subprocess.py:93} INFO - 26/04/06 15:26:04 INFO TaskSchedulerImpl: Adding task set 1.0 with 1 tasks resource profile 0
[2026-04-06T15:26:04.583+0000] {subprocess.py:93} INFO - 26/04/06 15:26:04 INFO TaskSetManager: Starting task 0.0 in stage 1.0 (TID 1) (172.18.0.6, executor 0, partition 0, PROCESS_LOCAL, 10342 bytes)
[2026-04-06T15:26:04.605+0000] {subprocess.py:93} INFO - 26/04/06 15:26:04 INFO BlockManagerInfo: Added broadcast_3_piece0 in memory on 172.18.0.6:41891 (size: 13.2 KiB, free: 434.4 MiB)
[2026-04-06T15:26:05.144+0000] {subprocess.py:93} INFO - 26/04/06 15:26:05 INFO BlockManagerInfo: Added broadcast_2_piece0 in memory on 172.18.0.6:41891 (size: 35.2 KiB, free: 434.3 MiB)
[2026-04-06T15:26:05.224+0000] {subprocess.py:93} INFO - 26/04/06 15:26:05 INFO TaskSetManager: Finished task 0.0 in stage 1.0 (TID 1) in 641 ms on 172.18.0.6 (executor 0) (1/1)
[2026-04-06T15:26:05.225+0000] {subprocess.py:93} INFO - 26/04/06 15:26:05 INFO TaskSchedulerImpl: Removed TaskSet 1.0, whose tasks have all completed, from pool
[2026-04-06T15:26:05.225+0000] {subprocess.py:93} INFO - 26/04/06 15:26:05 INFO DAGScheduler: ResultStage 1 (csv at NativeMethodAccessorImpl.java:0) finished in 0.662 s
[2026-04-06T15:26:05.225+0000] {subprocess.py:93} INFO - 26/04/06 15:26:05 INFO DAGScheduler: Job 1 is finished. Cancelling potential speculative or zombie tasks for this job
[2026-04-06T15:26:05.226+0000] {subprocess.py:93} INFO - 26/04/06 15:26:05 INFO TaskSchedulerImpl: Killing all running tasks in stage 1: Stage finished
[2026-04-06T15:26:05.226+0000] {subprocess.py:93} INFO - 26/04/06 15:26:05 INFO DAGScheduler: Job 1 finished: csv at NativeMethodAccessorImpl.java:0, took 0.665726 s
[2026-04-06T15:26:05.382+0000] {subprocess.py:93} INFO - 26/04/06 15:26:05 INFO FileSourceStrategy: Pushed Filters:
[2026-04-06T15:26:05.382+0000] {subprocess.py:93} INFO - 26/04/06 15:26:05 INFO FileSourceStrategy: Post-Scan Filters: isnotnull(trim(patient_id#17, None))
[2026-04-06T15:26:05.462+0000] {subprocess.py:93} INFO - 26/04/06 15:26:05 INFO CodeGenerator: Code generated in 18.456872 ms
[2026-04-06T15:26:05.464+0000] {subprocess.py:93} INFO - 26/04/06 15:26:05 INFO MemoryStore: Block broadcast_4 stored as values in memory (estimated size 203.1 KiB, free 433.7 MiB)
[2026-04-06T15:26:05.472+0000] {subprocess.py:93} INFO - 26/04/06 15:26:05 INFO BlockManagerInfo: Removed broadcast_3_piece0 on 7c36fe5f1e47:43315 in memory (size: 13.2 KiB, free: 434.3 MiB)
[2026-04-06T15:26:05.473+0000] {subprocess.py:93} INFO - 26/04/06 15:26:05 INFO MemoryStore: Block broadcast_4_piece0 stored as bytes in memory (estimated size 35.2 KiB, free 433.7 MiB)
[2026-04-06T15:26:05.474+0000] {subprocess.py:93} INFO - 26/04/06 15:26:05 INFO BlockManagerInfo: Removed broadcast_3_piece0 on 172.18.0.6:41891 in memory (size: 13.2 KiB, free: 434.3 MiB)
[2026-04-06T15:26:05.475+0000] {subprocess.py:93} INFO - 26/04/06 15:26:05 INFO BlockManagerInfo: Added broadcast_4_piece0 in memory on 7c36fe5f1e47:43315 (size: 35.2 KiB, free: 434.3 MiB)
[2026-04-06T15:26:05.476+0000] {subprocess.py:93} INFO - 26/04/06 15:26:05 INFO SparkContext: Created broadcast 4 from parquet at NativeMethodAccessorImpl.java:0
[2026-04-06T15:26:05.479+0000] {subprocess.py:93} INFO - 26/04/06 15:26:05 INFO FileSourceScanExec: Planning scan with bin packing, max size: 4194304 bytes, open cost is considered as scanning 4194304 bytes.
[2026-04-06T15:26:05.502+0000] {subprocess.py:93} INFO - 26/04/06 15:26:05 INFO DAGScheduler: Registering RDD 14 (parquet at NativeMethodAccessorImpl.java:0) as input to shuffle 0
[2026-04-06T15:26:05.504+0000] {subprocess.py:93} INFO - 26/04/06 15:26:05 INFO DAGScheduler: Got map stage job 2 (parquet at NativeMethodAccessorImpl.java:0) with 1 output partitions
[2026-04-06T15:26:05.504+0000] {subprocess.py:93} INFO - 26/04/06 15:26:05 INFO DAGScheduler: Final stage: ShuffleMapStage 2 (parquet at NativeMethodAccessorImpl.java:0)
[2026-04-06T15:26:05.505+0000] {subprocess.py:93} INFO - 26/04/06 15:26:05 INFO DAGScheduler: Parents of final stage: List()
[2026-04-06T15:26:05.505+0000] {subprocess.py:93} INFO - 26/04/06 15:26:05 INFO DAGScheduler: Missing parents: List()
[2026-04-06T15:26:05.506+0000] {subprocess.py:93} INFO - 26/04/06 15:26:05 INFO DAGScheduler: Submitting ShuffleMapStage 2 (MapPartitionsRDD[14] at parquet at NativeMethodAccessorImpl.java:0), which has no missing parents
[2026-04-06T15:26:05.518+0000] {subprocess.py:93} INFO - 26/04/06 15:26:05 INFO MemoryStore: Block broadcast_5 stored as values in memory (estimated size 39.3 KiB, free 433.7 MiB)
[2026-04-06T15:26:05.523+0000] {subprocess.py:93} INFO - 26/04/06 15:26:05 INFO MemoryStore: Block broadcast_5_piece0 stored as bytes in memory (estimated size 17.5 KiB, free 433.6 MiB)
[2026-04-06T15:26:05.524+0000] {subprocess.py:93} INFO - 26/04/06 15:26:05 INFO BlockManagerInfo: Added broadcast_5_piece0 in memory on 7c36fe5f1e47:43315 (size: 17.5 KiB, free: 434.3 MiB)
[2026-04-06T15:26:05.525+0000] {subprocess.py:93} INFO - 26/04/06 15:26:05 INFO SparkContext: Created broadcast 5 from broadcast at DAGScheduler.scala:1611
[2026-04-06T15:26:05.526+0000] {subprocess.py:93} INFO - 26/04/06 15:26:05 INFO DAGScheduler: Submitting 1 missing tasks from ShuffleMapStage 2 (MapPartitionsRDD[14] at parquet at NativeMethodAccessorImpl.java:0) (first 15 tasks are for partitions Vector(0))
[2026-04-06T15:26:05.527+0000] {subprocess.py:93} INFO - 26/04/06 15:26:05 INFO TaskSchedulerImpl: Adding task set 2.0 with 1 tasks resource profile 0
[2026-04-06T15:26:05.528+0000] {subprocess.py:93} INFO - 26/04/06 15:26:05 INFO TaskSetManager: Starting task 0.0 in stage 2.0 (TID 2) (172.18.0.6, executor 0, partition 0, PROCESS_LOCAL, 10331 bytes)
[2026-04-06T15:26:05.542+0000] {subprocess.py:93} INFO - 26/04/06 15:26:05 INFO BlockManagerInfo: Added broadcast_5_piece0 in memory on 172.18.0.6:41891 (size: 17.5 KiB, free: 434.3 MiB)
[2026-04-06T15:26:05.682+0000] {subprocess.py:93} INFO - 26/04/06 15:26:05 INFO BlockManagerInfo: Added broadcast_4_piece0 in memory on 172.18.0.6:41891 (size: 35.2 KiB, free: 434.3 MiB)
[2026-04-06T15:26:05.968+0000] {subprocess.py:93} INFO - 26/04/06 15:26:05 INFO TaskSetManager: Finished task 0.0 in stage 2.0 (TID 2) in 440 ms on 172.18.0.6 (executor 0) (1/1)
[2026-04-06T15:26:05.968+0000] {subprocess.py:93} INFO - 26/04/06 15:26:05 INFO TaskSchedulerImpl: Removed TaskSet 2.0, whose tasks have all completed, from pool
[2026-04-06T15:26:05.969+0000] {subprocess.py:93} INFO - 26/04/06 15:26:05 INFO DAGScheduler: ShuffleMapStage 2 (parquet at NativeMethodAccessorImpl.java:0) finished in 0.462 s
[2026-04-06T15:26:05.969+0000] {subprocess.py:93} INFO - 26/04/06 15:26:05 INFO DAGScheduler: looking for newly runnable stages
[2026-04-06T15:26:05.969+0000] {subprocess.py:93} INFO - 26/04/06 15:26:05 INFO DAGScheduler: running: Set()
[2026-04-06T15:26:05.970+0000] {subprocess.py:93} INFO - 26/04/06 15:26:05 INFO DAGScheduler: waiting: Set()
[2026-04-06T15:26:05.970+0000] {subprocess.py:93} INFO - 26/04/06 15:26:05 INFO DAGScheduler: failed: Set()
[2026-04-06T15:26:05.980+0000] {subprocess.py:93} INFO - 26/04/06 15:26:05 INFO ShufflePartitionsUtil: For shuffle(0), advisory target size: 67108864, actual target size 1048576, minimum partition size: 1048576
[2026-04-06T15:26:06.081+0000] {subprocess.py:93} INFO - 26/04/06 15:26:06 INFO ParquetUtils: Using default output committer for Parquet: org.apache.parquet.hadoop.ParquetOutputCommitter
[2026-04-06T15:26:06.096+0000] {subprocess.py:93} INFO - 26/04/06 15:26:06 INFO FileOutputCommitter: File Output Committer Algorithm version is 1
[2026-04-06T15:26:06.096+0000] {subprocess.py:93} INFO - 26/04/06 15:26:06 INFO FileOutputCommitter: FileOutputCommitter skip cleanup _temporary folders under output directory:false, ignore cleanup failures: false
[2026-04-06T15:26:06.097+0000] {subprocess.py:93} INFO - 26/04/06 15:26:06 INFO SQLHadoopMapReduceCommitProtocol: Using user defined output committer class org.apache.parquet.hadoop.ParquetOutputCommitter
[2026-04-06T15:26:06.097+0000] {subprocess.py:93} INFO - 26/04/06 15:26:06 INFO FileOutputCommitter: File Output Committer Algorithm version is 1
[2026-04-06T15:26:06.097+0000] {subprocess.py:93} INFO - 26/04/06 15:26:06 INFO FileOutputCommitter: FileOutputCommitter skip cleanup _temporary folders under output directory:false, ignore cleanup failures: false
[2026-04-06T15:26:06.097+0000] {subprocess.py:93} INFO - 26/04/06 15:26:06 INFO SQLHadoopMapReduceCommitProtocol: Using output committer class org.apache.parquet.hadoop.ParquetOutputCommitter
[2026-04-06T15:26:06.147+0000] {subprocess.py:93} INFO - 26/04/06 15:26:06 INFO CodeGenerator: Code generated in 9.811634 ms
[2026-04-06T15:26:06.163+0000] {subprocess.py:93} INFO - 26/04/06 15:26:06 INFO SparkContext: Starting job: parquet at NativeMethodAccessorImpl.java:0
[2026-04-06T15:26:06.164+0000] {subprocess.py:93} INFO - 26/04/06 15:26:06 INFO DAGScheduler: Got job 3 (parquet at NativeMethodAccessorImpl.java:0) with 1 output partitions
[2026-04-06T15:26:06.165+0000] {subprocess.py:93} INFO - 26/04/06 15:26:06 INFO DAGScheduler: Final stage: ResultStage 4 (parquet at NativeMethodAccessorImpl.java:0)
[2026-04-06T15:26:06.165+0000] {subprocess.py:93} INFO - 26/04/06 15:26:06 INFO DAGScheduler: Parents of final stage: List(ShuffleMapStage 3)
[2026-04-06T15:26:06.165+0000] {subprocess.py:93} INFO - 26/04/06 15:26:06 INFO DAGScheduler: Missing parents: List()
[2026-04-06T15:26:06.166+0000] {subprocess.py:93} INFO - 26/04/06 15:26:06 INFO DAGScheduler: Submitting ResultStage 4 (MapPartitionsRDD[18] at parquet at NativeMethodAccessorImpl.java:0), which has no missing parents
[2026-04-06T15:26:06.193+0000] {subprocess.py:93} INFO - 26/04/06 15:26:06 INFO MemoryStore: Block broadcast_6 stored as values in memory (estimated size 251.8 KiB, free 433.4 MiB)
[2026-04-06T15:26:06.199+0000] {subprocess.py:93} INFO - 26/04/06 15:26:06 INFO MemoryStore: Block broadcast_6_piece0 stored as bytes in memory (estimated size 92.6 KiB, free 433.3 MiB)
[2026-04-06T15:26:06.200+0000] {subprocess.py:93} INFO - 26/04/06 15:26:06 INFO BlockManagerInfo: Added broadcast_6_piece0 in memory on 7c36fe5f1e47:43315 (size: 92.6 KiB, free: 434.2 MiB)
[2026-04-06T15:26:06.200+0000] {subprocess.py:93} INFO - 26/04/06 15:26:06 INFO BlockManagerInfo: Removed broadcast_5_piece0 on 7c36fe5f1e47:43315 in memory (size: 17.5 KiB, free: 434.2 MiB)
[2026-04-06T15:26:06.200+0000] {subprocess.py:93} INFO - 26/04/06 15:26:06 INFO SparkContext: Created broadcast 6 from broadcast at DAGScheduler.scala:1611
[2026-04-06T15:26:06.201+0000] {subprocess.py:93} INFO - 26/04/06 15:26:06 INFO DAGScheduler: Submitting 1 missing tasks from ResultStage 4 (MapPartitionsRDD[18] at parquet at NativeMethodAccessorImpl.java:0) (first 15 tasks are for partitions Vector(0))
[2026-04-06T15:26:06.201+0000] {subprocess.py:93} INFO - 26/04/06 15:26:06 INFO TaskSchedulerImpl: Adding task set 4.0 with 1 tasks resource profile 0
[2026-04-06T15:26:06.202+0000] {subprocess.py:93} INFO - 26/04/06 15:26:06 INFO BlockManagerInfo: Removed broadcast_5_piece0 on 172.18.0.6:41891 in memory (size: 17.5 KiB, free: 434.3 MiB)
[2026-04-06T15:26:06.204+0000] {subprocess.py:93} INFO - 26/04/06 15:26:06 INFO TaskSetManager: Starting task 0.0 in stage 4.0 (TID 3) (172.18.0.6, executor 0, partition 0, NODE_LOCAL, 9733 bytes)
[2026-04-06T15:26:06.215+0000] {subprocess.py:93} INFO - 26/04/06 15:26:06 INFO BlockManagerInfo: Added broadcast_6_piece0 in memory on 172.18.0.6:41891 (size: 92.6 KiB, free: 434.2 MiB)
[2026-04-06T15:26:06.254+0000] {subprocess.py:93} INFO - 26/04/06 15:26:06 INFO MapOutputTrackerMasterEndpoint: Asked to send map output locations for shuffle 0 to 172.18.0.6:54510
[2026-04-06T15:26:07.005+0000] {subprocess.py:93} INFO - 26/04/06 15:26:07 INFO TaskSetManager: Finished task 0.0 in stage 4.0 (TID 3) in 801 ms on 172.18.0.6 (executor 0) (1/1)
[2026-04-06T15:26:07.005+0000] {subprocess.py:93} INFO - 26/04/06 15:26:07 INFO TaskSchedulerImpl: Removed TaskSet 4.0, whose tasks have all completed, from pool
[2026-04-06T15:26:07.006+0000] {subprocess.py:93} INFO - 26/04/06 15:26:07 INFO DAGScheduler: ResultStage 4 (parquet at NativeMethodAccessorImpl.java:0) finished in 0.832 s
[2026-04-06T15:26:07.006+0000] {subprocess.py:93} INFO - 26/04/06 15:26:07 INFO DAGScheduler: Job 3 is finished. Cancelling potential speculative or zombie tasks for this job
[2026-04-06T15:26:07.006+0000] {subprocess.py:93} INFO - 26/04/06 15:26:07 INFO TaskSchedulerImpl: Killing all running tasks in stage 4: Stage finished
[2026-04-06T15:26:07.007+0000] {subprocess.py:93} INFO - 26/04/06 15:26:07 INFO DAGScheduler: Job 3 finished: parquet at NativeMethodAccessorImpl.java:0, took 0.843245 s
[2026-04-06T15:26:07.008+0000] {subprocess.py:93} INFO - 26/04/06 15:26:07 INFO FileFormatWriter: Start to commit write Job f1ee58ec-de6b-4169-b75f-93f2d8327770.
[2026-04-06T15:26:07.110+0000] {subprocess.py:93} INFO - 26/04/06 15:26:07 INFO FileFormatWriter: Write Job f1ee58ec-de6b-4169-b75f-93f2d8327770 committed. Elapsed time: 101 ms.
[2026-04-06T15:26:07.111+0000] {subprocess.py:93} INFO - 26/04/06 15:26:07 INFO FileFormatWriter: Finished processing stats for write job f1ee58ec-de6b-4169-b75f-93f2d8327770.
[2026-04-06T15:26:07.114+0000] {subprocess.py:93} INFO - Patients Bronze -> Silver completed successfully.
[2026-04-06T15:26:07.115+0000] {subprocess.py:93} INFO - 26/04/06 15:26:07 INFO SparkContext: SparkContext is stopping with exitCode 0.
[2026-04-06T15:26:07.119+0000] {subprocess.py:93} INFO - 26/04/06 15:26:07 INFO SparkUI: Stopped Spark web UI at http://7c36fe5f1e47:4041
[2026-04-06T15:26:07.121+0000] {subprocess.py:93} INFO - 26/04/06 15:26:07 INFO StandaloneSchedulerBackend: Shutting down all executors
[2026-04-06T15:26:07.121+0000] {subprocess.py:93} INFO - 26/04/06 15:26:07 INFO StandaloneSchedulerBackend$StandaloneDriverEndpoint: Asking each executor to shut down
[2026-04-06T15:26:07.128+0000] {subprocess.py:93} INFO - 26/04/06 15:26:07 INFO MapOutputTrackerMasterEndpoint: MapOutputTrackerMasterEndpoint stopped!
[2026-04-06T15:26:07.142+0000] {subprocess.py:93} INFO - 26/04/06 15:26:07 INFO MemoryStore: MemoryStore cleared
[2026-04-06T15:26:07.143+0000] {subprocess.py:93} INFO - 26/04/06 15:26:07 INFO BlockManager: BlockManager stopped
[2026-04-06T15:26:07.145+0000] {subprocess.py:93} INFO - 26/04/06 15:26:07 INFO BlockManagerMaster: BlockManagerMaster stopped
[2026-04-06T15:26:07.147+0000] {subprocess.py:93} INFO - 26/04/06 15:26:07 INFO OutputCommitCoordinator$OutputCommitCoordinatorEndpoint: OutputCommitCoordinator stopped!
[2026-04-06T15:26:07.236+0000] {subprocess.py:93} INFO - 26/04/06 15:26:07 INFO SparkContext: Successfully stopped SparkContext
[2026-04-06T15:26:07.307+0000] {subprocess.py:93} INFO - 26/04/06 15:26:07 INFO ShutdownHookManager: Shutdown hook called
[2026-04-06T15:26:07.308+0000] {subprocess.py:93} INFO - 26/04/06 15:26:07 INFO ShutdownHookManager: Deleting directory /tmp/spark-c4ca548d-aa77-40a2-869c-0149125b6e93/pyspark-d99d0712-9f55-4eb2-bd69-55604bf3db9d
[2026-04-06T15:26:07.312+0000] {subprocess.py:93} INFO - 26/04/06 15:26:07 INFO ShutdownHookManager: Deleting directory /tmp/spark-57864be4-418b-4550-b21d-4ca1bf6474d5
[2026-04-06T15:26:07.317+0000] {subprocess.py:93} INFO - 26/04/06 15:26:07 INFO ShutdownHookManager: Deleting directory /tmp/spark-c4ca548d-aa77-40a2-869c-0149125b6e93
[2026-04-06T15:26:07.323+0000] {subprocess.py:93} INFO - 26/04/06 15:26:07 INFO MetricsSystemImpl: Stopping s3a-file-system metrics system...
[2026-04-06T15:26:07.324+0000] {subprocess.py:93} INFO - 26/04/06 15:26:07 INFO MetricsSystemImpl: s3a-file-system metrics system stopped.
[2026-04-06T15:26:07.324+0000] {subprocess.py:93} INFO - 26/04/06 15:26:07 INFO MetricsSystemImpl: s3a-file-system metrics system shutdown complete.
[2026-04-06T15:26:07.403+0000] {subprocess.py:97} INFO - Command exited with return code 0
[2026-04-06T15:26:07.427+0000] {taskinstance.py:1149} INFO - Marking task as SUCCESS. dag_id=bronze_to_silver_and_gold, task_id=run_patients_silver, execution_date=20260406T152554, start_date=20260406T152555, end_date=20260406T152607
[2026-04-06T15:26:07.462+0000] {local_task_job_runner.py:234} INFO - Task exited with return code 0
[2026-04-06T15:26:07.478+0000] {taskinstance.py:3312} INFO - 0 downstream tasks scheduled from follow-on schedule check
