[2026-04-06T15:41:04.545+0000] {taskinstance.py:1979} INFO - Dependencies all met for dep_context=non-requeueable deps ti=<TaskInstance: bronze_to_silver_and_gold.run_encounters_silver manual__2026-04-06T15:41:04.231178+00:00 [queued]>
[2026-04-06T15:41:04.550+0000] {taskinstance.py:1979} INFO - Dependencies all met for dep_context=requeueable deps ti=<TaskInstance: bronze_to_silver_and_gold.run_encounters_silver manual__2026-04-06T15:41:04.231178+00:00 [queued]>
[2026-04-06T15:41:04.550+0000] {taskinstance.py:2193} INFO - Starting attempt 1 of 1
[2026-04-06T15:41:04.559+0000] {taskinstance.py:2217} INFO - Executing <Task(BashOperator): run_encounters_silver> on 2026-04-06 15:41:04.231178+00:00
[2026-04-06T15:41:04.565+0000] {standard_task_runner.py:60} INFO - Started process 186 to run task
[2026-04-06T15:41:04.569+0000] {standard_task_runner.py:87} INFO - Running: ['airflow', 'tasks', 'run', 'bronze_to_silver_and_gold', 'run_encounters_silver', 'manual__2026-04-06T15:41:04.231178+00:00', '--job-id', '49', '--raw', '--subdir', 'DAGS_FOLDER/bronze_to_silver_dag.py', '--cfg-path', '/tmp/tmp1sr9zi32']
[2026-04-06T15:41:04.571+0000] {standard_task_runner.py:88} INFO - Job 49: Subtask run_encounters_silver
[2026-04-06T15:41:04.624+0000] {task_command.py:423} INFO - Running <TaskInstance: bronze_to_silver_and_gold.run_encounters_silver manual__2026-04-06T15:41:04.231178+00:00 [running]> on host 7c36fe5f1e47
[2026-04-06T15:41:04.709+0000] {taskinstance.py:2513} INFO - Exporting env vars: AIRFLOW_CTX_DAG_OWNER='airflow' AIRFLOW_CTX_DAG_ID='bronze_to_silver_and_gold' AIRFLOW_CTX_TASK_ID='run_encounters_silver' AIRFLOW_CTX_EXECUTION_DATE='2026-04-06T15:41:04.231178+00:00' AIRFLOW_CTX_TRY_NUMBER='1' AIRFLOW_CTX_DAG_RUN_ID='manual__2026-04-06T15:41:04.231178+00:00'
[2026-04-06T15:41:04.710+0000] {subprocess.py:63} INFO - Tmp dir root location: /tmp
[2026-04-06T15:41:04.712+0000] {subprocess.py:75} INFO - Running command: ['/usr/bin/bash', '-c', '\n/opt/spark/bin/spark-submit \\\n  --master spark://spark-master:7077 \\\n  --packages org.apache.hadoop:hadoop-aws:3.3.4,com.amazonaws:aws-java-sdk-bundle:1.12.262 \\\n  --conf spark.hadoop.fs.s3a.endpoint=http://minio:9000 \\\n  --conf spark.hadoop.fs.s3a.access.key=minioadmin \\\n  --conf spark.hadoop.fs.s3a.secret.key=minioadmin \\\n  --conf spark.hadoop.fs.s3a.path.style.access=true \\\n  --conf spark.hadoop.fs.s3a.impl=org.apache.hadoop.fs.s3a.S3AFileSystem \\\n  /opt/airflow/spark/jobs/bronze_to_silver_encounters.py']
[2026-04-06T15:41:04.728+0000] {subprocess.py:86} INFO - Output:
[2026-04-06T15:41:05.964+0000] {subprocess.py:93} INFO - :: loading settings :: url = jar:file:/opt/spark-3.5.6-bin-hadoop3/jars/ivy-2.5.1.jar!/org/apache/ivy/core/settings/ivysettings.xml
[2026-04-06T15:41:06.026+0000] {subprocess.py:93} INFO - Ivy Default Cache set to: /home/airflow/.ivy2/cache
[2026-04-06T15:41:06.027+0000] {subprocess.py:93} INFO - The jars for the packages stored in: /home/airflow/.ivy2/jars
[2026-04-06T15:41:06.030+0000] {subprocess.py:93} INFO - org.apache.hadoop#hadoop-aws added as a dependency
[2026-04-06T15:41:06.031+0000] {subprocess.py:93} INFO - com.amazonaws#aws-java-sdk-bundle added as a dependency
[2026-04-06T15:41:06.031+0000] {subprocess.py:93} INFO - :: resolving dependencies :: org.apache.spark#spark-submit-parent-b1387928-b769-4356-8932-2eca84420e0f;1.0
[2026-04-06T15:41:06.032+0000] {subprocess.py:93} INFO - 	confs: [default]
[2026-04-06T15:41:06.150+0000] {subprocess.py:93} INFO - 	found org.apache.hadoop#hadoop-aws;3.3.4 in spark-list
[2026-04-06T15:41:06.173+0000] {subprocess.py:93} INFO - 	found com.amazonaws#aws-java-sdk-bundle;1.12.262 in central
[2026-04-06T15:41:06.198+0000] {subprocess.py:93} INFO - 	found org.wildfly.openssl#wildfly-openssl;1.0.7.Final in central
[2026-04-06T15:41:06.225+0000] {subprocess.py:93} INFO - :: resolution report :: resolve 179ms :: artifacts dl 14ms
[2026-04-06T15:41:06.225+0000] {subprocess.py:93} INFO - 	:: modules in use:
[2026-04-06T15:41:06.227+0000] {subprocess.py:93} INFO - 	com.amazonaws#aws-java-sdk-bundle;1.12.262 from central in [default]
[2026-04-06T15:41:06.227+0000] {subprocess.py:93} INFO - 	org.apache.hadoop#hadoop-aws;3.3.4 from spark-list in [default]
[2026-04-06T15:41:06.227+0000] {subprocess.py:93} INFO - 	org.wildfly.openssl#wildfly-openssl;1.0.7.Final from central in [default]
[2026-04-06T15:41:06.228+0000] {subprocess.py:93} INFO - 	---------------------------------------------------------------------
[2026-04-06T15:41:06.228+0000] {subprocess.py:93} INFO - 	|                  |            modules            ||   artifacts   |
[2026-04-06T15:41:06.228+0000] {subprocess.py:93} INFO - 	|       conf       | number| search|dwnlded|evicted|| number|dwnlded|
[2026-04-06T15:41:06.229+0000] {subprocess.py:93} INFO - 	---------------------------------------------------------------------
[2026-04-06T15:41:06.229+0000] {subprocess.py:93} INFO - 	|      default     |   3   |   0   |   0   |   0   ||   3   |   0   |
[2026-04-06T15:41:06.229+0000] {subprocess.py:93} INFO - 	---------------------------------------------------------------------
[2026-04-06T15:41:06.229+0000] {subprocess.py:93} INFO - :: retrieving :: org.apache.spark#spark-submit-parent-b1387928-b769-4356-8932-2eca84420e0f
[2026-04-06T15:41:06.230+0000] {subprocess.py:93} INFO - 	confs: [default]
[2026-04-06T15:41:06.236+0000] {subprocess.py:93} INFO - 	0 artifacts copied, 3 already retrieved (0kB/5ms)
[2026-04-06T15:41:06.394+0000] {subprocess.py:93} INFO - 26/04/06 15:41:06 WARN NativeCodeLoader: Unable to load native-hadoop library for your platform... using builtin-java classes where applicable
[2026-04-06T15:41:07.107+0000] {subprocess.py:93} INFO - 26/04/06 15:41:07 INFO SparkContext: Running Spark version 3.5.6
[2026-04-06T15:41:07.108+0000] {subprocess.py:93} INFO - 26/04/06 15:41:07 INFO SparkContext: OS info Linux, 6.6.87.2-microsoft-standard-WSL2, amd64
[2026-04-06T15:41:07.108+0000] {subprocess.py:93} INFO - 26/04/06 15:41:07 INFO SparkContext: Java version 17.0.18
[2026-04-06T15:41:07.122+0000] {subprocess.py:93} INFO - 26/04/06 15:41:07 INFO ResourceUtils: ==============================================================
[2026-04-06T15:41:07.122+0000] {subprocess.py:93} INFO - 26/04/06 15:41:07 INFO ResourceUtils: No custom resources configured for spark.driver.
[2026-04-06T15:41:07.122+0000] {subprocess.py:93} INFO - 26/04/06 15:41:07 INFO ResourceUtils: ==============================================================
[2026-04-06T15:41:07.123+0000] {subprocess.py:93} INFO - 26/04/06 15:41:07 INFO SparkContext: Submitted application: bronze_to_silver_encounters
[2026-04-06T15:41:07.138+0000] {subprocess.py:93} INFO - 26/04/06 15:41:07 INFO ResourceProfile: Default ResourceProfile created, executor resources: Map(memory -> name: memory, amount: 1024, script: , vendor: , offHeap -> name: offHeap, amount: 0, script: , vendor: ), task resources: Map(cpus -> name: cpus, amount: 1.0)
[2026-04-06T15:41:07.144+0000] {subprocess.py:93} INFO - 26/04/06 15:41:07 INFO ResourceProfile: Limiting resource is cpu
[2026-04-06T15:41:07.145+0000] {subprocess.py:93} INFO - 26/04/06 15:41:07 INFO ResourceProfileManager: Added ResourceProfile id: 0
[2026-04-06T15:41:07.192+0000] {subprocess.py:93} INFO - 26/04/06 15:41:07 INFO SecurityManager: Changing view acls to: airflow
[2026-04-06T15:41:07.193+0000] {subprocess.py:93} INFO - 26/04/06 15:41:07 INFO SecurityManager: Changing modify acls to: airflow
[2026-04-06T15:41:07.193+0000] {subprocess.py:93} INFO - 26/04/06 15:41:07 INFO SecurityManager: Changing view acls groups to:
[2026-04-06T15:41:07.193+0000] {subprocess.py:93} INFO - 26/04/06 15:41:07 INFO SecurityManager: Changing modify acls groups to:
[2026-04-06T15:41:07.194+0000] {subprocess.py:93} INFO - 26/04/06 15:41:07 INFO SecurityManager: SecurityManager: authentication disabled; ui acls disabled; users with view permissions: airflow; groups with view permissions: EMPTY; users with modify permissions: airflow; groups with modify permissions: EMPTY
[2026-04-06T15:41:07.337+0000] {subprocess.py:93} INFO - 26/04/06 15:41:07 INFO Utils: Successfully started service 'sparkDriver' on port 32799.
[2026-04-06T15:41:07.356+0000] {subprocess.py:93} INFO - 26/04/06 15:41:07 INFO SparkEnv: Registering MapOutputTracker
[2026-04-06T15:41:07.388+0000] {subprocess.py:93} INFO - 26/04/06 15:41:07 INFO SparkEnv: Registering BlockManagerMaster
[2026-04-06T15:41:07.399+0000] {subprocess.py:93} INFO - 26/04/06 15:41:07 INFO BlockManagerMasterEndpoint: Using org.apache.spark.storage.DefaultTopologyMapper for getting topology information
[2026-04-06T15:41:07.400+0000] {subprocess.py:93} INFO - 26/04/06 15:41:07 INFO BlockManagerMasterEndpoint: BlockManagerMasterEndpoint up
[2026-04-06T15:41:07.402+0000] {subprocess.py:93} INFO - 26/04/06 15:41:07 INFO SparkEnv: Registering BlockManagerMasterHeartbeat
[2026-04-06T15:41:07.418+0000] {subprocess.py:93} INFO - 26/04/06 15:41:07 INFO DiskBlockManager: Created local directory at /tmp/blockmgr-c8512fe5-068a-47e9-b584-1092a553384c
[2026-04-06T15:41:07.428+0000] {subprocess.py:93} INFO - 26/04/06 15:41:07 INFO MemoryStore: MemoryStore started with capacity 434.4 MiB
[2026-04-06T15:41:07.439+0000] {subprocess.py:93} INFO - 26/04/06 15:41:07 INFO SparkEnv: Registering OutputCommitCoordinator
[2026-04-06T15:41:07.527+0000] {subprocess.py:93} INFO - 26/04/06 15:41:07 INFO JettyUtils: Start Jetty 0.0.0.0:4040 for SparkUI
[2026-04-06T15:41:07.567+0000] {subprocess.py:93} INFO - 26/04/06 15:41:07 INFO Utils: Successfully started service 'SparkUI' on port 4040.
[2026-04-06T15:41:07.600+0000] {subprocess.py:93} INFO - 26/04/06 15:41:07 INFO SparkContext: Added JAR file:///home/airflow/.ivy2/jars/org.apache.hadoop_hadoop-aws-3.3.4.jar at spark://7c36fe5f1e47:32799/jars/org.apache.hadoop_hadoop-aws-3.3.4.jar with timestamp 1775490067102
[2026-04-06T15:41:07.602+0000] {subprocess.py:93} INFO - 26/04/06 15:41:07 INFO SparkContext: Added JAR file:///home/airflow/.ivy2/jars/com.amazonaws_aws-java-sdk-bundle-1.12.262.jar at spark://7c36fe5f1e47:32799/jars/com.amazonaws_aws-java-sdk-bundle-1.12.262.jar with timestamp 1775490067102
[2026-04-06T15:41:07.602+0000] {subprocess.py:93} INFO - 26/04/06 15:41:07 INFO SparkContext: Added JAR file:///home/airflow/.ivy2/jars/org.wildfly.openssl_wildfly-openssl-1.0.7.Final.jar at spark://7c36fe5f1e47:32799/jars/org.wildfly.openssl_wildfly-openssl-1.0.7.Final.jar with timestamp 1775490067102
[2026-04-06T15:41:07.603+0000] {subprocess.py:93} INFO - 26/04/06 15:41:07 INFO SparkContext: Added file file:///home/airflow/.ivy2/jars/org.apache.hadoop_hadoop-aws-3.3.4.jar at spark://7c36fe5f1e47:32799/files/org.apache.hadoop_hadoop-aws-3.3.4.jar with timestamp 1775490067102
[2026-04-06T15:41:07.604+0000] {subprocess.py:93} INFO - 26/04/06 15:41:07 INFO Utils: Copying /home/airflow/.ivy2/jars/org.apache.hadoop_hadoop-aws-3.3.4.jar to /tmp/spark-45693a42-dcdd-4741-9be3-3e1abcfe7003/userFiles-eb8737f7-7112-4107-b2fe-8753f519cf22/org.apache.hadoop_hadoop-aws-3.3.4.jar
[2026-04-06T15:41:07.618+0000] {subprocess.py:93} INFO - 26/04/06 15:41:07 INFO SparkContext: Added file file:///home/airflow/.ivy2/jars/com.amazonaws_aws-java-sdk-bundle-1.12.262.jar at spark://7c36fe5f1e47:32799/files/com.amazonaws_aws-java-sdk-bundle-1.12.262.jar with timestamp 1775490067102
[2026-04-06T15:41:07.618+0000] {subprocess.py:93} INFO - 26/04/06 15:41:07 INFO Utils: Copying /home/airflow/.ivy2/jars/com.amazonaws_aws-java-sdk-bundle-1.12.262.jar to /tmp/spark-45693a42-dcdd-4741-9be3-3e1abcfe7003/userFiles-eb8737f7-7112-4107-b2fe-8753f519cf22/com.amazonaws_aws-java-sdk-bundle-1.12.262.jar
[2026-04-06T15:41:07.950+0000] {subprocess.py:93} INFO - 26/04/06 15:41:07 INFO SparkContext: Added file file:///home/airflow/.ivy2/jars/org.wildfly.openssl_wildfly-openssl-1.0.7.Final.jar at spark://7c36fe5f1e47:32799/files/org.wildfly.openssl_wildfly-openssl-1.0.7.Final.jar with timestamp 1775490067102
[2026-04-06T15:41:07.951+0000] {subprocess.py:93} INFO - 26/04/06 15:41:07 INFO Utils: Copying /home/airflow/.ivy2/jars/org.wildfly.openssl_wildfly-openssl-1.0.7.Final.jar to /tmp/spark-45693a42-dcdd-4741-9be3-3e1abcfe7003/userFiles-eb8737f7-7112-4107-b2fe-8753f519cf22/org.wildfly.openssl_wildfly-openssl-1.0.7.Final.jar
[2026-04-06T15:41:08.004+0000] {subprocess.py:93} INFO - 26/04/06 15:41:08 INFO StandaloneAppClient$ClientEndpoint: Connecting to master spark://spark-master:7077...
[2026-04-06T15:41:08.030+0000] {subprocess.py:93} INFO - 26/04/06 15:41:08 INFO TransportClientFactory: Successfully created connection to spark-master/172.18.0.2:7077 after 15 ms (0 ms spent in bootstraps)
[2026-04-06T15:41:08.189+0000] {subprocess.py:93} INFO - 26/04/06 15:41:08 INFO StandaloneSchedulerBackend: Connected to Spark cluster with app ID app-20260406154108-0001
[2026-04-06T15:41:08.197+0000] {subprocess.py:93} INFO - 26/04/06 15:41:08 INFO Utils: Successfully started service 'org.apache.spark.network.netty.NettyBlockTransferService' on port 43513.
[2026-04-06T15:41:08.199+0000] {subprocess.py:93} INFO - 26/04/06 15:41:08 INFO NettyBlockTransferService: Server created on 7c36fe5f1e47:43513
[2026-04-06T15:41:08.200+0000] {subprocess.py:93} INFO - 26/04/06 15:41:08 INFO BlockManager: Using org.apache.spark.storage.RandomBlockReplicationPolicy for block replication policy
[2026-04-06T15:41:08.206+0000] {subprocess.py:93} INFO - 26/04/06 15:41:08 INFO BlockManagerMaster: Registering BlockManager BlockManagerId(driver, 7c36fe5f1e47, 43513, None)
[2026-04-06T15:41:08.209+0000] {subprocess.py:93} INFO - 26/04/06 15:41:08 INFO BlockManagerMasterEndpoint: Registering block manager 7c36fe5f1e47:43513 with 434.4 MiB RAM, BlockManagerId(driver, 7c36fe5f1e47, 43513, None)
[2026-04-06T15:41:08.211+0000] {subprocess.py:93} INFO - 26/04/06 15:41:08 INFO BlockManagerMaster: Registered BlockManager BlockManagerId(driver, 7c36fe5f1e47, 43513, None)
[2026-04-06T15:41:08.212+0000] {subprocess.py:93} INFO - 26/04/06 15:41:08 INFO BlockManager: Initialized BlockManager: BlockManagerId(driver, 7c36fe5f1e47, 43513, None)
[2026-04-06T15:41:08.369+0000] {subprocess.py:93} INFO - 26/04/06 15:41:08 INFO StandaloneSchedulerBackend: SchedulerBackend is ready for scheduling beginning after reached minRegisteredResourcesRatio: 0.0
[2026-04-06T15:41:08.514+0000] {subprocess.py:93} INFO - 26/04/06 15:41:08 INFO SharedState: Setting hive.metastore.warehouse.dir ('null') to the value of spark.sql.warehouse.dir.
[2026-04-06T15:41:08.515+0000] {subprocess.py:93} INFO - 26/04/06 15:41:08 INFO SharedState: Warehouse path is 'file:/tmp/airflowtmpc86koubc/spark-warehouse'.
[2026-04-06T15:41:09.096+0000] {subprocess.py:93} INFO - 26/04/06 15:41:09 WARN MetricsConfig: Cannot locate configuration: tried hadoop-metrics2-s3a-file-system.properties,hadoop-metrics2.properties
[2026-04-06T15:41:09.105+0000] {subprocess.py:93} INFO - 26/04/06 15:41:09 INFO MetricsSystemImpl: Scheduled Metric snapshot period at 10 second(s).
[2026-04-06T15:41:09.106+0000] {subprocess.py:93} INFO - 26/04/06 15:41:09 INFO MetricsSystemImpl: s3a-file-system metrics system started
[2026-04-06T15:41:09.822+0000] {subprocess.py:93} INFO - 26/04/06 15:41:09 INFO InMemoryFileIndex: It took 52 ms to list leaf files for 1 paths.
[2026-04-06T15:41:09.893+0000] {subprocess.py:93} INFO - 26/04/06 15:41:09 INFO InMemoryFileIndex: It took 11 ms to list leaf files for 1 paths.
[2026-04-06T15:41:11.293+0000] {subprocess.py:93} INFO - 26/04/06 15:41:11 INFO FileSourceStrategy: Pushed Filters:
[2026-04-06T15:41:11.294+0000] {subprocess.py:93} INFO - 26/04/06 15:41:11 INFO FileSourceStrategy: Post-Scan Filters: (length(trim(value#0, None)) > 0)
[2026-04-06T15:41:11.641+0000] {subprocess.py:93} INFO - 26/04/06 15:41:11 INFO CodeGenerator: Code generated in 134.211837 ms
[2026-04-06T15:41:11.682+0000] {subprocess.py:93} INFO - 26/04/06 15:41:11 INFO MemoryStore: Block broadcast_0 stored as values in memory (estimated size 203.2 KiB, free 434.2 MiB)
[2026-04-06T15:41:11.725+0000] {subprocess.py:93} INFO - 26/04/06 15:41:11 INFO MemoryStore: Block broadcast_0_piece0 stored as bytes in memory (estimated size 35.2 KiB, free 434.2 MiB)
[2026-04-06T15:41:11.729+0000] {subprocess.py:93} INFO - 26/04/06 15:41:11 INFO BlockManagerInfo: Added broadcast_0_piece0 in memory on 7c36fe5f1e47:43513 (size: 35.2 KiB, free: 434.4 MiB)
[2026-04-06T15:41:11.732+0000] {subprocess.py:93} INFO - 26/04/06 15:41:11 INFO SparkContext: Created broadcast 0 from csv at NativeMethodAccessorImpl.java:0
[2026-04-06T15:41:11.739+0000] {subprocess.py:93} INFO - 26/04/06 15:41:11 INFO FileSourceScanExec: Planning scan with bin packing, max size: 4194304 bytes, open cost is considered as scanning 4194304 bytes.
[2026-04-06T15:41:11.812+0000] {subprocess.py:93} INFO - 26/04/06 15:41:11 INFO SparkContext: Starting job: csv at NativeMethodAccessorImpl.java:0
[2026-04-06T15:41:11.822+0000] {subprocess.py:93} INFO - 26/04/06 15:41:11 INFO DAGScheduler: Got job 0 (csv at NativeMethodAccessorImpl.java:0) with 1 output partitions
[2026-04-06T15:41:11.823+0000] {subprocess.py:93} INFO - 26/04/06 15:41:11 INFO DAGScheduler: Final stage: ResultStage 0 (csv at NativeMethodAccessorImpl.java:0)
[2026-04-06T15:41:11.826+0000] {subprocess.py:93} INFO - 26/04/06 15:41:11 INFO DAGScheduler: Parents of final stage: List()
[2026-04-06T15:41:11.826+0000] {subprocess.py:93} INFO - 26/04/06 15:41:11 INFO DAGScheduler: Missing parents: List()
[2026-04-06T15:41:11.826+0000] {subprocess.py:93} INFO - 26/04/06 15:41:11 INFO DAGScheduler: Submitting ResultStage 0 (MapPartitionsRDD[3] at csv at NativeMethodAccessorImpl.java:0), which has no missing parents
[2026-04-06T15:41:11.873+0000] {subprocess.py:93} INFO - 26/04/06 15:41:11 INFO MemoryStore: Block broadcast_1 stored as values in memory (estimated size 13.5 KiB, free 434.2 MiB)
[2026-04-06T15:41:11.878+0000] {subprocess.py:93} INFO - 26/04/06 15:41:11 INFO MemoryStore: Block broadcast_1_piece0 stored as bytes in memory (estimated size 6.4 KiB, free 434.1 MiB)
[2026-04-06T15:41:11.882+0000] {subprocess.py:93} INFO - 26/04/06 15:41:11 INFO BlockManagerInfo: Added broadcast_1_piece0 in memory on 7c36fe5f1e47:43513 (size: 6.4 KiB, free: 434.4 MiB)
[2026-04-06T15:41:11.882+0000] {subprocess.py:93} INFO - 26/04/06 15:41:11 INFO SparkContext: Created broadcast 1 from broadcast at DAGScheduler.scala:1611
[2026-04-06T15:41:11.892+0000] {subprocess.py:93} INFO - 26/04/06 15:41:11 INFO DAGScheduler: Submitting 1 missing tasks from ResultStage 0 (MapPartitionsRDD[3] at csv at NativeMethodAccessorImpl.java:0) (first 15 tasks are for partitions Vector(0))
[2026-04-06T15:41:11.893+0000] {subprocess.py:93} INFO - 26/04/06 15:41:11 INFO TaskSchedulerImpl: Adding task set 0.0 with 1 tasks resource profile 0
[2026-04-06T15:41:17.136+0000] {subprocess.py:93} INFO - 26/04/06 15:41:17 INFO StandaloneAppClient$ClientEndpoint: Executor added: app-20260406154108-0001/0 on worker-20260406154049-172.18.0.5-37477 (172.18.0.5:37477) with 16 core(s)
[2026-04-06T15:41:17.137+0000] {subprocess.py:93} INFO - 26/04/06 15:41:17 INFO StandaloneSchedulerBackend: Granted executor ID app-20260406154108-0001/0 on hostPort 172.18.0.5:37477 with 16 core(s), 1024.0 MiB RAM
[2026-04-06T15:41:17.168+0000] {subprocess.py:93} INFO - 26/04/06 15:41:17 INFO StandaloneAppClient$ClientEndpoint: Executor updated: app-20260406154108-0001/0 is now RUNNING
[2026-04-06T15:41:18.560+0000] {subprocess.py:93} INFO - 26/04/06 15:41:18 INFO StandaloneSchedulerBackend$StandaloneDriverEndpoint: Registered executor NettyRpcEndpointRef(spark-client://Executor) (172.18.0.5:58766) with ID 0,  ResourceProfileId 0
[2026-04-06T15:41:18.598+0000] {subprocess.py:93} INFO - 26/04/06 15:41:18 INFO BlockManagerMasterEndpoint: Registering block manager 172.18.0.5:39063 with 434.4 MiB RAM, BlockManagerId(0, 172.18.0.5, 39063, None)
[2026-04-06T15:41:20.502+0000] {subprocess.py:93} INFO - 26/04/06 15:41:20 INFO TaskSetManager: Starting task 0.0 in stage 0.0 (TID 0) (172.18.0.5, executor 0, partition 0, PROCESS_LOCAL, 10344 bytes)
[2026-04-06T15:41:20.621+0000] {subprocess.py:93} INFO - 26/04/06 15:41:20 INFO BlockManagerInfo: Added broadcast_1_piece0 in memory on 172.18.0.5:39063 (size: 6.4 KiB, free: 434.4 MiB)
[2026-04-06T15:41:21.082+0000] {subprocess.py:93} INFO - 26/04/06 15:41:21 INFO BlockManagerInfo: Added broadcast_0_piece0 in memory on 172.18.0.5:39063 (size: 35.2 KiB, free: 434.4 MiB)
[2026-04-06T15:41:21.702+0000] {subprocess.py:93} INFO - 26/04/06 15:41:21 INFO TaskSetManager: Finished task 0.0 in stage 0.0 (TID 0) in 1208 ms on 172.18.0.5 (executor 0) (1/1)
[2026-04-06T15:41:21.703+0000] {subprocess.py:93} INFO - 26/04/06 15:41:21 INFO TaskSchedulerImpl: Removed TaskSet 0.0, whose tasks have all completed, from pool
[2026-04-06T15:41:21.706+0000] {subprocess.py:93} INFO - 26/04/06 15:41:21 INFO DAGScheduler: ResultStage 0 (csv at NativeMethodAccessorImpl.java:0) finished in 9.873 s
[2026-04-06T15:41:21.707+0000] {subprocess.py:93} INFO - 26/04/06 15:41:21 INFO DAGScheduler: Job 0 is finished. Cancelling potential speculative or zombie tasks for this job
[2026-04-06T15:41:21.708+0000] {subprocess.py:93} INFO - 26/04/06 15:41:21 INFO TaskSchedulerImpl: Killing all running tasks in stage 0: Stage finished
[2026-04-06T15:41:21.708+0000] {subprocess.py:93} INFO - 26/04/06 15:41:21 INFO DAGScheduler: Job 0 finished: csv at NativeMethodAccessorImpl.java:0, took 9.897545 s
[2026-04-06T15:41:21.722+0000] {subprocess.py:93} INFO - 26/04/06 15:41:21 INFO CodeGenerator: Code generated in 6.912821 ms
[2026-04-06T15:41:21.744+0000] {subprocess.py:93} INFO - 26/04/06 15:41:21 INFO BlockManagerInfo: Removed broadcast_1_piece0 on 7c36fe5f1e47:43513 in memory (size: 6.4 KiB, free: 434.4 MiB)
[2026-04-06T15:41:21.748+0000] {subprocess.py:93} INFO - 26/04/06 15:41:21 INFO FileSourceStrategy: Pushed Filters:
[2026-04-06T15:41:21.748+0000] {subprocess.py:93} INFO - 26/04/06 15:41:21 INFO FileSourceStrategy: Post-Scan Filters:
[2026-04-06T15:41:21.750+0000] {subprocess.py:93} INFO - 26/04/06 15:41:21 INFO BlockManagerInfo: Removed broadcast_1_piece0 on 172.18.0.5:39063 in memory (size: 6.4 KiB, free: 434.4 MiB)
[2026-04-06T15:41:21.752+0000] {subprocess.py:93} INFO - 26/04/06 15:41:21 INFO MemoryStore: Block broadcast_2 stored as values in memory (estimated size 203.2 KiB, free 434.0 MiB)
[2026-04-06T15:41:21.760+0000] {subprocess.py:93} INFO - 26/04/06 15:41:21 INFO MemoryStore: Block broadcast_2_piece0 stored as bytes in memory (estimated size 35.2 KiB, free 433.9 MiB)
[2026-04-06T15:41:21.761+0000] {subprocess.py:93} INFO - 26/04/06 15:41:21 INFO BlockManagerInfo: Added broadcast_2_piece0 in memory on 7c36fe5f1e47:43513 (size: 35.2 KiB, free: 434.3 MiB)
[2026-04-06T15:41:21.762+0000] {subprocess.py:93} INFO - 26/04/06 15:41:21 INFO SparkContext: Created broadcast 2 from csv at NativeMethodAccessorImpl.java:0
[2026-04-06T15:41:21.762+0000] {subprocess.py:93} INFO - 26/04/06 15:41:21 INFO FileSourceScanExec: Planning scan with bin packing, max size: 4194304 bytes, open cost is considered as scanning 4194304 bytes.
[2026-04-06T15:41:21.810+0000] {subprocess.py:93} INFO - 26/04/06 15:41:21 INFO SparkContext: Starting job: csv at NativeMethodAccessorImpl.java:0
[2026-04-06T15:41:21.811+0000] {subprocess.py:93} INFO - 26/04/06 15:41:21 INFO DAGScheduler: Got job 1 (csv at NativeMethodAccessorImpl.java:0) with 1 output partitions
[2026-04-06T15:41:21.811+0000] {subprocess.py:93} INFO - 26/04/06 15:41:21 INFO DAGScheduler: Final stage: ResultStage 1 (csv at NativeMethodAccessorImpl.java:0)
[2026-04-06T15:41:21.812+0000] {subprocess.py:93} INFO - 26/04/06 15:41:21 INFO DAGScheduler: Parents of final stage: List()
[2026-04-06T15:41:21.812+0000] {subprocess.py:93} INFO - 26/04/06 15:41:21 INFO DAGScheduler: Missing parents: List()
[2026-04-06T15:41:21.812+0000] {subprocess.py:93} INFO - 26/04/06 15:41:21 INFO DAGScheduler: Submitting ResultStage 1 (MapPartitionsRDD[9] at csv at NativeMethodAccessorImpl.java:0), which has no missing parents
[2026-04-06T15:41:21.824+0000] {subprocess.py:93} INFO - 26/04/06 15:41:21 INFO MemoryStore: Block broadcast_3 stored as values in memory (estimated size 29.4 KiB, free 433.9 MiB)
[2026-04-06T15:41:21.829+0000] {subprocess.py:93} INFO - 26/04/06 15:41:21 INFO MemoryStore: Block broadcast_3_piece0 stored as bytes in memory (estimated size 13.2 KiB, free 433.9 MiB)
[2026-04-06T15:41:21.830+0000] {subprocess.py:93} INFO - 26/04/06 15:41:21 INFO BlockManagerInfo: Added broadcast_3_piece0 in memory on 7c36fe5f1e47:43513 (size: 13.2 KiB, free: 434.3 MiB)
[2026-04-06T15:41:21.830+0000] {subprocess.py:93} INFO - 26/04/06 15:41:21 INFO SparkContext: Created broadcast 3 from broadcast at DAGScheduler.scala:1611
[2026-04-06T15:41:21.830+0000] {subprocess.py:93} INFO - 26/04/06 15:41:21 INFO DAGScheduler: Submitting 1 missing tasks from ResultStage 1 (MapPartitionsRDD[9] at csv at NativeMethodAccessorImpl.java:0) (first 15 tasks are for partitions Vector(0))
[2026-04-06T15:41:21.831+0000] {subprocess.py:93} INFO - 26/04/06 15:41:21 INFO TaskSchedulerImpl: Adding task set 1.0 with 1 tasks resource profile 0
[2026-04-06T15:41:21.832+0000] {subprocess.py:93} INFO - 26/04/06 15:41:21 INFO TaskSetManager: Starting task 0.0 in stage 1.0 (TID 1) (172.18.0.5, executor 0, partition 0, PROCESS_LOCAL, 10344 bytes)
[2026-04-06T15:41:21.852+0000] {subprocess.py:93} INFO - 26/04/06 15:41:21 INFO BlockManagerInfo: Added broadcast_3_piece0 in memory on 172.18.0.5:39063 (size: 13.2 KiB, free: 434.4 MiB)
[2026-04-06T15:41:22.413+0000] {subprocess.py:93} INFO - 26/04/06 15:41:22 INFO BlockManagerInfo: Added broadcast_2_piece0 in memory on 172.18.0.5:39063 (size: 35.2 KiB, free: 434.3 MiB)
[2026-04-06T15:41:22.717+0000] {subprocess.py:93} INFO - 26/04/06 15:41:22 INFO TaskSetManager: Finished task 0.0 in stage 1.0 (TID 1) in 886 ms on 172.18.0.5 (executor 0) (1/1)
[2026-04-06T15:41:22.718+0000] {subprocess.py:93} INFO - 26/04/06 15:41:22 INFO TaskSchedulerImpl: Removed TaskSet 1.0, whose tasks have all completed, from pool
[2026-04-06T15:41:22.718+0000] {subprocess.py:93} INFO - 26/04/06 15:41:22 INFO DAGScheduler: ResultStage 1 (csv at NativeMethodAccessorImpl.java:0) finished in 0.905 s
[2026-04-06T15:41:22.718+0000] {subprocess.py:93} INFO - 26/04/06 15:41:22 INFO DAGScheduler: Job 1 is finished. Cancelling potential speculative or zombie tasks for this job
[2026-04-06T15:41:22.718+0000] {subprocess.py:93} INFO - 26/04/06 15:41:22 INFO TaskSchedulerImpl: Killing all running tasks in stage 1: Stage finished
[2026-04-06T15:41:22.719+0000] {subprocess.py:93} INFO - 26/04/06 15:41:22 INFO DAGScheduler: Job 1 finished: csv at NativeMethodAccessorImpl.java:0, took 0.908755 s
[2026-04-06T15:41:22.861+0000] {subprocess.py:93} INFO - 26/04/06 15:41:22 INFO FileSourceStrategy: Pushed Filters:
[2026-04-06T15:41:22.861+0000] {subprocess.py:93} INFO - 26/04/06 15:41:22 INFO FileSourceStrategy: Post-Scan Filters: isnotnull(trim(encounter_id#17, None))
[2026-04-06T15:41:22.959+0000] {subprocess.py:93} INFO - 26/04/06 15:41:22 INFO CodeGenerator: Code generated in 21.725132 ms
[2026-04-06T15:41:22.961+0000] {subprocess.py:93} INFO - 26/04/06 15:41:22 INFO MemoryStore: Block broadcast_4 stored as values in memory (estimated size 203.1 KiB, free 433.7 MiB)
[2026-04-06T15:41:22.969+0000] {subprocess.py:93} INFO - 26/04/06 15:41:22 INFO BlockManagerInfo: Removed broadcast_3_piece0 on 7c36fe5f1e47:43513 in memory (size: 13.2 KiB, free: 434.3 MiB)
[2026-04-06T15:41:22.971+0000] {subprocess.py:93} INFO - 26/04/06 15:41:22 INFO MemoryStore: Block broadcast_4_piece0 stored as bytes in memory (estimated size 35.2 KiB, free 433.7 MiB)
[2026-04-06T15:41:22.972+0000] {subprocess.py:93} INFO - 26/04/06 15:41:22 INFO BlockManagerInfo: Removed broadcast_3_piece0 on 172.18.0.5:39063 in memory (size: 13.2 KiB, free: 434.3 MiB)
[2026-04-06T15:41:22.973+0000] {subprocess.py:93} INFO - 26/04/06 15:41:22 INFO BlockManagerInfo: Added broadcast_4_piece0 in memory on 7c36fe5f1e47:43513 (size: 35.2 KiB, free: 434.3 MiB)
[2026-04-06T15:41:22.973+0000] {subprocess.py:93} INFO - 26/04/06 15:41:22 INFO SparkContext: Created broadcast 4 from parquet at NativeMethodAccessorImpl.java:0
[2026-04-06T15:41:22.977+0000] {subprocess.py:93} INFO - 26/04/06 15:41:22 INFO FileSourceScanExec: Planning scan with bin packing, max size: 4194304 bytes, open cost is considered as scanning 4194304 bytes.
[2026-04-06T15:41:22.994+0000] {subprocess.py:93} INFO - 26/04/06 15:41:22 INFO DAGScheduler: Registering RDD 14 (parquet at NativeMethodAccessorImpl.java:0) as input to shuffle 0
[2026-04-06T15:41:22.996+0000] {subprocess.py:93} INFO - 26/04/06 15:41:22 INFO DAGScheduler: Got map stage job 2 (parquet at NativeMethodAccessorImpl.java:0) with 1 output partitions
[2026-04-06T15:41:22.996+0000] {subprocess.py:93} INFO - 26/04/06 15:41:22 INFO DAGScheduler: Final stage: ShuffleMapStage 2 (parquet at NativeMethodAccessorImpl.java:0)
[2026-04-06T15:41:22.996+0000] {subprocess.py:93} INFO - 26/04/06 15:41:22 INFO DAGScheduler: Parents of final stage: List()
[2026-04-06T15:41:22.997+0000] {subprocess.py:93} INFO - 26/04/06 15:41:22 INFO DAGScheduler: Missing parents: List()
[2026-04-06T15:41:22.997+0000] {subprocess.py:93} INFO - 26/04/06 15:41:22 INFO DAGScheduler: Submitting ShuffleMapStage 2 (MapPartitionsRDD[14] at parquet at NativeMethodAccessorImpl.java:0), which has no missing parents
[2026-04-06T15:41:23.006+0000] {subprocess.py:93} INFO - 26/04/06 15:41:23 INFO MemoryStore: Block broadcast_5 stored as values in memory (estimated size 39.0 KiB, free 433.7 MiB)
[2026-04-06T15:41:23.010+0000] {subprocess.py:93} INFO - 26/04/06 15:41:23 INFO MemoryStore: Block broadcast_5_piece0 stored as bytes in memory (estimated size 17.6 KiB, free 433.6 MiB)
[2026-04-06T15:41:23.011+0000] {subprocess.py:93} INFO - 26/04/06 15:41:23 INFO BlockManagerInfo: Added broadcast_5_piece0 in memory on 7c36fe5f1e47:43513 (size: 17.6 KiB, free: 434.3 MiB)
[2026-04-06T15:41:23.012+0000] {subprocess.py:93} INFO - 26/04/06 15:41:23 INFO SparkContext: Created broadcast 5 from broadcast at DAGScheduler.scala:1611
[2026-04-06T15:41:23.013+0000] {subprocess.py:93} INFO - 26/04/06 15:41:23 INFO DAGScheduler: Submitting 1 missing tasks from ShuffleMapStage 2 (MapPartitionsRDD[14] at parquet at NativeMethodAccessorImpl.java:0) (first 15 tasks are for partitions Vector(0))
[2026-04-06T15:41:23.013+0000] {subprocess.py:93} INFO - 26/04/06 15:41:23 INFO TaskSchedulerImpl: Adding task set 2.0 with 1 tasks resource profile 0
[2026-04-06T15:41:23.014+0000] {subprocess.py:93} INFO - 26/04/06 15:41:23 INFO TaskSetManager: Starting task 0.0 in stage 2.0 (TID 2) (172.18.0.5, executor 0, partition 0, PROCESS_LOCAL, 10333 bytes)
[2026-04-06T15:41:23.026+0000] {subprocess.py:93} INFO - 26/04/06 15:41:23 INFO BlockManagerInfo: Removed broadcast_0_piece0 on 7c36fe5f1e47:43513 in memory (size: 35.2 KiB, free: 434.3 MiB)
[2026-04-06T15:41:23.029+0000] {subprocess.py:93} INFO - 26/04/06 15:41:23 INFO BlockManagerInfo: Removed broadcast_0_piece0 on 172.18.0.5:39063 in memory (size: 35.2 KiB, free: 434.4 MiB)
[2026-04-06T15:41:23.032+0000] {subprocess.py:93} INFO - 26/04/06 15:41:23 INFO BlockManagerInfo: Added broadcast_5_piece0 in memory on 172.18.0.5:39063 (size: 17.6 KiB, free: 434.3 MiB)
[2026-04-06T15:41:23.164+0000] {subprocess.py:93} INFO - 26/04/06 15:41:23 INFO BlockManagerInfo: Added broadcast_4_piece0 in memory on 172.18.0.5:39063 (size: 35.2 KiB, free: 434.3 MiB)
[2026-04-06T15:41:23.478+0000] {subprocess.py:93} INFO - 26/04/06 15:41:23 INFO TaskSetManager: Finished task 0.0 in stage 2.0 (TID 2) in 464 ms on 172.18.0.5 (executor 0) (1/1)
[2026-04-06T15:41:23.479+0000] {subprocess.py:93} INFO - 26/04/06 15:41:23 INFO TaskSchedulerImpl: Removed TaskSet 2.0, whose tasks have all completed, from pool
[2026-04-06T15:41:23.480+0000] {subprocess.py:93} INFO - 26/04/06 15:41:23 INFO DAGScheduler: ShuffleMapStage 2 (parquet at NativeMethodAccessorImpl.java:0) finished in 0.482 s
[2026-04-06T15:41:23.480+0000] {subprocess.py:93} INFO - 26/04/06 15:41:23 INFO DAGScheduler: looking for newly runnable stages
[2026-04-06T15:41:23.480+0000] {subprocess.py:93} INFO - 26/04/06 15:41:23 INFO DAGScheduler: running: Set()
[2026-04-06T15:41:23.481+0000] {subprocess.py:93} INFO - 26/04/06 15:41:23 INFO DAGScheduler: waiting: Set()
[2026-04-06T15:41:23.481+0000] {subprocess.py:93} INFO - 26/04/06 15:41:23 INFO DAGScheduler: failed: Set()
[2026-04-06T15:41:23.492+0000] {subprocess.py:93} INFO - 26/04/06 15:41:23 INFO ShufflePartitionsUtil: For shuffle(0), advisory target size: 67108864, actual target size 1048576, minimum partition size: 1048576
[2026-04-06T15:41:23.595+0000] {subprocess.py:93} INFO - 26/04/06 15:41:23 INFO ParquetUtils: Using default output committer for Parquet: org.apache.parquet.hadoop.ParquetOutputCommitter
[2026-04-06T15:41:23.609+0000] {subprocess.py:93} INFO - 26/04/06 15:41:23 INFO FileOutputCommitter: File Output Committer Algorithm version is 1
[2026-04-06T15:41:23.609+0000] {subprocess.py:93} INFO - 26/04/06 15:41:23 INFO FileOutputCommitter: FileOutputCommitter skip cleanup _temporary folders under output directory:false, ignore cleanup failures: false
[2026-04-06T15:41:23.610+0000] {subprocess.py:93} INFO - 26/04/06 15:41:23 INFO SQLHadoopMapReduceCommitProtocol: Using user defined output committer class org.apache.parquet.hadoop.ParquetOutputCommitter
[2026-04-06T15:41:23.610+0000] {subprocess.py:93} INFO - 26/04/06 15:41:23 INFO FileOutputCommitter: File Output Committer Algorithm version is 1
[2026-04-06T15:41:23.610+0000] {subprocess.py:93} INFO - 26/04/06 15:41:23 INFO FileOutputCommitter: FileOutputCommitter skip cleanup _temporary folders under output directory:false, ignore cleanup failures: false
[2026-04-06T15:41:23.611+0000] {subprocess.py:93} INFO - 26/04/06 15:41:23 INFO SQLHadoopMapReduceCommitProtocol: Using output committer class org.apache.parquet.hadoop.ParquetOutputCommitter
[2026-04-06T15:41:23.655+0000] {subprocess.py:93} INFO - 26/04/06 15:41:23 INFO CodeGenerator: Code generated in 8.153533 ms
[2026-04-06T15:41:23.665+0000] {subprocess.py:93} INFO - 26/04/06 15:41:23 INFO CodeGenerator: Code generated in 6.716259 ms
[2026-04-06T15:41:23.680+0000] {subprocess.py:93} INFO - 26/04/06 15:41:23 INFO SparkContext: Starting job: parquet at NativeMethodAccessorImpl.java:0
[2026-04-06T15:41:23.681+0000] {subprocess.py:93} INFO - 26/04/06 15:41:23 INFO DAGScheduler: Got job 3 (parquet at NativeMethodAccessorImpl.java:0) with 1 output partitions
[2026-04-06T15:41:23.681+0000] {subprocess.py:93} INFO - 26/04/06 15:41:23 INFO DAGScheduler: Final stage: ResultStage 4 (parquet at NativeMethodAccessorImpl.java:0)
[2026-04-06T15:41:23.682+0000] {subprocess.py:93} INFO - 26/04/06 15:41:23 INFO DAGScheduler: Parents of final stage: List(ShuffleMapStage 3)
[2026-04-06T15:41:23.682+0000] {subprocess.py:93} INFO - 26/04/06 15:41:23 INFO DAGScheduler: Missing parents: List()
[2026-04-06T15:41:23.682+0000] {subprocess.py:93} INFO - 26/04/06 15:41:23 INFO DAGScheduler: Submitting ResultStage 4 (MapPartitionsRDD[19] at parquet at NativeMethodAccessorImpl.java:0), which has no missing parents
[2026-04-06T15:41:23.704+0000] {subprocess.py:93} INFO - 26/04/06 15:41:23 INFO MemoryStore: Block broadcast_6 stored as values in memory (estimated size 255.6 KiB, free 433.6 MiB)
[2026-04-06T15:41:23.710+0000] {subprocess.py:93} INFO - 26/04/06 15:41:23 INFO MemoryStore: Block broadcast_6_piece0 stored as bytes in memory (estimated size 93.7 KiB, free 433.5 MiB)
[2026-04-06T15:41:23.711+0000] {subprocess.py:93} INFO - 26/04/06 15:41:23 INFO BlockManagerInfo: Added broadcast_6_piece0 in memory on 7c36fe5f1e47:43513 (size: 93.7 KiB, free: 434.2 MiB)
[2026-04-06T15:41:23.712+0000] {subprocess.py:93} INFO - 26/04/06 15:41:23 INFO BlockManagerInfo: Removed broadcast_2_piece0 on 7c36fe5f1e47:43513 in memory (size: 35.2 KiB, free: 434.3 MiB)
[2026-04-06T15:41:23.712+0000] {subprocess.py:93} INFO - 26/04/06 15:41:23 INFO SparkContext: Created broadcast 6 from broadcast at DAGScheduler.scala:1611
[2026-04-06T15:41:23.712+0000] {subprocess.py:93} INFO - 26/04/06 15:41:23 INFO DAGScheduler: Submitting 1 missing tasks from ResultStage 4 (MapPartitionsRDD[19] at parquet at NativeMethodAccessorImpl.java:0) (first 15 tasks are for partitions Vector(0))
[2026-04-06T15:41:23.713+0000] {subprocess.py:93} INFO - 26/04/06 15:41:23 INFO TaskSchedulerImpl: Adding task set 4.0 with 1 tasks resource profile 0
[2026-04-06T15:41:23.713+0000] {subprocess.py:93} INFO - 26/04/06 15:41:23 INFO BlockManagerInfo: Removed broadcast_2_piece0 on 172.18.0.5:39063 in memory (size: 35.2 KiB, free: 434.3 MiB)
[2026-04-06T15:41:23.717+0000] {subprocess.py:93} INFO - 26/04/06 15:41:23 INFO TaskSetManager: Starting task 0.0 in stage 4.0 (TID 3) (172.18.0.5, executor 0, partition 0, NODE_LOCAL, 9733 bytes)
[2026-04-06T15:41:23.719+0000] {subprocess.py:93} INFO - 26/04/06 15:41:23 INFO BlockManagerInfo: Removed broadcast_5_piece0 on 7c36fe5f1e47:43513 in memory (size: 17.6 KiB, free: 434.3 MiB)
[2026-04-06T15:41:23.722+0000] {subprocess.py:93} INFO - 26/04/06 15:41:23 INFO BlockManagerInfo: Removed broadcast_5_piece0 on 172.18.0.5:39063 in memory (size: 17.6 KiB, free: 434.4 MiB)
[2026-04-06T15:41:23.732+0000] {subprocess.py:93} INFO - 26/04/06 15:41:23 INFO BlockManagerInfo: Added broadcast_6_piece0 in memory on 172.18.0.5:39063 (size: 93.7 KiB, free: 434.3 MiB)
[2026-04-06T15:41:23.776+0000] {subprocess.py:93} INFO - 26/04/06 15:41:23 INFO MapOutputTrackerMasterEndpoint: Asked to send map output locations for shuffle 0 to 172.18.0.5:58766
[2026-04-06T15:41:24.450+0000] {subprocess.py:93} INFO - 26/04/06 15:41:24 INFO TaskSetManager: Finished task 0.0 in stage 4.0 (TID 3) in 735 ms on 172.18.0.5 (executor 0) (1/1)
[2026-04-06T15:41:24.451+0000] {subprocess.py:93} INFO - 26/04/06 15:41:24 INFO TaskSchedulerImpl: Removed TaskSet 4.0, whose tasks have all completed, from pool
[2026-04-06T15:41:24.451+0000] {subprocess.py:93} INFO - 26/04/06 15:41:24 INFO DAGScheduler: ResultStage 4 (parquet at NativeMethodAccessorImpl.java:0) finished in 0.761 s
[2026-04-06T15:41:24.453+0000] {subprocess.py:93} INFO - 26/04/06 15:41:24 INFO DAGScheduler: Job 3 is finished. Cancelling potential speculative or zombie tasks for this job
[2026-04-06T15:41:24.453+0000] {subprocess.py:93} INFO - 26/04/06 15:41:24 INFO TaskSchedulerImpl: Killing all running tasks in stage 4: Stage finished
[2026-04-06T15:41:24.453+0000] {subprocess.py:93} INFO - 26/04/06 15:41:24 INFO DAGScheduler: Job 3 finished: parquet at NativeMethodAccessorImpl.java:0, took 0.771943 s
[2026-04-06T15:41:24.453+0000] {subprocess.py:93} INFO - 26/04/06 15:41:24 INFO FileFormatWriter: Start to commit write Job 10dc9fc9-08f2-46af-a03b-441ca391c52a.
[2026-04-06T15:41:24.559+0000] {subprocess.py:93} INFO - 26/04/06 15:41:24 INFO FileFormatWriter: Write Job 10dc9fc9-08f2-46af-a03b-441ca391c52a committed. Elapsed time: 105 ms.
[2026-04-06T15:41:24.561+0000] {subprocess.py:93} INFO - 26/04/06 15:41:24 INFO FileFormatWriter: Finished processing stats for write job 10dc9fc9-08f2-46af-a03b-441ca391c52a.
[2026-04-06T15:41:24.562+0000] {subprocess.py:93} INFO - Encounters Bronze -> Silver completed successfully.
[2026-04-06T15:41:24.563+0000] {subprocess.py:93} INFO - 26/04/06 15:41:24 INFO SparkContext: SparkContext is stopping with exitCode 0.
[2026-04-06T15:41:24.569+0000] {subprocess.py:93} INFO - 26/04/06 15:41:24 INFO SparkUI: Stopped Spark web UI at http://7c36fe5f1e47:4040
[2026-04-06T15:41:24.570+0000] {subprocess.py:93} INFO - 26/04/06 15:41:24 INFO StandaloneSchedulerBackend: Shutting down all executors
[2026-04-06T15:41:24.571+0000] {subprocess.py:93} INFO - 26/04/06 15:41:24 INFO StandaloneSchedulerBackend$StandaloneDriverEndpoint: Asking each executor to shut down
[2026-04-06T15:41:24.578+0000] {subprocess.py:93} INFO - 26/04/06 15:41:24 INFO MapOutputTrackerMasterEndpoint: MapOutputTrackerMasterEndpoint stopped!
[2026-04-06T15:41:24.591+0000] {subprocess.py:93} INFO - 26/04/06 15:41:24 INFO MemoryStore: MemoryStore cleared
[2026-04-06T15:41:24.591+0000] {subprocess.py:93} INFO - 26/04/06 15:41:24 INFO BlockManager: BlockManager stopped
[2026-04-06T15:41:24.594+0000] {subprocess.py:93} INFO - 26/04/06 15:41:24 INFO BlockManagerMaster: BlockManagerMaster stopped
[2026-04-06T15:41:24.595+0000] {subprocess.py:93} INFO - 26/04/06 15:41:24 INFO OutputCommitCoordinator$OutputCommitCoordinatorEndpoint: OutputCommitCoordinator stopped!
[2026-04-06T15:41:24.674+0000] {subprocess.py:93} INFO - 26/04/06 15:41:24 INFO SparkContext: Successfully stopped SparkContext
[2026-04-06T15:41:24.932+0000] {subprocess.py:93} INFO - 26/04/06 15:41:24 INFO ShutdownHookManager: Shutdown hook called
[2026-04-06T15:41:24.933+0000] {subprocess.py:93} INFO - 26/04/06 15:41:24 INFO ShutdownHookManager: Deleting directory /tmp/spark-45693a42-dcdd-4741-9be3-3e1abcfe7003/pyspark-6aca351f-6cfd-43ab-b888-d7522ccf2fab
[2026-04-06T15:41:24.937+0000] {subprocess.py:93} INFO - 26/04/06 15:41:24 INFO ShutdownHookManager: Deleting directory /tmp/spark-ecb5d25e-e57a-4848-a1f8-27e25f13b315
[2026-04-06T15:41:24.942+0000] {subprocess.py:93} INFO - 26/04/06 15:41:24 INFO ShutdownHookManager: Deleting directory /tmp/spark-45693a42-dcdd-4741-9be3-3e1abcfe7003
[2026-04-06T15:41:24.949+0000] {subprocess.py:93} INFO - 26/04/06 15:41:24 INFO MetricsSystemImpl: Stopping s3a-file-system metrics system...
[2026-04-06T15:41:24.950+0000] {subprocess.py:93} INFO - 26/04/06 15:41:24 INFO MetricsSystemImpl: s3a-file-system metrics system stopped.
[2026-04-06T15:41:24.950+0000] {subprocess.py:93} INFO - 26/04/06 15:41:24 INFO MetricsSystemImpl: s3a-file-system metrics system shutdown complete.
[2026-04-06T15:41:25.028+0000] {subprocess.py:97} INFO - Command exited with return code 0
[2026-04-06T15:41:25.049+0000] {taskinstance.py:1149} INFO - Marking task as SUCCESS. dag_id=bronze_to_silver_and_gold, task_id=run_encounters_silver, execution_date=20260406T154104, start_date=20260406T154104, end_date=20260406T154125
[2026-04-06T15:41:25.065+0000] {local_task_job_runner.py:234} INFO - Task exited with return code 0
[2026-04-06T15:41:25.081+0000] {taskinstance.py:3312} INFO - 0 downstream tasks scheduled from follow-on schedule check
