[0m20:04:58.516759 [debug] [MainThread]: Sending event: {'category': 'dbt', 'action': 'invocation', 'label': 'start', 'context': [<snowplow_tracker.self_describing_json.SelfDescribingJson object at 0x0000025E007BD7F0>, <snowplow_tracker.self_describing_json.SelfDescribingJson object at 0x0000025E7E220050>, <snowplow_tracker.self_describing_json.SelfDescribingJson object at 0x0000025E0295BB10>]}


============================== 20:04:58.530761 | 0c59fdce-330d-474f-9453-2f687e2e1229 ==============================
[0m20:04:58.530761 [info ] [MainThread]: Running with dbt=1.11.7
[0m20:04:58.531286 [debug] [MainThread]: running dbt with arguments {'static_parser': 'True', 'no_print': 'None', 'version_check': 'True', 'target_path': 'None', 'warn_error_options': 'WarnErrorOptionsV2(error=[], warn=[], silence=[])', 'printer_width': '80', 'write_json': 'True', 'introspect': 'True', 'log_cache_events': 'False', 'empty': 'None', 'cache_selected_only': 'False', 'fail_fast': 'False', 'debug': 'False', 'log_format': 'default', 'profiles_dir': 'C:\\Users\\SOFTOTIC\\.dbt', 'send_anonymous_usage_stats': 'True', 'quiet': 'False', 'warn_error': 'None', 'partial_parse': 'True', 'indirect_selection': 'eager', 'invocation_command': 'dbt init healthcare_dbt', 'use_colors': 'True', 'use_experimental_parser': 'False', 'log_path': 'logs'}
[0m20:04:58.541378 [info ] [MainThread]: Creating dbt configuration folder at C:\Users\SOFTOTIC\.dbt
[0m20:04:58.542659 [debug] [MainThread]: Starter project path: C:\Users\SOFTOTIC\Desktop\HealthcareGithubProject\.venv\Lib\site-packages\dbt\include\starter_project
[0m20:04:58.550515 [info ] [MainThread]: 
Your new dbt project "healthcare_dbt" was created!

For more information on how to configure the profiles.yml file,
please consult the dbt documentation here:

  https://docs.getdbt.com/docs/configure-your-profile

One more thing:

Need help? Don't hesitate to reach out to us via GitHub issues or on Slack:

  https://community.getdbt.com/

Happy modeling!

[0m20:04:58.550921 [info ] [MainThread]: Setting up your profile.
[0m20:06:36.117162 [info ] [MainThread]: Profile healthcare_dbt written to C:\Users\SOFTOTIC\.dbt\profiles.yml using target's profile_template.yml and your supplied values. Run 'dbt debug' to validate the connection.
[0m20:06:36.117896 [debug] [MainThread]: Command `dbt init` succeeded at 20:06:36.117810 after 97.70 seconds
[0m20:06:36.118130 [debug] [MainThread]: Sending event: {'category': 'dbt', 'action': 'invocation', 'label': 'end', 'context': [<snowplow_tracker.self_describing_json.SelfDescribingJson object at 0x0000025E02B4C510>, <snowplow_tracker.self_describing_json.SelfDescribingJson object at 0x0000025E02B29490>, <snowplow_tracker.self_describing_json.SelfDescribingJson object at 0x0000025E028A5D00>]}
[0m20:06:36.118380 [debug] [MainThread]: Flushing usage events
[0m20:06:38.596108 [debug] [MainThread]: An error was encountered while trying to flush usage events
[0m20:27:41.388025 [debug] [MainThread]: Sending event: {'category': 'dbt', 'action': 'invocation', 'label': 'start', 'context': [<snowplow_tracker.self_describing_json.SelfDescribingJson object at 0x00000254565C4D70>, <snowplow_tracker.self_describing_json.SelfDescribingJson object at 0x0000025454054050>, <snowplow_tracker.self_describing_json.SelfDescribingJson object at 0x00000254586E7D90>]}


============================== 20:27:41.390794 | 4d0aa9eb-03ba-4617-a764-c33e2772ada4 ==============================
[0m20:27:41.390794 [info ] [MainThread]: Running with dbt=1.11.7
[0m20:27:41.391235 [debug] [MainThread]: running dbt with arguments {'version_check': 'True', 'no_print': 'None', 'static_parser': 'True', 'warn_error_options': 'WarnErrorOptionsV2(error=[], warn=[], silence=[])', 'target_path': 'None', 'printer_width': '80', 'write_json': 'True', 'introspect': 'True', 'log_cache_events': 'False', 'empty': 'None', 'cache_selected_only': 'False', 'fail_fast': 'False', 'debug': 'False', 'log_format': 'default', 'partial_parse': 'True', 'send_anonymous_usage_stats': 'True', 'quiet': 'False', 'warn_error': 'None', 'profiles_dir': 'C:\\Users\\SOFTOTIC\\.dbt', 'use_colors': 'True', 'indirect_selection': 'eager', 'invocation_command': 'dbt debug', 'use_experimental_parser': 'False', 'log_path': 'logs'}
[0m20:27:41.399395 [info ] [MainThread]: dbt version: 1.11.7
[0m20:27:41.399728 [info ] [MainThread]: python version: 3.13.0
[0m20:27:41.400036 [info ] [MainThread]: python path: C:\Users\SOFTOTIC\Desktop\HealthcareGithubProject\.venv\Scripts\python.exe
[0m20:27:41.400377 [info ] [MainThread]: os info: Windows-11-10.0.26200-SP0
[0m20:27:41.428073 [info ] [MainThread]: Using profiles dir at C:\Users\SOFTOTIC\.dbt
[0m20:27:41.428450 [info ] [MainThread]: Using profiles.yml file at C:\Users\SOFTOTIC\.dbt\profiles.yml
[0m20:27:41.428716 [info ] [MainThread]: Using dbt_project.yml file at C:\Users\SOFTOTIC\Desktop\HealthcareGithubProject\dbt\healthcare_dbt\dbt_project.yml
[0m20:27:41.429319 [info ] [MainThread]: adapter type: postgres
[0m20:27:41.429607 [info ] [MainThread]: adapter version: 1.10.0
[0m20:27:41.429869 [info ] [MainThread]: Configuration:
[0m20:27:41.430091 [info ] [MainThread]:   profiles.yml file [[32mOK found and valid[0m]
[0m20:27:41.430298 [info ] [MainThread]:   dbt_project.yml file [[31mERROR not found[0m]
[0m20:27:41.430502 [info ] [MainThread]: Required dependencies:
[0m20:27:41.430706 [debug] [MainThread]: Executing "git --help"
[0m20:27:41.453645 [debug] [MainThread]: STDOUT: "b"usage: git [-v | --version] [-h | --help] [-C <path>] [-c <name>=<value>]\n           [--exec-path[=<path>]] [--html-path] [--man-path] [--info-path]\n           [-p | --paginate | -P | --no-pager] [--no-replace-objects] [--no-lazy-fetch]\n           [--no-optional-locks] [--no-advice] [--bare] [--git-dir=<path>]\n           [--work-tree=<path>] [--namespace=<name>] [--config-env=<name>=<envvar>]\n           <command> [<args>]\n\nThese are common Git commands used in various situations:\n\nstart a working area (see also: git help tutorial)\n   clone      Clone a repository into a new directory\n   init       Create an empty Git repository or reinitialize an existing one\n\nwork on the current change (see also: git help everyday)\n   add        Add file contents to the index\n   mv         Move or rename a file, a directory, or a symlink\n   restore    Restore working tree files\n   rm         Remove files from the working tree and from the index\n\nexamine the history and state (see also: git help revisions)\n   bisect     Use binary search to find the commit that introduced a bug\n   diff       Show changes between commits, commit and working tree, etc\n   grep       Print lines matching a pattern\n   log        Show commit logs\n   show       Show various types of objects\n   status     Show the working tree status\n\ngrow, mark and tweak your common history\n   backfill   Download missing objects in a partial clone\n   branch     List, create, or delete branches\n   commit     Record changes to the repository\n   merge      Join two or more development histories together\n   rebase     Reapply commits on top of another base tip\n   reset      Reset current HEAD to the specified state\n   switch     Switch branches\n   tag        Create, list, delete or verify a tag object signed with GPG\n\ncollaborate (see also: git help workflows)\n   fetch      Download objects and refs from another repository\n   pull       Fetch from and integrate with another repository or a local branch\n   push       Update remote refs along with associated objects\n\n'git help -a' and 'git help -g' list available subcommands and some\nconcept guides. See 'git help <command>' or 'git help <concept>'\nto read about a specific subcommand or concept.\nSee 'git help git' for an overview of the system.\n""
[0m20:27:41.453977 [debug] [MainThread]: STDERR: "b''"
[0m20:27:41.454224 [info ] [MainThread]:  - git [[32mOK found[0m]

[0m20:27:41.454485 [info ] [MainThread]: Connection:
[0m20:27:41.454791 [info ] [MainThread]:   host: localhost
[0m20:27:41.455078 [info ] [MainThread]:   port: 5432
[0m20:27:41.455309 [info ] [MainThread]:   user: healthcare
[0m20:27:41.455493 [info ] [MainThread]:   database: healthcare_dw
[0m20:27:41.455696 [info ] [MainThread]:   schema: analytics
[0m20:27:41.455893 [info ] [MainThread]:   connect_timeout: 10
[0m20:27:41.456139 [info ] [MainThread]:   role: None
[0m20:27:41.456415 [info ] [MainThread]:   search_path: None
[0m20:27:41.456666 [info ] [MainThread]:   keepalives_idle: 0
[0m20:27:41.456864 [info ] [MainThread]:   sslmode: None
[0m20:27:41.457038 [info ] [MainThread]:   sslcert: None
[0m20:27:41.457206 [info ] [MainThread]:   sslkey: None
[0m20:27:41.457369 [info ] [MainThread]:   sslrootcert: None
[0m20:27:41.457551 [info ] [MainThread]:   application_name: dbt
[0m20:27:41.457714 [info ] [MainThread]:   retries: 1
[0m20:27:41.458011 [info ] [MainThread]: Registered adapter: postgres=1.10.0
[0m20:27:41.589351 [debug] [MainThread]: Acquiring new postgres connection 'debug'
[0m20:27:41.661193 [debug] [MainThread]: Using postgres connection "debug"
[0m20:27:41.661474 [debug] [MainThread]: On debug: select 1 as id
[0m20:27:41.661638 [debug] [MainThread]: Opening a new connection, currently in state init
[0m20:27:41.683369 [debug] [MainThread]: Postgres adapter: Got a retryable error when attempting to open a postgres connection.
1 attempts remaining. Retrying in 0 seconds.
Error:
connection to server at "localhost" (::1), port 5432 failed: FATAL:  password authentication failed for user "healthcare"

[0m20:27:41.700619 [debug] [MainThread]: Postgres adapter: Error running SQL: select 1 as id
[0m20:27:41.700929 [debug] [MainThread]: Postgres adapter: Rolling back transaction.
[0m20:27:41.701145 [debug] [MainThread]: On debug: No close available on handle
[0m20:27:41.701346 [info ] [MainThread]:   Connection test: [[31mERROR[0m]

[0m20:27:41.701689 [info ] [MainThread]: [31m2 checks failed:[0m
[0m20:27:41.701952 [info ] [MainThread]: Project loading failed for the following reason:
 project path <C:\Users\SOFTOTIC\Desktop\HealthcareGithubProject\dbt\healthcare_dbt\dbt_project.yml> not found

[0m20:27:41.702228 [info ] [MainThread]: dbt was unable to connect to the specified database.
The database returned the following error:

  >Database Error
  connection to server at "localhost" (::1), port 5432 failed: FATAL:  password authentication failed for user "healthcare"
  

Check your database credentials and try again. For more information, visit:
https://docs.getdbt.com/docs/configure-your-profile


[0m20:27:41.702770 [debug] [MainThread]: Command `dbt debug` failed at 20:27:41.702687 after 0.39 seconds
[0m20:27:41.702989 [debug] [MainThread]: Connection 'debug' was properly closed.
[0m20:27:41.703206 [debug] [MainThread]: Sending event: {'category': 'dbt', 'action': 'invocation', 'label': 'end', 'context': [<snowplow_tracker.self_describing_json.SelfDescribingJson object at 0x0000025458996C40>, <snowplow_tracker.self_describing_json.SelfDescribingJson object at 0x0000025458ACC4D0>, <snowplow_tracker.self_describing_json.SelfDescribingJson object at 0x00000254589188D0>]}
[0m20:27:41.703475 [debug] [MainThread]: Flushing usage events
[0m20:27:44.356383 [debug] [MainThread]: An error was encountered while trying to flush usage events
